2025-05-07 16:36:58.286 [info] [main] Log level: Info
2025-05-07 16:36:58.286 [info] [main] Validating found git in: "git"
2025-05-07 16:36:58.286 [info] [main] Using git "2.43.0" from "git"
2025-05-07 16:36:58.286 [info] [Model][doInitialScan] Initial repository scan started
2025-05-07 16:36:58.286 [info] > git rev-parse --show-toplevel [5ms]
2025-05-07 16:36:58.286 [info] > git rev-parse --path-format=relative --show-toplevel [3ms]
2025-05-07 16:36:58.286 [info] > git rev-parse --show-toplevel [4ms]
2025-05-07 16:36:58.286 [info] > git rev-parse --path-format=relative --show-toplevel [2ms]
2025-05-07 16:36:58.286 [info] > git rev-parse --git-dir --git-common-dir [3ms]
2025-05-07 16:36:58.286 [info] [Model][openRepository] Opened repository: /home/hwlee4/ICS45C/HW4
2025-05-07 16:36:58.286 [info] > git config --get commit.template [3ms]
2025-05-07 16:36:58.286 [info] > git rev-parse --show-toplevel [5ms]
2025-05-07 16:36:58.286 [info] > git rev-parse --path-format=relative --show-toplevel [2ms]
2025-05-07 16:36:58.286 [info] > git for-each-ref --format=%(refname)%00%(upstream:short)%00%(objectname)%00%(upstream:track)%00%(upstream:remotename)%00%(upstream:remoteref) refs/heads/main refs/remotes/main [11ms]
2025-05-07 16:36:58.286 [info] > git rev-parse --show-toplevel [9ms]
2025-05-07 16:36:58.286 [info] > git rev-parse --path-format=relative --show-toplevel [3ms]
2025-05-07 16:36:58.286 [info] > git for-each-ref --sort -committerdate --format %(refname) %(objectname) %(*objectname) [9ms]
2025-05-07 16:36:58.286 [info] > git rev-parse --git-dir --git-common-dir [3ms]
2025-05-07 16:36:58.286 [info] [Model][openRepository] Opened repository: /home/hwlee4/ICS45C/HW0
2025-05-07 16:36:58.286 [info] > git status -z -uall [30ms]
2025-05-07 16:36:58.286 [info] > git rev-parse --show-toplevel [21ms]
2025-05-07 16:36:58.286 [info] > git config --get commit.template [26ms]
2025-05-07 16:36:58.286 [info] > git config --get commit.template [7ms]
2025-05-07 16:36:58.286 [info] > git for-each-ref --format=%(refname)%00%(upstream:short)%00%(objectname)%00%(upstream:track)%00%(upstream:remotename)%00%(upstream:remoteref) refs/heads/main refs/remotes/main [13ms]
2025-05-07 16:36:58.286 [info] > git rev-parse --path-format=relative --show-toplevel [14ms]
2025-05-07 16:36:58.286 [info] > git config --local branch.main.vscode-merge-base [15ms]
2025-05-07 16:36:58.286 [info] > git rev-parse --git-dir --git-common-dir [4ms]
2025-05-07 16:36:58.286 [info] [Model][openRepository] Opened repository: /home/hwlee4/ICS45C/HW1
2025-05-07 16:36:58.286 [info] > git for-each-ref --format=%(refname)%00%(upstream:short)%00%(objectname)%00%(upstream:track)%00%(upstream:remotename)%00%(upstream:remoteref) refs/heads/main refs/remotes/main [21ms]
2025-05-07 16:36:58.286 [info] > git for-each-ref --format=%(refname)%00%(upstream:short)%00%(objectname)%00%(upstream:track)%00%(upstream:remotename)%00%(upstream:remoteref) refs/heads/origin/main refs/remotes/origin/main [13ms]
2025-05-07 16:36:58.286 [info] > git for-each-ref --format=%(refname)%00%(upstream:short)%00%(objectname)%00%(upstream:track)%00%(upstream:remotename)%00%(upstream:remoteref) refs/heads/main refs/remotes/main [36ms]
2025-05-07 16:36:58.286 [info] > git merge-base refs/heads/main refs/remotes/origin/main [14ms]
2025-05-07 16:36:58.286 [info] > git rev-parse --show-toplevel [21ms]
2025-05-07 16:36:58.286 [info] > git config --get commit.template [27ms]
2025-05-07 16:36:58.286 [info] > git rev-parse --path-format=relative --show-toplevel [9ms]
2025-05-07 16:36:58.286 [info] > git diff --name-status -z --diff-filter=ADMR 941598b477db37f454b7d999bb01a8a980ee618a...refs/remotes/origin/main [21ms]
2025-05-07 16:36:58.286 [info] > git for-each-ref --sort -committerdate --format %(refname) %(objectname) %(*objectname) [12ms]
2025-05-07 16:36:58.286 [info] > git for-each-ref --format=%(refname)%00%(upstream:short)%00%(objectname)%00%(upstream:track)%00%(upstream:remotename)%00%(upstream:remoteref) refs/heads/main refs/remotes/main [17ms]
2025-05-07 16:36:58.286 [info] > git rev-parse --git-dir --git-common-dir [3ms]
2025-05-07 16:36:58.286 [info] [Model][openRepository] Opened repository: /home/hwlee4/ICS45C/HW2
2025-05-07 16:36:58.286 [info] > git status -z -uall [27ms]
2025-05-07 16:36:58.286 [info] > git status -z -uall [20ms]
2025-05-07 16:36:58.286 [info] > git for-each-ref --sort -committerdate --format %(refname) %(objectname) %(*objectname) [17ms]
2025-05-07 16:36:58.286 [info] > git rev-parse --show-toplevel [15ms]
2025-05-07 16:36:58.286 [info] > git config --get commit.template [21ms]
2025-05-07 16:36:58.286 [info] > git config --get commit.template [5ms]
2025-05-07 16:36:58.286 [info] > git for-each-ref --format=%(refname)%00%(upstream:short)%00%(objectname)%00%(upstream:track)%00%(upstream:remotename)%00%(upstream:remoteref) refs/heads/main refs/remotes/main [9ms]
2025-05-07 16:36:58.286 [info] > git rev-parse --path-format=relative --show-toplevel [12ms]
2025-05-07 16:36:58.286 [info] > git config --local branch.main.vscode-merge-base [15ms]
2025-05-07 16:36:58.286 [info] > git rev-parse --git-dir --git-common-dir [6ms]
2025-05-07 16:36:58.286 [info] [Model][openRepository] Opened repository: /home/hwlee4/ICS45C/HW3
2025-05-07 16:36:58.286 [info] [Model][doInitialScan] Initial repository scan completed - repositories (5), closed repositories (0), parent repositories (1), unsafe repositories (0)
2025-05-07 16:36:58.286 [info] > git for-each-ref --format=%(refname)%00%(upstream:short)%00%(objectname)%00%(upstream:track)%00%(upstream:remotename)%00%(upstream:remoteref) refs/heads/main refs/remotes/main [18ms]
2025-05-07 16:36:58.286 [info] > git for-each-ref --format=%(refname)%00%(upstream:short)%00%(objectname)%00%(upstream:track)%00%(upstream:remotename)%00%(upstream:remoteref) refs/heads/main refs/remotes/main [21ms]
2025-05-07 16:36:58.286 [info] > git for-each-ref --sort -committerdate --format %(refname) %(objectname) %(*objectname) [24ms]
2025-05-07 16:36:58.286 [info] > git status -z -uall [31ms]
2025-05-07 16:36:58.286 [info] > git for-each-ref --format=%(refname)%00%(upstream:short)%00%(objectname)%00%(upstream:track)%00%(upstream:remotename)%00%(upstream:remoteref) refs/heads/origin/main refs/remotes/origin/main [16ms]
2025-05-07 16:36:58.286 [info] > git merge-base refs/heads/main refs/remotes/origin/main [12ms]
2025-05-07 16:36:58.286 [info] > git config --get commit.template [18ms]
2025-05-07 16:36:58.286 [info] > git config --get commit.template [7ms]
2025-05-07 16:36:58.286 [info] > git for-each-ref --format=%(refname)%00%(upstream:short)%00%(objectname)%00%(upstream:track)%00%(upstream:remotename)%00%(upstream:remoteref) refs/heads/main refs/remotes/main [11ms]
2025-05-07 16:36:58.286 [info] > git diff --name-status -z --diff-filter=ADMR 2de1186af8d356e9b3e6443d56764a6c359645dc...refs/remotes/origin/main [20ms]
2025-05-07 16:36:58.286 [info] > git for-each-ref --format=%(refname)%00%(upstream:short)%00%(objectname)%00%(upstream:track)%00%(upstream:remotename)%00%(upstream:remoteref) refs/heads/main refs/remotes/main [16ms]
2025-05-07 16:36:58.286 [info] > git config --local branch.main.vscode-merge-base [19ms]
2025-05-07 16:36:58.287 [info] > git status -z -uall [21ms]
2025-05-07 16:36:58.287 [info] > git for-each-ref --sort -committerdate --format %(refname) %(objectname) %(*objectname) [13ms]
2025-05-07 16:36:58.287 [info] > git for-each-ref --sort -committerdate --format %(refname) %(objectname) %(*objectname) [19ms]
2025-05-07 16:36:58.291 [info] > git status -z -uall [20ms]
2025-05-07 16:36:58.299 [info] > git for-each-ref --format=%(refname)%00%(upstream:short)%00%(objectname)%00%(upstream:track)%00%(upstream:remotename)%00%(upstream:remoteref) refs/heads/origin/main refs/remotes/origin/main [17ms]
2025-05-07 16:36:58.302 [info] > git for-each-ref --format=%(refname)%00%(upstream:short)%00%(objectname)%00%(upstream:track)%00%(upstream:remotename)%00%(upstream:remoteref) refs/heads/main refs/remotes/main [24ms]
2025-05-07 16:36:58.313 [info] > git config --get commit.template [7ms]
2025-05-07 16:36:58.313 [info] > git merge-base refs/heads/main refs/remotes/origin/main [11ms]
2025-05-07 16:36:58.316 [info] > git for-each-ref --format=%(refname)%00%(upstream:short)%00%(objectname)%00%(upstream:track)%00%(upstream:remotename)%00%(upstream:remoteref) refs/heads/main refs/remotes/main [19ms]
2025-05-07 16:36:58.365 [info] > git status -z -uall [57ms]
2025-05-07 16:36:58.365 [info] > git diff --name-status -z --diff-filter=ADMR 1d941fbc59bc10f4d013441e18a8b73cc72449ad...refs/remotes/origin/main [49ms]
2025-05-07 16:36:58.365 [info] > git config --local branch.main.vscode-merge-base [47ms]
2025-05-07 16:36:58.369 [info] > git for-each-ref --sort -committerdate --format %(refname) %(objectname) %(*objectname) [57ms]
2025-05-07 16:36:58.384 [info] > git status -z -uall [24ms]
2025-05-07 16:36:58.385 [info] > git for-each-ref --format=%(refname)%00%(upstream:short)%00%(objectname)%00%(upstream:track)%00%(upstream:remotename)%00%(upstream:remoteref) refs/heads/origin/main refs/remotes/origin/main [17ms]
2025-05-07 16:36:58.389 [info] > git for-each-ref --sort -committerdate --format %(refname) %(objectname) %(*objectname) [26ms]
2025-05-07 16:36:58.392 [info] > git for-each-ref --format=%(refname)%00%(upstream:short)%00%(objectname)%00%(upstream:track)%00%(upstream:remotename)%00%(upstream:remoteref) refs/heads/main refs/remotes/main [35ms]
2025-05-07 16:36:58.393 [info] > git config --get commit.template [10ms]
2025-05-07 16:36:58.393 [info] > git for-each-ref --format=%(refname)%00%(upstream:short)%00%(objectname)%00%(upstream:track)%00%(upstream:remotename)%00%(upstream:remoteref) refs/heads/main refs/remotes/main [15ms]
2025-05-07 16:36:58.397 [info] > git merge-base refs/heads/main refs/remotes/origin/main [8ms]
2025-05-07 16:36:58.404 [info] > git config --local branch.main.vscode-merge-base [8ms]
2025-05-07 16:36:58.407 [info] > git diff --name-status -z --diff-filter=ADMR 6e366bc68f599c93d5b2306a1622b19a83ab6690...refs/remotes/origin/main [8ms]
2025-05-07 16:36:58.414 [info] > git for-each-ref --format=%(refname)%00%(upstream:short)%00%(objectname)%00%(upstream:track)%00%(upstream:remotename)%00%(upstream:remoteref) refs/heads/origin/main refs/remotes/origin/main [7ms]
2025-05-07 16:36:58.418 [info] > git for-each-ref --format=%(refname)%00%(upstream:short)%00%(objectname)%00%(upstream:track)%00%(upstream:remotename)%00%(upstream:remoteref) refs/heads/main refs/remotes/main [15ms]
2025-05-07 16:36:58.425 [info] > git status -z -uall [15ms]
2025-05-07 16:36:58.425 [info] > git merge-base refs/heads/main refs/remotes/origin/main [8ms]
2025-05-07 16:36:58.429 [info] > git for-each-ref --sort -committerdate --format %(refname) %(objectname) %(*objectname) [16ms]
2025-05-07 16:36:58.439 [info] > git diff --name-status -z --diff-filter=ADMR b82b13244c860b4b7663b453b8013197209cca25...refs/remotes/origin/main [11ms]
2025-05-07 16:36:58.445 [info] > git status -z -uall [11ms]
2025-05-07 16:36:58.445 [info] > git for-each-ref --sort -committerdate --format %(refname) %(objectname) %(*objectname) [9ms]
2025-05-07 16:36:58.937 [info] > git check-ignore -v -z --stdin [12ms]
2025-05-07 16:36:58.938 [info] > git check-ignore -v -z --stdin [11ms]
2025-05-07 16:36:58.938 [info] > git check-ignore -v -z --stdin [8ms]
2025-05-07 16:36:58.939 [info] > git check-ignore -v -z --stdin [7ms]
2025-05-07 16:36:58.939 [info] > git check-ignore -v -z --stdin [4ms]
2025-05-07 16:37:00.070 [info] > git check-ignore -v -z --stdin [12ms]
2025-05-07 16:37:00.071 [info] > git check-ignore -v -z --stdin [11ms]
2025-05-07 16:37:00.071 [info] > git check-ignore -v -z --stdin [9ms]
2025-05-07 16:37:00.071 [info] > git check-ignore -v -z --stdin [6ms]
2025-05-07 16:37:00.072 [info] > git check-ignore -v -z --stdin [5ms]
2025-05-07 16:37:19.577 [info] > git show --textconv :src/string.hpp [10ms]
2025-05-07 16:37:19.577 [info] > git show --textconv :src/string.cpp [7ms]
2025-05-07 16:37:19.578 [info] > git ls-files --stage -- /home/hwlee4/ICS45C/HW4/src/string.hpp [5ms]
2025-05-07 16:37:19.582 [info] > git ls-files --stage -- /home/hwlee4/ICS45C/HW4/src/string.cpp [6ms]
2025-05-07 16:37:19.587 [info] > git cat-file -s d20259dcd00111658a540e26fc7e120d2bdf6476 [6ms]
2025-05-07 16:37:19.591 [info] > git cat-file -s 97ad75cfe959c0aafc91824a572107e42247a9be [6ms]
2025-05-07 16:37:35.725 [info] > git rev-parse --show-toplevel [3ms]
2025-05-07 16:37:35.731 [info] > git rev-parse --path-format=relative --show-toplevel [4ms]
2025-05-07 16:38:24.584 [info] > git rev-parse --show-toplevel [4ms]
2025-05-07 16:38:24.590 [info] > git rev-parse --path-format=relative --show-toplevel [3ms]
2025-05-07 16:38:32.594 [info] > git rev-parse --show-toplevel [2ms]
2025-05-07 16:38:32.600 [info] > git rev-parse --path-format=relative --show-toplevel [3ms]
2025-05-07 16:42:42.949 [info] > git rev-parse --show-toplevel [5ms]
2025-05-07 16:42:42.956 [info] > git rev-parse --path-format=relative --show-toplevel [3ms]
2025-05-07 16:42:48.336 [info] > git ls-files --stage -- /home/hwlee4/ICS45C/HW4/src/alloc.cpp [3ms]
2025-05-07 16:42:48.340 [info] > git show --textconv :src/alloc.cpp [11ms]
2025-05-07 16:42:48.346 [info] > git cat-file -s e5a1d967ba31a4a0acc5218391d45a7963e89b6f [7ms]
