2025-02-08 01:39:30.564 [info] Log level: Info
2025-02-08 01:39:30.564 [info] Validating found git in: "git"
2025-02-08 01:39:30.564 [info] Using git "2.34.1" from "git"
2025-02-08 01:39:30.564 [info] > git rev-parse --show-toplevel [44ms]
2025-02-08 01:39:30.564 [info] > git rev-parse --path-format=relative --show-toplevel [4ms]
2025-02-08 01:39:30.564 [info] > git rev-parse --show-toplevel [6ms]
2025-02-08 01:39:30.564 [info] > git rev-parse --path-format=relative --show-toplevel [5ms]
2025-02-08 01:39:30.564 [info] > git rev-parse --git-dir --git-common-dir [4ms]
2025-02-08 01:39:30.564 [info] Open repository: /home/hwlee4/ICS45C/HW4
2025-02-08 01:39:30.564 [info] > git config --get commit.template [6ms]
2025-02-08 01:39:30.564 [info] > git rev-parse --show-toplevel [9ms]
2025-02-08 01:39:30.564 [info] > git rev-parse --path-format=relative --show-toplevel [6ms]
2025-02-08 01:39:30.565 [info] > git for-each-ref --format=%(refname)%00%(upstream:short)%00%(objectname)%00%(upstream:track)%00%(upstream:remotename)%00%(upstream:remoteref) refs/heads/main refs/remotes/main [22ms]
2025-02-08 01:39:30.565 [info] > git rev-parse --git-dir --git-common-dir [7ms]
2025-02-08 01:39:30.565 [info] Open repository: /home/hwlee4/ICS45C/HW0
2025-02-08 01:39:30.565 [info] > git rev-parse --show-toplevel [9ms]
2025-02-08 01:39:30.565 [info] > git config --get commit.template [17ms]
2025-02-08 01:39:30.565 [info] > git rev-parse --path-format=relative --show-toplevel [15ms]
2025-02-08 01:39:30.565 [info] > git rev-parse --git-dir --git-common-dir [5ms]
2025-02-08 01:39:30.565 [info] Open repository: /home/hwlee4/ICS45C/HW1
2025-02-08 01:39:30.565 [info] > git status -z -uall [41ms]
2025-02-08 01:39:30.565 [info] > git for-each-ref --format=%(refname)%00%(upstream:short)%00%(objectname)%00%(upstream:track)%00%(upstream:remotename)%00%(upstream:remoteref) refs/heads/main refs/remotes/main [58ms]
2025-02-08 01:39:30.565 [info] > git for-each-ref --format=%(refname)%00%(upstream:short)%00%(objectname)%00%(upstream:track)%00%(upstream:remotename)%00%(upstream:remoteref) refs/heads/main refs/remotes/main [18ms]
2025-02-08 01:39:30.565 [info] > git rev-parse --show-toplevel [33ms]
2025-02-08 01:39:30.565 [info] > git config --get commit.template [41ms]
2025-02-08 01:39:30.565 [info] > git config --local branch.main.vscode-merge-base [6ms]
2025-02-08 01:39:30.565 [info] > git config --get commit.template [17ms]
2025-02-08 01:39:30.565 [info] > git rev-parse --path-format=relative --show-toplevel [11ms]
2025-02-08 01:39:30.565 [info] > git for-each-ref --format=%(refname)%00%(upstream:short)%00%(objectname)%00%(upstream:track)%00%(upstream:remotename)%00%(upstream:remoteref) refs/heads/origin/main refs/remotes/origin/main [17ms]
2025-02-08 01:39:30.565 [info] > git for-each-ref --format=%(refname)%00%(upstream:short)%00%(objectname)%00%(upstream:track)%00%(upstream:remotename)%00%(upstream:remoteref) refs/heads/main refs/remotes/main [15ms]
2025-02-08 01:39:30.565 [info] > git rev-parse --git-dir --git-common-dir [8ms]
2025-02-08 01:39:30.565 [info] Open repository: /home/hwlee4/ICS45C/HW2
2025-02-08 01:39:30.565 [info] > git merge-base refs/heads/main refs/remotes/origin/main [19ms]
2025-02-08 01:39:30.565 [info] > git for-each-ref --format=%(refname)%00%(upstream:short)%00%(objectname)%00%(upstream:track)%00%(upstream:remotename)%00%(upstream:remoteref) refs/heads/main refs/remotes/main [42ms]
2025-02-08 01:39:30.565 [info] > git status -z -uall [36ms]
2025-02-08 01:39:30.565 [info] > git rev-parse --show-toplevel [9ms]
2025-02-08 01:39:30.565 [info] > git config --get commit.template [16ms]
2025-02-08 01:39:30.565 [info] > git rev-parse --path-format=relative --show-toplevel [17ms]
2025-02-08 01:39:30.565 [info] > git rev-list --count --left-right refs/heads/main...refs/remotes/origin/main [24ms]
2025-02-08 01:39:30.565 [info] > git config --get commit.template [18ms]
2025-02-08 01:39:30.565 [info] > git for-each-ref --format=%(refname)%00%(upstream:short)%00%(objectname)%00%(upstream:track)%00%(upstream:remotename)%00%(upstream:remoteref) refs/heads/main refs/remotes/main [30ms]
2025-02-08 01:39:30.565 [info] > git status -z -uall [19ms]
2025-02-08 01:39:30.565 [info] > git rev-parse --git-dir --git-common-dir [12ms]
2025-02-08 01:39:30.565 [info] Open repository: /home/hwlee4/ICS45C/HW3
2025-02-08 01:39:30.565 [info] > git diff --name-status -z --diff-filter=ADMR 23f1d7363861263b3745c679b62ddb8e2fdc6e7e...refs/remotes/origin/main [40ms]
2025-02-08 01:39:30.565 [info] > git for-each-ref --format=%(refname)%00%(upstream:short)%00%(objectname)%00%(upstream:track)%00%(upstream:remotename)%00%(upstream:remoteref) refs/heads/main refs/remotes/main [42ms]
2025-02-08 01:39:30.565 [info] > git config --local branch.main.vscode-merge-base [33ms]
2025-02-08 01:39:30.565 [info] > git status -z -uall [43ms]
2025-02-08 01:39:30.565 [info] > git config --get commit.template [17ms]
2025-02-08 01:39:30.565 [info] > git for-each-ref --format=%(refname)%00%(upstream:short)%00%(objectname)%00%(upstream:track)%00%(upstream:remotename)%00%(upstream:remoteref) refs/heads/main refs/remotes/main [21ms]
2025-02-08 01:39:30.565 [info] > git for-each-ref --format=%(refname)%00%(upstream:short)%00%(objectname)%00%(upstream:track)%00%(upstream:remotename)%00%(upstream:remoteref) refs/heads/main refs/remotes/main [23ms]
2025-02-08 01:39:30.565 [info] > git for-each-ref --format=%(refname)%00%(upstream:short)%00%(objectname)%00%(upstream:track)%00%(upstream:remotename)%00%(upstream:remoteref) refs/heads/origin/main refs/remotes/origin/main [33ms]
2025-02-08 01:39:30.565 [info] > git config --local branch.main.vscode-merge-base [11ms]
2025-02-08 01:39:30.565 [info] > git config --get commit.template [20ms]
2025-02-08 01:39:30.565 [info] > git for-each-ref --format=%(refname)%00%(upstream:short)%00%(objectname)%00%(upstream:track)%00%(upstream:remotename)%00%(upstream:remoteref) refs/heads/main refs/remotes/main [32ms]
2025-02-08 01:39:30.565 [info] > git merge-base refs/heads/main refs/remotes/origin/main [20ms]
2025-02-08 01:39:30.565 [info] > git for-each-ref --format=%(refname)%00%(upstream:short)%00%(objectname)%00%(upstream:track)%00%(upstream:remotename)%00%(upstream:remoteref) refs/heads/main refs/remotes/main [30ms]
2025-02-08 01:39:30.565 [info] > git for-each-ref --format=%(refname)%00%(upstream:short)%00%(objectname)%00%(upstream:track)%00%(upstream:remotename)%00%(upstream:remoteref) refs/heads/origin/main refs/remotes/origin/main [25ms]
2025-02-08 01:39:30.565 [info] > git config --local branch.main.vscode-merge-base [20ms]
2025-02-08 01:39:30.565 [info] > git rev-list --count --left-right refs/heads/main...refs/remotes/origin/main [22ms]
2025-02-08 01:39:30.565 [info] > git status -z -uall [25ms]
2025-02-08 01:39:30.565 [info] > git for-each-ref --format=%(refname)%00%(upstream:short)%00%(objectname)%00%(upstream:track)%00%(upstream:remotename)%00%(upstream:remoteref) refs/heads/main refs/remotes/main [20ms]
2025-02-08 01:39:30.565 [info] > git status -z -uall [46ms]
2025-02-08 01:39:30.565 [info] > git diff --name-status -z --diff-filter=ADMR bddd0b0d0cfc38d0bcdb3142f43ffb36c1294495...refs/remotes/origin/main [14ms]
2025-02-08 01:39:30.565 [info] > git for-each-ref --format=%(refname)%00%(upstream:short)%00%(objectname)%00%(upstream:track)%00%(upstream:remotename)%00%(upstream:remoteref) refs/heads/origin/main refs/remotes/origin/main [42ms]
2025-02-08 01:39:30.566 [info] > git for-each-ref --format=%(refname)%00%(upstream:short)%00%(objectname)%00%(upstream:track)%00%(upstream:remotename)%00%(upstream:remoteref) refs/heads/main refs/remotes/main [26ms]
2025-02-08 01:39:30.566 [info] > git for-each-ref --format=%(refname)%00%(upstream:short)%00%(objectname)%00%(upstream:track)%00%(upstream:remotename)%00%(upstream:remoteref) refs/heads/main refs/remotes/main [42ms]
2025-02-08 01:39:30.566 [info] > git config --local branch.main.vscode-merge-base [6ms]
2025-02-08 01:39:30.566 [info] > git config --get commit.template [16ms]
2025-02-08 01:39:30.566 [info] > git merge-base refs/heads/main refs/remotes/origin/main [24ms]
2025-02-08 01:39:30.566 [info] > git config --local branch.main.vscode-merge-base [16ms]
2025-02-08 01:39:30.566 [info] > git for-each-ref --format=%(refname)%00%(upstream:short)%00%(objectname)%00%(upstream:track)%00%(upstream:remotename)%00%(upstream:remoteref) refs/heads/origin/main refs/remotes/origin/main [19ms]
2025-02-08 01:39:30.566 [info] > git rev-list --count --left-right refs/heads/main...refs/remotes/origin/main [21ms]
2025-02-08 01:39:30.566 [info] > git status -z -uall [50ms]
2025-02-08 01:39:30.566 [info] > git for-each-ref --format=%(refname)%00%(upstream:short)%00%(objectname)%00%(upstream:track)%00%(upstream:remotename)%00%(upstream:remoteref) refs/heads/origin/main refs/remotes/origin/main [32ms]
2025-02-08 01:39:30.566 [info] > git status -z -uall [46ms]
2025-02-08 01:39:30.566 [info] > git diff --name-status -z --diff-filter=ADMR cf8d5839cd08372c62f09381215e8d81994990a6...refs/remotes/origin/main [26ms]
2025-02-08 01:39:30.566 [info] > git merge-base refs/heads/main refs/remotes/origin/main [32ms]
2025-02-08 01:39:30.566 [info] > git for-each-ref --format=%(refname)%00%(upstream:short)%00%(objectname)%00%(upstream:track)%00%(upstream:remotename)%00%(upstream:remoteref) refs/heads/main refs/remotes/main [42ms]
2025-02-08 01:39:30.566 [info] > git config --get commit.template [25ms]
2025-02-08 01:39:30.566 [info] > git for-each-ref --format=%(refname)%00%(upstream:short)%00%(objectname)%00%(upstream:track)%00%(upstream:remotename)%00%(upstream:remoteref) refs/heads/main refs/remotes/main [42ms]
2025-02-08 01:39:30.566 [info] > git for-each-ref --format=%(refname)%00%(upstream:short)%00%(objectname)%00%(upstream:track)%00%(upstream:remotename)%00%(upstream:remoteref) refs/heads/main refs/remotes/main [15ms]
2025-02-08 01:39:30.566 [info] > git rev-list --count --left-right refs/heads/main...refs/remotes/origin/main [27ms]
2025-02-08 01:39:30.566 [info] > git config --local branch.main.vscode-merge-base [9ms]
2025-02-08 01:39:30.566 [info] > git config --local branch.main.vscode-merge-base [19ms]
2025-02-08 01:39:30.566 [info] > git diff --name-status -z --diff-filter=ADMR 94ef69ee95c8de87a59616891bc9c945d7661a95...refs/remotes/origin/main [18ms]
2025-02-08 01:39:30.566 [info] > git for-each-ref --format=%(refname)%00%(upstream:short)%00%(objectname)%00%(upstream:track)%00%(upstream:remotename)%00%(upstream:remoteref) refs/heads/origin/main refs/remotes/origin/main [12ms]
2025-02-08 01:39:30.566 [info] > git for-each-ref --format=%(refname)%00%(upstream:short)%00%(objectname)%00%(upstream:track)%00%(upstream:remotename)%00%(upstream:remoteref) refs/heads/main refs/remotes/main [17ms]
2025-02-08 01:39:30.566 [info] > git for-each-ref --format=%(refname)%00%(upstream:short)%00%(objectname)%00%(upstream:track)%00%(upstream:remotename)%00%(upstream:remoteref) refs/heads/origin/main refs/remotes/origin/main [13ms]
2025-02-08 01:39:30.566 [info] > git status -z -uall [18ms]
2025-02-08 01:39:30.566 [info] > git merge-base refs/heads/main refs/remotes/origin/main [14ms]
2025-02-08 01:39:30.566 [info] > git status -z -uall [25ms]
2025-02-08 01:39:30.566 [info] > git for-each-ref --format=%(refname)%00%(upstream:short)%00%(objectname)%00%(upstream:track)%00%(upstream:remotename)%00%(upstream:remoteref) refs/heads/main refs/remotes/main [19ms]
2025-02-08 01:39:30.566 [info] > git rev-list --count --left-right refs/heads/main...refs/remotes/origin/main [17ms]
2025-02-08 01:39:30.566 [info] > git for-each-ref --format=%(refname)%00%(upstream:short)%00%(objectname)%00%(upstream:track)%00%(upstream:remotename)%00%(upstream:remoteref) refs/heads/main refs/remotes/main [18ms]
2025-02-08 01:39:30.566 [info] > git config --local branch.main.vscode-merge-base [14ms]
2025-02-08 01:39:30.566 [info] > git config --local branch.main.vscode-merge-base [6ms]
2025-02-08 01:39:30.566 [info] > git diff --name-status -z --diff-filter=ADMR 83b8c9caa62299ec43412888acef026380525026...refs/remotes/origin/main [17ms]
2025-02-08 01:39:30.566 [info] > git for-each-ref --format=%(refname)%00%(upstream:short)%00%(objectname)%00%(upstream:track)%00%(upstream:remotename)%00%(upstream:remoteref) refs/heads/origin/main refs/remotes/origin/main [9ms]
2025-02-08 01:39:30.566 [info] > git for-each-ref --format=%(refname)%00%(upstream:short)%00%(objectname)%00%(upstream:track)%00%(upstream:remotename)%00%(upstream:remoteref) refs/heads/origin/main refs/remotes/origin/main [9ms]
2025-02-08 01:39:31.708 [info] > git check-ignore -v -z --stdin [21ms]
2025-02-08 01:39:31.709 [info] > git check-ignore -v -z --stdin [18ms]
2025-02-08 01:39:31.710 [info] > git check-ignore -v -z --stdin [15ms]
2025-02-08 01:39:31.714 [info] > git check-ignore -v -z --stdin [15ms]
2025-02-08 01:39:31.715 [info] > git check-ignore -v -z --stdin [12ms]
2025-02-08 01:39:32.268 [info] > git check-ignore -v -z --stdin [21ms]
2025-02-08 01:39:32.269 [info] > git check-ignore -v -z --stdin [18ms]
2025-02-08 01:39:32.269 [info] > git check-ignore -v -z --stdin [14ms]
2025-02-08 01:39:32.273 [info] > git check-ignore -v -z --stdin [14ms]
2025-02-08 01:39:32.273 [info] > git check-ignore -v -z --stdin [10ms]
