2025-03-05 22:04:06.021 [info] Extension host with pid 675717 started
2025-03-05 22:04:06.048 [info] Lock '/home/hwlee4/.local/share/code-server/User/workspaceStorage/-dec8feb/vscode.lock': Lock acquired.
2025-03-05 22:04:07.025 [info] ExtensionService#_doActivateExtension vscode.emmet, startup: false, activationEvent: 'onLanguage'
2025-03-05 22:04:07.357 [info] ExtensionService#_doActivateExtension vscode.git-base, startup: true, activationEvent: '*', root cause: vscode.git
2025-03-05 22:04:08.617 [info] ExtensionService#_doActivateExtension vscode.git, startup: true, activationEvent: '*'
2025-03-05 22:04:08.618 [info] ExtensionService#_doActivateExtension vscode.github, startup: true, activationEvent: '*'
2025-03-05 22:04:09.179 [info] Eager extensions activated
2025-03-05 22:04:09.179 [info] ExtensionService#_doActivateExtension vscode.debug-auto-launch, startup: false, activationEvent: 'onStartupFinished'
2025-03-05 22:04:09.180 [info] ExtensionService#_doActivateExtension vscode.merge-conflict, startup: false, activationEvent: 'onStartupFinished'
2025-03-05 22:04:10.317 [info] ExtensionService#_doActivateExtension vscode.github-authentication, startup: false, activationEvent: 'onAuthenticationRequest:github'
2025-03-05 22:05:14.684 [error] Error: No such branch: master.
	at F.getBranch (/opt/code-server/lib/vscode/extensions/git/dist/main.js:2:935457)
	at async T.retryRun (/opt/code-server/lib/vscode/extensions/git/dist/main.js:2:1028191)
	at async T.run (/opt/code-server/lib/vscode/extensions/git/dist/main.js:2:1027795)
	at async T.getBranch (/opt/code-server/lib/vscode/extensions/git/dist/main.js:2:1016176)
	at async T.getBranchBase (/opt/code-server/lib/vscode/extensions/git/dist/main.js:2:1016462)
	at async t.GitHistoryProvider.resolveHEADMergeBase (/opt/code-server/lib/vscode/extensions/git/dist/main.js:2:945925)
	at async t.GitHistoryProvider.onDidRunGitStatus (/opt/code-server/lib/vscode/extensions/git/dist/main.js:2:940157)
2025-03-05 22:05:14.777 [error] Error: No such branch: master.
	at F.getBranch (/opt/code-server/lib/vscode/extensions/git/dist/main.js:2:935457)
	at process.processTicksAndRejections (node:internal/process/task_queues:95:5)
	at async T.retryRun (/opt/code-server/lib/vscode/extensions/git/dist/main.js:2:1028191)
	at async T.run (/opt/code-server/lib/vscode/extensions/git/dist/main.js:2:1027795)
	at async T.getBranch (/opt/code-server/lib/vscode/extensions/git/dist/main.js:2:1016176)
	at async T.getBranchBase (/opt/code-server/lib/vscode/extensions/git/dist/main.js:2:1016462)
	at async t.GitHistoryProvider.resolveHEADMergeBase (/opt/code-server/lib/vscode/extensions/git/dist/main.js:2:945925)
	at async t.GitHistoryProvider.onDidRunGitStatus (/opt/code-server/lib/vscode/extensions/git/dist/main.js:2:940157)
2025-03-05 22:21:55.805 [info] ExtensionService#_doActivateExtension vscode.npm, startup: false, activationEvent: 'onTerminalQuickFixRequest:ms-vscode.npm-command'
2025-03-06 14:17:02.286 [info] Extension host terminating: renderer disconnected for too long (1)
2025-03-06 14:17:02.289 [info] Lock '/home/hwlee4/.local/share/code-server/User/workspaceStorage/-dec8feb/vscode.lock': Marking the lockfile as scheduled to be released in 6000 ms.
2025-03-06 14:17:02.404 [error] Canceled: Canceled
	at new k (/opt/code-server/lib/vscode/out/vs/workbench/api/node/extensionHostProcess.js:144:34987)
	at E.U (/opt/code-server/lib/vscode/out/vs/workbench/api/node/extensionHostProcess.js:151:6001)
	at M.<computed>.L.charCodeAt.A.CharCode.DollarSign.M.<computed> (/opt/code-server/lib/vscode/out/vs/workbench/api/node/extensionHostProcess.js:151:3076)
	at E.g (/opt/code-server/lib/vscode/out/vs/workbench/api/node/extensionHostProcess.js:154:207442)
	at E.executeCommand (/opt/code-server/lib/vscode/out/vs/workbench/api/node/extensionHostProcess.js:154:206866)
	at N.registerCommand.description (/opt/code-server/lib/vscode/out/vs/workbench/api/node/extensionHostProcess.js:154:206176)
	at E.h (/opt/code-server/lib/vscode/out/vs/workbench/api/node/extensionHostProcess.js:154:207981)
	at E.g (/opt/code-server/lib/vscode/out/vs/workbench/api/node/extensionHostProcess.js:154:206966)
	at E.executeCommand (/opt/code-server/lib/vscode/out/vs/workbench/api/node/extensionHostProcess.js:154:206866)
	at Object.executeCommand (/opt/code-server/lib/vscode/out/vs/workbench/api/node/extensionHostProcess.js:164:23018)
	at n.O [as value] (/opt/code-server/lib/vscode/extensions/git/dist/main.js:2:949496)
	at s.B (/opt/code-server/lib/vscode/out/vs/workbench/api/node/extensionHostProcess.js:83:740)
	at s.C (/opt/code-server/lib/vscode/out/vs/workbench/api/node/extensionHostProcess.js:83:810)
	at s.fire (/opt/code-server/lib/vscode/out/vs/workbench/api/node/extensionHostProcess.js:83:1026)
	at Object.p [as dispose] (/opt/code-server/lib/vscode/extensions/git/dist/main.js:2:968700)
	at /opt/code-server/lib/vscode/extensions/git/dist/main.js:2:974738
	at Array.forEach (<anonymous>)
	at f.dispose (/opt/code-server/lib/vscode/extensions/git/dist/main.js:2:974724)
	at s.<anonymous> (/opt/code-server/lib/vscode/out/vs/workbench/api/node/extensionHostProcess.js:152:4814)
	at s.dispose (/opt/code-server/lib/vscode/out/vs/workbench/api/node/extensionHostProcess.js:152:4949)
	at s.<anonymous> (/opt/code-server/lib/vscode/extensions/git/dist/main.js:2:951753)
	at s.dispose (/opt/code-server/lib/vscode/out/vs/workbench/api/node/extensionHostProcess.js:152:4949)
	at g (/opt/code-server/lib/vscode/out/vs/workbench/api/node/extensionHostProcess.js:30:750)
	at $.eb (/opt/code-server/lib/vscode/out/vs/workbench/api/node/extensionHostProcess.js:160:10809)
	at /opt/code-server/lib/vscode/out/vs/workbench/api/node/extensionHostProcess.js:160:8656
	at Array.map (<anonymous>)
	at $ (/opt/code-server/lib/vscode/out/vs/workbench/api/node/extensionHostProcess.js:160:8644)
	at $.terminate (/opt/code-server/lib/vscode/out/vs/workbench/api/node/extensionHostProcess.js:160:8918)
	at g.terminate (/opt/code-server/lib/vscode/out/vs/workbench/api/node/extensionHostProcess.js:164:1513)
	at s (/opt/code-server/lib/vscode/out/vs/workbench/api/node/extensionHostProcess.js:177:10642)
	at L.a (/opt/code-server/lib/vscode/out/vs/workbench/api/node/extensionHostProcess.js:177:7244)
	at L.h (/opt/code-server/lib/vscode/out/vs/workbench/api/node/extensionHostProcess.js:87:21283)
	at listOnTimeout (node:internal/timers:573:17)
	at process.processTimers (node:internal/timers:514:7) setContext undefined
2025-03-06 14:17:02.405 [error] Canceled: Canceled
	at new k (/opt/code-server/lib/vscode/out/vs/workbench/api/node/extensionHostProcess.js:144:34987)
	at E.U (/opt/code-server/lib/vscode/out/vs/workbench/api/node/extensionHostProcess.js:151:6001)
	at M.<computed>.L.charCodeAt.A.CharCode.DollarSign.M.<computed> (/opt/code-server/lib/vscode/out/vs/workbench/api/node/extensionHostProcess.js:151:3076)
	at E.g (/opt/code-server/lib/vscode/out/vs/workbench/api/node/extensionHostProcess.js:154:207442)
	at E.executeCommand (/opt/code-server/lib/vscode/out/vs/workbench/api/node/extensionHostProcess.js:154:206866)
	at N.registerCommand.description (/opt/code-server/lib/vscode/out/vs/workbench/api/node/extensionHostProcess.js:154:206176)
	at E.h (/opt/code-server/lib/vscode/out/vs/workbench/api/node/extensionHostProcess.js:154:207981)
	at E.g (/opt/code-server/lib/vscode/out/vs/workbench/api/node/extensionHostProcess.js:154:206966)
	at E.executeCommand (/opt/code-server/lib/vscode/out/vs/workbench/api/node/extensionHostProcess.js:154:206866)
	at Object.executeCommand (/opt/code-server/lib/vscode/out/vs/workbench/api/node/extensionHostProcess.js:164:23018)
	at n.O [as value] (/opt/code-server/lib/vscode/extensions/git/dist/main.js:2:949496)
	at s.B (/opt/code-server/lib/vscode/out/vs/workbench/api/node/extensionHostProcess.js:83:740)
	at s.C (/opt/code-server/lib/vscode/out/vs/workbench/api/node/extensionHostProcess.js:83:810)
	at s.fire (/opt/code-server/lib/vscode/out/vs/workbench/api/node/extensionHostProcess.js:83:1026)
	at Object.p [as dispose] (/opt/code-server/lib/vscode/extensions/git/dist/main.js:2:968700)
	at /opt/code-server/lib/vscode/extensions/git/dist/main.js:2:974738
	at Array.forEach (<anonymous>)
	at f.dispose (/opt/code-server/lib/vscode/extensions/git/dist/main.js:2:974724)
	at s.<anonymous> (/opt/code-server/lib/vscode/out/vs/workbench/api/node/extensionHostProcess.js:152:4814)
	at s.dispose (/opt/code-server/lib/vscode/out/vs/workbench/api/node/extensionHostProcess.js:152:4949)
	at s.<anonymous> (/opt/code-server/lib/vscode/extensions/git/dist/main.js:2:951753)
	at s.dispose (/opt/code-server/lib/vscode/out/vs/workbench/api/node/extensionHostProcess.js:152:4949)
	at g (/opt/code-server/lib/vscode/out/vs/workbench/api/node/extensionHostProcess.js:30:750)
	at $.eb (/opt/code-server/lib/vscode/out/vs/workbench/api/node/extensionHostProcess.js:160:10809)
	at /opt/code-server/lib/vscode/out/vs/workbench/api/node/extensionHostProcess.js:160:8656
	at Array.map (<anonymous>)
	at $ (/opt/code-server/lib/vscode/out/vs/workbench/api/node/extensionHostProcess.js:160:8644)
	at $.terminate (/opt/code-server/lib/vscode/out/vs/workbench/api/node/extensionHostProcess.js:160:8918)
	at g.terminate (/opt/code-server/lib/vscode/out/vs/workbench/api/node/extensionHostProcess.js:164:1513)
	at s (/opt/code-server/lib/vscode/out/vs/workbench/api/node/extensionHostProcess.js:177:10642)
	at L.a (/opt/code-server/lib/vscode/out/vs/workbench/api/node/extensionHostProcess.js:177:7244)
	at L.h (/opt/code-server/lib/vscode/out/vs/workbench/api/node/extensionHostProcess.js:87:21283)
	at listOnTimeout (node:internal/timers:573:17)
	at process.processTimers (node:internal/timers:514:7) setContext undefined
2025-03-06 14:17:02.405 [error] Canceled: Canceled
	at new k (/opt/code-server/lib/vscode/out/vs/workbench/api/node/extensionHostProcess.js:144:34987)
	at E.U (/opt/code-server/lib/vscode/out/vs/workbench/api/node/extensionHostProcess.js:151:6001)
	at M.<computed>.L.charCodeAt.A.CharCode.DollarSign.M.<computed> (/opt/code-server/lib/vscode/out/vs/workbench/api/node/extensionHostProcess.js:151:3076)
	at E.g (/opt/code-server/lib/vscode/out/vs/workbench/api/node/extensionHostProcess.js:154:207442)
	at E.executeCommand (/opt/code-server/lib/vscode/out/vs/workbench/api/node/extensionHostProcess.js:154:206866)
	at N.registerCommand.description (/opt/code-server/lib/vscode/out/vs/workbench/api/node/extensionHostProcess.js:154:206176)
	at E.h (/opt/code-server/lib/vscode/out/vs/workbench/api/node/extensionHostProcess.js:154:207981)
	at E.g (/opt/code-server/lib/vscode/out/vs/workbench/api/node/extensionHostProcess.js:154:206966)
	at E.executeCommand (/opt/code-server/lib/vscode/out/vs/workbench/api/node/extensionHostProcess.js:154:206866)
	at Object.executeCommand (/opt/code-server/lib/vscode/out/vs/workbench/api/node/extensionHostProcess.js:164:23018)
	at n.O [as value] (/opt/code-server/lib/vscode/extensions/git/dist/main.js:2:949496)
	at s.B (/opt/code-server/lib/vscode/out/vs/workbench/api/node/extensionHostProcess.js:83:740)
	at s.C (/opt/code-server/lib/vscode/out/vs/workbench/api/node/extensionHostProcess.js:83:810)
	at s.fire (/opt/code-server/lib/vscode/out/vs/workbench/api/node/extensionHostProcess.js:83:1026)
	at Object.p [as dispose] (/opt/code-server/lib/vscode/extensions/git/dist/main.js:2:968700)
	at /opt/code-server/lib/vscode/extensions/git/dist/main.js:2:974738
	at Array.forEach (<anonymous>)
	at f.dispose (/opt/code-server/lib/vscode/extensions/git/dist/main.js:2:974724)
	at s.<anonymous> (/opt/code-server/lib/vscode/out/vs/workbench/api/node/extensionHostProcess.js:152:4814)
	at s.dispose (/opt/code-server/lib/vscode/out/vs/workbench/api/node/extensionHostProcess.js:152:4949)
	at s.<anonymous> (/opt/code-server/lib/vscode/extensions/git/dist/main.js:2:951753)
	at s.dispose (/opt/code-server/lib/vscode/out/vs/workbench/api/node/extensionHostProcess.js:152:4949)
	at g (/opt/code-server/lib/vscode/out/vs/workbench/api/node/extensionHostProcess.js:30:750)
	at $.eb (/opt/code-server/lib/vscode/out/vs/workbench/api/node/extensionHostProcess.js:160:10809)
	at /opt/code-server/lib/vscode/out/vs/workbench/api/node/extensionHostProcess.js:160:8656
	at Array.map (<anonymous>)
	at $ (/opt/code-server/lib/vscode/out/vs/workbench/api/node/extensionHostProcess.js:160:8644)
	at $.terminate (/opt/code-server/lib/vscode/out/vs/workbench/api/node/extensionHostProcess.js:160:8918)
	at g.terminate (/opt/code-server/lib/vscode/out/vs/workbench/api/node/extensionHostProcess.js:164:1513)
	at s (/opt/code-server/lib/vscode/out/vs/workbench/api/node/extensionHostProcess.js:177:10642)
	at L.a (/opt/code-server/lib/vscode/out/vs/workbench/api/node/extensionHostProcess.js:177:7244)
	at L.h (/opt/code-server/lib/vscode/out/vs/workbench/api/node/extensionHostProcess.js:87:21283)
	at listOnTimeout (node:internal/timers:573:17)
	at process.processTimers (node:internal/timers:514:7) setContext undefined
2025-03-06 14:17:02.406 [error] Canceled: Canceled
	at new k (/opt/code-server/lib/vscode/out/vs/workbench/api/node/extensionHostProcess.js:144:34987)
	at E.U (/opt/code-server/lib/vscode/out/vs/workbench/api/node/extensionHostProcess.js:151:6001)
	at M.<computed>.L.charCodeAt.A.CharCode.DollarSign.M.<computed> (/opt/code-server/lib/vscode/out/vs/workbench/api/node/extensionHostProcess.js:151:3076)
	at E.g (/opt/code-server/lib/vscode/out/vs/workbench/api/node/extensionHostProcess.js:154:207442)
	at E.executeCommand (/opt/code-server/lib/vscode/out/vs/workbench/api/node/extensionHostProcess.js:154:206866)
	at N.registerCommand.description (/opt/code-server/lib/vscode/out/vs/workbench/api/node/extensionHostProcess.js:154:206176)
	at E.h (/opt/code-server/lib/vscode/out/vs/workbench/api/node/extensionHostProcess.js:154:207981)
	at E.g (/opt/code-server/lib/vscode/out/vs/workbench/api/node/extensionHostProcess.js:154:206966)
	at E.executeCommand (/opt/code-server/lib/vscode/out/vs/workbench/api/node/extensionHostProcess.js:154:206866)
	at Object.executeCommand (/opt/code-server/lib/vscode/out/vs/workbench/api/node/extensionHostProcess.js:164:23018)
	at n.O [as value] (/opt/code-server/lib/vscode/extensions/git/dist/main.js:2:949496)
	at s.B (/opt/code-server/lib/vscode/out/vs/workbench/api/node/extensionHostProcess.js:83:740)
	at s.C (/opt/code-server/lib/vscode/out/vs/workbench/api/node/extensionHostProcess.js:83:810)
	at s.fire (/opt/code-server/lib/vscode/out/vs/workbench/api/node/extensionHostProcess.js:83:1026)
	at Object.p [as dispose] (/opt/code-server/lib/vscode/extensions/git/dist/main.js:2:968700)
	at /opt/code-server/lib/vscode/extensions/git/dist/main.js:2:974738
	at Array.forEach (<anonymous>)
	at f.dispose (/opt/code-server/lib/vscode/extensions/git/dist/main.js:2:974724)
	at s.<anonymous> (/opt/code-server/lib/vscode/out/vs/workbench/api/node/extensionHostProcess.js:152:4814)
	at s.dispose (/opt/code-server/lib/vscode/out/vs/workbench/api/node/extensionHostProcess.js:152:4949)
	at s.<anonymous> (/opt/code-server/lib/vscode/extensions/git/dist/main.js:2:951753)
	at s.dispose (/opt/code-server/lib/vscode/out/vs/workbench/api/node/extensionHostProcess.js:152:4949)
	at g (/opt/code-server/lib/vscode/out/vs/workbench/api/node/extensionHostProcess.js:30:750)
	at $.eb (/opt/code-server/lib/vscode/out/vs/workbench/api/node/extensionHostProcess.js:160:10809)
	at /opt/code-server/lib/vscode/out/vs/workbench/api/node/extensionHostProcess.js:160:8656
	at Array.map (<anonymous>)
	at $ (/opt/code-server/lib/vscode/out/vs/workbench/api/node/extensionHostProcess.js:160:8644)
	at $.terminate (/opt/code-server/lib/vscode/out/vs/workbench/api/node/extensionHostProcess.js:160:8918)
	at g.terminate (/opt/code-server/lib/vscode/out/vs/workbench/api/node/extensionHostProcess.js:164:1513)
	at s (/opt/code-server/lib/vscode/out/vs/workbench/api/node/extensionHostProcess.js:177:10642)
	at L.a (/opt/code-server/lib/vscode/out/vs/workbench/api/node/extensionHostProcess.js:177:7244)
	at L.h (/opt/code-server/lib/vscode/out/vs/workbench/api/node/extensionHostProcess.js:87:21283)
	at listOnTimeout (node:internal/timers:573:17)
	at process.processTimers (node:internal/timers:514:7) setContext undefined
2025-03-06 14:17:02.406 [error] Canceled: Canceled
	at new k (/opt/code-server/lib/vscode/out/vs/workbench/api/node/extensionHostProcess.js:144:34987)
	at E.U (/opt/code-server/lib/vscode/out/vs/workbench/api/node/extensionHostProcess.js:151:6001)
	at M.<computed>.L.charCodeAt.A.CharCode.DollarSign.M.<computed> (/opt/code-server/lib/vscode/out/vs/workbench/api/node/extensionHostProcess.js:151:3076)
	at E.g (/opt/code-server/lib/vscode/out/vs/workbench/api/node/extensionHostProcess.js:154:207442)
	at E.executeCommand (/opt/code-server/lib/vscode/out/vs/workbench/api/node/extensionHostProcess.js:154:206866)
	at N.registerCommand.description (/opt/code-server/lib/vscode/out/vs/workbench/api/node/extensionHostProcess.js:154:206176)
	at E.h (/opt/code-server/lib/vscode/out/vs/workbench/api/node/extensionHostProcess.js:154:207981)
	at E.g (/opt/code-server/lib/vscode/out/vs/workbench/api/node/extensionHostProcess.js:154:206966)
	at E.executeCommand (/opt/code-server/lib/vscode/out/vs/workbench/api/node/extensionHostProcess.js:154:206866)
	at Object.executeCommand (/opt/code-server/lib/vscode/out/vs/workbench/api/node/extensionHostProcess.js:164:23018)
	at n.O [as value] (/opt/code-server/lib/vscode/extensions/git/dist/main.js:2:949496)
	at s.B (/opt/code-server/lib/vscode/out/vs/workbench/api/node/extensionHostProcess.js:83:740)
	at s.C (/opt/code-server/lib/vscode/out/vs/workbench/api/node/extensionHostProcess.js:83:810)
	at s.fire (/opt/code-server/lib/vscode/out/vs/workbench/api/node/extensionHostProcess.js:83:1026)
	at Object.p [as dispose] (/opt/code-server/lib/vscode/extensions/git/dist/main.js:2:968700)
	at /opt/code-server/lib/vscode/extensions/git/dist/main.js:2:974738
	at Array.forEach (<anonymous>)
	at f.dispose (/opt/code-server/lib/vscode/extensions/git/dist/main.js:2:974724)
	at s.<anonymous> (/opt/code-server/lib/vscode/out/vs/workbench/api/node/extensionHostProcess.js:152:4814)
	at s.dispose (/opt/code-server/lib/vscode/out/vs/workbench/api/node/extensionHostProcess.js:152:4949)
	at s.<anonymous> (/opt/code-server/lib/vscode/extensions/git/dist/main.js:2:951753)
	at s.dispose (/opt/code-server/lib/vscode/out/vs/workbench/api/node/extensionHostProcess.js:152:4949)
	at g (/opt/code-server/lib/vscode/out/vs/workbench/api/node/extensionHostProcess.js:30:750)
	at $.eb (/opt/code-server/lib/vscode/out/vs/workbench/api/node/extensionHostProcess.js:160:10809)
	at /opt/code-server/lib/vscode/out/vs/workbench/api/node/extensionHostProcess.js:160:8656
	at Array.map (<anonymous>)
	at $ (/opt/code-server/lib/vscode/out/vs/workbench/api/node/extensionHostProcess.js:160:8644)
	at $.terminate (/opt/code-server/lib/vscode/out/vs/workbench/api/node/extensionHostProcess.js:160:8918)
	at g.terminate (/opt/code-server/lib/vscode/out/vs/workbench/api/node/extensionHostProcess.js:164:1513)
	at s (/opt/code-server/lib/vscode/out/vs/workbench/api/node/extensionHostProcess.js:177:10642)
	at L.a (/opt/code-server/lib/vscode/out/vs/workbench/api/node/extensionHostProcess.js:177:7244)
	at L.h (/opt/code-server/lib/vscode/out/vs/workbench/api/node/extensionHostProcess.js:87:21283)
	at listOnTimeout (node:internal/timers:573:17)
	at process.processTimers (node:internal/timers:514:7) setContext undefined
2025-03-06 14:17:02.407 [error] Canceled: Canceled
	at new k (/opt/code-server/lib/vscode/out/vs/workbench/api/node/extensionHostProcess.js:144:34987)
	at E.U (/opt/code-server/lib/vscode/out/vs/workbench/api/node/extensionHostProcess.js:151:6001)
	at M.<computed>.L.charCodeAt.A.CharCode.DollarSign.M.<computed> (/opt/code-server/lib/vscode/out/vs/workbench/api/node/extensionHostProcess.js:151:3076)
	at E.g (/opt/code-server/lib/vscode/out/vs/workbench/api/node/extensionHostProcess.js:154:207442)
	at E.executeCommand (/opt/code-server/lib/vscode/out/vs/workbench/api/node/extensionHostProcess.js:154:206866)
	at N.registerCommand.description (/opt/code-server/lib/vscode/out/vs/workbench/api/node/extensionHostProcess.js:154:206176)
	at E.h (/opt/code-server/lib/vscode/out/vs/workbench/api/node/extensionHostProcess.js:154:207981)
	at E.g (/opt/code-server/lib/vscode/out/vs/workbench/api/node/extensionHostProcess.js:154:206966)
	at E.executeCommand (/opt/code-server/lib/vscode/out/vs/workbench/api/node/extensionHostProcess.js:154:206866)
	at Object.executeCommand (/opt/code-server/lib/vscode/out/vs/workbench/api/node/extensionHostProcess.js:164:23018)
	at n.O [as value] (/opt/code-server/lib/vscode/extensions/git/dist/main.js:2:949496)
	at s.B (/opt/code-server/lib/vscode/out/vs/workbench/api/node/extensionHostProcess.js:83:740)
	at s.C (/opt/code-server/lib/vscode/out/vs/workbench/api/node/extensionHostProcess.js:83:810)
	at s.fire (/opt/code-server/lib/vscode/out/vs/workbench/api/node/extensionHostProcess.js:83:1026)
	at Object.p [as dispose] (/opt/code-server/lib/vscode/extensions/git/dist/main.js:2:968700)
	at /opt/code-server/lib/vscode/extensions/git/dist/main.js:2:974738
	at Array.forEach (<anonymous>)
	at f.dispose (/opt/code-server/lib/vscode/extensions/git/dist/main.js:2:974724)
	at s.<anonymous> (/opt/code-server/lib/vscode/out/vs/workbench/api/node/extensionHostProcess.js:152:4814)
	at s.dispose (/opt/code-server/lib/vscode/out/vs/workbench/api/node/extensionHostProcess.js:152:4949)
	at s.<anonymous> (/opt/code-server/lib/vscode/extensions/git/dist/main.js:2:951753)
	at s.dispose (/opt/code-server/lib/vscode/out/vs/workbench/api/node/extensionHostProcess.js:152:4949)
	at g (/opt/code-server/lib/vscode/out/vs/workbench/api/node/extensionHostProcess.js:30:750)
	at $.eb (/opt/code-server/lib/vscode/out/vs/workbench/api/node/extensionHostProcess.js:160:10809)
	at /opt/code-server/lib/vscode/out/vs/workbench/api/node/extensionHostProcess.js:160:8656
	at Array.map (<anonymous>)
	at $ (/opt/code-server/lib/vscode/out/vs/workbench/api/node/extensionHostProcess.js:160:8644)
	at $.terminate (/opt/code-server/lib/vscode/out/vs/workbench/api/node/extensionHostProcess.js:160:8918)
	at g.terminate (/opt/code-server/lib/vscode/out/vs/workbench/api/node/extensionHostProcess.js:164:1513)
	at s (/opt/code-server/lib/vscode/out/vs/workbench/api/node/extensionHostProcess.js:177:10642)
	at L.a (/opt/code-server/lib/vscode/out/vs/workbench/api/node/extensionHostProcess.js:177:7244)
	at L.h (/opt/code-server/lib/vscode/out/vs/workbench/api/node/extensionHostProcess.js:87:21283)
	at listOnTimeout (node:internal/timers:573:17)
	at process.processTimers (node:internal/timers:514:7) setContext undefined
2025-03-06 14:17:02.409 [error] Canceled: Canceled
	at new k (/opt/code-server/lib/vscode/out/vs/workbench/api/node/extensionHostProcess.js:144:34987)
	at E.U (/opt/code-server/lib/vscode/out/vs/workbench/api/node/extensionHostProcess.js:151:6001)
	at M.<computed>.L.charCodeAt.A.CharCode.DollarSign.M.<computed> (/opt/code-server/lib/vscode/out/vs/workbench/api/node/extensionHostProcess.js:151:3076)
	at E.g (/opt/code-server/lib/vscode/out/vs/workbench/api/node/extensionHostProcess.js:154:207442)
	at E.executeCommand (/opt/code-server/lib/vscode/out/vs/workbench/api/node/extensionHostProcess.js:154:206866)
	at N.registerCommand.description (/opt/code-server/lib/vscode/out/vs/workbench/api/node/extensionHostProcess.js:154:206176)
	at E.h (/opt/code-server/lib/vscode/out/vs/workbench/api/node/extensionHostProcess.js:154:207981)
	at E.g (/opt/code-server/lib/vscode/out/vs/workbench/api/node/extensionHostProcess.js:154:206966)
	at E.executeCommand (/opt/code-server/lib/vscode/out/vs/workbench/api/node/extensionHostProcess.js:154:206866)
	at Object.executeCommand (/opt/code-server/lib/vscode/out/vs/workbench/api/node/extensionHostProcess.js:164:23018)
	at n.O [as value] (/opt/code-server/lib/vscode/extensions/git/dist/main.js:2:949496)
	at s.B (/opt/code-server/lib/vscode/out/vs/workbench/api/node/extensionHostProcess.js:83:740)
	at s.C (/opt/code-server/lib/vscode/out/vs/workbench/api/node/extensionHostProcess.js:83:810)
	at s.fire (/opt/code-server/lib/vscode/out/vs/workbench/api/node/extensionHostProcess.js:83:1026)
	at Object.p [as dispose] (/opt/code-server/lib/vscode/extensions/git/dist/main.js:2:968700)
	at /opt/code-server/lib/vscode/extensions/git/dist/main.js:2:974738
	at Array.forEach (<anonymous>)
	at f.dispose (/opt/code-server/lib/vscode/extensions/git/dist/main.js:2:974724)
	at s.<anonymous> (/opt/code-server/lib/vscode/out/vs/workbench/api/node/extensionHostProcess.js:152:4814)
	at s.dispose (/opt/code-server/lib/vscode/out/vs/workbench/api/node/extensionHostProcess.js:152:4949)
	at s.<anonymous> (/opt/code-server/lib/vscode/extensions/git/dist/main.js:2:951753)
	at s.dispose (/opt/code-server/lib/vscode/out/vs/workbench/api/node/extensionHostProcess.js:152:4949)
	at g (/opt/code-server/lib/vscode/out/vs/workbench/api/node/extensionHostProcess.js:30:750)
	at $.eb (/opt/code-server/lib/vscode/out/vs/workbench/api/node/extensionHostProcess.js:160:10809)
	at /opt/code-server/lib/vscode/out/vs/workbench/api/node/extensionHostProcess.js:160:8656
	at Array.map (<anonymous>)
	at $ (/opt/code-server/lib/vscode/out/vs/workbench/api/node/extensionHostProcess.js:160:8644)
	at $.terminate (/opt/code-server/lib/vscode/out/vs/workbench/api/node/extensionHostProcess.js:160:8918)
	at g.terminate (/opt/code-server/lib/vscode/out/vs/workbench/api/node/extensionHostProcess.js:164:1513)
	at s (/opt/code-server/lib/vscode/out/vs/workbench/api/node/extensionHostProcess.js:177:10642)
	at L.a (/opt/code-server/lib/vscode/out/vs/workbench/api/node/extensionHostProcess.js:177:7244)
	at L.h (/opt/code-server/lib/vscode/out/vs/workbench/api/node/extensionHostProcess.js:87:21283)
	at listOnTimeout (node:internal/timers:573:17)
	at process.processTimers (node:internal/timers:514:7) setContext undefined
2025-03-06 14:17:02.409 [error] Canceled: Canceled
	at new k (/opt/code-server/lib/vscode/out/vs/workbench/api/node/extensionHostProcess.js:144:34987)
	at E.U (/opt/code-server/lib/vscode/out/vs/workbench/api/node/extensionHostProcess.js:151:6001)
	at M.<computed>.L.charCodeAt.A.CharCode.DollarSign.M.<computed> (/opt/code-server/lib/vscode/out/vs/workbench/api/node/extensionHostProcess.js:151:3076)
	at E.g (/opt/code-server/lib/vscode/out/vs/workbench/api/node/extensionHostProcess.js:154:207442)
	at E.executeCommand (/opt/code-server/lib/vscode/out/vs/workbench/api/node/extensionHostProcess.js:154:206866)
	at N.registerCommand.description (/opt/code-server/lib/vscode/out/vs/workbench/api/node/extensionHostProcess.js:154:206176)
	at E.h (/opt/code-server/lib/vscode/out/vs/workbench/api/node/extensionHostProcess.js:154:207981)
	at E.g (/opt/code-server/lib/vscode/out/vs/workbench/api/node/extensionHostProcess.js:154:206966)
	at E.executeCommand (/opt/code-server/lib/vscode/out/vs/workbench/api/node/extensionHostProcess.js:154:206866)
	at Object.executeCommand (/opt/code-server/lib/vscode/out/vs/workbench/api/node/extensionHostProcess.js:164:23018)
	at n.O [as value] (/opt/code-server/lib/vscode/extensions/git/dist/main.js:2:949496)
	at s.B (/opt/code-server/lib/vscode/out/vs/workbench/api/node/extensionHostProcess.js:83:740)
	at s.C (/opt/code-server/lib/vscode/out/vs/workbench/api/node/extensionHostProcess.js:83:810)
	at s.fire (/opt/code-server/lib/vscode/out/vs/workbench/api/node/extensionHostProcess.js:83:1026)
	at Object.p [as dispose] (/opt/code-server/lib/vscode/extensions/git/dist/main.js:2:968700)
	at /opt/code-server/lib/vscode/extensions/git/dist/main.js:2:974738
	at Array.forEach (<anonymous>)
	at f.dispose (/opt/code-server/lib/vscode/extensions/git/dist/main.js:2:974724)
	at s.<anonymous> (/opt/code-server/lib/vscode/out/vs/workbench/api/node/extensionHostProcess.js:152:4814)
	at s.dispose (/opt/code-server/lib/vscode/out/vs/workbench/api/node/extensionHostProcess.js:152:4949)
	at s.<anonymous> (/opt/code-server/lib/vscode/extensions/git/dist/main.js:2:951753)
	at s.dispose (/opt/code-server/lib/vscode/out/vs/workbench/api/node/extensionHostProcess.js:152:4949)
	at g (/opt/code-server/lib/vscode/out/vs/workbench/api/node/extensionHostProcess.js:30:750)
	at $.eb (/opt/code-server/lib/vscode/out/vs/workbench/api/node/extensionHostProcess.js:160:10809)
	at /opt/code-server/lib/vscode/out/vs/workbench/api/node/extensionHostProcess.js:160:8656
	at Array.map (<anonymous>)
	at $ (/opt/code-server/lib/vscode/out/vs/workbench/api/node/extensionHostProcess.js:160:8644)
	at $.terminate (/opt/code-server/lib/vscode/out/vs/workbench/api/node/extensionHostProcess.js:160:8918)
	at g.terminate (/opt/code-server/lib/vscode/out/vs/workbench/api/node/extensionHostProcess.js:164:1513)
	at s (/opt/code-server/lib/vscode/out/vs/workbench/api/node/extensionHostProcess.js:177:10642)
	at L.a (/opt/code-server/lib/vscode/out/vs/workbench/api/node/extensionHostProcess.js:177:7244)
	at L.h (/opt/code-server/lib/vscode/out/vs/workbench/api/node/extensionHostProcess.js:87:21283)
	at listOnTimeout (node:internal/timers:573:17)
	at process.processTimers (node:internal/timers:514:7) setContext undefined
2025-03-06 14:17:02.410 [error] Canceled: Canceled
	at new k (/opt/code-server/lib/vscode/out/vs/workbench/api/node/extensionHostProcess.js:144:34987)
	at E.U (/opt/code-server/lib/vscode/out/vs/workbench/api/node/extensionHostProcess.js:151:6001)
	at M.<computed>.L.charCodeAt.A.CharCode.DollarSign.M.<computed> (/opt/code-server/lib/vscode/out/vs/workbench/api/node/extensionHostProcess.js:151:3076)
	at E.g (/opt/code-server/lib/vscode/out/vs/workbench/api/node/extensionHostProcess.js:154:207442)
	at E.executeCommand (/opt/code-server/lib/vscode/out/vs/workbench/api/node/extensionHostProcess.js:154:206866)
	at N.registerCommand.description (/opt/code-server/lib/vscode/out/vs/workbench/api/node/extensionHostProcess.js:154:206176)
	at E.h (/opt/code-server/lib/vscode/out/vs/workbench/api/node/extensionHostProcess.js:154:207981)
	at E.g (/opt/code-server/lib/vscode/out/vs/workbench/api/node/extensionHostProcess.js:154:206966)
	at E.executeCommand (/opt/code-server/lib/vscode/out/vs/workbench/api/node/extensionHostProcess.js:154:206866)
	at Object.executeCommand (/opt/code-server/lib/vscode/out/vs/workbench/api/node/extensionHostProcess.js:164:23018)
	at n.O [as value] (/opt/code-server/lib/vscode/extensions/git/dist/main.js:2:949496)
	at s.B (/opt/code-server/lib/vscode/out/vs/workbench/api/node/extensionHostProcess.js:83:740)
	at s.C (/opt/code-server/lib/vscode/out/vs/workbench/api/node/extensionHostProcess.js:83:810)
	at s.fire (/opt/code-server/lib/vscode/out/vs/workbench/api/node/extensionHostProcess.js:83:1026)
	at Object.p [as dispose] (/opt/code-server/lib/vscode/extensions/git/dist/main.js:2:968700)
	at /opt/code-server/lib/vscode/extensions/git/dist/main.js:2:974738
	at Array.forEach (<anonymous>)
	at f.dispose (/opt/code-server/lib/vscode/extensions/git/dist/main.js:2:974724)
	at s.<anonymous> (/opt/code-server/lib/vscode/out/vs/workbench/api/node/extensionHostProcess.js:152:4814)
	at s.dispose (/opt/code-server/lib/vscode/out/vs/workbench/api/node/extensionHostProcess.js:152:4949)
	at s.<anonymous> (/opt/code-server/lib/vscode/extensions/git/dist/main.js:2:951753)
	at s.dispose (/opt/code-server/lib/vscode/out/vs/workbench/api/node/extensionHostProcess.js:152:4949)
	at g (/opt/code-server/lib/vscode/out/vs/workbench/api/node/extensionHostProcess.js:30:750)
	at $.eb (/opt/code-server/lib/vscode/out/vs/workbench/api/node/extensionHostProcess.js:160:10809)
	at /opt/code-server/lib/vscode/out/vs/workbench/api/node/extensionHostProcess.js:160:8656
	at Array.map (<anonymous>)
	at $ (/opt/code-server/lib/vscode/out/vs/workbench/api/node/extensionHostProcess.js:160:8644)
	at $.terminate (/opt/code-server/lib/vscode/out/vs/workbench/api/node/extensionHostProcess.js:160:8918)
	at g.terminate (/opt/code-server/lib/vscode/out/vs/workbench/api/node/extensionHostProcess.js:164:1513)
	at s (/opt/code-server/lib/vscode/out/vs/workbench/api/node/extensionHostProcess.js:177:10642)
	at L.a (/opt/code-server/lib/vscode/out/vs/workbench/api/node/extensionHostProcess.js:177:7244)
	at L.h (/opt/code-server/lib/vscode/out/vs/workbench/api/node/extensionHostProcess.js:87:21283)
	at listOnTimeout (node:internal/timers:573:17)
	at process.processTimers (node:internal/timers:514:7) setContext undefined
2025-03-06 14:17:02.413 [error] Canceled: Canceled
	at new k (/opt/code-server/lib/vscode/out/vs/workbench/api/node/extensionHostProcess.js:144:34987)
	at E.U (/opt/code-server/lib/vscode/out/vs/workbench/api/node/extensionHostProcess.js:151:6001)
	at M.<computed>.L.charCodeAt.A.CharCode.DollarSign.M.<computed> (/opt/code-server/lib/vscode/out/vs/workbench/api/node/extensionHostProcess.js:151:3076)
	at E.g (/opt/code-server/lib/vscode/out/vs/workbench/api/node/extensionHostProcess.js:154:207442)
	at E.executeCommand (/opt/code-server/lib/vscode/out/vs/workbench/api/node/extensionHostProcess.js:154:206866)
	at N.registerCommand.description (/opt/code-server/lib/vscode/out/vs/workbench/api/node/extensionHostProcess.js:154:206176)
	at E.h (/opt/code-server/lib/vscode/out/vs/workbench/api/node/extensionHostProcess.js:154:207981)
	at E.g (/opt/code-server/lib/vscode/out/vs/workbench/api/node/extensionHostProcess.js:154:206966)
	at E.executeCommand (/opt/code-server/lib/vscode/out/vs/workbench/api/node/extensionHostProcess.js:154:206866)
	at Object.executeCommand (/opt/code-server/lib/vscode/out/vs/workbench/api/node/extensionHostProcess.js:164:23018)
	at set hasGitHubRepositories [as hasGitHubRepositories] (/opt/code-server/lib/vscode/extensions/github/dist/extension.js:2:322969)
	at /opt/code-server/lib/vscode/extensions/github/dist/extension.js:2:323928
	at n.value (/opt/code-server/lib/vscode/extensions/git/dist/main.js:2:1055238)
	at s.B (/opt/code-server/lib/vscode/out/vs/workbench/api/node/extensionHostProcess.js:83:740)
	at s.C (/opt/code-server/lib/vscode/out/vs/workbench/api/node/extensionHostProcess.js:83:810)
	at s.fire (/opt/code-server/lib/vscode/out/vs/workbench/api/node/extensionHostProcess.js:83:1026)
	at Object.p [as dispose] (/opt/code-server/lib/vscode/extensions/git/dist/main.js:2:968700)
	at /opt/code-server/lib/vscode/extensions/git/dist/main.js:2:974738
	at Array.forEach (<anonymous>)
	at f.dispose (/opt/code-server/lib/vscode/extensions/git/dist/main.js:2:974724)
	at s.<anonymous> (/opt/code-server/lib/vscode/out/vs/workbench/api/node/extensionHostProcess.js:152:4814)
	at s.dispose (/opt/code-server/lib/vscode/out/vs/workbench/api/node/extensionHostProcess.js:152:4949)
	at s.<anonymous> (/opt/code-server/lib/vscode/extensions/git/dist/main.js:2:951753)
	at s.dispose (/opt/code-server/lib/vscode/out/vs/workbench/api/node/extensionHostProcess.js:152:4949)
	at g (/opt/code-server/lib/vscode/out/vs/workbench/api/node/extensionHostProcess.js:30:750)
	at $.eb (/opt/code-server/lib/vscode/out/vs/workbench/api/node/extensionHostProcess.js:160:10809)
	at /opt/code-server/lib/vscode/out/vs/workbench/api/node/extensionHostProcess.js:160:8656
	at Array.map (<anonymous>)
	at $ (/opt/code-server/lib/vscode/out/vs/workbench/api/node/extensionHostProcess.js:160:8644)
	at $.terminate (/opt/code-server/lib/vscode/out/vs/workbench/api/node/extensionHostProcess.js:160:8918)
	at g.terminate (/opt/code-server/lib/vscode/out/vs/workbench/api/node/extensionHostProcess.js:164:1513)
	at s (/opt/code-server/lib/vscode/out/vs/workbench/api/node/extensionHostProcess.js:177:10642)
	at L.a (/opt/code-server/lib/vscode/out/vs/workbench/api/node/extensionHostProcess.js:177:7244)
	at L.h (/opt/code-server/lib/vscode/out/vs/workbench/api/node/extensionHostProcess.js:87:21283)
	at listOnTimeout (node:internal/timers:573:17)
	at process.processTimers (node:internal/timers:514:7) setContext undefined
2025-03-06 14:17:02.413 [info] Extension host with pid 675717 exiting with code 0
