2025-02-05 21:56:22.886 [info] Log level: Info
2025-02-05 21:56:22.886 [info] Validating found git in: "git"
2025-02-05 21:56:22.886 [info] Using git "2.34.1" from "git"
2025-02-05 21:56:22.886 [info] > git rev-parse --show-toplevel [10ms]
2025-02-05 21:56:22.886 [info] > git rev-parse --path-format=relative --show-toplevel [5ms]
2025-02-05 21:56:22.886 [info] > git rev-parse --show-toplevel [8ms]
2025-02-05 21:56:22.886 [info] > git rev-parse --path-format=relative --show-toplevel [4ms]
2025-02-05 21:56:22.886 [info] > git rev-parse --git-dir --git-common-dir [5ms]
2025-02-05 21:56:22.886 [info] Open repository: /home/hwlee4/ICS45C/HW4
2025-02-05 21:56:22.886 [info] > git config --get commit.template [5ms]
2025-02-05 21:56:22.886 [info] > git rev-parse --show-toplevel [11ms]
2025-02-05 21:56:22.886 [info] > git for-each-ref --format=%(refname)%00%(upstream:short)%00%(objectname)%00%(upstream:track)%00%(upstream:remotename)%00%(upstream:remoteref) refs/heads/main refs/remotes/main [17ms]
2025-02-05 21:56:22.886 [info] > git rev-parse --path-format=relative --show-toplevel [12ms]
2025-02-05 21:56:22.886 [warning] ENOENT: no such file or directory, open '/home/hwlee4/ICS45C/HW4/.git/refs/remotes/origin/main'
2025-02-05 21:56:22.886 [info] > git rev-parse refs/remotes/origin/main [8ms]
2025-02-05 21:56:22.886 [info] > git rev-parse --git-dir --git-common-dir [16ms]
2025-02-05 21:56:22.886 [info] Open repository: /home/hwlee4/ICS45C/HW0
2025-02-05 21:56:22.886 [info] > git status -z -uall [45ms]
2025-02-05 21:56:22.886 [info] > git rev-parse --show-toplevel [10ms]
2025-02-05 21:56:22.886 [info] > git config --get commit.template [19ms]
2025-02-05 21:56:22.886 [info] > git for-each-ref --format=%(refname)%00%(upstream:short)%00%(objectname)%00%(upstream:track)%00%(upstream:remotename)%00%(upstream:remoteref) refs/heads/main refs/remotes/main [55ms]
2025-02-05 21:56:22.886 [info] > git rev-parse --path-format=relative --show-toplevel [72ms]
2025-02-05 21:56:22.886 [info] > git config --get commit.template [25ms]
2025-02-05 21:56:22.886 [info] > git config --local branch.main.vscode-merge-base [18ms]
2025-02-05 21:56:22.886 [info] > git for-each-ref --format=%(refname)%00%(upstream:short)%00%(objectname)%00%(upstream:track)%00%(upstream:remotename)%00%(upstream:remoteref) refs/heads/main refs/remotes/main [22ms]
2025-02-05 21:56:22.886 [info] > git rev-parse --git-dir --git-common-dir [15ms]
2025-02-05 21:56:22.886 [info] Open repository: /home/hwlee4/ICS45C/HW1
2025-02-05 21:56:22.886 [info] > git for-each-ref --format=%(refname)%00%(upstream:short)%00%(objectname)%00%(upstream:track)%00%(upstream:remotename)%00%(upstream:remoteref) refs/heads/main refs/remotes/main [22ms]
2025-02-05 21:56:22.886 [info] > git for-each-ref --format=%(refname)%00%(upstream:short)%00%(objectname)%00%(upstream:track)%00%(upstream:remotename)%00%(upstream:remoteref) refs/heads/origin/main refs/remotes/origin/main [27ms]
2025-02-05 21:56:22.886 [warning] ENOENT: no such file or directory, open '/home/hwlee4/ICS45C/HW4/.git/refs/remotes/origin/main'
2025-02-05 21:56:22.886 [info] > git rev-parse --show-toplevel [13ms]
2025-02-05 21:56:22.886 [info] > git config --get commit.template [21ms]
2025-02-05 21:56:22.886 [info] > git rev-parse refs/remotes/origin/main [7ms]
2025-02-05 21:56:22.886 [info] > git merge-base refs/heads/main refs/remotes/origin/main [16ms]
2025-02-05 21:56:22.886 [info] > git rev-parse --path-format=relative --show-toplevel [28ms]
2025-02-05 21:56:22.886 [info] > git rev-list --count --left-right refs/heads/main...refs/remotes/origin/main [21ms]
2025-02-05 21:56:22.886 [info] > git status -z -uall [40ms]
2025-02-05 21:56:22.887 [info] > git rev-parse --git-dir --git-common-dir [12ms]
2025-02-05 21:56:22.887 [info] Open repository: /home/hwlee4/ICS45C/HW2
2025-02-05 21:56:22.887 [info] > git status -z -uall [53ms]
2025-02-05 21:56:22.887 [info] > git diff --name-status -z --diff-filter=ADMR 054ee8d9214b2e2fd7b9059cd3d841aa7e167f25...refs/remotes/origin/main [44ms]
2025-02-05 21:56:22.887 [info] > git for-each-ref --format=%(refname)%00%(upstream:short)%00%(objectname)%00%(upstream:track)%00%(upstream:remotename)%00%(upstream:remoteref) refs/heads/main refs/remotes/main [62ms]
2025-02-05 21:56:22.887 [info] > git rev-parse --show-toplevel [24ms]
2025-02-05 21:56:22.887 [info] > git config --get commit.template [30ms]
2025-02-05 21:56:22.887 [info] > git for-each-ref --format=%(refname)%00%(upstream:short)%00%(objectname)%00%(upstream:track)%00%(upstream:remotename)%00%(upstream:remoteref) refs/heads/main refs/remotes/main [38ms]
2025-02-05 21:56:22.887 [info] > git rev-parse --path-format=relative --show-toplevel [9ms]
2025-02-05 21:56:22.887 [info] > git config --get commit.template [14ms]
2025-02-05 21:56:22.887 [info] > git for-each-ref --format=%(refname)%00%(upstream:short)%00%(objectname)%00%(upstream:track)%00%(upstream:remotename)%00%(upstream:remoteref) refs/heads/main refs/remotes/main [29ms]
2025-02-05 21:56:22.887 [info] > git config --local branch.main.vscode-merge-base [25ms]
2025-02-05 21:56:22.887 [info] > git rev-parse --git-dir --git-common-dir [25ms]
2025-02-05 21:56:22.887 [info] Open repository: /home/hwlee4/ICS45C/HW3
2025-02-05 21:56:22.887 [info] > git for-each-ref --format=%(refname)%00%(upstream:short)%00%(objectname)%00%(upstream:track)%00%(upstream:remotename)%00%(upstream:remoteref) refs/heads/main refs/remotes/main [53ms]
2025-02-05 21:56:22.887 [info] > git config --local branch.main.vscode-merge-base [58ms]
2025-02-05 21:56:22.887 [info] > git status -z -uall [106ms]
2025-02-05 21:56:22.887 [info] > git for-each-ref --format=%(refname)%00%(upstream:short)%00%(objectname)%00%(upstream:track)%00%(upstream:remotename)%00%(upstream:remoteref) refs/heads/main refs/remotes/main [113ms]
2025-02-05 21:56:22.887 [info] > git for-each-ref --format=%(refname)%00%(upstream:short)%00%(objectname)%00%(upstream:track)%00%(upstream:remotename)%00%(upstream:remoteref) refs/heads/origin/main refs/remotes/origin/main [120ms]
2025-02-05 21:56:22.887 [info] > git config --get commit.template [6ms]
2025-02-05 21:56:22.887 [info] > git for-each-ref --format=%(refname)%00%(upstream:short)%00%(objectname)%00%(upstream:track)%00%(upstream:remotename)%00%(upstream:remoteref) refs/heads/origin/main refs/remotes/origin/main [99ms]
2025-02-05 21:56:22.887 [info] > git for-each-ref --format=%(refname)%00%(upstream:short)%00%(objectname)%00%(upstream:track)%00%(upstream:remotename)%00%(upstream:remoteref) refs/heads/main refs/remotes/main [19ms]
2025-02-05 21:56:22.891 [info] > git config --get commit.template [22ms]
2025-02-05 21:56:22.891 [info] > git merge-base refs/heads/main refs/remotes/origin/main [27ms]
2025-02-05 21:56:22.903 [info] > git config --local branch.main.vscode-merge-base [28ms]
2025-02-05 21:56:22.914 [info] > git for-each-ref --format=%(refname)%00%(upstream:short)%00%(objectname)%00%(upstream:track)%00%(upstream:remotename)%00%(upstream:remoteref) refs/heads/main refs/remotes/main [35ms]
2025-02-05 21:56:22.915 [info] > git rev-list --count --left-right refs/heads/main...refs/remotes/origin/main [19ms]
2025-02-05 21:56:22.920 [info] > git status -z -uall [37ms]
2025-02-05 21:56:22.920 [info] > git status -z -uall [18ms]
2025-02-05 21:56:22.941 [info] > git diff --name-status -z --diff-filter=ADMR bddd0b0d0cfc38d0bcdb3142f43ffb36c1294495...refs/remotes/origin/main [22ms]
2025-02-05 21:56:22.942 [info] > git for-each-ref --format=%(refname)%00%(upstream:short)%00%(objectname)%00%(upstream:track)%00%(upstream:remotename)%00%(upstream:remoteref) refs/heads/main refs/remotes/main [29ms]
2025-02-05 21:56:22.949 [info] > git for-each-ref --format=%(refname)%00%(upstream:short)%00%(objectname)%00%(upstream:track)%00%(upstream:remotename)%00%(upstream:remoteref) refs/heads/origin/main refs/remotes/origin/main [41ms]
2025-02-05 21:56:22.956 [info] > git config --get commit.template [16ms]
2025-02-05 21:56:22.956 [info] > git for-each-ref --format=%(refname)%00%(upstream:short)%00%(objectname)%00%(upstream:track)%00%(upstream:remotename)%00%(upstream:remoteref) refs/heads/main refs/remotes/main [30ms]
2025-02-05 21:56:22.967 [info] > git for-each-ref --format=%(refname)%00%(upstream:short)%00%(objectname)%00%(upstream:track)%00%(upstream:remotename)%00%(upstream:remoteref) refs/heads/main refs/remotes/main [20ms]
2025-02-05 21:56:22.977 [info] > git config --local branch.main.vscode-merge-base [16ms]
2025-02-05 21:56:22.982 [info] > git merge-base refs/heads/main refs/remotes/origin/main [28ms]
2025-02-05 21:56:22.992 [info] > git config --local branch.main.vscode-merge-base [21ms]
2025-02-05 21:56:22.999 [info] > git for-each-ref --format=%(refname)%00%(upstream:short)%00%(objectname)%00%(upstream:track)%00%(upstream:remotename)%00%(upstream:remoteref) refs/heads/origin/main refs/remotes/origin/main [18ms]
2025-02-05 21:56:23.004 [info] > git for-each-ref --format=%(refname)%00%(upstream:short)%00%(objectname)%00%(upstream:track)%00%(upstream:remotename)%00%(upstream:remoteref) refs/heads/main refs/remotes/main [29ms]
2025-02-05 21:56:23.006 [info] > git rev-list --count --left-right refs/heads/main...refs/remotes/origin/main [20ms]
2025-02-05 21:56:23.012 [info] > git for-each-ref --format=%(refname)%00%(upstream:short)%00%(objectname)%00%(upstream:track)%00%(upstream:remotename)%00%(upstream:remoteref) refs/heads/origin/main refs/remotes/origin/main [15ms]
2025-02-05 21:56:23.019 [info] > git status -z -uall [53ms]
2025-02-05 21:56:23.019 [info] > git status -z -uall [28ms]
2025-02-05 21:56:23.039 [info] > git merge-base refs/heads/main refs/remotes/origin/main [35ms]
2025-02-05 21:56:23.050 [info] > git status -z -uall [33ms]
2025-02-05 21:56:23.050 [info] > git for-each-ref --format=%(refname)%00%(upstream:short)%00%(objectname)%00%(upstream:track)%00%(upstream:remotename)%00%(upstream:remoteref) refs/heads/main refs/remotes/main [25ms]
2025-02-05 21:56:23.062 [info] > git diff --name-status -z --diff-filter=ADMR cf8d5839cd08372c62f09381215e8d81994990a6...refs/remotes/origin/main [51ms]
2025-02-05 21:56:23.066 [info] > git config --local branch.main.vscode-merge-base [11ms]
2025-02-05 21:56:23.072 [info] > git config --get commit.template [24ms]
2025-02-05 21:56:23.072 [info] > git rev-list --count --left-right refs/heads/main...refs/remotes/origin/main [28ms]
2025-02-05 21:56:23.077 [info] > git for-each-ref --format=%(refname)%00%(upstream:short)%00%(objectname)%00%(upstream:track)%00%(upstream:remotename)%00%(upstream:remoteref) refs/heads/main refs/remotes/main [45ms]
2025-02-05 21:56:23.090 [info] > git for-each-ref --format=%(refname)%00%(upstream:short)%00%(objectname)%00%(upstream:track)%00%(upstream:remotename)%00%(upstream:remoteref) refs/heads/origin/main refs/remotes/origin/main [18ms]
2025-02-05 21:56:23.091 [info] > git for-each-ref --format=%(refname)%00%(upstream:short)%00%(objectname)%00%(upstream:track)%00%(upstream:remotename)%00%(upstream:remoteref) refs/heads/main refs/remotes/main [31ms]
2025-02-05 21:56:23.105 [info] > git diff --name-status -z --diff-filter=ADMR 94ef69ee95c8de87a59616891bc9c945d7661a95...refs/remotes/origin/main [28ms]
2025-02-05 21:56:23.106 [info] > git config --local branch.main.vscode-merge-base [18ms]
2025-02-05 21:56:23.113 [info] > git config --local branch.main.vscode-merge-base [16ms]
2025-02-05 21:56:23.121 [info] > git for-each-ref --format=%(refname)%00%(upstream:short)%00%(objectname)%00%(upstream:track)%00%(upstream:remotename)%00%(upstream:remoteref) refs/heads/main refs/remotes/main [17ms]
2025-02-05 21:56:23.123 [info] > git for-each-ref --format=%(refname)%00%(upstream:short)%00%(objectname)%00%(upstream:track)%00%(upstream:remotename)%00%(upstream:remoteref) refs/heads/origin/main refs/remotes/origin/main [11ms]
2025-02-05 21:56:23.136 [info] > git for-each-ref --format=%(refname)%00%(upstream:short)%00%(objectname)%00%(upstream:track)%00%(upstream:remotename)%00%(upstream:remoteref) refs/heads/origin/main refs/remotes/origin/main [17ms]
2025-02-05 21:56:23.140 [info] > git merge-base refs/heads/main refs/remotes/origin/main [11ms]
2025-02-05 21:56:23.158 [info] > git status -z -uall [22ms]
2025-02-05 21:56:23.165 [info] > git rev-list --count --left-right refs/heads/main...refs/remotes/origin/main [21ms]
2025-02-05 21:56:23.176 [info] > git for-each-ref --format=%(refname)%00%(upstream:short)%00%(objectname)%00%(upstream:track)%00%(upstream:remotename)%00%(upstream:remoteref) refs/heads/main refs/remotes/main [13ms]
2025-02-05 21:56:23.181 [info] > git diff --name-status -z --diff-filter=ADMR 83b8c9caa62299ec43412888acef026380525026...refs/remotes/origin/main [12ms]
2025-02-05 21:56:23.185 [info] > git config --local branch.main.vscode-merge-base [5ms]
2025-02-05 21:56:23.199 [info] > git for-each-ref --format=%(refname)%00%(upstream:short)%00%(objectname)%00%(upstream:track)%00%(upstream:remotename)%00%(upstream:remoteref) refs/heads/origin/main refs/remotes/origin/main [10ms]
2025-02-05 21:56:23.847 [info] > git check-ignore -v -z --stdin [23ms]
2025-02-05 21:56:23.848 [info] > git check-ignore -v -z --stdin [20ms]
2025-02-05 21:56:23.849 [info] > git check-ignore -v -z --stdin [15ms]
2025-02-05 21:56:23.849 [info] > git check-ignore -v -z --stdin [12ms]
2025-02-05 21:56:23.850 [info] > git check-ignore -v -z --stdin [9ms]
2025-02-05 21:56:24.378 [info] > git check-ignore -v -z --stdin [20ms]
2025-02-05 21:56:24.378 [info] > git check-ignore -v -z --stdin [15ms]
2025-02-05 21:56:24.379 [info] > git check-ignore -v -z --stdin [12ms]
2025-02-05 21:56:24.379 [info] > git check-ignore -v -z --stdin [8ms]
2025-02-05 21:56:24.382 [info] > git check-ignore -v -z --stdin [7ms]
2025-02-05 21:56:25.229 [info] > git check-ignore -v -z --stdin [30ms]
2025-02-05 21:56:25.230 [info] > git check-ignore -v -z --stdin [26ms]
2025-02-05 21:56:25.230 [info] > git check-ignore -v -z --stdin [20ms]
2025-02-05 21:56:25.231 [info] > git check-ignore -v -z --stdin [15ms]
2025-02-05 21:56:25.231 [info] > git check-ignore -v -z --stdin [10ms]
2025-02-05 22:36:54.411 [info] > git rev-parse --show-toplevel [63ms]
2025-02-05 22:36:54.443 [info] > git rev-parse --path-format=relative --show-toplevel [27ms]
2025-02-05 22:36:54.491 [info] > git rev-parse --show-toplevel [40ms]
2025-02-05 22:36:54.518 [info] > git rev-parse --path-format=relative --show-toplevel [23ms]
2025-02-05 22:36:55.168 [info] > git rev-parse --show-toplevel [6ms]
2025-02-05 22:36:55.177 [info] > git rev-parse --path-format=relative --show-toplevel [5ms]
2025-02-05 22:36:56.336 [info] > git rev-parse --show-toplevel [5ms]
2025-02-05 22:36:56.346 [info] > git rev-parse --path-format=relative --show-toplevel [5ms]
2025-02-05 22:36:56.391 [info] > git show --textconv :src/alloc.hpp [13ms]
2025-02-05 22:36:56.392 [info] > git ls-files --stage -- /home/hwlee4/ICS45C/HW4/src/alloc.hpp [8ms]
2025-02-05 22:36:56.405 [info] > git cat-file -s 68fee38907028f8369b66de8962ed70fa0a96c55 [8ms]
