2025-05-12 04:30:42.758 [info] [main] Log level: Info
2025-05-12 04:30:42.758 [info] [main] Validating found git in: "git"
2025-05-12 04:30:42.758 [info] [main] Using git "2.43.0" from "git"
2025-05-12 04:30:42.758 [info] [Model][doInitialScan] Initial repository scan started
2025-05-12 04:30:42.758 [info] > git rev-parse --show-toplevel [5ms]
2025-05-12 04:30:42.758 [info] > git rev-parse --path-format=relative --show-toplevel [2ms]
2025-05-12 04:30:42.758 [info] > git rev-parse --show-toplevel [5ms]
2025-05-12 04:30:42.758 [info] > git rev-parse --path-format=relative --show-toplevel [3ms]
2025-05-12 04:30:42.758 [info] > git rev-parse --git-dir --git-common-dir [2ms]
2025-05-12 04:30:42.758 [info] [Model][openRepository] Opened repository: /home/hwlee4/ICS45C/HW5
2025-05-12 04:30:42.758 [info] > git config --get commit.template [3ms]
2025-05-12 04:30:42.758 [info] > git rev-parse --show-toplevel [6ms]
2025-05-12 04:30:42.758 [info] > git rev-parse --path-format=relative --show-toplevel [3ms]
2025-05-12 04:30:42.758 [info] > git for-each-ref --format=%(refname)%00%(upstream:short)%00%(objectname)%00%(upstream:track)%00%(upstream:remotename)%00%(upstream:remoteref) refs/heads/main refs/remotes/main [10ms]
2025-05-12 04:30:42.758 [info] > git rev-parse --git-dir --git-common-dir [9ms]
2025-05-12 04:30:42.758 [info] [Model][openRepository] Opened repository: /home/hwlee4/ICS45C/HW0
2025-05-12 04:30:42.758 [info] > git status -z -uall [17ms]
2025-05-12 04:30:42.758 [info] > git config --get commit.template [4ms]
2025-05-12 04:30:42.758 [info] > git for-each-ref --sort -committerdate --format %(refname) %(objectname) %(*objectname) [15ms]
2025-05-12 04:30:42.758 [info] > git rev-parse --show-toplevel [16ms]
2025-05-12 04:30:42.758 [info] > git config --get commit.template [10ms]
2025-05-12 04:30:42.758 [info] > git for-each-ref --format=%(refname)%00%(upstream:short)%00%(objectname)%00%(upstream:track)%00%(upstream:remotename)%00%(upstream:remoteref) refs/heads/main refs/remotes/main [16ms]
2025-05-12 04:30:42.758 [info] > git for-each-ref --format=%(refname)%00%(upstream:short)%00%(objectname)%00%(upstream:track)%00%(upstream:remotename)%00%(upstream:remoteref) refs/heads/main refs/remotes/main [12ms]
2025-05-12 04:30:42.758 [info] > git rev-parse --path-format=relative --show-toplevel [14ms]
2025-05-12 04:30:42.758 [info] > git config --local branch.main.vscode-merge-base [7ms]
2025-05-12 04:30:42.758 [info] > git for-each-ref --format=%(refname)%00%(upstream:short)%00%(objectname)%00%(upstream:track)%00%(upstream:remotename)%00%(upstream:remoteref) refs/heads/main refs/remotes/main [15ms]
2025-05-12 04:30:42.758 [info] > git for-each-ref --format=%(refname)%00%(upstream:short)%00%(objectname)%00%(upstream:track)%00%(upstream:remotename)%00%(upstream:remoteref) refs/heads/origin/main refs/remotes/origin/main [20ms]
2025-05-12 04:30:42.758 [info] > git rev-parse --git-dir --git-common-dir [36ms]
2025-05-12 04:30:42.758 [info] [Model][openRepository] Opened repository: /home/hwlee4/ICS45C/HW1
2025-05-12 04:30:42.758 [info] > git merge-base refs/heads/main refs/remotes/origin/main [32ms]
2025-05-12 04:30:42.758 [info] > git rev-parse --show-toplevel [6ms]
2025-05-12 04:30:42.758 [info] > git config --get commit.template [11ms]
2025-05-12 04:30:42.758 [info] > git for-each-ref --sort -committerdate --format %(refname) %(objectname) %(*objectname) [15ms]
2025-05-12 04:30:42.760 [info] > git status -z -uall [27ms]
2025-05-12 04:30:42.774 [info] > git status -z -uall [20ms]
2025-05-12 04:30:42.774 [info] > git for-each-ref --sort -committerdate --format %(refname) %(objectname) %(*objectname) [18ms]
2025-05-12 04:30:42.780 [info] > git rev-parse --path-format=relative --show-toplevel [31ms]
2025-05-12 04:30:42.780 [info] > git diff --name-status -z --diff-filter=ADMR b451104ec2b07b39c17cd9240a01c9e94c0a7f69...refs/remotes/origin/main [35ms]
2025-05-12 04:30:42.785 [info] > git config --get commit.template [13ms]
2025-05-12 04:30:42.785 [info] > git for-each-ref --format=%(refname)%00%(upstream:short)%00%(objectname)%00%(upstream:track)%00%(upstream:remotename)%00%(upstream:remoteref) refs/heads/main refs/remotes/main [15ms]
2025-05-12 04:30:42.786 [info] > git for-each-ref --format=%(refname)%00%(upstream:short)%00%(objectname)%00%(upstream:track)%00%(upstream:remotename)%00%(upstream:remoteref) refs/heads/main refs/remotes/main [19ms]
2025-05-12 04:30:42.825 [info] > git rev-parse --git-dir --git-common-dir [41ms]
2025-05-12 04:30:42.829 [info] [Model][openRepository] Opened repository: /home/hwlee4/ICS45C/HW2
2025-05-12 04:30:42.830 [info] > git merge-base refs/heads/main refs/remotes/origin/main [52ms]
2025-05-12 04:30:42.842 [info] > git config --local branch.main.vscode-merge-base [53ms]
2025-05-12 04:30:42.846 [info] > git rev-parse --show-toplevel [5ms]
2025-05-12 04:30:42.848 [info] > git config --get commit.template [10ms]
2025-05-12 04:30:42.848 [info] > git for-each-ref --format=%(refname)%00%(upstream:short)%00%(objectname)%00%(upstream:track)%00%(upstream:remotename)%00%(upstream:remoteref) refs/heads/main refs/remotes/main [13ms]
2025-05-12 04:30:42.848 [info] > git diff --name-status -z --diff-filter=ADMR b451104ec2b07b39c17cd9240a01c9e94c0a7f69...refs/remotes/origin/main [16ms]
2025-05-12 04:30:42.860 [info] > git rev-parse --path-format=relative --show-toplevel [12ms]
2025-05-12 04:30:42.860 [info] > git for-each-ref --format=%(refname)%00%(upstream:short)%00%(objectname)%00%(upstream:track)%00%(upstream:remotename)%00%(upstream:remoteref) refs/heads/origin/main refs/remotes/origin/main [16ms]
2025-05-12 04:30:42.867 [info] > git for-each-ref --sort -committerdate --format %(refname) %(objectname) %(*objectname) [14ms]
2025-05-12 04:30:42.873 [info] > git for-each-ref --format=%(refname)%00%(upstream:short)%00%(objectname)%00%(upstream:track)%00%(upstream:remotename)%00%(upstream:remoteref) refs/heads/main refs/remotes/main [17ms]
2025-05-12 04:30:42.875 [info] > git status -z -uall [24ms]
2025-05-12 04:30:42.883 [info] > git rev-parse --git-dir --git-common-dir [17ms]
2025-05-12 04:30:42.889 [info] [Model][openRepository] Opened repository: /home/hwlee4/ICS45C/HW3
2025-05-12 04:30:42.889 [info] > git merge-base refs/heads/main refs/remotes/origin/main [26ms]
2025-05-12 04:30:42.902 [info] > git status -z -uall [32ms]
2025-05-12 04:30:42.902 [info] > git for-each-ref --format=%(refname)%00%(upstream:short)%00%(objectname)%00%(upstream:track)%00%(upstream:remotename)%00%(upstream:remoteref) refs/heads/main refs/remotes/main [21ms]
2025-05-12 04:30:42.905 [info] > git for-each-ref --sort -committerdate --format %(refname) %(objectname) %(*objectname) [33ms]
2025-05-12 04:30:42.912 [info] > git config --local branch.main.vscode-merge-base [7ms]
2025-05-12 04:30:42.915 [info] > git rev-parse --show-toplevel [14ms]
2025-05-12 04:30:42.918 [info] > git config --get commit.template [20ms]
2025-05-12 04:30:42.918 [info] > git config --get commit.template [23ms]
2025-05-12 04:30:42.918 [info] > git diff --name-status -z --diff-filter=ADMR 2de1186af8d356e9b3e6443d56764a6c359645dc...refs/remotes/origin/main [26ms]
2025-05-12 04:30:42.920 [info] > git merge-base refs/heads/main refs/remotes/origin/main [10ms]
2025-05-12 04:30:42.941 [info] > git for-each-ref --format=%(refname)%00%(upstream:short)%00%(objectname)%00%(upstream:track)%00%(upstream:remotename)%00%(upstream:remoteref) refs/heads/origin/main refs/remotes/origin/main [25ms]
2025-05-12 04:30:42.945 [info] > git rev-parse --path-format=relative --show-toplevel [27ms]
2025-05-12 04:30:42.951 [info] > git status -z -uall [25ms]
2025-05-12 04:30:42.951 [info] > git for-each-ref --format=%(refname)%00%(upstream:short)%00%(objectname)%00%(upstream:track)%00%(upstream:remotename)%00%(upstream:remoteref) refs/heads/main refs/remotes/main [16ms]
2025-05-12 04:30:42.951 [info] > git for-each-ref --format=%(refname)%00%(upstream:short)%00%(objectname)%00%(upstream:track)%00%(upstream:remotename)%00%(upstream:remoteref) refs/heads/main refs/remotes/main [19ms]
2025-05-12 04:30:42.951 [info] > git for-each-ref --sort -committerdate --format %(refname) %(objectname) %(*objectname) [22ms]
2025-05-12 04:30:42.961 [info] > git diff --name-status -z --diff-filter=ADMR 2de1186af8d356e9b3e6443d56764a6c359645dc...refs/remotes/origin/main [38ms]
2025-05-12 04:30:42.967 [info] > git rev-parse --git-dir --git-common-dir [18ms]
2025-05-12 04:30:42.971 [info] [Model][openRepository] Opened repository: /home/hwlee4/ICS45C/HW4
2025-05-12 04:30:42.977 [info] [Model][doInitialScan] Initial repository scan completed - repositories (6), closed repositories (0), parent repositories (1), unsafe repositories (0)
2025-05-12 04:30:42.977 [info] > git merge-base refs/heads/main refs/remotes/origin/main [32ms]
2025-05-12 04:30:42.985 [info] > git config --get commit.template [19ms]
2025-05-12 04:30:42.985 [info] > git for-each-ref --format=%(refname)%00%(upstream:short)%00%(objectname)%00%(upstream:track)%00%(upstream:remotename)%00%(upstream:remoteref) refs/heads/main refs/remotes/main [26ms]
2025-05-12 04:30:42.989 [info] > git config --get commit.template [6ms]
2025-05-12 04:30:42.989 [info] > git diff --name-status -z --diff-filter=ADMR 1d941fbc59bc10f4d013441e18a8b73cc72449ad...refs/remotes/origin/main [9ms]
2025-05-12 04:30:43.006 [info] > git config --local branch.main.vscode-merge-base [18ms]
2025-05-12 04:30:43.012 [info] > git for-each-ref --sort -committerdate --format %(refname) %(objectname) %(*objectname) [17ms]
2025-05-12 04:30:43.014 [info] > git status -z -uall [22ms]
2025-05-12 04:30:43.014 [info] > git status -z -uall [17ms]
2025-05-12 04:30:43.022 [info] > git for-each-ref --format=%(refname)%00%(upstream:short)%00%(objectname)%00%(upstream:track)%00%(upstream:remotename)%00%(upstream:remoteref) refs/heads/main refs/remotes/main [20ms]
2025-05-12 04:30:43.022 [info] > git for-each-ref --sort -committerdate --format %(refname) %(objectname) %(*objectname) [22ms]
2025-05-12 04:30:43.030 [info] > git for-each-ref --format=%(refname)%00%(upstream:short)%00%(objectname)%00%(upstream:track)%00%(upstream:remotename)%00%(upstream:remoteref) refs/heads/main refs/remotes/main [24ms]
2025-05-12 04:30:43.030 [info] > git for-each-ref --format=%(refname)%00%(upstream:short)%00%(objectname)%00%(upstream:track)%00%(upstream:remotename)%00%(upstream:remoteref) refs/heads/origin/main refs/remotes/origin/main [21ms]
2025-05-12 04:30:43.035 [info] > git config --get commit.template [8ms]
2025-05-12 04:30:43.035 [info] > git for-each-ref --format=%(refname)%00%(upstream:short)%00%(objectname)%00%(upstream:track)%00%(upstream:remotename)%00%(upstream:remoteref) refs/heads/main refs/remotes/main [15ms]
2025-05-12 04:30:43.052 [info] > git status -z -uall [9ms]
2025-05-12 04:30:43.052 [info] > git config --local branch.main.vscode-merge-base [14ms]
2025-05-12 04:30:43.055 [info] > git merge-base refs/heads/main refs/remotes/origin/main [22ms]
2025-05-12 04:30:43.058 [info] > git for-each-ref --sort -committerdate --format %(refname) %(objectname) %(*objectname) [12ms]
2025-05-12 04:30:43.063 [info] > git for-each-ref --format=%(refname)%00%(upstream:short)%00%(objectname)%00%(upstream:track)%00%(upstream:remotename)%00%(upstream:remoteref) refs/heads/main refs/remotes/main [23ms]
2025-05-12 04:30:43.064 [info] > git diff --name-status -z --diff-filter=ADMR 6e366bc68f599c93d5b2306a1622b19a83ab6690...refs/remotes/origin/main [7ms]
2025-05-12 04:30:43.065 [info] > git for-each-ref --format=%(refname)%00%(upstream:short)%00%(objectname)%00%(upstream:track)%00%(upstream:remotename)%00%(upstream:remoteref) refs/heads/origin/main refs/remotes/origin/main [9ms]
2025-05-12 04:30:43.067 [info] > git for-each-ref --sort -committerdate --format %(refname) %(objectname) %(*objectname) [16ms]
2025-05-12 04:30:43.068 [info] > git status -z -uall [19ms]
2025-05-12 04:30:43.069 [info] > git merge-base refs/heads/main refs/remotes/origin/main [7ms]
2025-05-12 04:30:43.082 [info] > git diff --name-status -z --diff-filter=ADMR 6e366bc68f599c93d5b2306a1622b19a83ab6690...refs/remotes/origin/main [11ms]
2025-05-12 04:30:43.082 [info] > git merge-base refs/heads/main refs/remotes/origin/main [15ms]
2025-05-12 04:30:43.086 [info] > git config --get commit.template [4ms]
2025-05-12 04:30:43.086 [info] > git for-each-ref --format=%(refname)%00%(upstream:short)%00%(objectname)%00%(upstream:track)%00%(upstream:remotename)%00%(upstream:remoteref) refs/heads/main refs/remotes/main [9ms]
2025-05-12 04:30:43.097 [info] > git diff --name-status -z --diff-filter=ADMR b82b13244c860b4b7663b453b8013197209cca25...refs/remotes/origin/main [12ms]
2025-05-12 04:30:43.097 [info] > git config --local branch.main.vscode-merge-base [8ms]
2025-05-12 04:30:43.102 [info] > git status -z -uall [11ms]
2025-05-12 04:30:43.102 [info] > git for-each-ref --sort -committerdate --format %(refname) %(objectname) %(*objectname) [8ms]
2025-05-12 04:30:43.105 [info] > git for-each-ref --format=%(refname)%00%(upstream:short)%00%(objectname)%00%(upstream:track)%00%(upstream:remotename)%00%(upstream:remoteref) refs/heads/origin/main refs/remotes/origin/main [6ms]
2025-05-12 04:30:43.109 [info] > git for-each-ref --format=%(refname)%00%(upstream:short)%00%(objectname)%00%(upstream:track)%00%(upstream:remotename)%00%(upstream:remoteref) refs/heads/main refs/remotes/main [13ms]
2025-05-12 04:30:43.117 [info] > git merge-base refs/heads/main refs/remotes/origin/main [9ms]
2025-05-12 04:30:43.123 [info] > git status -z -uall [10ms]
2025-05-12 04:30:43.124 [info] > git for-each-ref --sort -committerdate --format %(refname) %(objectname) %(*objectname) [8ms]
2025-05-12 04:30:43.129 [info] > git diff --name-status -z --diff-filter=ADMR 941598b477db37f454b7d999bb01a8a980ee618a...refs/remotes/origin/main [9ms]
2025-05-12 04:30:43.134 [info] > git merge-base refs/heads/main refs/remotes/origin/main [6ms]
2025-05-12 04:30:43.143 [info] > git diff --name-status -z --diff-filter=ADMR 941598b477db37f454b7d999bb01a8a980ee618a...refs/remotes/origin/main [6ms]
2025-05-12 04:30:43.551 [info] > git check-ignore -v -z --stdin [14ms]
2025-05-12 04:30:43.552 [info] > git check-ignore -v -z --stdin [13ms]
2025-05-12 04:30:43.553 [info] > git check-ignore -v -z --stdin [12ms]
2025-05-12 04:30:43.553 [info] > git check-ignore -v -z --stdin [10ms]
2025-05-12 04:30:43.553 [info] > git check-ignore -v -z --stdin [8ms]
2025-05-12 04:30:43.554 [info] > git check-ignore -v -z --stdin [6ms]
2025-05-12 04:30:44.529 [info] > git check-ignore -v -z --stdin [16ms]
2025-05-12 04:30:44.529 [info] > git check-ignore -v -z --stdin [14ms]
2025-05-12 04:30:44.529 [info] > git check-ignore -v -z --stdin [11ms]
2025-05-12 04:30:44.530 [info] > git check-ignore -v -z --stdin [9ms]
2025-05-12 04:30:44.531 [info] > git check-ignore -v -z --stdin [8ms]
2025-05-12 04:30:44.532 [info] > git check-ignore -v -z --stdin [6ms]
2025-05-12 04:30:45.136 [info] > git check-ignore -v -z --stdin [21ms]
2025-05-12 04:30:45.137 [info] > git check-ignore -v -z --stdin [19ms]
2025-05-12 04:30:45.137 [info] > git check-ignore -v -z --stdin [16ms]
2025-05-12 04:30:45.137 [info] > git check-ignore -v -z --stdin [13ms]
2025-05-12 04:30:45.137 [info] > git check-ignore -v -z --stdin [10ms]
2025-05-12 04:30:45.138 [info] > git check-ignore -v -z --stdin [8ms]
2025-05-12 05:02:47.508 [info] > git rev-parse --show-toplevel [5ms]
2025-05-12 05:02:47.515 [info] > git rev-parse --path-format=relative --show-toplevel [4ms]
2025-05-12 06:26:01.910 [info] > git ls-files --stage -- /home/hwlee4/ICS45C/HW5/gtest/student_gtests.cpp [4ms]
2025-05-12 06:26:01.914 [info] > git show --textconv :gtest/student_gtests.cpp [11ms]
2025-05-12 06:26:01.919 [info] > git cat-file -s b19337a169cd56502ec2087d73fa49bc357dc5b3 [6ms]
