2025-01-13 23:06:44.587 [info] Extension host with pid 27678 started
2025-01-13 23:06:44.612 [info] Lock '/home/hwlee4/.local/share/code-server/User/workspaceStorage/-23e62bf9/vscode.lock': Lock acquired.
2025-01-13 23:06:58.839 [info] ExtensionService#_doActivateExtension vscode.emmet, startup: false, activationEvent: 'onLanguage'
2025-01-13 23:06:59.843 [info] ExtensionService#_doActivateExtension vscode.git-base, startup: true, activationEvent: '*', root cause: vscode.git
2025-01-13 23:07:00.669 [info] ExtensionService#_doActivateExtension vscode.git, startup: true, activationEvent: '*'
2025-01-13 23:07:00.670 [info] ExtensionService#_doActivateExtension vscode.github, startup: true, activationEvent: '*'
2025-01-13 23:07:01.407 [info] Eager extensions activated
2025-01-13 23:07:01.408 [info] ExtensionService#_doActivateExtension vscode.debug-auto-launch, startup: false, activationEvent: 'onStartupFinished'
2025-01-13 23:07:01.409 [info] ExtensionService#_doActivateExtension vscode.merge-conflict, startup: false, activationEvent: 'onStartupFinished'
2025-01-13 23:07:02.955 [info] ExtensionService#_doActivateExtension vscode.github-authentication, startup: false, activationEvent: 'onAuthenticationRequest:github'
2025-01-14 03:20:37.785 [info] Extension host terminating: renderer disconnected for too long (2)
2025-01-14 03:20:37.787 [info] Lock '/home/hwlee4/.local/share/code-server/User/workspaceStorage/-23e62bf9/vscode.lock': Marking the lockfile as scheduled to be released in 6000 ms.
2025-01-14 03:20:37.891 [error] Canceled: Canceled
	at new k (/opt/code-server/lib/vscode/out/vs/workbench/api/node/extensionHostProcess.js:144:34987)
	at E.U (/opt/code-server/lib/vscode/out/vs/workbench/api/node/extensionHostProcess.js:151:6001)
	at M.<computed>.L.charCodeAt.A.CharCode.DollarSign.M.<computed> (/opt/code-server/lib/vscode/out/vs/workbench/api/node/extensionHostProcess.js:151:3076)
	at E.g (/opt/code-server/lib/vscode/out/vs/workbench/api/node/extensionHostProcess.js:154:207442)
	at E.executeCommand (/opt/code-server/lib/vscode/out/vs/workbench/api/node/extensionHostProcess.js:154:206866)
	at N.registerCommand.description (/opt/code-server/lib/vscode/out/vs/workbench/api/node/extensionHostProcess.js:154:206176)
	at E.h (/opt/code-server/lib/vscode/out/vs/workbench/api/node/extensionHostProcess.js:154:207981)
	at E.g (/opt/code-server/lib/vscode/out/vs/workbench/api/node/extensionHostProcess.js:154:206966)
	at E.executeCommand (/opt/code-server/lib/vscode/out/vs/workbench/api/node/extensionHostProcess.js:154:206866)
	at Object.executeCommand (/opt/code-server/lib/vscode/out/vs/workbench/api/node/extensionHostProcess.js:164:23018)
	at n.O [as value] (/opt/code-server/lib/vscode/extensions/git/dist/main.js:2:949496)
	at s.B (/opt/code-server/lib/vscode/out/vs/workbench/api/node/extensionHostProcess.js:83:740)
	at s.C (/opt/code-server/lib/vscode/out/vs/workbench/api/node/extensionHostProcess.js:83:810)
	at s.fire (/opt/code-server/lib/vscode/out/vs/workbench/api/node/extensionHostProcess.js:83:1026)
	at Object.p [as dispose] (/opt/code-server/lib/vscode/extensions/git/dist/main.js:2:968700)
	at /opt/code-server/lib/vscode/extensions/git/dist/main.js:2:974738
	at Array.forEach (<anonymous>)
	at f.dispose (/opt/code-server/lib/vscode/extensions/git/dist/main.js:2:974724)
	at s.<anonymous> (/opt/code-server/lib/vscode/out/vs/workbench/api/node/extensionHostProcess.js:152:4814)
	at s.dispose (/opt/code-server/lib/vscode/out/vs/workbench/api/node/extensionHostProcess.js:152:4949)
	at s.<anonymous> (/opt/code-server/lib/vscode/extensions/git/dist/main.js:2:951753)
	at s.dispose (/opt/code-server/lib/vscode/out/vs/workbench/api/node/extensionHostProcess.js:152:4949)
	at g (/opt/code-server/lib/vscode/out/vs/workbench/api/node/extensionHostProcess.js:30:750)
	at $.eb (/opt/code-server/lib/vscode/out/vs/workbench/api/node/extensionHostProcess.js:160:10809)
	at /opt/code-server/lib/vscode/out/vs/workbench/api/node/extensionHostProcess.js:160:8656
	at Array.map (<anonymous>)
	at $ (/opt/code-server/lib/vscode/out/vs/workbench/api/node/extensionHostProcess.js:160:8644)
	at $.terminate (/opt/code-server/lib/vscode/out/vs/workbench/api/node/extensionHostProcess.js:160:8918)
	at g.terminate (/opt/code-server/lib/vscode/out/vs/workbench/api/node/extensionHostProcess.js:164:1513)
	at s (/opt/code-server/lib/vscode/out/vs/workbench/api/node/extensionHostProcess.js:177:10642)
	at L.a (/opt/code-server/lib/vscode/out/vs/workbench/api/node/extensionHostProcess.js:177:7307)
	at L.h (/opt/code-server/lib/vscode/out/vs/workbench/api/node/extensionHostProcess.js:87:21283)
	at listOnTimeout (node:internal/timers:573:17)
	at process.processTimers (node:internal/timers:514:7) setContext undefined
2025-01-14 03:20:37.896 [error] Canceled: Canceled
	at new k (/opt/code-server/lib/vscode/out/vs/workbench/api/node/extensionHostProcess.js:144:34987)
	at E.U (/opt/code-server/lib/vscode/out/vs/workbench/api/node/extensionHostProcess.js:151:6001)
	at M.<computed>.L.charCodeAt.A.CharCode.DollarSign.M.<computed> (/opt/code-server/lib/vscode/out/vs/workbench/api/node/extensionHostProcess.js:151:3076)
	at E.g (/opt/code-server/lib/vscode/out/vs/workbench/api/node/extensionHostProcess.js:154:207442)
	at E.executeCommand (/opt/code-server/lib/vscode/out/vs/workbench/api/node/extensionHostProcess.js:154:206866)
	at N.registerCommand.description (/opt/code-server/lib/vscode/out/vs/workbench/api/node/extensionHostProcess.js:154:206176)
	at E.h (/opt/code-server/lib/vscode/out/vs/workbench/api/node/extensionHostProcess.js:154:207981)
	at E.g (/opt/code-server/lib/vscode/out/vs/workbench/api/node/extensionHostProcess.js:154:206966)
	at E.executeCommand (/opt/code-server/lib/vscode/out/vs/workbench/api/node/extensionHostProcess.js:154:206866)
	at Object.executeCommand (/opt/code-server/lib/vscode/out/vs/workbench/api/node/extensionHostProcess.js:164:23018)
	at set hasGitHubRepositories [as hasGitHubRepositories] (/opt/code-server/lib/vscode/extensions/github/dist/extension.js:2:322969)
	at /opt/code-server/lib/vscode/extensions/github/dist/extension.js:2:323928
	at n.value (/opt/code-server/lib/vscode/extensions/git/dist/main.js:2:1055238)
	at s.B (/opt/code-server/lib/vscode/out/vs/workbench/api/node/extensionHostProcess.js:83:740)
	at s.C (/opt/code-server/lib/vscode/out/vs/workbench/api/node/extensionHostProcess.js:83:810)
	at s.fire (/opt/code-server/lib/vscode/out/vs/workbench/api/node/extensionHostProcess.js:83:1026)
	at Object.p [as dispose] (/opt/code-server/lib/vscode/extensions/git/dist/main.js:2:968700)
	at /opt/code-server/lib/vscode/extensions/git/dist/main.js:2:974738
	at Array.forEach (<anonymous>)
	at f.dispose (/opt/code-server/lib/vscode/extensions/git/dist/main.js:2:974724)
	at s.<anonymous> (/opt/code-server/lib/vscode/out/vs/workbench/api/node/extensionHostProcess.js:152:4814)
	at s.dispose (/opt/code-server/lib/vscode/out/vs/workbench/api/node/extensionHostProcess.js:152:4949)
	at s.<anonymous> (/opt/code-server/lib/vscode/extensions/git/dist/main.js:2:951753)
	at s.dispose (/opt/code-server/lib/vscode/out/vs/workbench/api/node/extensionHostProcess.js:152:4949)
	at g (/opt/code-server/lib/vscode/out/vs/workbench/api/node/extensionHostProcess.js:30:750)
	at $.eb (/opt/code-server/lib/vscode/out/vs/workbench/api/node/extensionHostProcess.js:160:10809)
	at /opt/code-server/lib/vscode/out/vs/workbench/api/node/extensionHostProcess.js:160:8656
	at Array.map (<anonymous>)
	at $ (/opt/code-server/lib/vscode/out/vs/workbench/api/node/extensionHostProcess.js:160:8644)
	at $.terminate (/opt/code-server/lib/vscode/out/vs/workbench/api/node/extensionHostProcess.js:160:8918)
	at g.terminate (/opt/code-server/lib/vscode/out/vs/workbench/api/node/extensionHostProcess.js:164:1513)
	at s (/opt/code-server/lib/vscode/out/vs/workbench/api/node/extensionHostProcess.js:177:10642)
	at L.a (/opt/code-server/lib/vscode/out/vs/workbench/api/node/extensionHostProcess.js:177:7307)
	at L.h (/opt/code-server/lib/vscode/out/vs/workbench/api/node/extensionHostProcess.js:87:21283)
	at listOnTimeout (node:internal/timers:573:17)
	at process.processTimers (node:internal/timers:514:7) setContext undefined
2025-01-14 03:20:37.896 [info] Extension host with pid 27678 exiting with code 0
2025-01-14 03:27:44.336 [info] Extension host with pid 50207 started
2025-01-14 03:27:44.350 [info] Lock '/home/hwlee4/.local/share/code-server/User/workspaceStorage/-23e62bf9/vscode.lock': Lock acquired.
2025-01-14 03:27:49.137 [info] ExtensionService#_doActivateExtension vscode.emmet, startup: false, activationEvent: 'onLanguage'
2025-01-14 03:27:49.139 [info] ExtensionService#_doActivateExtension vscode.github-authentication, startup: false, activationEvent: 'onAuthenticationRequest:github'
2025-01-14 03:27:49.140 [info] ExtensionService#_doActivateExtension vscode.git-base, startup: false, activationEvent: 'onFileSystem:git', root cause: vscode.git
2025-01-14 03:27:50.616 [info] ExtensionService#_doActivateExtension vscode.git, startup: false, activationEvent: 'onFileSystem:git'
2025-01-14 03:27:50.618 [info] ExtensionService#_doActivateExtension vscode.github, startup: true, activationEvent: '*'
2025-01-14 03:27:52.709 [info] Eager extensions activated
2025-01-14 03:27:52.709 [info] ExtensionService#_doActivateExtension vscode.debug-auto-launch, startup: false, activationEvent: 'onStartupFinished'
2025-01-14 03:27:52.710 [info] ExtensionService#_doActivateExtension vscode.merge-conflict, startup: false, activationEvent: 'onStartupFinished'
2025-01-14 08:08:52.263 [info] Extension host terminating: renderer disconnected for too long (1)
2025-01-14 08:08:52.265 [info] Lock '/home/hwlee4/.local/share/code-server/User/workspaceStorage/-23e62bf9/vscode.lock': Marking the lockfile as scheduled to be released in 6000 ms.
2025-01-14 08:08:52.361 [error] Canceled: Canceled
	at new k (/opt/code-server/lib/vscode/out/vs/workbench/api/node/extensionHostProcess.js:144:34987)
	at E.U (/opt/code-server/lib/vscode/out/vs/workbench/api/node/extensionHostProcess.js:151:6001)
	at M.<computed>.L.charCodeAt.A.CharCode.DollarSign.M.<computed> (/opt/code-server/lib/vscode/out/vs/workbench/api/node/extensionHostProcess.js:151:3076)
	at E.g (/opt/code-server/lib/vscode/out/vs/workbench/api/node/extensionHostProcess.js:154:207442)
	at E.executeCommand (/opt/code-server/lib/vscode/out/vs/workbench/api/node/extensionHostProcess.js:154:206866)
	at N.registerCommand.description (/opt/code-server/lib/vscode/out/vs/workbench/api/node/extensionHostProcess.js:154:206176)
	at E.h (/opt/code-server/lib/vscode/out/vs/workbench/api/node/extensionHostProcess.js:154:207981)
	at E.g (/opt/code-server/lib/vscode/out/vs/workbench/api/node/extensionHostProcess.js:154:206966)
	at E.executeCommand (/opt/code-server/lib/vscode/out/vs/workbench/api/node/extensionHostProcess.js:154:206866)
	at Object.executeCommand (/opt/code-server/lib/vscode/out/vs/workbench/api/node/extensionHostProcess.js:164:23018)
	at n.O [as value] (/opt/code-server/lib/vscode/extensions/git/dist/main.js:2:949496)
	at s.B (/opt/code-server/lib/vscode/out/vs/workbench/api/node/extensionHostProcess.js:83:740)
	at s.C (/opt/code-server/lib/vscode/out/vs/workbench/api/node/extensionHostProcess.js:83:810)
	at s.fire (/opt/code-server/lib/vscode/out/vs/workbench/api/node/extensionHostProcess.js:83:1026)
	at Object.p [as dispose] (/opt/code-server/lib/vscode/extensions/git/dist/main.js:2:968700)
	at /opt/code-server/lib/vscode/extensions/git/dist/main.js:2:974738
	at Array.forEach (<anonymous>)
	at f.dispose (/opt/code-server/lib/vscode/extensions/git/dist/main.js:2:974724)
	at s.<anonymous> (/opt/code-server/lib/vscode/out/vs/workbench/api/node/extensionHostProcess.js:152:4814)
	at s.dispose (/opt/code-server/lib/vscode/out/vs/workbench/api/node/extensionHostProcess.js:152:4949)
	at s.<anonymous> (/opt/code-server/lib/vscode/extensions/git/dist/main.js:2:951753)
	at s.dispose (/opt/code-server/lib/vscode/out/vs/workbench/api/node/extensionHostProcess.js:152:4949)
	at g (/opt/code-server/lib/vscode/out/vs/workbench/api/node/extensionHostProcess.js:30:750)
	at $.eb (/opt/code-server/lib/vscode/out/vs/workbench/api/node/extensionHostProcess.js:160:10809)
	at /opt/code-server/lib/vscode/out/vs/workbench/api/node/extensionHostProcess.js:160:8656
	at Array.map (<anonymous>)
	at $ (/opt/code-server/lib/vscode/out/vs/workbench/api/node/extensionHostProcess.js:160:8644)
	at $.terminate (/opt/code-server/lib/vscode/out/vs/workbench/api/node/extensionHostProcess.js:160:8918)
	at g.terminate (/opt/code-server/lib/vscode/out/vs/workbench/api/node/extensionHostProcess.js:164:1513)
	at s (/opt/code-server/lib/vscode/out/vs/workbench/api/node/extensionHostProcess.js:177:10642)
	at L.a (/opt/code-server/lib/vscode/out/vs/workbench/api/node/extensionHostProcess.js:177:7244)
	at L.h (/opt/code-server/lib/vscode/out/vs/workbench/api/node/extensionHostProcess.js:87:21283)
	at listOnTimeout (node:internal/timers:573:17)
	at process.processTimers (node:internal/timers:514:7) setContext undefined
2025-01-14 08:08:52.364 [error] Canceled: Canceled
	at new k (/opt/code-server/lib/vscode/out/vs/workbench/api/node/extensionHostProcess.js:144:34987)
	at E.U (/opt/code-server/lib/vscode/out/vs/workbench/api/node/extensionHostProcess.js:151:6001)
	at M.<computed>.L.charCodeAt.A.CharCode.DollarSign.M.<computed> (/opt/code-server/lib/vscode/out/vs/workbench/api/node/extensionHostProcess.js:151:3076)
	at E.g (/opt/code-server/lib/vscode/out/vs/workbench/api/node/extensionHostProcess.js:154:207442)
	at E.executeCommand (/opt/code-server/lib/vscode/out/vs/workbench/api/node/extensionHostProcess.js:154:206866)
	at N.registerCommand.description (/opt/code-server/lib/vscode/out/vs/workbench/api/node/extensionHostProcess.js:154:206176)
	at E.h (/opt/code-server/lib/vscode/out/vs/workbench/api/node/extensionHostProcess.js:154:207981)
	at E.g (/opt/code-server/lib/vscode/out/vs/workbench/api/node/extensionHostProcess.js:154:206966)
	at E.executeCommand (/opt/code-server/lib/vscode/out/vs/workbench/api/node/extensionHostProcess.js:154:206866)
	at Object.executeCommand (/opt/code-server/lib/vscode/out/vs/workbench/api/node/extensionHostProcess.js:164:23018)
	at set hasGitHubRepositories [as hasGitHubRepositories] (/opt/code-server/lib/vscode/extensions/github/dist/extension.js:2:322969)
	at /opt/code-server/lib/vscode/extensions/github/dist/extension.js:2:323928
	at n.value (/opt/code-server/lib/vscode/extensions/git/dist/main.js:2:1055238)
	at s.B (/opt/code-server/lib/vscode/out/vs/workbench/api/node/extensionHostProcess.js:83:740)
	at s.C (/opt/code-server/lib/vscode/out/vs/workbench/api/node/extensionHostProcess.js:83:810)
	at s.fire (/opt/code-server/lib/vscode/out/vs/workbench/api/node/extensionHostProcess.js:83:1026)
	at Object.p [as dispose] (/opt/code-server/lib/vscode/extensions/git/dist/main.js:2:968700)
	at /opt/code-server/lib/vscode/extensions/git/dist/main.js:2:974738
	at Array.forEach (<anonymous>)
	at f.dispose (/opt/code-server/lib/vscode/extensions/git/dist/main.js:2:974724)
	at s.<anonymous> (/opt/code-server/lib/vscode/out/vs/workbench/api/node/extensionHostProcess.js:152:4814)
	at s.dispose (/opt/code-server/lib/vscode/out/vs/workbench/api/node/extensionHostProcess.js:152:4949)
	at s.<anonymous> (/opt/code-server/lib/vscode/extensions/git/dist/main.js:2:951753)
	at s.dispose (/opt/code-server/lib/vscode/out/vs/workbench/api/node/extensionHostProcess.js:152:4949)
	at g (/opt/code-server/lib/vscode/out/vs/workbench/api/node/extensionHostProcess.js:30:750)
	at $.eb (/opt/code-server/lib/vscode/out/vs/workbench/api/node/extensionHostProcess.js:160:10809)
	at /opt/code-server/lib/vscode/out/vs/workbench/api/node/extensionHostProcess.js:160:8656
	at Array.map (<anonymous>)
	at $ (/opt/code-server/lib/vscode/out/vs/workbench/api/node/extensionHostProcess.js:160:8644)
	at $.terminate (/opt/code-server/lib/vscode/out/vs/workbench/api/node/extensionHostProcess.js:160:8918)
	at g.terminate (/opt/code-server/lib/vscode/out/vs/workbench/api/node/extensionHostProcess.js:164:1513)
	at s (/opt/code-server/lib/vscode/out/vs/workbench/api/node/extensionHostProcess.js:177:10642)
	at L.a (/opt/code-server/lib/vscode/out/vs/workbench/api/node/extensionHostProcess.js:177:7244)
	at L.h (/opt/code-server/lib/vscode/out/vs/workbench/api/node/extensionHostProcess.js:87:21283)
	at listOnTimeout (node:internal/timers:573:17)
	at process.processTimers (node:internal/timers:514:7) setContext undefined
2025-01-14 08:08:52.364 [info] Extension host with pid 50207 exiting with code 0
