2025-06-06 23:15:25.066 [info] [main] Log level: Info
2025-06-06 23:15:25.066 [info] [main] Validating found git in: "git"
2025-06-06 23:15:25.066 [info] [main] Using git "2.43.0" from "git"
2025-06-06 23:15:25.066 [info] [Model][doInitialScan] Initial repository scan started
2025-06-06 23:15:25.066 [info] > git rev-parse --show-toplevel [5ms]
2025-06-06 23:15:25.066 [info] > git rev-parse --path-format=relative --show-toplevel [3ms]
2025-06-06 23:15:25.066 [info] > git rev-parse --show-toplevel [5ms]
2025-06-06 23:15:25.066 [info] > git rev-parse --path-format=relative --show-toplevel [2ms]
2025-06-06 23:15:25.066 [info] > git rev-parse --git-dir --git-common-dir [3ms]
2025-06-06 23:15:25.066 [info] [Model][openRepository] Opened repository: /home/hwlee4/ICS45C/HW9
2025-06-06 23:15:25.066 [info] > git config --get commit.template [2ms]
2025-06-06 23:15:25.066 [info] > git rev-parse --show-toplevel [5ms]
2025-06-06 23:15:25.066 [info] > git rev-parse --path-format=relative --show-toplevel [2ms]
2025-06-06 23:15:25.066 [info] > git for-each-ref --format=%(refname)%00%(upstream:short)%00%(objectname)%00%(upstream:track)%00%(upstream:remotename)%00%(upstream:remoteref) refs/heads/main refs/remotes/main [9ms]
2025-06-06 23:15:25.066 [info] > git rev-parse --git-dir --git-common-dir [8ms]
2025-06-06 23:15:25.066 [info] [Model][openRepository] Opened repository: /home/hwlee4/ICS45C/HW0
2025-06-06 23:15:25.066 [info] > git status -z -uall [14ms]
2025-06-06 23:15:25.066 [info] > git for-each-ref --sort -committerdate --format %(refname) %(objectname) %(*objectname) [13ms]
2025-06-06 23:15:25.066 [info] > git rev-parse --show-toplevel [15ms]
2025-06-06 23:15:25.066 [info] > git config --get commit.template [19ms]
2025-06-06 23:15:25.066 [info] > git config --get commit.template [9ms]
2025-06-06 23:15:25.066 [info] > git for-each-ref --format=%(refname)%00%(upstream:short)%00%(objectname)%00%(upstream:track)%00%(upstream:remotename)%00%(upstream:remoteref) refs/heads/main refs/remotes/main [14ms]
2025-06-06 23:15:25.066 [info] > git rev-parse --path-format=relative --show-toplevel [10ms]
2025-06-06 23:15:25.066 [info] > git config --local branch.main.vscode-merge-base [9ms]
2025-06-06 23:15:25.066 [info] > git for-each-ref --format=%(refname)%00%(upstream:short)%00%(objectname)%00%(upstream:track)%00%(upstream:remotename)%00%(upstream:remoteref) refs/heads/main refs/remotes/main [19ms]
2025-06-06 23:15:25.066 [info] > git rev-parse --git-dir --git-common-dir [7ms]
2025-06-06 23:15:25.066 [info] [Model][openRepository] Opened repository: /home/hwlee4/ICS45C/HW1
2025-06-06 23:15:25.066 [info] > git for-each-ref --format=%(refname)%00%(upstream:short)%00%(objectname)%00%(upstream:track)%00%(upstream:remotename)%00%(upstream:remoteref) refs/heads/main refs/remotes/main [16ms]
2025-06-06 23:15:25.066 [info] > git for-each-ref --format=%(refname)%00%(upstream:short)%00%(objectname)%00%(upstream:track)%00%(upstream:remotename)%00%(upstream:remoteref) refs/heads/origin/main refs/remotes/origin/main [17ms]
2025-06-06 23:15:25.066 [info] > git merge-base refs/heads/main refs/remotes/origin/main [15ms]
2025-06-06 23:15:25.066 [info] > git rev-parse --show-toplevel [26ms]
2025-06-06 23:15:25.066 [info] > git config --get commit.template [37ms]
2025-06-06 23:15:25.066 [info] > git diff --name-status -z --diff-filter=ADMR e0b6f0055a3db78c58d6911044bb0b2dc01a5e25...refs/remotes/origin/main [21ms]
2025-06-06 23:15:25.066 [info] > git rev-parse --path-format=relative --show-toplevel [13ms]
2025-06-06 23:15:25.066 [info] > git for-each-ref --sort -committerdate --format %(refname) %(objectname) %(*objectname) [11ms]
2025-06-06 23:15:25.066 [info] > git for-each-ref --format=%(refname)%00%(upstream:short)%00%(objectname)%00%(upstream:track)%00%(upstream:remotename)%00%(upstream:remoteref) refs/heads/main refs/remotes/main [11ms]
2025-06-06 23:15:25.066 [info] > git status -z -uall [17ms]
2025-06-06 23:15:25.066 [info] > git status -z -uall [11ms]
2025-06-06 23:15:25.066 [info] > git rev-parse --git-dir --git-common-dir [4ms]
2025-06-06 23:15:25.066 [info] [Model][openRepository] Opened repository: /home/hwlee4/ICS45C/HW2
2025-06-06 23:15:25.066 [info] > git for-each-ref --sort -committerdate --format %(refname) %(objectname) %(*objectname) [21ms]
2025-06-06 23:15:25.066 [info] > git config --get commit.template [6ms]
2025-06-06 23:15:25.066 [info] > git for-each-ref --format=%(refname)%00%(upstream:short)%00%(objectname)%00%(upstream:track)%00%(upstream:remotename)%00%(upstream:remoteref) refs/heads/main refs/remotes/main [15ms]
2025-06-06 23:15:25.066 [info] > git config --get commit.template [10ms]
2025-06-06 23:15:25.066 [info] > git rev-parse --show-toplevel [12ms]
2025-06-06 23:15:25.067 [info] > git config --local branch.main.vscode-merge-base [16ms]
2025-06-06 23:15:25.071 [info] > git for-each-ref --format=%(refname)%00%(upstream:short)%00%(objectname)%00%(upstream:track)%00%(upstream:remotename)%00%(upstream:remoteref) refs/heads/main refs/remotes/main [8ms]
2025-06-06 23:15:25.071 [info] > git for-each-ref --sort -committerdate --format %(refname) %(objectname) %(*objectname) [15ms]
2025-06-06 23:15:25.071 [info] > git rev-parse --path-format=relative --show-toplevel [12ms]
2025-06-06 23:15:25.107 [info] > git status -z -uall [52ms]
2025-06-06 23:15:25.107 [info] > git for-each-ref --format=%(refname)%00%(upstream:short)%00%(objectname)%00%(upstream:track)%00%(upstream:remotename)%00%(upstream:remoteref) refs/heads/main refs/remotes/main [46ms]
2025-06-06 23:15:25.111 [info] > git for-each-ref --format=%(refname)%00%(upstream:short)%00%(objectname)%00%(upstream:track)%00%(upstream:remotename)%00%(upstream:remoteref) refs/heads/origin/main refs/remotes/origin/main [42ms]
2025-06-06 23:15:25.123 [info] > git merge-base refs/heads/main refs/remotes/origin/main [10ms]
2025-06-06 23:15:25.125 [info] > git rev-parse --git-dir --git-common-dir [15ms]
2025-06-06 23:15:25.129 [info] [Model][openRepository] Opened repository: /home/hwlee4/ICS45C/HW3
2025-06-06 23:15:25.140 [info] > git config --get commit.template [18ms]
2025-06-06 23:15:25.140 [info] > git for-each-ref --format=%(refname)%00%(upstream:short)%00%(objectname)%00%(upstream:track)%00%(upstream:remotename)%00%(upstream:remoteref) refs/heads/main refs/remotes/main [21ms]
2025-06-06 23:15:25.149 [info] > git status -z -uall [16ms]
2025-06-06 23:15:25.149 [info] > git config --get commit.template [12ms]
2025-06-06 23:15:25.149 [info] > git for-each-ref --sort -committerdate --format %(refname) %(objectname) %(*objectname) [14ms]
2025-06-06 23:15:25.154 [info] > git diff --name-status -z --diff-filter=ADMR 2de1186af8d356e9b3e6443d56764a6c359645dc...refs/remotes/origin/main [29ms]
2025-06-06 23:15:25.159 [info] > git for-each-ref --sort -committerdate --format %(refname) %(objectname) %(*objectname) [12ms]
2025-06-06 23:15:25.160 [info] > git config --local branch.main.vscode-merge-base [17ms]
2025-06-06 23:15:25.162 [info] > git rev-parse --show-toplevel [23ms]
2025-06-06 23:15:25.167 [info] > git status -z -uall [22ms]
2025-06-06 23:15:25.168 [info] > git merge-base refs/heads/main refs/remotes/origin/main [14ms]
2025-06-06 23:15:25.175 [info] > git for-each-ref --format=%(refname)%00%(upstream:short)%00%(objectname)%00%(upstream:track)%00%(upstream:remotename)%00%(upstream:remoteref) refs/heads/origin/main refs/remotes/origin/main [13ms]
2025-06-06 23:15:25.179 [info] > git rev-parse --path-format=relative --show-toplevel [15ms]
2025-06-06 23:15:25.187 [info] > git for-each-ref --format=%(refname)%00%(upstream:short)%00%(objectname)%00%(upstream:track)%00%(upstream:remotename)%00%(upstream:remoteref) refs/heads/main refs/remotes/main [29ms]
2025-06-06 23:15:25.193 [info] > git merge-base refs/heads/main refs/remotes/origin/main [14ms]
2025-06-06 23:15:25.195 [info] > git diff --name-status -z --diff-filter=ADMR 2de1186af8d356e9b3e6443d56764a6c359645dc...refs/remotes/origin/main [25ms]
2025-06-06 23:15:25.195 [info] > git for-each-ref --format=%(refname)%00%(upstream:short)%00%(objectname)%00%(upstream:track)%00%(upstream:remotename)%00%(upstream:remoteref) refs/heads/main refs/remotes/main [28ms]
2025-06-06 23:15:25.197 [info] > git config --get commit.template [6ms]
2025-06-06 23:15:25.197 [info] > git rev-parse --git-dir --git-common-dir [8ms]
2025-06-06 23:15:25.201 [info] [Model][openRepository] Opened repository: /home/hwlee4/ICS45C/HW4
2025-06-06 23:15:25.202 [info] > git for-each-ref --format=%(refname)%00%(upstream:short)%00%(objectname)%00%(upstream:track)%00%(upstream:remotename)%00%(upstream:remoteref) refs/heads/main refs/remotes/main [17ms]
2025-06-06 23:15:25.209 [info] > git diff --name-status -z --diff-filter=ADMR 1d941fbc59bc10f4d013441e18a8b73cc72449ad...refs/remotes/origin/main [14ms]
2025-06-06 23:15:25.213 [info] > git config --get commit.template [5ms]
2025-06-06 23:15:25.213 [info] > git config --local branch.main.vscode-merge-base [9ms]
2025-06-06 23:15:25.220 [info] > git rev-parse --show-toplevel [11ms]
2025-06-06 23:15:25.229 [info] > git status -z -uall [12ms]
2025-06-06 23:15:25.230 [info] > git for-each-ref --format=%(refname)%00%(upstream:short)%00%(objectname)%00%(upstream:track)%00%(upstream:remotename)%00%(upstream:remoteref) refs/heads/origin/main refs/remotes/origin/main [15ms]
2025-06-06 23:15:25.232 [info] > git for-each-ref --format=%(refname)%00%(upstream:short)%00%(objectname)%00%(upstream:track)%00%(upstream:remotename)%00%(upstream:remoteref) refs/heads/main refs/remotes/main [20ms]
2025-06-06 23:15:25.234 [info] > git for-each-ref --sort -committerdate --format %(refname) %(objectname) %(*objectname) [15ms]
2025-06-06 23:15:25.240 [info] > git rev-parse --path-format=relative --show-toplevel [18ms]
2025-06-06 23:15:25.244 [info] > git status -z -uall [20ms]
2025-06-06 23:15:25.244 [info] > git for-each-ref --format=%(refname)%00%(upstream:short)%00%(objectname)%00%(upstream:track)%00%(upstream:remotename)%00%(upstream:remoteref) refs/heads/main refs/remotes/main [16ms]
2025-06-06 23:15:25.244 [info] > git merge-base refs/heads/main refs/remotes/origin/main [12ms]
2025-06-06 23:15:25.246 [info] > git for-each-ref --sort -committerdate --format %(refname) %(objectname) %(*objectname) [19ms]
2025-06-06 23:15:25.248 [info] > git rev-parse --git-dir --git-common-dir [4ms]
2025-06-06 23:15:25.252 [info] [Model][openRepository] Opened repository: /home/hwlee4/ICS45C/HW5
2025-06-06 23:15:25.269 [info] > git diff --name-status -z --diff-filter=ADMR 6e366bc68f599c93d5b2306a1622b19a83ab6690...refs/remotes/origin/main [23ms]
2025-06-06 23:15:25.275 [info] > git config --get commit.template [9ms]
2025-06-06 23:15:25.275 [info] > git rev-parse --show-toplevel [11ms]
2025-06-06 23:15:25.277 [info] > git config --get commit.template [15ms]
2025-06-06 23:15:25.277 [info] > git for-each-ref --format=%(refname)%00%(upstream:short)%00%(objectname)%00%(upstream:track)%00%(upstream:remotename)%00%(upstream:remoteref) refs/heads/main refs/remotes/main [19ms]
2025-06-06 23:15:25.285 [info] > git status -z -uall [14ms]
2025-06-06 23:15:25.285 [info] > git rev-parse --path-format=relative --show-toplevel [8ms]
2025-06-06 23:15:25.293 [info] > git config --local branch.main.vscode-merge-base [13ms]
2025-06-06 23:15:25.295 [info] > git for-each-ref --sort -committerdate --format %(refname) %(objectname) %(*objectname) [22ms]
2025-06-06 23:15:25.298 [info] > git rev-parse --git-dir --git-common-dir [6ms]
2025-06-06 23:15:25.302 [info] [Model][openRepository] Opened repository: /home/hwlee4/ICS45C/HW6
2025-06-06 23:15:25.303 [info] > git for-each-ref --sort -committerdate --format %(refname) %(objectname) %(*objectname) [19ms]
2025-06-06 23:15:25.308 [info] > git status -z -uall [26ms]
2025-06-06 23:15:25.315 [info] > git for-each-ref --format=%(refname)%00%(upstream:short)%00%(objectname)%00%(upstream:track)%00%(upstream:remotename)%00%(upstream:remoteref) refs/heads/origin/main refs/remotes/origin/main [19ms]
2025-06-06 23:15:25.317 [info] > git for-each-ref --format=%(refname)%00%(upstream:short)%00%(objectname)%00%(upstream:track)%00%(upstream:remotename)%00%(upstream:remoteref) refs/heads/main refs/remotes/main [27ms]
2025-06-06 23:15:25.317 [info] > git for-each-ref --format=%(refname)%00%(upstream:short)%00%(objectname)%00%(upstream:track)%00%(upstream:remotename)%00%(upstream:remoteref) refs/heads/main refs/remotes/main [29ms]
2025-06-06 23:15:25.320 [info] > git rev-parse --show-toplevel [13ms]
2025-06-06 23:15:25.322 [info] > git config --get commit.template [17ms]
2025-06-06 23:15:25.323 [info] > git config --get commit.template [4ms]
2025-06-06 23:15:25.323 [info] > git merge-base refs/heads/main refs/remotes/origin/main [6ms]
2025-06-06 23:15:25.326 [info] > git for-each-ref --format=%(refname)%00%(upstream:short)%00%(objectname)%00%(upstream:track)%00%(upstream:remotename)%00%(upstream:remoteref) refs/heads/main refs/remotes/main [13ms]
2025-06-06 23:15:25.331 [info] > git rev-parse --path-format=relative --show-toplevel [9ms]
2025-06-06 23:15:25.338 [info] > git config --local branch.main.vscode-merge-base [10ms]
2025-06-06 23:15:25.348 [info] > git status -z -uall [13ms]
2025-06-06 23:15:25.348 [info] > git for-each-ref --format=%(refname)%00%(upstream:short)%00%(objectname)%00%(upstream:track)%00%(upstream:remotename)%00%(upstream:remoteref) refs/heads/main refs/remotes/main [15ms]
2025-06-06 23:15:25.348 [info] > git for-each-ref --format=%(refname)%00%(upstream:short)%00%(objectname)%00%(upstream:track)%00%(upstream:remotename)%00%(upstream:remoteref) refs/heads/main refs/remotes/main [18ms]
2025-06-06 23:15:25.348 [info] > git diff --name-status -z --diff-filter=ADMR b82b13244c860b4b7663b453b8013197209cca25...refs/remotes/origin/main [22ms]
2025-06-06 23:15:25.349 [info] > git rev-parse --git-dir --git-common-dir [7ms]
2025-06-06 23:15:25.354 [info] [Model][openRepository] Opened repository: /home/hwlee4/ICS45C/HW7
2025-06-06 23:15:25.355 [info] > git for-each-ref --format=%(refname)%00%(upstream:short)%00%(objectname)%00%(upstream:track)%00%(upstream:remotename)%00%(upstream:remoteref) refs/heads/origin/main refs/remotes/origin/main [15ms]
2025-06-06 23:15:25.358 [info] > git for-each-ref --sort -committerdate --format %(refname) %(objectname) %(*objectname) [21ms]
2025-06-06 23:15:25.365 [info] > git status -z -uall [20ms]
2025-06-06 23:15:25.365 [info] > git for-each-ref --sort -committerdate --format %(refname) %(objectname) %(*objectname) [18ms]
2025-06-06 23:15:25.374 [info] > git rev-parse --show-toplevel [10ms]
2025-06-06 23:15:25.376 [info] > git config --get commit.template [14ms]
2025-06-06 23:15:25.376 [info] > git merge-base refs/heads/main refs/remotes/origin/main [19ms]
2025-06-06 23:15:25.388 [info] > git rev-parse --path-format=relative --show-toplevel [12ms]
2025-06-06 23:15:25.388 [info] > git config --get commit.template [15ms]
2025-06-06 23:15:25.388 [info] > git for-each-ref --format=%(refname)%00%(upstream:short)%00%(objectname)%00%(upstream:track)%00%(upstream:remotename)%00%(upstream:remoteref) refs/heads/main refs/remotes/main [18ms]
2025-06-06 23:15:25.395 [info] > git status -z -uall [15ms]
2025-06-06 23:15:25.395 [info] > git for-each-ref --sort -committerdate --format %(refname) %(objectname) %(*objectname) [13ms]
2025-06-06 23:15:25.400 [info] > git diff --name-status -z --diff-filter=ADMR 941598b477db37f454b7d999bb01a8a980ee618a...refs/remotes/origin/main [22ms]
2025-06-06 23:15:25.404 [info] > git status -z -uall [19ms]
2025-06-06 23:15:25.404 [info] > git rev-parse --git-dir --git-common-dir [10ms]
2025-06-06 23:15:25.410 [info] [Model][openRepository] Opened repository: /home/hwlee4/ICS45C/HW8
2025-06-06 23:15:25.415 [info] [Model][doInitialScan] Initial repository scan completed - repositories (10), closed repositories (0), parent repositories (1), unsafe repositories (0)
2025-06-06 23:15:25.415 [info] > git for-each-ref --sort -committerdate --format %(refname) %(objectname) %(*objectname) [28ms]
2025-06-06 23:15:25.415 [info] > git config --local branch.main.vscode-merge-base [24ms]
2025-06-06 23:15:25.421 [info] > git for-each-ref --format=%(refname)%00%(upstream:short)%00%(objectname)%00%(upstream:track)%00%(upstream:remotename)%00%(upstream:remoteref) refs/heads/main refs/remotes/main [18ms]
2025-06-06 23:15:25.421 [info] > git merge-base refs/heads/main refs/remotes/origin/main [22ms]
2025-06-06 23:15:25.430 [info] > git for-each-ref --format=%(refname)%00%(upstream:short)%00%(objectname)%00%(upstream:track)%00%(upstream:remotename)%00%(upstream:remoteref) refs/heads/main refs/remotes/main [38ms]
2025-06-06 23:15:25.433 [info] > git diff --name-status -z --diff-filter=ADMR 941598b477db37f454b7d999bb01a8a980ee618a...refs/remotes/origin/main [10ms]
2025-06-06 23:15:25.434 [info] > git config --get commit.template [14ms]
2025-06-06 23:15:25.434 [info] > git for-each-ref --format=%(refname)%00%(upstream:short)%00%(objectname)%00%(upstream:track)%00%(upstream:remotename)%00%(upstream:remoteref) refs/heads/origin/main refs/remotes/origin/main [16ms]
2025-06-06 23:15:25.438 [info] > git config --get commit.template [5ms]
2025-06-06 23:15:25.438 [info] > git for-each-ref --format=%(refname)%00%(upstream:short)%00%(objectname)%00%(upstream:track)%00%(upstream:remotename)%00%(upstream:remoteref) refs/heads/main refs/remotes/main [9ms]
2025-06-06 23:15:25.451 [info] > git config --local branch.main.vscode-merge-base [10ms]
2025-06-06 23:15:25.454 [info] > git merge-base refs/heads/main refs/remotes/origin/main [17ms]
2025-06-06 23:15:25.463 [info] > git status -z -uall [17ms]
2025-06-06 23:15:25.463 [info] > git for-each-ref --sort -committerdate --format %(refname) %(objectname) %(*objectname) [15ms]
2025-06-06 23:15:25.468 [info] > git for-each-ref --format=%(refname)%00%(upstream:short)%00%(objectname)%00%(upstream:track)%00%(upstream:remotename)%00%(upstream:remoteref) refs/heads/main refs/remotes/main [25ms]
2025-06-06 23:15:25.469 [info] > git diff --name-status -z --diff-filter=ADMR b451104ec2b07b39c17cd9240a01c9e94c0a7f69...refs/remotes/origin/main [13ms]
2025-06-06 23:15:25.469 [info] > git for-each-ref --format=%(refname)%00%(upstream:short)%00%(objectname)%00%(upstream:track)%00%(upstream:remotename)%00%(upstream:remoteref) refs/heads/origin/main refs/remotes/origin/main [15ms]
2025-06-06 23:15:25.472 [info] > git for-each-ref --format=%(refname)%00%(upstream:short)%00%(objectname)%00%(upstream:track)%00%(upstream:remotename)%00%(upstream:remoteref) refs/heads/main refs/remotes/main [21ms]
2025-06-06 23:15:25.473 [info] > git for-each-ref --sort -committerdate --format %(refname) %(objectname) %(*objectname) [11ms]
2025-06-06 23:15:25.474 [info] > git merge-base refs/heads/main refs/remotes/origin/main [7ms]
2025-06-06 23:15:25.477 [info] > git status -z -uall [18ms]
2025-06-06 23:15:25.494 [info] > git diff --name-status -z --diff-filter=ADMR b451104ec2b07b39c17cd9240a01c9e94c0a7f69...refs/remotes/origin/main [18ms]
2025-06-06 23:15:25.495 [info] > git merge-base refs/heads/main refs/remotes/origin/main [23ms]
2025-06-06 23:15:25.504 [info] > git config --get commit.template [13ms]
2025-06-06 23:15:25.504 [info] > git for-each-ref --sort -committerdate --format %(refname) %(objectname) %(*objectname) [16ms]
2025-06-06 23:15:25.504 [info] > git for-each-ref --format=%(refname)%00%(upstream:short)%00%(objectname)%00%(upstream:track)%00%(upstream:remotename)%00%(upstream:remoteref) refs/heads/main refs/remotes/main [22ms]
2025-06-06 23:15:25.508 [info] > git status -z -uall [21ms]
2025-06-06 23:15:25.514 [info] > git diff --name-status -z --diff-filter=ADMR 4bb5dac197cf12068309673dd415638cca322aab...refs/remotes/origin/main [16ms]
2025-06-06 23:15:25.521 [info] > git status -z -uall [21ms]
2025-06-06 23:15:25.521 [info] > git for-each-ref --sort -committerdate --format %(refname) %(objectname) %(*objectname) [18ms]
2025-06-06 23:15:25.523 [info] > git config --local branch.main.vscode-merge-base [16ms]
2025-06-06 23:15:25.527 [info] > git config --get commit.template [6ms]
2025-06-06 23:15:25.527 [info] > git for-each-ref --format=%(refname)%00%(upstream:short)%00%(objectname)%00%(upstream:track)%00%(upstream:remotename)%00%(upstream:remoteref) refs/heads/main refs/remotes/main [10ms]
2025-06-06 23:15:25.527 [info] > git for-each-ref --format=%(refname)%00%(upstream:short)%00%(objectname)%00%(upstream:track)%00%(upstream:remotename)%00%(upstream:remoteref) refs/heads/main refs/remotes/main [14ms]
2025-06-06 23:15:25.533 [info] > git config --local branch.main.vscode-merge-base [4ms]
2025-06-06 23:15:25.535 [info] > git for-each-ref --format=%(refname)%00%(upstream:short)%00%(objectname)%00%(upstream:track)%00%(upstream:remotename)%00%(upstream:remoteref) refs/heads/origin/main refs/remotes/origin/main [9ms]
2025-06-06 23:15:25.544 [info] > git merge-base refs/heads/main refs/remotes/origin/main [6ms]
2025-06-06 23:15:25.547 [info] > git for-each-ref --format=%(refname)%00%(upstream:short)%00%(objectname)%00%(upstream:track)%00%(upstream:remotename)%00%(upstream:remoteref) refs/heads/origin/main refs/remotes/origin/main [12ms]
2025-06-06 23:15:25.550 [info] > git for-each-ref --format=%(refname)%00%(upstream:short)%00%(objectname)%00%(upstream:track)%00%(upstream:remotename)%00%(upstream:remoteref) refs/heads/main refs/remotes/main [18ms]
2025-06-06 23:15:25.551 [info] > git status -z -uall [10ms]
2025-06-06 23:15:25.551 [info] > git for-each-ref --sort -committerdate --format %(refname) %(objectname) %(*objectname) [8ms]
2025-06-06 23:15:25.556 [info] > git merge-base refs/heads/main refs/remotes/origin/main [7ms]
2025-06-06 23:15:25.558 [info] > git diff --name-status -z --diff-filter=ADMR c515706c8a7b55a1a3b458f4533d90f48011da0f...refs/remotes/origin/main [11ms]
2025-06-06 23:15:25.564 [info] > git merge-base refs/heads/main refs/remotes/origin/main [9ms]
2025-06-06 23:15:25.567 [info] > git diff --name-status -z --diff-filter=ADMR 52f9d53a78422d96c4c8f0e14a1be692698bb17e...refs/remotes/origin/main [9ms]
2025-06-06 23:15:25.572 [info] > git status -z -uall [11ms]
2025-06-06 23:15:25.572 [info] > git for-each-ref --sort -committerdate --format %(refname) %(objectname) %(*objectname) [8ms]
2025-06-06 23:15:25.574 [info] > git diff --name-status -z --diff-filter=ADMR c515706c8a7b55a1a3b458f4533d90f48011da0f...refs/remotes/origin/main [8ms]
2025-06-06 23:15:25.681 [info] > git check-ignore -v -z --stdin [5ms]
2025-06-06 23:15:25.890 [info] > git rev-parse --show-toplevel [3ms]
2025-06-06 23:15:25.896 [info] > git rev-parse --path-format=relative --show-toplevel [3ms]
2025-06-06 23:15:26.379 [info] > git check-ignore -v -z --stdin [5ms]
2025-06-06 23:15:26.605 [info] > git rev-parse --show-toplevel [3ms]
2025-06-06 23:15:26.611 [info] > git rev-parse --path-format=relative --show-toplevel [3ms]
2025-06-06 23:15:27.087 [info] > git rev-parse --show-toplevel [4ms]
2025-06-06 23:15:27.094 [info] > git rev-parse --path-format=relative --show-toplevel [5ms]
2025-06-06 23:15:27.099 [info] > git check-ignore -v -z --stdin [5ms]
2025-06-06 23:15:27.623 [info] > git rev-parse --show-toplevel [3ms]
2025-06-06 23:15:27.628 [info] > git rev-parse --path-format=relative --show-toplevel [3ms]
2025-06-06 23:15:28.118 [info] > git check-ignore -v -z --stdin [5ms]
2025-06-06 23:15:28.966 [info] > git check-ignore -v -z --stdin [6ms]
2025-06-06 23:15:29.705 [info] > git check-ignore -v -z --stdin [4ms]
2025-06-06 23:15:29.790 [info] > git rev-parse --show-toplevel [4ms]
2025-06-06 23:15:29.795 [info] > git rev-parse --path-format=relative --show-toplevel [3ms]
2025-06-06 23:15:29.981 [info] > git rev-parse --show-toplevel [3ms]
2025-06-06 23:15:29.986 [info] > git rev-parse --path-format=relative --show-toplevel [3ms]
2025-06-06 23:15:30.048 [info] > git show --textconv :src/map_array.hpp [8ms]
2025-06-06 23:15:30.048 [info] > git ls-files --stage -- /home/hwlee4/ICS45C/HW9/src/map_array.hpp [6ms]
2025-06-06 23:15:30.057 [info] > git cat-file -s 658988074968b51759c57905b7068a4ecce4998e [6ms]
2025-06-06 23:15:35.664 [info] > git rev-parse --show-toplevel [3ms]
2025-06-06 23:15:35.670 [info] > git rev-parse --path-format=relative --show-toplevel [3ms]
2025-06-06 23:15:37.979 [info] > git check-ignore -v -z --stdin [21ms]
2025-06-06 23:15:37.980 [info] > git check-ignore -v -z --stdin [20ms]
2025-06-06 23:15:37.980 [info] > git check-ignore -v -z --stdin [18ms]
2025-06-06 23:15:37.980 [info] > git check-ignore -v -z --stdin [16ms]
2025-06-06 23:15:37.981 [info] > git check-ignore -v -z --stdin [15ms]
2025-06-06 23:15:37.981 [info] > git check-ignore -v -z --stdin [12ms]
2025-06-06 23:15:37.981 [info] > git check-ignore -v -z --stdin [10ms]
2025-06-06 23:15:37.981 [info] > git check-ignore -v -z --stdin [7ms]
2025-06-06 23:15:37.982 [info] > git check-ignore -v -z --stdin [6ms]
2025-06-06 23:15:37.983 [info] > git check-ignore -v -z --stdin [5ms]
2025-06-06 23:15:38.928 [info] > git log --format=%H%n%aN%n%aE%n%at%n%ct%n%P%n%D%n%B -z --shortstat --diff-merges=first-parent -n50 --skip=0 --topo-order --decorate=full --stdin [26ms]
2025-06-06 23:15:39.002 [info] > git show --textconv :src/mapset_main.cpp [8ms]
2025-06-06 23:15:39.002 [info] > git ls-files --stage -- /home/hwlee4/ICS45C/HW9/src/mapset_main.cpp [5ms]
2025-06-06 23:15:39.010 [info] > git cat-file -s 61aef8da85750f862a54ce15d721bdaa2c523c9f [5ms]
2025-06-06 23:16:41.908 [info] > git config --get commit.template [4ms]
2025-06-06 23:16:41.917 [info] > git for-each-ref --format=%(refname)%00%(upstream:short)%00%(objectname)%00%(upstream:track)%00%(upstream:remotename)%00%(upstream:remoteref) refs/heads/main refs/remotes/main [10ms]
2025-06-06 23:16:41.931 [info] > git for-each-ref --sort -committerdate --format %(refname) %(objectname) %(*objectname) [8ms]
2025-06-06 23:16:41.934 [info] > git status -z -uall [14ms]
2025-06-06 23:16:58.399 [info] > git config --get commit.template [4ms]
2025-06-06 23:16:58.406 [info] > git for-each-ref --format=%(refname)%00%(upstream:short)%00%(objectname)%00%(upstream:track)%00%(upstream:remotename)%00%(upstream:remoteref) refs/heads/main refs/remotes/main [8ms]
2025-06-06 23:16:58.419 [info] > git status -z -uall [9ms]
2025-06-06 23:16:58.420 [info] > git for-each-ref --sort -committerdate --format %(refname) %(objectname) %(*objectname) [8ms]
2025-06-06 23:17:02.790 [info] > git log --format=%H%n%aN%n%aE%n%at%n%ct%n%P%n%D%n%B -z --shortstat --diff-merges=first-parent -n50 --skip=0 --topo-order --decorate=full --stdin [25ms]
2025-06-06 23:17:03.429 [info] > git config --get commit.template [3ms]
2025-06-06 23:17:03.436 [info] > git for-each-ref --format=%(refname)%00%(upstream:short)%00%(objectname)%00%(upstream:track)%00%(upstream:remotename)%00%(upstream:remoteref) refs/heads/main refs/remotes/main [8ms]
2025-06-06 23:17:03.449 [info] > git status -z -uall [9ms]
2025-06-06 23:17:03.449 [info] > git for-each-ref --sort -committerdate --format %(refname) %(objectname) %(*objectname) [8ms]
2025-06-06 23:17:10.684 [info] > git add -A -- . [17ms]
2025-06-06 23:17:10.744 [info] > git -c user.useConfigOnly=true commit --quiet --allow-empty-message --file - [57ms]
2025-06-06 23:17:10.750 [info] > git config --get commit.template [3ms]
2025-06-06 23:17:10.759 [info] > git config --get commit.template [6ms]
2025-06-06 23:17:10.768 [info] > git for-each-ref --format=%(refname)%00%(upstream:short)%00%(objectname)%00%(upstream:track)%00%(upstream:remotename)%00%(upstream:remoteref) refs/heads/main refs/remotes/main [12ms]
2025-06-06 23:17:10.781 [info] > git status -z -uall [10ms]
2025-06-06 23:17:10.781 [info] > git for-each-ref --sort -committerdate --format %(refname) %(objectname) %(*objectname) [8ms]
2025-06-06 23:17:10.795 [info] > git merge-base refs/heads/main refs/remotes/origin/main [8ms]
2025-06-06 23:17:10.804 [info] > git diff --name-status -z --diff-filter=ADMR e0b6f0055a3db78c58d6911044bb0b2dc01a5e25...refs/remotes/origin/main [7ms]
2025-06-06 23:17:10.929 [info] > git log --format=%H%n%aN%n%aE%n%at%n%ct%n%P%n%D%n%B -z --shortstat --diff-merges=first-parent -n50 --skip=0 --topo-order --decorate=full --stdin [30ms]
2025-06-06 23:17:10.944 [info] > git config --get commit.template [4ms]
2025-06-06 23:17:10.952 [info] > git for-each-ref --format=%(refname)%00%(upstream:short)%00%(objectname)%00%(upstream:track)%00%(upstream:remotename)%00%(upstream:remoteref) refs/heads/main refs/remotes/main [9ms]
2025-06-06 23:17:10.965 [info] > git status -z -uall [10ms]
2025-06-06 23:17:10.966 [info] > git for-each-ref --sort -committerdate --format %(refname) %(objectname) %(*objectname) [8ms]
2025-06-06 23:17:12.115 [info] > git ls-files --stage -- /home/hwlee4/ICS45C/HW9/src/mapset_main.cpp [4ms]
2025-06-06 23:17:12.125 [info] > git cat-file -s 5931ed1f22554f1d1d4de99e06195aea47a228df [8ms]
2025-06-06 23:17:12.199 [info] > git show --textconv :src/mapset_main.cpp [9ms]
2025-06-06 23:17:12.264 [info] > git log --oneline --cherry main...main@{upstream} -- [8ms]
2025-06-06 23:17:13.560 [info] > git pull --tags origin main [1293ms]
2025-06-06 23:17:13.560 [info] From github.com:klefstad-teaching/ics-45c-hw9-hwlee4
 * branch            main       -> FETCH_HEAD
2025-06-06 23:17:13.636 [info] > git ls-files --stage -- /home/hwlee4/ICS45C/HW9/src/mapset_main.cpp [4ms]
2025-06-06 23:17:13.643 [info] > git cat-file -s 5931ed1f22554f1d1d4de99e06195aea47a228df [6ms]
2025-06-06 23:17:13.737 [info] > git show --textconv :src/mapset_main.cpp [7ms]
2025-06-06 23:17:14.855 [info] > git push origin main:main [1292ms]
2025-06-06 23:17:14.855 [info] To github.com:klefstad-teaching/ics-45c-hw9-hwlee4.git
   e0b6f00..2ccf40a  main -> main
2025-06-06 23:17:14.862 [info] > git config --get commit.template [4ms]
2025-06-06 23:17:14.869 [info] > git for-each-ref --format=%(refname)%00%(upstream:short)%00%(objectname)%00%(upstream:track)%00%(upstream:remotename)%00%(upstream:remoteref) refs/heads/main refs/remotes/main [9ms]
2025-06-06 23:17:14.882 [info] > git status -z -uall [10ms]
2025-06-06 23:17:14.883 [info] > git for-each-ref --sort -committerdate --format %(refname) %(objectname) %(*objectname) [9ms]
2025-06-06 23:17:14.897 [info] > git merge-base refs/heads/main refs/remotes/origin/main [7ms]
2025-06-06 23:17:14.907 [info] > git diff --name-status -z --diff-filter=ADMR 2ccf40aed92a2e0f4bcfe31e2454acfd384491f0...refs/remotes/origin/main [8ms]
2025-06-06 23:17:15.234 [info] > git log --format=%H%n%aN%n%aE%n%at%n%ct%n%P%n%D%n%B -z --shortstat --diff-merges=first-parent -n50 --skip=0 --topo-order --decorate=full --stdin [26ms]
