2025-04-23 22:26:02.818 [info] Log level: Info
2025-04-23 22:26:02.818 [info] Validating found git in: "git"
2025-04-23 22:26:02.818 [info] Using git "2.34.1" from "git"
2025-04-23 22:26:02.818 [info] > git rev-parse --show-toplevel [7ms]
2025-04-23 22:26:02.818 [info] > git rev-parse --path-format=relative --show-toplevel [4ms]
2025-04-23 22:26:02.818 [info] > git rev-parse --show-toplevel [6ms]
2025-04-23 22:26:02.818 [info] > git rev-parse --path-format=relative --show-toplevel [4ms]
2025-04-23 22:26:02.818 [info] > git rev-parse --git-dir --git-common-dir [6ms]
2025-04-23 22:26:02.818 [info] Open repository: /home/hwlee4/ICS45C/HW3
2025-04-23 22:26:02.818 [info] > git rev-parse --show-toplevel [13ms]
2025-04-23 22:26:02.818 [info] > git config --get commit.template [96ms]
2025-04-23 22:26:02.818 [info] > git rev-parse --path-format=relative --show-toplevel [124ms]
2025-04-23 22:26:02.826 [info] > git for-each-ref --format=%(refname)%00%(upstream:short)%00%(objectname)%00%(upstream:track)%00%(upstream:remotename)%00%(upstream:remoteref) refs/heads/main refs/remotes/main [128ms]
2025-04-23 22:26:02.898 [info] > git rev-parse --git-dir --git-common-dir [74ms]
2025-04-23 22:26:02.907 [info] Open repository: /home/hwlee4/ICS45C/HW0
2025-04-23 22:26:02.995 [info] > git rev-parse --show-toplevel [78ms]
2025-04-23 22:26:03.000 [info] > git config --get commit.template [87ms]
2025-04-23 22:26:03.007 [info] > git rev-parse --path-format=relative --show-toplevel [8ms]
2025-04-23 22:26:03.090 [info] > git status -z -uall [98ms]
2025-04-23 22:26:03.090 [info] > git rev-parse --git-dir --git-common-dir [78ms]
2025-04-23 22:26:03.105 [info] Open repository: /home/hwlee4/ICS45C/HW1
2025-04-23 22:26:03.209 [info] > git for-each-ref --format=%(refname)%00%(upstream:short)%00%(objectname)%00%(upstream:track)%00%(upstream:remotename)%00%(upstream:remoteref) refs/heads/main refs/remotes/main [203ms]
2025-04-23 22:26:03.315 [info] > git for-each-ref --format=%(refname)%00%(upstream:short)%00%(objectname)%00%(upstream:track)%00%(upstream:remotename)%00%(upstream:remoteref) refs/heads/main refs/remotes/main [19ms]
2025-04-23 22:26:03.321 [info] > git rev-parse --show-toplevel [119ms]
2025-04-23 22:26:03.325 [info] > git config --get commit.template [134ms]
2025-04-23 22:26:03.328 [info] > git config --local branch.main.vscode-merge-base [7ms]
2025-04-23 22:26:03.390 [info] > git config --get commit.template [77ms]
2025-04-23 22:26:03.395 [info] > git rev-parse --path-format=relative --show-toplevel [70ms]
2025-04-23 22:26:03.418 [info] > git check-ignore -v -z --stdin [8ms]
2025-04-23 22:26:03.420 [info] > git for-each-ref --format=%(refname)%00%(upstream:short)%00%(objectname)%00%(upstream:track)%00%(upstream:remotename)%00%(upstream:remoteref) refs/heads/main refs/remotes/main [25ms]
2025-04-23 22:26:03.420 [info] > git for-each-ref --format=%(refname)%00%(upstream:short)%00%(objectname)%00%(upstream:track)%00%(upstream:remotename)%00%(upstream:remoteref) refs/heads/origin/main refs/remotes/origin/main [31ms]
2025-04-23 22:26:03.428 [info] > git status -z -uall [28ms]
2025-04-23 22:26:03.428 [info] > git rev-parse --git-dir --git-common-dir [14ms]
2025-04-23 22:26:03.436 [info] Open repository: /home/hwlee4/ICS45C/HW2
2025-04-23 22:26:03.488 [info] > git for-each-ref --format=%(refname)%00%(upstream:short)%00%(objectname)%00%(upstream:track)%00%(upstream:remotename)%00%(upstream:remoteref) refs/heads/main refs/remotes/main [83ms]
2025-04-23 22:26:03.499 [info] > git for-each-ref --format=%(refname)%00%(upstream:short)%00%(objectname)%00%(upstream:track)%00%(upstream:remotename)%00%(upstream:remoteref) refs/heads/main refs/remotes/main [48ms]
2025-04-23 22:26:03.505 [info] > git merge-base refs/heads/main refs/remotes/origin/main [80ms]
2025-04-23 22:26:03.513 [info] > git config --local branch.main.vscode-merge-base [8ms]
2025-04-23 22:26:03.517 [info] > git config --get commit.template [20ms]
2025-04-23 22:26:03.518 [info] > git config --get commit.template [24ms]
2025-04-23 22:26:03.532 [info] > git rev-list --count --left-right refs/heads/main...refs/remotes/origin/main [21ms]
2025-04-23 22:26:03.542 [info] > git for-each-ref --format=%(refname)%00%(upstream:short)%00%(objectname)%00%(upstream:track)%00%(upstream:remotename)%00%(upstream:remoteref) refs/heads/origin/main refs/remotes/origin/main [25ms]
2025-04-23 22:26:03.550 [info] > git status -z -uall [27ms]
2025-04-23 22:26:03.591 [info] > git diff --name-status -z --diff-filter=ADMR b010a3f021a83eb369e2dba227f58fdb7f175efe...refs/remotes/origin/main [55ms]
2025-04-23 22:26:03.592 [info] > git for-each-ref --format=%(refname)%00%(upstream:short)%00%(objectname)%00%(upstream:track)%00%(upstream:remotename)%00%(upstream:remoteref) refs/heads/main refs/remotes/main [61ms]
2025-04-23 22:26:03.592 [info] > git for-each-ref --format=%(refname)%00%(upstream:short)%00%(objectname)%00%(upstream:track)%00%(upstream:remotename)%00%(upstream:remoteref) refs/heads/main refs/remotes/main [65ms]
2025-04-23 22:26:03.598 [info] > git status -z -uall [57ms]
2025-04-23 22:26:03.599 [info] > git merge-base refs/heads/main refs/remotes/origin/main [51ms]
2025-04-23 22:26:03.614 [info] > git rev-list --count --left-right refs/heads/main...refs/remotes/origin/main [11ms]
2025-04-23 22:26:03.619 [info] > git config --get commit.template [23ms]
2025-04-23 22:26:03.620 [info] > git for-each-ref --format=%(refname)%00%(upstream:short)%00%(objectname)%00%(upstream:track)%00%(upstream:remotename)%00%(upstream:remoteref) refs/heads/main refs/remotes/main [65ms]
2025-04-23 22:26:03.647 [info] > git for-each-ref --format=%(refname)%00%(upstream:short)%00%(objectname)%00%(upstream:track)%00%(upstream:remotename)%00%(upstream:remoteref) refs/heads/main refs/remotes/main [39ms]
2025-04-23 22:26:03.664 [info] > git diff --name-status -z --diff-filter=ADMR 2de1186af8d356e9b3e6443d56764a6c359645dc...refs/remotes/origin/main [45ms]
2025-04-23 22:26:03.665 [info] > git config --local branch.main.vscode-merge-base [41ms]
2025-04-23 22:26:03.692 [info] > git for-each-ref --format=%(refname)%00%(upstream:short)%00%(objectname)%00%(upstream:track)%00%(upstream:remotename)%00%(upstream:remoteref) refs/heads/main refs/remotes/main [33ms]
2025-04-23 22:26:03.692 [info] > git rev-parse --show-toplevel [37ms]
2025-04-23 22:26:03.696 [info] > git config --local branch.main.vscode-merge-base [45ms]
2025-04-23 22:26:03.703 [info] > git status -z -uall [40ms]
2025-04-23 22:26:03.703 [info] > git rev-parse --path-format=relative --show-toplevel [7ms]
2025-04-23 22:26:03.704 [info] > git for-each-ref --format=%(refname)%00%(upstream:short)%00%(objectname)%00%(upstream:track)%00%(upstream:remotename)%00%(upstream:remoteref) refs/heads/origin/main refs/remotes/origin/main [35ms]
2025-04-23 22:26:03.717 [info] > git status -z -uall [27ms]
2025-04-23 22:26:03.718 [info] > git merge-base refs/heads/main refs/remotes/origin/main [10ms]
2025-04-23 22:26:03.735 [info] > git for-each-ref --format=%(refname)%00%(upstream:short)%00%(objectname)%00%(upstream:track)%00%(upstream:remotename)%00%(upstream:remoteref) refs/heads/origin/main refs/remotes/origin/main [34ms]
2025-04-23 22:26:03.745 [info] > git rev-list --count --left-right refs/heads/main...refs/remotes/origin/main [23ms]
2025-04-23 22:26:03.750 [info] > git for-each-ref --format=%(refname)%00%(upstream:short)%00%(objectname)%00%(upstream:track)%00%(upstream:remotename)%00%(upstream:remoteref) refs/heads/main refs/remotes/main [37ms]
2025-04-23 22:26:03.761 [info] > git config --get commit.template [22ms]
2025-04-23 22:26:03.761 [info] > git for-each-ref --format=%(refname)%00%(upstream:short)%00%(objectname)%00%(upstream:track)%00%(upstream:remotename)%00%(upstream:remoteref) refs/heads/main refs/remotes/main [34ms]
2025-04-23 22:26:03.767 [info] > git diff --name-status -z --diff-filter=ADMR 1d941fbc59bc10f4d013441e18a8b73cc72449ad...refs/remotes/origin/main [17ms]
2025-04-23 22:26:03.788 [info] > git config --local branch.main.vscode-merge-base [34ms]
2025-04-23 22:26:03.797 [info] > git status -z -uall [37ms]
2025-04-23 22:26:03.797 [info] > git config --local branch.main.vscode-merge-base [32ms]
2025-04-23 22:26:03.804 [info] > git for-each-ref --format=%(refname)%00%(upstream:short)%00%(objectname)%00%(upstream:track)%00%(upstream:remotename)%00%(upstream:remoteref) refs/heads/origin/main refs/remotes/origin/main [12ms]
2025-04-23 22:26:03.813 [info] > git for-each-ref --format=%(refname)%00%(upstream:short)%00%(objectname)%00%(upstream:track)%00%(upstream:remotename)%00%(upstream:remoteref) refs/heads/origin/main refs/remotes/origin/main [11ms]
2025-04-23 22:26:03.817 [info] > git for-each-ref --format=%(refname)%00%(upstream:short)%00%(objectname)%00%(upstream:track)%00%(upstream:remotename)%00%(upstream:remoteref) refs/heads/main refs/remotes/main [21ms]
2025-04-23 22:26:03.824 [info] > git for-each-ref --format=%(refname)%00%(upstream:short)%00%(objectname)%00%(upstream:track)%00%(upstream:remotename)%00%(upstream:remoteref) refs/heads/main refs/remotes/main [15ms]
2025-04-23 22:26:03.830 [info] > git merge-base refs/heads/main refs/remotes/origin/main [13ms]
2025-04-23 22:26:03.837 [info] > git config --local branch.main.vscode-merge-base [9ms]
2025-04-23 22:26:03.842 [info] > git status -z -uall [19ms]
2025-04-23 22:26:03.850 [info] > git rev-list --count --left-right refs/heads/main...refs/remotes/origin/main [16ms]
2025-04-23 22:26:03.855 [info] > git for-each-ref --format=%(refname)%00%(upstream:short)%00%(objectname)%00%(upstream:track)%00%(upstream:remotename)%00%(upstream:remoteref) refs/heads/origin/main refs/remotes/origin/main [13ms]
2025-04-23 22:26:03.889 [info] > git diff --name-status -z --diff-filter=ADMR 6e366bc68f599c93d5b2306a1622b19a83ab6690...refs/remotes/origin/main [35ms]
2025-04-23 22:26:03.889 [info] > git for-each-ref --format=%(refname)%00%(upstream:short)%00%(objectname)%00%(upstream:track)%00%(upstream:remotename)%00%(upstream:remoteref) refs/heads/main refs/remotes/main [42ms]
2025-04-23 22:26:03.894 [info] > git rev-parse --show-toplevel [6ms]
2025-04-23 22:26:03.899 [info] > git config --local branch.main.vscode-merge-base [6ms]
2025-04-23 22:26:03.906 [info] > git rev-parse --path-format=relative --show-toplevel [7ms]
2025-04-23 22:26:03.933 [info] > git for-each-ref --format=%(refname)%00%(upstream:short)%00%(objectname)%00%(upstream:track)%00%(upstream:remotename)%00%(upstream:remoteref) refs/heads/origin/main refs/remotes/origin/main [29ms]
2025-04-23 22:26:04.021 [info] > git rev-parse --show-toplevel [89ms]
2025-04-23 22:26:04.036 [info] > git rev-parse --path-format=relative --show-toplevel [11ms]
2025-04-23 22:26:04.048 [info] > git merge-base refs/heads/main refs/remotes/origin/main [14ms]
2025-04-23 22:26:04.063 [info] > git rev-list --count --left-right refs/heads/main...refs/remotes/origin/main [11ms]
2025-04-23 22:26:04.138 [info] > git check-ignore -v -z --stdin [7ms]
2025-04-23 22:26:04.459 [info] > git merge-base refs/heads/main refs/remotes/origin/main [11ms]
2025-04-23 22:26:04.464 [info] > git merge-base refs/heads/main refs/remotes/origin/main [13ms]
2025-04-23 22:26:04.469 [info] > git merge-base refs/heads/main refs/remotes/origin/main [13ms]
2025-04-23 22:26:04.475 [info] > git rev-list --count --left-right refs/heads/main...refs/remotes/origin/main [11ms]
2025-04-23 22:26:04.480 [info] > git rev-list --count --left-right refs/heads/main...refs/remotes/origin/main [11ms]
2025-04-23 22:26:04.486 [info] > git rev-list --count --left-right refs/heads/main...refs/remotes/origin/main [12ms]
2025-04-23 22:26:04.595 [info] > git ls-files --stage -- /home/hwlee4/ICS45C/HW3/src/string.cpp [6ms]
2025-04-23 22:26:04.600 [info] > git show --textconv :src/string.cpp [16ms]
2025-04-23 22:26:04.608 [info] > git cat-file -s 5362a9fccf1156d34be10a3fb8b93194f621db39 [8ms]
2025-04-23 22:26:04.893 [info] > git rev-parse --show-toplevel [7ms]
2025-04-23 22:26:04.902 [info] > git rev-parse --path-format=relative --show-toplevel [6ms]
2025-04-23 22:26:05.766 [info] > git rev-parse --show-toplevel [7ms]
2025-04-23 22:26:05.774 [info] > git rev-parse --path-format=relative --show-toplevel [5ms]
2025-04-23 22:26:05.784 [info] > git rev-parse --show-toplevel [5ms]
2025-04-23 22:26:05.792 [info] > git rev-parse --path-format=relative --show-toplevel [5ms]
2025-04-23 22:26:06.064 [info] > git rev-parse --show-toplevel [6ms]
2025-04-23 22:26:06.072 [info] > git rev-parse --path-format=relative --show-toplevel [5ms]
2025-04-23 22:30:17.424 [info] > git config --get commit.template [8ms]
2025-04-23 22:30:17.437 [info] > git for-each-ref --format=%(refname)%00%(upstream:short)%00%(objectname)%00%(upstream:track)%00%(upstream:remotename)%00%(upstream:remoteref) refs/heads/main refs/remotes/main [16ms]
2025-04-23 22:30:17.467 [info] > git status -z -uall [24ms]
2025-04-23 22:30:17.489 [info] > git for-each-ref --format=%(refname)%00%(upstream:short)%00%(objectname)%00%(upstream:track)%00%(upstream:remotename)%00%(upstream:remoteref) refs/heads/main refs/remotes/main [13ms]
2025-04-23 22:30:17.499 [info] > git config --local branch.main.vscode-merge-base [5ms]
2025-04-23 22:30:17.515 [info] > git for-each-ref --format=%(refname)%00%(upstream:short)%00%(objectname)%00%(upstream:track)%00%(upstream:remotename)%00%(upstream:remoteref) refs/heads/origin/main refs/remotes/origin/main [10ms]
2025-04-23 22:30:22.498 [info] > git config --get commit.template [5ms]
2025-04-23 22:30:22.508 [info] > git for-each-ref --format=%(refname)%00%(upstream:short)%00%(objectname)%00%(upstream:track)%00%(upstream:remotename)%00%(upstream:remoteref) refs/heads/main refs/remotes/main [11ms]
2025-04-23 22:30:22.529 [info] > git status -z -uall [15ms]
2025-04-23 22:30:22.547 [info] > git for-each-ref --format=%(refname)%00%(upstream:short)%00%(objectname)%00%(upstream:track)%00%(upstream:remotename)%00%(upstream:remoteref) refs/heads/main refs/remotes/main [11ms]
2025-04-23 22:30:22.556 [info] > git config --local branch.main.vscode-merge-base [5ms]
2025-04-23 22:30:22.569 [info] > git for-each-ref --format=%(refname)%00%(upstream:short)%00%(objectname)%00%(upstream:track)%00%(upstream:remotename)%00%(upstream:remoteref) refs/heads/origin/main refs/remotes/origin/main [9ms]
2025-04-23 22:30:27.550 [info] > git config --get commit.template [5ms]
2025-04-23 22:30:27.561 [info] > git for-each-ref --format=%(refname)%00%(upstream:short)%00%(objectname)%00%(upstream:track)%00%(upstream:remotename)%00%(upstream:remoteref) refs/heads/main refs/remotes/main [12ms]
2025-04-23 22:30:27.582 [info] > git status -z -uall [14ms]
2025-04-23 22:30:27.601 [info] > git for-each-ref --format=%(refname)%00%(upstream:short)%00%(objectname)%00%(upstream:track)%00%(upstream:remotename)%00%(upstream:remoteref) refs/heads/main refs/remotes/main [11ms]
2025-04-23 22:30:27.610 [info] > git config --local branch.main.vscode-merge-base [4ms]
2025-04-23 22:30:27.623 [info] > git for-each-ref --format=%(refname)%00%(upstream:short)%00%(objectname)%00%(upstream:track)%00%(upstream:remotename)%00%(upstream:remoteref) refs/heads/origin/main refs/remotes/origin/main [9ms]
2025-04-23 22:30:47.177 [info] > git add -A -- . [23ms]
2025-04-23 22:30:47.253 [info] > git -c user.useConfigOnly=true commit --quiet --allow-empty-message --file - [71ms]
2025-04-23 22:30:47.262 [info] > git config --get commit.template [5ms]
2025-04-23 22:30:47.274 [info] > git config --get commit.template [5ms]
2025-04-23 22:30:47.293 [info] > git for-each-ref --format=%(refname)%00%(upstream:short)%00%(objectname)%00%(upstream:track)%00%(upstream:remotename)%00%(upstream:remoteref) refs/heads/main refs/remotes/main [19ms]
2025-04-23 22:30:47.314 [info] > git status -z -uall [16ms]
2025-04-23 22:30:47.335 [info] > git for-each-ref --format=%(refname)%00%(upstream:short)%00%(objectname)%00%(upstream:track)%00%(upstream:remotename)%00%(upstream:remoteref) refs/heads/main refs/remotes/main [15ms]
2025-04-23 22:30:47.346 [info] > git config --local branch.main.vscode-merge-base [4ms]
2025-04-23 22:30:47.360 [info] > git for-each-ref --format=%(refname)%00%(upstream:short)%00%(objectname)%00%(upstream:track)%00%(upstream:remotename)%00%(upstream:remoteref) refs/heads/origin/main refs/remotes/origin/main [9ms]
2025-04-23 22:30:47.374 [info] > git merge-base refs/heads/main refs/remotes/origin/main [10ms]
2025-04-23 22:30:47.390 [info] > git rev-list --count --left-right refs/heads/main...refs/remotes/origin/main [11ms]
2025-04-23 22:30:47.405 [info] > git diff --name-status -z --diff-filter=ADMR b010a3f021a83eb369e2dba227f58fdb7f175efe...refs/remotes/origin/main [10ms]
2025-04-23 22:30:47.483 [info] > git config --get commit.template [8ms]
2025-04-23 22:30:47.497 [info] > git for-each-ref --format=%(refname)%00%(upstream:short)%00%(objectname)%00%(upstream:track)%00%(upstream:remotename)%00%(upstream:remoteref) refs/heads/main refs/remotes/main [15ms]
2025-04-23 22:30:47.497 [info] > git merge-base refs/heads/main refs/remotes/origin/main [9ms]
2025-04-23 22:30:47.514 [info] > git rev-list --count --left-right refs/heads/main...refs/remotes/origin/main [11ms]
2025-04-23 22:30:47.525 [info] > git status -z -uall [17ms]
2025-04-23 22:30:47.545 [info] > git for-each-ref --format=%(refname)%00%(upstream:short)%00%(objectname)%00%(upstream:track)%00%(upstream:remotename)%00%(upstream:remoteref) refs/heads/main refs/remotes/main [14ms]
2025-04-23 22:30:47.556 [info] > git config --local branch.main.vscode-merge-base [6ms]
2025-04-23 22:30:47.570 [info] > git for-each-ref --format=%(refname)%00%(upstream:short)%00%(objectname)%00%(upstream:track)%00%(upstream:remotename)%00%(upstream:remoteref) refs/heads/origin/main refs/remotes/origin/main [9ms]
2025-04-23 22:30:48.612 [info] > git ls-files --stage -- /home/hwlee4/ICS45C/HW3/src/string.cpp [7ms]
2025-04-23 22:30:48.628 [info] > git cat-file -s 7f710cf986e032ee44339e359f640cca2174ac8a [12ms]
2025-04-23 22:30:48.668 [info] > git show --textconv :src/string.cpp [11ms]
2025-04-23 22:30:49.093 [info] > git log --oneline --cherry main...main@{upstream} -- [14ms]
2025-04-23 22:30:50.395 [info] > git ls-files --stage -- /home/hwlee4/ICS45C/HW3/src/string.cpp [5ms]
2025-04-23 22:30:50.407 [info] > git cat-file -s 7f710cf986e032ee44339e359f640cca2174ac8a [9ms]
2025-04-23 22:30:50.481 [info] > git show --textconv :src/string.cpp [11ms]
2025-04-23 22:30:50.790 [info] > git pull --tags origin main [1691ms]
2025-04-23 22:30:50.791 [info] From github.com:klefstad-teaching/ics-45c-hw3-hwlee4
 * branch            main       -> FETCH_HEAD
2025-04-23 22:30:52.144 [info] > git ls-files --stage -- /home/hwlee4/ICS45C/HW3/src/string.cpp [6ms]
2025-04-23 22:30:52.156 [info] > git cat-file -s 7f710cf986e032ee44339e359f640cca2174ac8a [9ms]
2025-04-23 22:30:52.164 [info] > git push origin main:main [1368ms]
2025-04-23 22:30:52.164 [info] To github.com:klefstad-teaching/ics-45c-hw3-hwlee4.git
   b010a3f..ff5d4b6  main -> main
2025-04-23 22:30:52.177 [info] > git config --get commit.template [7ms]
2025-04-23 22:30:52.189 [info] > git for-each-ref --format=%(refname)%00%(upstream:short)%00%(objectname)%00%(upstream:track)%00%(upstream:remotename)%00%(upstream:remoteref) refs/heads/main refs/remotes/main [13ms]
2025-04-23 22:30:52.213 [info] > git status -z -uall [19ms]
2025-04-23 22:30:52.231 [info] > git show --textconv :src/string.cpp [19ms]
2025-04-23 22:30:52.232 [info] > git for-each-ref --format=%(refname)%00%(upstream:short)%00%(objectname)%00%(upstream:track)%00%(upstream:remotename)%00%(upstream:remoteref) refs/heads/main refs/remotes/main [13ms]
2025-04-23 22:30:52.241 [info] > git config --local branch.main.vscode-merge-base [4ms]
2025-04-23 22:30:52.257 [info] > git for-each-ref --format=%(refname)%00%(upstream:short)%00%(objectname)%00%(upstream:track)%00%(upstream:remotename)%00%(upstream:remoteref) refs/heads/origin/main refs/remotes/origin/main [10ms]
2025-04-23 22:30:52.272 [info] > git merge-base refs/heads/main refs/remotes/origin/main [10ms]
2025-04-23 22:30:52.288 [info] > git rev-list --count --left-right refs/heads/main...refs/remotes/origin/main [11ms]
2025-04-23 22:30:52.307 [info] > git diff --name-status -z --diff-filter=ADMR ff5d4b69d1748d48d3af0de0d462cfc5fc58d6a6...refs/remotes/origin/main [13ms]
2025-04-23 22:30:52.419 [info] > git merge-base refs/heads/main refs/remotes/origin/main [9ms]
2025-04-23 22:30:52.436 [info] > git rev-list --count --left-right refs/heads/main...refs/remotes/origin/main [12ms]
2025-04-23 22:32:14.109 [info] > git config --get commit.template [7ms]
2025-04-23 22:32:14.125 [info] > git for-each-ref --format=%(refname)%00%(upstream:short)%00%(objectname)%00%(upstream:track)%00%(upstream:remotename)%00%(upstream:remoteref) refs/heads/main refs/remotes/main [17ms]
2025-04-23 22:32:14.152 [info] > git ls-files --stage -- /home/hwlee4/ICS45C/HW3/src/string.cpp [6ms]
2025-04-23 22:32:14.158 [info] > git status -z -uall [27ms]
2025-04-23 22:32:14.166 [info] > git cat-file -s 7f710cf986e032ee44339e359f640cca2174ac8a [10ms]
2025-04-23 22:32:14.175 [info] > git for-each-ref --format=%(refname)%00%(upstream:short)%00%(objectname)%00%(upstream:track)%00%(upstream:remotename)%00%(upstream:remoteref) refs/heads/main refs/remotes/main [12ms]
2025-04-23 22:32:14.184 [info] > git config --local branch.main.vscode-merge-base [4ms]
2025-04-23 22:32:14.198 [info] > git for-each-ref --format=%(refname)%00%(upstream:short)%00%(objectname)%00%(upstream:track)%00%(upstream:remotename)%00%(upstream:remoteref) refs/heads/origin/main refs/remotes/origin/main [9ms]
2025-04-23 22:32:14.235 [info] > git show --textconv :src/string.cpp [11ms]
2025-04-23 22:32:33.084 [info] > git config --get commit.template [5ms]
2025-04-23 22:32:33.096 [info] > git for-each-ref --format=%(refname)%00%(upstream:short)%00%(objectname)%00%(upstream:track)%00%(upstream:remotename)%00%(upstream:remoteref) refs/heads/main refs/remotes/main [13ms]
2025-04-23 22:32:33.117 [info] > git status -z -uall [16ms]
2025-04-23 22:32:33.136 [info] > git for-each-ref --format=%(refname)%00%(upstream:short)%00%(objectname)%00%(upstream:track)%00%(upstream:remotename)%00%(upstream:remoteref) refs/heads/main refs/remotes/main [12ms]
2025-04-23 22:32:33.145 [info] > git config --local branch.main.vscode-merge-base [4ms]
2025-04-23 22:32:33.160 [info] > git for-each-ref --format=%(refname)%00%(upstream:short)%00%(objectname)%00%(upstream:track)%00%(upstream:remotename)%00%(upstream:remoteref) refs/heads/origin/main refs/remotes/origin/main [9ms]
2025-04-23 22:32:38.677 [info] > git config --get commit.template [5ms]
2025-04-23 22:32:38.688 [info] > git for-each-ref --format=%(refname)%00%(upstream:short)%00%(objectname)%00%(upstream:track)%00%(upstream:remotename)%00%(upstream:remoteref) refs/heads/main refs/remotes/main [12ms]
2025-04-23 22:32:38.709 [info] > git status -z -uall [15ms]
2025-04-23 22:32:38.726 [info] > git for-each-ref --format=%(refname)%00%(upstream:short)%00%(objectname)%00%(upstream:track)%00%(upstream:remotename)%00%(upstream:remoteref) refs/heads/main refs/remotes/main [12ms]
2025-04-23 22:32:38.735 [info] > git config --local branch.main.vscode-merge-base [5ms]
2025-04-23 22:32:38.748 [info] > git for-each-ref --format=%(refname)%00%(upstream:short)%00%(objectname)%00%(upstream:track)%00%(upstream:remotename)%00%(upstream:remoteref) refs/heads/origin/main refs/remotes/origin/main [9ms]
2025-04-23 22:36:21.213 [info] > git config --get commit.template [6ms]
2025-04-23 22:36:21.229 [info] > git for-each-ref --format=%(refname)%00%(upstream:short)%00%(objectname)%00%(upstream:track)%00%(upstream:remotename)%00%(upstream:remoteref) refs/heads/main refs/remotes/main [17ms]
2025-04-23 22:36:21.262 [info] > git status -z -uall [27ms]
2025-04-23 22:36:21.282 [info] > git for-each-ref --format=%(refname)%00%(upstream:short)%00%(objectname)%00%(upstream:track)%00%(upstream:remotename)%00%(upstream:remoteref) refs/heads/main refs/remotes/main [13ms]
2025-04-23 22:36:21.291 [info] > git config --local branch.main.vscode-merge-base [5ms]
2025-04-23 22:36:21.304 [info] > git for-each-ref --format=%(refname)%00%(upstream:short)%00%(objectname)%00%(upstream:track)%00%(upstream:remotename)%00%(upstream:remoteref) refs/heads/origin/main refs/remotes/origin/main [9ms]
2025-04-23 22:36:26.284 [info] > git config --get commit.template [6ms]
2025-04-23 22:36:26.293 [info] > git for-each-ref --format=%(refname)%00%(upstream:short)%00%(objectname)%00%(upstream:track)%00%(upstream:remotename)%00%(upstream:remoteref) refs/heads/main refs/remotes/main [12ms]
2025-04-23 22:36:26.313 [info] > git status -z -uall [15ms]
2025-04-23 22:36:26.331 [info] > git for-each-ref --format=%(refname)%00%(upstream:short)%00%(objectname)%00%(upstream:track)%00%(upstream:remotename)%00%(upstream:remoteref) refs/heads/main refs/remotes/main [12ms]
2025-04-23 22:36:26.342 [info] > git config --local branch.main.vscode-merge-base [5ms]
2025-04-23 22:36:26.356 [info] > git for-each-ref --format=%(refname)%00%(upstream:short)%00%(objectname)%00%(upstream:track)%00%(upstream:remotename)%00%(upstream:remoteref) refs/heads/origin/main refs/remotes/origin/main [9ms]
2025-04-23 22:36:31.334 [info] > git config --get commit.template [5ms]
2025-04-23 22:36:31.347 [info] > git for-each-ref --format=%(refname)%00%(upstream:short)%00%(objectname)%00%(upstream:track)%00%(upstream:remotename)%00%(upstream:remoteref) refs/heads/main refs/remotes/main [14ms]
2025-04-23 22:36:31.368 [info] > git status -z -uall [16ms]
2025-04-23 22:36:31.385 [info] > git for-each-ref --format=%(refname)%00%(upstream:short)%00%(objectname)%00%(upstream:track)%00%(upstream:remotename)%00%(upstream:remoteref) refs/heads/main refs/remotes/main [12ms]
2025-04-23 22:36:31.394 [info] > git config --local branch.main.vscode-merge-base [5ms]
2025-04-23 22:36:31.408 [info] > git for-each-ref --format=%(refname)%00%(upstream:short)%00%(objectname)%00%(upstream:track)%00%(upstream:remotename)%00%(upstream:remoteref) refs/heads/origin/main refs/remotes/origin/main [10ms]
2025-04-23 22:36:36.387 [info] > git config --get commit.template [5ms]
2025-04-23 22:36:36.398 [info] > git for-each-ref --format=%(refname)%00%(upstream:short)%00%(objectname)%00%(upstream:track)%00%(upstream:remotename)%00%(upstream:remoteref) refs/heads/main refs/remotes/main [12ms]
2025-04-23 22:36:36.419 [info] > git status -z -uall [15ms]
2025-04-23 22:36:36.438 [info] > git for-each-ref --format=%(refname)%00%(upstream:short)%00%(objectname)%00%(upstream:track)%00%(upstream:remotename)%00%(upstream:remoteref) refs/heads/main refs/remotes/main [12ms]
2025-04-23 22:36:36.448 [info] > git config --local branch.main.vscode-merge-base [5ms]
2025-04-23 22:36:36.461 [info] > git for-each-ref --format=%(refname)%00%(upstream:short)%00%(objectname)%00%(upstream:track)%00%(upstream:remotename)%00%(upstream:remoteref) refs/heads/origin/main refs/remotes/origin/main [9ms]
2025-04-23 22:36:51.518 [info] > git config --get commit.template [5ms]
2025-04-23 22:36:51.528 [info] > git for-each-ref --format=%(refname)%00%(upstream:short)%00%(objectname)%00%(upstream:track)%00%(upstream:remotename)%00%(upstream:remoteref) refs/heads/main refs/remotes/main [12ms]
2025-04-23 22:36:51.549 [info] > git status -z -uall [16ms]
2025-04-23 22:36:51.568 [info] > git for-each-ref --format=%(refname)%00%(upstream:short)%00%(objectname)%00%(upstream:track)%00%(upstream:remotename)%00%(upstream:remoteref) refs/heads/main refs/remotes/main [12ms]
2025-04-23 22:36:51.577 [info] > git config --local branch.main.vscode-merge-base [5ms]
2025-04-23 22:36:51.594 [info] > git for-each-ref --format=%(refname)%00%(upstream:short)%00%(objectname)%00%(upstream:track)%00%(upstream:remotename)%00%(upstream:remoteref) refs/heads/origin/main refs/remotes/origin/main [13ms]
2025-04-23 22:36:56.570 [info] > git config --get commit.template [5ms]
2025-04-23 22:36:56.581 [info] > git for-each-ref --format=%(refname)%00%(upstream:short)%00%(objectname)%00%(upstream:track)%00%(upstream:remotename)%00%(upstream:remoteref) refs/heads/main refs/remotes/main [12ms]
2025-04-23 22:36:56.603 [info] > git status -z -uall [16ms]
2025-04-23 22:36:56.620 [info] > git for-each-ref --format=%(refname)%00%(upstream:short)%00%(objectname)%00%(upstream:track)%00%(upstream:remotename)%00%(upstream:remoteref) refs/heads/main refs/remotes/main [12ms]
2025-04-23 22:36:56.630 [info] > git config --local branch.main.vscode-merge-base [4ms]
2025-04-23 22:36:56.643 [info] > git for-each-ref --format=%(refname)%00%(upstream:short)%00%(objectname)%00%(upstream:track)%00%(upstream:remotename)%00%(upstream:remoteref) refs/heads/origin/main refs/remotes/origin/main [9ms]
2025-04-23 22:37:00.344 [info] > git add -A -- . [22ms]
2025-04-23 22:37:00.423 [info] > git -c user.useConfigOnly=true commit --quiet --allow-empty-message --file - [73ms]
2025-04-23 22:37:00.433 [info] > git config --get commit.template [4ms]
2025-04-23 22:37:00.446 [info] > git config --get commit.template [7ms]
2025-04-23 22:37:00.465 [info] > git for-each-ref --format=%(refname)%00%(upstream:short)%00%(objectname)%00%(upstream:track)%00%(upstream:remotename)%00%(upstream:remoteref) refs/heads/main refs/remotes/main [20ms]
2025-04-23 22:37:00.489 [info] > git status -z -uall [18ms]
2025-04-23 22:37:00.509 [info] > git for-each-ref --format=%(refname)%00%(upstream:short)%00%(objectname)%00%(upstream:track)%00%(upstream:remotename)%00%(upstream:remoteref) refs/heads/main refs/remotes/main [13ms]
2025-04-23 22:37:00.520 [info] > git config --local branch.main.vscode-merge-base [6ms]
2025-04-23 22:37:00.535 [info] > git for-each-ref --format=%(refname)%00%(upstream:short)%00%(objectname)%00%(upstream:track)%00%(upstream:remotename)%00%(upstream:remoteref) refs/heads/origin/main refs/remotes/origin/main [9ms]
2025-04-23 22:37:00.550 [info] > git merge-base refs/heads/main refs/remotes/origin/main [10ms]
2025-04-23 22:37:00.567 [info] > git rev-list --count --left-right refs/heads/main...refs/remotes/origin/main [12ms]
2025-04-23 22:37:00.596 [info] > git diff --name-status -z --diff-filter=ADMR ff5d4b69d1748d48d3af0de0d462cfc5fc58d6a6...refs/remotes/origin/main [23ms]
2025-04-23 22:37:00.603 [info] > git config --get commit.template [7ms]
2025-04-23 22:37:00.617 [info] > git for-each-ref --format=%(refname)%00%(upstream:short)%00%(objectname)%00%(upstream:track)%00%(upstream:remotename)%00%(upstream:remoteref) refs/heads/main refs/remotes/main [15ms]
2025-04-23 22:37:00.617 [info] > git merge-base refs/heads/main refs/remotes/origin/main [10ms]
2025-04-23 22:37:00.633 [info] > git rev-list --count --left-right refs/heads/main...refs/remotes/origin/main [12ms]
2025-04-23 22:37:00.642 [info] > git status -z -uall [15ms]
2025-04-23 22:37:00.663 [info] > git for-each-ref --format=%(refname)%00%(upstream:short)%00%(objectname)%00%(upstream:track)%00%(upstream:remotename)%00%(upstream:remoteref) refs/heads/main refs/remotes/main [14ms]
2025-04-23 22:37:00.689 [info] > git config --local branch.main.vscode-merge-base [19ms]
2025-04-23 22:37:00.704 [info] > git for-each-ref --format=%(refname)%00%(upstream:short)%00%(objectname)%00%(upstream:track)%00%(upstream:remotename)%00%(upstream:remoteref) refs/heads/origin/main refs/remotes/origin/main [9ms]
2025-04-23 22:37:01.391 [info] > git log --oneline --cherry main...main@{upstream} -- [14ms]
2025-04-23 22:37:02.666 [info] > git ls-files --stage -- /home/hwlee4/ICS45C/HW3/src/string.cpp [5ms]
2025-04-23 22:37:02.683 [info] > git cat-file -s 15ba3260a5ead6646137b6a53f791e5d2af6dcd0 [13ms]
2025-04-23 22:37:02.726 [info] > git show --textconv :src/string.cpp [10ms]
2025-04-23 22:37:02.751 [info] > git pull --tags origin main [1356ms]
2025-04-23 22:37:02.751 [info] From github.com:klefstad-teaching/ics-45c-hw3-hwlee4
 * branch            main       -> FETCH_HEAD
2025-04-23 22:37:04.138 [info] > git push origin main:main [1383ms]
2025-04-23 22:37:04.138 [info] To github.com:klefstad-teaching/ics-45c-hw3-hwlee4.git
   ff5d4b6..5ed4934  main -> main
2025-04-23 22:37:04.149 [info] > git config --get commit.template [5ms]
2025-04-23 22:37:04.161 [info] > git for-each-ref --format=%(refname)%00%(upstream:short)%00%(objectname)%00%(upstream:track)%00%(upstream:remotename)%00%(upstream:remoteref) refs/heads/main refs/remotes/main [13ms]
2025-04-23 22:37:04.184 [info] > git status -z -uall [18ms]
2025-04-23 22:37:04.205 [info] > git for-each-ref --format=%(refname)%00%(upstream:short)%00%(objectname)%00%(upstream:track)%00%(upstream:remotename)%00%(upstream:remoteref) refs/heads/main refs/remotes/main [13ms]
2025-04-23 22:37:04.214 [info] > git config --local branch.main.vscode-merge-base [4ms]
2025-04-23 22:37:04.231 [info] > git for-each-ref --format=%(refname)%00%(upstream:short)%00%(objectname)%00%(upstream:track)%00%(upstream:remotename)%00%(upstream:remoteref) refs/heads/origin/main refs/remotes/origin/main [12ms]
2025-04-23 22:37:04.246 [info] > git merge-base refs/heads/main refs/remotes/origin/main [10ms]
2025-04-23 22:37:04.262 [info] > git rev-list --count --left-right refs/heads/main...refs/remotes/origin/main [12ms]
2025-04-23 22:37:04.278 [info] > git diff --name-status -z --diff-filter=ADMR 5ed493426caa2b4fc509ed55dc79509e459e94c1...refs/remotes/origin/main [11ms]
2025-04-23 22:37:04.633 [info] > git merge-base refs/heads/main refs/remotes/origin/main [9ms]
2025-04-23 22:37:04.649 [info] > git rev-list --count --left-right refs/heads/main...refs/remotes/origin/main [11ms]
2025-04-23 22:39:00.837 [info] > git config --get commit.template [7ms]
2025-04-23 22:39:00.852 [info] > git for-each-ref --format=%(refname)%00%(upstream:short)%00%(objectname)%00%(upstream:track)%00%(upstream:remotename)%00%(upstream:remoteref) refs/heads/main refs/remotes/main [18ms]
2025-04-23 22:39:00.885 [info] > git status -z -uall [27ms]
2025-04-23 22:39:00.892 [info] > git ls-files --stage -- /home/hwlee4/ICS45C/HW3/src/string.cpp [7ms]
2025-04-23 22:39:00.904 [info] > git for-each-ref --format=%(refname)%00%(upstream:short)%00%(objectname)%00%(upstream:track)%00%(upstream:remotename)%00%(upstream:remoteref) refs/heads/main refs/remotes/main [14ms]
2025-04-23 22:39:00.909 [info] > git cat-file -s 15ba3260a5ead6646137b6a53f791e5d2af6dcd0 [13ms]
2025-04-23 22:39:00.913 [info] > git config --local branch.main.vscode-merge-base [5ms]
2025-04-23 22:39:00.928 [info] > git for-each-ref --format=%(refname)%00%(upstream:short)%00%(objectname)%00%(upstream:track)%00%(upstream:remotename)%00%(upstream:remoteref) refs/heads/origin/main refs/remotes/origin/main [10ms]
2025-04-23 22:39:00.997 [info] > git show --textconv :src/string.cpp [12ms]
2025-04-23 22:39:04.141 [info] > git check-ignore -v -z --stdin [20ms]
2025-04-23 22:39:04.142 [info] > git check-ignore -v -z --stdin [15ms]
2025-04-23 22:39:04.144 [info] > git check-ignore -v -z --stdin [12ms]
2025-04-23 22:39:04.149 [info] > git check-ignore -v -z --stdin [9ms]
2025-04-23 22:39:07.853 [info] > git ls-files --stage -- /home/hwlee4/ICS45C/HW3/gtest/student_gtests.cpp [5ms]
2025-04-23 22:39:07.858 [info] > git show --textconv :gtest/student_gtests.cpp [13ms]
2025-04-23 22:39:07.865 [info] > git cat-file -s a0c5e32c5cdee82964829b8a70161872108411f2 [8ms]
2025-04-23 22:39:45.062 [info] > git config --get commit.template [6ms]
2025-04-23 22:39:45.074 [info] > git for-each-ref --format=%(refname)%00%(upstream:short)%00%(objectname)%00%(upstream:track)%00%(upstream:remotename)%00%(upstream:remoteref) refs/heads/main refs/remotes/main [14ms]
2025-04-23 22:39:45.095 [info] > git status -z -uall [16ms]
2025-04-23 22:39:45.113 [info] > git for-each-ref --format=%(refname)%00%(upstream:short)%00%(objectname)%00%(upstream:track)%00%(upstream:remotename)%00%(upstream:remoteref) refs/heads/main refs/remotes/main [12ms]
2025-04-23 22:39:45.122 [info] > git config --local branch.main.vscode-merge-base [5ms]
2025-04-23 22:39:45.136 [info] > git for-each-ref --format=%(refname)%00%(upstream:short)%00%(objectname)%00%(upstream:track)%00%(upstream:remotename)%00%(upstream:remoteref) refs/heads/origin/main refs/remotes/origin/main [10ms]
2025-04-23 22:39:50.117 [info] > git config --get commit.template [5ms]
2025-04-23 22:39:50.130 [info] > git for-each-ref --format=%(refname)%00%(upstream:short)%00%(objectname)%00%(upstream:track)%00%(upstream:remotename)%00%(upstream:remoteref) refs/heads/main refs/remotes/main [12ms]
2025-04-23 22:39:50.150 [info] > git status -z -uall [15ms]
2025-04-23 22:39:50.168 [info] > git for-each-ref --format=%(refname)%00%(upstream:short)%00%(objectname)%00%(upstream:track)%00%(upstream:remotename)%00%(upstream:remoteref) refs/heads/main refs/remotes/main [12ms]
2025-04-23 22:39:50.178 [info] > git config --local branch.main.vscode-merge-base [5ms]
2025-04-23 22:39:50.193 [info] > git for-each-ref --format=%(refname)%00%(upstream:short)%00%(objectname)%00%(upstream:track)%00%(upstream:remotename)%00%(upstream:remoteref) refs/heads/origin/main refs/remotes/origin/main [10ms]
2025-04-23 22:39:55.168 [info] > git config --get commit.template [6ms]
2025-04-23 22:39:55.179 [info] > git for-each-ref --format=%(refname)%00%(upstream:short)%00%(objectname)%00%(upstream:track)%00%(upstream:remotename)%00%(upstream:remoteref) refs/heads/main refs/remotes/main [12ms]
2025-04-23 22:39:55.200 [info] > git status -z -uall [16ms]
2025-04-23 22:39:55.217 [info] > git for-each-ref --format=%(refname)%00%(upstream:short)%00%(objectname)%00%(upstream:track)%00%(upstream:remotename)%00%(upstream:remoteref) refs/heads/main refs/remotes/main [11ms]
2025-04-23 22:39:55.226 [info] > git config --local branch.main.vscode-merge-base [4ms]
2025-04-23 22:39:55.239 [info] > git for-each-ref --format=%(refname)%00%(upstream:short)%00%(objectname)%00%(upstream:track)%00%(upstream:remotename)%00%(upstream:remoteref) refs/heads/origin/main refs/remotes/origin/main [9ms]
2025-04-23 22:40:00.219 [info] > git config --get commit.template [5ms]
2025-04-23 22:40:00.231 [info] > git for-each-ref --format=%(refname)%00%(upstream:short)%00%(objectname)%00%(upstream:track)%00%(upstream:remotename)%00%(upstream:remoteref) refs/heads/main refs/remotes/main [13ms]
2025-04-23 22:40:00.252 [info] > git status -z -uall [15ms]
2025-04-23 22:40:00.270 [info] > git for-each-ref --format=%(refname)%00%(upstream:short)%00%(objectname)%00%(upstream:track)%00%(upstream:remotename)%00%(upstream:remoteref) refs/heads/main refs/remotes/main [12ms]
2025-04-23 22:40:00.279 [info] > git config --local branch.main.vscode-merge-base [4ms]
2025-04-23 22:40:00.292 [info] > git for-each-ref --format=%(refname)%00%(upstream:short)%00%(objectname)%00%(upstream:track)%00%(upstream:remotename)%00%(upstream:remoteref) refs/heads/origin/main refs/remotes/origin/main [9ms]
2025-04-23 22:40:05.273 [info] > git config --get commit.template [5ms]
2025-04-23 22:40:05.287 [info] > git for-each-ref --format=%(refname)%00%(upstream:short)%00%(objectname)%00%(upstream:track)%00%(upstream:remotename)%00%(upstream:remoteref) refs/heads/main refs/remotes/main [15ms]
2025-04-23 22:40:05.314 [info] > git status -z -uall [22ms]
2025-04-23 22:40:05.333 [info] > git for-each-ref --format=%(refname)%00%(upstream:short)%00%(objectname)%00%(upstream:track)%00%(upstream:remotename)%00%(upstream:remoteref) refs/heads/main refs/remotes/main [13ms]
2025-04-23 22:40:05.344 [info] > git config --local branch.main.vscode-merge-base [5ms]
2025-04-23 22:40:05.358 [info] > git for-each-ref --format=%(refname)%00%(upstream:short)%00%(objectname)%00%(upstream:track)%00%(upstream:remotename)%00%(upstream:remoteref) refs/heads/origin/main refs/remotes/origin/main [9ms]
2025-04-23 22:40:31.222 [info] > git config --get commit.template [5ms]
2025-04-23 22:40:31.234 [info] > git for-each-ref --format=%(refname)%00%(upstream:short)%00%(objectname)%00%(upstream:track)%00%(upstream:remotename)%00%(upstream:remoteref) refs/heads/main refs/remotes/main [12ms]
2025-04-23 22:40:31.256 [info] > git status -z -uall [16ms]
2025-04-23 22:40:31.275 [info] > git for-each-ref --format=%(refname)%00%(upstream:short)%00%(objectname)%00%(upstream:track)%00%(upstream:remotename)%00%(upstream:remoteref) refs/heads/main refs/remotes/main [12ms]
2025-04-23 22:40:31.291 [info] > git config --local branch.main.vscode-merge-base [9ms]
2025-04-23 22:40:31.307 [info] > git for-each-ref --format=%(refname)%00%(upstream:short)%00%(objectname)%00%(upstream:track)%00%(upstream:remotename)%00%(upstream:remoteref) refs/heads/origin/main refs/remotes/origin/main [10ms]
2025-04-23 22:40:36.281 [info] > git config --get commit.template [9ms]
2025-04-23 22:40:36.291 [info] > git for-each-ref --format=%(refname)%00%(upstream:short)%00%(objectname)%00%(upstream:track)%00%(upstream:remotename)%00%(upstream:remoteref) refs/heads/main refs/remotes/main [12ms]
2025-04-23 22:40:36.315 [info] > git status -z -uall [17ms]
2025-04-23 22:40:36.332 [info] > git for-each-ref --format=%(refname)%00%(upstream:short)%00%(objectname)%00%(upstream:track)%00%(upstream:remotename)%00%(upstream:remoteref) refs/heads/main refs/remotes/main [11ms]
2025-04-23 22:40:36.342 [info] > git config --local branch.main.vscode-merge-base [5ms]
2025-04-23 22:40:36.358 [info] > git for-each-ref --format=%(refname)%00%(upstream:short)%00%(objectname)%00%(upstream:track)%00%(upstream:remotename)%00%(upstream:remoteref) refs/heads/origin/main refs/remotes/origin/main [9ms]
2025-04-23 22:40:51.223 [info] > git config --get commit.template [6ms]
2025-04-23 22:40:51.233 [info] > git for-each-ref --format=%(refname)%00%(upstream:short)%00%(objectname)%00%(upstream:track)%00%(upstream:remotename)%00%(upstream:remoteref) refs/heads/main refs/remotes/main [11ms]
2025-04-23 22:40:51.255 [info] > git status -z -uall [17ms]
2025-04-23 22:40:51.274 [info] > git for-each-ref --format=%(refname)%00%(upstream:short)%00%(objectname)%00%(upstream:track)%00%(upstream:remotename)%00%(upstream:remoteref) refs/heads/main refs/remotes/main [13ms]
2025-04-23 22:40:51.285 [info] > git config --local branch.main.vscode-merge-base [5ms]
2025-04-23 22:40:51.301 [info] > git for-each-ref --format=%(refname)%00%(upstream:short)%00%(objectname)%00%(upstream:track)%00%(upstream:remotename)%00%(upstream:remoteref) refs/heads/origin/main refs/remotes/origin/main [10ms]
2025-04-23 22:40:56.275 [info] > git config --get commit.template [6ms]
2025-04-23 22:40:56.287 [info] > git for-each-ref --format=%(refname)%00%(upstream:short)%00%(objectname)%00%(upstream:track)%00%(upstream:remotename)%00%(upstream:remoteref) refs/heads/main refs/remotes/main [13ms]
2025-04-23 22:40:56.308 [info] > git status -z -uall [16ms]
2025-04-23 22:40:56.325 [info] > git for-each-ref --format=%(refname)%00%(upstream:short)%00%(objectname)%00%(upstream:track)%00%(upstream:remotename)%00%(upstream:remoteref) refs/heads/main refs/remotes/main [12ms]
2025-04-23 22:40:56.335 [info] > git config --local branch.main.vscode-merge-base [5ms]
2025-04-23 22:40:56.349 [info] > git for-each-ref --format=%(refname)%00%(upstream:short)%00%(objectname)%00%(upstream:track)%00%(upstream:remotename)%00%(upstream:remoteref) refs/heads/origin/main refs/remotes/origin/main [10ms]
