2025-05-22 04:03:52.512 [info] Extension host with pid 161218 started
2025-05-22 04:03:52.519 [info] Lock '/home/hwlee4/.local/share/code-server/User/workspaceStorage/-1566347b/vscode.lock': Lock acquired.
2025-05-22 04:03:52.932 [info] ExtensionService#_doActivateExtension vscode.git-base, startup: true, activationEvent: '*', root cause: vscode.git
2025-05-22 04:03:53.066 [info] ExtensionService#_doActivateExtension vscode.git, startup: true, activationEvent: '*'
2025-05-22 04:03:53.066 [info] ExtensionService#_doActivateExtension vscode.github, startup: true, activationEvent: '*'
2025-05-22 04:03:53.388 [info] Eager extensions activated
2025-05-22 04:03:53.388 [info] ExtensionService#_doActivateExtension vscode.debug-auto-launch, startup: false, activationEvent: 'onStartupFinished'
2025-05-22 04:03:53.388 [info] ExtensionService#_doActivateExtension vscode.merge-conflict, startup: false, activationEvent: 'onStartupFinished'
2025-05-22 04:03:53.964 [info] ExtensionService#_doActivateExtension vscode.emmet, startup: false, activationEvent: 'onLanguage'
2025-05-22 04:03:54.315 [info] ExtensionService#_doActivateExtension vscode.github-authentication, startup: false, activationEvent: 'onAuthenticationRequest:github'
2025-05-22 04:17:48.189 [info] ExtensionService#_doActivateExtension vscode.npm, startup: false, activationEvent: 'onTerminalQuickFixRequest:ms-vscode.npm-command'
2025-05-22 09:15:24.407 [info] Extension host terminating: renderer disconnected for too long (1)
2025-05-22 09:15:24.408 [info] Lock '/home/hwlee4/.local/share/code-server/User/workspaceStorage/-1566347b/vscode.lock': Marking the lockfile as scheduled to be released in 6000 ms.
2025-05-22 09:15:24.474 [error] Canceled: Canceled
	at new rT (file:///opt/code-server/lib/vscode/out/vs/workbench/api/node/extensionHostProcess.js:31:112694)
	at py.U (file:///opt/code-server/lib/vscode/out/vs/workbench/api/node/extensionHostProcess.js:31:117304)
	at s.<computed>.n.charCodeAt.s.<computed> (file:///opt/code-server/lib/vscode/out/vs/workbench/api/node/extensionHostProcess.js:31:114798)
	at Y0.g (file:///opt/code-server/lib/vscode/out/vs/workbench/api/node/extensionHostProcess.js:114:32313)
	at Y0.executeCommand (file:///opt/code-server/lib/vscode/out/vs/workbench/api/node/extensionHostProcess.js:114:31817)
	at r.registerCommand.description (file:///opt/code-server/lib/vscode/out/vs/workbench/api/node/extensionHostProcess.js:114:31147)
	at Y0.h (file:///opt/code-server/lib/vscode/out/vs/workbench/api/node/extensionHostProcess.js:114:32833)
	at Y0.g (file:///opt/code-server/lib/vscode/out/vs/workbench/api/node/extensionHostProcess.js:114:31910)
	at Y0.executeCommand (file:///opt/code-server/lib/vscode/out/vs/workbench/api/node/extensionHostProcess.js:114:31817)
	at Object.executeCommand (file:///opt/code-server/lib/vscode/out/vs/workbench/api/node/extensionHostProcess.js:156:37246)
	at mh.O [as value] (/opt/code-server/lib/vscode/extensions/git/dist/main.js:2:961845)
	at D.B (file:///opt/code-server/lib/vscode/out/vs/workbench/api/node/extensionHostProcess.js:29:746)
	at D.C (file:///opt/code-server/lib/vscode/out/vs/workbench/api/node/extensionHostProcess.js:29:816)
	at D.fire (file:///opt/code-server/lib/vscode/out/vs/workbench/api/node/extensionHostProcess.js:29:1033)
	at Object.p [as dispose] (/opt/code-server/lib/vscode/extensions/git/dist/main.js:2:983333)
	at /opt/code-server/lib/vscode/extensions/git/dist/main.js:2:989455
	at Array.forEach (<anonymous>)
	at b.dispose (/opt/code-server/lib/vscode/extensions/git/dist/main.js:2:989441)
	at V1.<anonymous> (file:///opt/code-server/lib/vscode/out/vs/workbench/api/node/extensionHostProcess.js:108:19994)
	at V1.dispose (file:///opt/code-server/lib/vscode/out/vs/workbench/api/node/extensionHostProcess.js:108:20090)
	at V1.<anonymous> (/opt/code-server/lib/vscode/extensions/git/dist/main.js:2:964255)
	at V1.dispose (file:///opt/code-server/lib/vscode/out/vs/workbench/api/node/extensionHostProcess.js:108:20090)
	at li (file:///opt/code-server/lib/vscode/out/vs/workbench/api/node/extensionHostProcess.js:24:699)
	at file:///opt/code-server/lib/vscode/out/vs/workbench/api/node/extensionHostProcess.js:118:14992
	at file:///opt/code-server/lib/vscode/out/vs/workbench/api/node/extensionHostProcess.js:24:1009
	at Object.dispose (file:///opt/code-server/lib/vscode/out/vs/workbench/api/node/extensionHostProcess.js:7:2146)
	at V_.eb (file:///opt/code-server/lib/vscode/out/vs/workbench/api/node/extensionHostProcess.js:118:11919)
	at file:///opt/code-server/lib/vscode/out/vs/workbench/api/node/extensionHostProcess.js:118:9874
	at Array.map (<anonymous>)
	at V_.$ (file:///opt/code-server/lib/vscode/out/vs/workbench/api/node/extensionHostProcess.js:118:9862)
	at V_.terminate (file:///opt/code-server/lib/vscode/out/vs/workbench/api/node/extensionHostProcess.js:118:10105)
	at EC.terminate (file:///opt/code-server/lib/vscode/out/vs/workbench/api/node/extensionHostProcess.js:119:1424)
	at Xi (file:///opt/code-server/lib/vscode/out/vs/workbench/api/node/extensionHostProcess.js:174:15085)
	at c5.a (file:///opt/code-server/lib/vscode/out/vs/workbench/api/node/extensionHostProcess.js:174:11936)
	at c5.h (file:///opt/code-server/lib/vscode/out/vs/workbench/api/node/extensionHostProcess.js:30:75745)
	at listOnTimeout (node:internal/timers:581:17)
	at process.processTimers (node:internal/timers:519:7) setContext undefined
2025-05-22 09:15:24.474 [error] Canceled: Canceled
	at new rT (file:///opt/code-server/lib/vscode/out/vs/workbench/api/node/extensionHostProcess.js:31:112694)
	at py.U (file:///opt/code-server/lib/vscode/out/vs/workbench/api/node/extensionHostProcess.js:31:117304)
	at s.<computed>.n.charCodeAt.s.<computed> (file:///opt/code-server/lib/vscode/out/vs/workbench/api/node/extensionHostProcess.js:31:114798)
	at Y0.g (file:///opt/code-server/lib/vscode/out/vs/workbench/api/node/extensionHostProcess.js:114:32313)
	at Y0.executeCommand (file:///opt/code-server/lib/vscode/out/vs/workbench/api/node/extensionHostProcess.js:114:31817)
	at r.registerCommand.description (file:///opt/code-server/lib/vscode/out/vs/workbench/api/node/extensionHostProcess.js:114:31147)
	at Y0.h (file:///opt/code-server/lib/vscode/out/vs/workbench/api/node/extensionHostProcess.js:114:32833)
	at Y0.g (file:///opt/code-server/lib/vscode/out/vs/workbench/api/node/extensionHostProcess.js:114:31910)
	at Y0.executeCommand (file:///opt/code-server/lib/vscode/out/vs/workbench/api/node/extensionHostProcess.js:114:31817)
	at Object.executeCommand (file:///opt/code-server/lib/vscode/out/vs/workbench/api/node/extensionHostProcess.js:156:37246)
	at mh.O [as value] (/opt/code-server/lib/vscode/extensions/git/dist/main.js:2:961845)
	at D.B (file:///opt/code-server/lib/vscode/out/vs/workbench/api/node/extensionHostProcess.js:29:746)
	at D.C (file:///opt/code-server/lib/vscode/out/vs/workbench/api/node/extensionHostProcess.js:29:816)
	at D.fire (file:///opt/code-server/lib/vscode/out/vs/workbench/api/node/extensionHostProcess.js:29:1033)
	at Object.p [as dispose] (/opt/code-server/lib/vscode/extensions/git/dist/main.js:2:983333)
	at /opt/code-server/lib/vscode/extensions/git/dist/main.js:2:989455
	at Array.forEach (<anonymous>)
	at b.dispose (/opt/code-server/lib/vscode/extensions/git/dist/main.js:2:989441)
	at V1.<anonymous> (file:///opt/code-server/lib/vscode/out/vs/workbench/api/node/extensionHostProcess.js:108:19994)
	at V1.dispose (file:///opt/code-server/lib/vscode/out/vs/workbench/api/node/extensionHostProcess.js:108:20090)
	at V1.<anonymous> (/opt/code-server/lib/vscode/extensions/git/dist/main.js:2:964255)
	at V1.dispose (file:///opt/code-server/lib/vscode/out/vs/workbench/api/node/extensionHostProcess.js:108:20090)
	at li (file:///opt/code-server/lib/vscode/out/vs/workbench/api/node/extensionHostProcess.js:24:699)
	at file:///opt/code-server/lib/vscode/out/vs/workbench/api/node/extensionHostProcess.js:118:14992
	at file:///opt/code-server/lib/vscode/out/vs/workbench/api/node/extensionHostProcess.js:24:1009
	at Object.dispose (file:///opt/code-server/lib/vscode/out/vs/workbench/api/node/extensionHostProcess.js:7:2146)
	at V_.eb (file:///opt/code-server/lib/vscode/out/vs/workbench/api/node/extensionHostProcess.js:118:11919)
	at file:///opt/code-server/lib/vscode/out/vs/workbench/api/node/extensionHostProcess.js:118:9874
	at Array.map (<anonymous>)
	at V_.$ (file:///opt/code-server/lib/vscode/out/vs/workbench/api/node/extensionHostProcess.js:118:9862)
	at V_.terminate (file:///opt/code-server/lib/vscode/out/vs/workbench/api/node/extensionHostProcess.js:118:10105)
	at EC.terminate (file:///opt/code-server/lib/vscode/out/vs/workbench/api/node/extensionHostProcess.js:119:1424)
	at Xi (file:///opt/code-server/lib/vscode/out/vs/workbench/api/node/extensionHostProcess.js:174:15085)
	at c5.a (file:///opt/code-server/lib/vscode/out/vs/workbench/api/node/extensionHostProcess.js:174:11936)
	at c5.h (file:///opt/code-server/lib/vscode/out/vs/workbench/api/node/extensionHostProcess.js:30:75745)
	at listOnTimeout (node:internal/timers:581:17)
	at process.processTimers (node:internal/timers:519:7) setContext undefined
2025-05-22 09:15:24.474 [error] Canceled: Canceled
	at new rT (file:///opt/code-server/lib/vscode/out/vs/workbench/api/node/extensionHostProcess.js:31:112694)
	at py.U (file:///opt/code-server/lib/vscode/out/vs/workbench/api/node/extensionHostProcess.js:31:117304)
	at s.<computed>.n.charCodeAt.s.<computed> (file:///opt/code-server/lib/vscode/out/vs/workbench/api/node/extensionHostProcess.js:31:114798)
	at Y0.g (file:///opt/code-server/lib/vscode/out/vs/workbench/api/node/extensionHostProcess.js:114:32313)
	at Y0.executeCommand (file:///opt/code-server/lib/vscode/out/vs/workbench/api/node/extensionHostProcess.js:114:31817)
	at r.registerCommand.description (file:///opt/code-server/lib/vscode/out/vs/workbench/api/node/extensionHostProcess.js:114:31147)
	at Y0.h (file:///opt/code-server/lib/vscode/out/vs/workbench/api/node/extensionHostProcess.js:114:32833)
	at Y0.g (file:///opt/code-server/lib/vscode/out/vs/workbench/api/node/extensionHostProcess.js:114:31910)
	at Y0.executeCommand (file:///opt/code-server/lib/vscode/out/vs/workbench/api/node/extensionHostProcess.js:114:31817)
	at Object.executeCommand (file:///opt/code-server/lib/vscode/out/vs/workbench/api/node/extensionHostProcess.js:156:37246)
	at mh.O [as value] (/opt/code-server/lib/vscode/extensions/git/dist/main.js:2:961845)
	at D.B (file:///opt/code-server/lib/vscode/out/vs/workbench/api/node/extensionHostProcess.js:29:746)
	at D.C (file:///opt/code-server/lib/vscode/out/vs/workbench/api/node/extensionHostProcess.js:29:816)
	at D.fire (file:///opt/code-server/lib/vscode/out/vs/workbench/api/node/extensionHostProcess.js:29:1033)
	at Object.p [as dispose] (/opt/code-server/lib/vscode/extensions/git/dist/main.js:2:983333)
	at /opt/code-server/lib/vscode/extensions/git/dist/main.js:2:989455
	at Array.forEach (<anonymous>)
	at b.dispose (/opt/code-server/lib/vscode/extensions/git/dist/main.js:2:989441)
	at V1.<anonymous> (file:///opt/code-server/lib/vscode/out/vs/workbench/api/node/extensionHostProcess.js:108:19994)
	at V1.dispose (file:///opt/code-server/lib/vscode/out/vs/workbench/api/node/extensionHostProcess.js:108:20090)
	at V1.<anonymous> (/opt/code-server/lib/vscode/extensions/git/dist/main.js:2:964255)
	at V1.dispose (file:///opt/code-server/lib/vscode/out/vs/workbench/api/node/extensionHostProcess.js:108:20090)
	at li (file:///opt/code-server/lib/vscode/out/vs/workbench/api/node/extensionHostProcess.js:24:699)
	at file:///opt/code-server/lib/vscode/out/vs/workbench/api/node/extensionHostProcess.js:118:14992
	at file:///opt/code-server/lib/vscode/out/vs/workbench/api/node/extensionHostProcess.js:24:1009
	at Object.dispose (file:///opt/code-server/lib/vscode/out/vs/workbench/api/node/extensionHostProcess.js:7:2146)
	at V_.eb (file:///opt/code-server/lib/vscode/out/vs/workbench/api/node/extensionHostProcess.js:118:11919)
	at file:///opt/code-server/lib/vscode/out/vs/workbench/api/node/extensionHostProcess.js:118:9874
	at Array.map (<anonymous>)
	at V_.$ (file:///opt/code-server/lib/vscode/out/vs/workbench/api/node/extensionHostProcess.js:118:9862)
	at V_.terminate (file:///opt/code-server/lib/vscode/out/vs/workbench/api/node/extensionHostProcess.js:118:10105)
	at EC.terminate (file:///opt/code-server/lib/vscode/out/vs/workbench/api/node/extensionHostProcess.js:119:1424)
	at Xi (file:///opt/code-server/lib/vscode/out/vs/workbench/api/node/extensionHostProcess.js:174:15085)
	at c5.a (file:///opt/code-server/lib/vscode/out/vs/workbench/api/node/extensionHostProcess.js:174:11936)
	at c5.h (file:///opt/code-server/lib/vscode/out/vs/workbench/api/node/extensionHostProcess.js:30:75745)
	at listOnTimeout (node:internal/timers:581:17)
	at process.processTimers (node:internal/timers:519:7) setContext undefined
2025-05-22 09:15:24.475 [error] Canceled: Canceled
	at new rT (file:///opt/code-server/lib/vscode/out/vs/workbench/api/node/extensionHostProcess.js:31:112694)
	at py.U (file:///opt/code-server/lib/vscode/out/vs/workbench/api/node/extensionHostProcess.js:31:117304)
	at s.<computed>.n.charCodeAt.s.<computed> (file:///opt/code-server/lib/vscode/out/vs/workbench/api/node/extensionHostProcess.js:31:114798)
	at Y0.g (file:///opt/code-server/lib/vscode/out/vs/workbench/api/node/extensionHostProcess.js:114:32313)
	at Y0.executeCommand (file:///opt/code-server/lib/vscode/out/vs/workbench/api/node/extensionHostProcess.js:114:31817)
	at r.registerCommand.description (file:///opt/code-server/lib/vscode/out/vs/workbench/api/node/extensionHostProcess.js:114:31147)
	at Y0.h (file:///opt/code-server/lib/vscode/out/vs/workbench/api/node/extensionHostProcess.js:114:32833)
	at Y0.g (file:///opt/code-server/lib/vscode/out/vs/workbench/api/node/extensionHostProcess.js:114:31910)
	at Y0.executeCommand (file:///opt/code-server/lib/vscode/out/vs/workbench/api/node/extensionHostProcess.js:114:31817)
	at Object.executeCommand (file:///opt/code-server/lib/vscode/out/vs/workbench/api/node/extensionHostProcess.js:156:37246)
	at mh.O [as value] (/opt/code-server/lib/vscode/extensions/git/dist/main.js:2:961845)
	at D.B (file:///opt/code-server/lib/vscode/out/vs/workbench/api/node/extensionHostProcess.js:29:746)
	at D.C (file:///opt/code-server/lib/vscode/out/vs/workbench/api/node/extensionHostProcess.js:29:816)
	at D.fire (file:///opt/code-server/lib/vscode/out/vs/workbench/api/node/extensionHostProcess.js:29:1033)
	at Object.p [as dispose] (/opt/code-server/lib/vscode/extensions/git/dist/main.js:2:983333)
	at /opt/code-server/lib/vscode/extensions/git/dist/main.js:2:989455
	at Array.forEach (<anonymous>)
	at b.dispose (/opt/code-server/lib/vscode/extensions/git/dist/main.js:2:989441)
	at V1.<anonymous> (file:///opt/code-server/lib/vscode/out/vs/workbench/api/node/extensionHostProcess.js:108:19994)
	at V1.dispose (file:///opt/code-server/lib/vscode/out/vs/workbench/api/node/extensionHostProcess.js:108:20090)
	at V1.<anonymous> (/opt/code-server/lib/vscode/extensions/git/dist/main.js:2:964255)
	at V1.dispose (file:///opt/code-server/lib/vscode/out/vs/workbench/api/node/extensionHostProcess.js:108:20090)
	at li (file:///opt/code-server/lib/vscode/out/vs/workbench/api/node/extensionHostProcess.js:24:699)
	at file:///opt/code-server/lib/vscode/out/vs/workbench/api/node/extensionHostProcess.js:118:14992
	at file:///opt/code-server/lib/vscode/out/vs/workbench/api/node/extensionHostProcess.js:24:1009
	at Object.dispose (file:///opt/code-server/lib/vscode/out/vs/workbench/api/node/extensionHostProcess.js:7:2146)
	at V_.eb (file:///opt/code-server/lib/vscode/out/vs/workbench/api/node/extensionHostProcess.js:118:11919)
	at file:///opt/code-server/lib/vscode/out/vs/workbench/api/node/extensionHostProcess.js:118:9874
	at Array.map (<anonymous>)
	at V_.$ (file:///opt/code-server/lib/vscode/out/vs/workbench/api/node/extensionHostProcess.js:118:9862)
	at V_.terminate (file:///opt/code-server/lib/vscode/out/vs/workbench/api/node/extensionHostProcess.js:118:10105)
	at EC.terminate (file:///opt/code-server/lib/vscode/out/vs/workbench/api/node/extensionHostProcess.js:119:1424)
	at Xi (file:///opt/code-server/lib/vscode/out/vs/workbench/api/node/extensionHostProcess.js:174:15085)
	at c5.a (file:///opt/code-server/lib/vscode/out/vs/workbench/api/node/extensionHostProcess.js:174:11936)
	at c5.h (file:///opt/code-server/lib/vscode/out/vs/workbench/api/node/extensionHostProcess.js:30:75745)
	at listOnTimeout (node:internal/timers:581:17)
	at process.processTimers (node:internal/timers:519:7) setContext undefined
2025-05-22 09:15:24.475 [error] Canceled: Canceled
	at new rT (file:///opt/code-server/lib/vscode/out/vs/workbench/api/node/extensionHostProcess.js:31:112694)
	at py.U (file:///opt/code-server/lib/vscode/out/vs/workbench/api/node/extensionHostProcess.js:31:117304)
	at s.<computed>.n.charCodeAt.s.<computed> (file:///opt/code-server/lib/vscode/out/vs/workbench/api/node/extensionHostProcess.js:31:114798)
	at Y0.g (file:///opt/code-server/lib/vscode/out/vs/workbench/api/node/extensionHostProcess.js:114:32313)
	at Y0.executeCommand (file:///opt/code-server/lib/vscode/out/vs/workbench/api/node/extensionHostProcess.js:114:31817)
	at r.registerCommand.description (file:///opt/code-server/lib/vscode/out/vs/workbench/api/node/extensionHostProcess.js:114:31147)
	at Y0.h (file:///opt/code-server/lib/vscode/out/vs/workbench/api/node/extensionHostProcess.js:114:32833)
	at Y0.g (file:///opt/code-server/lib/vscode/out/vs/workbench/api/node/extensionHostProcess.js:114:31910)
	at Y0.executeCommand (file:///opt/code-server/lib/vscode/out/vs/workbench/api/node/extensionHostProcess.js:114:31817)
	at Object.executeCommand (file:///opt/code-server/lib/vscode/out/vs/workbench/api/node/extensionHostProcess.js:156:37246)
	at mh.O [as value] (/opt/code-server/lib/vscode/extensions/git/dist/main.js:2:961845)
	at D.B (file:///opt/code-server/lib/vscode/out/vs/workbench/api/node/extensionHostProcess.js:29:746)
	at D.C (file:///opt/code-server/lib/vscode/out/vs/workbench/api/node/extensionHostProcess.js:29:816)
	at D.fire (file:///opt/code-server/lib/vscode/out/vs/workbench/api/node/extensionHostProcess.js:29:1033)
	at Object.p [as dispose] (/opt/code-server/lib/vscode/extensions/git/dist/main.js:2:983333)
	at /opt/code-server/lib/vscode/extensions/git/dist/main.js:2:989455
	at Array.forEach (<anonymous>)
	at b.dispose (/opt/code-server/lib/vscode/extensions/git/dist/main.js:2:989441)
	at V1.<anonymous> (file:///opt/code-server/lib/vscode/out/vs/workbench/api/node/extensionHostProcess.js:108:19994)
	at V1.dispose (file:///opt/code-server/lib/vscode/out/vs/workbench/api/node/extensionHostProcess.js:108:20090)
	at V1.<anonymous> (/opt/code-server/lib/vscode/extensions/git/dist/main.js:2:964255)
	at V1.dispose (file:///opt/code-server/lib/vscode/out/vs/workbench/api/node/extensionHostProcess.js:108:20090)
	at li (file:///opt/code-server/lib/vscode/out/vs/workbench/api/node/extensionHostProcess.js:24:699)
	at file:///opt/code-server/lib/vscode/out/vs/workbench/api/node/extensionHostProcess.js:118:14992
	at file:///opt/code-server/lib/vscode/out/vs/workbench/api/node/extensionHostProcess.js:24:1009
	at Object.dispose (file:///opt/code-server/lib/vscode/out/vs/workbench/api/node/extensionHostProcess.js:7:2146)
	at V_.eb (file:///opt/code-server/lib/vscode/out/vs/workbench/api/node/extensionHostProcess.js:118:11919)
	at file:///opt/code-server/lib/vscode/out/vs/workbench/api/node/extensionHostProcess.js:118:9874
	at Array.map (<anonymous>)
	at V_.$ (file:///opt/code-server/lib/vscode/out/vs/workbench/api/node/extensionHostProcess.js:118:9862)
	at V_.terminate (file:///opt/code-server/lib/vscode/out/vs/workbench/api/node/extensionHostProcess.js:118:10105)
	at EC.terminate (file:///opt/code-server/lib/vscode/out/vs/workbench/api/node/extensionHostProcess.js:119:1424)
	at Xi (file:///opt/code-server/lib/vscode/out/vs/workbench/api/node/extensionHostProcess.js:174:15085)
	at c5.a (file:///opt/code-server/lib/vscode/out/vs/workbench/api/node/extensionHostProcess.js:174:11936)
	at c5.h (file:///opt/code-server/lib/vscode/out/vs/workbench/api/node/extensionHostProcess.js:30:75745)
	at listOnTimeout (node:internal/timers:581:17)
	at process.processTimers (node:internal/timers:519:7) setContext undefined
2025-05-22 09:15:24.475 [error] Canceled: Canceled
	at new rT (file:///opt/code-server/lib/vscode/out/vs/workbench/api/node/extensionHostProcess.js:31:112694)
	at py.U (file:///opt/code-server/lib/vscode/out/vs/workbench/api/node/extensionHostProcess.js:31:117304)
	at s.<computed>.n.charCodeAt.s.<computed> (file:///opt/code-server/lib/vscode/out/vs/workbench/api/node/extensionHostProcess.js:31:114798)
	at Y0.g (file:///opt/code-server/lib/vscode/out/vs/workbench/api/node/extensionHostProcess.js:114:32313)
	at Y0.executeCommand (file:///opt/code-server/lib/vscode/out/vs/workbench/api/node/extensionHostProcess.js:114:31817)
	at r.registerCommand.description (file:///opt/code-server/lib/vscode/out/vs/workbench/api/node/extensionHostProcess.js:114:31147)
	at Y0.h (file:///opt/code-server/lib/vscode/out/vs/workbench/api/node/extensionHostProcess.js:114:32833)
	at Y0.g (file:///opt/code-server/lib/vscode/out/vs/workbench/api/node/extensionHostProcess.js:114:31910)
	at Y0.executeCommand (file:///opt/code-server/lib/vscode/out/vs/workbench/api/node/extensionHostProcess.js:114:31817)
	at Object.executeCommand (file:///opt/code-server/lib/vscode/out/vs/workbench/api/node/extensionHostProcess.js:156:37246)
	at mh.O [as value] (/opt/code-server/lib/vscode/extensions/git/dist/main.js:2:961845)
	at D.B (file:///opt/code-server/lib/vscode/out/vs/workbench/api/node/extensionHostProcess.js:29:746)
	at D.C (file:///opt/code-server/lib/vscode/out/vs/workbench/api/node/extensionHostProcess.js:29:816)
	at D.fire (file:///opt/code-server/lib/vscode/out/vs/workbench/api/node/extensionHostProcess.js:29:1033)
	at Object.p [as dispose] (/opt/code-server/lib/vscode/extensions/git/dist/main.js:2:983333)
	at /opt/code-server/lib/vscode/extensions/git/dist/main.js:2:989455
	at Array.forEach (<anonymous>)
	at b.dispose (/opt/code-server/lib/vscode/extensions/git/dist/main.js:2:989441)
	at V1.<anonymous> (file:///opt/code-server/lib/vscode/out/vs/workbench/api/node/extensionHostProcess.js:108:19994)
	at V1.dispose (file:///opt/code-server/lib/vscode/out/vs/workbench/api/node/extensionHostProcess.js:108:20090)
	at V1.<anonymous> (/opt/code-server/lib/vscode/extensions/git/dist/main.js:2:964255)
	at V1.dispose (file:///opt/code-server/lib/vscode/out/vs/workbench/api/node/extensionHostProcess.js:108:20090)
	at li (file:///opt/code-server/lib/vscode/out/vs/workbench/api/node/extensionHostProcess.js:24:699)
	at file:///opt/code-server/lib/vscode/out/vs/workbench/api/node/extensionHostProcess.js:118:14992
	at file:///opt/code-server/lib/vscode/out/vs/workbench/api/node/extensionHostProcess.js:24:1009
	at Object.dispose (file:///opt/code-server/lib/vscode/out/vs/workbench/api/node/extensionHostProcess.js:7:2146)
	at V_.eb (file:///opt/code-server/lib/vscode/out/vs/workbench/api/node/extensionHostProcess.js:118:11919)
	at file:///opt/code-server/lib/vscode/out/vs/workbench/api/node/extensionHostProcess.js:118:9874
	at Array.map (<anonymous>)
	at V_.$ (file:///opt/code-server/lib/vscode/out/vs/workbench/api/node/extensionHostProcess.js:118:9862)
	at V_.terminate (file:///opt/code-server/lib/vscode/out/vs/workbench/api/node/extensionHostProcess.js:118:10105)
	at EC.terminate (file:///opt/code-server/lib/vscode/out/vs/workbench/api/node/extensionHostProcess.js:119:1424)
	at Xi (file:///opt/code-server/lib/vscode/out/vs/workbench/api/node/extensionHostProcess.js:174:15085)
	at c5.a (file:///opt/code-server/lib/vscode/out/vs/workbench/api/node/extensionHostProcess.js:174:11936)
	at c5.h (file:///opt/code-server/lib/vscode/out/vs/workbench/api/node/extensionHostProcess.js:30:75745)
	at listOnTimeout (node:internal/timers:581:17)
	at process.processTimers (node:internal/timers:519:7) setContext undefined
2025-05-22 09:15:24.475 [error] Canceled: Canceled
	at new rT (file:///opt/code-server/lib/vscode/out/vs/workbench/api/node/extensionHostProcess.js:31:112694)
	at py.U (file:///opt/code-server/lib/vscode/out/vs/workbench/api/node/extensionHostProcess.js:31:117304)
	at s.<computed>.n.charCodeAt.s.<computed> (file:///opt/code-server/lib/vscode/out/vs/workbench/api/node/extensionHostProcess.js:31:114798)
	at Y0.g (file:///opt/code-server/lib/vscode/out/vs/workbench/api/node/extensionHostProcess.js:114:32313)
	at Y0.executeCommand (file:///opt/code-server/lib/vscode/out/vs/workbench/api/node/extensionHostProcess.js:114:31817)
	at r.registerCommand.description (file:///opt/code-server/lib/vscode/out/vs/workbench/api/node/extensionHostProcess.js:114:31147)
	at Y0.h (file:///opt/code-server/lib/vscode/out/vs/workbench/api/node/extensionHostProcess.js:114:32833)
	at Y0.g (file:///opt/code-server/lib/vscode/out/vs/workbench/api/node/extensionHostProcess.js:114:31910)
	at Y0.executeCommand (file:///opt/code-server/lib/vscode/out/vs/workbench/api/node/extensionHostProcess.js:114:31817)
	at Object.executeCommand (file:///opt/code-server/lib/vscode/out/vs/workbench/api/node/extensionHostProcess.js:156:37246)
	at mh.O [as value] (/opt/code-server/lib/vscode/extensions/git/dist/main.js:2:961845)
	at D.B (file:///opt/code-server/lib/vscode/out/vs/workbench/api/node/extensionHostProcess.js:29:746)
	at D.C (file:///opt/code-server/lib/vscode/out/vs/workbench/api/node/extensionHostProcess.js:29:816)
	at D.fire (file:///opt/code-server/lib/vscode/out/vs/workbench/api/node/extensionHostProcess.js:29:1033)
	at Object.p [as dispose] (/opt/code-server/lib/vscode/extensions/git/dist/main.js:2:983333)
	at /opt/code-server/lib/vscode/extensions/git/dist/main.js:2:989455
	at Array.forEach (<anonymous>)
	at b.dispose (/opt/code-server/lib/vscode/extensions/git/dist/main.js:2:989441)
	at V1.<anonymous> (file:///opt/code-server/lib/vscode/out/vs/workbench/api/node/extensionHostProcess.js:108:19994)
	at V1.dispose (file:///opt/code-server/lib/vscode/out/vs/workbench/api/node/extensionHostProcess.js:108:20090)
	at V1.<anonymous> (/opt/code-server/lib/vscode/extensions/git/dist/main.js:2:964255)
	at V1.dispose (file:///opt/code-server/lib/vscode/out/vs/workbench/api/node/extensionHostProcess.js:108:20090)
	at li (file:///opt/code-server/lib/vscode/out/vs/workbench/api/node/extensionHostProcess.js:24:699)
	at file:///opt/code-server/lib/vscode/out/vs/workbench/api/node/extensionHostProcess.js:118:14992
	at file:///opt/code-server/lib/vscode/out/vs/workbench/api/node/extensionHostProcess.js:24:1009
	at Object.dispose (file:///opt/code-server/lib/vscode/out/vs/workbench/api/node/extensionHostProcess.js:7:2146)
	at V_.eb (file:///opt/code-server/lib/vscode/out/vs/workbench/api/node/extensionHostProcess.js:118:11919)
	at file:///opt/code-server/lib/vscode/out/vs/workbench/api/node/extensionHostProcess.js:118:9874
	at Array.map (<anonymous>)
	at V_.$ (file:///opt/code-server/lib/vscode/out/vs/workbench/api/node/extensionHostProcess.js:118:9862)
	at V_.terminate (file:///opt/code-server/lib/vscode/out/vs/workbench/api/node/extensionHostProcess.js:118:10105)
	at EC.terminate (file:///opt/code-server/lib/vscode/out/vs/workbench/api/node/extensionHostProcess.js:119:1424)
	at Xi (file:///opt/code-server/lib/vscode/out/vs/workbench/api/node/extensionHostProcess.js:174:15085)
	at c5.a (file:///opt/code-server/lib/vscode/out/vs/workbench/api/node/extensionHostProcess.js:174:11936)
	at c5.h (file:///opt/code-server/lib/vscode/out/vs/workbench/api/node/extensionHostProcess.js:30:75745)
	at listOnTimeout (node:internal/timers:581:17)
	at process.processTimers (node:internal/timers:519:7) setContext undefined
2025-05-22 09:15:24.476 [error] Canceled: Canceled
	at new rT (file:///opt/code-server/lib/vscode/out/vs/workbench/api/node/extensionHostProcess.js:31:112694)
	at py.U (file:///opt/code-server/lib/vscode/out/vs/workbench/api/node/extensionHostProcess.js:31:117304)
	at s.<computed>.n.charCodeAt.s.<computed> (file:///opt/code-server/lib/vscode/out/vs/workbench/api/node/extensionHostProcess.js:31:114798)
	at Y0.g (file:///opt/code-server/lib/vscode/out/vs/workbench/api/node/extensionHostProcess.js:114:32313)
	at Y0.executeCommand (file:///opt/code-server/lib/vscode/out/vs/workbench/api/node/extensionHostProcess.js:114:31817)
	at r.registerCommand.description (file:///opt/code-server/lib/vscode/out/vs/workbench/api/node/extensionHostProcess.js:114:31147)
	at Y0.h (file:///opt/code-server/lib/vscode/out/vs/workbench/api/node/extensionHostProcess.js:114:32833)
	at Y0.g (file:///opt/code-server/lib/vscode/out/vs/workbench/api/node/extensionHostProcess.js:114:31910)
	at Y0.executeCommand (file:///opt/code-server/lib/vscode/out/vs/workbench/api/node/extensionHostProcess.js:114:31817)
	at Object.executeCommand (file:///opt/code-server/lib/vscode/out/vs/workbench/api/node/extensionHostProcess.js:156:37246)
	at mh.O [as value] (/opt/code-server/lib/vscode/extensions/git/dist/main.js:2:961845)
	at D.B (file:///opt/code-server/lib/vscode/out/vs/workbench/api/node/extensionHostProcess.js:29:746)
	at D.C (file:///opt/code-server/lib/vscode/out/vs/workbench/api/node/extensionHostProcess.js:29:816)
	at D.fire (file:///opt/code-server/lib/vscode/out/vs/workbench/api/node/extensionHostProcess.js:29:1033)
	at Object.p [as dispose] (/opt/code-server/lib/vscode/extensions/git/dist/main.js:2:983333)
	at /opt/code-server/lib/vscode/extensions/git/dist/main.js:2:989455
	at Array.forEach (<anonymous>)
	at b.dispose (/opt/code-server/lib/vscode/extensions/git/dist/main.js:2:989441)
	at V1.<anonymous> (file:///opt/code-server/lib/vscode/out/vs/workbench/api/node/extensionHostProcess.js:108:19994)
	at V1.dispose (file:///opt/code-server/lib/vscode/out/vs/workbench/api/node/extensionHostProcess.js:108:20090)
	at V1.<anonymous> (/opt/code-server/lib/vscode/extensions/git/dist/main.js:2:964255)
	at V1.dispose (file:///opt/code-server/lib/vscode/out/vs/workbench/api/node/extensionHostProcess.js:108:20090)
	at li (file:///opt/code-server/lib/vscode/out/vs/workbench/api/node/extensionHostProcess.js:24:699)
	at file:///opt/code-server/lib/vscode/out/vs/workbench/api/node/extensionHostProcess.js:118:14992
	at file:///opt/code-server/lib/vscode/out/vs/workbench/api/node/extensionHostProcess.js:24:1009
	at Object.dispose (file:///opt/code-server/lib/vscode/out/vs/workbench/api/node/extensionHostProcess.js:7:2146)
	at V_.eb (file:///opt/code-server/lib/vscode/out/vs/workbench/api/node/extensionHostProcess.js:118:11919)
	at file:///opt/code-server/lib/vscode/out/vs/workbench/api/node/extensionHostProcess.js:118:9874
	at Array.map (<anonymous>)
	at V_.$ (file:///opt/code-server/lib/vscode/out/vs/workbench/api/node/extensionHostProcess.js:118:9862)
	at V_.terminate (file:///opt/code-server/lib/vscode/out/vs/workbench/api/node/extensionHostProcess.js:118:10105)
	at EC.terminate (file:///opt/code-server/lib/vscode/out/vs/workbench/api/node/extensionHostProcess.js:119:1424)
	at Xi (file:///opt/code-server/lib/vscode/out/vs/workbench/api/node/extensionHostProcess.js:174:15085)
	at c5.a (file:///opt/code-server/lib/vscode/out/vs/workbench/api/node/extensionHostProcess.js:174:11936)
	at c5.h (file:///opt/code-server/lib/vscode/out/vs/workbench/api/node/extensionHostProcess.js:30:75745)
	at listOnTimeout (node:internal/timers:581:17)
	at process.processTimers (node:internal/timers:519:7) setContext undefined
2025-05-22 09:15:24.477 [error] Canceled: Canceled
	at new rT (file:///opt/code-server/lib/vscode/out/vs/workbench/api/node/extensionHostProcess.js:31:112694)
	at py.U (file:///opt/code-server/lib/vscode/out/vs/workbench/api/node/extensionHostProcess.js:31:117304)
	at s.<computed>.n.charCodeAt.s.<computed> (file:///opt/code-server/lib/vscode/out/vs/workbench/api/node/extensionHostProcess.js:31:114798)
	at Y0.g (file:///opt/code-server/lib/vscode/out/vs/workbench/api/node/extensionHostProcess.js:114:32313)
	at Y0.executeCommand (file:///opt/code-server/lib/vscode/out/vs/workbench/api/node/extensionHostProcess.js:114:31817)
	at r.registerCommand.description (file:///opt/code-server/lib/vscode/out/vs/workbench/api/node/extensionHostProcess.js:114:31147)
	at Y0.h (file:///opt/code-server/lib/vscode/out/vs/workbench/api/node/extensionHostProcess.js:114:32833)
	at Y0.g (file:///opt/code-server/lib/vscode/out/vs/workbench/api/node/extensionHostProcess.js:114:31910)
	at Y0.executeCommand (file:///opt/code-server/lib/vscode/out/vs/workbench/api/node/extensionHostProcess.js:114:31817)
	at Object.executeCommand (file:///opt/code-server/lib/vscode/out/vs/workbench/api/node/extensionHostProcess.js:156:37246)
	at set hasGitHubRepositories [as hasGitHubRepositories] (/opt/code-server/lib/vscode/extensions/github/dist/extension.js:2:328633)
	at /opt/code-server/lib/vscode/extensions/github/dist/extension.js:2:329592
	at mh.value (/opt/code-server/lib/vscode/extensions/git/dist/main.js:2:1073936)
	at D.B (file:///opt/code-server/lib/vscode/out/vs/workbench/api/node/extensionHostProcess.js:29:746)
	at D.C (file:///opt/code-server/lib/vscode/out/vs/workbench/api/node/extensionHostProcess.js:29:816)
	at D.fire (file:///opt/code-server/lib/vscode/out/vs/workbench/api/node/extensionHostProcess.js:29:1033)
	at Object.p [as dispose] (/opt/code-server/lib/vscode/extensions/git/dist/main.js:2:983333)
	at /opt/code-server/lib/vscode/extensions/git/dist/main.js:2:989455
	at Array.forEach (<anonymous>)
	at b.dispose (/opt/code-server/lib/vscode/extensions/git/dist/main.js:2:989441)
	at V1.<anonymous> (file:///opt/code-server/lib/vscode/out/vs/workbench/api/node/extensionHostProcess.js:108:19994)
	at V1.dispose (file:///opt/code-server/lib/vscode/out/vs/workbench/api/node/extensionHostProcess.js:108:20090)
	at V1.<anonymous> (/opt/code-server/lib/vscode/extensions/git/dist/main.js:2:964255)
	at V1.dispose (file:///opt/code-server/lib/vscode/out/vs/workbench/api/node/extensionHostProcess.js:108:20090)
	at li (file:///opt/code-server/lib/vscode/out/vs/workbench/api/node/extensionHostProcess.js:24:699)
	at file:///opt/code-server/lib/vscode/out/vs/workbench/api/node/extensionHostProcess.js:118:14992
	at file:///opt/code-server/lib/vscode/out/vs/workbench/api/node/extensionHostProcess.js:24:1009
	at Object.dispose (file:///opt/code-server/lib/vscode/out/vs/workbench/api/node/extensionHostProcess.js:7:2146)
	at V_.eb (file:///opt/code-server/lib/vscode/out/vs/workbench/api/node/extensionHostProcess.js:118:11919)
	at file:///opt/code-server/lib/vscode/out/vs/workbench/api/node/extensionHostProcess.js:118:9874
	at Array.map (<anonymous>)
	at V_.$ (file:///opt/code-server/lib/vscode/out/vs/workbench/api/node/extensionHostProcess.js:118:9862)
	at V_.terminate (file:///opt/code-server/lib/vscode/out/vs/workbench/api/node/extensionHostProcess.js:118:10105)
	at EC.terminate (file:///opt/code-server/lib/vscode/out/vs/workbench/api/node/extensionHostProcess.js:119:1424)
	at Xi (file:///opt/code-server/lib/vscode/out/vs/workbench/api/node/extensionHostProcess.js:174:15085)
	at c5.a (file:///opt/code-server/lib/vscode/out/vs/workbench/api/node/extensionHostProcess.js:174:11936)
	at c5.h (file:///opt/code-server/lib/vscode/out/vs/workbench/api/node/extensionHostProcess.js:30:75745)
	at listOnTimeout (node:internal/timers:581:17)
	at process.processTimers (node:internal/timers:519:7) setContext undefined
2025-05-22 09:15:24.477 [info] Extension host with pid 161218 exiting with code 0
