2025-05-22 04:03:53.441 [info] [main] Log level: Info
2025-05-22 04:03:53.441 [info] [main] Validating found git in: "git"
2025-05-22 04:03:53.441 [info] [main] Using git "2.43.0" from "git"
2025-05-22 04:03:53.441 [info] [Model][doInitialScan] Initial repository scan started
2025-05-22 04:03:53.441 [info] > git rev-parse --show-toplevel [6ms]
2025-05-22 04:03:53.441 [info] > git rev-parse --path-format=relative --show-toplevel [3ms]
2025-05-22 04:03:53.451 [info] > git rev-parse --show-toplevel [5ms]
2025-05-22 04:03:53.457 [info] > git rev-parse --path-format=relative --show-toplevel [4ms]
2025-05-22 04:03:53.462 [info] > git rev-parse --git-dir --git-common-dir [3ms]
2025-05-22 04:03:53.477 [info] [Model][openRepository] Opened repository: /home/hwlee4/ICS45C/HW0
2025-05-22 04:03:53.489 [info] > git config --get commit.template [6ms]
2025-05-22 04:03:53.490 [info] > git rev-parse --show-toplevel [4ms]
2025-05-22 04:03:53.496 [info] > git rev-parse --path-format=relative --show-toplevel [4ms]
2025-05-22 04:03:53.501 [info] > git rev-parse --git-dir --git-common-dir [3ms]
2025-05-22 04:03:53.506 [info] [Model][openRepository] Opened repository: /home/hwlee4/ICS45C/HW1
2025-05-22 04:03:53.512 [info] > git for-each-ref --format=%(refname)%00%(upstream:short)%00%(objectname)%00%(upstream:track)%00%(upstream:remotename)%00%(upstream:remoteref) refs/heads/main refs/remotes/main [17ms]
2025-05-22 04:03:53.514 [info] > git config --get commit.template [4ms]
2025-05-22 04:03:53.518 [info] > git rev-parse --show-toplevel [6ms]
2025-05-22 04:03:53.530 [info] > git for-each-ref --format=%(refname)%00%(upstream:short)%00%(objectname)%00%(upstream:track)%00%(upstream:remotename)%00%(upstream:remoteref) refs/heads/main refs/remotes/main [14ms]
2025-05-22 04:03:53.530 [info] > git rev-parse --path-format=relative --show-toplevel [10ms]
2025-05-22 04:03:53.540 [info] > git status -z -uall [16ms]
2025-05-22 04:03:53.541 [info] > git for-each-ref --sort -committerdate --format %(refname) %(objectname) %(*objectname) [12ms]
2025-05-22 04:03:53.552 [info] > git rev-parse --git-dir --git-common-dir [20ms]
2025-05-22 04:03:53.556 [info] [Model][openRepository] Opened repository: /home/hwlee4/ICS45C/HW2
2025-05-22 04:03:53.565 [info] > git status -z -uall [29ms]
2025-05-22 04:03:53.566 [info] > git for-each-ref --format=%(refname)%00%(upstream:short)%00%(objectname)%00%(upstream:track)%00%(upstream:remotename)%00%(upstream:remoteref) refs/heads/main refs/remotes/main [17ms]
2025-05-22 04:03:53.606 [info] > git for-each-ref --sort -committerdate --format %(refname) %(objectname) %(*objectname) [67ms]
2025-05-22 04:03:53.620 [info] > git config --local branch.main.vscode-merge-base [14ms]
2025-05-22 04:03:53.623 [info] > git rev-parse --show-toplevel [59ms]
2025-05-22 04:03:53.625 [info] > git config --get commit.template [63ms]
2025-05-22 04:03:53.626 [info] > git config --get commit.template [67ms]
2025-05-22 04:03:53.627 [info] > git config --get commit.template [9ms]
2025-05-22 04:03:53.627 [info] > git for-each-ref --format=%(refname)%00%(upstream:short)%00%(objectname)%00%(upstream:track)%00%(upstream:remotename)%00%(upstream:remoteref) refs/heads/main refs/remotes/main [15ms]
2025-05-22 04:03:53.641 [info] > git for-each-ref --format=%(refname)%00%(upstream:short)%00%(objectname)%00%(upstream:track)%00%(upstream:remotename)%00%(upstream:remoteref) refs/heads/origin/main refs/remotes/origin/main [18ms]
2025-05-22 04:03:53.707 [info] > git rev-parse --path-format=relative --show-toplevel [82ms]
2025-05-22 04:03:53.750 [info] > git merge-base refs/heads/main refs/remotes/origin/main [105ms]
2025-05-22 04:03:53.756 [info] > git for-each-ref --format=%(refname)%00%(upstream:short)%00%(objectname)%00%(upstream:track)%00%(upstream:remotename)%00%(upstream:remoteref) refs/heads/main refs/remotes/main [120ms]
2025-05-22 04:03:53.756 [info] > git for-each-ref --format=%(refname)%00%(upstream:short)%00%(objectname)%00%(upstream:track)%00%(upstream:remotename)%00%(upstream:remoteref) refs/heads/main refs/remotes/main [123ms]
2025-05-22 04:03:53.756 [info] > git config --local branch.main.vscode-merge-base [126ms]
2025-05-22 04:03:53.763 [info] > git rev-parse --git-dir --git-common-dir [16ms]
2025-05-22 04:03:53.816 [info] [Model][openRepository] Opened repository: /home/hwlee4/ICS45C/HW3
2025-05-22 04:03:53.817 [info] > git for-each-ref --format=%(refname)%00%(upstream:short)%00%(objectname)%00%(upstream:track)%00%(upstream:remotename)%00%(upstream:remoteref) refs/heads/main refs/remotes/main [107ms]
2025-05-22 04:03:53.824 [info] > git for-each-ref --format=%(refname)%00%(upstream:short)%00%(objectname)%00%(upstream:track)%00%(upstream:remotename)%00%(upstream:remoteref) refs/heads/origin/main refs/remotes/origin/main [63ms]
2025-05-22 04:03:53.828 [info] > git diff --name-status -z --diff-filter=ADMR 2de1186af8d356e9b3e6443d56764a6c359645dc...refs/remotes/origin/main [73ms]
2025-05-22 04:03:53.831 [info] > git rev-parse --show-toplevel [8ms]
2025-05-22 04:03:53.834 [info] > git config --get commit.template [13ms]
2025-05-22 04:03:53.847 [info] > git merge-base refs/heads/main refs/remotes/origin/main [20ms]
2025-05-22 04:03:53.854 [info] > git status -z -uall [10ms]
2025-05-22 04:03:53.854 [info] > git for-each-ref --sort -committerdate --format %(refname) %(objectname) %(*objectname) [13ms]
2025-05-22 04:03:53.855 [info] > git rev-parse --path-format=relative --show-toplevel [22ms]
2025-05-22 04:03:53.862 [info] > git for-each-ref --sort -committerdate --format %(refname) %(objectname) %(*objectname) [15ms]
2025-05-22 04:03:53.905 [info] > git status -z -uall [68ms]
2025-05-22 04:03:53.905 [info] > git status -z -uall [47ms]
2025-05-22 04:03:53.906 [info] > git for-each-ref --format=%(refname)%00%(upstream:short)%00%(objectname)%00%(upstream:track)%00%(upstream:remotename)%00%(upstream:remoteref) refs/heads/main refs/remotes/main [53ms]
2025-05-22 04:03:53.906 [info] > git diff --name-status -z --diff-filter=ADMR 1d941fbc59bc10f4d013441e18a8b73cc72449ad...refs/remotes/origin/main [56ms]
2025-05-22 04:03:53.919 [info] > git rev-parse --git-dir --git-common-dir [14ms]
2025-05-22 04:03:53.923 [info] [Model][openRepository] Opened repository: /home/hwlee4/ICS45C/HW4
2025-05-22 04:03:53.924 [info] > git for-each-ref --sort -committerdate --format %(refname) %(objectname) %(*objectname) [63ms]
2025-05-22 04:03:53.934 [info] > git config --get commit.template [16ms]
2025-05-22 04:03:53.934 [info] > git for-each-ref --format=%(refname)%00%(upstream:short)%00%(objectname)%00%(upstream:track)%00%(upstream:remotename)%00%(upstream:remoteref) refs/heads/main refs/remotes/main [21ms]
2025-05-22 04:03:53.938 [info] > git rev-parse --show-toplevel [6ms]
2025-05-22 04:03:53.941 [info] > git config --get commit.template [12ms]
2025-05-22 04:03:53.951 [info] > git config --local branch.main.vscode-merge-base [14ms]
2025-05-22 04:03:53.958 [info] > git rev-parse --path-format=relative --show-toplevel [17ms]
2025-05-22 04:03:53.959 [info] > git for-each-ref --format=%(refname)%00%(upstream:short)%00%(objectname)%00%(upstream:track)%00%(upstream:remotename)%00%(upstream:remoteref) refs/heads/main refs/remotes/main [9ms]
2025-05-22 04:03:53.959 [info] > git for-each-ref --sort -committerdate --format %(refname) %(objectname) %(*objectname) [12ms]
2025-05-22 04:03:53.994 [info] > git status -z -uall [50ms]
2025-05-22 04:03:54.006 [info] > git for-each-ref --format=%(refname)%00%(upstream:short)%00%(objectname)%00%(upstream:track)%00%(upstream:remotename)%00%(upstream:remoteref) refs/heads/origin/main refs/remotes/origin/main [52ms]
2025-05-22 04:03:54.014 [info] > git for-each-ref --format=%(refname)%00%(upstream:short)%00%(objectname)%00%(upstream:track)%00%(upstream:remotename)%00%(upstream:remoteref) refs/heads/main refs/remotes/main [57ms]
2025-05-22 04:03:54.015 [info] > git rev-parse --git-dir --git-common-dir [53ms]
2025-05-22 04:03:54.019 [info] [Model][openRepository] Opened repository: /home/hwlee4/ICS45C/HW5
2025-05-22 04:03:54.044 [info] > git status -z -uall [19ms]
2025-05-22 04:03:54.045 [info] > git config --get commit.template [30ms]
2025-05-22 04:03:54.045 [info] > git merge-base refs/heads/main refs/remotes/origin/main [35ms]
2025-05-22 04:03:54.051 [info] > git for-each-ref --format=%(refname)%00%(upstream:short)%00%(objectname)%00%(upstream:track)%00%(upstream:remotename)%00%(upstream:remoteref) refs/heads/main refs/remotes/main [45ms]
2025-05-22 04:03:54.057 [info] > git rev-parse --show-toplevel [16ms]
2025-05-22 04:03:54.060 [info] > git config --get commit.template [24ms]
2025-05-22 04:03:54.060 [info] > git for-each-ref --sort -committerdate --format %(refname) %(objectname) %(*objectname) [33ms]
2025-05-22 04:03:54.075 [info] > git rev-parse --path-format=relative --show-toplevel [14ms]
2025-05-22 04:03:54.075 [info] > git diff --name-status -z --diff-filter=ADMR 6e366bc68f599c93d5b2306a1622b19a83ab6690...refs/remotes/origin/main [25ms]
2025-05-22 04:03:54.075 [info] > git config --local branch.main.vscode-merge-base [21ms]
2025-05-22 04:03:54.094 [info] > git merge-base refs/heads/main refs/remotes/origin/main [27ms]
2025-05-22 04:03:54.098 [info] > git rev-parse --git-dir --git-common-dir [5ms]
2025-05-22 04:03:54.104 [info] [Model][openRepository] Opened repository: /home/hwlee4/ICS45C/HW6
2025-05-22 04:03:54.105 [info] > git for-each-ref --sort -committerdate --format %(refname) %(objectname) %(*objectname) [18ms]
2025-05-22 04:03:54.105 [info] > git for-each-ref --format=%(refname)%00%(upstream:short)%00%(objectname)%00%(upstream:track)%00%(upstream:remotename)%00%(upstream:remoteref) refs/heads/origin/main refs/remotes/origin/main [27ms]
2025-05-22 04:03:54.108 [info] > git for-each-ref --format=%(refname)%00%(upstream:short)%00%(objectname)%00%(upstream:track)%00%(upstream:remotename)%00%(upstream:remoteref) refs/heads/main refs/remotes/main [35ms]
2025-05-22 04:03:54.114 [info] > git status -z -uall [32ms]
2025-05-22 04:03:54.121 [info] > git diff --name-status -z --diff-filter=ADMR 6e366bc68f599c93d5b2306a1622b19a83ab6690...refs/remotes/origin/main [25ms]
2025-05-22 04:03:54.122 [info] > git for-each-ref --format=%(refname)%00%(upstream:short)%00%(objectname)%00%(upstream:track)%00%(upstream:remotename)%00%(upstream:remoteref) refs/heads/main refs/remotes/main [33ms]
2025-05-22 04:03:54.125 [info] > git rev-parse --show-toplevel [12ms]
2025-05-22 04:03:54.127 [info] > git config --get commit.template [16ms]
2025-05-22 04:03:54.127 [info] > git merge-base refs/heads/main refs/remotes/origin/main [19ms]
2025-05-22 04:03:54.131 [info] > git config --get commit.template [7ms]
2025-05-22 04:03:54.131 [info] > git for-each-ref --format=%(refname)%00%(upstream:short)%00%(objectname)%00%(upstream:track)%00%(upstream:remotename)%00%(upstream:remoteref) refs/heads/main refs/remotes/main [11ms]
2025-05-22 04:03:54.139 [info] > git rev-parse --path-format=relative --show-toplevel [11ms]
2025-05-22 04:03:54.155 [info] > git status -z -uall [14ms]
2025-05-22 04:03:54.155 [info] > git diff --name-status -z --diff-filter=ADMR b82b13244c860b4b7663b453b8013197209cca25...refs/remotes/origin/main [25ms]
2025-05-22 04:03:54.155 [info] > git config --local branch.main.vscode-merge-base [21ms]
2025-05-22 04:03:54.166 [info] > git rev-parse --git-dir --git-common-dir [16ms]
2025-05-22 04:03:54.170 [info] [Model][openRepository] Opened repository: /home/hwlee4/ICS45C/HW7
2025-05-22 04:03:54.177 [info] [Model][doInitialScan] Initial repository scan completed - repositories (8), closed repositories (0), parent repositories (1), unsafe repositories (0)
2025-05-22 04:03:54.177 [info] > git for-each-ref --format=%(refname)%00%(upstream:short)%00%(objectname)%00%(upstream:track)%00%(upstream:remotename)%00%(upstream:remoteref) refs/heads/main refs/remotes/main [29ms]
2025-05-22 04:03:54.178 [info] > git for-each-ref --sort -committerdate --format %(refname) %(objectname) %(*objectname) [33ms]
2025-05-22 04:03:54.180 [info] > git for-each-ref --format=%(refname)%00%(upstream:short)%00%(objectname)%00%(upstream:track)%00%(upstream:remotename)%00%(upstream:remoteref) refs/heads/main refs/remotes/main [42ms]
2025-05-22 04:03:54.185 [info] > git status -z -uall [24ms]
2025-05-22 04:03:54.185 [info] > git for-each-ref --sort -committerdate --format %(refname) %(objectname) %(*objectname) [22ms]
2025-05-22 04:03:54.192 [info] > git for-each-ref --format=%(refname)%00%(upstream:short)%00%(objectname)%00%(upstream:track)%00%(upstream:remotename)%00%(upstream:remoteref) refs/heads/origin/main refs/remotes/origin/main [34ms]
2025-05-22 04:03:54.198 [info] > git config --get commit.template [14ms]
2025-05-22 04:03:54.199 [info] > git for-each-ref --format=%(refname)%00%(upstream:short)%00%(objectname)%00%(upstream:track)%00%(upstream:remotename)%00%(upstream:remoteref) refs/heads/main refs/remotes/main [8ms]
2025-05-22 04:03:54.221 [info] > git merge-base refs/heads/main refs/remotes/origin/main [27ms]
2025-05-22 04:03:54.223 [info] > git config --get commit.template [26ms]
2025-05-22 04:03:54.223 [info] > git status -z -uall [13ms]
2025-05-22 04:03:54.223 [info] > git config --local branch.main.vscode-merge-base [18ms]
2025-05-22 04:03:54.227 [info] > git for-each-ref --sort -committerdate --format %(refname) %(objectname) %(*objectname) [14ms]
2025-05-22 04:03:54.231 [info] > git for-each-ref --format=%(refname)%00%(upstream:short)%00%(objectname)%00%(upstream:track)%00%(upstream:remotename)%00%(upstream:remoteref) refs/heads/main refs/remotes/main [23ms]
2025-05-22 04:03:54.232 [info] > git for-each-ref --format=%(refname)%00%(upstream:short)%00%(objectname)%00%(upstream:track)%00%(upstream:remotename)%00%(upstream:remoteref) refs/heads/origin/main refs/remotes/origin/main [7ms]
2025-05-22 04:03:54.235 [info] > git diff --name-status -z --diff-filter=ADMR 941598b477db37f454b7d999bb01a8a980ee618a...refs/remotes/origin/main [12ms]
2025-05-22 04:03:54.235 [info] > git for-each-ref --format=%(refname)%00%(upstream:short)%00%(objectname)%00%(upstream:track)%00%(upstream:remotename)%00%(upstream:remoteref) refs/heads/main refs/remotes/main [15ms]
2025-05-22 04:03:54.236 [info] > git for-each-ref --sort -committerdate --format %(refname) %(objectname) %(*objectname) [18ms]
2025-05-22 04:03:54.237 [info] > git status -z -uall [21ms]
2025-05-22 04:03:54.237 [info] > git merge-base refs/heads/main refs/remotes/origin/main [7ms]
2025-05-22 04:03:54.250 [info] > git diff --name-status -z --diff-filter=ADMR 941598b477db37f454b7d999bb01a8a980ee618a...refs/remotes/origin/main [11ms]
2025-05-22 04:03:54.250 [info] > git merge-base refs/heads/main refs/remotes/origin/main [16ms]
2025-05-22 04:03:54.254 [info] > git config --get commit.template [5ms]
2025-05-22 04:03:54.254 [info] > git for-each-ref --format=%(refname)%00%(upstream:short)%00%(objectname)%00%(upstream:track)%00%(upstream:remotename)%00%(upstream:remoteref) refs/heads/main refs/remotes/main [9ms]
2025-05-22 04:03:54.269 [info] > git diff --name-status -z --diff-filter=ADMR b451104ec2b07b39c17cd9240a01c9e94c0a7f69...refs/remotes/origin/main [16ms]
2025-05-22 04:03:54.270 [info] > git config --local branch.main.vscode-merge-base [13ms]
2025-05-22 04:03:54.274 [info] > git for-each-ref --sort -committerdate --format %(refname) %(objectname) %(*objectname) [13ms]
2025-05-22 04:03:54.275 [info] > git status -z -uall [16ms]
2025-05-22 04:03:54.275 [info] > git status -z -uall [12ms]
2025-05-22 04:03:54.283 [info] > git for-each-ref --sort -committerdate --format %(refname) %(objectname) %(*objectname) [18ms]
2025-05-22 04:03:54.310 [info] > git for-each-ref --format=%(refname)%00%(upstream:short)%00%(objectname)%00%(upstream:track)%00%(upstream:remotename)%00%(upstream:remoteref) refs/heads/origin/main refs/remotes/origin/main [37ms]
2025-05-22 04:03:54.313 [info] > git for-each-ref --format=%(refname)%00%(upstream:short)%00%(objectname)%00%(upstream:track)%00%(upstream:remotename)%00%(upstream:remoteref) refs/heads/main refs/remotes/main [45ms]
2025-05-22 04:03:54.366 [info] > git config --get commit.template [57ms]
2025-05-22 04:03:54.366 [info] > git for-each-ref --format=%(refname)%00%(upstream:short)%00%(objectname)%00%(upstream:track)%00%(upstream:remotename)%00%(upstream:remoteref) refs/heads/main refs/remotes/main [85ms]
2025-05-22 04:03:54.370 [info] > git merge-base refs/heads/main refs/remotes/origin/main [57ms]
2025-05-22 04:03:54.375 [info] > git config --local branch.main.vscode-merge-base [6ms]
2025-05-22 04:03:54.385 [info] > git for-each-ref --format=%(refname)%00%(upstream:short)%00%(objectname)%00%(upstream:track)%00%(upstream:remotename)%00%(upstream:remoteref) refs/heads/origin/main refs/remotes/origin/main [7ms]
2025-05-22 04:03:54.388 [info] > git for-each-ref --format=%(refname)%00%(upstream:short)%00%(objectname)%00%(upstream:track)%00%(upstream:remotename)%00%(upstream:remoteref) refs/heads/main refs/remotes/main [13ms]
2025-05-22 04:03:54.388 [info] > git diff --name-status -z --diff-filter=ADMR 4bb5dac197cf12068309673dd415638cca322aab...refs/remotes/origin/main [16ms]
2025-05-22 04:03:54.396 [info] > git status -z -uall [15ms]
2025-05-22 04:03:54.396 [info] > git merge-base refs/heads/main refs/remotes/origin/main [8ms]
2025-05-22 04:03:54.398 [info] > git for-each-ref --sort -committerdate --format %(refname) %(objectname) %(*objectname) [15ms]
2025-05-22 04:03:54.405 [info] > git for-each-ref --sort -committerdate --format %(refname) %(objectname) %(*objectname) [11ms]
2025-05-22 04:03:54.406 [info] > git diff --name-status -z --diff-filter=ADMR e3d3a201fa9391ab993512e7961ec4022ac43a94...refs/remotes/origin/main [8ms]
2025-05-22 04:03:54.413 [info] > git status -z -uall [21ms]
2025-05-22 04:03:54.474 [info] > git rev-parse --show-toplevel [3ms]
2025-05-22 04:03:54.480 [info] > git rev-parse --path-format=relative --show-toplevel [4ms]
2025-05-22 04:03:54.705 [info] > git check-ignore -v -z --stdin [20ms]
2025-05-22 04:03:54.705 [info] > git check-ignore -v -z --stdin [18ms]
2025-05-22 04:03:54.706 [info] > git check-ignore -v -z --stdin [16ms]
2025-05-22 04:03:54.706 [info] > git check-ignore -v -z --stdin [14ms]
2025-05-22 04:03:54.707 [info] > git check-ignore -v -z --stdin [13ms]
2025-05-22 04:03:54.707 [info] > git check-ignore -v -z --stdin [11ms]
2025-05-22 04:03:54.708 [info] > git check-ignore -v -z --stdin [9ms]
2025-05-22 04:03:54.708 [info] > git check-ignore -v -z --stdin [7ms]
2025-05-22 04:03:55.281 [info] > git check-ignore -v -z --stdin [18ms]
2025-05-22 04:03:55.281 [info] > git check-ignore -v -z --stdin [16ms]
2025-05-22 04:03:55.282 [info] > git check-ignore -v -z --stdin [15ms]
2025-05-22 04:03:55.283 [info] > git check-ignore -v -z --stdin [14ms]
2025-05-22 04:03:55.283 [info] > git check-ignore -v -z --stdin [12ms]
2025-05-22 04:03:55.283 [info] > git check-ignore -v -z --stdin [10ms]
2025-05-22 04:03:55.284 [info] > git check-ignore -v -z --stdin [9ms]
2025-05-22 04:03:55.284 [info] > git check-ignore -v -z --stdin [6ms]
2025-05-22 04:03:56.152 [info] > git rev-parse --show-toplevel [3ms]
2025-05-22 04:03:56.157 [info] > git rev-parse --path-format=relative --show-toplevel [3ms]
2025-05-22 04:03:56.166 [info] > git rev-parse --show-toplevel [5ms]
2025-05-22 04:03:56.172 [info] > git rev-parse --path-format=relative --show-toplevel [4ms]
2025-05-22 04:03:56.187 [info] > git rev-parse --show-toplevel [12ms]
2025-05-22 04:03:56.320 [info] > git rev-parse --path-format=relative --show-toplevel [129ms]
2025-05-22 04:03:57.517 [info] > git rev-parse --show-toplevel [4ms]
2025-05-22 04:03:57.523 [info] > git rev-parse --path-format=relative --show-toplevel [3ms]
2025-05-22 04:03:57.549 [info] > git rev-parse --show-toplevel [4ms]
2025-05-22 04:03:57.554 [info] > git rev-parse --path-format=relative --show-toplevel [2ms]
2025-05-22 04:03:57.906 [info] > git check-ignore -v -z --stdin [5ms]
2025-05-22 04:03:59.314 [info] > git check-ignore -v -z --stdin [4ms]
2025-05-22 04:04:03.237 [info] > git ls-files --stage -- /home/hwlee4/ICS45C/HW7/src/int_array.hpp [4ms]
2025-05-22 04:04:03.239 [info] > git show --textconv :src/int_array.hpp [8ms]
2025-05-22 04:04:03.245 [info] > git cat-file -s 04aadea5c642a5a649c66e0bd44348219aad91f1 [6ms]
2025-05-22 04:04:04.419 [info] > git show --textconv :src/matrix.hpp [5ms]
2025-05-22 04:04:04.419 [info] > git ls-files --stage -- /home/hwlee4/ICS45C/HW7/src/matrix.hpp [3ms]
2025-05-22 04:04:04.427 [info] > git cat-file -s e69de29bb2d1d6434b8b29ae775ad8c2e48c5391 [6ms]
2025-05-22 04:04:05.166 [info] > git show --textconv :src/standard_main.cpp [6ms]
2025-05-22 04:04:05.168 [info] > git ls-files --stage -- /home/hwlee4/ICS45C/HW7/src/standard_main.cpp [5ms]
2025-05-22 04:04:05.175 [info] > git cat-file -s e69de29bb2d1d6434b8b29ae775ad8c2e48c5391 [5ms]
2025-05-22 04:04:06.207 [info] > git show --textconv :src/array.hpp [6ms]
2025-05-22 04:04:06.208 [info] > git ls-files --stage -- /home/hwlee4/ICS45C/HW7/src/array.hpp [4ms]
2025-05-22 04:04:06.216 [info] > git cat-file -s e69de29bb2d1d6434b8b29ae775ad8c2e48c5391 [5ms]
2025-05-22 04:04:07.566 [info] > git show --textconv :src/alloc.hpp [6ms]
2025-05-22 04:04:07.567 [info] > git ls-files --stage -- /home/hwlee4/ICS45C/HW7/src/alloc.hpp [5ms]
2025-05-22 04:04:07.575 [info] > git cat-file -s 68fee38907028f8369b66de8962ed70fa0a96c55 [6ms]
2025-05-22 04:04:08.370 [info] > git show --textconv :src/alloc.cpp [5ms]
2025-05-22 04:04:08.370 [info] > git ls-files --stage -- /home/hwlee4/ICS45C/HW7/src/alloc.cpp [3ms]
2025-05-22 04:04:08.379 [info] > git cat-file -s f3b6110e776ed130e96ad08c3c242bb46efcde63 [6ms]
2025-05-22 04:06:57.534 [info] > git ls-files --stage -- /home/hwlee4/ICS45C/HW7/src/alloc.hpp [3ms]
2025-05-22 04:06:57.539 [info] > git show --textconv :src/alloc.hpp [12ms]
2025-05-22 04:06:57.544 [info] > git cat-file -s 68fee38907028f8369b66de8962ed70fa0a96c55 [5ms]
2025-05-22 04:06:58.074 [info] > git config --get commit.template [4ms]
2025-05-22 04:06:58.081 [info] > git for-each-ref --format=%(refname)%00%(upstream:short)%00%(objectname)%00%(upstream:track)%00%(upstream:remotename)%00%(upstream:remoteref) refs/heads/main refs/remotes/main [8ms]
2025-05-22 04:06:58.098 [info] > git for-each-ref --sort -committerdate --format %(refname) %(objectname) %(*objectname) [8ms]
2025-05-22 04:06:58.101 [info] > git status -z -uall [15ms]
2025-05-22 04:07:00.247 [info] > git show --textconv :src/int_array.hpp [6ms]
2025-05-22 04:07:00.249 [info] > git ls-files --stage -- /home/hwlee4/ICS45C/HW7/src/int_array.hpp [5ms]
2025-05-22 04:07:00.258 [info] > git cat-file -s 04aadea5c642a5a649c66e0bd44348219aad91f1 [6ms]
2025-05-22 04:07:01.381 [info] > git show --textconv :src/alloc.hpp [5ms]
2025-05-22 04:07:01.384 [info] > git ls-files --stage -- /home/hwlee4/ICS45C/HW7/src/alloc.hpp [4ms]
2025-05-22 04:07:01.392 [info] > git cat-file -s 68fee38907028f8369b66de8962ed70fa0a96c55 [5ms]
2025-05-22 04:07:21.969 [info] > git show --textconv :src/array.hpp [5ms]
2025-05-22 04:07:21.971 [info] > git ls-files --stage -- /home/hwlee4/ICS45C/HW7/src/array.hpp [4ms]
2025-05-22 04:07:21.980 [info] > git cat-file -s e69de29bb2d1d6434b8b29ae775ad8c2e48c5391 [6ms]
2025-05-22 04:07:24.833 [info] > git config --get commit.template [4ms]
2025-05-22 04:07:24.841 [info] > git for-each-ref --format=%(refname)%00%(upstream:short)%00%(objectname)%00%(upstream:track)%00%(upstream:remotename)%00%(upstream:remoteref) refs/heads/main refs/remotes/main [8ms]
2025-05-22 04:07:24.855 [info] > git status -z -uall [10ms]
2025-05-22 04:07:24.857 [info] > git for-each-ref --sort -committerdate --format %(refname) %(objectname) %(*objectname) [8ms]
2025-05-22 04:07:29.867 [info] > git config --get commit.template [3ms]
2025-05-22 04:07:29.874 [info] > git for-each-ref --format=%(refname)%00%(upstream:short)%00%(objectname)%00%(upstream:track)%00%(upstream:remotename)%00%(upstream:remoteref) refs/heads/main refs/remotes/main [8ms]
2025-05-22 04:07:29.889 [info] > git status -z -uall [11ms]
2025-05-22 04:07:29.889 [info] > git for-each-ref --sort -committerdate --format %(refname) %(objectname) %(*objectname) [8ms]
2025-05-22 04:07:34.900 [info] > git config --get commit.template [4ms]
2025-05-22 04:07:34.907 [info] > git for-each-ref --format=%(refname)%00%(upstream:short)%00%(objectname)%00%(upstream:track)%00%(upstream:remotename)%00%(upstream:remoteref) refs/heads/main refs/remotes/main [8ms]
2025-05-22 04:07:34.922 [info] > git status -z -uall [11ms]
2025-05-22 04:07:34.923 [info] > git for-each-ref --sort -committerdate --format %(refname) %(objectname) %(*objectname) [8ms]
2025-05-22 04:07:39.933 [info] > git config --get commit.template [3ms]
2025-05-22 04:07:39.940 [info] > git for-each-ref --format=%(refname)%00%(upstream:short)%00%(objectname)%00%(upstream:track)%00%(upstream:remotename)%00%(upstream:remoteref) refs/heads/main refs/remotes/main [7ms]
2025-05-22 04:07:39.953 [info] > git status -z -uall [10ms]
2025-05-22 04:07:39.954 [info] > git for-each-ref --sort -committerdate --format %(refname) %(objectname) %(*objectname) [8ms]
2025-05-22 04:07:44.962 [info] > git config --get commit.template [3ms]
2025-05-22 04:07:44.968 [info] > git for-each-ref --format=%(refname)%00%(upstream:short)%00%(objectname)%00%(upstream:track)%00%(upstream:remotename)%00%(upstream:remoteref) refs/heads/main refs/remotes/main [7ms]
2025-05-22 04:07:44.981 [info] > git status -z -uall [10ms]
2025-05-22 04:07:44.982 [info] > git for-each-ref --sort -committerdate --format %(refname) %(objectname) %(*objectname) [8ms]
2025-05-22 04:07:49.991 [info] > git config --get commit.template [3ms]
2025-05-22 04:07:49.997 [info] > git for-each-ref --format=%(refname)%00%(upstream:short)%00%(objectname)%00%(upstream:track)%00%(upstream:remotename)%00%(upstream:remoteref) refs/heads/main refs/remotes/main [7ms]
2025-05-22 04:07:50.010 [info] > git status -z -uall [10ms]
2025-05-22 04:07:50.011 [info] > git for-each-ref --sort -committerdate --format %(refname) %(objectname) %(*objectname) [8ms]
2025-05-22 04:07:55.019 [info] > git config --get commit.template [3ms]
2025-05-22 04:07:55.026 [info] > git for-each-ref --format=%(refname)%00%(upstream:short)%00%(objectname)%00%(upstream:track)%00%(upstream:remotename)%00%(upstream:remoteref) refs/heads/main refs/remotes/main [8ms]
2025-05-22 04:07:55.039 [info] > git status -z -uall [9ms]
2025-05-22 04:07:55.039 [info] > git for-each-ref --sort -committerdate --format %(refname) %(objectname) %(*objectname) [8ms]
2025-05-22 04:08:00.048 [info] > git config --get commit.template [3ms]
2025-05-22 04:08:00.056 [info] > git for-each-ref --format=%(refname)%00%(upstream:short)%00%(objectname)%00%(upstream:track)%00%(upstream:remotename)%00%(upstream:remoteref) refs/heads/main refs/remotes/main [8ms]
2025-05-22 04:08:00.070 [info] > git for-each-ref --sort -committerdate --format %(refname) %(objectname) %(*objectname) [9ms]
2025-05-22 04:08:00.074 [info] > git status -z -uall [15ms]
2025-05-22 04:08:05.085 [info] > git config --get commit.template [4ms]
2025-05-22 04:08:05.093 [info] > git for-each-ref --format=%(refname)%00%(upstream:short)%00%(objectname)%00%(upstream:track)%00%(upstream:remotename)%00%(upstream:remoteref) refs/heads/main refs/remotes/main [8ms]
2025-05-22 04:08:05.107 [info] > git status -z -uall [11ms]
2025-05-22 04:08:05.108 [info] > git for-each-ref --sort -committerdate --format %(refname) %(objectname) %(*objectname) [8ms]
2025-05-22 04:08:10.117 [info] > git config --get commit.template [4ms]
2025-05-22 04:08:10.124 [info] > git for-each-ref --format=%(refname)%00%(upstream:short)%00%(objectname)%00%(upstream:track)%00%(upstream:remotename)%00%(upstream:remoteref) refs/heads/main refs/remotes/main [8ms]
2025-05-22 04:08:10.137 [info] > git status -z -uall [10ms]
2025-05-22 04:08:10.137 [info] > git for-each-ref --sort -committerdate --format %(refname) %(objectname) %(*objectname) [8ms]
2025-05-22 04:10:13.755 [info] > git ls-files --stage -- /home/hwlee4/ICS45C/HW7/src/matrix.hpp [3ms]
2025-05-22 04:10:13.759 [info] > git show --textconv :src/matrix.hpp [11ms]
2025-05-22 04:10:13.764 [info] > git cat-file -s e69de29bb2d1d6434b8b29ae775ad8c2e48c5391 [5ms]
2025-05-22 04:10:23.599 [info] > git config --get commit.template [4ms]
2025-05-22 04:10:23.608 [info] > git for-each-ref --format=%(refname)%00%(upstream:short)%00%(objectname)%00%(upstream:track)%00%(upstream:remotename)%00%(upstream:remoteref) refs/heads/main refs/remotes/main [8ms]
2025-05-22 04:10:23.624 [info] > git for-each-ref --sort -committerdate --format %(refname) %(objectname) %(*objectname) [9ms]
2025-05-22 04:10:23.628 [info] > git status -z -uall [16ms]
2025-05-22 04:10:28.638 [info] > git config --get commit.template [4ms]
2025-05-22 04:10:28.645 [info] > git for-each-ref --format=%(refname)%00%(upstream:short)%00%(objectname)%00%(upstream:track)%00%(upstream:remotename)%00%(upstream:remoteref) refs/heads/main refs/remotes/main [8ms]
2025-05-22 04:10:28.659 [info] > git status -z -uall [10ms]
2025-05-22 04:10:28.660 [info] > git for-each-ref --sort -committerdate --format %(refname) %(objectname) %(*objectname) [7ms]
2025-05-22 04:10:33.670 [info] > git config --get commit.template [3ms]
2025-05-22 04:10:33.677 [info] > git for-each-ref --format=%(refname)%00%(upstream:short)%00%(objectname)%00%(upstream:track)%00%(upstream:remotename)%00%(upstream:remoteref) refs/heads/main refs/remotes/main [8ms]
2025-05-22 04:10:33.692 [info] > git status -z -uall [11ms]
2025-05-22 04:10:33.692 [info] > git for-each-ref --sort -committerdate --format %(refname) %(objectname) %(*objectname) [8ms]
2025-05-22 04:10:38.702 [info] > git config --get commit.template [4ms]
2025-05-22 04:10:38.709 [info] > git for-each-ref --format=%(refname)%00%(upstream:short)%00%(objectname)%00%(upstream:track)%00%(upstream:remotename)%00%(upstream:remoteref) refs/heads/main refs/remotes/main [7ms]
2025-05-22 04:10:38.723 [info] > git status -z -uall [10ms]
2025-05-22 04:10:38.724 [info] > git for-each-ref --sort -committerdate --format %(refname) %(objectname) %(*objectname) [8ms]
2025-05-22 04:10:43.733 [info] > git config --get commit.template [4ms]
2025-05-22 04:10:43.740 [info] > git for-each-ref --format=%(refname)%00%(upstream:short)%00%(objectname)%00%(upstream:track)%00%(upstream:remotename)%00%(upstream:remoteref) refs/heads/main refs/remotes/main [8ms]
2025-05-22 04:10:43.754 [info] > git status -z -uall [10ms]
2025-05-22 04:10:43.754 [info] > git for-each-ref --sort -committerdate --format %(refname) %(objectname) %(*objectname) [8ms]
2025-05-22 04:10:48.763 [info] > git config --get commit.template [3ms]
2025-05-22 04:10:48.770 [info] > git for-each-ref --format=%(refname)%00%(upstream:short)%00%(objectname)%00%(upstream:track)%00%(upstream:remotename)%00%(upstream:remoteref) refs/heads/main refs/remotes/main [8ms]
2025-05-22 04:10:48.783 [info] > git status -z -uall [10ms]
2025-05-22 04:10:48.784 [info] > git for-each-ref --sort -committerdate --format %(refname) %(objectname) %(*objectname) [9ms]
2025-05-22 04:12:57.765 [info] > git ls-files --stage -- /home/hwlee4/ICS45C/HW7/src/standard_main.cpp [4ms]
2025-05-22 04:12:57.770 [info] > git show --textconv :src/standard_main.cpp [13ms]
2025-05-22 04:12:57.775 [info] > git cat-file -s e69de29bb2d1d6434b8b29ae775ad8c2e48c5391 [5ms]
2025-05-22 04:13:08.867 [info] > git config --get commit.template [4ms]
2025-05-22 04:13:08.875 [info] > git for-each-ref --format=%(refname)%00%(upstream:short)%00%(objectname)%00%(upstream:track)%00%(upstream:remotename)%00%(upstream:remoteref) refs/heads/main refs/remotes/main [7ms]
2025-05-22 04:13:08.890 [info] > git for-each-ref --sort -committerdate --format %(refname) %(objectname) %(*objectname) [8ms]
2025-05-22 04:13:08.893 [info] > git status -z -uall [15ms]
2025-05-22 04:13:23.801 [info] > git config --get commit.template [3ms]
2025-05-22 04:13:23.808 [info] > git for-each-ref --format=%(refname)%00%(upstream:short)%00%(objectname)%00%(upstream:track)%00%(upstream:remotename)%00%(upstream:remoteref) refs/heads/main refs/remotes/main [7ms]
2025-05-22 04:13:23.822 [info] > git status -z -uall [11ms]
2025-05-22 04:13:23.823 [info] > git for-each-ref --sort -committerdate --format %(refname) %(objectname) %(*objectname) [9ms]
2025-05-22 04:13:45.072 [info] > git config --get commit.template [3ms]
2025-05-22 04:13:45.079 [info] > git for-each-ref --format=%(refname)%00%(upstream:short)%00%(objectname)%00%(upstream:track)%00%(upstream:remotename)%00%(upstream:remoteref) refs/heads/main refs/remotes/main [7ms]
2025-05-22 04:13:45.092 [info] > git status -z -uall [11ms]
2025-05-22 04:13:45.092 [info] > git for-each-ref --sort -committerdate --format %(refname) %(objectname) %(*objectname) [8ms]
2025-05-22 04:13:45.095 [info] > git show --textconv :src/array.hpp [8ms]
2025-05-22 04:13:45.096 [info] > git ls-files --stage -- /home/hwlee4/ICS45C/HW7/src/array.hpp [6ms]
2025-05-22 04:13:45.103 [info] > git cat-file -s e69de29bb2d1d6434b8b29ae775ad8c2e48c5391 [5ms]
2025-05-22 04:14:22.252 [info] > git show --textconv :src/matrix.hpp [6ms]
2025-05-22 04:14:22.254 [info] > git ls-files --stage -- /home/hwlee4/ICS45C/HW7/src/matrix.hpp [5ms]
2025-05-22 04:14:22.262 [info] > git cat-file -s e69de29bb2d1d6434b8b29ae775ad8c2e48c5391 [4ms]
2025-05-22 04:14:23.607 [info] > git config --get commit.template [4ms]
2025-05-22 04:14:23.614 [info] > git for-each-ref --format=%(refname)%00%(upstream:short)%00%(objectname)%00%(upstream:track)%00%(upstream:remotename)%00%(upstream:remoteref) refs/heads/main refs/remotes/main [8ms]
2025-05-22 04:14:23.629 [info] > git for-each-ref --sort -committerdate --format %(refname) %(objectname) %(*objectname) [8ms]
2025-05-22 04:14:23.632 [info] > git status -z -uall [14ms]
2025-05-22 04:14:28.645 [info] > git config --get commit.template [4ms]
2025-05-22 04:14:28.651 [info] > git for-each-ref --format=%(refname)%00%(upstream:short)%00%(objectname)%00%(upstream:track)%00%(upstream:remotename)%00%(upstream:remoteref) refs/heads/main refs/remotes/main [7ms]
2025-05-22 04:14:28.666 [info] > git status -z -uall [11ms]
2025-05-22 04:14:28.667 [info] > git for-each-ref --sort -committerdate --format %(refname) %(objectname) %(*objectname) [8ms]
2025-05-22 04:17:03.862 [info] > git check-ignore -v -z --stdin [6ms]
2025-05-22 04:17:04.572 [info] > git config --get commit.template [3ms]
2025-05-22 04:17:04.581 [info] > git for-each-ref --format=%(refname)%00%(upstream:short)%00%(objectname)%00%(upstream:track)%00%(upstream:remotename)%00%(upstream:remoteref) refs/heads/main refs/remotes/main [10ms]
2025-05-22 04:17:04.595 [info] > git for-each-ref --sort -committerdate --format %(refname) %(objectname) %(*objectname) [8ms]
2025-05-22 04:17:04.599 [info] > git status -z -uall [15ms]
2025-05-22 04:17:32.071 [info] > git config --get commit.template [4ms]
2025-05-22 04:17:32.078 [info] > git for-each-ref --format=%(refname)%00%(upstream:short)%00%(objectname)%00%(upstream:track)%00%(upstream:remotename)%00%(upstream:remoteref) refs/heads/main refs/remotes/main [7ms]
2025-05-22 04:17:32.092 [info] > git status -z -uall [11ms]
2025-05-22 04:17:32.092 [info] > git for-each-ref --sort -committerdate --format %(refname) %(objectname) %(*objectname) [8ms]
2025-05-22 04:17:37.101 [info] > git config --get commit.template [3ms]
2025-05-22 04:17:37.109 [info] > git for-each-ref --format=%(refname)%00%(upstream:short)%00%(objectname)%00%(upstream:track)%00%(upstream:remotename)%00%(upstream:remoteref) refs/heads/main refs/remotes/main [9ms]
2025-05-22 04:17:37.124 [info] > git for-each-ref --sort -committerdate --format %(refname) %(objectname) %(*objectname) [9ms]
2025-05-22 04:17:37.126 [info] > git status -z -uall [13ms]
2025-05-22 04:19:51.599 [info] > git rev-parse --show-toplevel [5ms]
2025-05-22 04:19:51.605 [info] > git rev-parse --path-format=relative --show-toplevel [3ms]
2025-05-22 04:19:51.612 [info] > git rev-parse --show-toplevel [3ms]
2025-05-22 04:19:51.618 [info] > git rev-parse --path-format=relative --show-toplevel [3ms]
2025-05-22 04:19:51.624 [info] > git rev-parse --show-toplevel [3ms]
2025-05-22 04:19:51.629 [info] > git rev-parse --path-format=relative --show-toplevel [3ms]
2025-05-22 04:19:51.636 [info] > git rev-parse --show-toplevel [3ms]
2025-05-22 04:19:51.641 [info] > git rev-parse --path-format=relative --show-toplevel [3ms]
2025-05-22 04:19:51.646 [info] > git rev-parse --show-toplevel [3ms]
2025-05-22 04:19:51.652 [info] > git rev-parse --path-format=relative --show-toplevel [4ms]
2025-05-22 04:19:51.657 [info] > git rev-parse --show-toplevel [3ms]
2025-05-22 04:19:51.662 [info] > git rev-parse --path-format=relative --show-toplevel [3ms]
2025-05-22 04:19:51.668 [info] > git rev-parse --show-toplevel [3ms]
2025-05-22 04:19:51.673 [info] > git rev-parse --path-format=relative --show-toplevel [3ms]
2025-05-22 04:19:51.680 [info] > git rev-parse --show-toplevel [3ms]
2025-05-22 04:19:51.686 [info] > git rev-parse --path-format=relative --show-toplevel [3ms]
2025-05-22 04:19:57.603 [info] > git add -A -- . [42ms]
2025-05-22 04:19:57.664 [info] > git -c user.useConfigOnly=true commit --quiet --allow-empty-message --file - [57ms]
2025-05-22 04:19:57.670 [info] > git config --get commit.template [4ms]
2025-05-22 04:19:57.677 [info] > git config --get commit.template [3ms]
2025-05-22 04:19:57.689 [info] > git for-each-ref --format=%(refname)%00%(upstream:short)%00%(objectname)%00%(upstream:track)%00%(upstream:remotename)%00%(upstream:remoteref) refs/heads/main refs/remotes/main [13ms]
2025-05-22 04:19:57.703 [info] > git status -z -uall [11ms]
2025-05-22 04:19:57.703 [info] > git for-each-ref --sort -committerdate --format %(refname) %(objectname) %(*objectname) [9ms]
2025-05-22 04:19:57.717 [info] > git merge-base refs/heads/main refs/remotes/origin/main [6ms]
2025-05-22 04:19:57.726 [info] > git diff --name-status -z --diff-filter=ADMR e3d3a201fa9391ab993512e7961ec4022ac43a94...refs/remotes/origin/main [7ms]
2025-05-22 04:19:58.159 [info] > git config --get commit.template [4ms]
2025-05-22 04:19:58.167 [info] > git for-each-ref --format=%(refname)%00%(upstream:short)%00%(objectname)%00%(upstream:track)%00%(upstream:remotename)%00%(upstream:remoteref) refs/heads/main refs/remotes/main [8ms]
2025-05-22 04:19:58.181 [info] > git status -z -uall [11ms]
2025-05-22 04:19:58.182 [info] > git for-each-ref --sort -committerdate --format %(refname) %(objectname) %(*objectname) [8ms]
2025-05-22 04:19:58.990 [info] > git ls-files --stage -- /home/hwlee4/ICS45C/HW7/src/matrix.hpp [3ms]
2025-05-22 04:19:59.000 [info] > git cat-file -s 5f78769e7e6fd6a34066f7c29af2e52bdddd2152 [8ms]
2025-05-22 04:19:59.018 [info] > git show --textconv :src/matrix.hpp [7ms]
2025-05-22 04:19:59.577 [info] > git log --oneline --cherry main...main@{upstream} -- [8ms]
2025-05-22 04:20:00.903 [info] > git ls-files --stage -- /home/hwlee4/ICS45C/HW7/src/matrix.hpp [4ms]
2025-05-22 04:20:00.912 [info] > git cat-file -s 5f78769e7e6fd6a34066f7c29af2e52bdddd2152 [7ms]
2025-05-22 04:20:00.963 [info] > git show --textconv :src/matrix.hpp [5ms]
2025-05-22 04:20:01.061 [info] > git pull --tags origin main [1481ms]
2025-05-22 04:20:01.061 [info] From github.com:klefstad-teaching/ics-45c-hw7-hwlee4
 * branch            main       -> FETCH_HEAD
2025-05-22 04:20:02.610 [info] > git push origin main:main [1545ms]
2025-05-22 04:20:02.610 [info] To github.com:klefstad-teaching/ics-45c-hw7-hwlee4.git
   e3d3a20..c515706  main -> main
2025-05-22 04:20:02.616 [info] > git config --get commit.template [3ms]
2025-05-22 04:20:02.624 [info] > git for-each-ref --format=%(refname)%00%(upstream:short)%00%(objectname)%00%(upstream:track)%00%(upstream:remotename)%00%(upstream:remoteref) refs/heads/main refs/remotes/main [9ms]
2025-05-22 04:20:02.636 [info] > git status -z -uall [9ms]
2025-05-22 04:20:02.638 [info] > git for-each-ref --sort -committerdate --format %(refname) %(objectname) %(*objectname) [9ms]
2025-05-22 04:20:02.652 [info] > git merge-base refs/heads/main refs/remotes/origin/main [6ms]
2025-05-22 04:20:02.661 [info] > git diff --name-status -z --diff-filter=ADMR c515706c8a7b55a1a3b458f4533d90f48011da0f...refs/remotes/origin/main [7ms]
2025-05-22 04:24:49.058 [info] > git config --get commit.template [4ms]
2025-05-22 04:24:49.067 [info] > git for-each-ref --format=%(refname)%00%(upstream:short)%00%(objectname)%00%(upstream:track)%00%(upstream:remotename)%00%(upstream:remoteref) refs/heads/main refs/remotes/main [10ms]
2025-05-22 04:24:49.081 [info] > git for-each-ref --sort -committerdate --format %(refname) %(objectname) %(*objectname) [9ms]
2025-05-22 04:24:49.085 [info] > git status -z -uall [15ms]
2025-05-22 04:24:49.105 [info] > git ls-files --stage -- /home/hwlee4/ICS45C/HW7/src/matrix.hpp [5ms]
2025-05-22 04:24:49.112 [info] > git cat-file -s 5f78769e7e6fd6a34066f7c29af2e52bdddd2152 [5ms]
2025-05-22 04:24:49.165 [info] > git show --textconv :src/matrix.hpp [6ms]
