2025-04-23 17:14:16.046 [info] Log level: Info
2025-04-23 17:14:16.046 [info] Validating found git in: "git"
2025-04-23 17:14:16.046 [info] Using git "2.34.1" from "git"
2025-04-23 17:14:16.046 [info] > git rev-parse --show-toplevel [7ms]
2025-04-23 17:14:16.046 [info] > git rev-parse --path-format=relative --show-toplevel [8ms]
2025-04-23 17:14:16.061 [info] > git rev-parse --show-toplevel [8ms]
2025-04-23 17:14:16.070 [info] > git rev-parse --path-format=relative --show-toplevel [4ms]
2025-04-23 17:14:16.079 [info] > git rev-parse --git-dir --git-common-dir [5ms]
2025-04-23 17:14:16.106 [info] Open repository: /home/hwlee4/ICS45C/HW0
2025-04-23 17:14:16.122 [info] > git config --get commit.template [6ms]
2025-04-23 17:14:16.130 [info] > git rev-parse --show-toplevel [11ms]
2025-04-23 17:14:16.154 [info] > git for-each-ref --format=%(refname)%00%(upstream:short)%00%(objectname)%00%(upstream:track)%00%(upstream:remotename)%00%(upstream:remoteref) refs/heads/main refs/remotes/main [27ms]
2025-04-23 17:14:16.155 [info] > git rev-parse --path-format=relative --show-toplevel [22ms]
2025-04-23 17:14:16.169 [info] > git rev-parse --git-dir --git-common-dir [9ms]
2025-04-23 17:14:16.177 [info] Open repository: /home/hwlee4/ICS45C/HW1
2025-04-23 17:14:16.191 [info] > git status -z -uall [24ms]
2025-04-23 17:14:16.193 [info] > git config --get commit.template [9ms]
2025-04-23 17:14:16.285 [info] > git for-each-ref --format=%(refname)%00%(upstream:short)%00%(objectname)%00%(upstream:track)%00%(upstream:remotename)%00%(upstream:remoteref) refs/heads/main refs/remotes/main [84ms]
2025-04-23 17:14:16.291 [info] > git rev-parse --show-toplevel [104ms]
2025-04-23 17:14:16.303 [info] > git config --local branch.main.vscode-merge-base [11ms]
2025-04-23 17:14:16.308 [info] > git config --get commit.template [25ms]
2025-04-23 17:14:16.310 [info] > git rev-parse --path-format=relative --show-toplevel [14ms]
2025-04-23 17:14:16.321 [info] > git for-each-ref --format=%(refname)%00%(upstream:short)%00%(objectname)%00%(upstream:track)%00%(upstream:remotename)%00%(upstream:remoteref) refs/heads/origin/main refs/remotes/origin/main [13ms]
2025-04-23 17:14:16.328 [info] > git for-each-ref --format=%(refname)%00%(upstream:short)%00%(objectname)%00%(upstream:track)%00%(upstream:remotename)%00%(upstream:remoteref) refs/heads/main refs/remotes/main [28ms]
2025-04-23 17:14:16.330 [info] > git rev-parse --git-dir --git-common-dir [10ms]
2025-04-23 17:14:16.338 [info] Open repository: /home/hwlee4/ICS45C/HW2
2025-04-23 17:14:16.340 [info] > git for-each-ref --format=%(refname)%00%(upstream:short)%00%(objectname)%00%(upstream:track)%00%(upstream:remotename)%00%(upstream:remoteref) refs/heads/main refs/remotes/main [26ms]
2025-04-23 17:14:16.350 [info] > git merge-base refs/heads/main refs/remotes/origin/main [22ms]
2025-04-23 17:14:16.358 [info] > git rev-parse --show-toplevel [9ms]
2025-04-23 17:14:16.362 [info] > git config --get commit.template [16ms]
2025-04-23 17:14:16.403 [info] > git rev-list --count --left-right refs/heads/main...refs/remotes/origin/main [48ms]
2025-04-23 17:14:16.408 [info] > git rev-parse --path-format=relative --show-toplevel [47ms]
2025-04-23 17:14:16.414 [info] > git status -z -uall [22ms]
2025-04-23 17:14:16.427 [info] > git for-each-ref --format=%(refname)%00%(upstream:short)%00%(objectname)%00%(upstream:track)%00%(upstream:remotename)%00%(upstream:remoteref) refs/heads/main refs/remotes/main [30ms]
2025-04-23 17:14:16.433 [info] > git status -z -uall [32ms]
2025-04-23 17:14:16.433 [info] > git rev-parse --git-dir --git-common-dir [21ms]
2025-04-23 17:14:16.441 [info] Open repository: /home/hwlee4/ICS45C/HW3
2025-04-23 17:14:16.451 [info] > git diff --name-status -z --diff-filter=ADMR 2de1186af8d356e9b3e6443d56764a6c359645dc...refs/remotes/origin/main [42ms]
2025-04-23 17:14:16.470 [info] > git config --get commit.template [39ms]
2025-04-23 17:14:16.471 [info] > git for-each-ref --format=%(refname)%00%(upstream:short)%00%(objectname)%00%(upstream:track)%00%(upstream:remotename)%00%(upstream:remoteref) refs/heads/main refs/remotes/main [52ms]
2025-04-23 17:14:16.478 [info] > git config --get commit.template [9ms]
2025-04-23 17:14:16.478 [info] > git rev-parse --show-toplevel [13ms]
2025-04-23 17:14:16.482 [info] > git for-each-ref --format=%(refname)%00%(upstream:short)%00%(objectname)%00%(upstream:track)%00%(upstream:remotename)%00%(upstream:remoteref) refs/heads/main refs/remotes/main [25ms]
2025-04-23 17:14:16.492 [info] > git rev-parse --path-format=relative --show-toplevel [11ms]
2025-04-23 17:14:16.493 [info] > git config --local branch.main.vscode-merge-base [18ms]
2025-04-23 17:14:16.508 [info] > git config --local branch.main.vscode-merge-base [21ms]
2025-04-23 17:14:16.514 [info] > git for-each-ref --format=%(refname)%00%(upstream:short)%00%(objectname)%00%(upstream:track)%00%(upstream:remotename)%00%(upstream:remoteref) refs/heads/origin/main refs/remotes/origin/main [17ms]
2025-04-23 17:14:16.519 [info] > git for-each-ref --format=%(refname)%00%(upstream:short)%00%(objectname)%00%(upstream:track)%00%(upstream:remotename)%00%(upstream:remoteref) refs/heads/main refs/remotes/main [28ms]
2025-04-23 17:14:16.560 [info] > git status -z -uall [58ms]
2025-04-23 17:14:16.561 [info] > git for-each-ref --format=%(refname)%00%(upstream:short)%00%(objectname)%00%(upstream:track)%00%(upstream:remotename)%00%(upstream:remoteref) refs/heads/main refs/remotes/main [54ms]
2025-04-23 17:14:16.579 [warning] ENOENT: no such file or directory, open '/home/hwlee4/ICS45C/HW3/.git/refs/remotes/origin/main'
2025-04-23 17:14:16.585 [info] > git merge-base refs/heads/main refs/remotes/origin/main [65ms]
2025-04-23 17:14:16.589 [info] > git for-each-ref --format=%(refname)%00%(upstream:short)%00%(objectname)%00%(upstream:track)%00%(upstream:remotename)%00%(upstream:remoteref) refs/heads/origin/main refs/remotes/origin/main [77ms]
2025-04-23 17:14:16.592 [info] > git config --get commit.template [9ms]
2025-04-23 17:14:16.592 [info] > git rev-parse refs/remotes/origin/main [13ms]
2025-04-23 17:14:16.597 [info] > git for-each-ref --format=%(refname)%00%(upstream:short)%00%(objectname)%00%(upstream:track)%00%(upstream:remotename)%00%(upstream:remoteref) refs/heads/main refs/remotes/main [31ms]
2025-04-23 17:14:16.603 [info] > git rev-list --count --left-right refs/heads/main...refs/remotes/origin/main [14ms]
2025-04-23 17:14:16.619 [info] > git config --local branch.main.vscode-merge-base [18ms]
2025-04-23 17:14:16.625 [info] > git diff --name-status -z --diff-filter=ADMR 1d941fbc59bc10f4d013441e18a8b73cc72449ad...refs/remotes/origin/main [18ms]
2025-04-23 17:14:16.725 [info] > git status -z -uall [127ms]
2025-04-23 17:14:16.725 [info] > git status -z -uall [114ms]
2025-04-23 17:14:16.746 [info] > git for-each-ref --format=%(refname)%00%(upstream:short)%00%(objectname)%00%(upstream:track)%00%(upstream:remotename)%00%(upstream:remoteref) refs/heads/main refs/remotes/main [128ms]
2025-04-23 17:14:16.747 [info] > git for-each-ref --format=%(refname)%00%(upstream:short)%00%(objectname)%00%(upstream:track)%00%(upstream:remotename)%00%(upstream:remoteref) refs/heads/origin/main refs/remotes/origin/main [123ms]
2025-04-23 17:14:16.758 [info] > git for-each-ref --format=%(refname)%00%(upstream:short)%00%(objectname)%00%(upstream:track)%00%(upstream:remotename)%00%(upstream:remoteref) refs/heads/main refs/remotes/main [28ms]
2025-04-23 17:14:16.766 [info] > git config --get commit.template [9ms]
2025-04-23 17:14:16.766 [info] > git merge-base refs/heads/main refs/remotes/origin/main [14ms]
2025-04-23 17:14:16.772 [info] > git for-each-ref --format=%(refname)%00%(upstream:short)%00%(objectname)%00%(upstream:track)%00%(upstream:remotename)%00%(upstream:remoteref) refs/heads/main refs/remotes/main [28ms]
2025-04-23 17:14:16.778 [info] > git config --local branch.main.vscode-merge-base [14ms]
2025-04-23 17:14:16.778 [warning] git config failed: Failed to execute git
2025-04-23 17:14:16.792 [info] > git config --local branch.main.vscode-merge-base [16ms]
2025-04-23 17:14:16.799 [info] > git for-each-ref --format=%(refname)%00%(upstream:short)%00%(objectname)%00%(upstream:track)%00%(upstream:remotename)%00%(upstream:remoteref) refs/heads/main refs/remotes/main [12ms]
2025-04-23 17:14:16.800 [info] > git reflog main --grep-reflog=branch: Created from *. [16ms]
2025-04-23 17:14:16.804 [info] > git rev-list --count --left-right refs/heads/main...refs/remotes/origin/main [32ms]
2025-04-23 17:14:16.815 [warning] ENOENT: no such file or directory, open '/home/hwlee4/ICS45C/HW3/.git/refs/remotes/origin/main'
2025-04-23 17:14:16.816 [info] > git status -z -uall [25ms]
2025-04-23 17:14:16.824 [info] > git for-each-ref --format=%(refname)%00%(upstream:short)%00%(objectname)%00%(upstream:track)%00%(upstream:remotename)%00%(upstream:remoteref) refs/heads/origin/main refs/remotes/origin/main [27ms]
2025-04-23 17:14:16.826 [info] > git rev-parse refs/remotes/origin/main [11ms]
2025-04-23 17:14:16.831 [info] > git diff --name-status -z --diff-filter=ADMR 6e366bc68f599c93d5b2306a1622b19a83ab6690...refs/remotes/origin/main [20ms]
2025-04-23 17:14:16.832 [info] > git symbolic-ref --short refs/remotes/origin/HEAD [28ms]
2025-04-23 17:14:16.837 [info] > git for-each-ref --format=%(refname)%00%(upstream:short)%00%(objectname)%00%(upstream:track)%00%(upstream:remotename)%00%(upstream:remoteref) refs/heads/main refs/remotes/main [15ms]
2025-04-23 17:14:16.846 [info] > git for-each-ref --format=%(refname)%00%(upstream:short)%00%(objectname)%00%(upstream:track)%00%(upstream:remotename)%00%(upstream:remoteref) refs/heads/origin/main refs/remotes/origin/main [10ms]
2025-04-23 17:14:16.851 [info] > git config --local branch.main.vscode-merge-base [9ms]
2025-04-23 17:14:16.861 [info] > git config --local branch.main.vscode-merge-base origin/main [11ms]
2025-04-23 17:14:16.887 [info] > git status -z -uall [57ms] (cancelled)
2025-04-23 17:14:16.888 [info] > git for-each-ref --format=%(refname)%00%(upstream:short)%00%(objectname)%00%(upstream:track)%00%(upstream:remotename)%00%(upstream:remoteref) refs/heads/origin/main refs/remotes/origin/main [33ms]
2025-04-23 17:14:16.897 [info] > git config --get commit.template [30ms]
2025-04-23 17:14:16.904 [info] > git for-each-ref --format=%(refname)%00%(upstream:short)%00%(objectname)%00%(upstream:track)%00%(upstream:remotename)%00%(upstream:remoteref) refs/heads/main refs/remotes/main [10ms]
2025-04-23 17:14:16.939 [warning] ENOENT: no such file or directory, open '/home/hwlee4/ICS45C/HW3/.git/refs/remotes/origin/main'
2025-04-23 17:14:16.944 [info] > git rev-parse refs/remotes/origin/main [6ms]
2025-04-23 17:14:16.986 [info] > git status -z -uall [37ms]
2025-04-23 17:14:17.004 [info] > git for-each-ref --format=%(refname)%00%(upstream:short)%00%(objectname)%00%(upstream:track)%00%(upstream:remotename)%00%(upstream:remoteref) refs/heads/main refs/remotes/main [13ms]
2025-04-23 17:14:17.009 [info] > git merge-base refs/heads/main refs/remotes/origin/main [13ms]
2025-04-23 17:14:17.014 [info] > git config --local branch.main.vscode-merge-base [6ms]
2025-04-23 17:14:17.022 [info] > git rev-list --count --left-right refs/heads/main...refs/remotes/origin/main [9ms]
2025-04-23 17:14:17.027 [info] > git for-each-ref --format=%(refname)%00%(upstream:short)%00%(objectname)%00%(upstream:track)%00%(upstream:remotename)%00%(upstream:remoteref) refs/heads/origin/main refs/remotes/origin/main [8ms]
2025-04-23 17:14:17.037 [info] > git diff --name-status -z --diff-filter=ADMR 8dd97f73566bffbaa65e1e01ce7dc82976244013...refs/remotes/origin/main [11ms]
2025-04-23 17:14:17.127 [info] > git check-ignore -v -z --stdin [8ms]
2025-04-23 17:14:18.264 [info] > git ls-files --stage -- /home/hwlee4/ICS45C/HW2/src/student_gtests.cpp [5ms]
2025-04-23 17:14:18.269 [info] > git show --textconv :src/student_gtests.cpp [16ms]
2025-04-23 17:14:18.277 [info] > git cat-file -s 7e0256ce1a5fdad5c0a49a66800ea8278311fa2e [8ms]
2025-04-23 17:14:18.746 [info] > git check-ignore -v -z --stdin [17ms]
2025-04-23 17:14:18.746 [info] > git check-ignore -v -z --stdin [13ms]
2025-04-23 17:14:18.747 [info] > git check-ignore -v -z --stdin [9ms]
2025-04-23 17:14:18.751 [info] > git check-ignore -v -z --stdin [9ms]
2025-04-23 17:14:18.803 [info] > git rev-parse --show-toplevel [6ms]
2025-04-23 17:14:18.812 [info] > git rev-parse --path-format=relative --show-toplevel [5ms]
2025-04-23 17:14:18.822 [info] > git rev-parse --show-toplevel [4ms]
2025-04-23 17:14:18.831 [info] > git rev-parse --path-format=relative --show-toplevel [5ms]
2025-04-23 17:14:19.763 [info] > git config --get commit.template [6ms]
2025-04-23 17:14:19.772 [info] > git for-each-ref --format=%(refname)%00%(upstream:short)%00%(objectname)%00%(upstream:track)%00%(upstream:remotename)%00%(upstream:remoteref) refs/heads/main refs/remotes/main [11ms]
2025-04-23 17:14:19.776 [warning] ENOENT: no such file or directory, open '/home/hwlee4/ICS45C/HW3/.git/refs/remotes/origin/main'
2025-04-23 17:14:19.782 [info] > git rev-parse refs/remotes/origin/main [6ms]
2025-04-23 17:14:19.822 [info] > git status -z -uall [35ms]
2025-04-23 17:14:19.838 [info] > git for-each-ref --format=%(refname)%00%(upstream:short)%00%(objectname)%00%(upstream:track)%00%(upstream:remotename)%00%(upstream:remoteref) refs/heads/main refs/remotes/main [10ms]
2025-04-23 17:14:19.848 [info] > git config --local branch.main.vscode-merge-base [5ms]
2025-04-23 17:14:19.861 [info] > git for-each-ref --format=%(refname)%00%(upstream:short)%00%(objectname)%00%(upstream:track)%00%(upstream:remotename)%00%(upstream:remoteref) refs/heads/origin/main refs/remotes/origin/main [9ms]
2025-04-23 17:14:24.213 [info] > git check-ignore -v -z --stdin [6ms]
2025-04-23 17:14:29.791 [info] > git check-ignore -v -z --stdin [7ms]
2025-04-23 17:14:31.011 [info] > git show --textconv :src/string.hpp [8ms]
2025-04-23 17:14:31.014 [info] > git ls-files --stage -- /home/hwlee4/ICS45C/HW3/src/string.hpp [6ms]
2025-04-23 17:14:31.029 [info] > git cat-file -s e69de29bb2d1d6434b8b29ae775ad8c2e48c5391 [9ms]
2025-04-23 17:14:34.926 [info] > git config --get commit.template [7ms]
2025-04-23 17:14:34.936 [info] > git for-each-ref --format=%(refname)%00%(upstream:short)%00%(objectname)%00%(upstream:track)%00%(upstream:remotename)%00%(upstream:remoteref) refs/heads/main refs/remotes/main [11ms]
2025-04-23 17:14:34.941 [warning] ENOENT: no such file or directory, open '/home/hwlee4/ICS45C/HW3/.git/refs/remotes/origin/main'
2025-04-23 17:14:34.947 [info] > git rev-parse refs/remotes/origin/main [6ms]
2025-04-23 17:14:34.992 [info] > git status -z -uall [40ms]
2025-04-23 17:14:35.010 [info] > git for-each-ref --format=%(refname)%00%(upstream:short)%00%(objectname)%00%(upstream:track)%00%(upstream:remotename)%00%(upstream:remoteref) refs/heads/main refs/remotes/main [11ms]
2025-04-23 17:14:35.021 [info] > git config --local branch.main.vscode-merge-base [4ms]
2025-04-23 17:14:35.034 [info] > git for-each-ref --format=%(refname)%00%(upstream:short)%00%(objectname)%00%(upstream:track)%00%(upstream:remotename)%00%(upstream:remoteref) refs/heads/origin/main refs/remotes/origin/main [8ms]
2025-04-23 17:18:44.430 [info] > git config --get commit.template [5ms]
2025-04-23 17:18:44.442 [info] > git for-each-ref --format=%(refname)%00%(upstream:short)%00%(objectname)%00%(upstream:track)%00%(upstream:remotename)%00%(upstream:remoteref) refs/heads/main refs/remotes/main [14ms]
2025-04-23 17:18:44.447 [warning] ENOENT: no such file or directory, open '/home/hwlee4/ICS45C/HW3/.git/refs/remotes/origin/main'
2025-04-23 17:18:44.452 [info] > git rev-parse refs/remotes/origin/main [5ms]
2025-04-23 17:18:44.503 [info] > git status -z -uall [46ms]
2025-04-23 17:18:44.522 [info] > git for-each-ref --format=%(refname)%00%(upstream:short)%00%(objectname)%00%(upstream:track)%00%(upstream:remotename)%00%(upstream:remoteref) refs/heads/main refs/remotes/main [12ms]
2025-04-23 17:18:44.532 [info] > git config --local branch.main.vscode-merge-base [5ms]
2025-04-23 17:18:44.548 [info] > git for-each-ref --format=%(refname)%00%(upstream:short)%00%(objectname)%00%(upstream:track)%00%(upstream:remotename)%00%(upstream:remoteref) refs/heads/origin/main refs/remotes/origin/main [7ms]
2025-04-23 17:19:06.465 [info] > git merge-base refs/heads/main refs/remotes/origin/main [22ms]
2025-04-23 17:19:06.474 [info] > git merge-base refs/heads/main refs/remotes/origin/main [38ms]
2025-04-23 17:19:06.479 [info] > git merge-base refs/heads/main refs/remotes/origin/main [48ms]
2025-04-23 17:19:06.486 [info] > git merge-base refs/heads/main refs/remotes/origin/main [28ms]
2025-04-23 17:19:06.492 [info] > git rev-list --count --left-right refs/heads/main...refs/remotes/origin/main [13ms]
2025-04-23 17:19:06.493 [info] > git rev-list --count --left-right refs/heads/main...refs/remotes/origin/main [19ms]
2025-04-23 17:19:06.496 [info] > git rev-list --count --left-right refs/heads/main...refs/remotes/origin/main [12ms]
2025-04-23 17:19:06.503 [info] > git rev-list --count --left-right refs/heads/main...refs/remotes/origin/main [13ms]
2025-04-23 17:19:07.612 [info] > git rev-parse --show-toplevel [6ms]
2025-04-23 17:19:07.622 [info] > git rev-parse --path-format=relative --show-toplevel [5ms]
2025-04-23 17:19:07.632 [info] > git rev-parse --show-toplevel [5ms]
2025-04-23 17:19:07.642 [info] > git rev-parse --path-format=relative --show-toplevel [6ms]
2025-04-23 17:19:07.652 [info] > git rev-parse --show-toplevel [5ms]
2025-04-23 17:19:07.660 [info] > git rev-parse --path-format=relative --show-toplevel [4ms]
2025-04-23 17:19:07.670 [info] > git rev-parse --show-toplevel [4ms]
2025-04-23 17:19:07.678 [info] > git rev-parse --path-format=relative --show-toplevel [5ms]
2025-04-23 17:19:18.374 [info] > git add -A -- . [50ms]
2025-04-23 17:19:18.449 [info] > git -c user.useConfigOnly=true commit --quiet --allow-empty-message --file - [69ms]
2025-04-23 17:19:18.460 [info] > git config --get commit.template [5ms]
2025-04-23 17:19:18.471 [info] > git config --get commit.template [5ms]
2025-04-23 17:19:18.486 [info] > git for-each-ref --format=%(refname)%00%(upstream:short)%00%(objectname)%00%(upstream:track)%00%(upstream:remotename)%00%(upstream:remoteref) refs/heads/main refs/remotes/main [15ms]
2025-04-23 17:19:18.490 [warning] ENOENT: no such file or directory, open '/home/hwlee4/ICS45C/HW3/.git/refs/remotes/origin/main'
2025-04-23 17:19:18.495 [info] > git rev-parse refs/remotes/origin/main [5ms]
2025-04-23 17:19:18.515 [info] > git status -z -uall [16ms]
2025-04-23 17:19:18.535 [info] > git for-each-ref --format=%(refname)%00%(upstream:short)%00%(objectname)%00%(upstream:track)%00%(upstream:remotename)%00%(upstream:remoteref) refs/heads/main refs/remotes/main [13ms]
2025-04-23 17:19:18.546 [info] > git config --local branch.main.vscode-merge-base [5ms]
2025-04-23 17:19:18.559 [info] > git for-each-ref --format=%(refname)%00%(upstream:short)%00%(objectname)%00%(upstream:track)%00%(upstream:remotename)%00%(upstream:remoteref) refs/heads/origin/main refs/remotes/origin/main [8ms]
2025-04-23 17:19:18.574 [info] > git merge-base refs/heads/main refs/remotes/origin/main [9ms]
2025-04-23 17:19:18.587 [info] > git rev-list --count --left-right refs/heads/main...refs/remotes/origin/main [9ms]
2025-04-23 17:19:18.601 [info] > git diff --name-status -z --diff-filter=ADMR 8dd97f73566bffbaa65e1e01ce7dc82976244013...refs/remotes/origin/main [9ms]
2025-04-23 17:19:18.683 [info] > git config --get commit.template [7ms]
2025-04-23 17:19:18.693 [info] > git for-each-ref --format=%(refname)%00%(upstream:short)%00%(objectname)%00%(upstream:track)%00%(upstream:remotename)%00%(upstream:remoteref) refs/heads/main refs/remotes/main [12ms]
2025-04-23 17:19:18.697 [warning] ENOENT: no such file or directory, open '/home/hwlee4/ICS45C/HW3/.git/refs/remotes/origin/main'
2025-04-23 17:19:18.702 [info] > git rev-parse refs/remotes/origin/main [5ms]
2025-04-23 17:19:18.720 [info] > git status -z -uall [14ms]
2025-04-23 17:19:18.741 [info] > git for-each-ref --format=%(refname)%00%(upstream:short)%00%(objectname)%00%(upstream:track)%00%(upstream:remotename)%00%(upstream:remoteref) refs/heads/main refs/remotes/main [14ms]
2025-04-23 17:19:18.747 [info] > git merge-base refs/heads/main refs/remotes/origin/main [12ms]
2025-04-23 17:19:18.753 [info] > git config --local branch.main.vscode-merge-base [7ms]
2025-04-23 17:19:18.761 [info] > git rev-list --count --left-right refs/heads/main...refs/remotes/origin/main [9ms]
2025-04-23 17:19:18.767 [info] > git for-each-ref --format=%(refname)%00%(upstream:short)%00%(objectname)%00%(upstream:track)%00%(upstream:remotename)%00%(upstream:remoteref) refs/heads/origin/main refs/remotes/origin/main [9ms]
2025-04-23 17:19:19.752 [info] > git config --get commit.template [6ms]
2025-04-23 17:19:19.764 [info] > git for-each-ref --format=%(refname)%00%(upstream:short)%00%(objectname)%00%(upstream:track)%00%(upstream:remotename)%00%(upstream:remoteref) refs/heads/main refs/remotes/main [13ms]
2025-04-23 17:19:19.770 [warning] ENOENT: no such file or directory, open '/home/hwlee4/ICS45C/HW3/.git/refs/remotes/origin/main'
2025-04-23 17:19:19.775 [info] > git rev-parse refs/remotes/origin/main [4ms]
2025-04-23 17:19:19.780 [info] > git log --oneline --cherry main...main@{upstream} -- [17ms]
2025-04-23 17:19:19.794 [info] > git status -z -uall [14ms]
2025-04-23 17:19:19.812 [info] > git for-each-ref --format=%(refname)%00%(upstream:short)%00%(objectname)%00%(upstream:track)%00%(upstream:remotename)%00%(upstream:remoteref) refs/heads/main refs/remotes/main [12ms]
2025-04-23 17:19:19.822 [info] > git config --local branch.main.vscode-merge-base [4ms]
2025-04-23 17:19:19.836 [info] > git for-each-ref --format=%(refname)%00%(upstream:short)%00%(objectname)%00%(upstream:track)%00%(upstream:remotename)%00%(upstream:remoteref) refs/heads/origin/main refs/remotes/origin/main [9ms]
2025-04-23 17:19:20.100 [info] > git ls-files --stage -- /home/hwlee4/ICS45C/HW3/src/string.hpp [7ms]
2025-04-23 17:19:20.116 [info] > git cat-file -s 8759370712a54b44e426924f4a4ed12380d07f88 [11ms]
2025-04-23 17:19:20.169 [info] > git show --textconv :src/string.hpp [10ms]
2025-04-23 17:19:21.088 [info] > git pull --tags origin main [1299ms]
2025-04-23 17:19:21.088 [info] From github.com:klefstad-teaching/ics-45c-hw3-hwlee4
 * branch            main       -> FETCH_HEAD
2025-04-23 17:19:22.412 [info] > git ls-files --stage -- /home/hwlee4/ICS45C/HW3/src/string.hpp [6ms]
2025-04-23 17:19:22.426 [info] > git cat-file -s 8759370712a54b44e426924f4a4ed12380d07f88 [9ms]
2025-04-23 17:19:22.451 [info] > git push origin main:main [1358ms]
2025-04-23 17:19:22.451 [info] To github.com:klefstad-teaching/ics-45c-hw3-hwlee4.git
   8dd97f7..a781641  main -> main
2025-04-23 17:19:22.462 [info] > git config --get commit.template [5ms]
2025-04-23 17:19:22.475 [info] > git for-each-ref --format=%(refname)%00%(upstream:short)%00%(objectname)%00%(upstream:track)%00%(upstream:remotename)%00%(upstream:remoteref) refs/heads/main refs/remotes/main [14ms]
2025-04-23 17:19:22.498 [info] > git status -z -uall [16ms]
2025-04-23 17:19:22.521 [info] > git for-each-ref --format=%(refname)%00%(upstream:short)%00%(objectname)%00%(upstream:track)%00%(upstream:remotename)%00%(upstream:remoteref) refs/heads/main refs/remotes/main [17ms]
2025-04-23 17:19:22.531 [info] > git show --textconv :src/string.hpp [11ms]
2025-04-23 17:19:22.531 [info] > git config --local branch.main.vscode-merge-base [5ms]
2025-04-23 17:19:22.548 [info] > git for-each-ref --format=%(refname)%00%(upstream:short)%00%(objectname)%00%(upstream:track)%00%(upstream:remotename)%00%(upstream:remoteref) refs/heads/origin/main refs/remotes/origin/main [11ms]
2025-04-23 17:19:22.564 [info] > git merge-base refs/heads/main refs/remotes/origin/main [10ms]
2025-04-23 17:19:22.579 [info] > git rev-list --count --left-right refs/heads/main...refs/remotes/origin/main [10ms]
2025-04-23 17:19:22.594 [info] > git diff --name-status -z --diff-filter=ADMR a7816416dcb8e0c47217c8a317a7222a6b8a0bc1...refs/remotes/origin/main [10ms]
2025-04-23 17:19:22.721 [info] > git merge-base refs/heads/main refs/remotes/origin/main [10ms]
2025-04-23 17:19:22.738 [info] > git rev-list --count --left-right refs/heads/main...refs/remotes/origin/main [10ms]
2025-04-23 17:19:23.767 [info] > git ls-files --stage -- /home/hwlee4/ICS45C/HW3/src/string.hpp [6ms]
2025-04-23 17:19:23.780 [info] > git cat-file -s 8759370712a54b44e426924f4a4ed12380d07f88 [8ms]
2025-04-23 17:19:23.867 [info] > git show --textconv :src/string.hpp [10ms]
2025-04-23 17:19:24.815 [info] > git config --get commit.template [6ms]
2025-04-23 17:19:24.825 [info] > git for-each-ref --format=%(refname)%00%(upstream:short)%00%(objectname)%00%(upstream:track)%00%(upstream:remotename)%00%(upstream:remoteref) refs/heads/main refs/remotes/main [11ms]
2025-04-23 17:19:24.845 [info] > git status -z -uall [14ms]
2025-04-23 17:19:24.862 [info] > git for-each-ref --format=%(refname)%00%(upstream:short)%00%(objectname)%00%(upstream:track)%00%(upstream:remotename)%00%(upstream:remoteref) refs/heads/main refs/remotes/main [11ms]
2025-04-23 17:19:24.871 [info] > git config --local branch.main.vscode-merge-base [4ms]
2025-04-23 17:19:24.884 [info] > git for-each-ref --format=%(refname)%00%(upstream:short)%00%(objectname)%00%(upstream:track)%00%(upstream:remotename)%00%(upstream:remoteref) refs/heads/origin/main refs/remotes/origin/main [8ms]
2025-04-23 17:28:21.220 [info] > git ls-files --stage -- /home/hwlee4/ICS45C/HW3/src/string.cpp [6ms]
2025-04-23 17:28:21.227 [info] > git show --textconv :src/string.cpp [18ms]
2025-04-23 17:28:21.234 [info] > git cat-file -s e69de29bb2d1d6434b8b29ae775ad8c2e48c5391 [8ms]
2025-04-23 17:28:24.413 [info] > git config --get commit.template [7ms]
2025-04-23 17:28:24.425 [info] > git for-each-ref --format=%(refname)%00%(upstream:short)%00%(objectname)%00%(upstream:track)%00%(upstream:remotename)%00%(upstream:remoteref) refs/heads/main refs/remotes/main [13ms]
2025-04-23 17:28:24.451 [info] > git status -z -uall [20ms]
2025-04-23 17:28:24.470 [info] > git for-each-ref --format=%(refname)%00%(upstream:short)%00%(objectname)%00%(upstream:track)%00%(upstream:remotename)%00%(upstream:remoteref) refs/heads/main refs/remotes/main [11ms]
2025-04-23 17:28:24.481 [info] > git config --local branch.main.vscode-merge-base [4ms]
2025-04-23 17:28:24.496 [info] > git for-each-ref --format=%(refname)%00%(upstream:short)%00%(objectname)%00%(upstream:track)%00%(upstream:remotename)%00%(upstream:remoteref) refs/heads/origin/main refs/remotes/origin/main [10ms]
2025-04-23 17:30:25.513 [info] > git config --get commit.template [6ms]
2025-04-23 17:30:25.527 [info] > git for-each-ref --format=%(refname)%00%(upstream:short)%00%(objectname)%00%(upstream:track)%00%(upstream:remotename)%00%(upstream:remoteref) refs/heads/main refs/remotes/main [15ms]
2025-04-23 17:30:25.556 [info] > git status -z -uall [22ms]
2025-04-23 17:30:25.575 [info] > git for-each-ref --format=%(refname)%00%(upstream:short)%00%(objectname)%00%(upstream:track)%00%(upstream:remotename)%00%(upstream:remoteref) refs/heads/main refs/remotes/main [11ms]
2025-04-23 17:30:25.584 [info] > git config --local branch.main.vscode-merge-base [4ms]
2025-04-23 17:30:25.600 [info] > git for-each-ref --format=%(refname)%00%(upstream:short)%00%(objectname)%00%(upstream:track)%00%(upstream:remotename)%00%(upstream:remoteref) refs/heads/origin/main refs/remotes/origin/main [10ms]
2025-04-23 17:30:45.008 [info] > git config --get commit.template [8ms]
2025-04-23 17:30:45.020 [info] > git for-each-ref --format=%(refname)%00%(upstream:short)%00%(objectname)%00%(upstream:track)%00%(upstream:remotename)%00%(upstream:remoteref) refs/heads/main refs/remotes/main [13ms]
2025-04-23 17:30:45.042 [info] > git status -z -uall [16ms]
2025-04-23 17:30:45.061 [info] > git for-each-ref --format=%(refname)%00%(upstream:short)%00%(objectname)%00%(upstream:track)%00%(upstream:remotename)%00%(upstream:remoteref) refs/heads/main refs/remotes/main [12ms]
2025-04-23 17:30:45.073 [info] > git config --local branch.main.vscode-merge-base [6ms]
2025-04-23 17:30:45.088 [info] > git for-each-ref --format=%(refname)%00%(upstream:short)%00%(objectname)%00%(upstream:track)%00%(upstream:remotename)%00%(upstream:remoteref) refs/heads/origin/main refs/remotes/origin/main [9ms]
2025-04-23 17:30:52.909 [info] > git check-ignore -v -z --stdin [6ms]
2025-04-23 17:31:40.731 [info] > git config --get commit.template [7ms]
2025-04-23 17:31:40.745 [info] > git for-each-ref --format=%(refname)%00%(upstream:short)%00%(objectname)%00%(upstream:track)%00%(upstream:remotename)%00%(upstream:remoteref) refs/heads/main refs/remotes/main [15ms]
2025-04-23 17:31:40.772 [info] > git status -z -uall [22ms]
2025-04-23 17:31:40.790 [info] > git for-each-ref --format=%(refname)%00%(upstream:short)%00%(objectname)%00%(upstream:track)%00%(upstream:remotename)%00%(upstream:remoteref) refs/heads/main refs/remotes/main [13ms]
2025-04-23 17:31:40.801 [info] > git config --local branch.main.vscode-merge-base [5ms]
2025-04-23 17:31:40.816 [info] > git for-each-ref --format=%(refname)%00%(upstream:short)%00%(objectname)%00%(upstream:track)%00%(upstream:remotename)%00%(upstream:remoteref) refs/heads/origin/main refs/remotes/origin/main [10ms]
2025-04-23 17:31:45.792 [info] > git config --get commit.template [7ms]
2025-04-23 17:31:45.802 [info] > git for-each-ref --format=%(refname)%00%(upstream:short)%00%(objectname)%00%(upstream:track)%00%(upstream:remotename)%00%(upstream:remoteref) refs/heads/main refs/remotes/main [11ms]
2025-04-23 17:31:45.822 [info] > git status -z -uall [14ms]
2025-04-23 17:31:45.840 [info] > git for-each-ref --format=%(refname)%00%(upstream:short)%00%(objectname)%00%(upstream:track)%00%(upstream:remotename)%00%(upstream:remoteref) refs/heads/main refs/remotes/main [11ms]
2025-04-23 17:31:45.851 [info] > git config --local branch.main.vscode-merge-base [4ms]
2025-04-23 17:31:45.868 [info] > git for-each-ref --format=%(refname)%00%(upstream:short)%00%(objectname)%00%(upstream:track)%00%(upstream:remotename)%00%(upstream:remoteref) refs/heads/origin/main refs/remotes/origin/main [8ms]
2025-04-23 17:31:50.848 [info] > git config --get commit.template [8ms]
2025-04-23 17:31:50.858 [info] > git for-each-ref --format=%(refname)%00%(upstream:short)%00%(objectname)%00%(upstream:track)%00%(upstream:remotename)%00%(upstream:remoteref) refs/heads/main refs/remotes/main [11ms]
2025-04-23 17:31:50.879 [info] > git status -z -uall [15ms]
2025-04-23 17:31:50.897 [info] > git for-each-ref --format=%(refname)%00%(upstream:short)%00%(objectname)%00%(upstream:track)%00%(upstream:remotename)%00%(upstream:remoteref) refs/heads/main refs/remotes/main [10ms]
2025-04-23 17:31:50.908 [info] > git config --local branch.main.vscode-merge-base [5ms]
2025-04-23 17:31:50.924 [info] > git for-each-ref --format=%(refname)%00%(upstream:short)%00%(objectname)%00%(upstream:track)%00%(upstream:remotename)%00%(upstream:remoteref) refs/heads/origin/main refs/remotes/origin/main [11ms]
2025-04-23 17:32:39.729 [info] > git ls-files --stage -- /home/hwlee4/ICS45C/HW3/src/string.hpp [5ms]
2025-04-23 17:32:39.734 [info] > git show --textconv :src/string.hpp [14ms]
2025-04-23 17:32:39.741 [info] > git cat-file -s 8759370712a54b44e426924f4a4ed12380d07f88 [8ms]
2025-04-23 17:32:47.554 [info] > git show --textconv :src/string.cpp [11ms]
2025-04-23 17:32:47.555 [info] > git ls-files --stage -- /home/hwlee4/ICS45C/HW3/src/string.cpp [6ms]
2025-04-23 17:32:47.568 [info] > git cat-file -s e69de29bb2d1d6434b8b29ae775ad8c2e48c5391 [8ms]
2025-04-23 17:32:51.373 [info] > git ls-files --stage -- /home/hwlee4/ICS45C/HW3/src/string.hpp [6ms]
2025-04-23 17:32:51.378 [info] > git show --textconv :src/string.hpp [16ms]
2025-04-23 17:32:51.386 [info] > git cat-file -s 8759370712a54b44e426924f4a4ed12380d07f88 [8ms]
2025-04-23 17:32:52.947 [info] > git show --textconv :src/string.cpp [9ms]
2025-04-23 17:32:52.949 [info] > git ls-files --stage -- /home/hwlee4/ICS45C/HW3/src/string.cpp [6ms]
2025-04-23 17:32:52.962 [info] > git cat-file -s e69de29bb2d1d6434b8b29ae775ad8c2e48c5391 [8ms]
2025-04-23 17:35:46.165 [info] > git ls-files --stage -- /home/hwlee4/ICS45C/HW3/src/string.hpp [5ms]
2025-04-23 17:35:46.173 [info] > git show --textconv :src/string.hpp [18ms]
2025-04-23 17:35:46.179 [info] > git cat-file -s 8759370712a54b44e426924f4a4ed12380d07f88 [8ms]
2025-04-23 17:35:57.180 [info] > git show --textconv :src/string.cpp [8ms]
2025-04-23 17:35:57.185 [info] > git ls-files --stage -- /home/hwlee4/ICS45C/HW3/src/string.cpp [6ms]
2025-04-23 17:35:57.197 [info] > git cat-file -s e69de29bb2d1d6434b8b29ae775ad8c2e48c5391 [7ms]
2025-04-23 17:44:22.288 [info] > git config --get commit.template [6ms]
2025-04-23 17:44:22.302 [info] > git for-each-ref --format=%(refname)%00%(upstream:short)%00%(objectname)%00%(upstream:track)%00%(upstream:remotename)%00%(upstream:remoteref) refs/heads/main refs/remotes/main [14ms]
2025-04-23 17:44:22.331 [info] > git status -z -uall [23ms]
2025-04-23 17:44:22.351 [info] > git for-each-ref --format=%(refname)%00%(upstream:short)%00%(objectname)%00%(upstream:track)%00%(upstream:remotename)%00%(upstream:remoteref) refs/heads/main refs/remotes/main [11ms]
2025-04-23 17:44:22.360 [info] > git config --local branch.main.vscode-merge-base [4ms]
2025-04-23 17:44:22.375 [info] > git for-each-ref --format=%(refname)%00%(upstream:short)%00%(objectname)%00%(upstream:track)%00%(upstream:remotename)%00%(upstream:remoteref) refs/heads/origin/main refs/remotes/origin/main [10ms]
2025-04-23 17:44:30.665 [info] > git config --get commit.template [6ms]
2025-04-23 17:44:30.676 [info] > git for-each-ref --format=%(refname)%00%(upstream:short)%00%(objectname)%00%(upstream:track)%00%(upstream:remotename)%00%(upstream:remoteref) refs/heads/main refs/remotes/main [12ms]
2025-04-23 17:44:30.698 [info] > git status -z -uall [15ms]
2025-04-23 17:44:30.716 [info] > git for-each-ref --format=%(refname)%00%(upstream:short)%00%(objectname)%00%(upstream:track)%00%(upstream:remotename)%00%(upstream:remoteref) refs/heads/main refs/remotes/main [12ms]
2025-04-23 17:44:30.727 [info] > git config --local branch.main.vscode-merge-base [4ms]
2025-04-23 17:44:30.741 [info] > git for-each-ref --format=%(refname)%00%(upstream:short)%00%(objectname)%00%(upstream:track)%00%(upstream:remotename)%00%(upstream:remoteref) refs/heads/origin/main refs/remotes/origin/main [10ms]
2025-04-23 17:44:39.984 [info] > git config --get commit.template [6ms]
2025-04-23 17:44:39.994 [info] > git for-each-ref --format=%(refname)%00%(upstream:short)%00%(objectname)%00%(upstream:track)%00%(upstream:remotename)%00%(upstream:remoteref) refs/heads/main refs/remotes/main [10ms]
2025-04-23 17:44:40.015 [info] > git status -z -uall [14ms]
2025-04-23 17:44:40.035 [info] > git for-each-ref --format=%(refname)%00%(upstream:short)%00%(objectname)%00%(upstream:track)%00%(upstream:remotename)%00%(upstream:remoteref) refs/heads/main refs/remotes/main [11ms]
2025-04-23 17:44:40.046 [info] > git config --local branch.main.vscode-merge-base [4ms]
2025-04-23 17:44:40.068 [info] > git for-each-ref --format=%(refname)%00%(upstream:short)%00%(objectname)%00%(upstream:track)%00%(upstream:remotename)%00%(upstream:remoteref) refs/heads/origin/main refs/remotes/origin/main [15ms]
2025-04-23 17:44:45.038 [info] > git config --get commit.template [6ms]
2025-04-23 17:44:45.049 [info] > git for-each-ref --format=%(refname)%00%(upstream:short)%00%(objectname)%00%(upstream:track)%00%(upstream:remotename)%00%(upstream:remoteref) refs/heads/main refs/remotes/main [12ms]
2025-04-23 17:44:45.070 [info] > git status -z -uall [15ms]
2025-04-23 17:44:45.088 [info] > git for-each-ref --format=%(refname)%00%(upstream:short)%00%(objectname)%00%(upstream:track)%00%(upstream:remotename)%00%(upstream:remoteref) refs/heads/main refs/remotes/main [13ms]
2025-04-23 17:44:45.098 [info] > git config --local branch.main.vscode-merge-base [4ms]
2025-04-23 17:44:45.113 [info] > git for-each-ref --format=%(refname)%00%(upstream:short)%00%(objectname)%00%(upstream:track)%00%(upstream:remotename)%00%(upstream:remoteref) refs/heads/origin/main refs/remotes/origin/main [9ms]
2025-04-23 17:45:57.171 [info] > git config --get commit.template [6ms]
2025-04-23 17:45:57.186 [info] > git for-each-ref --format=%(refname)%00%(upstream:short)%00%(objectname)%00%(upstream:track)%00%(upstream:remotename)%00%(upstream:remoteref) refs/heads/main refs/remotes/main [15ms]
2025-04-23 17:45:57.212 [info] > git status -z -uall [21ms]
2025-04-23 17:45:57.235 [info] > git for-each-ref --format=%(refname)%00%(upstream:short)%00%(objectname)%00%(upstream:track)%00%(upstream:remotename)%00%(upstream:remoteref) refs/heads/main refs/remotes/main [14ms]
2025-04-23 17:45:57.245 [info] > git config --local branch.main.vscode-merge-base [5ms]
2025-04-23 17:45:57.260 [info] > git for-each-ref --format=%(refname)%00%(upstream:short)%00%(objectname)%00%(upstream:track)%00%(upstream:remotename)%00%(upstream:remoteref) refs/heads/origin/main refs/remotes/origin/main [11ms]
2025-04-23 17:46:11.239 [info] > git config --get commit.template [5ms]
2025-04-23 17:46:11.251 [info] > git for-each-ref --format=%(refname)%00%(upstream:short)%00%(objectname)%00%(upstream:track)%00%(upstream:remotename)%00%(upstream:remoteref) refs/heads/main refs/remotes/main [13ms]
2025-04-23 17:46:11.272 [info] > git status -z -uall [15ms]
2025-04-23 17:46:11.289 [info] > git for-each-ref --format=%(refname)%00%(upstream:short)%00%(objectname)%00%(upstream:track)%00%(upstream:remotename)%00%(upstream:remoteref) refs/heads/main refs/remotes/main [12ms]
2025-04-23 17:46:11.300 [info] > git config --local branch.main.vscode-merge-base [4ms]
2025-04-23 17:46:11.314 [info] > git for-each-ref --format=%(refname)%00%(upstream:short)%00%(objectname)%00%(upstream:track)%00%(upstream:remotename)%00%(upstream:remoteref) refs/heads/origin/main refs/remotes/origin/main [10ms]
2025-04-23 17:47:53.476 [info] > git config --get commit.template [6ms]
2025-04-23 17:47:53.490 [info] > git for-each-ref --format=%(refname)%00%(upstream:short)%00%(objectname)%00%(upstream:track)%00%(upstream:remotename)%00%(upstream:remoteref) refs/heads/main refs/remotes/main [16ms]
2025-04-23 17:47:53.519 [info] > git status -z -uall [22ms]
2025-04-23 17:47:53.537 [info] > git for-each-ref --format=%(refname)%00%(upstream:short)%00%(objectname)%00%(upstream:track)%00%(upstream:remotename)%00%(upstream:remoteref) refs/heads/main refs/remotes/main [10ms]
2025-04-23 17:47:53.547 [info] > git config --local branch.main.vscode-merge-base [5ms]
2025-04-23 17:47:53.561 [info] > git for-each-ref --format=%(refname)%00%(upstream:short)%00%(objectname)%00%(upstream:track)%00%(upstream:remotename)%00%(upstream:remoteref) refs/heads/origin/main refs/remotes/origin/main [9ms]
