2025-02-20 09:15:43.797 [info] Log level: Info
2025-02-20 09:15:43.797 [info] Validating found git in: "git"
2025-02-20 09:15:43.797 [info] Using git "2.34.1" from "git"
2025-02-20 09:15:43.797 [info] > git rev-parse --show-toplevel [10ms]
2025-02-20 09:15:43.797 [info] > git rev-parse --path-format=relative --show-toplevel [4ms]
2025-02-20 09:15:43.797 [info] > git rev-parse --show-toplevel [6ms]
2025-02-20 09:15:43.797 [info] > git rev-parse --path-format=relative --show-toplevel [5ms]
2025-02-20 09:15:43.797 [info] > git rev-parse --git-dir --git-common-dir [5ms]
2025-02-20 09:15:43.797 [info] Open repository: /home/hwlee4/ICS45C/HW6
2025-02-20 09:15:43.797 [info] > git config --get commit.template [12ms]
2025-02-20 09:15:43.797 [info] > git rev-parse --show-toplevel [23ms]
2025-02-20 09:15:43.797 [info] > git rev-parse --path-format=relative --show-toplevel [5ms]
2025-02-20 09:15:43.797 [info] > git for-each-ref --format=%(refname)%00%(upstream:short)%00%(objectname)%00%(upstream:track)%00%(upstream:remotename)%00%(upstream:remoteref) refs/heads/main refs/remotes/main [23ms]
2025-02-20 09:15:43.797 [info] > git rev-parse --git-dir --git-common-dir [4ms]
2025-02-20 09:15:43.797 [info] Open repository: /home/hwlee4/ICS45C/HW0
2025-02-20 09:15:43.797 [info] > git config --get commit.template [13ms]
2025-02-20 09:15:43.797 [info] > git rev-parse --show-toplevel [15ms]
2025-02-20 09:15:43.797 [info] > git rev-parse --path-format=relative --show-toplevel [5ms]
2025-02-20 09:15:43.797 [info] > git rev-parse --git-dir --git-common-dir [4ms]
2025-02-20 09:15:43.797 [info] Open repository: /home/hwlee4/ICS45C/HW1
2025-02-20 09:15:43.797 [info] > git status -z -uall [46ms]
2025-02-20 09:15:43.797 [info] > git for-each-ref --format=%(refname)%00%(upstream:short)%00%(objectname)%00%(upstream:track)%00%(upstream:remotename)%00%(upstream:remoteref) refs/heads/main refs/remotes/main [63ms]
2025-02-20 09:15:43.797 [info] > git for-each-ref --format=%(refname)%00%(upstream:short)%00%(objectname)%00%(upstream:track)%00%(upstream:remotename)%00%(upstream:remoteref) refs/heads/main refs/remotes/main [20ms]
2025-02-20 09:15:43.797 [info] > git rev-parse --show-toplevel [36ms]
2025-02-20 09:15:43.797 [info] > git config --get commit.template [45ms]
2025-02-20 09:15:43.797 [info] > git config --local branch.main.vscode-merge-base [7ms]
2025-02-20 09:15:43.797 [info] > git config --get commit.template [19ms]
2025-02-20 09:15:43.797 [info] > git rev-parse --path-format=relative --show-toplevel [13ms]
2025-02-20 09:15:43.797 [info] > git rev-parse --git-dir --git-common-dir [6ms]
2025-02-20 09:15:43.797 [info] Open repository: /home/hwlee4/ICS45C/HW2
2025-02-20 09:15:43.797 [info] > git for-each-ref --format=%(refname)%00%(upstream:short)%00%(objectname)%00%(upstream:track)%00%(upstream:remotename)%00%(upstream:remoteref) refs/heads/main refs/remotes/main [30ms]
2025-02-20 09:15:43.797 [info] > git for-each-ref --format=%(refname)%00%(upstream:short)%00%(objectname)%00%(upstream:track)%00%(upstream:remotename)%00%(upstream:remoteref) refs/heads/origin/main refs/remotes/origin/main [40ms]
2025-02-20 09:15:43.797 [info] > git rev-parse --show-toplevel [11ms]
2025-02-20 09:15:43.797 [info] > git config --get commit.template [18ms]
2025-02-20 09:15:43.797 [info] > git for-each-ref --format=%(refname)%00%(upstream:short)%00%(objectname)%00%(upstream:track)%00%(upstream:remotename)%00%(upstream:remoteref) refs/heads/main refs/remotes/main [48ms]
2025-02-20 09:15:43.797 [info] > git status -z -uall [44ms]
2025-02-20 09:15:43.797 [info] > git rev-parse --path-format=relative --show-toplevel [12ms]
2025-02-20 09:15:43.797 [info] > git merge-base refs/heads/main refs/remotes/origin/main [18ms]
2025-02-20 09:15:43.797 [info] > git status -z -uall [31ms]
2025-02-20 09:15:43.797 [info] > git for-each-ref --format=%(refname)%00%(upstream:short)%00%(objectname)%00%(upstream:track)%00%(upstream:remotename)%00%(upstream:remoteref) refs/heads/main refs/remotes/main [45ms]
2025-02-20 09:15:43.797 [info] > git config --get commit.template [13ms]
2025-02-20 09:15:43.797 [info] > git rev-parse --git-dir --git-common-dir [17ms]
2025-02-20 09:15:43.797 [info] Open repository: /home/hwlee4/ICS45C/HW3
2025-02-20 09:15:43.797 [info] > git for-each-ref --format=%(refname)%00%(upstream:short)%00%(objectname)%00%(upstream:track)%00%(upstream:remotename)%00%(upstream:remoteref) refs/heads/main refs/remotes/main [40ms]
2025-02-20 09:15:43.797 [info] > git rev-list --count --left-right refs/heads/main...refs/remotes/origin/main [50ms]
2025-02-20 09:15:43.798 [info] > git config --local branch.main.vscode-merge-base [20ms]
2025-02-20 09:15:43.798 [info] > git for-each-ref --format=%(refname)%00%(upstream:short)%00%(objectname)%00%(upstream:track)%00%(upstream:remotename)%00%(upstream:remoteref) refs/heads/main refs/remotes/main [46ms]
2025-02-20 09:15:43.798 [info] > git rev-parse --show-toplevel [17ms]
2025-02-20 09:15:43.798 [info] > git config --get commit.template [27ms]
2025-02-20 09:15:43.798 [info] > git diff --name-status -z --diff-filter=ADMR ab924b2367ceae6792fa744183edcf5376e9d74b...refs/remotes/origin/main [36ms]
2025-02-20 09:15:43.798 [info] > git for-each-ref --format=%(refname)%00%(upstream:short)%00%(objectname)%00%(upstream:track)%00%(upstream:remotename)%00%(upstream:remoteref) refs/heads/origin/main refs/remotes/origin/main [19ms]
2025-02-20 09:15:43.798 [info] > git config --local branch.main.vscode-merge-base [19ms]
2025-02-20 09:15:43.798 [info] > git status -z -uall [56ms]
2025-02-20 09:15:43.798 [info] > git for-each-ref --format=%(refname)%00%(upstream:short)%00%(objectname)%00%(upstream:track)%00%(upstream:remotename)%00%(upstream:remoteref) refs/heads/main refs/remotes/main [32ms]
2025-02-20 09:15:43.798 [info] > git rev-parse --path-format=relative --show-toplevel [25ms]
2025-02-20 09:15:43.798 [info] > git for-each-ref --format=%(refname)%00%(upstream:short)%00%(objectname)%00%(upstream:track)%00%(upstream:remotename)%00%(upstream:remoteref) refs/heads/origin/main refs/remotes/origin/main [20ms]
2025-02-20 09:15:43.798 [info] > git merge-base refs/heads/main refs/remotes/origin/main [25ms]
2025-02-20 09:15:43.798 [info] > git status -z -uall [61ms]
2025-02-20 09:15:43.798 [info] > git rev-list --count --left-right refs/heads/main...refs/remotes/origin/main [41ms]
2025-02-20 09:15:43.798 [info] > git rev-parse --git-dir --git-common-dir [53ms]
2025-02-20 09:15:43.798 [info] Open repository: /home/hwlee4/ICS45C/HW4
2025-02-20 09:15:43.798 [info] > git for-each-ref --format=%(refname)%00%(upstream:short)%00%(objectname)%00%(upstream:track)%00%(upstream:remotename)%00%(upstream:remoteref) refs/heads/main refs/remotes/main [70ms]
2025-02-20 09:15:43.798 [info] > git diff --name-status -z --diff-filter=ADMR bddd0b0d0cfc38d0bcdb3142f43ffb36c1294495...refs/remotes/origin/main [22ms]
2025-02-20 09:15:43.798 [info] > git config --get commit.template [29ms]
2025-02-20 09:15:43.798 [info] > git for-each-ref --format=%(refname)%00%(upstream:short)%00%(objectname)%00%(upstream:track)%00%(upstream:remotename)%00%(upstream:remoteref) refs/heads/main refs/remotes/main [63ms]
2025-02-20 09:15:43.798 [info] > git config --local branch.main.vscode-merge-base [87ms]
2025-02-20 09:15:43.798 [info] > git rev-parse --show-toplevel [101ms]
2025-02-20 09:15:43.798 [info] > git config --get commit.template [108ms]
2025-02-20 09:15:43.798 [info] > git config --get commit.template [30ms]
2025-02-20 09:15:43.798 [info] > git for-each-ref --format=%(refname)%00%(upstream:short)%00%(objectname)%00%(upstream:track)%00%(upstream:remotename)%00%(upstream:remoteref) refs/heads/main refs/remotes/main [110ms]
2025-02-20 09:15:43.798 [info] > git status -z -uall [27ms]
2025-02-20 09:15:43.798 [info] > git for-each-ref --format=%(refname)%00%(upstream:short)%00%(objectname)%00%(upstream:track)%00%(upstream:remotename)%00%(upstream:remoteref) refs/heads/main refs/remotes/main [23ms]
2025-02-20 09:15:43.798 [info] > git for-each-ref --format=%(refname)%00%(upstream:short)%00%(objectname)%00%(upstream:track)%00%(upstream:remotename)%00%(upstream:remoteref) refs/heads/origin/main refs/remotes/origin/main [46ms]
2025-02-20 09:15:43.798 [info] > git rev-parse --path-format=relative --show-toplevel [48ms]
2025-02-20 09:15:43.798 [info] > git config --local branch.main.vscode-merge-base [44ms]
2025-02-20 09:15:43.803 [info] > git rev-parse --git-dir --git-common-dir [16ms]
2025-02-20 09:15:43.813 [info] Open repository: /home/hwlee4/ICS45C/HW5
2025-02-20 09:15:43.826 [info] > git merge-base refs/heads/main refs/remotes/origin/main [59ms]
2025-02-20 09:15:43.832 [info] > git for-each-ref --format=%(refname)%00%(upstream:short)%00%(objectname)%00%(upstream:track)%00%(upstream:remotename)%00%(upstream:remoteref) refs/heads/main refs/remotes/main [72ms]
2025-02-20 09:15:43.838 [info] > git for-each-ref --format=%(refname)%00%(upstream:short)%00%(objectname)%00%(upstream:track)%00%(upstream:remotename)%00%(upstream:remoteref) refs/heads/main refs/remotes/main [88ms]
2025-02-20 09:15:43.845 [info] > git status -z -uall [67ms]
2025-02-20 09:15:43.846 [info] > git for-each-ref --format=%(refname)%00%(upstream:short)%00%(objectname)%00%(upstream:track)%00%(upstream:remotename)%00%(upstream:remoteref) refs/heads/origin/main refs/remotes/origin/main [53ms]
2025-02-20 09:15:43.852 [info] > git for-each-ref --format=%(refname)%00%(upstream:short)%00%(objectname)%00%(upstream:track)%00%(upstream:remotename)%00%(upstream:remoteref) refs/heads/main refs/remotes/main [70ms]
2025-02-20 09:15:43.861 [info] > git config --get commit.template [16ms]
2025-02-20 09:15:43.861 [info] > git rev-list --count --left-right refs/heads/main...refs/remotes/origin/main [30ms]
2025-02-20 09:15:43.867 [info] > git config --local branch.main.vscode-merge-base [30ms]
2025-02-20 09:15:43.888 [info] > git merge-base refs/heads/main refs/remotes/origin/main [36ms]
2025-02-20 09:15:43.916 [info] > git status -z -uall [58ms]
2025-02-20 09:15:43.927 [info] > git config --get commit.template [40ms]
2025-02-20 09:15:43.927 [info] > git for-each-ref --format=%(refname)%00%(upstream:short)%00%(objectname)%00%(upstream:track)%00%(upstream:remotename)%00%(upstream:remoteref) refs/heads/origin/main refs/remotes/origin/main [56ms]
2025-02-20 09:15:43.928 [info] > git diff --name-status -z --diff-filter=ADMR cf8d5839cd08372c62f09381215e8d81994990a6...refs/remotes/origin/main [61ms]
2025-02-20 09:15:43.932 [info] > git for-each-ref --format=%(refname)%00%(upstream:short)%00%(objectname)%00%(upstream:track)%00%(upstream:remotename)%00%(upstream:remoteref) refs/heads/main refs/remotes/main [31ms]
2025-02-20 09:15:43.932 [info] > git rev-list --count --left-right refs/heads/main...refs/remotes/origin/main [38ms]
2025-02-20 09:15:43.938 [info] > git for-each-ref --format=%(refname)%00%(upstream:short)%00%(objectname)%00%(upstream:track)%00%(upstream:remotename)%00%(upstream:remoteref) refs/heads/main refs/remotes/main [62ms]
2025-02-20 09:15:43.951 [info] > git status -z -uall [44ms]
2025-02-20 09:15:43.951 [info] > git status -z -uall [38ms]
2025-02-20 09:15:43.952 [info] > git for-each-ref --format=%(refname)%00%(upstream:short)%00%(objectname)%00%(upstream:track)%00%(upstream:remotename)%00%(upstream:remoteref) refs/heads/main refs/remotes/main [28ms]
2025-02-20 09:15:43.988 [info] > git for-each-ref --format=%(refname)%00%(upstream:short)%00%(objectname)%00%(upstream:track)%00%(upstream:remotename)%00%(upstream:remoteref) refs/heads/main refs/remotes/main [24ms]
2025-02-20 09:15:43.993 [info] > git config --local branch.main.vscode-merge-base [36ms]
2025-02-20 09:15:43.999 [info] > git for-each-ref --format=%(refname)%00%(upstream:short)%00%(objectname)%00%(upstream:track)%00%(upstream:remotename)%00%(upstream:remoteref) refs/heads/main refs/remotes/main [49ms]
2025-02-20 09:15:43.999 [info] > git diff --name-status -z --diff-filter=ADMR 94ef69ee95c8de87a59616891bc9c945d7661a95...refs/remotes/origin/main [61ms]
2025-02-20 09:15:44.000 [info] > git config --local branch.main.vscode-merge-base [56ms]
2025-02-20 09:15:44.007 [info] > git config --local branch.main.vscode-merge-base [14ms]
2025-02-20 09:15:44.013 [info] > git config --get commit.template [26ms]
2025-02-20 09:15:44.016 [info] > git for-each-ref --format=%(refname)%00%(upstream:short)%00%(objectname)%00%(upstream:track)%00%(upstream:remotename)%00%(upstream:remoteref) refs/heads/main refs/remotes/main [40ms]
2025-02-20 09:15:44.029 [info] > git for-each-ref --format=%(refname)%00%(upstream:short)%00%(objectname)%00%(upstream:track)%00%(upstream:remotename)%00%(upstream:remoteref) refs/heads/origin/main refs/remotes/origin/main [30ms]
2025-02-20 09:15:44.035 [info] > git config --local branch.main.vscode-merge-base [13ms]
2025-02-20 09:15:44.041 [info] > git for-each-ref --format=%(refname)%00%(upstream:short)%00%(objectname)%00%(upstream:track)%00%(upstream:remotename)%00%(upstream:remoteref) refs/heads/origin/main refs/remotes/origin/main [29ms]
2025-02-20 09:15:44.047 [info] > git for-each-ref --format=%(refname)%00%(upstream:short)%00%(objectname)%00%(upstream:track)%00%(upstream:remotename)%00%(upstream:remoteref) refs/heads/origin/main refs/remotes/origin/main [42ms]
2025-02-20 09:15:44.059 [info] > git status -z -uall [32ms]
2025-02-20 09:15:44.059 [info] > git for-each-ref --format=%(refname)%00%(upstream:short)%00%(objectname)%00%(upstream:track)%00%(upstream:remotename)%00%(upstream:remoteref) refs/heads/origin/main refs/remotes/origin/main [19ms]
2025-02-20 09:15:44.060 [info] > git for-each-ref --format=%(refname)%00%(upstream:short)%00%(objectname)%00%(upstream:track)%00%(upstream:remotename)%00%(upstream:remoteref) refs/heads/main refs/remotes/main [26ms]
2025-02-20 09:15:44.062 [info] > git merge-base refs/heads/main refs/remotes/origin/main [16ms]
2025-02-20 09:15:44.088 [info] > git status -z -uall [30ms]
2025-02-20 09:15:44.097 [info] > git merge-base refs/heads/main refs/remotes/origin/main [45ms]
2025-02-20 09:15:44.105 [info] > git config --get commit.template [17ms]
2025-02-20 09:15:44.105 [info] > git for-each-ref --format=%(refname)%00%(upstream:short)%00%(objectname)%00%(upstream:track)%00%(upstream:remotename)%00%(upstream:remoteref) refs/heads/main refs/remotes/main [31ms]
2025-02-20 09:15:44.110 [info] > git rev-list --count --left-right refs/heads/main...refs/remotes/origin/main [43ms]
2025-02-20 09:15:44.117 [info] > git config --local branch.main.vscode-merge-base [7ms]
2025-02-20 09:15:44.122 [info] > git for-each-ref --format=%(refname)%00%(upstream:short)%00%(objectname)%00%(upstream:track)%00%(upstream:remotename)%00%(upstream:remoteref) refs/heads/main refs/remotes/main [28ms]
2025-02-20 09:15:44.134 [info] > git diff --name-status -z --diff-filter=ADMR 23f1d7363861263b3745c679b62ddb8e2fdc6e7e...refs/remotes/origin/main [19ms]
2025-02-20 09:15:44.135 [info] > git rev-list --count --left-right refs/heads/main...refs/remotes/origin/main [33ms]
2025-02-20 09:15:44.178 [info] > git for-each-ref --format=%(refname)%00%(upstream:short)%00%(objectname)%00%(upstream:track)%00%(upstream:remotename)%00%(upstream:remoteref) refs/heads/origin/main refs/remotes/origin/main [56ms]
2025-02-20 09:15:44.186 [info] > git config --local branch.main.vscode-merge-base [58ms]
2025-02-20 09:15:44.201 [info] > git status -z -uall [69ms]
2025-02-20 09:15:44.201 [info] > git for-each-ref --format=%(refname)%00%(upstream:short)%00%(objectname)%00%(upstream:track)%00%(upstream:remotename)%00%(upstream:remoteref) refs/heads/main refs/remotes/main [56ms]
2025-02-20 09:15:44.202 [info] > git diff --name-status -z --diff-filter=ADMR 83b8c9caa62299ec43412888acef026380525026...refs/remotes/origin/main [61ms]
2025-02-20 09:15:44.215 [info] > git rev-parse --show-toplevel [15ms]
2025-02-20 09:15:44.221 [info] > git for-each-ref --format=%(refname)%00%(upstream:short)%00%(objectname)%00%(upstream:track)%00%(upstream:remotename)%00%(upstream:remoteref) refs/heads/origin/main refs/remotes/origin/main [29ms]
2025-02-20 09:15:44.221 [info] > git merge-base refs/heads/main refs/remotes/origin/main [36ms]
2025-02-20 09:15:44.233 [info] > git rev-parse --path-format=relative --show-toplevel [13ms]
2025-02-20 09:15:44.234 [info] > git for-each-ref --format=%(refname)%00%(upstream:short)%00%(objectname)%00%(upstream:track)%00%(upstream:remotename)%00%(upstream:remoteref) refs/heads/main refs/remotes/main [24ms]
2025-02-20 09:15:44.245 [info] > git config --local branch.main.vscode-merge-base [5ms]
2025-02-20 09:15:44.252 [info] > git rev-list --count --left-right refs/heads/main...refs/remotes/origin/main [26ms]
2025-02-20 09:15:44.258 [info] > git status -z -uall [26ms]
2025-02-20 09:15:44.272 [info] > git for-each-ref --format=%(refname)%00%(upstream:short)%00%(objectname)%00%(upstream:track)%00%(upstream:remotename)%00%(upstream:remoteref) refs/heads/origin/main refs/remotes/origin/main [20ms]
2025-02-20 09:15:44.273 [info] > git diff --name-status -z --diff-filter=ADMR 2e0d8ba95f2aa1568c03344698e0df55135e7cec...refs/remotes/origin/main [15ms]
2025-02-20 09:15:44.282 [info] > git for-each-ref --format=%(refname)%00%(upstream:short)%00%(objectname)%00%(upstream:track)%00%(upstream:remotename)%00%(upstream:remoteref) refs/heads/main refs/remotes/main [18ms]
2025-02-20 09:15:44.293 [info] > git check-ignore -v -z --stdin [12ms]
2025-02-20 09:15:44.324 [info] > git config --local branch.main.vscode-merge-base [32ms]
2025-02-20 09:15:44.330 [info] > git rev-parse --show-toplevel [7ms]
2025-02-20 09:15:44.340 [info] > git rev-parse --path-format=relative --show-toplevel [6ms]
2025-02-20 09:15:44.340 [info] > git for-each-ref --format=%(refname)%00%(upstream:short)%00%(objectname)%00%(upstream:track)%00%(upstream:remotename)%00%(upstream:remoteref) refs/heads/origin/main refs/remotes/origin/main [11ms]
2025-02-20 09:15:44.450 [info] > git rev-parse --show-toplevel [88ms]
2025-02-20 09:15:44.460 [info] > git rev-parse --path-format=relative --show-toplevel [6ms]
2025-02-20 09:15:44.641 [info] > git rev-parse --show-toplevel [7ms]
2025-02-20 09:15:44.649 [info] > git rev-parse --path-format=relative --show-toplevel [5ms]
2025-02-20 09:15:44.651 [info] > git merge-base refs/heads/main refs/remotes/origin/main [11ms]
2025-02-20 09:15:44.669 [info] > git rev-list --count --left-right refs/heads/main...refs/remotes/origin/main [13ms]
2025-02-20 09:15:44.811 [info] > git check-ignore -v -z --stdin [9ms]
2025-02-20 09:15:45.570 [info] > git check-ignore -v -z --stdin [10ms]
2025-02-20 09:15:46.372 [info] > git merge-base refs/heads/main refs/remotes/origin/main [15ms]
2025-02-20 09:15:46.377 [info] > git merge-base refs/heads/main refs/remotes/origin/main [25ms]
2025-02-20 09:15:46.382 [info] > git merge-base refs/heads/main refs/remotes/origin/main [34ms]
2025-02-20 09:15:46.387 [info] > git merge-base refs/heads/main refs/remotes/origin/main [44ms]
2025-02-20 09:15:46.391 [info] > git merge-base refs/heads/main refs/remotes/origin/main [52ms]
2025-02-20 09:15:46.396 [info] > git merge-base refs/heads/main refs/remotes/origin/main [61ms]
2025-02-20 09:15:46.402 [info] > git rev-list --count --left-right refs/heads/main...refs/remotes/origin/main [19ms]
2025-02-20 09:15:46.402 [info] > git rev-list --count --left-right refs/heads/main...refs/remotes/origin/main [25ms]
2025-02-20 09:15:46.405 [info] > git rev-list --count --left-right refs/heads/main...refs/remotes/origin/main [19ms]
2025-02-20 09:15:46.407 [info] > git rev-list --count --left-right refs/heads/main...refs/remotes/origin/main [16ms]
2025-02-20 09:15:46.410 [info] > git rev-list --count --left-right refs/heads/main...refs/remotes/origin/main [15ms]
2025-02-20 09:15:46.412 [info] > git rev-list --count --left-right refs/heads/main...refs/remotes/origin/main [11ms]
2025-02-20 09:15:47.253 [info] > git rev-parse --show-toplevel [7ms]
2025-02-20 09:15:47.264 [info] > git rev-parse --path-format=relative --show-toplevel [6ms]
2025-02-20 09:15:47.275 [info] > git rev-parse --show-toplevel [6ms]
2025-02-20 09:15:47.284 [info] > git rev-parse --path-format=relative --show-toplevel [6ms]
2025-02-20 09:15:47.293 [info] > git rev-parse --show-toplevel [5ms]
2025-02-20 09:15:47.302 [info] > git rev-parse --path-format=relative --show-toplevel [5ms]
2025-02-20 09:15:47.349 [info] > git rev-parse --show-toplevel [5ms]
2025-02-20 09:15:47.359 [info] > git rev-parse --path-format=relative --show-toplevel [6ms]
2025-02-20 09:15:47.480 [info] > git show --textconv :src/shape.cpp [14ms]
2025-02-20 09:15:47.480 [info] > git ls-files --stage -- /home/hwlee4/ICS45C/HW6/src/shape.cpp [9ms]
2025-02-20 09:15:47.495 [info] > git cat-file -s 32b8e193017cd80c7feecfa9b49dd3b328886bb6 [9ms]
2025-02-20 09:15:48.519 [info] > git rev-parse --show-toplevel [11ms]
2025-02-20 09:15:48.528 [info] > git rev-parse --path-format=relative --show-toplevel [5ms]
2025-02-20 09:16:23.635 [info] > git ls-files --stage -- /home/hwlee4/ICS45C/HW6/src/standard_main.cpp [6ms]
2025-02-20 09:16:23.641 [info] > git show --textconv :src/standard_main.cpp [17ms]
2025-02-20 09:16:23.648 [info] > git cat-file -s 043c0496df1c3733b38a79a511c82969e01667f1 [8ms]
2025-02-20 09:16:46.088 [info] > git ls-files --stage -- /home/hwlee4/ICS45C/HW6/src/square.cpp [6ms]
2025-02-20 09:16:46.094 [info] > git show --textconv :src/square.cpp [17ms]
2025-02-20 09:16:46.104 [info] > git cat-file -s 1650f614468718a4173ab09e6486df03d8077266 [11ms]
2025-02-20 09:16:48.712 [info] > git ls-files --stage -- /home/hwlee4/ICS45C/HW6/src/square.hpp [7ms]
2025-02-20 09:16:48.718 [info] > git show --textconv :src/square.hpp [16ms]
2025-02-20 09:16:48.726 [info] > git cat-file -s f983d08fd5e180e3db8570dd25d6d4e8572d95a3 [9ms]
2025-02-20 09:16:54.813 [info] > git ls-files --stage -- /home/hwlee4/ICS45C/HW6/src/square.cpp [6ms]
2025-02-20 09:16:54.818 [info] > git show --textconv :src/square.cpp [15ms]
2025-02-20 09:16:54.826 [info] > git cat-file -s 1650f614468718a4173ab09e6486df03d8077266 [8ms]
2025-02-20 09:16:58.140 [info] > git show --textconv :src/square.hpp [11ms]
2025-02-20 09:16:58.143 [info] > git ls-files --stage -- /home/hwlee4/ICS45C/HW6/src/square.hpp [7ms]
2025-02-20 09:16:58.158 [info] > git cat-file -s f983d08fd5e180e3db8570dd25d6d4e8572d95a3 [9ms]
2025-02-20 09:18:29.978 [info] > git ls-files --stage -- /home/hwlee4/ICS45C/HW6/src/standard_main.cpp [7ms]
2025-02-20 09:18:29.985 [info] > git show --textconv :src/standard_main.cpp [19ms]
2025-02-20 09:18:29.992 [info] > git cat-file -s 043c0496df1c3733b38a79a511c82969e01667f1 [9ms]
2025-02-20 09:18:34.144 [info] > git ls-files --stage -- /home/hwlee4/ICS45C/HW6/src/square.hpp [6ms]
2025-02-20 09:18:34.150 [info] > git show --textconv :src/square.hpp [17ms]
2025-02-20 09:18:34.158 [info] > git cat-file -s f983d08fd5e180e3db8570dd25d6d4e8572d95a3 [8ms]
2025-02-20 09:18:40.169 [info] > git ls-files --stage -- /home/hwlee4/ICS45C/HW6/src/picture.hpp [6ms]
2025-02-20 09:18:40.173 [info] > git show --textconv :src/picture.hpp [14ms]
2025-02-20 09:18:40.185 [info] > git cat-file -s 1a1ae1c88447c6ecb83dea166f49522e78137b62 [12ms]
2025-02-20 09:19:27.795 [info] > git check-ignore -v -z --stdin [36ms]
2025-02-20 09:19:27.796 [info] > git check-ignore -v -z --stdin [31ms]
2025-02-20 09:19:27.796 [info] > git check-ignore -v -z --stdin [26ms]
2025-02-20 09:19:27.797 [info] > git check-ignore -v -z --stdin [21ms]
2025-02-20 09:19:27.798 [info] > git check-ignore -v -z --stdin [15ms]
2025-02-20 09:19:27.799 [info] > git check-ignore -v -z --stdin [12ms]
2025-02-20 09:19:27.804 [info] > git check-ignore -v -z --stdin [12ms]
2025-02-20 10:04:20.220 [info] > git ls-files --stage -- /home/hwlee4/ICS45C/HW6/src/shape.cpp [6ms]
2025-02-20 10:04:20.227 [info] > git show --textconv :src/shape.cpp [18ms]
2025-02-20 10:04:20.234 [info] > git cat-file -s 32b8e193017cd80c7feecfa9b49dd3b328886bb6 [9ms]
2025-02-20 10:04:23.048 [info] > git ls-files --stage -- /home/hwlee4/ICS45C/HW6/src/picture.cpp [7ms]
2025-02-20 10:04:23.053 [info] > git show --textconv :src/picture.cpp [16ms]
2025-02-20 10:04:23.062 [info] > git cat-file -s 744bb78554c3fb8b1e5c0b77f6830e85c4d344ae [9ms]
2025-02-20 10:04:34.452 [info] > git show --textconv :src/shape.hpp [12ms]
2025-02-20 10:04:34.452 [info] > git ls-files --stage -- /home/hwlee4/ICS45C/HW6/src/shape.hpp [6ms]
2025-02-20 10:04:34.466 [info] > git cat-file -s 5498aeb147f8643e35a73cde983ac776b5c65a0d [9ms]
2025-02-20 10:04:42.195 [info] > git ls-files --stage -- /home/hwlee4/ICS45C/HW6/src/picture.hpp [6ms]
2025-02-20 10:04:42.201 [info] > git show --textconv :src/picture.hpp [18ms]
2025-02-20 10:04:42.209 [info] > git cat-file -s 1a1ae1c88447c6ecb83dea166f49522e78137b62 [9ms]
