2025-10-24 18:33:23.337 [info] Log level: Info
2025-10-24 18:33:23.337 [info] Validating found git in: "git"
2025-10-24 18:33:23.339 [info] Using git "2.34.1" from "git"
2025-10-24 18:33:23.339 [info] > git rev-parse --show-toplevel [5ms]
2025-10-24 18:33:23.339 [info] > git rev-parse --git-dir --git-common-dir [3ms]
2025-10-24 18:33:23.339 [info] Open repository: /home/hwlee4
2025-10-24 18:33:23.339 [info] > git rev-parse --show-toplevel [7ms]
2025-10-24 18:33:23.339 [info] No remotes found in the git config file.
2025-10-24 18:33:23.339 [info] > git config --get commit.template [15ms]
2025-10-24 18:33:23.339 [info] > git rev-parse --show-toplevel [9ms]
2025-10-24 18:33:23.340 [info] > git for-each-ref --format=%(refname)%00%(upstream:short)%00%(objectname)%00%(upstream:track)%00%(upstream:remotename)%00%(upstream:remoteref) refs/heads/master refs/remotes/master [44ms]
2025-10-24 18:33:23.340 [info] > git rev-parse --show-toplevel [10ms]
2025-10-24 18:33:23.346 [info] > git rev-parse --show-toplevel [27ms]
2025-10-24 18:33:23.358 [info] > git rev-parse --show-toplevel [6ms]
2025-10-24 18:33:23.367 [info] > git rev-parse --show-toplevel [4ms]
2025-10-24 18:33:23.376 [info] > git rev-parse --show-toplevel [3ms]
2025-10-24 18:33:23.385 [info] > git rev-parse --show-toplevel [4ms]
2025-10-24 18:33:23.394 [info] > git rev-parse --show-toplevel [3ms]
2025-10-24 18:33:23.403 [info] > git rev-parse --show-toplevel [5ms]
2025-10-24 18:33:23.415 [info] > git rev-parse --show-toplevel [4ms]
2025-10-24 18:33:23.425 [info] > git rev-parse --show-toplevel [3ms]
2025-10-24 18:33:23.437 [info] > git rev-parse --show-toplevel [7ms]
2025-10-24 18:33:23.446 [info] > git rev-parse --show-toplevel [4ms]
2025-10-24 18:33:23.454 [info] > git rev-parse --show-toplevel [4ms]
2025-10-24 18:33:23.464 [info] > git rev-parse --show-toplevel [4ms]
2025-10-24 18:33:23.629 [info] > git ls-files --stage -- /home/hwlee4/ics46/Lab2/ArrayLinkedList/include/BalancedList.tpp [13ms]
2025-10-24 18:33:23.638 [info] > git show --textconv :ics46/Lab2/ArrayLinkedList/include/BalancedList.tpp [32ms]
2025-10-24 18:33:23.649 [info] > git cat-file -s 278c22526e685a261a2276fe9a499a6a62ff418b [15ms]
2025-10-24 18:33:23.861 [info] > git check-ignore -v -z --stdin [21ms]
2025-10-24 18:33:25.331 [info] > git status -z -uall [2021ms]
2025-10-24 18:33:25.355 [info] No remotes found in the git config file.
2025-10-24 18:33:25.356 [info] > git config --get commit.template [6ms]
2025-10-24 18:33:25.362 [info] > git for-each-ref --format=%(refname)%00%(upstream:short)%00%(objectname)%00%(upstream:track)%00%(upstream:remotename)%00%(upstream:remoteref) refs/heads/master refs/remotes/master [8ms]
2025-10-24 18:33:26.564 [info] > git status -z -uall [1197ms]
2025-10-24 18:33:28.753 [info] No remotes found in the git config file.
2025-10-24 18:33:28.753 [info] > git config --get commit.template [6ms]
2025-10-24 18:33:28.760 [info] > git for-each-ref --format=%(refname)%00%(upstream:short)%00%(objectname)%00%(upstream:track)%00%(upstream:remotename)%00%(upstream:remoteref) refs/heads/master refs/remotes/master [8ms]
2025-10-24 18:33:30.060 [info] > git status -z -uall [1295ms]
2025-10-24 18:40:14.741 [info] No remotes found in the git config file.
2025-10-24 18:40:14.748 [info] > git config --get commit.template [8ms]
2025-10-24 18:40:14.754 [info] > git for-each-ref --format=%(refname)%00%(upstream:short)%00%(objectname)%00%(upstream:track)%00%(upstream:remotename)%00%(upstream:remoteref) refs/heads/master refs/remotes/master [8ms]
2025-10-24 18:40:16.676 [info] > git status -z -uall [1917ms]
2025-10-24 18:40:23.564 [info] No remotes found in the git config file.
2025-10-24 18:40:23.572 [info] > git config --get commit.template [8ms]
2025-10-24 18:40:23.579 [info] > git for-each-ref --format=%(refname)%00%(upstream:short)%00%(objectname)%00%(upstream:track)%00%(upstream:remotename)%00%(upstream:remoteref) refs/heads/master refs/remotes/master [8ms]
2025-10-24 18:40:24.828 [info] > git status -z -uall [1242ms]
