2025-01-11 03:52:54.952 [info] Log level: Info
2025-01-11 03:52:54.952 [info] Validating found git in: "git"
2025-01-11 03:52:54.952 [info] Using git "2.34.1" from "git"
2025-01-11 03:52:54.952 [info] > git rev-parse --show-toplevel [5ms]
2025-01-11 03:52:54.952 [info] > git rev-parse --path-format=relative --show-toplevel [5ms]
2025-01-11 03:52:54.963 [info] > git rev-parse --git-dir --git-common-dir [5ms]
2025-01-11 03:52:55.000 [info] Open repository: /home/hwlee4/ICS45C/HW0
2025-01-11 03:52:55.022 [info] > git rev-parse --show-toplevel [12ms]
2025-01-11 03:52:55.034 [info] > git config --get commit.template [19ms]
2025-01-11 03:52:55.035 [info] > git rev-parse --path-format=relative --show-toplevel [10ms]
2025-01-11 03:52:55.047 [info] > git for-each-ref --format=%(refname)%00%(upstream:short)%00%(objectname)%00%(upstream:track)%00%(upstream:remotename)%00%(upstream:remoteref) refs/heads/main refs/remotes/main [16ms]
2025-01-11 03:52:55.048 [info] > git rev-parse --show-toplevel [8ms]
2025-01-11 03:52:55.055 [warning] ENOENT: no such file or directory, open '/home/hwlee4/ICS45C/HW0/.git/refs/remotes/origin/main'
2025-01-11 03:52:55.057 [info] > git rev-parse --path-format=relative --show-toplevel [6ms]
2025-01-11 03:52:55.069 [info] > git rev-parse refs/remotes/origin/main [13ms]
2025-01-11 03:52:55.156 [info] > git status -z -uall [82ms]
2025-01-11 03:52:55.181 [info] > git for-each-ref --format=%(refname)%00%(upstream:short)%00%(objectname)%00%(upstream:track)%00%(upstream:remotename)%00%(upstream:remoteref) refs/heads/main refs/remotes/main [17ms]
2025-01-11 03:52:55.188 [info] > git config --get commit.template [8ms]
2025-01-11 03:52:55.226 [info] > git config --local branch.main.vscode-merge-base [40ms]
2025-01-11 03:52:55.226 [warning] git config failed: Failed to execute git
2025-01-11 03:52:55.345 [info] > git reflog main --grep-reflog=branch: Created from *. [115ms]
2025-01-11 03:52:55.382 [info] > git for-each-ref --format=%(refname)%00%(upstream:short)%00%(objectname)%00%(upstream:track)%00%(upstream:remotename)%00%(upstream:remoteref) refs/heads/main refs/remotes/main [157ms]
2025-01-11 03:52:55.386 [warning] ENOENT: no such file or directory, open '/home/hwlee4/ICS45C/HW0/.git/refs/remotes/origin/main'
2025-01-11 03:52:55.391 [info] > git symbolic-ref --short refs/remotes/origin/HEAD [9ms]
2025-01-11 03:52:55.396 [info] > git rev-parse refs/remotes/origin/main [10ms]
2025-01-11 03:52:55.404 [info] > git for-each-ref --format=%(refname)%00%(upstream:short)%00%(objectname)%00%(upstream:track)%00%(upstream:remotename)%00%(upstream:remoteref) refs/heads/origin/main refs/remotes/origin/main [9ms]
2025-01-11 03:52:55.604 [info] > git status -z -uall [204ms]
2025-01-11 03:52:55.613 [info] > git config --local branch.main.vscode-merge-base origin/main [201ms]
2025-01-11 03:52:55.621 [info] > git check-ignore -v -z --stdin [18ms]
2025-01-11 03:52:55.623 [info] > git for-each-ref --format=%(refname)%00%(upstream:short)%00%(objectname)%00%(upstream:track)%00%(upstream:remotename)%00%(upstream:remoteref) refs/heads/main refs/remotes/main [13ms]
2025-01-11 03:52:55.630 [info] > git config --get commit.template [11ms]
2025-01-11 03:52:55.635 [info] > git config --local branch.main.vscode-merge-base [6ms]
2025-01-11 03:52:55.648 [info] > git for-each-ref --format=%(refname)%00%(upstream:short)%00%(objectname)%00%(upstream:track)%00%(upstream:remotename)%00%(upstream:remoteref) refs/heads/origin/main refs/remotes/origin/main [9ms]
2025-01-11 03:52:55.682 [info] > git for-each-ref --format=%(refname)%00%(upstream:short)%00%(objectname)%00%(upstream:track)%00%(upstream:remotename)%00%(upstream:remoteref) refs/heads/main refs/remotes/main [49ms]
2025-01-11 03:52:55.686 [warning] ENOENT: no such file or directory, open '/home/hwlee4/ICS45C/HW0/.git/refs/remotes/origin/main'
2025-01-11 03:52:55.692 [info] > git merge-base refs/heads/main refs/remotes/origin/main [11ms]
2025-01-11 03:52:55.697 [info] > git rev-parse refs/remotes/origin/main [11ms]
2025-01-11 03:52:55.706 [info] > git rev-list --count --left-right refs/heads/main...refs/remotes/origin/main [10ms]
2025-01-11 03:52:55.723 [info] > git diff --name-status -z --diff-filter=ADMR 54d8f596ae8aea707bff32f9fefa096bc3c17c7b...refs/remotes/origin/main [12ms]
2025-01-11 03:52:55.757 [info] > git status -z -uall [57ms]
2025-01-11 03:52:55.773 [info] > git for-each-ref --format=%(refname)%00%(upstream:short)%00%(objectname)%00%(upstream:track)%00%(upstream:remotename)%00%(upstream:remoteref) refs/heads/main refs/remotes/main [11ms]
2025-01-11 03:52:55.782 [info] > git config --local branch.main.vscode-merge-base [5ms]
2025-01-11 03:52:55.794 [info] > git for-each-ref --format=%(refname)%00%(upstream:short)%00%(objectname)%00%(upstream:track)%00%(upstream:remotename)%00%(upstream:remoteref) refs/heads/origin/main refs/remotes/origin/main [8ms]
2025-01-11 03:54:13.447 [info] > git check-ignore -v -z --stdin [9ms]
2025-01-11 03:54:13.952 [info] > git config --get commit.template [7ms]
2025-01-11 03:54:13.967 [info] > git show --textconv :main.cpp [8ms]
2025-01-11 03:54:13.968 [info] > git for-each-ref --format=%(refname)%00%(upstream:short)%00%(objectname)%00%(upstream:track)%00%(upstream:remotename)%00%(upstream:remoteref) refs/heads/main refs/remotes/main [18ms]
2025-01-11 03:54:13.972 [warning] ENOENT: no such file or directory, open '/home/hwlee4/ICS45C/HW0/.git/refs/remotes/origin/main'
2025-01-11 03:54:13.973 [info] > git ls-files --stage -- /home/hwlee4/ICS45C/HW0/main.cpp [9ms]
2025-01-11 03:54:13.978 [info] > git rev-parse refs/remotes/origin/main [6ms]
2025-01-11 03:54:14.049 [info] > git status -z -uall [67ms]
2025-01-11 03:54:14.068 [info] > git for-each-ref --format=%(refname)%00%(upstream:short)%00%(objectname)%00%(upstream:track)%00%(upstream:remotename)%00%(upstream:remoteref) refs/heads/main refs/remotes/main [12ms]
2025-01-11 03:54:14.077 [info] > git config --local branch.main.vscode-merge-base [4ms]
2025-01-11 03:54:14.092 [info] > git for-each-ref --format=%(refname)%00%(upstream:short)%00%(objectname)%00%(upstream:track)%00%(upstream:remotename)%00%(upstream:remoteref) refs/heads/origin/main refs/remotes/origin/main [10ms]
2025-01-11 03:54:31.828 [info] > git show --textconv :CMakeLists.txt [10ms]
2025-01-11 03:54:31.829 [info] > git ls-files --stage -- /home/hwlee4/ICS45C/HW0/CMakeLists.txt [6ms]
2025-01-11 03:54:31.844 [info] > git cat-file -s 09d25679752918a82bb67309a1b7a03b5981de97 [10ms]
2025-01-11 03:54:37.827 [info] > git show --textconv :main.cpp [7ms]
2025-01-11 03:54:37.834 [info] > git ls-files --stage -- /home/hwlee4/ICS45C/HW0/main.cpp [8ms]
2025-01-11 03:55:00.781 [info] > git config --get commit.template [6ms]
2025-01-11 03:55:00.791 [info] > git for-each-ref --format=%(refname)%00%(upstream:short)%00%(objectname)%00%(upstream:track)%00%(upstream:remotename)%00%(upstream:remoteref) refs/heads/main refs/remotes/main [11ms]
2025-01-11 03:55:00.795 [warning] ENOENT: no such file or directory, open '/home/hwlee4/ICS45C/HW0/.git/refs/remotes/origin/main'
2025-01-11 03:55:00.800 [info] > git rev-parse refs/remotes/origin/main [5ms]
2025-01-11 03:55:00.867 [info] > git status -z -uall [62ms]
2025-01-11 03:55:00.884 [info] > git for-each-ref --format=%(refname)%00%(upstream:short)%00%(objectname)%00%(upstream:track)%00%(upstream:remotename)%00%(upstream:remoteref) refs/heads/main refs/remotes/main [11ms]
2025-01-11 03:55:00.894 [info] > git config --local branch.main.vscode-merge-base [6ms]
2025-01-11 03:55:00.908 [info] > git for-each-ref --format=%(refname)%00%(upstream:short)%00%(objectname)%00%(upstream:track)%00%(upstream:remotename)%00%(upstream:remoteref) refs/heads/origin/main refs/remotes/origin/main [10ms]
2025-01-11 03:55:05.889 [info] > git config --get commit.template [5ms]
2025-01-11 03:55:05.899 [info] > git for-each-ref --format=%(refname)%00%(upstream:short)%00%(objectname)%00%(upstream:track)%00%(upstream:remotename)%00%(upstream:remoteref) refs/heads/main refs/remotes/main [11ms]
2025-01-11 03:55:05.904 [warning] ENOENT: no such file or directory, open '/home/hwlee4/ICS45C/HW0/.git/refs/remotes/origin/main'
2025-01-11 03:55:05.910 [info] > git rev-parse refs/remotes/origin/main [6ms]
2025-01-11 03:55:05.972 [info] > git status -z -uall [57ms]
2025-01-11 03:55:05.989 [info] > git for-each-ref --format=%(refname)%00%(upstream:short)%00%(objectname)%00%(upstream:track)%00%(upstream:remotename)%00%(upstream:remoteref) refs/heads/main refs/remotes/main [12ms]
2025-01-11 03:55:06.004 [info] > git config --local branch.main.vscode-merge-base [7ms]
2025-01-11 03:55:06.016 [info] > git for-each-ref --format=%(refname)%00%(upstream:short)%00%(objectname)%00%(upstream:track)%00%(upstream:remotename)%00%(upstream:remoteref) refs/heads/origin/main refs/remotes/origin/main [8ms]
2025-01-11 03:55:10.992 [info] > git config --get commit.template [5ms]
2025-01-11 03:55:11.002 [info] > git for-each-ref --format=%(refname)%00%(upstream:short)%00%(objectname)%00%(upstream:track)%00%(upstream:remotename)%00%(upstream:remoteref) refs/heads/main refs/remotes/main [10ms]
2025-01-11 03:55:11.005 [warning] ENOENT: no such file or directory, open '/home/hwlee4/ICS45C/HW0/.git/refs/remotes/origin/main'
2025-01-11 03:55:11.011 [info] > git rev-parse refs/remotes/origin/main [6ms]
2025-01-11 03:55:11.071 [info] > git status -z -uall [56ms]
2025-01-11 03:55:11.087 [info] > git for-each-ref --format=%(refname)%00%(upstream:short)%00%(objectname)%00%(upstream:track)%00%(upstream:remotename)%00%(upstream:remoteref) refs/heads/main refs/remotes/main [10ms]
2025-01-11 03:55:11.095 [info] > git config --local branch.main.vscode-merge-base [4ms]
2025-01-11 03:55:11.110 [info] > git for-each-ref --format=%(refname)%00%(upstream:short)%00%(objectname)%00%(upstream:track)%00%(upstream:remotename)%00%(upstream:remoteref) refs/heads/origin/main refs/remotes/origin/main [9ms]
2025-01-11 03:55:16.091 [info] > git config --get commit.template [5ms]
2025-01-11 03:55:16.103 [info] > git for-each-ref --format=%(refname)%00%(upstream:short)%00%(objectname)%00%(upstream:track)%00%(upstream:remotename)%00%(upstream:remoteref) refs/heads/main refs/remotes/main [12ms]
2025-01-11 03:55:16.108 [warning] ENOENT: no such file or directory, open '/home/hwlee4/ICS45C/HW0/.git/refs/remotes/origin/main'
2025-01-11 03:55:16.114 [info] > git rev-parse refs/remotes/origin/main [5ms]
2025-01-11 03:55:16.176 [info] > git status -z -uall [58ms]
2025-01-11 03:55:16.192 [info] > git for-each-ref --format=%(refname)%00%(upstream:short)%00%(objectname)%00%(upstream:track)%00%(upstream:remotename)%00%(upstream:remoteref) refs/heads/main refs/remotes/main [9ms]
2025-01-11 03:55:16.202 [info] > git config --local branch.main.vscode-merge-base [4ms]
2025-01-11 03:55:16.215 [info] > git for-each-ref --format=%(refname)%00%(upstream:short)%00%(objectname)%00%(upstream:track)%00%(upstream:remotename)%00%(upstream:remoteref) refs/heads/origin/main refs/remotes/origin/main [9ms]
2025-01-11 03:55:21.195 [info] > git config --get commit.template [5ms]
2025-01-11 03:55:21.206 [info] > git for-each-ref --format=%(refname)%00%(upstream:short)%00%(objectname)%00%(upstream:track)%00%(upstream:remotename)%00%(upstream:remoteref) refs/heads/main refs/remotes/main [11ms]
2025-01-11 03:55:21.210 [warning] ENOENT: no such file or directory, open '/home/hwlee4/ICS45C/HW0/.git/refs/remotes/origin/main'
2025-01-11 03:55:21.215 [info] > git rev-parse refs/remotes/origin/main [5ms]
2025-01-11 03:55:21.276 [info] > git status -z -uall [57ms]
2025-01-11 03:55:21.295 [info] > git for-each-ref --format=%(refname)%00%(upstream:short)%00%(objectname)%00%(upstream:track)%00%(upstream:remotename)%00%(upstream:remoteref) refs/heads/main refs/remotes/main [10ms]
2025-01-11 03:55:21.305 [info] > git config --local branch.main.vscode-merge-base [4ms]
2025-01-11 03:55:21.318 [info] > git for-each-ref --format=%(refname)%00%(upstream:short)%00%(objectname)%00%(upstream:track)%00%(upstream:remotename)%00%(upstream:remoteref) refs/heads/origin/main refs/remotes/origin/main [9ms]
2025-01-11 03:55:26.300 [info] > git config --get commit.template [7ms]
2025-01-11 03:55:26.310 [info] > git for-each-ref --format=%(refname)%00%(upstream:short)%00%(objectname)%00%(upstream:track)%00%(upstream:remotename)%00%(upstream:remoteref) refs/heads/main refs/remotes/main [11ms]
2025-01-11 03:55:26.314 [warning] ENOENT: no such file or directory, open '/home/hwlee4/ICS45C/HW0/.git/refs/remotes/origin/main'
2025-01-11 03:55:26.320 [info] > git rev-parse refs/remotes/origin/main [6ms]
2025-01-11 03:55:26.378 [info] > git status -z -uall [54ms]
2025-01-11 03:55:26.396 [info] > git for-each-ref --format=%(refname)%00%(upstream:short)%00%(objectname)%00%(upstream:track)%00%(upstream:remotename)%00%(upstream:remoteref) refs/heads/main refs/remotes/main [11ms]
2025-01-11 03:55:26.404 [info] > git config --local branch.main.vscode-merge-base [4ms]
2025-01-11 03:55:26.417 [info] > git for-each-ref --format=%(refname)%00%(upstream:short)%00%(objectname)%00%(upstream:track)%00%(upstream:remotename)%00%(upstream:remoteref) refs/heads/origin/main refs/remotes/origin/main [9ms]
2025-01-11 03:55:31.399 [info] > git config --get commit.template [6ms]
2025-01-11 03:55:31.409 [info] > git for-each-ref --format=%(refname)%00%(upstream:short)%00%(objectname)%00%(upstream:track)%00%(upstream:remotename)%00%(upstream:remoteref) refs/heads/main refs/remotes/main [11ms]
2025-01-11 03:55:31.413 [warning] ENOENT: no such file or directory, open '/home/hwlee4/ICS45C/HW0/.git/refs/remotes/origin/main'
2025-01-11 03:55:31.419 [info] > git rev-parse refs/remotes/origin/main [5ms]
2025-01-11 03:55:31.479 [info] > git status -z -uall [57ms]
2025-01-11 03:55:31.496 [info] > git for-each-ref --format=%(refname)%00%(upstream:short)%00%(objectname)%00%(upstream:track)%00%(upstream:remotename)%00%(upstream:remoteref) refs/heads/main refs/remotes/main [11ms]
2025-01-11 03:55:31.506 [info] > git config --local branch.main.vscode-merge-base [4ms]
2025-01-11 03:55:31.519 [info] > git for-each-ref --format=%(refname)%00%(upstream:short)%00%(objectname)%00%(upstream:track)%00%(upstream:remotename)%00%(upstream:remoteref) refs/heads/origin/main refs/remotes/origin/main [9ms]
2025-01-11 03:55:36.499 [info] > git config --get commit.template [5ms]
2025-01-11 03:55:36.509 [info] > git for-each-ref --format=%(refname)%00%(upstream:short)%00%(objectname)%00%(upstream:track)%00%(upstream:remotename)%00%(upstream:remoteref) refs/heads/main refs/remotes/main [11ms]
2025-01-11 03:55:36.515 [warning] ENOENT: no such file or directory, open '/home/hwlee4/ICS45C/HW0/.git/refs/remotes/origin/main'
2025-01-11 03:55:36.519 [info] > git rev-parse refs/remotes/origin/main [5ms]
2025-01-11 03:55:36.577 [info] > git status -z -uall [54ms]
2025-01-11 03:55:36.594 [info] > git for-each-ref --format=%(refname)%00%(upstream:short)%00%(objectname)%00%(upstream:track)%00%(upstream:remotename)%00%(upstream:remoteref) refs/heads/main refs/remotes/main [12ms]
2025-01-11 03:55:36.603 [info] > git config --local branch.main.vscode-merge-base [4ms]
2025-01-11 03:55:36.616 [info] > git for-each-ref --format=%(refname)%00%(upstream:short)%00%(objectname)%00%(upstream:track)%00%(upstream:remotename)%00%(upstream:remoteref) refs/heads/origin/main refs/remotes/origin/main [9ms]
2025-01-11 03:55:41.594 [info] > git config --get commit.template [5ms]
2025-01-11 03:55:41.603 [info] > git for-each-ref --format=%(refname)%00%(upstream:short)%00%(objectname)%00%(upstream:track)%00%(upstream:remotename)%00%(upstream:remoteref) refs/heads/main refs/remotes/main [10ms]
2025-01-11 03:55:41.607 [warning] ENOENT: no such file or directory, open '/home/hwlee4/ICS45C/HW0/.git/refs/remotes/origin/main'
2025-01-11 03:55:41.612 [info] > git rev-parse refs/remotes/origin/main [5ms]
2025-01-11 03:55:41.672 [info] > git status -z -uall [56ms]
2025-01-11 03:55:41.688 [info] > git for-each-ref --format=%(refname)%00%(upstream:short)%00%(objectname)%00%(upstream:track)%00%(upstream:remotename)%00%(upstream:remoteref) refs/heads/main refs/remotes/main [11ms]
2025-01-11 03:55:41.698 [info] > git config --local branch.main.vscode-merge-base [5ms]
2025-01-11 03:55:41.712 [info] > git for-each-ref --format=%(refname)%00%(upstream:short)%00%(objectname)%00%(upstream:track)%00%(upstream:remotename)%00%(upstream:remoteref) refs/heads/origin/main refs/remotes/origin/main [9ms]
2025-01-11 03:55:46.690 [info] > git config --get commit.template [5ms]
2025-01-11 03:55:46.701 [info] > git for-each-ref --format=%(refname)%00%(upstream:short)%00%(objectname)%00%(upstream:track)%00%(upstream:remotename)%00%(upstream:remoteref) refs/heads/main refs/remotes/main [12ms]
2025-01-11 03:55:46.706 [warning] ENOENT: no such file or directory, open '/home/hwlee4/ICS45C/HW0/.git/refs/remotes/origin/main'
2025-01-11 03:55:46.714 [info] > git rev-parse refs/remotes/origin/main [8ms]
2025-01-11 03:55:46.773 [info] > git status -z -uall [54ms]
2025-01-11 03:55:46.791 [info] > git for-each-ref --format=%(refname)%00%(upstream:short)%00%(objectname)%00%(upstream:track)%00%(upstream:remotename)%00%(upstream:remoteref) refs/heads/main refs/remotes/main [12ms]
2025-01-11 03:55:46.801 [info] > git config --local branch.main.vscode-merge-base [5ms]
2025-01-11 03:55:46.814 [info] > git for-each-ref --format=%(refname)%00%(upstream:short)%00%(objectname)%00%(upstream:track)%00%(upstream:remotename)%00%(upstream:remoteref) refs/heads/origin/main refs/remotes/origin/main [9ms]
2025-01-11 03:55:51.795 [info] > git config --get commit.template [7ms]
2025-01-11 03:55:51.805 [info] > git for-each-ref --format=%(refname)%00%(upstream:short)%00%(objectname)%00%(upstream:track)%00%(upstream:remotename)%00%(upstream:remoteref) refs/heads/main refs/remotes/main [11ms]
2025-01-11 03:55:51.809 [warning] ENOENT: no such file or directory, open '/home/hwlee4/ICS45C/HW0/.git/refs/remotes/origin/main'
2025-01-11 03:55:51.814 [info] > git rev-parse refs/remotes/origin/main [5ms]
2025-01-11 03:55:51.873 [info] > git status -z -uall [55ms]
2025-01-11 03:55:51.889 [info] > git for-each-ref --format=%(refname)%00%(upstream:short)%00%(objectname)%00%(upstream:track)%00%(upstream:remotename)%00%(upstream:remoteref) refs/heads/main refs/remotes/main [11ms]
2025-01-11 03:55:51.899 [info] > git config --local branch.main.vscode-merge-base [4ms]
2025-01-11 03:55:51.914 [info] > git for-each-ref --format=%(refname)%00%(upstream:short)%00%(objectname)%00%(upstream:track)%00%(upstream:remotename)%00%(upstream:remoteref) refs/heads/origin/main refs/remotes/origin/main [10ms]
2025-01-11 03:55:56.897 [info] > git config --get commit.template [8ms]
2025-01-11 03:55:56.912 [info] > git for-each-ref --format=%(refname)%00%(upstream:short)%00%(objectname)%00%(upstream:track)%00%(upstream:remotename)%00%(upstream:remoteref) refs/heads/main refs/remotes/main [10ms]
2025-01-11 03:55:56.916 [warning] ENOENT: no such file or directory, open '/home/hwlee4/ICS45C/HW0/.git/refs/remotes/origin/main'
2025-01-11 03:55:56.922 [info] > git rev-parse refs/remotes/origin/main [7ms]
2025-01-11 03:55:56.983 [info] > git status -z -uall [57ms]
2025-01-11 03:55:57.001 [info] > git for-each-ref --format=%(refname)%00%(upstream:short)%00%(objectname)%00%(upstream:track)%00%(upstream:remotename)%00%(upstream:remoteref) refs/heads/main refs/remotes/main [11ms]
2025-01-11 03:55:57.010 [info] > git config --local branch.main.vscode-merge-base [4ms]
2025-01-11 03:55:57.024 [info] > git for-each-ref --format=%(refname)%00%(upstream:short)%00%(objectname)%00%(upstream:track)%00%(upstream:remotename)%00%(upstream:remoteref) refs/heads/origin/main refs/remotes/origin/main [9ms]
2025-01-11 03:56:05.923 [info] > git check-ignore -v -z --stdin [6ms]
2025-01-11 03:56:07.832 [info] > git check-ignore -v -z --stdin [7ms]
2025-01-11 03:56:12.203 [info] > git config --get commit.template [6ms]
2025-01-11 03:56:12.214 [info] > git for-each-ref --format=%(refname)%00%(upstream:short)%00%(objectname)%00%(upstream:track)%00%(upstream:remotename)%00%(upstream:remoteref) refs/heads/main refs/remotes/main [11ms]
2025-01-11 03:56:12.218 [warning] ENOENT: no such file or directory, open '/home/hwlee4/ICS45C/HW0/.git/refs/remotes/origin/main'
2025-01-11 03:56:12.223 [info] > git rev-parse refs/remotes/origin/main [5ms]
2025-01-11 03:56:12.284 [info] > git status -z -uall [56ms]
2025-01-11 03:56:12.302 [info] > git for-each-ref --format=%(refname)%00%(upstream:short)%00%(objectname)%00%(upstream:track)%00%(upstream:remotename)%00%(upstream:remoteref) refs/heads/main refs/remotes/main [10ms]
2025-01-11 03:56:12.311 [info] > git config --local branch.main.vscode-merge-base [4ms]
2025-01-11 03:56:12.325 [info] > git for-each-ref --format=%(refname)%00%(upstream:short)%00%(objectname)%00%(upstream:track)%00%(upstream:remotename)%00%(upstream:remoteref) refs/heads/origin/main refs/remotes/origin/main [9ms]
2025-01-11 03:58:06.966 [info] > git check-ignore -v -z --stdin [9ms]
2025-01-11 03:58:07.066 [info] > git config --get commit.template [7ms]
2025-01-11 03:58:07.078 [info] > git for-each-ref --format=%(refname)%00%(upstream:short)%00%(objectname)%00%(upstream:track)%00%(upstream:remotename)%00%(upstream:remoteref) refs/heads/main refs/remotes/main [13ms]
2025-01-11 03:58:07.082 [warning] ENOENT: no such file or directory, open '/home/hwlee4/ICS45C/HW0/.git/refs/remotes/origin/main'
2025-01-11 03:58:07.088 [info] > git rev-parse refs/remotes/origin/main [6ms]
2025-01-11 03:58:07.153 [info] > git status -z -uall [61ms]
2025-01-11 03:58:07.169 [info] > git for-each-ref --format=%(refname)%00%(upstream:short)%00%(objectname)%00%(upstream:track)%00%(upstream:remotename)%00%(upstream:remoteref) refs/heads/main refs/remotes/main [10ms]
2025-01-11 03:58:07.178 [info] > git config --local branch.main.vscode-merge-base [4ms]
2025-01-11 03:58:07.192 [info] > git for-each-ref --format=%(refname)%00%(upstream:short)%00%(objectname)%00%(upstream:track)%00%(upstream:remotename)%00%(upstream:remoteref) refs/heads/origin/main refs/remotes/origin/main [10ms]
2025-01-11 03:58:46.318 [info] > git show --textconv :main.cpp [6ms]
2025-01-11 03:58:46.323 [info] > git ls-files --stage -- /home/hwlee4/ICS45C/HW0/main.cpp [6ms]
2025-01-11 04:07:24.200 [info] > git config --get commit.template [5ms]
2025-01-11 04:07:24.212 [info] > git for-each-ref --format=%(refname)%00%(upstream:short)%00%(objectname)%00%(upstream:track)%00%(upstream:remotename)%00%(upstream:remoteref) refs/heads/main refs/remotes/main [14ms]
2025-01-11 04:07:24.216 [warning] ENOENT: no such file or directory, open '/home/hwlee4/ICS45C/HW0/.git/refs/remotes/origin/main'
2025-01-11 04:07:24.222 [info] > git rev-parse refs/remotes/origin/main [6ms]
2025-01-11 04:07:24.287 [info] > git status -z -uall [61ms]
2025-01-11 04:07:24.303 [info] > git for-each-ref --format=%(refname)%00%(upstream:short)%00%(objectname)%00%(upstream:track)%00%(upstream:remotename)%00%(upstream:remoteref) refs/heads/main refs/remotes/main [10ms]
2025-01-11 04:07:24.312 [info] > git config --local branch.main.vscode-merge-base [4ms]
2025-01-11 04:07:24.325 [info] > git for-each-ref --format=%(refname)%00%(upstream:short)%00%(objectname)%00%(upstream:track)%00%(upstream:remotename)%00%(upstream:remoteref) refs/heads/origin/main refs/remotes/origin/main [9ms]
2025-01-11 04:10:22.204 [info] > git check-ignore -v -z --stdin [9ms]
2025-01-11 04:10:22.337 [info] > git show --textconv :Makefile [8ms]
2025-01-11 04:10:22.340 [info] > git ls-files --stage -- /home/hwlee4/ICS45C/HW0/Makefile [6ms]
2025-01-11 04:10:22.708 [info] > git config --get commit.template [6ms]
2025-01-11 04:10:22.720 [info] > git for-each-ref --format=%(refname)%00%(upstream:short)%00%(objectname)%00%(upstream:track)%00%(upstream:remotename)%00%(upstream:remoteref) refs/heads/main refs/remotes/main [14ms]
2025-01-11 04:10:22.725 [warning] ENOENT: no such file or directory, open '/home/hwlee4/ICS45C/HW0/.git/refs/remotes/origin/main'
2025-01-11 04:10:22.730 [info] > git rev-parse refs/remotes/origin/main [6ms]
2025-01-11 04:10:22.800 [info] > git status -z -uall [65ms]
2025-01-11 04:10:22.818 [info] > git for-each-ref --format=%(refname)%00%(upstream:short)%00%(objectname)%00%(upstream:track)%00%(upstream:remotename)%00%(upstream:remoteref) refs/heads/main refs/remotes/main [12ms]
2025-01-11 04:10:22.830 [info] > git config --local branch.main.vscode-merge-base [8ms]
2025-01-11 04:10:22.846 [info] > git for-each-ref --format=%(refname)%00%(upstream:short)%00%(objectname)%00%(upstream:track)%00%(upstream:remotename)%00%(upstream:remoteref) refs/heads/origin/main refs/remotes/origin/main [9ms]
2025-01-11 04:11:34.244 [info] > git config --get commit.template [7ms]
2025-01-11 04:11:34.257 [info] > git for-each-ref --format=%(refname)%00%(upstream:short)%00%(objectname)%00%(upstream:track)%00%(upstream:remotename)%00%(upstream:remoteref) refs/heads/main refs/remotes/main [14ms]
2025-01-11 04:11:34.262 [warning] ENOENT: no such file or directory, open '/home/hwlee4/ICS45C/HW0/.git/refs/remotes/origin/main'
2025-01-11 04:11:34.268 [info] > git rev-parse refs/remotes/origin/main [6ms]
2025-01-11 04:11:34.333 [info] > git status -z -uall [60ms]
2025-01-11 04:11:34.351 [info] > git for-each-ref --format=%(refname)%00%(upstream:short)%00%(objectname)%00%(upstream:track)%00%(upstream:remotename)%00%(upstream:remoteref) refs/heads/main refs/remotes/main [10ms]
2025-01-11 04:11:34.359 [info] > git config --local branch.main.vscode-merge-base [4ms]
2025-01-11 04:11:34.375 [info] > git for-each-ref --format=%(refname)%00%(upstream:short)%00%(objectname)%00%(upstream:track)%00%(upstream:remotename)%00%(upstream:remoteref) refs/heads/origin/main refs/remotes/origin/main [10ms]
2025-01-11 04:11:41.941 [info] > git config --get commit.template [5ms]
2025-01-11 04:11:41.952 [info] > git for-each-ref --format=%(refname)%00%(upstream:short)%00%(objectname)%00%(upstream:track)%00%(upstream:remotename)%00%(upstream:remoteref) refs/heads/main refs/remotes/main [12ms]
2025-01-11 04:11:41.956 [warning] ENOENT: no such file or directory, open '/home/hwlee4/ICS45C/HW0/.git/refs/remotes/origin/main'
2025-01-11 04:11:41.962 [info] > git rev-parse refs/remotes/origin/main [5ms]
2025-01-11 04:11:42.023 [info] > git status -z -uall [58ms]
2025-01-11 04:11:42.041 [info] > git for-each-ref --format=%(refname)%00%(upstream:short)%00%(objectname)%00%(upstream:track)%00%(upstream:remotename)%00%(upstream:remoteref) refs/heads/main refs/remotes/main [12ms]
2025-01-11 04:11:42.050 [info] > git config --local branch.main.vscode-merge-base [5ms]
2025-01-11 04:11:42.064 [info] > git for-each-ref --format=%(refname)%00%(upstream:short)%00%(objectname)%00%(upstream:track)%00%(upstream:remotename)%00%(upstream:remoteref) refs/heads/origin/main refs/remotes/origin/main [10ms]
2025-01-11 04:11:54.530 [info] > git config --get commit.template [6ms]
2025-01-11 04:11:54.540 [info] > git for-each-ref --format=%(refname)%00%(upstream:short)%00%(objectname)%00%(upstream:track)%00%(upstream:remotename)%00%(upstream:remoteref) refs/heads/main refs/remotes/main [11ms]
2025-01-11 04:11:54.544 [warning] ENOENT: no such file or directory, open '/home/hwlee4/ICS45C/HW0/.git/refs/remotes/origin/main'
2025-01-11 04:11:54.550 [info] > git rev-parse refs/remotes/origin/main [5ms]
2025-01-11 04:11:54.610 [info] > git status -z -uall [56ms]
2025-01-11 04:11:54.629 [info] > git for-each-ref --format=%(refname)%00%(upstream:short)%00%(objectname)%00%(upstream:track)%00%(upstream:remotename)%00%(upstream:remoteref) refs/heads/main refs/remotes/main [10ms]
2025-01-11 04:11:54.640 [info] > git config --local branch.main.vscode-merge-base [5ms]
2025-01-11 04:11:54.653 [info] > git for-each-ref --format=%(refname)%00%(upstream:short)%00%(objectname)%00%(upstream:track)%00%(upstream:remotename)%00%(upstream:remoteref) refs/heads/origin/main refs/remotes/origin/main [9ms]
2025-01-11 04:11:59.630 [info] > git config --get commit.template [5ms]
2025-01-11 04:11:59.640 [info] > git for-each-ref --format=%(refname)%00%(upstream:short)%00%(objectname)%00%(upstream:track)%00%(upstream:remotename)%00%(upstream:remoteref) refs/heads/main refs/remotes/main [10ms]
2025-01-11 04:11:59.645 [warning] ENOENT: no such file or directory, open '/home/hwlee4/ICS45C/HW0/.git/refs/remotes/origin/main'
2025-01-11 04:11:59.650 [info] > git rev-parse refs/remotes/origin/main [6ms]
2025-01-11 04:11:59.709 [info] > git status -z -uall [55ms]
2025-01-11 04:11:59.725 [info] > git for-each-ref --format=%(refname)%00%(upstream:short)%00%(objectname)%00%(upstream:track)%00%(upstream:remotename)%00%(upstream:remoteref) refs/heads/main refs/remotes/main [11ms]
2025-01-11 04:11:59.734 [info] > git config --local branch.main.vscode-merge-base [5ms]
2025-01-11 04:11:59.747 [info] > git for-each-ref --format=%(refname)%00%(upstream:short)%00%(objectname)%00%(upstream:track)%00%(upstream:remotename)%00%(upstream:remoteref) refs/heads/origin/main refs/remotes/origin/main [9ms]
2025-01-11 04:12:04.727 [info] > git config --get commit.template [4ms]
2025-01-11 04:12:04.737 [info] > git for-each-ref --format=%(refname)%00%(upstream:short)%00%(objectname)%00%(upstream:track)%00%(upstream:remotename)%00%(upstream:remoteref) refs/heads/main refs/remotes/main [11ms]
2025-01-11 04:12:04.741 [warning] ENOENT: no such file or directory, open '/home/hwlee4/ICS45C/HW0/.git/refs/remotes/origin/main'
2025-01-11 04:12:04.746 [info] > git rev-parse refs/remotes/origin/main [5ms]
2025-01-11 04:12:04.806 [info] > git status -z -uall [56ms]
2025-01-11 04:12:04.824 [info] > git for-each-ref --format=%(refname)%00%(upstream:short)%00%(objectname)%00%(upstream:track)%00%(upstream:remotename)%00%(upstream:remoteref) refs/heads/main refs/remotes/main [11ms]
2025-01-11 04:12:04.834 [info] > git config --local branch.main.vscode-merge-base [5ms]
2025-01-11 04:12:04.847 [info] > git for-each-ref --format=%(refname)%00%(upstream:short)%00%(objectname)%00%(upstream:track)%00%(upstream:remotename)%00%(upstream:remoteref) refs/heads/origin/main refs/remotes/origin/main [8ms]
2025-01-11 04:12:09.826 [info] > git config --get commit.template [5ms]
2025-01-11 04:12:09.836 [info] > git for-each-ref --format=%(refname)%00%(upstream:short)%00%(objectname)%00%(upstream:track)%00%(upstream:remotename)%00%(upstream:remoteref) refs/heads/main refs/remotes/main [11ms]
2025-01-11 04:12:09.840 [warning] ENOENT: no such file or directory, open '/home/hwlee4/ICS45C/HW0/.git/refs/remotes/origin/main'
2025-01-11 04:12:09.845 [info] > git rev-parse refs/remotes/origin/main [5ms]
2025-01-11 04:12:09.904 [info] > git status -z -uall [54ms]
2025-01-11 04:12:09.920 [info] > git for-each-ref --format=%(refname)%00%(upstream:short)%00%(objectname)%00%(upstream:track)%00%(upstream:remotename)%00%(upstream:remoteref) refs/heads/main refs/remotes/main [11ms]
2025-01-11 04:12:09.929 [info] > git config --local branch.main.vscode-merge-base [5ms]
2025-01-11 04:12:09.942 [info] > git for-each-ref --format=%(refname)%00%(upstream:short)%00%(objectname)%00%(upstream:track)%00%(upstream:remotename)%00%(upstream:remoteref) refs/heads/origin/main refs/remotes/origin/main [9ms]
2025-01-11 04:12:14.921 [info] > git config --get commit.template [5ms]
2025-01-11 04:12:14.932 [info] > git for-each-ref --format=%(refname)%00%(upstream:short)%00%(objectname)%00%(upstream:track)%00%(upstream:remotename)%00%(upstream:remoteref) refs/heads/main refs/remotes/main [12ms]
2025-01-11 04:12:14.936 [warning] ENOENT: no such file or directory, open '/home/hwlee4/ICS45C/HW0/.git/refs/remotes/origin/main'
2025-01-11 04:12:14.941 [info] > git rev-parse refs/remotes/origin/main [5ms]
2025-01-11 04:12:15.004 [info] > git status -z -uall [59ms]
2025-01-11 04:12:15.022 [info] > git for-each-ref --format=%(refname)%00%(upstream:short)%00%(objectname)%00%(upstream:track)%00%(upstream:remotename)%00%(upstream:remoteref) refs/heads/main refs/remotes/main [12ms]
2025-01-11 04:12:15.033 [info] > git config --local branch.main.vscode-merge-base [2ms]
2025-01-11 04:12:15.051 [info] > git for-each-ref --format=%(refname)%00%(upstream:short)%00%(objectname)%00%(upstream:track)%00%(upstream:remotename)%00%(upstream:remoteref) refs/heads/origin/main refs/remotes/origin/main [9ms]
2025-01-11 04:12:22.653 [info] > git config --get commit.template [7ms]
2025-01-11 04:12:22.663 [info] > git for-each-ref --format=%(refname)%00%(upstream:short)%00%(objectname)%00%(upstream:track)%00%(upstream:remotename)%00%(upstream:remoteref) refs/heads/main refs/remotes/main [11ms]
2025-01-11 04:12:22.668 [warning] ENOENT: no such file or directory, open '/home/hwlee4/ICS45C/HW0/.git/refs/remotes/origin/main'
2025-01-11 04:12:22.673 [info] > git rev-parse refs/remotes/origin/main [6ms]
2025-01-11 04:12:22.732 [info] > git status -z -uall [54ms]
2025-01-11 04:12:22.750 [info] > git for-each-ref --format=%(refname)%00%(upstream:short)%00%(objectname)%00%(upstream:track)%00%(upstream:remotename)%00%(upstream:remoteref) refs/heads/main refs/remotes/main [11ms]
2025-01-11 04:12:22.760 [info] > git config --local branch.main.vscode-merge-base [5ms]
2025-01-11 04:12:22.774 [info] > git for-each-ref --format=%(refname)%00%(upstream:short)%00%(objectname)%00%(upstream:track)%00%(upstream:remotename)%00%(upstream:remoteref) refs/heads/origin/main refs/remotes/origin/main [8ms]
2025-01-11 04:12:34.344 [info] > git config --get commit.template [7ms]
2025-01-11 04:12:34.355 [info] > git for-each-ref --format=%(refname)%00%(upstream:short)%00%(objectname)%00%(upstream:track)%00%(upstream:remotename)%00%(upstream:remoteref) refs/heads/main refs/remotes/main [12ms]
2025-01-11 04:12:34.360 [warning] ENOENT: no such file or directory, open '/home/hwlee4/ICS45C/HW0/.git/refs/remotes/origin/main'
2025-01-11 04:12:34.366 [info] > git rev-parse refs/remotes/origin/main [5ms]
2025-01-11 04:12:34.428 [info] > git status -z -uall [58ms]
2025-01-11 04:12:34.445 [info] > git for-each-ref --format=%(refname)%00%(upstream:short)%00%(objectname)%00%(upstream:track)%00%(upstream:remotename)%00%(upstream:remoteref) refs/heads/main refs/remotes/main [11ms]
2025-01-11 04:12:34.454 [info] > git config --local branch.main.vscode-merge-base [5ms]
2025-01-11 04:12:34.468 [info] > git for-each-ref --format=%(refname)%00%(upstream:short)%00%(objectname)%00%(upstream:track)%00%(upstream:remotename)%00%(upstream:remoteref) refs/heads/origin/main refs/remotes/origin/main [9ms]
2025-01-11 04:12:42.392 [info] > git config --get commit.template [5ms]
2025-01-11 04:12:42.402 [info] > git for-each-ref --format=%(refname)%00%(upstream:short)%00%(objectname)%00%(upstream:track)%00%(upstream:remotename)%00%(upstream:remoteref) refs/heads/main refs/remotes/main [11ms]
2025-01-11 04:12:42.406 [warning] ENOENT: no such file or directory, open '/home/hwlee4/ICS45C/HW0/.git/refs/remotes/origin/main'
2025-01-11 04:12:42.411 [info] > git rev-parse refs/remotes/origin/main [5ms]
2025-01-11 04:12:42.471 [info] > git status -z -uall [56ms]
2025-01-11 04:12:42.487 [info] > git for-each-ref --format=%(refname)%00%(upstream:short)%00%(objectname)%00%(upstream:track)%00%(upstream:remotename)%00%(upstream:remoteref) refs/heads/main refs/remotes/main [10ms]
2025-01-11 04:12:42.496 [info] > git config --local branch.main.vscode-merge-base [4ms]
2025-01-11 04:12:42.509 [info] > git for-each-ref --format=%(refname)%00%(upstream:short)%00%(objectname)%00%(upstream:track)%00%(upstream:remotename)%00%(upstream:remoteref) refs/heads/origin/main refs/remotes/origin/main [9ms]
2025-01-11 04:12:53.321 [info] > git config --get commit.template [7ms]
2025-01-11 04:12:53.330 [info] > git for-each-ref --format=%(refname)%00%(upstream:short)%00%(objectname)%00%(upstream:track)%00%(upstream:remotename)%00%(upstream:remoteref) refs/heads/main refs/remotes/main [11ms]
2025-01-11 04:12:53.335 [warning] ENOENT: no such file or directory, open '/home/hwlee4/ICS45C/HW0/.git/refs/remotes/origin/main'
2025-01-11 04:12:53.340 [info] > git rev-parse refs/remotes/origin/main [5ms]
2025-01-11 04:12:53.401 [info] > git status -z -uall [57ms]
2025-01-11 04:12:53.417 [info] > git for-each-ref --format=%(refname)%00%(upstream:short)%00%(objectname)%00%(upstream:track)%00%(upstream:remotename)%00%(upstream:remoteref) refs/heads/main refs/remotes/main [11ms]
2025-01-11 04:12:53.426 [info] > git config --local branch.main.vscode-merge-base [4ms]
2025-01-11 04:12:53.439 [info] > git for-each-ref --format=%(refname)%00%(upstream:short)%00%(objectname)%00%(upstream:track)%00%(upstream:remotename)%00%(upstream:remoteref) refs/heads/origin/main refs/remotes/origin/main [9ms]
2025-01-11 04:12:58.637 [info] > git config --get commit.template [6ms]
2025-01-11 04:12:58.647 [info] > git for-each-ref --format=%(refname)%00%(upstream:short)%00%(objectname)%00%(upstream:track)%00%(upstream:remotename)%00%(upstream:remoteref) refs/heads/main refs/remotes/main [11ms]
2025-01-11 04:12:58.651 [warning] ENOENT: no such file or directory, open '/home/hwlee4/ICS45C/HW0/.git/refs/remotes/origin/main'
2025-01-11 04:12:58.657 [info] > git rev-parse refs/remotes/origin/main [6ms]
2025-01-11 04:12:58.717 [info] > git status -z -uall [57ms]
2025-01-11 04:12:58.734 [info] > git for-each-ref --format=%(refname)%00%(upstream:short)%00%(objectname)%00%(upstream:track)%00%(upstream:remotename)%00%(upstream:remoteref) refs/heads/main refs/remotes/main [11ms]
2025-01-11 04:12:58.743 [info] > git config --local branch.main.vscode-merge-base [5ms]
2025-01-11 04:12:58.756 [info] > git for-each-ref --format=%(refname)%00%(upstream:short)%00%(objectname)%00%(upstream:track)%00%(upstream:remotename)%00%(upstream:remoteref) refs/heads/origin/main refs/remotes/origin/main [9ms]
2025-01-11 04:13:05.525 [info] > git config --get commit.template [6ms]
2025-01-11 04:13:05.534 [info] > git for-each-ref --format=%(refname)%00%(upstream:short)%00%(objectname)%00%(upstream:track)%00%(upstream:remotename)%00%(upstream:remoteref) refs/heads/main refs/remotes/main [11ms]
2025-01-11 04:13:05.538 [warning] ENOENT: no such file or directory, open '/home/hwlee4/ICS45C/HW0/.git/refs/remotes/origin/main'
2025-01-11 04:13:05.544 [info] > git rev-parse refs/remotes/origin/main [6ms]
2025-01-11 04:13:05.605 [info] > git status -z -uall [57ms]
2025-01-11 04:13:05.621 [info] > git for-each-ref --format=%(refname)%00%(upstream:short)%00%(objectname)%00%(upstream:track)%00%(upstream:remotename)%00%(upstream:remoteref) refs/heads/main refs/remotes/main [11ms]
2025-01-11 04:13:05.630 [info] > git config --local branch.main.vscode-merge-base [4ms]
2025-01-11 04:13:05.643 [info] > git for-each-ref --format=%(refname)%00%(upstream:short)%00%(objectname)%00%(upstream:track)%00%(upstream:remotename)%00%(upstream:remoteref) refs/heads/origin/main refs/remotes/origin/main [9ms]
2025-01-11 04:13:10.623 [info] > git config --get commit.template [5ms]
2025-01-11 04:13:10.634 [info] > git for-each-ref --format=%(refname)%00%(upstream:short)%00%(objectname)%00%(upstream:track)%00%(upstream:remotename)%00%(upstream:remoteref) refs/heads/main refs/remotes/main [11ms]
2025-01-11 04:13:10.637 [warning] ENOENT: no such file or directory, open '/home/hwlee4/ICS45C/HW0/.git/refs/remotes/origin/main'
2025-01-11 04:13:10.643 [info] > git rev-parse refs/remotes/origin/main [6ms]
2025-01-11 04:13:10.704 [info] > git status -z -uall [57ms]
2025-01-11 04:13:10.721 [info] > git for-each-ref --format=%(refname)%00%(upstream:short)%00%(objectname)%00%(upstream:track)%00%(upstream:remotename)%00%(upstream:remoteref) refs/heads/main refs/remotes/main [10ms]
2025-01-11 04:13:10.730 [info] > git config --local branch.main.vscode-merge-base [5ms]
2025-01-11 04:13:10.743 [info] > git for-each-ref --format=%(refname)%00%(upstream:short)%00%(objectname)%00%(upstream:track)%00%(upstream:remotename)%00%(upstream:remoteref) refs/heads/origin/main refs/remotes/origin/main [8ms]
2025-01-11 04:13:16.134 [info] > git config --get commit.template [5ms]
2025-01-11 04:13:16.144 [info] > git for-each-ref --format=%(refname)%00%(upstream:short)%00%(objectname)%00%(upstream:track)%00%(upstream:remotename)%00%(upstream:remoteref) refs/heads/main refs/remotes/main [11ms]
2025-01-11 04:13:16.148 [warning] ENOENT: no such file or directory, open '/home/hwlee4/ICS45C/HW0/.git/refs/remotes/origin/main'
2025-01-11 04:13:16.153 [info] > git rev-parse refs/remotes/origin/main [5ms]
2025-01-11 04:13:16.214 [info] > git status -z -uall [56ms]
2025-01-11 04:13:16.231 [info] > git for-each-ref --format=%(refname)%00%(upstream:short)%00%(objectname)%00%(upstream:track)%00%(upstream:remotename)%00%(upstream:remoteref) refs/heads/main refs/remotes/main [12ms]
2025-01-11 04:13:16.239 [info] > git config --local branch.main.vscode-merge-base [4ms]
2025-01-11 04:13:16.252 [info] > git for-each-ref --format=%(refname)%00%(upstream:short)%00%(objectname)%00%(upstream:track)%00%(upstream:remotename)%00%(upstream:remoteref) refs/heads/origin/main refs/remotes/origin/main [9ms]
2025-01-11 04:13:21.234 [info] > git config --get commit.template [5ms]
2025-01-11 04:13:21.244 [info] > git for-each-ref --format=%(refname)%00%(upstream:short)%00%(objectname)%00%(upstream:track)%00%(upstream:remotename)%00%(upstream:remoteref) refs/heads/main refs/remotes/main [10ms]
2025-01-11 04:13:21.248 [warning] ENOENT: no such file or directory, open '/home/hwlee4/ICS45C/HW0/.git/refs/remotes/origin/main'
2025-01-11 04:13:21.253 [info] > git rev-parse refs/remotes/origin/main [6ms]
2025-01-11 04:13:21.313 [info] > git status -z -uall [56ms]
2025-01-11 04:13:21.331 [info] > git for-each-ref --format=%(refname)%00%(upstream:short)%00%(objectname)%00%(upstream:track)%00%(upstream:remotename)%00%(upstream:remoteref) refs/heads/main refs/remotes/main [12ms]
2025-01-11 04:13:21.340 [info] > git config --local branch.main.vscode-merge-base [5ms]
2025-01-11 04:13:21.354 [info] > git for-each-ref --format=%(refname)%00%(upstream:short)%00%(objectname)%00%(upstream:track)%00%(upstream:remotename)%00%(upstream:remoteref) refs/heads/origin/main refs/remotes/origin/main [9ms]
2025-01-11 04:13:26.921 [info] > git config --get commit.template [6ms]
2025-01-11 04:13:26.931 [info] > git for-each-ref --format=%(refname)%00%(upstream:short)%00%(objectname)%00%(upstream:track)%00%(upstream:remotename)%00%(upstream:remoteref) refs/heads/main refs/remotes/main [11ms]
2025-01-11 04:13:26.935 [warning] ENOENT: no such file or directory, open '/home/hwlee4/ICS45C/HW0/.git/refs/remotes/origin/main'
2025-01-11 04:13:26.940 [info] > git rev-parse refs/remotes/origin/main [5ms]
2025-01-11 04:13:27.001 [info] > git status -z -uall [57ms]
2025-01-11 04:13:27.019 [info] > git for-each-ref --format=%(refname)%00%(upstream:short)%00%(objectname)%00%(upstream:track)%00%(upstream:remotename)%00%(upstream:remoteref) refs/heads/main refs/remotes/main [12ms]
2025-01-11 04:13:27.028 [info] > git config --local branch.main.vscode-merge-base [4ms]
2025-01-11 04:13:27.041 [info] > git for-each-ref --format=%(refname)%00%(upstream:short)%00%(objectname)%00%(upstream:track)%00%(upstream:remotename)%00%(upstream:remoteref) refs/heads/origin/main refs/remotes/origin/main [9ms]
2025-01-11 04:13:50.459 [info] > git config --get commit.template [5ms]
2025-01-11 04:13:50.470 [info] > git for-each-ref --format=%(refname)%00%(upstream:short)%00%(objectname)%00%(upstream:track)%00%(upstream:remotename)%00%(upstream:remoteref) refs/heads/main refs/remotes/main [12ms]
2025-01-11 04:13:50.474 [warning] ENOENT: no such file or directory, open '/home/hwlee4/ICS45C/HW0/.git/refs/remotes/origin/main'
2025-01-11 04:13:50.479 [info] > git rev-parse refs/remotes/origin/main [5ms]
2025-01-11 04:13:50.541 [info] > git status -z -uall [57ms]
2025-01-11 04:13:50.558 [info] > git for-each-ref --format=%(refname)%00%(upstream:short)%00%(objectname)%00%(upstream:track)%00%(upstream:remotename)%00%(upstream:remoteref) refs/heads/main refs/remotes/main [12ms]
2025-01-11 04:13:50.567 [info] > git config --local branch.main.vscode-merge-base [4ms]
2025-01-11 04:13:50.581 [info] > git for-each-ref --format=%(refname)%00%(upstream:short)%00%(objectname)%00%(upstream:track)%00%(upstream:remotename)%00%(upstream:remoteref) refs/heads/origin/main refs/remotes/origin/main [10ms]
2025-01-11 04:13:58.076 [info] > git check-ignore -v -z --stdin [6ms]
2025-01-11 04:13:58.179 [info] > git config --get commit.template [6ms]
2025-01-11 04:13:58.189 [info] > git for-each-ref --format=%(refname)%00%(upstream:short)%00%(objectname)%00%(upstream:track)%00%(upstream:remotename)%00%(upstream:remoteref) refs/heads/main refs/remotes/main [11ms]
2025-01-11 04:13:58.193 [warning] ENOENT: no such file or directory, open '/home/hwlee4/ICS45C/HW0/.git/refs/remotes/origin/main'
2025-01-11 04:13:58.199 [info] > git rev-parse refs/remotes/origin/main [6ms]
2025-01-11 04:13:58.257 [info] > git status -z -uall [54ms]
2025-01-11 04:13:58.273 [info] > git for-each-ref --format=%(refname)%00%(upstream:short)%00%(objectname)%00%(upstream:track)%00%(upstream:remotename)%00%(upstream:remoteref) refs/heads/main refs/remotes/main [10ms]
2025-01-11 04:13:58.282 [info] > git config --local branch.main.vscode-merge-base [4ms]
2025-01-11 04:13:58.295 [info] > git for-each-ref --format=%(refname)%00%(upstream:short)%00%(objectname)%00%(upstream:track)%00%(upstream:remotename)%00%(upstream:remoteref) refs/heads/origin/main refs/remotes/origin/main [8ms]
2025-01-11 04:14:40.309 [info] > git config --get commit.template [6ms]
2025-01-11 04:14:40.318 [info] > git for-each-ref --format=%(refname)%00%(upstream:short)%00%(objectname)%00%(upstream:track)%00%(upstream:remotename)%00%(upstream:remoteref) refs/heads/main refs/remotes/main [11ms]
2025-01-11 04:14:40.322 [warning] ENOENT: no such file or directory, open '/home/hwlee4/ICS45C/HW0/.git/refs/remotes/origin/main'
2025-01-11 04:14:40.328 [info] > git rev-parse refs/remotes/origin/main [6ms]
2025-01-11 04:14:40.386 [info] > git status -z -uall [55ms]
2025-01-11 04:14:40.402 [info] > git for-each-ref --format=%(refname)%00%(upstream:short)%00%(objectname)%00%(upstream:track)%00%(upstream:remotename)%00%(upstream:remoteref) refs/heads/main refs/remotes/main [10ms]
2025-01-11 04:14:40.410 [info] > git config --local branch.main.vscode-merge-base [4ms]
2025-01-11 04:14:40.422 [info] > git for-each-ref --format=%(refname)%00%(upstream:short)%00%(objectname)%00%(upstream:track)%00%(upstream:remotename)%00%(upstream:remoteref) refs/heads/origin/main refs/remotes/origin/main [8ms]
2025-01-11 04:14:47.720 [info] > git config --get commit.template [5ms]
2025-01-11 04:14:47.730 [info] > git for-each-ref --format=%(refname)%00%(upstream:short)%00%(objectname)%00%(upstream:track)%00%(upstream:remotename)%00%(upstream:remoteref) refs/heads/main refs/remotes/main [11ms]
2025-01-11 04:14:47.736 [warning] ENOENT: no such file or directory, open '/home/hwlee4/ICS45C/HW0/.git/refs/remotes/origin/main'
2025-01-11 04:14:47.741 [info] > git rev-parse refs/remotes/origin/main [5ms]
2025-01-11 04:14:47.800 [info] > git status -z -uall [55ms]
2025-01-11 04:14:47.817 [info] > git for-each-ref --format=%(refname)%00%(upstream:short)%00%(objectname)%00%(upstream:track)%00%(upstream:remotename)%00%(upstream:remoteref) refs/heads/main refs/remotes/main [11ms]
2025-01-11 04:14:47.826 [info] > git config --local branch.main.vscode-merge-base [5ms]
2025-01-11 04:14:47.838 [info] > git for-each-ref --format=%(refname)%00%(upstream:short)%00%(objectname)%00%(upstream:track)%00%(upstream:remotename)%00%(upstream:remoteref) refs/heads/origin/main refs/remotes/origin/main [8ms]
2025-01-11 04:14:52.819 [info] > git config --get commit.template [6ms]
2025-01-11 04:14:52.830 [info] > git for-each-ref --format=%(refname)%00%(upstream:short)%00%(objectname)%00%(upstream:track)%00%(upstream:remotename)%00%(upstream:remoteref) refs/heads/main refs/remotes/main [12ms]
2025-01-11 04:14:52.834 [warning] ENOENT: no such file or directory, open '/home/hwlee4/ICS45C/HW0/.git/refs/remotes/origin/main'
2025-01-11 04:14:52.840 [info] > git rev-parse refs/remotes/origin/main [5ms]
2025-01-11 04:14:52.899 [info] > git status -z -uall [55ms]
2025-01-11 04:14:52.915 [info] > git for-each-ref --format=%(refname)%00%(upstream:short)%00%(objectname)%00%(upstream:track)%00%(upstream:remotename)%00%(upstream:remoteref) refs/heads/main refs/remotes/main [10ms]
2025-01-11 04:14:52.925 [info] > git config --local branch.main.vscode-merge-base [5ms]
2025-01-11 04:14:52.938 [info] > git for-each-ref --format=%(refname)%00%(upstream:short)%00%(objectname)%00%(upstream:track)%00%(upstream:remotename)%00%(upstream:remoteref) refs/heads/origin/main refs/remotes/origin/main [9ms]
2025-01-11 04:15:01.531 [info] > git config --get commit.template [5ms]
2025-01-11 04:15:01.541 [info] > git for-each-ref --format=%(refname)%00%(upstream:short)%00%(objectname)%00%(upstream:track)%00%(upstream:remotename)%00%(upstream:remoteref) refs/heads/main refs/remotes/main [11ms]
2025-01-11 04:15:01.546 [warning] ENOENT: no such file or directory, open '/home/hwlee4/ICS45C/HW0/.git/refs/remotes/origin/main'
2025-01-11 04:15:01.551 [info] > git rev-parse refs/remotes/origin/main [5ms]
2025-01-11 04:15:01.613 [info] > git status -z -uall [57ms]
2025-01-11 04:15:01.631 [info] > git for-each-ref --format=%(refname)%00%(upstream:short)%00%(objectname)%00%(upstream:track)%00%(upstream:remotename)%00%(upstream:remoteref) refs/heads/main refs/remotes/main [11ms]
2025-01-11 04:15:01.640 [info] > git config --local branch.main.vscode-merge-base [4ms]
2025-01-11 04:15:01.653 [info] > git for-each-ref --format=%(refname)%00%(upstream:short)%00%(objectname)%00%(upstream:track)%00%(upstream:remotename)%00%(upstream:remoteref) refs/heads/origin/main refs/remotes/origin/main [8ms]
2025-01-11 04:15:06.633 [info] > git config --get commit.template [6ms]
2025-01-11 04:15:06.642 [info] > git for-each-ref --format=%(refname)%00%(upstream:short)%00%(objectname)%00%(upstream:track)%00%(upstream:remotename)%00%(upstream:remoteref) refs/heads/main refs/remotes/main [11ms]
2025-01-11 04:15:06.646 [warning] ENOENT: no such file or directory, open '/home/hwlee4/ICS45C/HW0/.git/refs/remotes/origin/main'
2025-01-11 04:15:06.651 [info] > git rev-parse refs/remotes/origin/main [5ms]
2025-01-11 04:15:06.710 [info] > git status -z -uall [55ms]
2025-01-11 04:15:06.726 [info] > git for-each-ref --format=%(refname)%00%(upstream:short)%00%(objectname)%00%(upstream:track)%00%(upstream:remotename)%00%(upstream:remoteref) refs/heads/main refs/remotes/main [11ms]
2025-01-11 04:15:06.736 [info] > git config --local branch.main.vscode-merge-base [3ms]
2025-01-11 04:15:06.752 [info] > git for-each-ref --format=%(refname)%00%(upstream:short)%00%(objectname)%00%(upstream:track)%00%(upstream:remotename)%00%(upstream:remoteref) refs/heads/origin/main refs/remotes/origin/main [9ms]
2025-01-11 04:15:17.827 [info] > git config --get commit.template [6ms]
2025-01-11 04:15:17.836 [info] > git for-each-ref --format=%(refname)%00%(upstream:short)%00%(objectname)%00%(upstream:track)%00%(upstream:remotename)%00%(upstream:remoteref) refs/heads/main refs/remotes/main [11ms]
2025-01-11 04:15:17.840 [warning] ENOENT: no such file or directory, open '/home/hwlee4/ICS45C/HW0/.git/refs/remotes/origin/main'
2025-01-11 04:15:17.845 [info] > git rev-parse refs/remotes/origin/main [5ms]
2025-01-11 04:15:17.905 [info] > git status -z -uall [55ms]
2025-01-11 04:15:17.921 [info] > git for-each-ref --format=%(refname)%00%(upstream:short)%00%(objectname)%00%(upstream:track)%00%(upstream:remotename)%00%(upstream:remoteref) refs/heads/main refs/remotes/main [10ms]
2025-01-11 04:15:17.931 [info] > git config --local branch.main.vscode-merge-base [4ms]
2025-01-11 04:15:17.944 [info] > git for-each-ref --format=%(refname)%00%(upstream:short)%00%(objectname)%00%(upstream:track)%00%(upstream:remotename)%00%(upstream:remoteref) refs/heads/origin/main refs/remotes/origin/main [9ms]
2025-01-11 04:15:24.589 [info] > git config --get commit.template [5ms]
2025-01-11 04:15:24.600 [info] > git for-each-ref --format=%(refname)%00%(upstream:short)%00%(objectname)%00%(upstream:track)%00%(upstream:remotename)%00%(upstream:remoteref) refs/heads/main refs/remotes/main [12ms]
2025-01-11 04:15:24.604 [warning] ENOENT: no such file or directory, open '/home/hwlee4/ICS45C/HW0/.git/refs/remotes/origin/main'
2025-01-11 04:15:24.609 [info] > git rev-parse refs/remotes/origin/main [6ms]
2025-01-11 04:15:24.672 [info] > git status -z -uall [58ms]
2025-01-11 04:15:24.689 [info] > git for-each-ref --format=%(refname)%00%(upstream:short)%00%(objectname)%00%(upstream:track)%00%(upstream:remotename)%00%(upstream:remoteref) refs/heads/main refs/remotes/main [11ms]
2025-01-11 04:15:24.699 [info] > git config --local branch.main.vscode-merge-base [5ms]
2025-01-11 04:15:24.712 [info] > git for-each-ref --format=%(refname)%00%(upstream:short)%00%(objectname)%00%(upstream:track)%00%(upstream:remotename)%00%(upstream:remoteref) refs/heads/origin/main refs/remotes/origin/main [8ms]
2025-01-11 04:16:00.643 [info] > git config --get commit.template [5ms]
2025-01-11 04:16:00.654 [info] > git for-each-ref --format=%(refname)%00%(upstream:short)%00%(objectname)%00%(upstream:track)%00%(upstream:remotename)%00%(upstream:remoteref) refs/heads/main refs/remotes/main [12ms]
2025-01-11 04:16:00.658 [warning] ENOENT: no such file or directory, open '/home/hwlee4/ICS45C/HW0/.git/refs/remotes/origin/main'
2025-01-11 04:16:00.663 [info] > git rev-parse refs/remotes/origin/main [6ms]
2025-01-11 04:16:00.723 [info] > git status -z -uall [56ms]
2025-01-11 04:16:00.740 [info] > git for-each-ref --format=%(refname)%00%(upstream:short)%00%(objectname)%00%(upstream:track)%00%(upstream:remotename)%00%(upstream:remoteref) refs/heads/main refs/remotes/main [11ms]
2025-01-11 04:16:00.748 [info] > git config --local branch.main.vscode-merge-base [4ms]
2025-01-11 04:16:00.762 [info] > git for-each-ref --format=%(refname)%00%(upstream:short)%00%(objectname)%00%(upstream:track)%00%(upstream:remotename)%00%(upstream:remoteref) refs/heads/origin/main refs/remotes/origin/main [9ms]
2025-01-11 04:20:35.009 [info] > git merge-base refs/heads/main refs/remotes/origin/main [12ms]
2025-01-11 04:20:35.022 [info] > git rev-list --count --left-right refs/heads/main...refs/remotes/origin/main [8ms]
2025-01-11 04:20:40.230 [info] > git show --textconv :Makefile [6ms]
2025-01-11 04:20:40.235 [info] > git ls-files --stage -- /home/hwlee4/ICS45C/HW0/Makefile [6ms]
2025-01-11 04:20:57.603 [info] > git show --textconv HEAD:main [13ms]
2025-01-11 04:20:57.607 [info] > git ls-tree -l HEAD -- /home/hwlee4/ICS45C/HW0/main [10ms]
2025-01-11 04:20:57.765 [info] > git ls-tree -l HEAD -- /home/hwlee4/ICS45C/HW0/main [10ms]
2025-01-11 04:21:01.145 [info] > git show --textconv :Makefile [6ms]
2025-01-11 04:21:01.150 [info] > git ls-files --stage -- /home/hwlee4/ICS45C/HW0/Makefile [7ms]
2025-01-11 04:21:02.166 [info] > git show --textconv HEAD:main.cpp [9ms]
2025-01-11 04:21:02.169 [info] > git ls-tree -l HEAD -- /home/hwlee4/ICS45C/HW0/main.cpp [9ms]
2025-01-11 04:22:48.866 [info] > git ls-tree -l HEAD -- /home/hwlee4/ICS45C/HW0/main.cpp [14ms]
2025-01-11 04:22:56.923 [info] > git check-ignore -v -z --stdin [6ms]
2025-01-11 04:22:57.445 [info] > git config --get commit.template [5ms]
2025-01-11 04:22:57.456 [info] > git for-each-ref --format=%(refname)%00%(upstream:short)%00%(objectname)%00%(upstream:track)%00%(upstream:remotename)%00%(upstream:remoteref) refs/heads/main refs/remotes/main [12ms]
2025-01-11 04:22:57.460 [warning] ENOENT: no such file or directory, open '/home/hwlee4/ICS45C/HW0/.git/refs/remotes/origin/main'
2025-01-11 04:22:57.465 [info] > git rev-parse refs/remotes/origin/main [6ms]
2025-01-11 04:22:57.535 [info] > git status -z -uall [65ms]
2025-01-11 04:22:57.551 [info] > git for-each-ref --format=%(refname)%00%(upstream:short)%00%(objectname)%00%(upstream:track)%00%(upstream:remotename)%00%(upstream:remoteref) refs/heads/main refs/remotes/main [10ms]
2025-01-11 04:22:57.559 [info] > git config --local branch.main.vscode-merge-base [4ms]
2025-01-11 04:22:57.572 [info] > git for-each-ref --format=%(refname)%00%(upstream:short)%00%(objectname)%00%(upstream:track)%00%(upstream:remotename)%00%(upstream:remoteref) refs/heads/origin/main refs/remotes/origin/main [8ms]
2025-01-11 04:23:04.908 [info] > git show --textconv :src/main.cpp [6ms]
2025-01-11 04:23:04.913 [info] > git ls-files --stage -- /home/hwlee4/ICS45C/HW0/src/main.cpp [6ms]
2025-01-11 04:23:05.146 [info] > git check-ignore -v -z --stdin [7ms]
2025-01-11 04:23:05.654 [info] > git config --get commit.template [7ms]
2025-01-11 04:23:05.664 [info] > git for-each-ref --format=%(refname)%00%(upstream:short)%00%(objectname)%00%(upstream:track)%00%(upstream:remotename)%00%(upstream:remoteref) refs/heads/main refs/remotes/main [12ms]
2025-01-11 04:23:05.668 [warning] ENOENT: no such file or directory, open '/home/hwlee4/ICS45C/HW0/.git/refs/remotes/origin/main'
2025-01-11 04:23:05.674 [info] > git rev-parse refs/remotes/origin/main [6ms]
2025-01-11 04:23:05.738 [info] > git status -z -uall [60ms]
2025-01-11 04:23:05.755 [info] > git for-each-ref --format=%(refname)%00%(upstream:short)%00%(objectname)%00%(upstream:track)%00%(upstream:remotename)%00%(upstream:remoteref) refs/heads/main refs/remotes/main [11ms]
2025-01-11 04:23:05.764 [info] > git config --local branch.main.vscode-merge-base [4ms]
2025-01-11 04:23:05.778 [info] > git for-each-ref --format=%(refname)%00%(upstream:short)%00%(objectname)%00%(upstream:track)%00%(upstream:remotename)%00%(upstream:remoteref) refs/heads/origin/main refs/remotes/origin/main [9ms]
2025-01-11 04:23:55.650 [info] > git show --textconv :Makefile [6ms]
2025-01-11 04:23:55.654 [info] > git ls-files --stage -- /home/hwlee4/ICS45C/HW0/Makefile [6ms]
2025-01-11 04:23:59.330 [info] > git show --textconv :src/main.cpp [5ms]
2025-01-11 04:23:59.335 [info] > git ls-files --stage -- /home/hwlee4/ICS45C/HW0/src/main.cpp [7ms]
2025-01-11 04:24:05.419 [info] > git show --textconv :gtest/hw_gtests.cpp [10ms]
2025-01-11 04:24:05.419 [info] > git ls-files --stage -- /home/hwlee4/ICS45C/HW0/gtest/hw_gtests.cpp [6ms]
2025-01-11 04:24:05.432 [info] > git cat-file -s 0c6bb04b009a11ec1f672f6c2c39cbd8731c0324 [9ms]
2025-01-11 04:26:09.958 [info] > git add -A -- . [95ms]
2025-01-11 04:26:10.448 [info] > git rev-parse --show-toplevel [6ms]
2025-01-11 04:26:10.448 [info] fatal: this operation must be run in a work tree
2025-01-11 04:27:47.891 [info] > git -c user.useConfigOnly=true commit --quiet [97927ms]
2025-01-11 04:27:47.906 [info] > git config --get commit.template [6ms]
2025-01-11 04:27:47.923 [info] > git for-each-ref --format=%(refname)%00%(upstream:short)%00%(objectname)%00%(upstream:track)%00%(upstream:remotename)%00%(upstream:remoteref) refs/heads/main refs/remotes/main [18ms]
2025-01-11 04:27:47.928 [warning] ENOENT: no such file or directory, open '/home/hwlee4/ICS45C/HW0/.git/refs/remotes/origin/main'
2025-01-11 04:27:47.933 [info] > git rev-parse refs/remotes/origin/main [5ms]
2025-01-11 04:27:47.961 [info] > git status -z -uall [24ms]
2025-01-11 04:27:47.986 [info] > git show --textconv :gtest/hw_gtests.cpp [31ms]
2025-01-11 04:27:47.986 [info] > git for-each-ref --format=%(refname)%00%(upstream:short)%00%(objectname)%00%(upstream:track)%00%(upstream:remotename)%00%(upstream:remoteref) refs/heads/main refs/remotes/main [20ms]
2025-01-11 04:27:47.993 [info] > git ls-files --stage -- /home/hwlee4/ICS45C/HW0/gtest/hw_gtests.cpp [35ms]
2025-01-11 04:27:48.000 [info] > git config --local branch.main.vscode-merge-base [8ms]
2025-01-11 04:27:48.006 [info] > git cat-file -s 0c6bb04b009a11ec1f672f6c2c39cbd8731c0324 [8ms]
2025-01-11 04:27:48.014 [info] > git for-each-ref --format=%(refname)%00%(upstream:short)%00%(objectname)%00%(upstream:track)%00%(upstream:remotename)%00%(upstream:remoteref) refs/heads/origin/main refs/remotes/origin/main [9ms]
2025-01-11 04:27:48.028 [info] > git merge-base refs/heads/main refs/remotes/origin/main [9ms]
2025-01-11 04:27:48.042 [info] > git rev-list --count --left-right refs/heads/main...refs/remotes/origin/main [9ms]
2025-01-11 04:27:48.055 [info] > git diff --name-status -z --diff-filter=ADMR 54d8f596ae8aea707bff32f9fefa096bc3c17c7b...refs/remotes/origin/main [8ms]
2025-01-11 04:27:48.220 [info] > git config --get commit.template [7ms]
2025-01-11 04:27:48.230 [info] > git for-each-ref --format=%(refname)%00%(upstream:short)%00%(objectname)%00%(upstream:track)%00%(upstream:remotename)%00%(upstream:remoteref) refs/heads/main refs/remotes/main [12ms]
2025-01-11 04:27:48.234 [warning] ENOENT: no such file or directory, open '/home/hwlee4/ICS45C/HW0/.git/refs/remotes/origin/main'
2025-01-11 04:27:48.235 [info] > git merge-base refs/heads/main refs/remotes/origin/main [9ms]
2025-01-11 04:27:48.240 [info] > git rev-parse refs/remotes/origin/main [6ms]
2025-01-11 04:27:48.248 [info] > git rev-list --count --left-right refs/heads/main...refs/remotes/origin/main [9ms]
2025-01-11 04:27:48.258 [info] > git status -z -uall [13ms]
2025-01-11 04:27:48.277 [info] > git for-each-ref --format=%(refname)%00%(upstream:short)%00%(objectname)%00%(upstream:track)%00%(upstream:remotename)%00%(upstream:remoteref) refs/heads/main refs/remotes/main [13ms]
2025-01-11 04:27:48.288 [info] > git config --local branch.main.vscode-merge-base [4ms]
2025-01-11 04:27:48.301 [info] > git for-each-ref --format=%(refname)%00%(upstream:short)%00%(objectname)%00%(upstream:track)%00%(upstream:remotename)%00%(upstream:remoteref) refs/heads/origin/main refs/remotes/origin/main [9ms]
2025-01-11 04:28:12.685 [info] > git log --oneline --cherry main...main@{upstream} -- [11ms]
2025-01-11 04:28:14.146 [info] > git pull --tags origin main [1455ms]
2025-01-11 04:28:14.146 [info] From github.com:klefstad-teaching/ics-45c-hw0-hhenrylee
 * branch            main       -> FETCH_HEAD
2025-01-11 04:28:15.622 [info] > git push origin main:main [1471ms]
2025-01-11 04:28:15.622 [info] To github.com:klefstad-teaching/ics-45c-hw0-hhenrylee.git
   54d8f59..bddd0b0  main -> main
2025-01-11 04:28:15.633 [info] > git config --get commit.template [6ms]
2025-01-11 04:28:15.646 [info] > git for-each-ref --format=%(refname)%00%(upstream:short)%00%(objectname)%00%(upstream:track)%00%(upstream:remotename)%00%(upstream:remoteref) refs/heads/main refs/remotes/main [14ms]
2025-01-11 04:28:15.666 [info] > git status -z -uall [15ms]
2025-01-11 04:28:15.682 [info] > git for-each-ref --format=%(refname)%00%(upstream:short)%00%(objectname)%00%(upstream:track)%00%(upstream:remotename)%00%(upstream:remoteref) refs/heads/main refs/remotes/main [11ms]
2025-01-11 04:28:15.691 [info] > git config --local branch.main.vscode-merge-base [5ms]
2025-01-11 04:28:15.706 [info] > git for-each-ref --format=%(refname)%00%(upstream:short)%00%(objectname)%00%(upstream:track)%00%(upstream:remotename)%00%(upstream:remoteref) refs/heads/origin/main refs/remotes/origin/main [10ms]
2025-01-11 04:28:15.720 [info] > git merge-base refs/heads/main refs/remotes/origin/main [9ms]
2025-01-11 04:28:15.735 [info] > git rev-list --count --left-right refs/heads/main...refs/remotes/origin/main [10ms]
2025-01-11 04:28:15.750 [info] > git diff --name-status -z --diff-filter=ADMR bddd0b0d0cfc38d0bcdb3142f43ffb36c1294495...refs/remotes/origin/main [11ms]
2025-01-11 04:28:16.405 [info] > git merge-base refs/heads/main refs/remotes/origin/main [10ms]
2025-01-11 04:28:16.419 [info] > git rev-list --count --left-right refs/heads/main...refs/remotes/origin/main [10ms]
2025-01-11 04:28:17.050 [info] > git ls-files --stage -- /home/hwlee4/ICS45C/HW0/gtest/hw_gtests.cpp [6ms]
2025-01-11 04:28:17.063 [info] > git cat-file -s 0c6bb04b009a11ec1f672f6c2c39cbd8731c0324 [8ms]
2025-01-11 04:28:17.093 [info] > git show --textconv :gtest/hw_gtests.cpp [10ms]
2025-01-11 04:28:17.401 [info] > git config --get commit.template [5ms]
2025-01-11 04:28:17.412 [info] > git for-each-ref --format=%(refname)%00%(upstream:short)%00%(objectname)%00%(upstream:track)%00%(upstream:remotename)%00%(upstream:remoteref) refs/heads/main refs/remotes/main [12ms]
2025-01-11 04:28:17.430 [info] > git status -z -uall [13ms]
2025-01-11 04:28:17.448 [info] > git for-each-ref --format=%(refname)%00%(upstream:short)%00%(objectname)%00%(upstream:track)%00%(upstream:remotename)%00%(upstream:remoteref) refs/heads/main refs/remotes/main [12ms]
2025-01-11 04:28:17.456 [info] > git config --local branch.main.vscode-merge-base [4ms]
2025-01-11 04:28:17.470 [info] > git for-each-ref --format=%(refname)%00%(upstream:short)%00%(objectname)%00%(upstream:track)%00%(upstream:remotename)%00%(upstream:remoteref) refs/heads/origin/main refs/remotes/origin/main [9ms]
