2025-10-09 01:09:01.476 [info] Extension host with pid 2132931 started
2025-10-09 01:09:01.493 [info] Lock '/home/hwlee4/.vscode-server/data/User/workspaceStorage/0684665360a1431657c5fb56316f6548/vscode.lock': Lock acquired.
2025-10-09 01:09:01.548 [info] ExtensionService#_doActivateExtension vscode.emmet, startup: false, activationEvent: 'onLanguage'
2025-10-09 01:09:01.871 [info] ExtensionService#_doActivateExtension vscode.git-base, startup: true, activationEvent: '*', root cause: vscode.git
2025-10-09 01:09:01.901 [info] ExtensionService#_doActivateExtension vscode.git, startup: true, activationEvent: '*'
2025-10-09 01:09:01.902 [info] ExtensionService#_doActivateExtension vscode.github, startup: true, activationEvent: '*'
2025-10-09 01:09:02.181 [info] Eager extensions activated
2025-10-09 01:09:02.182 [info] ExtensionService#_doActivateExtension vscode.debug-auto-launch, startup: false, activationEvent: 'onStartupFinished'
2025-10-09 01:09:02.182 [info] ExtensionService#_doActivateExtension vscode.merge-conflict, startup: false, activationEvent: 'onStartupFinished'
2025-10-09 01:09:03.625 [warning] [Decorations] CAPPING events from decorations provider vscode.git 2623
2025-10-09 01:09:04.297 [warning] [Decorations] CAPPING events from decorations provider vscode.git 2623
2025-10-09 01:09:09.502 [warning] [Decorations] CAPPING events from decorations provider vscode.git 2623
2025-10-09 01:09:14.929 [warning] [Decorations] CAPPING events from decorations provider vscode.git 2623
2025-10-09 01:09:20.353 [warning] [Decorations] CAPPING events from decorations provider vscode.git 2623
2025-10-09 01:09:25.792 [warning] [Decorations] CAPPING events from decorations provider vscode.git 2623
2025-10-09 01:09:31.232 [warning] [Decorations] CAPPING events from decorations provider vscode.git 2623
2025-10-09 01:09:36.709 [warning] [Decorations] CAPPING events from decorations provider vscode.git 2623
2025-10-09 01:09:42.156 [warning] [Decorations] CAPPING events from decorations provider vscode.git 2623
2025-10-09 01:09:47.602 [warning] [Decorations] CAPPING events from decorations provider vscode.git 2623
2025-10-09 01:09:53.043 [warning] [Decorations] CAPPING events from decorations provider vscode.git 2623
2025-10-09 01:09:58.490 [warning] [Decorations] CAPPING events from decorations provider vscode.git 2623
2025-10-09 01:10:03.910 [warning] [Decorations] CAPPING events from decorations provider vscode.git 2623
2025-10-09 01:10:09.351 [warning] [Decorations] CAPPING events from decorations provider vscode.git 2623
2025-10-09 01:10:14.782 [warning] [Decorations] CAPPING events from decorations provider vscode.git 2623
2025-10-09 01:10:20.215 [warning] [Decorations] CAPPING events from decorations provider vscode.git 2623
2025-10-09 01:10:25.624 [warning] [Decorations] CAPPING events from decorations provider vscode.git 2623
2025-10-09 01:10:31.048 [warning] [Decorations] CAPPING events from decorations provider vscode.git 2623
2025-10-09 01:10:36.451 [warning] [Decorations] CAPPING events from decorations provider vscode.git 2623
2025-10-09 01:10:41.898 [warning] [Decorations] CAPPING events from decorations provider vscode.git 2623
2025-10-09 01:10:47.524 [warning] [Decorations] CAPPING events from decorations provider vscode.git 2623
2025-10-09 01:10:52.960 [warning] [Decorations] CAPPING events from decorations provider vscode.git 2623
2025-10-09 01:10:53.040 [info] ExtensionService#_doActivateExtension vscode.npm, startup: false, activationEvent: 'onTerminalQuickFixRequest:ms-vscode.npm-command'
2025-10-09 01:10:58.428 [warning] [Decorations] CAPPING events from decorations provider vscode.git 2623
2025-10-09 01:11:03.840 [warning] [Decorations] CAPPING events from decorations provider vscode.git 2623
2025-10-09 01:11:09.271 [warning] [Decorations] CAPPING events from decorations provider vscode.git 2623
2025-10-09 01:11:14.720 [warning] [Decorations] CAPPING events from decorations provider vscode.git 2623
2025-10-09 01:11:20.146 [warning] [Decorations] CAPPING events from decorations provider vscode.git 2623
2025-10-09 01:11:25.576 [warning] [Decorations] CAPPING events from decorations provider vscode.git 2623
2025-10-09 01:11:31.000 [warning] [Decorations] CAPPING events from decorations provider vscode.git 2623
2025-10-09 01:11:36.455 [warning] [Decorations] CAPPING events from decorations provider vscode.git 2623
2025-10-09 01:11:41.925 [warning] [Decorations] CAPPING events from decorations provider vscode.git 2623
2025-10-09 01:11:47.499 [warning] [Decorations] CAPPING events from decorations provider vscode.git 2623
2025-10-09 01:11:52.951 [warning] [Decorations] CAPPING events from decorations provider vscode.git 2623
2025-10-09 01:11:58.400 [warning] [Decorations] CAPPING events from decorations provider vscode.git 2623
2025-10-09 01:12:03.830 [warning] [Decorations] CAPPING events from decorations provider vscode.git 2623
2025-10-09 01:12:09.251 [warning] [Decorations] CAPPING events from decorations provider vscode.git 2623
2025-10-09 01:12:14.662 [warning] [Decorations] CAPPING events from decorations provider vscode.git 2624
2025-10-09 01:12:20.060 [warning] [Decorations] CAPPING events from decorations provider vscode.git 2625
2025-10-09 01:12:25.498 [warning] [Decorations] CAPPING events from decorations provider vscode.git 2625
2025-10-09 01:13:31.341 [warning] [Decorations] CAPPING events from decorations provider vscode.git 2625
2025-10-09 01:13:36.760 [warning] [Decorations] CAPPING events from decorations provider vscode.git 2625
2025-10-09 01:13:42.162 [warning] [Decorations] CAPPING events from decorations provider vscode.git 2625
2025-10-09 01:13:47.578 [warning] [Decorations] CAPPING events from decorations provider vscode.git 2625
2025-10-09 01:13:53.012 [warning] [Decorations] CAPPING events from decorations provider vscode.git 2625
2025-10-09 01:13:58.436 [warning] [Decorations] CAPPING events from decorations provider vscode.git 2625
2025-10-09 01:14:03.858 [warning] [Decorations] CAPPING events from decorations provider vscode.git 2625
2025-10-09 01:14:09.284 [warning] [Decorations] CAPPING events from decorations provider vscode.git 2625
2025-10-09 01:14:14.694 [warning] [Decorations] CAPPING events from decorations provider vscode.git 2625
2025-10-09 01:14:20.086 [warning] [Decorations] CAPPING events from decorations provider vscode.git 2625
2025-10-09 01:14:25.518 [warning] [Decorations] CAPPING events from decorations provider vscode.git 2625
2025-10-09 01:14:30.941 [warning] [Decorations] CAPPING events from decorations provider vscode.git 2626
2025-10-09 01:14:36.393 [warning] [Decorations] CAPPING events from decorations provider vscode.git 2626
2025-10-09 01:20:42.904 [warning] [Decorations] CAPPING events from decorations provider vscode.git 2626
2025-10-09 01:20:48.323 [warning] [Decorations] CAPPING events from decorations provider vscode.git 2626
2025-10-09 01:20:53.734 [warning] [Decorations] CAPPING events from decorations provider vscode.git 2626
2025-10-09 01:24:20.603 [warning] [Decorations] CAPPING events from decorations provider vscode.git 2626
2025-10-09 01:24:26.008 [warning] [Decorations] CAPPING events from decorations provider vscode.git 2626
2025-10-09 01:24:31.451 [warning] [Decorations] CAPPING events from decorations provider vscode.git 2626
2025-10-09 01:30:32.117 [warning] [Decorations] CAPPING events from decorations provider vscode.git 2632
2025-10-09 01:30:37.534 [warning] [Decorations] CAPPING events from decorations provider vscode.git 2627
2025-10-09 01:30:42.960 [warning] [Decorations] CAPPING events from decorations provider vscode.git 2628
2025-10-09 01:30:48.391 [warning] [Decorations] CAPPING events from decorations provider vscode.git 2628
2025-10-09 01:30:53.810 [warning] [Decorations] CAPPING events from decorations provider vscode.git 2628
2025-10-09 01:30:59.238 [warning] [Decorations] CAPPING events from decorations provider vscode.git 2628
2025-10-09 01:31:04.664 [warning] [Decorations] CAPPING events from decorations provider vscode.git 2628
2025-10-09 01:31:10.094 [warning] [Decorations] CAPPING events from decorations provider vscode.git 2628
2025-10-09 01:31:15.519 [warning] [Decorations] CAPPING events from decorations provider vscode.git 2628
2025-10-09 01:31:20.944 [warning] [Decorations] CAPPING events from decorations provider vscode.git 2628
2025-10-09 01:31:26.364 [warning] [Decorations] CAPPING events from decorations provider vscode.git 2628
2025-10-09 01:31:31.794 [warning] [Decorations] CAPPING events from decorations provider vscode.git 2628
2025-10-09 01:31:37.233 [warning] [Decorations] CAPPING events from decorations provider vscode.git 2628
2025-10-09 01:31:42.634 [warning] [Decorations] CAPPING events from decorations provider vscode.git 2628
2025-10-09 01:31:48.061 [warning] [Decorations] CAPPING events from decorations provider vscode.git 2628
2025-10-09 01:31:53.496 [warning] [Decorations] CAPPING events from decorations provider vscode.git 2628
2025-10-09 01:31:58.929 [warning] [Decorations] CAPPING events from decorations provider vscode.git 2628
2025-10-09 01:32:04.364 [warning] [Decorations] CAPPING events from decorations provider vscode.git 2628
2025-10-09 01:32:09.796 [warning] [Decorations] CAPPING events from decorations provider vscode.git 2628
2025-10-09 01:32:15.221 [warning] [Decorations] CAPPING events from decorations provider vscode.git 2628
2025-10-09 01:32:20.658 [warning] [Decorations] CAPPING events from decorations provider vscode.git 2628
2025-10-09 01:33:08.443 [warning] [Decorations] CAPPING events from decorations provider vscode.git 2628
2025-10-09 01:33:16.425 [warning] [Decorations] CAPPING events from decorations provider vscode.git 2628
2025-10-09 01:33:21.847 [warning] [Decorations] CAPPING events from decorations provider vscode.git 2628
2025-10-09 01:33:27.271 [warning] [Decorations] CAPPING events from decorations provider vscode.git 2628
2025-10-09 01:33:32.695 [warning] [Decorations] CAPPING events from decorations provider vscode.git 2628
2025-10-09 01:33:38.126 [warning] [Decorations] CAPPING events from decorations provider vscode.git 2628
2025-10-09 01:33:43.557 [warning] [Decorations] CAPPING events from decorations provider vscode.git 2628
2025-10-09 01:33:48.983 [warning] [Decorations] CAPPING events from decorations provider vscode.git 2628
2025-10-09 01:33:54.418 [warning] [Decorations] CAPPING events from decorations provider vscode.git 2628
2025-10-09 01:33:59.851 [warning] [Decorations] CAPPING events from decorations provider vscode.git 2628
2025-10-09 01:34:05.273 [warning] [Decorations] CAPPING events from decorations provider vscode.git 2628
2025-10-09 01:34:10.722 [warning] [Decorations] CAPPING events from decorations provider vscode.git 2628
2025-10-09 01:34:16.141 [warning] [Decorations] CAPPING events from decorations provider vscode.git 2628
2025-10-09 01:34:21.569 [warning] [Decorations] CAPPING events from decorations provider vscode.git 2628
2025-10-09 01:34:26.993 [warning] [Decorations] CAPPING events from decorations provider vscode.git 2628
2025-10-09 01:34:32.420 [warning] [Decorations] CAPPING events from decorations provider vscode.git 2628
2025-10-09 01:34:37.843 [warning] [Decorations] CAPPING events from decorations provider vscode.git 2628
2025-10-09 01:34:43.260 [warning] [Decorations] CAPPING events from decorations provider vscode.git 2628
2025-10-09 01:34:48.696 [warning] [Decorations] CAPPING events from decorations provider vscode.git 2628
2025-10-09 01:34:54.124 [warning] [Decorations] CAPPING events from decorations provider vscode.git 2628
2025-10-09 01:34:59.560 [warning] [Decorations] CAPPING events from decorations provider vscode.git 2628
2025-10-09 01:35:04.993 [warning] [Decorations] CAPPING events from decorations provider vscode.git 2628
2025-10-09 01:35:10.414 [warning] [Decorations] CAPPING events from decorations provider vscode.git 2628
2025-10-09 01:35:15.863 [warning] [Decorations] CAPPING events from decorations provider vscode.git 2628
2025-10-09 01:35:21.299 [warning] [Decorations] CAPPING events from decorations provider vscode.git 2628
2025-10-09 01:35:26.724 [warning] [Decorations] CAPPING events from decorations provider vscode.git 2628
2025-10-09 01:35:32.152 [warning] [Decorations] CAPPING events from decorations provider vscode.git 2628
2025-10-09 01:39:02.900 [warning] [Decorations] CAPPING events from decorations provider vscode.git 2628
2025-10-09 01:39:08.320 [warning] [Decorations] CAPPING events from decorations provider vscode.git 2628
2025-10-09 01:39:13.747 [warning] [Decorations] CAPPING events from decorations provider vscode.git 2628
2025-10-09 01:39:19.155 [warning] [Decorations] CAPPING events from decorations provider vscode.git 2628
2025-10-09 01:39:24.581 [warning] [Decorations] CAPPING events from decorations provider vscode.git 2628
2025-10-09 01:39:29.988 [warning] [Decorations] CAPPING events from decorations provider vscode.git 2628
2025-10-09 01:39:35.384 [warning] [Decorations] CAPPING events from decorations provider vscode.git 2628
2025-10-09 01:39:40.811 [warning] [Decorations] CAPPING events from decorations provider vscode.git 2628
2025-10-09 01:39:46.245 [warning] [Decorations] CAPPING events from decorations provider vscode.git 2628
2025-10-09 01:39:51.661 [warning] [Decorations] CAPPING events from decorations provider vscode.git 2628
2025-10-09 01:39:57.068 [warning] [Decorations] CAPPING events from decorations provider vscode.git 2628
2025-10-09 01:40:02.482 [warning] [Decorations] CAPPING events from decorations provider vscode.git 2628
2025-10-09 01:40:07.913 [warning] [Decorations] CAPPING events from decorations provider vscode.git 2628
2025-10-09 01:40:25.452 [warning] [Decorations] CAPPING events from decorations provider vscode.git 2628
2025-10-09 01:40:30.853 [warning] [Decorations] CAPPING events from decorations provider vscode.git 2628
2025-10-09 01:40:36.266 [warning] [Decorations] CAPPING events from decorations provider vscode.git 2628
2025-10-09 01:40:41.690 [warning] [Decorations] CAPPING events from decorations provider vscode.git 2628
2025-10-09 01:40:47.130 [warning] [Decorations] CAPPING events from decorations provider vscode.git 2628
2025-10-09 01:40:52.531 [warning] [Decorations] CAPPING events from decorations provider vscode.git 2628
2025-10-09 01:40:57.935 [warning] [Decorations] CAPPING events from decorations provider vscode.git 2628
2025-10-09 01:41:03.334 [warning] [Decorations] CAPPING events from decorations provider vscode.git 2628
2025-10-09 01:41:08.766 [warning] [Decorations] CAPPING events from decorations provider vscode.git 2628
2025-10-09 01:41:14.192 [warning] [Decorations] CAPPING events from decorations provider vscode.git 2628
2025-10-09 01:41:19.637 [warning] [Decorations] CAPPING events from decorations provider vscode.git 2628
2025-10-09 01:41:25.067 [warning] [Decorations] CAPPING events from decorations provider vscode.git 2628
2025-10-09 01:41:30.491 [warning] [Decorations] CAPPING events from decorations provider vscode.git 2628
2025-10-09 01:41:35.924 [warning] [Decorations] CAPPING events from decorations provider vscode.git 2628
2025-10-09 01:41:41.336 [warning] [Decorations] CAPPING events from decorations provider vscode.git 2628
2025-10-09 01:41:46.736 [warning] [Decorations] CAPPING events from decorations provider vscode.git 2628
2025-10-09 01:41:52.146 [warning] [Decorations] CAPPING events from decorations provider vscode.git 2628
2025-10-09 01:42:01.048 [warning] [Decorations] CAPPING events from decorations provider vscode.git 2628
2025-10-09 01:42:06.475 [warning] [Decorations] CAPPING events from decorations provider vscode.git 2628
2025-10-09 01:42:11.936 [warning] [Decorations] CAPPING events from decorations provider vscode.git 2628
2025-10-09 01:42:17.376 [warning] [Decorations] CAPPING events from decorations provider vscode.git 2628
2025-10-09 01:42:22.804 [warning] [Decorations] CAPPING events from decorations provider vscode.git 2628
2025-10-09 01:42:28.236 [warning] [Decorations] CAPPING events from decorations provider vscode.git 2628
2025-10-09 01:42:33.662 [warning] [Decorations] CAPPING events from decorations provider vscode.git 2628
2025-10-09 01:42:39.088 [warning] [Decorations] CAPPING events from decorations provider vscode.git 2628
2025-10-09 01:42:44.494 [warning] [Decorations] CAPPING events from decorations provider vscode.git 2630
2025-10-09 01:42:49.918 [warning] [Decorations] CAPPING events from decorations provider vscode.git 2630
2025-10-09 01:42:55.348 [warning] [Decorations] CAPPING events from decorations provider vscode.git 2630
2025-10-09 01:43:04.080 [warning] [Decorations] CAPPING events from decorations provider vscode.git 2630
2025-10-09 01:43:09.473 [warning] [Decorations] CAPPING events from decorations provider vscode.git 2630
2025-10-09 01:43:14.921 [warning] [Decorations] CAPPING events from decorations provider vscode.git 2630
2025-10-09 01:43:20.339 [warning] [Decorations] CAPPING events from decorations provider vscode.git 2630
2025-10-09 01:43:29.389 [warning] [Decorations] CAPPING events from decorations provider vscode.git 2630
2025-10-09 01:43:34.829 [warning] [Decorations] CAPPING events from decorations provider vscode.git 2630
2025-10-09 01:43:40.248 [warning] [Decorations] CAPPING events from decorations provider vscode.git 2630
2025-10-09 01:43:45.672 [warning] [Decorations] CAPPING events from decorations provider vscode.git 2631
2025-10-09 01:43:51.100 [warning] [Decorations] CAPPING events from decorations provider vscode.git 2631
2025-10-09 01:43:56.535 [warning] [Decorations] CAPPING events from decorations provider vscode.git 2631
2025-10-09 01:44:01.974 [warning] [Decorations] CAPPING events from decorations provider vscode.git 2631
2025-10-09 01:44:07.426 [warning] [Decorations] CAPPING events from decorations provider vscode.git 2631
2025-10-09 01:44:12.841 [warning] [Decorations] CAPPING events from decorations provider vscode.git 2631
2025-10-09 01:44:18.260 [warning] [Decorations] CAPPING events from decorations provider vscode.git 2631
2025-10-09 01:44:23.712 [warning] [Decorations] CAPPING events from decorations provider vscode.git 2631
2025-10-09 01:44:29.152 [warning] [Decorations] CAPPING events from decorations provider vscode.git 2632
2025-10-09 01:44:34.557 [warning] [Decorations] CAPPING events from decorations provider vscode.git 2632
2025-10-09 01:44:39.969 [warning] [Decorations] CAPPING events from decorations provider vscode.git 2632
2025-10-09 01:44:45.373 [warning] [Decorations] CAPPING events from decorations provider vscode.git 2632
2025-10-09 01:44:50.785 [warning] [Decorations] CAPPING events from decorations provider vscode.git 2632
2025-10-09 01:45:47.905 [warning] [Decorations] CAPPING events from decorations provider vscode.git 2632
2025-10-09 01:46:07.720 [warning] [Decorations] CAPPING events from decorations provider vscode.git 2632
2025-10-09 01:46:13.154 [warning] [Decorations] CAPPING events from decorations provider vscode.git 2632
2025-10-09 01:46:18.582 [warning] [Decorations] CAPPING events from decorations provider vscode.git 2632
2025-10-09 01:46:24.016 [warning] [Decorations] CAPPING events from decorations provider vscode.git 2632
2025-10-09 01:46:30.849 [warning] [Decorations] CAPPING events from decorations provider vscode.git 2632
2025-10-09 01:46:36.592 [warning] [Decorations] CAPPING events from decorations provider vscode.git 2632
2025-10-09 01:46:46.716 [warning] [Decorations] CAPPING events from decorations provider vscode.git 2632
2025-10-09 01:46:52.172 [warning] [Decorations] CAPPING events from decorations provider vscode.git 2632
2025-10-09 01:46:57.605 [warning] [Decorations] CAPPING events from decorations provider vscode.git 2632
2025-10-09 01:47:17.225 [warning] [Decorations] CAPPING events from decorations provider vscode.git 2632
2025-10-09 01:47:22.659 [warning] [Decorations] CAPPING events from decorations provider vscode.git 2632
2025-10-09 01:47:30.917 [warning] [Decorations] CAPPING events from decorations provider vscode.git 2632
2025-10-09 01:47:37.563 [warning] [Decorations] CAPPING events from decorations provider vscode.git 2632
2025-10-09 01:47:43.187 [warning] [Decorations] CAPPING events from decorations provider vscode.git 2632
2025-10-09 01:47:48.607 [warning] [Decorations] CAPPING events from decorations provider vscode.git 2632
2025-10-09 01:47:54.047 [warning] [Decorations] CAPPING events from decorations provider vscode.git 2632
2025-10-09 01:48:06.714 [warning] [Decorations] CAPPING events from decorations provider vscode.git 2632
2025-10-09 01:49:05.594 [warning] [Decorations] CAPPING events from decorations provider vscode.git 2632
2025-10-09 01:49:11.022 [warning] [Decorations] CAPPING events from decorations provider vscode.git 2632
2025-10-09 01:49:16.459 [warning] [Decorations] CAPPING events from decorations provider vscode.git 2632
2025-10-09 01:49:36.548 [warning] [Decorations] CAPPING events from decorations provider vscode.git 2632
2025-10-09 01:49:41.963 [warning] [Decorations] CAPPING events from decorations provider vscode.git 2632
2025-10-09 01:49:48.448 [warning] [Decorations] CAPPING events from decorations provider vscode.git 2632
2025-10-09 01:54:17.187 [warning] [Decorations] CAPPING events from decorations provider vscode.git 2632
2025-10-09 01:54:22.621 [warning] [Decorations] CAPPING events from decorations provider vscode.git 2633
2025-10-09 01:54:33.779 [warning] [Decorations] CAPPING events from decorations provider vscode.git 2633
2025-10-09 01:54:43.774 [warning] [Decorations] CAPPING events from decorations provider vscode.git 2633
2025-10-09 01:54:51.419 [warning] [Decorations] CAPPING events from decorations provider vscode.git 2633
2025-10-09 01:54:56.828 [warning] [Decorations] CAPPING events from decorations provider vscode.git 2633
2025-10-09 01:55:05.068 [warning] [Decorations] CAPPING events from decorations provider vscode.git 2633
2025-10-09 01:55:10.501 [warning] [Decorations] CAPPING events from decorations provider vscode.git 2633
2025-10-09 01:55:15.926 [warning] [Decorations] CAPPING events from decorations provider vscode.git 2633
2025-10-09 01:55:21.364 [warning] [Decorations] CAPPING events from decorations provider vscode.git 2633
2025-10-09 01:55:26.767 [warning] [Decorations] CAPPING events from decorations provider vscode.git 2633
2025-10-09 01:55:32.187 [warning] [Decorations] CAPPING events from decorations provider vscode.git 2633
2025-10-09 01:55:37.598 [warning] [Decorations] CAPPING events from decorations provider vscode.git 2633
2025-10-09 01:55:46.254 [warning] [Decorations] CAPPING events from decorations provider vscode.git 2633
2025-10-09 01:55:51.655 [warning] [Decorations] CAPPING events from decorations provider vscode.git 2633
2025-10-09 01:55:57.067 [warning] [Decorations] CAPPING events from decorations provider vscode.git 2633
2025-10-09 01:56:02.465 [warning] [Decorations] CAPPING events from decorations provider vscode.git 2633
2025-10-09 01:56:07.893 [warning] [Decorations] CAPPING events from decorations provider vscode.git 2633
2025-10-09 01:56:13.300 [warning] [Decorations] CAPPING events from decorations provider vscode.git 2633
2025-10-09 01:56:18.702 [warning] [Decorations] CAPPING events from decorations provider vscode.git 2633
2025-10-09 01:56:27.027 [warning] [Decorations] CAPPING events from decorations provider vscode.git 2633
2025-10-09 01:56:32.435 [warning] [Decorations] CAPPING events from decorations provider vscode.git 2633
2025-10-09 01:56:37.852 [warning] [Decorations] CAPPING events from decorations provider vscode.git 2633
2025-10-09 01:56:43.260 [warning] [Decorations] CAPPING events from decorations provider vscode.git 2633
2025-10-09 01:56:52.767 [warning] [Decorations] CAPPING events from decorations provider vscode.git 2633
2025-10-09 01:56:58.203 [warning] [Decorations] CAPPING events from decorations provider vscode.git 2633
2025-10-09 01:57:03.641 [warning] [Decorations] CAPPING events from decorations provider vscode.git 2633
2025-10-09 01:57:09.062 [warning] [Decorations] CAPPING events from decorations provider vscode.git 2633
2025-10-09 01:57:14.483 [warning] [Decorations] CAPPING events from decorations provider vscode.git 2634
2025-10-09 01:57:31.069 [warning] [Decorations] CAPPING events from decorations provider vscode.git 2634
2025-10-09 01:57:36.493 [warning] [Decorations] CAPPING events from decorations provider vscode.git 2634
2025-10-09 01:57:41.939 [warning] [Decorations] CAPPING events from decorations provider vscode.git 2634
2025-10-09 01:57:47.367 [warning] [Decorations] CAPPING events from decorations provider vscode.git 2634
2025-10-09 01:57:52.790 [warning] [Decorations] CAPPING events from decorations provider vscode.git 2634
2025-10-09 01:57:58.220 [warning] [Decorations] CAPPING events from decorations provider vscode.git 2634
2025-10-09 01:58:03.646 [warning] [Decorations] CAPPING events from decorations provider vscode.git 2634
2025-10-09 01:58:09.070 [warning] [Decorations] CAPPING events from decorations provider vscode.git 2634
2025-10-09 01:58:14.497 [warning] [Decorations] CAPPING events from decorations provider vscode.git 2634
2025-10-09 01:58:19.924 [warning] [Decorations] CAPPING events from decorations provider vscode.git 2634
2025-10-09 01:58:25.355 [warning] [Decorations] CAPPING events from decorations provider vscode.git 2634
2025-10-09 01:58:30.791 [warning] [Decorations] CAPPING events from decorations provider vscode.git 2634
2025-10-09 01:58:36.268 [warning] [Decorations] CAPPING events from decorations provider vscode.git 2634
2025-10-09 01:58:41.694 [warning] [Decorations] CAPPING events from decorations provider vscode.git 2634
2025-10-09 01:58:47.096 [warning] [Decorations] CAPPING events from decorations provider vscode.git 2634
2025-10-09 01:58:52.480 [warning] [Decorations] CAPPING events from decorations provider vscode.git 2634
2025-10-09 01:58:57.889 [warning] [Decorations] CAPPING events from decorations provider vscode.git 2634
2025-10-09 01:59:03.307 [warning] [Decorations] CAPPING events from decorations provider vscode.git 2634
2025-10-09 01:59:08.721 [warning] [Decorations] CAPPING events from decorations provider vscode.git 2634
2025-10-09 01:59:14.138 [warning] [Decorations] CAPPING events from decorations provider vscode.git 2634
2025-10-09 01:59:19.550 [warning] [Decorations] CAPPING events from decorations provider vscode.git 2634
2025-10-09 01:59:24.974 [warning] [Decorations] CAPPING events from decorations provider vscode.git 2634
2025-10-09 01:59:30.408 [warning] [Decorations] CAPPING events from decorations provider vscode.git 2634
2025-10-09 01:59:35.840 [warning] [Decorations] CAPPING events from decorations provider vscode.git 2634
2025-10-09 01:59:41.302 [warning] [Decorations] CAPPING events from decorations provider vscode.git 2634
2025-10-09 01:59:46.729 [warning] [Decorations] CAPPING events from decorations provider vscode.git 2636
2025-10-09 02:00:56.594 [warning] [Decorations] CAPPING events from decorations provider vscode.git 2638
2025-10-09 02:01:02.006 [warning] [Decorations] CAPPING events from decorations provider vscode.git 2638
2025-10-09 02:06:06.285 [warning] [Decorations] CAPPING events from decorations provider vscode.git 2638
2025-10-09 02:06:41.291 [warning] [Decorations] CAPPING events from decorations provider vscode.git 2638
2025-10-09 02:08:07.691 [warning] [Decorations] CAPPING events from decorations provider vscode.git 2638
2025-10-09 02:13:31.762 [warning] [Decorations] CAPPING events from decorations provider vscode.git 2638
2025-10-09 05:14:33.789 [info] Extension host terminating: renderer disconnected for too long (1)
2025-10-09 05:14:33.790 [info] Lock '/home/hwlee4/.vscode-server/data/User/workspaceStorage/0684665360a1431657c5fb56316f6548/vscode.lock': Marking the lockfile as scheduled to be released in 6000 ms.
2025-10-09 05:14:33.827 [error] Canceled: Canceled
	at new m (/home/hwlee4/.vscode-server/bin/e7e037083ff4455cf320e344325dacb480062c3c/out/vs/workbench/api/node/extensionHostProcess.js:126:57216)
	at i.U (/home/hwlee4/.vscode-server/bin/e7e037083ff4455cf320e344325dacb480062c3c/out/vs/workbench/api/node/extensionHostProcess.js:135:10864)
	at M.<computed>.j.charCodeAt.M.<computed> (/home/hwlee4/.vscode-server/bin/e7e037083ff4455cf320e344325dacb480062c3c/out/vs/workbench/api/node/extensionHostProcess.js:135:8315)
	at n.g (/home/hwlee4/.vscode-server/bin/e7e037083ff4455cf320e344325dacb480062c3c/out/vs/workbench/api/node/extensionHostProcess.js:126:83747)
	at n.executeCommand (/home/hwlee4/.vscode-server/bin/e7e037083ff4455cf320e344325dacb480062c3c/out/vs/workbench/api/node/extensionHostProcess.js:126:83185)
	at b.registerCommand.description (/home/hwlee4/.vscode-server/bin/e7e037083ff4455cf320e344325dacb480062c3c/out/vs/workbench/api/node/extensionHostProcess.js:126:82506)
	at n.h (/home/hwlee4/.vscode-server/bin/e7e037083ff4455cf320e344325dacb480062c3c/out/vs/workbench/api/node/extensionHostProcess.js:126:84283)
	at n.g (/home/hwlee4/.vscode-server/bin/e7e037083ff4455cf320e344325dacb480062c3c/out/vs/workbench/api/node/extensionHostProcess.js:126:83278)
	at n.executeCommand (/home/hwlee4/.vscode-server/bin/e7e037083ff4455cf320e344325dacb480062c3c/out/vs/workbench/api/node/extensionHostProcess.js:126:83185)
	at Object.executeCommand (/home/hwlee4/.vscode-server/bin/e7e037083ff4455cf320e344325dacb480062c3c/out/vs/workbench/api/node/extensionHostProcess.js:141:21282)
	at s.D [as value] (/home/hwlee4/.vscode-server/bin/e7e037083ff4455cf320e344325dacb480062c3c/extensions/git/dist/main.js:2:1312800)
	at c.z (/home/hwlee4/.vscode-server/bin/e7e037083ff4455cf320e344325dacb480062c3c/out/vs/workbench/api/node/extensionHostProcess.js:80:1902)
	at c.A (/home/hwlee4/.vscode-server/bin/e7e037083ff4455cf320e344325dacb480062c3c/out/vs/workbench/api/node/extensionHostProcess.js:80:1972)
	at c.fire (/home/hwlee4/.vscode-server/bin/e7e037083ff4455cf320e344325dacb480062c3c/out/vs/workbench/api/node/extensionHostProcess.js:80:2188)
	at Object.m [as dispose] (/home/hwlee4/.vscode-server/bin/e7e037083ff4455cf320e344325dacb480062c3c/extensions/git/dist/main.js:2:1328588)
	at /home/hwlee4/.vscode-server/bin/e7e037083ff4455cf320e344325dacb480062c3c/extensions/git/dist/main.js:2:1333429
	at Array.forEach (<anonymous>)
	at g.dispose (/home/hwlee4/.vscode-server/bin/e7e037083ff4455cf320e344325dacb480062c3c/extensions/git/dist/main.js:2:1333415)
	at w.<anonymous> (/home/hwlee4/.vscode-server/bin/e7e037083ff4455cf320e344325dacb480062c3c/out/vs/workbench/api/node/extensionHostProcess.js:122:3521)
	at w.dispose (/home/hwlee4/.vscode-server/bin/e7e037083ff4455cf320e344325dacb480062c3c/out/vs/workbench/api/node/extensionHostProcess.js:122:3618)
	at w.<anonymous> (/home/hwlee4/.vscode-server/bin/e7e037083ff4455cf320e344325dacb480062c3c/extensions/git/dist/main.js:2:1314812)
	at w.dispose (/home/hwlee4/.vscode-server/bin/e7e037083ff4455cf320e344325dacb480062c3c/out/vs/workbench/api/node/extensionHostProcess.js:122:3618)
	at o (/home/hwlee4/.vscode-server/bin/e7e037083ff4455cf320e344325dacb480062c3c/out/vs/workbench/api/node/extensionHostProcess.js:30:754)
	at s.cb (/home/hwlee4/.vscode-server/bin/e7e037083ff4455cf320e344325dacb480062c3c/out/vs/workbench/api/node/extensionHostProcess.js:137:9846)
	at /home/hwlee4/.vscode-server/bin/e7e037083ff4455cf320e344325dacb480062c3c/out/vs/workbench/api/node/extensionHostProcess.js:137:7796
	at Array.map (<anonymous>)
	at s.Y (/home/hwlee4/.vscode-server/bin/e7e037083ff4455cf320e344325dacb480062c3c/out/vs/workbench/api/node/extensionHostProcess.js:137:7784)
	at s.terminate (/home/hwlee4/.vscode-server/bin/e7e037083ff4455cf320e344325dacb480062c3c/out/vs/workbench/api/node/extensionHostProcess.js:137:8054)
	at o.terminate (/home/hwlee4/.vscode-server/bin/e7e037083ff4455cf320e344325dacb480062c3c/out/vs/workbench/api/node/extensionHostProcess.js:141:1513)
	at l (/home/hwlee4/.vscode-server/bin/e7e037083ff4455cf320e344325dacb480062c3c/out/vs/workbench/api/node/extensionHostProcess.js:154:9801)
	at j.a (/home/hwlee4/.vscode-server/bin/e7e037083ff4455cf320e344325dacb480062c3c/out/vs/workbench/api/node/extensionHostProcess.js:154:6531)
	at j.h (/home/hwlee4/.vscode-server/bin/e7e037083ff4455cf320e344325dacb480062c3c/out/vs/workbench/api/node/extensionHostProcess.js:90:19695)
	at listOnTimeout (node:internal/timers:569:17)
	at process.processTimers (node:internal/timers:512:7) setContext undefined
2025-10-09 05:14:33.827 [error] Canceled: Canceled
	at new m (/home/hwlee4/.vscode-server/bin/e7e037083ff4455cf320e344325dacb480062c3c/out/vs/workbench/api/node/extensionHostProcess.js:126:57216)
	at i.U (/home/hwlee4/.vscode-server/bin/e7e037083ff4455cf320e344325dacb480062c3c/out/vs/workbench/api/node/extensionHostProcess.js:135:10864)
	at M.<computed>.j.charCodeAt.M.<computed> (/home/hwlee4/.vscode-server/bin/e7e037083ff4455cf320e344325dacb480062c3c/out/vs/workbench/api/node/extensionHostProcess.js:135:8315)
	at n.g (/home/hwlee4/.vscode-server/bin/e7e037083ff4455cf320e344325dacb480062c3c/out/vs/workbench/api/node/extensionHostProcess.js:126:83747)
	at n.executeCommand (/home/hwlee4/.vscode-server/bin/e7e037083ff4455cf320e344325dacb480062c3c/out/vs/workbench/api/node/extensionHostProcess.js:126:83185)
	at b.registerCommand.description (/home/hwlee4/.vscode-server/bin/e7e037083ff4455cf320e344325dacb480062c3c/out/vs/workbench/api/node/extensionHostProcess.js:126:82506)
	at n.h (/home/hwlee4/.vscode-server/bin/e7e037083ff4455cf320e344325dacb480062c3c/out/vs/workbench/api/node/extensionHostProcess.js:126:84283)
	at n.g (/home/hwlee4/.vscode-server/bin/e7e037083ff4455cf320e344325dacb480062c3c/out/vs/workbench/api/node/extensionHostProcess.js:126:83278)
	at n.executeCommand (/home/hwlee4/.vscode-server/bin/e7e037083ff4455cf320e344325dacb480062c3c/out/vs/workbench/api/node/extensionHostProcess.js:126:83185)
	at Object.executeCommand (/home/hwlee4/.vscode-server/bin/e7e037083ff4455cf320e344325dacb480062c3c/out/vs/workbench/api/node/extensionHostProcess.js:141:21282)
	at set b [as b] (/home/hwlee4/.vscode-server/bin/e7e037083ff4455cf320e344325dacb480062c3c/extensions/github/dist/extension.js:2:714415)
	at /home/hwlee4/.vscode-server/bin/e7e037083ff4455cf320e344325dacb480062c3c/extensions/github/dist/extension.js:2:715056
	at s.value (/home/hwlee4/.vscode-server/bin/e7e037083ff4455cf320e344325dacb480062c3c/extensions/git/dist/main.js:2:1402040)
	at c.z (/home/hwlee4/.vscode-server/bin/e7e037083ff4455cf320e344325dacb480062c3c/out/vs/workbench/api/node/extensionHostProcess.js:80:1902)
	at c.A (/home/hwlee4/.vscode-server/bin/e7e037083ff4455cf320e344325dacb480062c3c/out/vs/workbench/api/node/extensionHostProcess.js:80:1972)
	at c.fire (/home/hwlee4/.vscode-server/bin/e7e037083ff4455cf320e344325dacb480062c3c/out/vs/workbench/api/node/extensionHostProcess.js:80:2188)
	at Object.m [as dispose] (/home/hwlee4/.vscode-server/bin/e7e037083ff4455cf320e344325dacb480062c3c/extensions/git/dist/main.js:2:1328588)
	at /home/hwlee4/.vscode-server/bin/e7e037083ff4455cf320e344325dacb480062c3c/extensions/git/dist/main.js:2:1333429
	at Array.forEach (<anonymous>)
	at g.dispose (/home/hwlee4/.vscode-server/bin/e7e037083ff4455cf320e344325dacb480062c3c/extensions/git/dist/main.js:2:1333415)
	at w.<anonymous> (/home/hwlee4/.vscode-server/bin/e7e037083ff4455cf320e344325dacb480062c3c/out/vs/workbench/api/node/extensionHostProcess.js:122:3521)
	at w.dispose (/home/hwlee4/.vscode-server/bin/e7e037083ff4455cf320e344325dacb480062c3c/out/vs/workbench/api/node/extensionHostProcess.js:122:3618)
	at w.<anonymous> (/home/hwlee4/.vscode-server/bin/e7e037083ff4455cf320e344325dacb480062c3c/extensions/git/dist/main.js:2:1314812)
	at w.dispose (/home/hwlee4/.vscode-server/bin/e7e037083ff4455cf320e344325dacb480062c3c/out/vs/workbench/api/node/extensionHostProcess.js:122:3618)
	at o (/home/hwlee4/.vscode-server/bin/e7e037083ff4455cf320e344325dacb480062c3c/out/vs/workbench/api/node/extensionHostProcess.js:30:754)
	at s.cb (/home/hwlee4/.vscode-server/bin/e7e037083ff4455cf320e344325dacb480062c3c/out/vs/workbench/api/node/extensionHostProcess.js:137:9846)
	at /home/hwlee4/.vscode-server/bin/e7e037083ff4455cf320e344325dacb480062c3c/out/vs/workbench/api/node/extensionHostProcess.js:137:7796
	at Array.map (<anonymous>)
	at s.Y (/home/hwlee4/.vscode-server/bin/e7e037083ff4455cf320e344325dacb480062c3c/out/vs/workbench/api/node/extensionHostProcess.js:137:7784)
	at s.terminate (/home/hwlee4/.vscode-server/bin/e7e037083ff4455cf320e344325dacb480062c3c/out/vs/workbench/api/node/extensionHostProcess.js:137:8054)
	at o.terminate (/home/hwlee4/.vscode-server/bin/e7e037083ff4455cf320e344325dacb480062c3c/out/vs/workbench/api/node/extensionHostProcess.js:141:1513)
	at l (/home/hwlee4/.vscode-server/bin/e7e037083ff4455cf320e344325dacb480062c3c/out/vs/workbench/api/node/extensionHostProcess.js:154:9801)
	at j.a (/home/hwlee4/.vscode-server/bin/e7e037083ff4455cf320e344325dacb480062c3c/out/vs/workbench/api/node/extensionHostProcess.js:154:6531)
	at j.h (/home/hwlee4/.vscode-server/bin/e7e037083ff4455cf320e344325dacb480062c3c/out/vs/workbench/api/node/extensionHostProcess.js:90:19695)
	at listOnTimeout (node:internal/timers:569:17)
	at process.processTimers (node:internal/timers:512:7) setContext undefined
2025-10-09 05:14:33.829 [info] Extension host with pid 2132931 exiting with code 0
