2025-01-15 23:47:06.704 [info] Log level: Info
2025-01-15 23:47:06.704 [info] Validating found git in: "git"
2025-01-15 23:47:06.704 [info] Using git "2.34.1" from "git"
2025-01-15 23:47:06.704 [info] > git rev-parse --show-toplevel [9ms]
2025-01-15 23:47:06.704 [info] > git rev-parse --path-format=relative --show-toplevel [5ms]
2025-01-15 23:47:06.716 [info] > git rev-parse --git-dir --git-common-dir [6ms]
2025-01-15 23:47:06.743 [info] Open repository: /home/hwlee4/ICS45C/HW0
2025-01-15 23:47:06.763 [info] > git rev-parse --show-toplevel [8ms]
2025-01-15 23:47:06.768 [info] > git config --get commit.template [16ms]
2025-01-15 23:47:06.777 [info] > git for-each-ref --format=%(refname)%00%(upstream:short)%00%(objectname)%00%(upstream:track)%00%(upstream:remotename)%00%(upstream:remoteref) refs/heads/main refs/remotes/main [17ms]
2025-01-15 23:47:06.778 [info] > git rev-parse --path-format=relative --show-toplevel [11ms]
2025-01-15 23:47:06.857 [info] > git status -z -uall [67ms]
2025-01-15 23:47:06.879 [info] > git rev-parse --show-toplevel [94ms]
2025-01-15 23:47:06.888 [info] > git for-each-ref --format=%(refname)%00%(upstream:short)%00%(objectname)%00%(upstream:track)%00%(upstream:remotename)%00%(upstream:remoteref) refs/heads/main refs/remotes/main [23ms]
2025-01-15 23:47:06.901 [info] > git config --get commit.template [14ms]
2025-01-15 23:47:06.902 [info] > git rev-parse --path-format=relative --show-toplevel [20ms]
2025-01-15 23:47:06.908 [info] > git config --local branch.main.vscode-merge-base [14ms]
2025-01-15 23:47:06.918 [info] > git rev-parse --show-toplevel [11ms]
2025-01-15 23:47:06.923 [info] > git for-each-ref --format=%(refname)%00%(upstream:short)%00%(objectname)%00%(upstream:track)%00%(upstream:remotename)%00%(upstream:remoteref) refs/heads/origin/main refs/remotes/origin/main [10ms]
2025-01-15 23:47:06.931 [info] > git for-each-ref --format=%(refname)%00%(upstream:short)%00%(objectname)%00%(upstream:track)%00%(upstream:remotename)%00%(upstream:remoteref) refs/heads/main refs/remotes/main [14ms]
2025-01-15 23:47:06.932 [info] > git rev-parse --path-format=relative --show-toplevel [10ms]
2025-01-15 23:47:06.943 [info] > git merge-base refs/heads/main refs/remotes/origin/main [14ms]
2025-01-15 23:47:06.950 [info] > git rev-parse --show-toplevel [14ms]
2025-01-15 23:47:06.956 [info] > git status -z -uall [14ms]
2025-01-15 23:47:06.967 [info] > git rev-parse --path-format=relative --show-toplevel [13ms]
2025-01-15 23:47:06.975 [info] > git rev-list --count --left-right refs/heads/main...refs/remotes/origin/main [27ms]
2025-01-15 23:47:06.980 [info] > git for-each-ref --format=%(refname)%00%(upstream:short)%00%(objectname)%00%(upstream:track)%00%(upstream:remotename)%00%(upstream:remoteref) refs/heads/main refs/remotes/main [18ms]
2025-01-15 23:47:07.009 [info] > git diff --name-status -z --diff-filter=ADMR bddd0b0d0cfc38d0bcdb3142f43ffb36c1294495...refs/remotes/origin/main [30ms]
2025-01-15 23:47:07.010 [info] > git config --local branch.main.vscode-merge-base [26ms]
2025-01-15 23:47:07.102 [info] > git for-each-ref --format=%(refname)%00%(upstream:short)%00%(objectname)%00%(upstream:track)%00%(upstream:remotename)%00%(upstream:remoteref) refs/heads/origin/main refs/remotes/origin/main [87ms]
2025-01-15 23:47:07.119 [info] > git merge-base refs/heads/main refs/remotes/origin/main [10ms]
2025-01-15 23:47:07.133 [info] > git rev-list --count --left-right refs/heads/main...refs/remotes/origin/main [10ms]
2025-01-15 23:47:07.411 [info] > git check-ignore -v -z --stdin [7ms]
2025-01-15 23:47:07.559 [info] > git show --textconv :gtest/hw_gtests.cpp [9ms]
2025-01-15 23:47:07.561 [info] > git ls-files --stage -- /home/hwlee4/ICS45C/HW0/gtest/hw_gtests.cpp [7ms]
2025-01-15 23:47:07.586 [info] > git cat-file -s 0c6bb04b009a11ec1f672f6c2c39cbd8731c0324 [21ms]
2025-01-16 00:13:35.337 [info] > git check-ignore -v -z --stdin [9ms]
2025-01-16 00:13:35.479 [info] > git ls-files --stage -- /home/hwlee4/ICS45C/HW0/src/main.cpp [7ms]
2025-01-16 00:13:35.484 [info] > git show --textconv :src/main.cpp [19ms]
2025-01-16 00:13:35.494 [info] > git cat-file -s d9602db94e5ab707552d62d26469790ce2ec52b3 [10ms]
