2025-04-23 22:47:36.347 [info] Log level: Info
2025-04-23 22:47:36.347 [info] Validating found git in: "git"
2025-04-23 22:47:36.347 [info] Using git "2.34.1" from "git"
2025-04-23 22:47:36.347 [info] > git rev-parse --show-toplevel [19ms]
2025-04-23 22:47:36.347 [info] > git rev-parse --path-format=relative --show-toplevel [4ms]
2025-04-23 22:47:36.347 [info] > git rev-parse --show-toplevel [7ms]
2025-04-23 22:47:36.347 [info] > git rev-parse --path-format=relative --show-toplevel [4ms]
2025-04-23 22:47:36.347 [info] > git rev-parse --git-dir --git-common-dir [8ms]
2025-04-23 22:47:36.347 [info] Open repository: /home/hwlee4/ICS45C/HW3
2025-04-23 22:47:36.347 [info] > git config --get commit.template [6ms]
2025-04-23 22:47:36.347 [info] > git rev-parse --show-toplevel [12ms]
2025-04-23 22:47:36.347 [info] > git for-each-ref --format=%(refname)%00%(upstream:short)%00%(objectname)%00%(upstream:track)%00%(upstream:remotename)%00%(upstream:remoteref) refs/heads/main refs/remotes/main [81ms]
2025-04-23 22:47:36.347 [info] > git rev-parse --path-format=relative --show-toplevel [75ms]
2025-04-23 22:47:36.349 [info] > git rev-parse --git-dir --git-common-dir [10ms]
2025-04-23 22:47:36.356 [info] Open repository: /home/hwlee4/ICS45C/HW0
2025-04-23 22:47:36.378 [info] > git config --get commit.template [7ms]
2025-04-23 22:47:36.383 [info] > git rev-parse --show-toplevel [8ms]
2025-04-23 22:47:36.391 [info] > git status -z -uall [26ms]
2025-04-23 22:47:36.420 [info] > git for-each-ref --format=%(refname)%00%(upstream:short)%00%(objectname)%00%(upstream:track)%00%(upstream:remotename)%00%(upstream:remoteref) refs/heads/main refs/remotes/main [21ms]
2025-04-23 22:47:36.426 [info] > git for-each-ref --format=%(refname)%00%(upstream:short)%00%(objectname)%00%(upstream:track)%00%(upstream:remotename)%00%(upstream:remoteref) refs/heads/main refs/remotes/main [44ms]
2025-04-23 22:47:36.426 [info] > git rev-parse --path-format=relative --show-toplevel [39ms]
2025-04-23 22:47:36.432 [info] > git config --get commit.template [14ms]
2025-04-23 22:47:36.439 [info] > git config --local branch.main.vscode-merge-base [14ms]
2025-04-23 22:47:36.450 [info] > git rev-parse --git-dir --git-common-dir [19ms]
2025-04-23 22:47:36.459 [info] Open repository: /home/hwlee4/ICS45C/HW1
2025-04-23 22:47:36.474 [info] > git for-each-ref --format=%(refname)%00%(upstream:short)%00%(objectname)%00%(upstream:track)%00%(upstream:remotename)%00%(upstream:remoteref) refs/heads/main refs/remotes/main [26ms]
2025-04-23 22:47:36.475 [info] > git for-each-ref --format=%(refname)%00%(upstream:short)%00%(objectname)%00%(upstream:track)%00%(upstream:remotename)%00%(upstream:remoteref) refs/heads/origin/main refs/remotes/origin/main [31ms]
2025-04-23 22:47:36.483 [info] > git rev-parse --show-toplevel [9ms]
2025-04-23 22:47:36.487 [info] > git config --get commit.template [18ms]
2025-04-23 22:47:36.488 [info] > git status -z -uall [23ms]
2025-04-23 22:47:36.514 [info] > git for-each-ref --format=%(refname)%00%(upstream:short)%00%(objectname)%00%(upstream:track)%00%(upstream:remotename)%00%(upstream:remoteref) refs/heads/main refs/remotes/main [21ms]
2025-04-23 22:47:36.520 [info] > git rev-parse --path-format=relative --show-toplevel [33ms]
2025-04-23 22:47:36.520 [info] > git merge-base refs/heads/main refs/remotes/origin/main [39ms]
2025-04-23 22:47:36.538 [info] > git config --local branch.main.vscode-merge-base [19ms]
2025-04-23 22:47:36.543 [info] > git config --get commit.template [31ms]
2025-04-23 22:47:36.544 [info] > git for-each-ref --format=%(refname)%00%(upstream:short)%00%(objectname)%00%(upstream:track)%00%(upstream:remotename)%00%(upstream:remoteref) refs/heads/main refs/remotes/main [36ms]
2025-04-23 22:47:36.546 [info] > git rev-parse --git-dir --git-common-dir [10ms]
2025-04-23 22:47:36.554 [info] Open repository: /home/hwlee4/ICS45C/HW2
2025-04-23 22:47:36.592 [info] > git rev-list --count --left-right refs/heads/main...refs/remotes/origin/main [66ms]
2025-04-23 22:47:36.613 [info] > git status -z -uall [81ms]
2025-04-23 22:47:36.613 [info] > git for-each-ref --format=%(refname)%00%(upstream:short)%00%(objectname)%00%(upstream:track)%00%(upstream:remotename)%00%(upstream:remoteref) refs/heads/origin/main refs/remotes/origin/main [70ms]
2025-04-23 22:47:36.631 [info] > git merge-base refs/heads/main refs/remotes/origin/main [13ms]
2025-04-23 22:47:36.636 [info] > git rev-parse --show-toplevel [24ms]
2025-04-23 22:47:36.640 [info] > git config --get commit.template [33ms]
2025-04-23 22:47:36.641 [info] > git for-each-ref --format=%(refname)%00%(upstream:short)%00%(objectname)%00%(upstream:track)%00%(upstream:remotename)%00%(upstream:remoteref) refs/heads/main refs/remotes/main [37ms]
2025-04-23 22:47:36.641 [info] > git diff --name-status -z --diff-filter=ADMR 5ed493426caa2b4fc509ed55dc79509e459e94c1...refs/remotes/origin/main [43ms]
2025-04-23 22:47:36.643 [info] > git for-each-ref --format=%(refname)%00%(upstream:short)%00%(objectname)%00%(upstream:track)%00%(upstream:remotename)%00%(upstream:remoteref) refs/heads/main refs/remotes/main [19ms]
2025-04-23 22:47:36.657 [info] > git rev-list --count --left-right refs/heads/main...refs/remotes/origin/main [21ms]
2025-04-23 22:47:36.690 [info] > git rev-parse --path-format=relative --show-toplevel [50ms]
2025-04-23 22:47:36.694 [info] > git config --local branch.main.vscode-merge-base [47ms]
2025-04-23 22:47:36.710 [info] > git status -z -uall [59ms]
2025-04-23 22:47:36.710 [info] > git diff --name-status -z --diff-filter=ADMR 2de1186af8d356e9b3e6443d56764a6c359645dc...refs/remotes/origin/main [20ms]
2025-04-23 22:47:36.712 [info] > git for-each-ref --format=%(refname)%00%(upstream:short)%00%(objectname)%00%(upstream:track)%00%(upstream:remotename)%00%(upstream:remoteref) refs/heads/main refs/remotes/main [56ms]
2025-04-23 22:47:36.730 [info] > git for-each-ref --format=%(refname)%00%(upstream:short)%00%(objectname)%00%(upstream:track)%00%(upstream:remotename)%00%(upstream:remoteref) refs/heads/origin/main refs/remotes/origin/main [30ms]
2025-04-23 22:47:36.808 [info] > git status -z -uall [101ms]
2025-04-23 22:47:36.808 [info] > git for-each-ref --format=%(refname)%00%(upstream:short)%00%(objectname)%00%(upstream:track)%00%(upstream:remotename)%00%(upstream:remoteref) refs/heads/main refs/remotes/main [86ms]
2025-04-23 22:47:36.824 [info] > git config --local branch.main.vscode-merge-base [11ms]
2025-04-23 22:47:36.831 [info] > git config --get commit.template [24ms]
2025-04-23 22:47:36.833 [info] > git for-each-ref --format=%(refname)%00%(upstream:short)%00%(objectname)%00%(upstream:track)%00%(upstream:remotename)%00%(upstream:remoteref) refs/heads/main refs/remotes/main [13ms]
2025-04-23 22:47:36.899 [info] > git for-each-ref --format=%(refname)%00%(upstream:short)%00%(objectname)%00%(upstream:track)%00%(upstream:remotename)%00%(upstream:remoteref) refs/heads/origin/main refs/remotes/origin/main [69ms]
2025-04-23 22:47:36.909 [info] > git config --local branch.main.vscode-merge-base [21ms]
2025-04-23 22:47:36.917 [info] > git merge-base refs/heads/main refs/remotes/origin/main [13ms]
2025-04-23 22:47:36.922 [info] > git for-each-ref --format=%(refname)%00%(upstream:short)%00%(objectname)%00%(upstream:track)%00%(upstream:remotename)%00%(upstream:remoteref) refs/heads/main refs/remotes/main [24ms]
2025-04-23 22:47:36.928 [info] > git status -z -uall [33ms]
2025-04-23 22:47:37.004 [info] > git rev-list --count --left-right refs/heads/main...refs/remotes/origin/main [82ms]
2025-04-23 22:47:37.012 [info] > git for-each-ref --format=%(refname)%00%(upstream:short)%00%(objectname)%00%(upstream:track)%00%(upstream:remotename)%00%(upstream:remoteref) refs/heads/origin/main refs/remotes/origin/main [97ms]
2025-04-23 22:47:37.014 [info] > git config --get commit.template [11ms]
2025-04-23 22:47:37.014 [info] > git for-each-ref --format=%(refname)%00%(upstream:short)%00%(objectname)%00%(upstream:track)%00%(upstream:remotename)%00%(upstream:remoteref) refs/heads/main refs/remotes/main [81ms]
2025-04-23 22:47:37.188 [info] > git config --local branch.main.vscode-merge-base [170ms]
2025-04-23 22:47:37.194 [info] > git diff --name-status -z --diff-filter=ADMR 1d941fbc59bc10f4d013441e18a8b73cc72449ad...refs/remotes/origin/main [183ms]
2025-04-23 22:47:37.196 [info] > git for-each-ref --format=%(refname)%00%(upstream:short)%00%(objectname)%00%(upstream:track)%00%(upstream:remotename)%00%(upstream:remoteref) refs/heads/main refs/remotes/main [34ms]
2025-04-23 22:47:37.198 [info] > git status -z -uall [40ms]
2025-04-23 22:47:37.207 [info] > git for-each-ref --format=%(refname)%00%(upstream:short)%00%(objectname)%00%(upstream:track)%00%(upstream:remotename)%00%(upstream:remoteref) refs/heads/origin/main refs/remotes/origin/main [14ms]
2025-04-23 22:47:37.218 [info] > git for-each-ref --format=%(refname)%00%(upstream:short)%00%(objectname)%00%(upstream:track)%00%(upstream:remotename)%00%(upstream:remoteref) refs/heads/main refs/remotes/main [14ms]
2025-04-23 22:47:37.224 [info] > git merge-base refs/heads/main refs/remotes/origin/main [11ms]
2025-04-23 22:47:37.229 [info] > git config --local branch.main.vscode-merge-base [7ms]
2025-04-23 22:47:37.292 [info] > git status -z -uall [75ms]
2025-04-23 22:47:37.292 [info] > git rev-list --count --left-right refs/heads/main...refs/remotes/origin/main [64ms]
2025-04-23 22:47:37.309 [info] > git diff --name-status -z --diff-filter=ADMR 6e366bc68f599c93d5b2306a1622b19a83ab6690...refs/remotes/origin/main [10ms]
2025-04-23 22:47:37.309 [info] > git for-each-ref --format=%(refname)%00%(upstream:short)%00%(objectname)%00%(upstream:track)%00%(upstream:remotename)%00%(upstream:remoteref) refs/heads/origin/main refs/remotes/origin/main [19ms]
2025-04-23 22:47:37.317 [info] > git for-each-ref --format=%(refname)%00%(upstream:short)%00%(objectname)%00%(upstream:track)%00%(upstream:remotename)%00%(upstream:remoteref) refs/heads/main refs/remotes/main [13ms]
2025-04-23 22:47:37.327 [info] > git config --local branch.main.vscode-merge-base [5ms]
2025-04-23 22:47:37.341 [info] > git for-each-ref --format=%(refname)%00%(upstream:short)%00%(objectname)%00%(upstream:track)%00%(upstream:remotename)%00%(upstream:remoteref) refs/heads/origin/main refs/remotes/origin/main [9ms]
2025-04-23 22:47:37.428 [info] > git check-ignore -v -z --stdin [15ms]
2025-04-23 22:47:37.429 [info] > git check-ignore -v -z --stdin [13ms]
2025-04-23 22:47:37.430 [info] > git check-ignore -v -z --stdin [9ms]
2025-04-23 22:47:37.430 [info] > git rev-parse --show-toplevel [28ms]
2025-04-23 22:47:37.439 [info] > git check-ignore -v -z --stdin [14ms]
2025-04-23 22:47:37.442 [info] > git rev-parse --path-format=relative --show-toplevel [6ms]
2025-04-23 22:47:37.753 [info] > git show --textconv :gtest/string_gtests.cpp [13ms]
2025-04-23 22:47:37.754 [info] > git ls-files --stage -- /home/hwlee4/ICS45C/HW3/gtest/string_gtests.cpp [7ms]
2025-04-23 22:47:37.766 [info] > git cat-file -s 23334d6fdf0c9ac615b35e6fc70e1068b7c28615 [8ms]
2025-04-23 22:47:38.283 [info] > git rev-parse --show-toplevel [6ms]
2025-04-23 22:47:38.292 [info] > git rev-parse --path-format=relative --show-toplevel [5ms]
2025-04-23 22:47:38.902 [info] > git rev-parse --show-toplevel [270ms]
2025-04-23 22:47:38.912 [info] > git rev-parse --path-format=relative --show-toplevel [6ms]
2025-04-23 22:50:02.177 [info] > git ls-files --stage -- /home/hwlee4/ICS45C/HW3/src/string.cpp [6ms]
2025-04-23 22:50:02.182 [info] > git show --textconv :src/string.cpp [17ms]
2025-04-23 22:50:02.189 [info] > git cat-file -s 15ba3260a5ead6646137b6a53f791e5d2af6dcd0 [8ms]
2025-04-23 22:51:11.969 [info] > git ls-files --stage -- /home/hwlee4/ICS45C/HW3/src/string.hpp [6ms]
2025-04-23 22:51:11.976 [info] > git show --textconv :src/string.hpp [18ms]
2025-04-23 22:51:11.983 [info] > git cat-file -s 8759370712a54b44e426924f4a4ed12380d07f88 [8ms]
2025-04-23 22:52:54.099 [info] > git ls-files --stage -- /home/hwlee4/ICS45C/HW3/src/string.cpp [5ms]
2025-04-23 22:52:54.106 [info] > git show --textconv :src/string.cpp [19ms]
2025-04-23 22:52:54.113 [info] > git cat-file -s 15ba3260a5ead6646137b6a53f791e5d2af6dcd0 [8ms]
2025-04-23 22:53:18.052 [info] > git config --get commit.template [7ms]
2025-04-23 22:53:18.067 [info] > git for-each-ref --format=%(refname)%00%(upstream:short)%00%(objectname)%00%(upstream:track)%00%(upstream:remotename)%00%(upstream:remoteref) refs/heads/main refs/remotes/main [16ms]
2025-04-23 22:53:18.100 [info] > git status -z -uall [27ms]
2025-04-23 22:53:18.119 [info] > git for-each-ref --format=%(refname)%00%(upstream:short)%00%(objectname)%00%(upstream:track)%00%(upstream:remotename)%00%(upstream:remoteref) refs/heads/main refs/remotes/main [12ms]
2025-04-23 22:53:18.130 [info] > git config --local branch.main.vscode-merge-base [5ms]
2025-04-23 22:53:18.148 [info] > git for-each-ref --format=%(refname)%00%(upstream:short)%00%(objectname)%00%(upstream:track)%00%(upstream:remotename)%00%(upstream:remoteref) refs/heads/origin/main refs/remotes/origin/main [11ms]
2025-04-23 22:53:23.130 [info] > git config --get commit.template [8ms]
2025-04-23 22:53:23.138 [info] > git for-each-ref --format=%(refname)%00%(upstream:short)%00%(objectname)%00%(upstream:track)%00%(upstream:remotename)%00%(upstream:remoteref) refs/heads/main refs/remotes/main [12ms]
2025-04-23 22:53:23.160 [info] > git status -z -uall [17ms]
2025-04-23 22:53:23.182 [info] > git for-each-ref --format=%(refname)%00%(upstream:short)%00%(objectname)%00%(upstream:track)%00%(upstream:remotename)%00%(upstream:remoteref) refs/heads/main refs/remotes/main [14ms]
2025-04-23 22:53:23.192 [info] > git config --local branch.main.vscode-merge-base [5ms]
2025-04-23 22:53:23.207 [info] > git for-each-ref --format=%(refname)%00%(upstream:short)%00%(objectname)%00%(upstream:track)%00%(upstream:remotename)%00%(upstream:remoteref) refs/heads/origin/main refs/remotes/origin/main [10ms]
2025-04-23 22:53:28.184 [info] > git config --get commit.template [6ms]
2025-04-23 22:53:28.195 [info] > git for-each-ref --format=%(refname)%00%(upstream:short)%00%(objectname)%00%(upstream:track)%00%(upstream:remotename)%00%(upstream:remoteref) refs/heads/main refs/remotes/main [11ms]
2025-04-23 22:53:28.217 [info] > git status -z -uall [16ms]
2025-04-23 22:53:28.235 [info] > git for-each-ref --format=%(refname)%00%(upstream:short)%00%(objectname)%00%(upstream:track)%00%(upstream:remotename)%00%(upstream:remoteref) refs/heads/main refs/remotes/main [11ms]
2025-04-23 22:53:28.245 [info] > git config --local branch.main.vscode-merge-base [5ms]
2025-04-23 22:53:28.259 [info] > git for-each-ref --format=%(refname)%00%(upstream:short)%00%(objectname)%00%(upstream:track)%00%(upstream:remotename)%00%(upstream:remoteref) refs/heads/origin/main refs/remotes/origin/main [10ms]
2025-04-23 22:53:33.240 [info] > git config --get commit.template [6ms]
2025-04-23 22:53:33.250 [info] > git for-each-ref --format=%(refname)%00%(upstream:short)%00%(objectname)%00%(upstream:track)%00%(upstream:remotename)%00%(upstream:remoteref) refs/heads/main refs/remotes/main [12ms]
2025-04-23 22:53:33.271 [info] > git status -z -uall [15ms]
2025-04-23 22:53:33.290 [info] > git for-each-ref --format=%(refname)%00%(upstream:short)%00%(objectname)%00%(upstream:track)%00%(upstream:remotename)%00%(upstream:remoteref) refs/heads/main refs/remotes/main [11ms]
2025-04-23 22:53:33.301 [info] > git config --local branch.main.vscode-merge-base [5ms]
2025-04-23 22:53:33.316 [info] > git for-each-ref --format=%(refname)%00%(upstream:short)%00%(objectname)%00%(upstream:track)%00%(upstream:remotename)%00%(upstream:remoteref) refs/heads/origin/main refs/remotes/origin/main [9ms]
2025-04-23 22:53:41.631 [info] > git config --get commit.template [5ms]
2025-04-23 22:53:41.642 [info] > git for-each-ref --format=%(refname)%00%(upstream:short)%00%(objectname)%00%(upstream:track)%00%(upstream:remotename)%00%(upstream:remoteref) refs/heads/main refs/remotes/main [11ms]
2025-04-23 22:53:41.665 [info] > git status -z -uall [16ms]
2025-04-23 22:53:41.684 [info] > git for-each-ref --format=%(refname)%00%(upstream:short)%00%(objectname)%00%(upstream:track)%00%(upstream:remotename)%00%(upstream:remoteref) refs/heads/main refs/remotes/main [12ms]
2025-04-23 22:53:41.694 [info] > git config --local branch.main.vscode-merge-base [4ms]
2025-04-23 22:53:41.709 [info] > git for-each-ref --format=%(refname)%00%(upstream:short)%00%(objectname)%00%(upstream:track)%00%(upstream:remotename)%00%(upstream:remoteref) refs/heads/origin/main refs/remotes/origin/main [10ms]
2025-04-23 22:53:46.685 [info] > git config --get commit.template [5ms]
2025-04-23 22:53:46.696 [info] > git for-each-ref --format=%(refname)%00%(upstream:short)%00%(objectname)%00%(upstream:track)%00%(upstream:remotename)%00%(upstream:remoteref) refs/heads/main refs/remotes/main [12ms]
2025-04-23 22:53:46.717 [info] > git status -z -uall [16ms]
2025-04-23 22:53:46.735 [info] > git for-each-ref --format=%(refname)%00%(upstream:short)%00%(objectname)%00%(upstream:track)%00%(upstream:remotename)%00%(upstream:remoteref) refs/heads/main refs/remotes/main [12ms]
2025-04-23 22:53:46.745 [info] > git config --local branch.main.vscode-merge-base [5ms]
2025-04-23 22:53:46.759 [info] > git for-each-ref --format=%(refname)%00%(upstream:short)%00%(objectname)%00%(upstream:track)%00%(upstream:remotename)%00%(upstream:remoteref) refs/heads/origin/main refs/remotes/origin/main [10ms]
2025-04-23 22:53:51.742 [info] > git config --get commit.template [8ms]
2025-04-23 22:53:51.753 [info] > git for-each-ref --format=%(refname)%00%(upstream:short)%00%(objectname)%00%(upstream:track)%00%(upstream:remotename)%00%(upstream:remoteref) refs/heads/main refs/remotes/main [12ms]
2025-04-23 22:53:51.776 [info] > git status -z -uall [15ms]
2025-04-23 22:53:51.797 [info] > git for-each-ref --format=%(refname)%00%(upstream:short)%00%(objectname)%00%(upstream:track)%00%(upstream:remotename)%00%(upstream:remoteref) refs/heads/main refs/remotes/main [11ms]
2025-04-23 22:53:51.809 [info] > git config --local branch.main.vscode-merge-base [4ms]
2025-04-23 22:53:51.825 [info] > git for-each-ref --format=%(refname)%00%(upstream:short)%00%(objectname)%00%(upstream:track)%00%(upstream:remotename)%00%(upstream:remoteref) refs/heads/origin/main refs/remotes/origin/main [9ms]
2025-04-23 22:54:21.605 [info] > git merge-base refs/heads/main refs/remotes/origin/main [20ms]
2025-04-23 22:54:21.611 [info] > git merge-base refs/heads/main refs/remotes/origin/main [20ms]
2025-04-23 22:54:21.617 [info] > git merge-base refs/heads/main refs/remotes/origin/main [20ms]
2025-04-23 22:54:21.623 [info] > git merge-base refs/heads/main refs/remotes/origin/main [19ms]
2025-04-23 22:54:21.628 [info] > git rev-list --count --left-right refs/heads/main...refs/remotes/origin/main [12ms]
2025-04-23 22:54:21.629 [info] > git rev-list --count --left-right refs/heads/main...refs/remotes/origin/main [19ms]
2025-04-23 22:54:21.640 [info] > git rev-list --count --left-right refs/heads/main...refs/remotes/origin/main [13ms]
2025-04-23 22:54:21.641 [info] > git rev-list --count --left-right refs/heads/main...refs/remotes/origin/main [19ms]
2025-04-23 22:54:22.437 [info] > git rev-parse --show-toplevel [6ms]
2025-04-23 22:54:22.448 [info] > git rev-parse --path-format=relative --show-toplevel [4ms]
2025-04-23 22:54:22.459 [info] > git rev-parse --show-toplevel [5ms]
2025-04-23 22:54:22.469 [info] > git rev-parse --path-format=relative --show-toplevel [4ms]
2025-04-23 22:54:22.480 [info] > git rev-parse --show-toplevel [5ms]
2025-04-23 22:54:22.490 [info] > git rev-parse --path-format=relative --show-toplevel [5ms]
2025-04-23 22:54:22.501 [info] > git rev-parse --show-toplevel [6ms]
2025-04-23 22:54:22.511 [info] > git rev-parse --path-format=relative --show-toplevel [6ms]
2025-04-23 22:54:33.689 [info] > git add -A -- . [35ms]
2025-04-23 22:54:33.772 [info] > git -c user.useConfigOnly=true commit --quiet --allow-empty-message --file - [77ms]
2025-04-23 22:54:33.783 [info] > git config --get commit.template [5ms]
2025-04-23 22:54:33.802 [info] > git config --get commit.template [10ms]
2025-04-23 22:54:33.821 [info] > git for-each-ref --format=%(refname)%00%(upstream:short)%00%(objectname)%00%(upstream:track)%00%(upstream:remotename)%00%(upstream:remoteref) refs/heads/main refs/remotes/main [20ms]
2025-04-23 22:54:33.843 [info] > git status -z -uall [16ms]
2025-04-23 22:54:33.865 [info] > git for-each-ref --format=%(refname)%00%(upstream:short)%00%(objectname)%00%(upstream:track)%00%(upstream:remotename)%00%(upstream:remoteref) refs/heads/main refs/remotes/main [15ms]
2025-04-23 22:54:33.876 [info] > git config --local branch.main.vscode-merge-base [4ms]
2025-04-23 22:54:33.892 [info] > git for-each-ref --format=%(refname)%00%(upstream:short)%00%(objectname)%00%(upstream:track)%00%(upstream:remotename)%00%(upstream:remoteref) refs/heads/origin/main refs/remotes/origin/main [9ms]
2025-04-23 22:54:33.909 [info] > git merge-base refs/heads/main refs/remotes/origin/main [10ms]
2025-04-23 22:54:33.927 [info] > git rev-list --count --left-right refs/heads/main...refs/remotes/origin/main [11ms]
2025-04-23 22:54:33.946 [info] > git diff --name-status -z --diff-filter=ADMR 5ed493426caa2b4fc509ed55dc79509e459e94c1...refs/remotes/origin/main [14ms]
2025-04-23 22:54:33.986 [info] > git config --get commit.template [9ms]
2025-04-23 22:54:33.998 [info] > git for-each-ref --format=%(refname)%00%(upstream:short)%00%(objectname)%00%(upstream:track)%00%(upstream:remotename)%00%(upstream:remoteref) refs/heads/main refs/remotes/main [13ms]
2025-04-23 22:54:34.019 [info] > git status -z -uall [15ms]
2025-04-23 22:54:34.040 [info] > git for-each-ref --format=%(refname)%00%(upstream:short)%00%(objectname)%00%(upstream:track)%00%(upstream:remotename)%00%(upstream:remoteref) refs/heads/main refs/remotes/main [14ms]
2025-04-23 22:54:34.046 [info] > git merge-base refs/heads/main refs/remotes/origin/main [10ms]
2025-04-23 22:54:34.052 [info] > git config --local branch.main.vscode-merge-base [7ms]
2025-04-23 22:54:34.063 [info] > git rev-list --count --left-right refs/heads/main...refs/remotes/origin/main [12ms]
2025-04-23 22:54:34.066 [info] > git for-each-ref --format=%(refname)%00%(upstream:short)%00%(objectname)%00%(upstream:track)%00%(upstream:remotename)%00%(upstream:remoteref) refs/heads/origin/main refs/remotes/origin/main [8ms]
2025-04-23 22:54:35.058 [info] > git log --oneline --cherry main...main@{upstream} -- [13ms]
2025-04-23 22:54:35.393 [info] > git ls-files --stage -- /home/hwlee4/ICS45C/HW3/src/string.cpp [5ms]
2025-04-23 22:54:35.409 [info] > git cat-file -s 07d7cdb941cf11863195e3a6ac5ec101a42a6893 [12ms]
2025-04-23 22:54:35.566 [info] > git show --textconv :src/string.cpp [11ms]
2025-04-23 22:54:36.424 [info] > git pull --tags origin main [1359ms]
2025-04-23 22:54:36.424 [info] From github.com:klefstad-teaching/ics-45c-hw3-hwlee4
 * branch            main       -> FETCH_HEAD
2025-04-23 22:54:37.720 [info] > git push origin main:main [1290ms]
2025-04-23 22:54:37.720 [info] To github.com:klefstad-teaching/ics-45c-hw3-hwlee4.git
   5ed4934..133af6f  main -> main
2025-04-23 22:54:37.731 [info] > git config --get commit.template [5ms]
2025-04-23 22:54:37.742 [info] > git for-each-ref --format=%(refname)%00%(upstream:short)%00%(objectname)%00%(upstream:track)%00%(upstream:remotename)%00%(upstream:remoteref) refs/heads/main refs/remotes/main [13ms]
2025-04-23 22:54:37.764 [info] > git status -z -uall [17ms]
2025-04-23 22:54:37.790 [info] > git for-each-ref --format=%(refname)%00%(upstream:short)%00%(objectname)%00%(upstream:track)%00%(upstream:remotename)%00%(upstream:remoteref) refs/heads/main refs/remotes/main [20ms]
2025-04-23 22:54:37.798 [info] > git ls-files --stage -- /home/hwlee4/ICS45C/HW3/src/string.cpp [9ms]
2025-04-23 22:54:37.805 [info] > git config --local branch.main.vscode-merge-base [9ms]
2025-04-23 22:54:37.813 [info] > git cat-file -s 07d7cdb941cf11863195e3a6ac5ec101a42a6893 [9ms]
2025-04-23 22:54:37.894 [info] > git for-each-ref --format=%(refname)%00%(upstream:short)%00%(objectname)%00%(upstream:track)%00%(upstream:remotename)%00%(upstream:remoteref) refs/heads/origin/main refs/remotes/origin/main [82ms]
2025-04-23 22:54:37.911 [info] > git merge-base refs/heads/main refs/remotes/origin/main [11ms]
2025-04-23 22:54:37.929 [info] > git rev-list --count --left-right refs/heads/main...refs/remotes/origin/main [13ms]
2025-04-23 22:54:37.948 [info] > git diff --name-status -z --diff-filter=ADMR 133af6ff7d02fd8ec6990243d366482f83d0ce99...refs/remotes/origin/main [12ms]
2025-04-23 22:54:37.953 [info] > git show --textconv :src/string.cpp [11ms]
2025-04-23 22:54:37.988 [info] > git merge-base refs/heads/main refs/remotes/origin/main [41ms]
2025-04-23 22:54:38.006 [info] > git rev-list --count --left-right refs/heads/main...refs/remotes/origin/main [12ms]
2025-04-23 22:55:19.000 [info] > git config --get commit.template [7ms]
2025-04-23 22:55:19.011 [info] > git for-each-ref --format=%(refname)%00%(upstream:short)%00%(objectname)%00%(upstream:track)%00%(upstream:remotename)%00%(upstream:remoteref) refs/heads/main refs/remotes/main [12ms]
2025-04-23 22:55:19.033 [info] > git status -z -uall [15ms]
2025-04-23 22:55:19.051 [info] > git for-each-ref --format=%(refname)%00%(upstream:short)%00%(objectname)%00%(upstream:track)%00%(upstream:remotename)%00%(upstream:remoteref) refs/heads/main refs/remotes/main [10ms]
2025-04-23 22:55:19.061 [info] > git config --local branch.main.vscode-merge-base [4ms]
2025-04-23 22:55:19.076 [info] > git for-each-ref --format=%(refname)%00%(upstream:short)%00%(objectname)%00%(upstream:track)%00%(upstream:remotename)%00%(upstream:remoteref) refs/heads/origin/main refs/remotes/origin/main [9ms]
2025-04-23 22:55:19.142 [info] > git ls-files --stage -- /home/hwlee4/ICS45C/HW3/src/string.cpp [6ms]
2025-04-23 22:55:19.154 [info] > git cat-file -s 07d7cdb941cf11863195e3a6ac5ec101a42a6893 [7ms]
2025-04-23 22:55:19.260 [info] > git show --textconv :src/string.cpp [10ms]
2025-04-23 22:55:28.733 [info] > git config --get commit.template [6ms]
2025-04-23 22:55:28.745 [info] > git for-each-ref --format=%(refname)%00%(upstream:short)%00%(objectname)%00%(upstream:track)%00%(upstream:remotename)%00%(upstream:remoteref) refs/heads/main refs/remotes/main [13ms]
2025-04-23 22:55:28.766 [info] > git status -z -uall [15ms]
2025-04-23 22:55:28.784 [info] > git for-each-ref --format=%(refname)%00%(upstream:short)%00%(objectname)%00%(upstream:track)%00%(upstream:remotename)%00%(upstream:remoteref) refs/heads/main refs/remotes/main [11ms]
2025-04-23 22:55:28.794 [info] > git config --local branch.main.vscode-merge-base [4ms]
2025-04-23 22:55:28.809 [info] > git for-each-ref --format=%(refname)%00%(upstream:short)%00%(objectname)%00%(upstream:track)%00%(upstream:remotename)%00%(upstream:remoteref) refs/heads/origin/main refs/remotes/origin/main [9ms]
2025-04-23 22:55:33.791 [info] > git config --get commit.template [7ms]
2025-04-23 22:55:33.802 [info] > git for-each-ref --format=%(refname)%00%(upstream:short)%00%(objectname)%00%(upstream:track)%00%(upstream:remotename)%00%(upstream:remoteref) refs/heads/main refs/remotes/main [12ms]
2025-04-23 22:55:33.829 [info] > git status -z -uall [21ms]
2025-04-23 22:55:33.847 [info] > git for-each-ref --format=%(refname)%00%(upstream:short)%00%(objectname)%00%(upstream:track)%00%(upstream:remotename)%00%(upstream:remoteref) refs/heads/main refs/remotes/main [12ms]
2025-04-23 22:55:33.857 [info] > git config --local branch.main.vscode-merge-base [4ms]
2025-04-23 22:55:33.873 [info] > git for-each-ref --format=%(refname)%00%(upstream:short)%00%(objectname)%00%(upstream:track)%00%(upstream:remotename)%00%(upstream:remoteref) refs/heads/origin/main refs/remotes/origin/main [9ms]
2025-04-23 22:55:34.454 [info] > git add -A -- . [17ms]
2025-04-23 22:55:34.524 [info] > git -c user.useConfigOnly=true commit --quiet --allow-empty-message --file - [64ms]
2025-04-23 22:55:34.534 [info] > git config --get commit.template [5ms]
2025-04-23 22:55:34.547 [info] > git config --get commit.template [6ms]
2025-04-23 22:55:34.567 [info] > git for-each-ref --format=%(refname)%00%(upstream:short)%00%(objectname)%00%(upstream:track)%00%(upstream:remotename)%00%(upstream:remoteref) refs/heads/main refs/remotes/main [21ms]
2025-04-23 22:55:34.593 [info] > git status -z -uall [17ms]
2025-04-23 22:55:34.618 [info] > git for-each-ref --format=%(refname)%00%(upstream:short)%00%(objectname)%00%(upstream:track)%00%(upstream:remotename)%00%(upstream:remoteref) refs/heads/main refs/remotes/main [16ms]
2025-04-23 22:55:34.631 [info] > git config --local branch.main.vscode-merge-base [5ms]
2025-04-23 22:55:34.648 [info] > git for-each-ref --format=%(refname)%00%(upstream:short)%00%(objectname)%00%(upstream:track)%00%(upstream:remotename)%00%(upstream:remoteref) refs/heads/origin/main refs/remotes/origin/main [9ms]
2025-04-23 22:55:34.666 [info] > git merge-base refs/heads/main refs/remotes/origin/main [11ms]
2025-04-23 22:55:34.689 [info] > git rev-list --count --left-right refs/heads/main...refs/remotes/origin/main [15ms]
2025-04-23 22:55:34.705 [info] > git diff --name-status -z --diff-filter=ADMR 133af6ff7d02fd8ec6990243d366482f83d0ce99...refs/remotes/origin/main [9ms]
2025-04-23 22:55:34.788 [info] > git config --get commit.template [6ms]
2025-04-23 22:55:34.801 [info] > git for-each-ref --format=%(refname)%00%(upstream:short)%00%(objectname)%00%(upstream:track)%00%(upstream:remotename)%00%(upstream:remoteref) refs/heads/main refs/remotes/main [14ms]
2025-04-23 22:55:34.809 [info] > git merge-base refs/heads/main refs/remotes/origin/main [10ms]
2025-04-23 22:55:34.824 [info] > git status -z -uall [16ms]
2025-04-23 22:55:34.834 [info] > git rev-list --count --left-right refs/heads/main...refs/remotes/origin/main [19ms]
2025-04-23 22:55:34.845 [info] > git for-each-ref --format=%(refname)%00%(upstream:short)%00%(objectname)%00%(upstream:track)%00%(upstream:remotename)%00%(upstream:remoteref) refs/heads/main refs/remotes/main [14ms]
2025-04-23 22:55:34.855 [info] > git config --local branch.main.vscode-merge-base [4ms]
2025-04-23 22:55:34.870 [info] > git for-each-ref --format=%(refname)%00%(upstream:short)%00%(objectname)%00%(upstream:track)%00%(upstream:remotename)%00%(upstream:remoteref) refs/heads/origin/main refs/remotes/origin/main [9ms]
2025-04-23 22:55:35.500 [info] > git log --oneline --cherry main...main@{upstream} -- [13ms]
2025-04-23 22:55:36.913 [info] > git ls-files --stage -- /home/hwlee4/ICS45C/HW3/src/string.cpp [5ms]
2025-04-23 22:55:36.925 [info] > git cat-file -s 15ba3260a5ead6646137b6a53f791e5d2af6dcd0 [8ms]
2025-04-23 22:55:37.034 [info] > git show --textconv :src/string.cpp [9ms]
2025-04-23 22:55:37.181 [info] > git pull --tags origin main [1676ms]
2025-04-23 22:55:37.181 [info] From github.com:klefstad-teaching/ics-45c-hw3-hwlee4
 * branch            main       -> FETCH_HEAD
2025-04-23 22:55:38.693 [info] > git push origin main:main [1507ms]
2025-04-23 22:55:38.693 [info] To github.com:klefstad-teaching/ics-45c-hw3-hwlee4.git
   133af6f..91e21b3  main -> main
2025-04-23 22:55:38.706 [info] > git config --get commit.template [6ms]
2025-04-23 22:55:38.718 [info] > git for-each-ref --format=%(refname)%00%(upstream:short)%00%(objectname)%00%(upstream:track)%00%(upstream:remotename)%00%(upstream:remoteref) refs/heads/main refs/remotes/main [13ms]
2025-04-23 22:55:38.740 [info] > git status -z -uall [16ms]
2025-04-23 22:55:38.759 [info] > git for-each-ref --format=%(refname)%00%(upstream:short)%00%(objectname)%00%(upstream:track)%00%(upstream:remotename)%00%(upstream:remoteref) refs/heads/main refs/remotes/main [13ms]
2025-04-23 22:55:38.770 [info] > git config --local branch.main.vscode-merge-base [4ms]
2025-04-23 22:55:38.787 [info] > git for-each-ref --format=%(refname)%00%(upstream:short)%00%(objectname)%00%(upstream:track)%00%(upstream:remotename)%00%(upstream:remoteref) refs/heads/origin/main refs/remotes/origin/main [10ms]
2025-04-23 22:55:38.803 [info] > git merge-base refs/heads/main refs/remotes/origin/main [10ms]
2025-04-23 22:55:38.820 [info] > git rev-list --count --left-right refs/heads/main...refs/remotes/origin/main [11ms]
2025-04-23 22:55:38.835 [info] > git diff --name-status -z --diff-filter=ADMR 91e21b31ac73b5311e8f8a86cbecc7c8a77c1e28...refs/remotes/origin/main [10ms]
2025-04-23 22:55:39.041 [info] > git merge-base refs/heads/main refs/remotes/origin/main [10ms]
2025-04-23 22:55:39.058 [info] > git rev-list --count --left-right refs/heads/main...refs/remotes/origin/main [12ms]
2025-04-23 22:56:41.400 [info] > git config --get commit.template [8ms]
2025-04-23 22:56:41.414 [info] > git for-each-ref --format=%(refname)%00%(upstream:short)%00%(objectname)%00%(upstream:track)%00%(upstream:remotename)%00%(upstream:remoteref) refs/heads/main refs/remotes/main [16ms]
2025-04-23 22:56:41.447 [info] > git status -z -uall [27ms]
2025-04-23 22:56:41.454 [info] > git ls-files --stage -- /home/hwlee4/ICS45C/HW3/src/string.cpp [8ms]
2025-04-23 22:56:41.464 [info] > git for-each-ref --format=%(refname)%00%(upstream:short)%00%(objectname)%00%(upstream:track)%00%(upstream:remotename)%00%(upstream:remoteref) refs/heads/main refs/remotes/main [11ms]
2025-04-23 22:56:41.471 [info] > git cat-file -s 15ba3260a5ead6646137b6a53f791e5d2af6dcd0 [12ms]
2025-04-23 22:56:41.474 [info] > git config --local branch.main.vscode-merge-base [5ms]
2025-04-23 22:56:41.489 [info] > git for-each-ref --format=%(refname)%00%(upstream:short)%00%(objectname)%00%(upstream:track)%00%(upstream:remotename)%00%(upstream:remoteref) refs/heads/origin/main refs/remotes/origin/main [9ms]
2025-04-23 22:56:41.766 [info] > git show --textconv :src/string.cpp [11ms]
2025-04-23 22:56:52.647 [info] > git show --textconv :gtest/student_gtests.cpp [11ms]
2025-04-23 22:56:52.647 [info] > git ls-files --stage -- /home/hwlee4/ICS45C/HW3/gtest/student_gtests.cpp [5ms]
2025-04-23 22:56:52.662 [info] > git cat-file -s 90a22fdb4826bf25550c82b15b6a684b4161d3e8 [10ms]
2025-04-23 22:57:13.336 [info] > git config --get commit.template [7ms]
2025-04-23 22:57:13.348 [info] > git for-each-ref --format=%(refname)%00%(upstream:short)%00%(objectname)%00%(upstream:track)%00%(upstream:remotename)%00%(upstream:remoteref) refs/heads/main refs/remotes/main [13ms]
2025-04-23 22:57:13.369 [info] > git status -z -uall [15ms]
2025-04-23 22:57:13.386 [info] > git for-each-ref --format=%(refname)%00%(upstream:short)%00%(objectname)%00%(upstream:track)%00%(upstream:remotename)%00%(upstream:remoteref) refs/heads/main refs/remotes/main [12ms]
2025-04-23 22:57:13.395 [info] > git config --local branch.main.vscode-merge-base [4ms]
2025-04-23 22:57:13.410 [info] > git for-each-ref --format=%(refname)%00%(upstream:short)%00%(objectname)%00%(upstream:track)%00%(upstream:remotename)%00%(upstream:remoteref) refs/heads/origin/main refs/remotes/origin/main [10ms]
2025-04-23 22:57:18.395 [info] > git config --get commit.template [7ms]
2025-04-23 22:57:18.406 [info] > git for-each-ref --format=%(refname)%00%(upstream:short)%00%(objectname)%00%(upstream:track)%00%(upstream:remotename)%00%(upstream:remoteref) refs/heads/main refs/remotes/main [12ms]
2025-04-23 22:57:18.428 [info] > git status -z -uall [15ms]
2025-04-23 22:57:18.448 [info] > git for-each-ref --format=%(refname)%00%(upstream:short)%00%(objectname)%00%(upstream:track)%00%(upstream:remotename)%00%(upstream:remoteref) refs/heads/main refs/remotes/main [12ms]
2025-04-23 22:57:18.461 [info] > git config --local branch.main.vscode-merge-base [6ms]
2025-04-23 22:57:18.477 [info] > git for-each-ref --format=%(refname)%00%(upstream:short)%00%(objectname)%00%(upstream:track)%00%(upstream:remotename)%00%(upstream:remoteref) refs/heads/origin/main refs/remotes/origin/main [9ms]
2025-04-23 22:57:23.455 [info] > git config --get commit.template [9ms]
2025-04-23 22:57:23.466 [info] > git for-each-ref --format=%(refname)%00%(upstream:short)%00%(objectname)%00%(upstream:track)%00%(upstream:remotename)%00%(upstream:remoteref) refs/heads/main refs/remotes/main [12ms]
2025-04-23 22:57:23.490 [info] > git status -z -uall [16ms]
2025-04-23 22:57:23.512 [info] > git for-each-ref --format=%(refname)%00%(upstream:short)%00%(objectname)%00%(upstream:track)%00%(upstream:remotename)%00%(upstream:remoteref) refs/heads/main refs/remotes/main [14ms]
2025-04-23 22:57:23.523 [info] > git config --local branch.main.vscode-merge-base [4ms]
2025-04-23 22:57:23.540 [info] > git for-each-ref --format=%(refname)%00%(upstream:short)%00%(objectname)%00%(upstream:track)%00%(upstream:remotename)%00%(upstream:remoteref) refs/heads/origin/main refs/remotes/origin/main [9ms]
2025-04-23 22:57:28.514 [info] > git config --get commit.template [7ms]
2025-04-23 22:57:28.526 [info] > git for-each-ref --format=%(refname)%00%(upstream:short)%00%(objectname)%00%(upstream:track)%00%(upstream:remotename)%00%(upstream:remoteref) refs/heads/main refs/remotes/main [13ms]
2025-04-23 22:57:28.547 [info] > git status -z -uall [15ms]
2025-04-23 22:57:28.566 [info] > git for-each-ref --format=%(refname)%00%(upstream:short)%00%(objectname)%00%(upstream:track)%00%(upstream:remotename)%00%(upstream:remoteref) refs/heads/main refs/remotes/main [12ms]
2025-04-23 22:57:28.576 [info] > git config --local branch.main.vscode-merge-base [5ms]
2025-04-23 22:57:28.591 [info] > git for-each-ref --format=%(refname)%00%(upstream:short)%00%(objectname)%00%(upstream:track)%00%(upstream:remotename)%00%(upstream:remoteref) refs/heads/origin/main refs/remotes/origin/main [9ms]
2025-04-23 22:57:36.983 [info] > git add -A -- . [23ms]
2025-04-23 22:57:37.053 [info] > git -c user.useConfigOnly=true commit --quiet --allow-empty-message --file - [65ms]
2025-04-23 22:57:37.064 [info] > git config --get commit.template [5ms]
2025-04-23 22:57:37.078 [info] > git config --get commit.template [7ms]
2025-04-23 22:57:37.098 [info] > git for-each-ref --format=%(refname)%00%(upstream:short)%00%(objectname)%00%(upstream:track)%00%(upstream:remotename)%00%(upstream:remoteref) refs/heads/main refs/remotes/main [21ms]
2025-04-23 22:57:37.120 [info] > git status -z -uall [15ms]
2025-04-23 22:57:37.140 [info] > git for-each-ref --format=%(refname)%00%(upstream:short)%00%(objectname)%00%(upstream:track)%00%(upstream:remotename)%00%(upstream:remoteref) refs/heads/main refs/remotes/main [13ms]
2025-04-23 22:57:37.151 [info] > git config --local branch.main.vscode-merge-base [5ms]
2025-04-23 22:57:37.166 [info] > git for-each-ref --format=%(refname)%00%(upstream:short)%00%(objectname)%00%(upstream:track)%00%(upstream:remotename)%00%(upstream:remoteref) refs/heads/origin/main refs/remotes/origin/main [9ms]
2025-04-23 22:57:37.182 [info] > git merge-base refs/heads/main refs/remotes/origin/main [10ms]
2025-04-23 22:57:37.200 [info] > git rev-list --count --left-right refs/heads/main...refs/remotes/origin/main [12ms]
2025-04-23 22:57:37.215 [info] > git diff --name-status -z --diff-filter=ADMR 91e21b31ac73b5311e8f8a86cbecc7c8a77c1e28...refs/remotes/origin/main [9ms]
2025-04-23 22:57:37.351 [info] > git config --get commit.template [6ms]
2025-04-23 22:57:37.365 [info] > git for-each-ref --format=%(refname)%00%(upstream:short)%00%(objectname)%00%(upstream:track)%00%(upstream:remotename)%00%(upstream:remoteref) refs/heads/main refs/remotes/main [15ms]
2025-04-23 22:57:37.371 [info] > git merge-base refs/heads/main refs/remotes/origin/main [11ms]
2025-04-23 22:57:37.387 [info] > git status -z -uall [16ms]
2025-04-23 22:57:37.396 [info] > git rev-list --count --left-right refs/heads/main...refs/remotes/origin/main [18ms]
2025-04-23 22:57:37.408 [info] > git for-each-ref --format=%(refname)%00%(upstream:short)%00%(objectname)%00%(upstream:track)%00%(upstream:remotename)%00%(upstream:remoteref) refs/heads/main refs/remotes/main [14ms]
2025-04-23 22:57:37.418 [info] > git config --local branch.main.vscode-merge-base [4ms]
2025-04-23 22:57:37.435 [info] > git for-each-ref --format=%(refname)%00%(upstream:short)%00%(objectname)%00%(upstream:track)%00%(upstream:remotename)%00%(upstream:remoteref) refs/heads/origin/main refs/remotes/origin/main [11ms]
2025-04-23 22:57:38.291 [info] > git log --oneline --cherry main...main@{upstream} -- [12ms]
2025-04-23 22:57:39.582 [info] > git ls-files --stage -- /home/hwlee4/ICS45C/HW3/gtest/student_gtests.cpp [6ms]
2025-04-23 22:57:39.599 [info] > git cat-file -s e9e6bdc3ffc53b4c1579a7401a2b30d13a6c3763 [11ms]
2025-04-23 22:57:39.665 [info] > git pull --tags origin main [1370ms]
2025-04-23 22:57:39.665 [info] From github.com:klefstad-teaching/ics-45c-hw3-hwlee4
 * branch            main       -> FETCH_HEAD
2025-04-23 22:57:39.902 [info] > git show --textconv :gtest/student_gtests.cpp [10ms]
2025-04-23 22:57:41.090 [info] > git push origin main:main [1420ms]
2025-04-23 22:57:41.090 [info] To github.com:klefstad-teaching/ics-45c-hw3-hwlee4.git
   91e21b3..b82b132  main -> main
2025-04-23 22:57:41.102 [info] > git config --get commit.template [6ms]
2025-04-23 22:57:41.114 [info] > git for-each-ref --format=%(refname)%00%(upstream:short)%00%(objectname)%00%(upstream:track)%00%(upstream:remotename)%00%(upstream:remoteref) refs/heads/main refs/remotes/main [13ms]
2025-04-23 22:57:41.134 [info] > git status -z -uall [15ms]
2025-04-23 22:57:41.154 [info] > git for-each-ref --format=%(refname)%00%(upstream:short)%00%(objectname)%00%(upstream:track)%00%(upstream:remotename)%00%(upstream:remoteref) refs/heads/main refs/remotes/main [14ms]
2025-04-23 22:57:41.160 [info] > git ls-files --stage -- /home/hwlee4/ICS45C/HW3/gtest/student_gtests.cpp [7ms]
2025-04-23 22:57:41.165 [info] > git config --local branch.main.vscode-merge-base [6ms]
2025-04-23 22:57:41.172 [info] > git cat-file -s e9e6bdc3ffc53b4c1579a7401a2b30d13a6c3763 [8ms]
2025-04-23 22:57:41.181 [info] > git for-each-ref --format=%(refname)%00%(upstream:short)%00%(objectname)%00%(upstream:track)%00%(upstream:remotename)%00%(upstream:remoteref) refs/heads/origin/main refs/remotes/origin/main [10ms]
2025-04-23 22:57:41.196 [info] > git merge-base refs/heads/main refs/remotes/origin/main [9ms]
2025-04-23 22:57:41.213 [info] > git rev-list --count --left-right refs/heads/main...refs/remotes/origin/main [12ms]
2025-04-23 22:57:41.230 [info] > git diff --name-status -z --diff-filter=ADMR b82b13244c860b4b7663b453b8013197209cca25...refs/remotes/origin/main [10ms]
2025-04-23 22:57:41.347 [info] > git show --textconv :gtest/student_gtests.cpp [11ms]
2025-04-23 22:57:41.351 [info] > git merge-base refs/heads/main refs/remotes/origin/main [9ms]
2025-04-23 22:57:41.367 [info] > git rev-list --count --left-right refs/heads/main...refs/remotes/origin/main [12ms]
2025-04-23 22:57:42.356 [info] > git config --get commit.template [5ms]
2025-04-23 22:57:42.367 [info] > git for-each-ref --format=%(refname)%00%(upstream:short)%00%(objectname)%00%(upstream:track)%00%(upstream:remotename)%00%(upstream:remoteref) refs/heads/main refs/remotes/main [12ms]
2025-04-23 22:57:42.396 [info] > git status -z -uall [23ms]
2025-04-23 22:57:42.413 [info] > git for-each-ref --format=%(refname)%00%(upstream:short)%00%(objectname)%00%(upstream:track)%00%(upstream:remotename)%00%(upstream:remoteref) refs/heads/main refs/remotes/main [11ms]
2025-04-23 22:57:42.423 [info] > git config --local branch.main.vscode-merge-base [4ms]
2025-04-23 22:57:42.438 [info] > git for-each-ref --format=%(refname)%00%(upstream:short)%00%(objectname)%00%(upstream:track)%00%(upstream:remotename)%00%(upstream:remoteref) refs/heads/origin/main refs/remotes/origin/main [9ms]
2025-04-23 22:57:42.642 [info] > git ls-files --stage -- /home/hwlee4/ICS45C/HW3/gtest/student_gtests.cpp [7ms]
2025-04-23 22:57:42.655 [info] > git cat-file -s e9e6bdc3ffc53b4c1579a7401a2b30d13a6c3763 [8ms]
2025-04-23 22:57:42.744 [info] > git show --textconv :gtest/student_gtests.cpp [10ms]
