2025-02-12 20:15:24.103 [info] Log level: Info
2025-02-12 20:15:24.104 [info] Validating found git in: "git"
2025-02-12 20:15:24.104 [info] Using git "2.34.1" from "git"
2025-02-12 20:15:24.104 [info] > git rev-parse --show-toplevel [14ms]
2025-02-12 20:15:24.104 [info] > git rev-parse --path-format=relative --show-toplevel [5ms]
2025-02-12 20:15:24.104 [info] > git rev-parse --show-toplevel [7ms]
2025-02-12 20:15:24.104 [info] > git rev-parse --path-format=relative --show-toplevel [5ms]
2025-02-12 20:15:24.104 [info] > git rev-parse --git-dir --git-common-dir [5ms]
2025-02-12 20:15:24.104 [info] Open repository: /home/hwlee4/ICS45C/HW5
2025-02-12 20:15:24.104 [info] > git rev-parse --show-toplevel [9ms]
2025-02-12 20:15:24.104 [info] > git config --get commit.template [18ms]
2025-02-12 20:15:24.104 [info] > git rev-parse --path-format=relative --show-toplevel [10ms]
2025-02-12 20:15:24.104 [info] > git rev-parse --git-dir --git-common-dir [5ms]
2025-02-12 20:15:24.104 [info] Open repository: /home/hwlee4/ICS45C/HW4
2025-02-12 20:15:24.104 [info] > git for-each-ref --format=%(refname)%00%(upstream:short)%00%(objectname)%00%(upstream:track)%00%(upstream:remotename)%00%(upstream:remoteref) refs/heads/main refs/remotes/main [33ms]
2025-02-12 20:15:24.104 [info] > git config --get commit.template [7ms]
2025-02-12 20:15:24.104 [info] > git rev-parse --show-toplevel [10ms]
2025-02-12 20:15:24.104 [info] > git rev-parse --path-format=relative --show-toplevel [9ms]
2025-02-12 20:15:24.104 [info] > git rev-parse --git-dir --git-common-dir [6ms]
2025-02-12 20:15:24.104 [info] Open repository: /home/hwlee4/ICS45C/HW0
2025-02-12 20:15:24.104 [info] > git for-each-ref --format=%(refname)%00%(upstream:short)%00%(objectname)%00%(upstream:track)%00%(upstream:remotename)%00%(upstream:remoteref) refs/heads/main refs/remotes/main [44ms]
2025-02-12 20:15:24.104 [info] > git config --get commit.template [8ms]
2025-02-12 20:15:24.104 [info] > git status -z -uall [42ms]
2025-02-12 20:15:24.104 [info] > git rev-parse --show-toplevel [10ms]
2025-02-12 20:15:24.104 [info] > git rev-parse --path-format=relative --show-toplevel [30ms]
2025-02-12 20:15:24.104 [info] > git for-each-ref --format=%(refname)%00%(upstream:short)%00%(objectname)%00%(upstream:track)%00%(upstream:remotename)%00%(upstream:remoteref) refs/heads/main refs/remotes/main [35ms]
2025-02-12 20:15:24.104 [info] > git for-each-ref --format=%(refname)%00%(upstream:short)%00%(objectname)%00%(upstream:track)%00%(upstream:remotename)%00%(upstream:remoteref) refs/heads/main refs/remotes/main [28ms]
2025-02-12 20:15:24.104 [info] > git rev-parse --git-dir --git-common-dir [8ms]
2025-02-12 20:15:24.104 [info] Open repository: /home/hwlee4/ICS45C/HW1
2025-02-12 20:15:24.104 [info] > git config --get commit.template [24ms]
2025-02-12 20:15:24.104 [info] > git status -z -uall [40ms]
2025-02-12 20:15:24.104 [info] > git config --local branch.main.vscode-merge-base [23ms]
2025-02-12 20:15:24.104 [info] > git rev-parse --show-toplevel [8ms]
2025-02-12 20:15:24.104 [info] > git config --get commit.template [17ms]
2025-02-12 20:15:24.104 [info] > git for-each-ref --format=%(refname)%00%(upstream:short)%00%(objectname)%00%(upstream:track)%00%(upstream:remotename)%00%(upstream:remoteref) refs/heads/main refs/remotes/main [20ms]
2025-02-12 20:15:24.104 [info] > git rev-parse --path-format=relative --show-toplevel [24ms]
2025-02-12 20:15:24.104 [info] > git for-each-ref --format=%(refname)%00%(upstream:short)%00%(objectname)%00%(upstream:track)%00%(upstream:remotename)%00%(upstream:remoteref) refs/heads/origin/main refs/remotes/origin/main [30ms]
2025-02-12 20:15:24.104 [info] > git status -z -uall [25ms]
2025-02-12 20:15:24.104 [info] > git config --get commit.template [21ms]
2025-02-12 20:15:24.104 [info] > git for-each-ref --format=%(refname)%00%(upstream:short)%00%(objectname)%00%(upstream:track)%00%(upstream:remotename)%00%(upstream:remoteref) refs/heads/main refs/remotes/main [37ms]
2025-02-12 20:15:24.104 [info] > git rev-parse --git-dir --git-common-dir [9ms]
2025-02-12 20:15:24.104 [info] Open repository: /home/hwlee4/ICS45C/HW2
2025-02-12 20:15:24.104 [info] > git merge-base refs/heads/main refs/remotes/origin/main [30ms]
2025-02-12 20:15:24.104 [info] > git status -z -uall [19ms]
2025-02-12 20:15:24.104 [info] > git rev-list --count --left-right refs/heads/main...refs/remotes/origin/main [36ms]
2025-02-12 20:15:24.104 [info] > git for-each-ref --format=%(refname)%00%(upstream:short)%00%(objectname)%00%(upstream:track)%00%(upstream:remotename)%00%(upstream:remoteref) refs/heads/main refs/remotes/main [70ms]
2025-02-12 20:15:24.104 [info] > git config --local branch.main.vscode-merge-base [59ms]
2025-02-12 20:15:24.104 [info] > git config --get commit.template [17ms]
2025-02-12 20:15:24.104 [info] > git rev-parse --show-toplevel [22ms]
2025-02-12 20:15:24.104 [info] > git config --get commit.template [29ms]
2025-02-12 20:15:24.104 [info] > git for-each-ref --format=%(refname)%00%(upstream:short)%00%(objectname)%00%(upstream:track)%00%(upstream:remotename)%00%(upstream:remoteref) refs/heads/main refs/remotes/main [35ms]
2025-02-12 20:15:24.104 [info] > git for-each-ref --format=%(refname)%00%(upstream:short)%00%(objectname)%00%(upstream:track)%00%(upstream:remotename)%00%(upstream:remoteref) refs/heads/main refs/remotes/main [59ms]
2025-02-12 20:15:24.104 [info] > git rev-parse --path-format=relative --show-toplevel [16ms]
2025-02-12 20:15:24.104 [info] > git for-each-ref --format=%(refname)%00%(upstream:short)%00%(objectname)%00%(upstream:track)%00%(upstream:remotename)%00%(upstream:remoteref) refs/heads/origin/main refs/remotes/origin/main [23ms]
2025-02-12 20:15:24.104 [info] > git diff --name-status -z --diff-filter=ADMR 58f50140abd827198c0c5cab6956c3597c5a7fd4...refs/remotes/origin/main [34ms]
2025-02-12 20:15:24.104 [info] > git for-each-ref --format=%(refname)%00%(upstream:short)%00%(objectname)%00%(upstream:track)%00%(upstream:remotename)%00%(upstream:remoteref) refs/heads/main refs/remotes/main [25ms]
2025-02-12 20:15:24.104 [info] > git config --local branch.main.vscode-merge-base [23ms]
2025-02-12 20:15:24.104 [info] > git config --local branch.main.vscode-merge-base [34ms]
2025-02-12 20:15:24.104 [info] > git rev-parse --git-dir --git-common-dir [43ms]
2025-02-12 20:15:24.104 [info] Open repository: /home/hwlee4/ICS45C/HW3
2025-02-12 20:15:24.104 [info] > git merge-base refs/heads/main refs/remotes/origin/main [70ms]
2025-02-12 20:15:24.104 [info] > git status -z -uall [41ms]
2025-02-12 20:15:24.104 [info] > git for-each-ref --format=%(refname)%00%(upstream:short)%00%(objectname)%00%(upstream:track)%00%(upstream:remotename)%00%(upstream:remoteref) refs/heads/origin/main refs/remotes/origin/main [34ms]
2025-02-12 20:15:24.104 [info] > git for-each-ref --format=%(refname)%00%(upstream:short)%00%(objectname)%00%(upstream:track)%00%(upstream:remotename)%00%(upstream:remoteref) refs/heads/main refs/remotes/main [59ms]
2025-02-12 20:15:24.104 [info] > git for-each-ref --format=%(refname)%00%(upstream:short)%00%(objectname)%00%(upstream:track)%00%(upstream:remotename)%00%(upstream:remoteref) refs/heads/origin/main refs/remotes/origin/main [81ms]
2025-02-12 20:15:24.104 [info] > git for-each-ref --format=%(refname)%00%(upstream:short)%00%(objectname)%00%(upstream:track)%00%(upstream:remotename)%00%(upstream:remoteref) refs/heads/main refs/remotes/main [101ms]
2025-02-12 20:15:24.104 [info] > git status -z -uall [59ms]
2025-02-12 20:15:24.104 [info] > git merge-base refs/heads/main refs/remotes/origin/main [33ms]
2025-02-12 20:15:24.104 [info] > git for-each-ref --format=%(refname)%00%(upstream:short)%00%(objectname)%00%(upstream:track)%00%(upstream:remotename)%00%(upstream:remoteref) refs/heads/main refs/remotes/main [50ms]
2025-02-12 20:15:24.104 [info] > git config --get commit.template [64ms]
2025-02-12 20:15:24.104 [info] > git rev-list --count --left-right refs/heads/main...refs/remotes/origin/main [81ms]
2025-02-12 20:15:24.104 [info] > git config --local branch.main.vscode-merge-base [19ms]
2025-02-12 20:15:24.104 [info] > git rev-list --count --left-right refs/heads/main...refs/remotes/origin/main [28ms]
2025-02-12 20:15:24.104 [info] > git config --get commit.template [39ms]
2025-02-12 20:15:24.104 [info] > git diff --name-status -z --diff-filter=ADMR 23f1d7363861263b3745c679b62ddb8e2fdc6e7e...refs/remotes/origin/main [23ms]
2025-02-12 20:15:24.104 [info] > git for-each-ref --format=%(refname)%00%(upstream:short)%00%(objectname)%00%(upstream:track)%00%(upstream:remotename)%00%(upstream:remoteref) refs/heads/main refs/remotes/main [30ms]
2025-02-12 20:15:24.104 [info] > git diff --name-status -z --diff-filter=ADMR bddd0b0d0cfc38d0bcdb3142f43ffb36c1294495...refs/remotes/origin/main [27ms]
2025-02-12 20:15:24.104 [info] > git for-each-ref --format=%(refname)%00%(upstream:short)%00%(objectname)%00%(upstream:track)%00%(upstream:remotename)%00%(upstream:remoteref) refs/heads/origin/main refs/remotes/origin/main [32ms]
2025-02-12 20:15:24.104 [info] > git for-each-ref --format=%(refname)%00%(upstream:short)%00%(objectname)%00%(upstream:track)%00%(upstream:remotename)%00%(upstream:remoteref) refs/heads/main refs/remotes/main [18ms]
2025-02-12 20:15:24.104 [info] > git for-each-ref --format=%(refname)%00%(upstream:short)%00%(objectname)%00%(upstream:track)%00%(upstream:remotename)%00%(upstream:remoteref) refs/heads/main refs/remotes/main [31ms]
2025-02-12 20:15:24.104 [info] > git config --local branch.main.vscode-merge-base [23ms]
2025-02-12 20:15:24.104 [info] > git status -z -uall [90ms]
2025-02-12 20:15:24.104 [info] > git status -z -uall [86ms]
2025-02-12 20:15:24.104 [info] > git for-each-ref --format=%(refname)%00%(upstream:short)%00%(objectname)%00%(upstream:track)%00%(upstream:remotename)%00%(upstream:remoteref) refs/heads/origin/main refs/remotes/origin/main [84ms]
2025-02-12 20:15:24.104 [info] > git merge-base refs/heads/main refs/remotes/origin/main [105ms]
2025-02-12 20:15:24.105 [info] > git for-each-ref --format=%(refname)%00%(upstream:short)%00%(objectname)%00%(upstream:track)%00%(upstream:remotename)%00%(upstream:remoteref) refs/heads/main refs/remotes/main [34ms]
2025-02-12 20:15:24.105 [info] > git for-each-ref --format=%(refname)%00%(upstream:short)%00%(objectname)%00%(upstream:track)%00%(upstream:remotename)%00%(upstream:remoteref) refs/heads/main refs/remotes/main [41ms]
2025-02-12 20:15:24.109 [info] > git status -z -uall [39ms]
2025-02-12 20:15:24.109 [info] > git status -z -uall [24ms]
2025-02-12 20:15:24.109 [info] > git rev-list --count --left-right refs/heads/main...refs/remotes/origin/main [44ms]
2025-02-12 20:15:24.114 [info] > git config --local branch.main.vscode-merge-base [33ms]
2025-02-12 20:15:24.118 [info] > git config --get commit.template [44ms]
2025-02-12 20:15:24.134 [info] > git config --local branch.main.vscode-merge-base [34ms]
2025-02-12 20:15:24.153 [info] > git for-each-ref --format=%(refname)%00%(upstream:short)%00%(objectname)%00%(upstream:track)%00%(upstream:remotename)%00%(upstream:remoteref) refs/heads/main refs/remotes/main [25ms]
2025-02-12 20:15:24.159 [info] > git for-each-ref --format=%(refname)%00%(upstream:short)%00%(objectname)%00%(upstream:track)%00%(upstream:remotename)%00%(upstream:remoteref) refs/heads/main refs/remotes/main [38ms]
2025-02-12 20:15:24.160 [info] > git for-each-ref --format=%(refname)%00%(upstream:short)%00%(objectname)%00%(upstream:track)%00%(upstream:remotename)%00%(upstream:remoteref) refs/heads/origin/main refs/remotes/origin/main [42ms]
2025-02-12 20:15:24.162 [info] > git diff --name-status -z --diff-filter=ADMR cf8d5839cd08372c62f09381215e8d81994990a6...refs/remotes/origin/main [49ms]
2025-02-12 20:15:24.165 [info] > git config --get commit.template [15ms]
2025-02-12 20:15:24.165 [info] > git for-each-ref --format=%(refname)%00%(upstream:short)%00%(objectname)%00%(upstream:track)%00%(upstream:remotename)%00%(upstream:remoteref) refs/heads/main refs/remotes/main [22ms]
2025-02-12 20:15:24.170 [info] > git for-each-ref --format=%(refname)%00%(upstream:short)%00%(objectname)%00%(upstream:track)%00%(upstream:remotename)%00%(upstream:remoteref) refs/heads/origin/main refs/remotes/origin/main [31ms]
2025-02-12 20:15:24.175 [info] > git config --local branch.main.vscode-merge-base [16ms]
2025-02-12 20:15:24.184 [info] > git config --local branch.main.vscode-merge-base [15ms]
2025-02-12 20:15:24.195 [info] > git merge-base refs/heads/main refs/remotes/origin/main [21ms]
2025-02-12 20:15:24.201 [info] > git for-each-ref --format=%(refname)%00%(upstream:short)%00%(objectname)%00%(upstream:track)%00%(upstream:remotename)%00%(upstream:remoteref) refs/heads/origin/main refs/remotes/origin/main [22ms]
2025-02-12 20:15:24.211 [info] > git for-each-ref --format=%(refname)%00%(upstream:short)%00%(objectname)%00%(upstream:track)%00%(upstream:remotename)%00%(upstream:remoteref) refs/heads/origin/main refs/remotes/origin/main [20ms]
2025-02-12 20:15:24.211 [info] > git for-each-ref --format=%(refname)%00%(upstream:short)%00%(objectname)%00%(upstream:track)%00%(upstream:remotename)%00%(upstream:remoteref) refs/heads/main refs/remotes/main [28ms]
2025-02-12 20:15:24.218 [info] > git status -z -uall [24ms]
2025-02-12 20:15:24.218 [info] > git merge-base refs/heads/main refs/remotes/origin/main [12ms]
2025-02-12 20:15:24.224 [info] > git rev-list --count --left-right refs/heads/main...refs/remotes/origin/main [24ms]
2025-02-12 20:15:24.269 [info] > git status -z -uall [52ms]
2025-02-12 20:15:24.270 [info] > git for-each-ref --format=%(refname)%00%(upstream:short)%00%(objectname)%00%(upstream:track)%00%(upstream:remotename)%00%(upstream:remoteref) refs/heads/main refs/remotes/main [35ms]
2025-02-12 20:15:24.275 [info] > git diff --name-status -z --diff-filter=ADMR 94ef69ee95c8de87a59616891bc9c945d7661a95...refs/remotes/origin/main [46ms]
2025-02-12 20:15:24.283 [info] > git rev-list --count --left-right refs/heads/main...refs/remotes/origin/main [60ms]
2025-02-12 20:15:24.290 [info] > git config --local branch.main.vscode-merge-base [15ms]
2025-02-12 20:15:24.295 [info] > git rev-parse --show-toplevel [27ms]
2025-02-12 20:15:24.301 [info] > git for-each-ref --format=%(refname)%00%(upstream:short)%00%(objectname)%00%(upstream:track)%00%(upstream:remotename)%00%(upstream:remoteref) refs/heads/main refs/remotes/main [20ms]
2025-02-12 20:15:24.306 [info] > git rev-parse --path-format=relative --show-toplevel [7ms]
2025-02-12 20:15:24.307 [info] > git diff --name-status -z --diff-filter=ADMR 83b8c9caa62299ec43412888acef026380525026...refs/remotes/origin/main [18ms]
2025-02-12 20:15:24.308 [info] > git for-each-ref --format=%(refname)%00%(upstream:short)%00%(objectname)%00%(upstream:track)%00%(upstream:remotename)%00%(upstream:remoteref) refs/heads/origin/main refs/remotes/origin/main [13ms]
2025-02-12 20:15:24.310 [info] > git config --local branch.main.vscode-merge-base [5ms]
2025-02-12 20:15:24.326 [info] > git for-each-ref --format=%(refname)%00%(upstream:short)%00%(objectname)%00%(upstream:track)%00%(upstream:remotename)%00%(upstream:remoteref) refs/heads/origin/main refs/remotes/origin/main [11ms]
2025-02-12 20:15:24.408 [info] > git rev-parse --show-toplevel [7ms]
2025-02-12 20:15:24.418 [info] > git rev-parse --path-format=relative --show-toplevel [7ms]
2025-02-12 20:15:24.608 [info] > git check-ignore -v -z --stdin [8ms]
2025-02-12 20:15:24.612 [info] > git check-ignore -v -z --stdin [8ms]
2025-02-12 20:15:24.664 [info] > git rev-parse --show-toplevel [6ms]
2025-02-12 20:15:24.674 [info] > git rev-parse --path-format=relative --show-toplevel [7ms]
2025-02-12 20:15:25.151 [info] > git check-ignore -v -z --stdin [10ms]
2025-02-12 20:15:25.155 [info] > git check-ignore -v -z --stdin [9ms]
2025-02-12 20:15:25.271 [info] > git rev-parse --show-toplevel [9ms]
2025-02-12 20:15:25.281 [info] > git rev-parse --path-format=relative --show-toplevel [7ms]
2025-02-12 20:15:25.424 [info] > git merge-base refs/heads/main refs/remotes/origin/main [45ms]
2025-02-12 20:15:25.444 [info] > git rev-list --count --left-right refs/heads/main...refs/remotes/origin/main [16ms]
2025-02-12 20:15:25.610 [info] > git rev-parse --show-toplevel [4ms]
2025-02-12 20:15:25.620 [info] > git rev-parse --path-format=relative --show-toplevel [6ms]
2025-02-12 20:15:25.765 [info] > git check-ignore -v -z --stdin [13ms]
2025-02-12 20:15:25.770 [info] > git check-ignore -v -z --stdin [12ms]
2025-02-12 20:15:26.282 [info] > git check-ignore -v -z --stdin [7ms]
2025-02-12 20:15:26.286 [info] > git check-ignore -v -z --stdin [8ms]
2025-02-12 20:15:26.435 [info] > git ls-files --stage -- /home/hwlee4/ICS45C/HW5/src/string.cpp [9ms]
2025-02-12 20:15:26.440 [info] > git show --textconv :src/string.cpp [18ms]
2025-02-12 20:15:26.448 [info] > git cat-file -s c67853051d71d8edb65c2bc028882f797905d2bc [8ms]
2025-02-12 20:15:26.919 [info] > git show --textconv :src/string.cpp [33ms]
2025-02-12 20:15:26.921 [info] > git merge-base refs/heads/main refs/remotes/origin/main [21ms]
2025-02-12 20:15:26.925 [info] > git merge-base refs/heads/main refs/remotes/origin/main [30ms]
2025-02-12 20:15:26.930 [info] > git ls-files --stage -- /home/hwlee4/ICS45C/HW4/src/string.cpp [41ms]
2025-02-12 20:15:26.952 [info] > git merge-base refs/heads/main refs/remotes/origin/main [41ms]
2025-02-12 20:15:26.958 [info] > git merge-base refs/heads/main refs/remotes/origin/main [51ms]
2025-02-12 20:15:26.963 [info] > git merge-base refs/heads/main refs/remotes/origin/main [60ms]
2025-02-12 20:15:26.970 [info] > git rev-list --count --left-right refs/heads/main...refs/remotes/origin/main [41ms]
2025-02-12 20:15:26.971 [info] > git cat-file -s 81133ed10be562793c12e8e81fcee70f2beb48aa [38ms]
2025-02-12 20:15:26.972 [info] > git rev-list --count --left-right refs/heads/main...refs/remotes/origin/main [47ms]
2025-02-12 20:15:26.975 [info] > git rev-list --count --left-right refs/heads/main...refs/remotes/origin/main [17ms]
2025-02-12 20:15:26.980 [info] > git rev-list --count --left-right refs/heads/main...refs/remotes/origin/main [17ms]
2025-02-12 20:15:26.983 [info] > git rev-list --count --left-right refs/heads/main...refs/remotes/origin/main [15ms]
2025-02-12 20:15:29.083 [info] > git rev-parse --show-toplevel [7ms]
2025-02-12 20:15:29.092 [info] > git rev-parse --path-format=relative --show-toplevel [6ms]
2025-02-12 20:15:29.102 [info] > git rev-parse --show-toplevel [6ms]
2025-02-12 20:15:29.111 [info] > git rev-parse --path-format=relative --show-toplevel [6ms]
2025-02-12 20:15:30.948 [info] > git rev-parse --show-toplevel [6ms]
2025-02-12 20:15:30.958 [info] > git rev-parse --path-format=relative --show-toplevel [6ms]
2025-02-12 20:17:53.542 [info] > git ls-files --stage -- /home/hwlee4/ICS45C/HW5/src/list.hpp [6ms]
2025-02-12 20:17:53.549 [info] > git show --textconv :src/list.hpp [19ms]
2025-02-12 20:17:53.558 [info] > git cat-file -s 6d5c24a7f4848b894ede63323ece90d724a4c19b [10ms]
2025-02-12 20:18:21.233 [info] > git ls-files --stage -- /home/hwlee4/ICS45C/HW5/src/string.cpp [6ms]
2025-02-12 20:18:21.238 [info] > git show --textconv :src/string.cpp [15ms]
2025-02-12 20:18:21.246 [info] > git cat-file -s c67853051d71d8edb65c2bc028882f797905d2bc [9ms]
2025-02-12 20:18:24.461 [info] > git config --get commit.template [7ms]
2025-02-12 20:18:24.478 [info] > git for-each-ref --format=%(refname)%00%(upstream:short)%00%(objectname)%00%(upstream:track)%00%(upstream:remotename)%00%(upstream:remoteref) refs/heads/main refs/remotes/main [17ms]
2025-02-12 20:18:24.511 [info] > git status -z -uall [28ms]
2025-02-12 20:18:24.531 [info] > git for-each-ref --format=%(refname)%00%(upstream:short)%00%(objectname)%00%(upstream:track)%00%(upstream:remotename)%00%(upstream:remoteref) refs/heads/main refs/remotes/main [12ms]
2025-02-12 20:18:24.541 [info] > git config --local branch.main.vscode-merge-base [5ms]
2025-02-12 20:18:24.557 [info] > git for-each-ref --format=%(refname)%00%(upstream:short)%00%(objectname)%00%(upstream:track)%00%(upstream:remotename)%00%(upstream:remoteref) refs/heads/origin/main refs/remotes/origin/main [10ms]
2025-02-12 20:18:29.535 [info] > git config --get commit.template [6ms]
2025-02-12 20:18:29.550 [info] > git for-each-ref --format=%(refname)%00%(upstream:short)%00%(objectname)%00%(upstream:track)%00%(upstream:remotename)%00%(upstream:remoteref) refs/heads/main refs/remotes/main [16ms]
2025-02-12 20:18:29.577 [info] > git status -z -uall [21ms]
2025-02-12 20:18:29.597 [info] > git for-each-ref --format=%(refname)%00%(upstream:short)%00%(objectname)%00%(upstream:track)%00%(upstream:remotename)%00%(upstream:remoteref) refs/heads/main refs/remotes/main [13ms]
2025-02-12 20:18:29.611 [info] > git config --local branch.main.vscode-merge-base [9ms]
2025-02-12 20:18:29.626 [info] > git for-each-ref --format=%(refname)%00%(upstream:short)%00%(objectname)%00%(upstream:track)%00%(upstream:remotename)%00%(upstream:remoteref) refs/heads/origin/main refs/remotes/origin/main [10ms]
2025-02-12 20:18:37.799 [info] > git show --textconv :src/string.hpp [9ms]
2025-02-12 20:18:37.802 [info] > git ls-files --stage -- /home/hwlee4/ICS45C/HW5/src/string.hpp [6ms]
2025-02-12 20:18:37.815 [info] > git cat-file -s 10af9d727eca98f1d2a2bd42fbed0a73f5db62de [9ms]
2025-02-12 20:18:41.487 [info] > git show --textconv :src/string.cpp [11ms]
2025-02-12 20:18:41.488 [info] > git ls-files --stage -- /home/hwlee4/ICS45C/HW5/src/string.cpp [7ms]
2025-02-12 20:18:41.500 [info] > git cat-file -s c67853051d71d8edb65c2bc028882f797905d2bc [7ms]
2025-02-12 20:18:54.595 [info] > git config --get commit.template [5ms]
2025-02-12 20:18:54.607 [info] > git for-each-ref --format=%(refname)%00%(upstream:short)%00%(objectname)%00%(upstream:track)%00%(upstream:remotename)%00%(upstream:remoteref) refs/heads/main refs/remotes/main [13ms]
2025-02-12 20:18:54.629 [info] > git status -z -uall [16ms]
2025-02-12 20:18:54.649 [info] > git for-each-ref --format=%(refname)%00%(upstream:short)%00%(objectname)%00%(upstream:track)%00%(upstream:remotename)%00%(upstream:remoteref) refs/heads/main refs/remotes/main [14ms]
2025-02-12 20:18:54.660 [info] > git config --local branch.main.vscode-merge-base [4ms]
2025-02-12 20:18:54.674 [info] > git for-each-ref --format=%(refname)%00%(upstream:short)%00%(objectname)%00%(upstream:track)%00%(upstream:remotename)%00%(upstream:remoteref) refs/heads/origin/main refs/remotes/origin/main [10ms]
2025-02-12 20:18:59.650 [info] > git config --get commit.template [7ms]
2025-02-12 20:18:59.661 [info] > git for-each-ref --format=%(refname)%00%(upstream:short)%00%(objectname)%00%(upstream:track)%00%(upstream:remotename)%00%(upstream:remoteref) refs/heads/main refs/remotes/main [13ms]
2025-02-12 20:18:59.684 [info] > git status -z -uall [17ms]
2025-02-12 20:18:59.705 [info] > git for-each-ref --format=%(refname)%00%(upstream:short)%00%(objectname)%00%(upstream:track)%00%(upstream:remotename)%00%(upstream:remoteref) refs/heads/main refs/remotes/main [14ms]
2025-02-12 20:18:59.716 [info] > git config --local branch.main.vscode-merge-base [6ms]
2025-02-12 20:18:59.733 [info] > git for-each-ref --format=%(refname)%00%(upstream:short)%00%(objectname)%00%(upstream:track)%00%(upstream:remotename)%00%(upstream:remoteref) refs/heads/origin/main refs/remotes/origin/main [12ms]
2025-02-12 20:19:04.707 [info] > git config --get commit.template [5ms]
2025-02-12 20:19:04.720 [info] > git for-each-ref --format=%(refname)%00%(upstream:short)%00%(objectname)%00%(upstream:track)%00%(upstream:remotename)%00%(upstream:remoteref) refs/heads/main refs/remotes/main [14ms]
2025-02-12 20:19:04.743 [info] > git status -z -uall [17ms]
2025-02-12 20:19:04.762 [info] > git for-each-ref --format=%(refname)%00%(upstream:short)%00%(objectname)%00%(upstream:track)%00%(upstream:remotename)%00%(upstream:remoteref) refs/heads/main refs/remotes/main [13ms]
2025-02-12 20:19:04.773 [info] > git config --local branch.main.vscode-merge-base [5ms]
2025-02-12 20:19:04.789 [info] > git for-each-ref --format=%(refname)%00%(upstream:short)%00%(objectname)%00%(upstream:track)%00%(upstream:remotename)%00%(upstream:remoteref) refs/heads/origin/main refs/remotes/origin/main [11ms]
2025-02-12 20:19:10.938 [info] > git show --textconv :src/string.hpp [8ms]
2025-02-12 20:19:10.941 [info] > git ls-files --stage -- /home/hwlee4/ICS45C/HW5/src/string.hpp [7ms]
2025-02-12 20:19:10.954 [info] > git cat-file -s 10af9d727eca98f1d2a2bd42fbed0a73f5db62de [9ms]
2025-02-12 20:19:25.961 [info] > git config --get commit.template [6ms]
2025-02-12 20:19:25.975 [info] > git for-each-ref --format=%(refname)%00%(upstream:short)%00%(objectname)%00%(upstream:track)%00%(upstream:remotename)%00%(upstream:remoteref) refs/heads/main refs/remotes/main [15ms]
2025-02-12 20:19:26.012 [info] > git status -z -uall [23ms]
2025-02-12 20:19:26.032 [info] > git for-each-ref --format=%(refname)%00%(upstream:short)%00%(objectname)%00%(upstream:track)%00%(upstream:remotename)%00%(upstream:remoteref) refs/heads/main refs/remotes/main [14ms]
2025-02-12 20:19:26.041 [info] > git config --local branch.main.vscode-merge-base [5ms]
2025-02-12 20:19:26.057 [info] > git for-each-ref --format=%(refname)%00%(upstream:short)%00%(objectname)%00%(upstream:track)%00%(upstream:remotename)%00%(upstream:remoteref) refs/heads/origin/main refs/remotes/origin/main [10ms]
2025-02-12 20:19:31.034 [info] > git config --get commit.template [7ms]
2025-02-12 20:19:31.045 [info] > git for-each-ref --format=%(refname)%00%(upstream:short)%00%(objectname)%00%(upstream:track)%00%(upstream:remotename)%00%(upstream:remoteref) refs/heads/main refs/remotes/main [12ms]
2025-02-12 20:19:31.073 [info] > git status -z -uall [21ms]
2025-02-12 20:19:31.093 [info] > git for-each-ref --format=%(refname)%00%(upstream:short)%00%(objectname)%00%(upstream:track)%00%(upstream:remotename)%00%(upstream:remoteref) refs/heads/main refs/remotes/main [14ms]
2025-02-12 20:19:31.104 [info] > git config --local branch.main.vscode-merge-base [5ms]
2025-02-12 20:19:31.121 [info] > git for-each-ref --format=%(refname)%00%(upstream:short)%00%(objectname)%00%(upstream:track)%00%(upstream:remotename)%00%(upstream:remoteref) refs/heads/origin/main refs/remotes/origin/main [12ms]
2025-02-12 20:19:36.094 [info] > git config --get commit.template [6ms]
2025-02-12 20:19:36.107 [info] > git for-each-ref --format=%(refname)%00%(upstream:short)%00%(objectname)%00%(upstream:track)%00%(upstream:remotename)%00%(upstream:remoteref) refs/heads/main refs/remotes/main [13ms]
2025-02-12 20:19:36.129 [info] > git status -z -uall [17ms]
2025-02-12 20:19:36.148 [info] > git for-each-ref --format=%(refname)%00%(upstream:short)%00%(objectname)%00%(upstream:track)%00%(upstream:remotename)%00%(upstream:remoteref) refs/heads/main refs/remotes/main [12ms]
2025-02-12 20:19:36.159 [info] > git config --local branch.main.vscode-merge-base [5ms]
2025-02-12 20:19:36.176 [info] > git for-each-ref --format=%(refname)%00%(upstream:short)%00%(objectname)%00%(upstream:track)%00%(upstream:remotename)%00%(upstream:remoteref) refs/heads/origin/main refs/remotes/origin/main [12ms]
2025-02-12 20:19:41.152 [info] > git config --get commit.template [6ms]
2025-02-12 20:19:41.163 [info] > git for-each-ref --format=%(refname)%00%(upstream:short)%00%(objectname)%00%(upstream:track)%00%(upstream:remotename)%00%(upstream:remoteref) refs/heads/main refs/remotes/main [12ms]
2025-02-12 20:19:41.186 [info] > git status -z -uall [17ms]
2025-02-12 20:19:41.208 [info] > git for-each-ref --format=%(refname)%00%(upstream:short)%00%(objectname)%00%(upstream:track)%00%(upstream:remotename)%00%(upstream:remoteref) refs/heads/main refs/remotes/main [15ms]
2025-02-12 20:19:41.228 [info] > git config --local branch.main.vscode-merge-base [13ms]
2025-02-12 20:19:41.262 [info] > git for-each-ref --format=%(refname)%00%(upstream:short)%00%(objectname)%00%(upstream:track)%00%(upstream:remotename)%00%(upstream:remoteref) refs/heads/origin/main refs/remotes/origin/main [29ms]
2025-02-12 20:19:46.209 [info] > git config --get commit.template [8ms]
2025-02-12 20:19:46.222 [info] > git for-each-ref --format=%(refname)%00%(upstream:short)%00%(objectname)%00%(upstream:track)%00%(upstream:remotename)%00%(upstream:remoteref) refs/heads/main refs/remotes/main [15ms]
2025-02-12 20:19:46.247 [info] > git status -z -uall [19ms]
2025-02-12 20:19:46.268 [info] > git for-each-ref --format=%(refname)%00%(upstream:short)%00%(objectname)%00%(upstream:track)%00%(upstream:remotename)%00%(upstream:remoteref) refs/heads/main refs/remotes/main [11ms]
2025-02-12 20:19:46.280 [info] > git config --local branch.main.vscode-merge-base [5ms]
2025-02-12 20:19:46.296 [info] > git for-each-ref --format=%(refname)%00%(upstream:short)%00%(objectname)%00%(upstream:track)%00%(upstream:remotename)%00%(upstream:remoteref) refs/heads/origin/main refs/remotes/origin/main [11ms]
2025-02-12 20:19:51.276 [info] > git config --get commit.template [6ms]
2025-02-12 20:19:51.288 [info] > git for-each-ref --format=%(refname)%00%(upstream:short)%00%(objectname)%00%(upstream:track)%00%(upstream:remotename)%00%(upstream:remoteref) refs/heads/main refs/remotes/main [13ms]
2025-02-12 20:19:51.313 [info] > git status -z -uall [17ms]
2025-02-12 20:19:51.333 [info] > git for-each-ref --format=%(refname)%00%(upstream:short)%00%(objectname)%00%(upstream:track)%00%(upstream:remotename)%00%(upstream:remoteref) refs/heads/main refs/remotes/main [13ms]
2025-02-12 20:19:51.344 [info] > git config --local branch.main.vscode-merge-base [5ms]
2025-02-12 20:19:51.360 [info] > git for-each-ref --format=%(refname)%00%(upstream:short)%00%(objectname)%00%(upstream:track)%00%(upstream:remotename)%00%(upstream:remoteref) refs/heads/origin/main refs/remotes/origin/main [11ms]
2025-02-12 20:19:56.335 [info] > git config --get commit.template [6ms]
2025-02-12 20:19:56.348 [info] > git for-each-ref --format=%(refname)%00%(upstream:short)%00%(objectname)%00%(upstream:track)%00%(upstream:remotename)%00%(upstream:remoteref) refs/heads/main refs/remotes/main [14ms]
2025-02-12 20:19:56.373 [info] > git status -z -uall [19ms]
2025-02-12 20:19:56.392 [info] > git for-each-ref --format=%(refname)%00%(upstream:short)%00%(objectname)%00%(upstream:track)%00%(upstream:remotename)%00%(upstream:remoteref) refs/heads/main refs/remotes/main [13ms]
2025-02-12 20:19:56.405 [info] > git config --local branch.main.vscode-merge-base [7ms]
2025-02-12 20:19:56.420 [info] > git for-each-ref --format=%(refname)%00%(upstream:short)%00%(objectname)%00%(upstream:track)%00%(upstream:remotename)%00%(upstream:remoteref) refs/heads/origin/main refs/remotes/origin/main [10ms]
2025-02-12 20:20:01.393 [info] > git config --get commit.template [5ms]
2025-02-12 20:20:01.404 [info] > git for-each-ref --format=%(refname)%00%(upstream:short)%00%(objectname)%00%(upstream:track)%00%(upstream:remotename)%00%(upstream:remoteref) refs/heads/main refs/remotes/main [12ms]
2025-02-12 20:20:01.425 [info] > git status -z -uall [16ms]
2025-02-12 20:20:01.446 [info] > git for-each-ref --format=%(refname)%00%(upstream:short)%00%(objectname)%00%(upstream:track)%00%(upstream:remotename)%00%(upstream:remoteref) refs/heads/main refs/remotes/main [16ms]
2025-02-12 20:20:01.455 [info] > git config --local branch.main.vscode-merge-base [5ms]
2025-02-12 20:20:01.472 [info] > git for-each-ref --format=%(refname)%00%(upstream:short)%00%(objectname)%00%(upstream:track)%00%(upstream:remotename)%00%(upstream:remoteref) refs/heads/origin/main refs/remotes/origin/main [11ms]
2025-02-12 20:20:02.037 [info] > git add -A -- . [30ms]
2025-02-12 20:20:02.197 [info] > git -c user.useConfigOnly=true commit --quiet --allow-empty-message --file - [154ms]
2025-02-12 20:20:02.208 [info] > git config --get commit.template [6ms]
2025-02-12 20:20:02.222 [info] > git config --get commit.template [7ms]
2025-02-12 20:20:02.241 [info] > git for-each-ref --format=%(refname)%00%(upstream:short)%00%(objectname)%00%(upstream:track)%00%(upstream:remotename)%00%(upstream:remoteref) refs/heads/main refs/remotes/main [19ms]
2025-02-12 20:20:02.360 [info] > git status -z -uall [113ms]
2025-02-12 20:20:02.384 [info] > git for-each-ref --format=%(refname)%00%(upstream:short)%00%(objectname)%00%(upstream:track)%00%(upstream:remotename)%00%(upstream:remoteref) refs/heads/main refs/remotes/main [18ms]
2025-02-12 20:20:02.395 [info] > git config --local branch.main.vscode-merge-base [5ms]
2025-02-12 20:20:02.411 [info] > git for-each-ref --format=%(refname)%00%(upstream:short)%00%(objectname)%00%(upstream:track)%00%(upstream:remotename)%00%(upstream:remoteref) refs/heads/origin/main refs/remotes/origin/main [10ms]
2025-02-12 20:20:02.428 [info] > git merge-base refs/heads/main refs/remotes/origin/main [11ms]
2025-02-12 20:20:02.445 [info] > git rev-list --count --left-right refs/heads/main...refs/remotes/origin/main [11ms]
2025-02-12 20:20:02.462 [info] > git diff --name-status -z --diff-filter=ADMR 58f50140abd827198c0c5cab6956c3597c5a7fd4...refs/remotes/origin/main [12ms]
2025-02-12 20:20:02.610 [info] > git config --get commit.template [21ms]
2025-02-12 20:20:02.654 [info] > git for-each-ref --format=%(refname)%00%(upstream:short)%00%(objectname)%00%(upstream:track)%00%(upstream:remotename)%00%(upstream:remoteref) refs/heads/main refs/remotes/main [61ms]
2025-02-12 20:20:02.661 [info] > git merge-base refs/heads/main refs/remotes/origin/main [24ms]
2025-02-12 20:20:02.684 [info] > git rev-list --count --left-right refs/heads/main...refs/remotes/origin/main [18ms]
2025-02-12 20:20:02.687 [info] > git status -z -uall [27ms]
2025-02-12 20:20:02.708 [info] > git for-each-ref --format=%(refname)%00%(upstream:short)%00%(objectname)%00%(upstream:track)%00%(upstream:remotename)%00%(upstream:remoteref) refs/heads/main refs/remotes/main [15ms]
2025-02-12 20:20:02.718 [info] > git config --local branch.main.vscode-merge-base [4ms]
2025-02-12 20:20:02.735 [info] > git for-each-ref --format=%(refname)%00%(upstream:short)%00%(objectname)%00%(upstream:track)%00%(upstream:remotename)%00%(upstream:remoteref) refs/heads/origin/main refs/remotes/origin/main [11ms]
2025-02-12 20:20:03.571 [info] > git ls-files --stage -- /home/hwlee4/ICS45C/HW5/src/string.hpp [6ms]
2025-02-12 20:20:03.584 [info] > git cat-file -s 10af9d727eca98f1d2a2bd42fbed0a73f5db62de [9ms]
2025-02-12 20:20:03.615 [info] > git show --textconv :src/string.hpp [12ms]
2025-02-12 20:20:04.590 [info] > git log --oneline --cherry main...main@{upstream} -- [15ms]
2025-02-12 20:20:05.839 [info] > git ls-files --stage -- /home/hwlee4/ICS45C/HW5/src/string.hpp [6ms]
2025-02-12 20:20:05.852 [info] > git cat-file -s 10af9d727eca98f1d2a2bd42fbed0a73f5db62de [9ms]
2025-02-12 20:20:05.885 [info] > git show --textconv :src/string.hpp [11ms]
2025-02-12 20:20:06.059 [info] > git pull --tags origin main [1463ms]
2025-02-12 20:20:06.060 [info] From github.com:klefstad-teaching/ics-45c-hw5-hhenrylee
 * branch            main       -> FETCH_HEAD
2025-02-12 20:20:07.329 [info] > git ls-files --stage -- /home/hwlee4/ICS45C/HW5/src/string.hpp [6ms]
2025-02-12 20:20:07.344 [info] > git cat-file -s 10af9d727eca98f1d2a2bd42fbed0a73f5db62de [10ms]
2025-02-12 20:20:07.376 [info] > git show --textconv :src/string.hpp [11ms]
2025-02-12 20:20:07.391 [info] > git push origin main:main [1324ms]
2025-02-12 20:20:07.392 [info] To github.com:klefstad-teaching/ics-45c-hw5-hhenrylee.git
   58f5014..b73eba4  main -> main
2025-02-12 20:20:07.404 [info] > git config --get commit.template [6ms]
2025-02-12 20:20:07.419 [info] > git for-each-ref --format=%(refname)%00%(upstream:short)%00%(objectname)%00%(upstream:track)%00%(upstream:remotename)%00%(upstream:remoteref) refs/heads/main refs/remotes/main [16ms]
2025-02-12 20:20:07.449 [info] > git status -z -uall [24ms]
2025-02-12 20:20:07.470 [info] > git for-each-ref --format=%(refname)%00%(upstream:short)%00%(objectname)%00%(upstream:track)%00%(upstream:remotename)%00%(upstream:remoteref) refs/heads/main refs/remotes/main [15ms]
2025-02-12 20:20:07.480 [info] > git config --local branch.main.vscode-merge-base [6ms]
2025-02-12 20:20:07.499 [info] > git for-each-ref --format=%(refname)%00%(upstream:short)%00%(objectname)%00%(upstream:track)%00%(upstream:remotename)%00%(upstream:remoteref) refs/heads/origin/main refs/remotes/origin/main [13ms]
2025-02-12 20:20:07.515 [info] > git merge-base refs/heads/main refs/remotes/origin/main [11ms]
2025-02-12 20:20:07.538 [info] > git rev-list --count --left-right refs/heads/main...refs/remotes/origin/main [15ms]
2025-02-12 20:20:07.554 [info] > git diff --name-status -z --diff-filter=ADMR b73eba4a634f4fa2f11ae0be7886785b965c3157...refs/remotes/origin/main [11ms]
2025-02-12 20:20:07.782 [info] > git merge-base refs/heads/main refs/remotes/origin/main [11ms]
2025-02-12 20:20:07.798 [info] > git rev-list --count --left-right refs/heads/main...refs/remotes/origin/main [12ms]
2025-02-12 20:20:08.792 [info] > git config --get commit.template [7ms]
2025-02-12 20:20:08.803 [info] > git for-each-ref --format=%(refname)%00%(upstream:short)%00%(objectname)%00%(upstream:track)%00%(upstream:remotename)%00%(upstream:remoteref) refs/heads/main refs/remotes/main [13ms]
2025-02-12 20:20:08.829 [info] > git status -z -uall [20ms]
2025-02-12 20:20:08.854 [info] > git for-each-ref --format=%(refname)%00%(upstream:short)%00%(objectname)%00%(upstream:track)%00%(upstream:remotename)%00%(upstream:remoteref) refs/heads/main refs/remotes/main [19ms]
2025-02-12 20:20:08.866 [info] > git config --local branch.main.vscode-merge-base [5ms]
2025-02-12 20:20:08.884 [info] > git for-each-ref --format=%(refname)%00%(upstream:short)%00%(objectname)%00%(upstream:track)%00%(upstream:remotename)%00%(upstream:remoteref) refs/heads/origin/main refs/remotes/origin/main [12ms]
2025-02-12 20:20:08.917 [info] > git ls-files --stage -- /home/hwlee4/ICS45C/HW5/src/string.hpp [8ms]
2025-02-12 20:20:08.932 [info] > git cat-file -s 10af9d727eca98f1d2a2bd42fbed0a73f5db62de [11ms]
2025-02-12 20:20:08.991 [info] > git show --textconv :src/string.hpp [9ms]
2025-02-12 20:20:10.112 [info] > git check-ignore -v -z --stdin [28ms]
2025-02-12 20:20:10.112 [info] > git check-ignore -v -z --stdin [23ms]
2025-02-12 20:20:10.113 [info] > git check-ignore -v -z --stdin [19ms]
2025-02-12 20:20:10.113 [info] > git check-ignore -v -z --stdin [13ms]
2025-02-12 20:20:10.127 [info] > git check-ignore -v -z --stdin [22ms]
2025-02-12 20:20:10.141 [info] > git check-ignore -v -z --stdin [31ms]
2025-02-12 20:21:28.119 [info] > git check-ignore -v -z --stdin [10ms]
2025-02-12 20:21:30.501 [info] > git ls-files --stage -- /home/hwlee4/ICS45C/HW5/gtest/string_gtests.cpp [7ms]
2025-02-12 20:21:30.506 [info] > git show --textconv :gtest/string_gtests.cpp [16ms]
2025-02-12 20:21:30.517 [info] > git cat-file -s 23334d6fdf0c9ac615b35e6fc70e1068b7c28615 [10ms]
2025-02-12 20:21:31.549 [info] > git show --textconv :gtest/student_gtests.cpp [8ms]
2025-02-12 20:21:31.553 [info] > git ls-files --stage -- /home/hwlee4/ICS45C/HW5/gtest/student_gtests.cpp [7ms]
2025-02-12 20:21:31.569 [info] > git cat-file -s 88066a96c41f746d354b38e78ffd629ab827b6a6 [12ms]
2025-02-12 20:21:38.683 [info] > git show --textconv :gtest/string_gtests.cpp [10ms]
2025-02-12 20:21:38.685 [info] > git ls-files --stage -- /home/hwlee4/ICS45C/HW5/gtest/string_gtests.cpp [8ms]
2025-02-12 20:21:38.698 [info] > git cat-file -s 23334d6fdf0c9ac615b35e6fc70e1068b7c28615 [9ms]
2025-02-12 20:22:09.178 [info] > git show --textconv :gtest/student_gtests.cpp [10ms]
2025-02-12 20:22:09.181 [info] > git ls-files --stage -- /home/hwlee4/ICS45C/HW5/gtest/student_gtests.cpp [8ms]
2025-02-12 20:22:09.193 [info] > git cat-file -s 88066a96c41f746d354b38e78ffd629ab827b6a6 [9ms]
2025-02-12 20:40:34.666 [info] > git ls-files --stage -- /home/hwlee4/ICS45C/HW5/src/list.hpp [6ms]
2025-02-12 20:40:34.673 [info] > git show --textconv :src/list.hpp [18ms]
2025-02-12 20:40:34.682 [info] > git cat-file -s 6d5c24a7f4848b894ede63323ece90d724a4c19b [8ms]
2025-02-12 20:40:37.979 [info] > git ls-files --stage -- /home/hwlee4/ICS45C/HW5/src/list.cpp [14ms]
2025-02-12 20:40:37.986 [info] > git show --textconv :src/list.cpp [24ms]
2025-02-12 20:40:37.994 [info] > git cat-file -s 861d892af3e9e4bb29d636e0fc4c184c962e726f [9ms]
2025-02-12 20:40:51.990 [info] > git config --get commit.template [6ms]
2025-02-12 20:40:52.004 [info] > git for-each-ref --format=%(refname)%00%(upstream:short)%00%(objectname)%00%(upstream:track)%00%(upstream:remotename)%00%(upstream:remoteref) refs/heads/main refs/remotes/main [16ms]
2025-02-12 20:40:52.039 [info] > git status -z -uall [28ms]
2025-02-12 20:40:52.059 [info] > git for-each-ref --format=%(refname)%00%(upstream:short)%00%(objectname)%00%(upstream:track)%00%(upstream:remotename)%00%(upstream:remoteref) refs/heads/main refs/remotes/main [14ms]
2025-02-12 20:40:52.070 [info] > git config --local branch.main.vscode-merge-base [5ms]
2025-02-12 20:40:52.087 [info] > git for-each-ref --format=%(refname)%00%(upstream:short)%00%(objectname)%00%(upstream:track)%00%(upstream:remotename)%00%(upstream:remoteref) refs/heads/origin/main refs/remotes/origin/main [12ms]
2025-02-12 20:41:05.502 [info] > git config --get commit.template [6ms]
2025-02-12 20:41:05.518 [info] > git for-each-ref --format=%(refname)%00%(upstream:short)%00%(objectname)%00%(upstream:track)%00%(upstream:remotename)%00%(upstream:remoteref) refs/heads/main refs/remotes/main [17ms]
2025-02-12 20:41:05.541 [info] > git status -z -uall [16ms]
2025-02-12 20:41:05.560 [info] > git for-each-ref --format=%(refname)%00%(upstream:short)%00%(objectname)%00%(upstream:track)%00%(upstream:remotename)%00%(upstream:remoteref) refs/heads/main refs/remotes/main [13ms]
2025-02-12 20:41:05.570 [info] > git config --local branch.main.vscode-merge-base [5ms]
2025-02-12 20:41:05.587 [info] > git for-each-ref --format=%(refname)%00%(upstream:short)%00%(objectname)%00%(upstream:track)%00%(upstream:remotename)%00%(upstream:remoteref) refs/heads/origin/main refs/remotes/origin/main [10ms]
2025-02-12 20:41:16.043 [info] > git config --get commit.template [6ms]
2025-02-12 20:41:16.055 [info] > git for-each-ref --format=%(refname)%00%(upstream:short)%00%(objectname)%00%(upstream:track)%00%(upstream:remotename)%00%(upstream:remoteref) refs/heads/main refs/remotes/main [13ms]
2025-02-12 20:41:16.077 [info] > git status -z -uall [16ms]
2025-02-12 20:41:16.097 [info] > git for-each-ref --format=%(refname)%00%(upstream:short)%00%(objectname)%00%(upstream:track)%00%(upstream:remotename)%00%(upstream:remoteref) refs/heads/main refs/remotes/main [13ms]
2025-02-12 20:41:16.106 [info] > git config --local branch.main.vscode-merge-base [4ms]
2025-02-12 20:41:16.122 [info] > git for-each-ref --format=%(refname)%00%(upstream:short)%00%(objectname)%00%(upstream:track)%00%(upstream:remotename)%00%(upstream:remoteref) refs/heads/origin/main refs/remotes/origin/main [10ms]
2025-02-12 20:41:21.097 [info] > git config --get commit.template [6ms]
2025-02-12 20:41:21.111 [info] > git for-each-ref --format=%(refname)%00%(upstream:short)%00%(objectname)%00%(upstream:track)%00%(upstream:remotename)%00%(upstream:remoteref) refs/heads/main refs/remotes/main [15ms]
2025-02-12 20:41:21.135 [info] > git status -z -uall [18ms]
2025-02-12 20:41:21.155 [info] > git for-each-ref --format=%(refname)%00%(upstream:short)%00%(objectname)%00%(upstream:track)%00%(upstream:remotename)%00%(upstream:remoteref) refs/heads/main refs/remotes/main [15ms]
2025-02-12 20:41:21.166 [info] > git config --local branch.main.vscode-merge-base [5ms]
2025-02-12 20:41:21.182 [info] > git for-each-ref --format=%(refname)%00%(upstream:short)%00%(objectname)%00%(upstream:track)%00%(upstream:remotename)%00%(upstream:remoteref) refs/heads/origin/main refs/remotes/origin/main [11ms]
2025-02-12 20:41:26.158 [info] > git config --get commit.template [7ms]
2025-02-12 20:41:26.172 [info] > git for-each-ref --format=%(refname)%00%(upstream:short)%00%(objectname)%00%(upstream:track)%00%(upstream:remotename)%00%(upstream:remoteref) refs/heads/main refs/remotes/main [15ms]
2025-02-12 20:41:26.197 [info] > git status -z -uall [19ms]
2025-02-12 20:41:26.218 [info] > git for-each-ref --format=%(refname)%00%(upstream:short)%00%(objectname)%00%(upstream:track)%00%(upstream:remotename)%00%(upstream:remoteref) refs/heads/main refs/remotes/main [14ms]
2025-02-12 20:41:26.241 [info] > git config --local branch.main.vscode-merge-base [16ms]
2025-02-12 20:41:26.296 [info] > git for-each-ref --format=%(refname)%00%(upstream:short)%00%(objectname)%00%(upstream:track)%00%(upstream:remotename)%00%(upstream:remoteref) refs/heads/origin/main refs/remotes/origin/main [48ms]
2025-02-12 20:41:31.238 [info] > git config --get commit.template [26ms]
2025-02-12 20:41:31.268 [info] > git for-each-ref --format=%(refname)%00%(upstream:short)%00%(objectname)%00%(upstream:track)%00%(upstream:remotename)%00%(upstream:remoteref) refs/heads/main refs/remotes/main [50ms]
2025-02-12 20:41:31.300 [info] > git status -z -uall [26ms]
2025-02-12 20:41:31.320 [info] > git for-each-ref --format=%(refname)%00%(upstream:short)%00%(objectname)%00%(upstream:track)%00%(upstream:remotename)%00%(upstream:remoteref) refs/heads/main refs/remotes/main [13ms]
2025-02-12 20:41:31.332 [info] > git config --local branch.main.vscode-merge-base [6ms]
2025-02-12 20:41:31.349 [info] > git for-each-ref --format=%(refname)%00%(upstream:short)%00%(objectname)%00%(upstream:track)%00%(upstream:remotename)%00%(upstream:remoteref) refs/heads/origin/main refs/remotes/origin/main [11ms]
2025-02-12 20:41:36.322 [info] > git config --get commit.template [7ms]
2025-02-12 20:41:36.339 [info] > git for-each-ref --format=%(refname)%00%(upstream:short)%00%(objectname)%00%(upstream:track)%00%(upstream:remotename)%00%(upstream:remoteref) refs/heads/main refs/remotes/main [18ms]
2025-02-12 20:41:36.364 [info] > git status -z -uall [18ms]
2025-02-12 20:41:36.384 [info] > git for-each-ref --format=%(refname)%00%(upstream:short)%00%(objectname)%00%(upstream:track)%00%(upstream:remotename)%00%(upstream:remoteref) refs/heads/main refs/remotes/main [14ms]
2025-02-12 20:41:36.394 [info] > git config --local branch.main.vscode-merge-base [5ms]
2025-02-12 20:41:36.411 [info] > git for-each-ref --format=%(refname)%00%(upstream:short)%00%(objectname)%00%(upstream:track)%00%(upstream:remotename)%00%(upstream:remoteref) refs/heads/origin/main refs/remotes/origin/main [10ms]
2025-02-12 20:41:41.384 [info] > git config --get commit.template [7ms]
2025-02-12 20:41:41.396 [info] > git for-each-ref --format=%(refname)%00%(upstream:short)%00%(objectname)%00%(upstream:track)%00%(upstream:remotename)%00%(upstream:remoteref) refs/heads/main refs/remotes/main [14ms]
2025-02-12 20:41:41.420 [info] > git status -z -uall [18ms]
2025-02-12 20:41:41.439 [info] > git for-each-ref --format=%(refname)%00%(upstream:short)%00%(objectname)%00%(upstream:track)%00%(upstream:remotename)%00%(upstream:remoteref) refs/heads/main refs/remotes/main [13ms]
2025-02-12 20:41:41.448 [info] > git config --local branch.main.vscode-merge-base [5ms]
2025-02-12 20:41:41.464 [info] > git for-each-ref --format=%(refname)%00%(upstream:short)%00%(objectname)%00%(upstream:track)%00%(upstream:remotename)%00%(upstream:remoteref) refs/heads/origin/main refs/remotes/origin/main [11ms]
2025-02-12 20:41:50.590 [info] > git config --get commit.template [6ms]
2025-02-12 20:41:50.603 [info] > git for-each-ref --format=%(refname)%00%(upstream:short)%00%(objectname)%00%(upstream:track)%00%(upstream:remotename)%00%(upstream:remoteref) refs/heads/main refs/remotes/main [14ms]
2025-02-12 20:41:50.630 [info] > git status -z -uall [17ms]
2025-02-12 20:41:50.652 [info] > git for-each-ref --format=%(refname)%00%(upstream:short)%00%(objectname)%00%(upstream:track)%00%(upstream:remotename)%00%(upstream:remoteref) refs/heads/main refs/remotes/main [15ms]
2025-02-12 20:41:50.662 [info] > git config --local branch.main.vscode-merge-base [5ms]
2025-02-12 20:41:50.678 [info] > git for-each-ref --format=%(refname)%00%(upstream:short)%00%(objectname)%00%(upstream:track)%00%(upstream:remotename)%00%(upstream:remoteref) refs/heads/origin/main refs/remotes/origin/main [12ms]
2025-02-12 20:41:55.650 [info] > git config --get commit.template [5ms]
2025-02-12 20:41:55.663 [info] > git for-each-ref --format=%(refname)%00%(upstream:short)%00%(objectname)%00%(upstream:track)%00%(upstream:remotename)%00%(upstream:remoteref) refs/heads/main refs/remotes/main [14ms]
2025-02-12 20:41:55.693 [info] > git status -z -uall [25ms]
2025-02-12 20:41:55.715 [info] > git for-each-ref --format=%(refname)%00%(upstream:short)%00%(objectname)%00%(upstream:track)%00%(upstream:remotename)%00%(upstream:remoteref) refs/heads/main refs/remotes/main [15ms]
2025-02-12 20:41:55.725 [info] > git config --local branch.main.vscode-merge-base [5ms]
2025-02-12 20:41:55.740 [info] > git for-each-ref --format=%(refname)%00%(upstream:short)%00%(objectname)%00%(upstream:track)%00%(upstream:remotename)%00%(upstream:remoteref) refs/heads/origin/main refs/remotes/origin/main [11ms]
2025-02-12 20:42:02.924 [info] > git config --get commit.template [6ms]
2025-02-12 20:42:02.936 [info] > git for-each-ref --format=%(refname)%00%(upstream:short)%00%(objectname)%00%(upstream:track)%00%(upstream:remotename)%00%(upstream:remoteref) refs/heads/main refs/remotes/main [12ms]
2025-02-12 20:42:02.962 [info] > git status -z -uall [18ms]
2025-02-12 20:42:02.988 [info] > git for-each-ref --format=%(refname)%00%(upstream:short)%00%(objectname)%00%(upstream:track)%00%(upstream:remotename)%00%(upstream:remoteref) refs/heads/main refs/remotes/main [20ms]
2025-02-12 20:42:02.999 [info] > git config --local branch.main.vscode-merge-base [5ms]
2025-02-12 20:42:03.015 [info] > git for-each-ref --format=%(refname)%00%(upstream:short)%00%(objectname)%00%(upstream:track)%00%(upstream:remotename)%00%(upstream:remoteref) refs/heads/origin/main refs/remotes/origin/main [11ms]
2025-02-12 20:42:07.980 [info] > git config --get commit.template [5ms]
2025-02-12 20:42:07.993 [info] > git for-each-ref --format=%(refname)%00%(upstream:short)%00%(objectname)%00%(upstream:track)%00%(upstream:remotename)%00%(upstream:remoteref) refs/heads/main refs/remotes/main [14ms]
2025-02-12 20:42:08.014 [info] > git status -z -uall [16ms]
2025-02-12 20:42:08.031 [info] > git for-each-ref --format=%(refname)%00%(upstream:short)%00%(objectname)%00%(upstream:track)%00%(upstream:remotename)%00%(upstream:remoteref) refs/heads/main refs/remotes/main [12ms]
2025-02-12 20:42:08.040 [info] > git config --local branch.main.vscode-merge-base [5ms]
2025-02-12 20:42:08.054 [info] > git for-each-ref --format=%(refname)%00%(upstream:short)%00%(objectname)%00%(upstream:track)%00%(upstream:remotename)%00%(upstream:remoteref) refs/heads/origin/main refs/remotes/origin/main [10ms]
2025-02-12 20:42:13.035 [info] > git config --get commit.template [6ms]
2025-02-12 20:42:13.048 [info] > git for-each-ref --format=%(refname)%00%(upstream:short)%00%(objectname)%00%(upstream:track)%00%(upstream:remotename)%00%(upstream:remoteref) refs/heads/main refs/remotes/main [14ms]
2025-02-12 20:42:13.073 [info] > git status -z -uall [19ms]
2025-02-12 20:42:13.093 [info] > git for-each-ref --format=%(refname)%00%(upstream:short)%00%(objectname)%00%(upstream:track)%00%(upstream:remotename)%00%(upstream:remoteref) refs/heads/main refs/remotes/main [12ms]
2025-02-12 20:42:13.103 [info] > git config --local branch.main.vscode-merge-base [5ms]
2025-02-12 20:42:13.121 [info] > git for-each-ref --format=%(refname)%00%(upstream:short)%00%(objectname)%00%(upstream:track)%00%(upstream:remotename)%00%(upstream:remoteref) refs/heads/origin/main refs/remotes/origin/main [11ms]
2025-02-12 20:42:18.093 [info] > git config --get commit.template [6ms]
2025-02-12 20:42:18.106 [info] > git for-each-ref --format=%(refname)%00%(upstream:short)%00%(objectname)%00%(upstream:track)%00%(upstream:remotename)%00%(upstream:remoteref) refs/heads/main refs/remotes/main [14ms]
2025-02-12 20:42:18.129 [info] > git status -z -uall [18ms]
2025-02-12 20:42:18.153 [info] > git for-each-ref --format=%(refname)%00%(upstream:short)%00%(objectname)%00%(upstream:track)%00%(upstream:remotename)%00%(upstream:remoteref) refs/heads/main refs/remotes/main [16ms]
2025-02-12 20:42:18.164 [info] > git config --local branch.main.vscode-merge-base [5ms]
2025-02-12 20:42:18.179 [info] > git for-each-ref --format=%(refname)%00%(upstream:short)%00%(objectname)%00%(upstream:track)%00%(upstream:remotename)%00%(upstream:remoteref) refs/heads/origin/main refs/remotes/origin/main [10ms]
2025-02-12 21:59:49.282 [info] > git ls-files --stage -- /home/hwlee4/ICS45C/HW5/gtest/student_gtests.cpp [6ms]
2025-02-12 21:59:49.290 [info] > git show --textconv :gtest/student_gtests.cpp [19ms]
2025-02-12 21:59:49.297 [info] > git cat-file -s 88066a96c41f746d354b38e78ffd629ab827b6a6 [8ms]
2025-02-12 23:22:32.855 [info] > git config --get commit.template [6ms]
2025-02-12 23:22:32.871 [info] > git for-each-ref --format=%(refname)%00%(upstream:short)%00%(objectname)%00%(upstream:track)%00%(upstream:remotename)%00%(upstream:remoteref) refs/heads/main refs/remotes/main [18ms]
2025-02-12 23:22:32.902 [info] > git status -z -uall [25ms]
2025-02-12 23:22:32.923 [info] > git for-each-ref --format=%(refname)%00%(upstream:short)%00%(objectname)%00%(upstream:track)%00%(upstream:remotename)%00%(upstream:remoteref) refs/heads/main refs/remotes/main [14ms]
2025-02-12 23:22:32.932 [info] > git config --local branch.main.vscode-merge-base [4ms]
2025-02-12 23:22:32.948 [info] > git for-each-ref --format=%(refname)%00%(upstream:short)%00%(objectname)%00%(upstream:track)%00%(upstream:remotename)%00%(upstream:remoteref) refs/heads/origin/main refs/remotes/origin/main [11ms]
2025-02-12 23:22:51.076 [info] > git config --get commit.template [5ms]
2025-02-12 23:22:51.094 [info] > git for-each-ref --format=%(refname)%00%(upstream:short)%00%(objectname)%00%(upstream:track)%00%(upstream:remotename)%00%(upstream:remoteref) refs/heads/main refs/remotes/main [18ms]
2025-02-12 23:22:51.123 [info] > git status -z -uall [23ms]
2025-02-12 23:22:51.148 [info] > git for-each-ref --format=%(refname)%00%(upstream:short)%00%(objectname)%00%(upstream:track)%00%(upstream:remotename)%00%(upstream:remoteref) refs/heads/main refs/remotes/main [17ms]
2025-02-12 23:22:51.158 [info] > git config --local branch.main.vscode-merge-base [5ms]
2025-02-12 23:22:51.173 [info] > git for-each-ref --format=%(refname)%00%(upstream:short)%00%(objectname)%00%(upstream:track)%00%(upstream:remotename)%00%(upstream:remoteref) refs/heads/origin/main refs/remotes/origin/main [10ms]
2025-02-12 23:22:56.149 [info] > git config --get commit.template [8ms]
2025-02-12 23:22:56.163 [info] > git for-each-ref --format=%(refname)%00%(upstream:short)%00%(objectname)%00%(upstream:track)%00%(upstream:remotename)%00%(upstream:remoteref) refs/heads/main refs/remotes/main [15ms]
2025-02-12 23:22:56.187 [info] > git status -z -uall [19ms]
2025-02-12 23:22:56.206 [info] > git for-each-ref --format=%(refname)%00%(upstream:short)%00%(objectname)%00%(upstream:track)%00%(upstream:remotename)%00%(upstream:remoteref) refs/heads/main refs/remotes/main [13ms]
2025-02-12 23:22:56.217 [info] > git config --local branch.main.vscode-merge-base [5ms]
2025-02-12 23:22:56.232 [info] > git for-each-ref --format=%(refname)%00%(upstream:short)%00%(objectname)%00%(upstream:track)%00%(upstream:remotename)%00%(upstream:remoteref) refs/heads/origin/main refs/remotes/origin/main [10ms]
2025-02-12 23:23:01.209 [info] > git config --get commit.template [5ms]
2025-02-12 23:23:01.221 [info] > git for-each-ref --format=%(refname)%00%(upstream:short)%00%(objectname)%00%(upstream:track)%00%(upstream:remotename)%00%(upstream:remoteref) refs/heads/main refs/remotes/main [14ms]
2025-02-12 23:23:01.245 [info] > git status -z -uall [19ms]
2025-02-12 23:23:01.266 [info] > git for-each-ref --format=%(refname)%00%(upstream:short)%00%(objectname)%00%(upstream:track)%00%(upstream:remotename)%00%(upstream:remoteref) refs/heads/main refs/remotes/main [14ms]
2025-02-12 23:23:01.277 [info] > git config --local branch.main.vscode-merge-base [5ms]
2025-02-12 23:23:01.294 [info] > git for-each-ref --format=%(refname)%00%(upstream:short)%00%(objectname)%00%(upstream:track)%00%(upstream:remotename)%00%(upstream:remoteref) refs/heads/origin/main refs/remotes/origin/main [12ms]
2025-02-12 23:23:06.265 [info] > git config --get commit.template [5ms]
2025-02-12 23:23:06.282 [info] > git for-each-ref --format=%(refname)%00%(upstream:short)%00%(objectname)%00%(upstream:track)%00%(upstream:remotename)%00%(upstream:remoteref) refs/heads/main refs/remotes/main [16ms]
2025-02-12 23:23:06.307 [info] > git status -z -uall [20ms]
2025-02-12 23:23:06.328 [info] > git for-each-ref --format=%(refname)%00%(upstream:short)%00%(objectname)%00%(upstream:track)%00%(upstream:remotename)%00%(upstream:remoteref) refs/heads/main refs/remotes/main [16ms]
2025-02-12 23:23:06.337 [info] > git config --local branch.main.vscode-merge-base [5ms]
2025-02-12 23:23:06.352 [info] > git for-each-ref --format=%(refname)%00%(upstream:short)%00%(objectname)%00%(upstream:track)%00%(upstream:remotename)%00%(upstream:remoteref) refs/heads/origin/main refs/remotes/origin/main [11ms]
2025-02-12 23:23:11.325 [info] > git config --get commit.template [5ms]
2025-02-12 23:23:11.337 [info] > git for-each-ref --format=%(refname)%00%(upstream:short)%00%(objectname)%00%(upstream:track)%00%(upstream:remotename)%00%(upstream:remoteref) refs/heads/main refs/remotes/main [13ms]
2025-02-12 23:23:11.357 [info] > git status -z -uall [15ms]
2025-02-12 23:23:11.376 [info] > git for-each-ref --format=%(refname)%00%(upstream:short)%00%(objectname)%00%(upstream:track)%00%(upstream:remotename)%00%(upstream:remoteref) refs/heads/main refs/remotes/main [14ms]
2025-02-12 23:23:11.385 [info] > git config --local branch.main.vscode-merge-base [5ms]
2025-02-12 23:23:11.403 [info] > git for-each-ref --format=%(refname)%00%(upstream:short)%00%(objectname)%00%(upstream:track)%00%(upstream:remotename)%00%(upstream:remoteref) refs/heads/origin/main refs/remotes/origin/main [14ms]
2025-02-12 23:23:25.261 [info] > git config --get commit.template [6ms]
2025-02-12 23:23:25.274 [info] > git for-each-ref --format=%(refname)%00%(upstream:short)%00%(objectname)%00%(upstream:track)%00%(upstream:remotename)%00%(upstream:remoteref) refs/heads/main refs/remotes/main [14ms]
2025-02-12 23:23:25.296 [info] > git status -z -uall [16ms]
2025-02-12 23:23:25.316 [info] > git for-each-ref --format=%(refname)%00%(upstream:short)%00%(objectname)%00%(upstream:track)%00%(upstream:remotename)%00%(upstream:remoteref) refs/heads/main refs/remotes/main [13ms]
2025-02-12 23:23:25.327 [info] > git config --local branch.main.vscode-merge-base [6ms]
2025-02-12 23:23:25.342 [info] > git for-each-ref --format=%(refname)%00%(upstream:short)%00%(objectname)%00%(upstream:track)%00%(upstream:remotename)%00%(upstream:remoteref) refs/heads/origin/main refs/remotes/origin/main [11ms]
2025-02-12 23:23:30.318 [info] > git config --get commit.template [7ms]
2025-02-12 23:23:30.332 [info] > git for-each-ref --format=%(refname)%00%(upstream:short)%00%(objectname)%00%(upstream:track)%00%(upstream:remotename)%00%(upstream:remoteref) refs/heads/main refs/remotes/main [13ms]
2025-02-12 23:23:30.352 [info] > git status -z -uall [15ms]
2025-02-12 23:23:30.371 [info] > git for-each-ref --format=%(refname)%00%(upstream:short)%00%(objectname)%00%(upstream:track)%00%(upstream:remotename)%00%(upstream:remoteref) refs/heads/main refs/remotes/main [14ms]
2025-02-12 23:23:30.382 [info] > git config --local branch.main.vscode-merge-base [5ms]
2025-02-12 23:23:30.400 [info] > git for-each-ref --format=%(refname)%00%(upstream:short)%00%(objectname)%00%(upstream:track)%00%(upstream:remotename)%00%(upstream:remoteref) refs/heads/origin/main refs/remotes/origin/main [12ms]
2025-02-12 23:23:35.371 [info] > git config --get commit.template [6ms]
2025-02-12 23:23:35.387 [info] > git for-each-ref --format=%(refname)%00%(upstream:short)%00%(objectname)%00%(upstream:track)%00%(upstream:remotename)%00%(upstream:remoteref) refs/heads/main refs/remotes/main [17ms]
2025-02-12 23:23:35.417 [info] > git status -z -uall [25ms]
2025-02-12 23:23:35.437 [info] > git for-each-ref --format=%(refname)%00%(upstream:short)%00%(objectname)%00%(upstream:track)%00%(upstream:remotename)%00%(upstream:remoteref) refs/heads/main refs/remotes/main [15ms]
2025-02-12 23:23:35.447 [info] > git config --local branch.main.vscode-merge-base [5ms]
2025-02-12 23:23:35.468 [info] > git for-each-ref --format=%(refname)%00%(upstream:short)%00%(objectname)%00%(upstream:track)%00%(upstream:remotename)%00%(upstream:remoteref) refs/heads/origin/main refs/remotes/origin/main [16ms]
2025-02-12 23:23:40.438 [info] > git config --get commit.template [8ms]
2025-02-12 23:23:40.450 [info] > git for-each-ref --format=%(refname)%00%(upstream:short)%00%(objectname)%00%(upstream:track)%00%(upstream:remotename)%00%(upstream:remoteref) refs/heads/main refs/remotes/main [13ms]
2025-02-12 23:23:40.473 [info] > git status -z -uall [17ms]
2025-02-12 23:23:40.495 [info] > git for-each-ref --format=%(refname)%00%(upstream:short)%00%(objectname)%00%(upstream:track)%00%(upstream:remotename)%00%(upstream:remoteref) refs/heads/main refs/remotes/main [17ms]
2025-02-12 23:23:40.505 [info] > git config --local branch.main.vscode-merge-base [5ms]
2025-02-12 23:23:40.522 [info] > git for-each-ref --format=%(refname)%00%(upstream:short)%00%(objectname)%00%(upstream:track)%00%(upstream:remotename)%00%(upstream:remoteref) refs/heads/origin/main refs/remotes/origin/main [11ms]
2025-02-12 23:23:45.493 [info] > git config --get commit.template [6ms]
2025-02-12 23:23:45.505 [info] > git for-each-ref --format=%(refname)%00%(upstream:short)%00%(objectname)%00%(upstream:track)%00%(upstream:remotename)%00%(upstream:remoteref) refs/heads/main refs/remotes/main [13ms]
2025-02-12 23:23:45.530 [info] > git status -z -uall [19ms]
2025-02-12 23:23:45.547 [info] > git for-each-ref --format=%(refname)%00%(upstream:short)%00%(objectname)%00%(upstream:track)%00%(upstream:remotename)%00%(upstream:remoteref) refs/heads/main refs/remotes/main [12ms]
2025-02-12 23:23:45.556 [info] > git config --local branch.main.vscode-merge-base [5ms]
2025-02-12 23:23:45.572 [info] > git for-each-ref --format=%(refname)%00%(upstream:short)%00%(objectname)%00%(upstream:track)%00%(upstream:remotename)%00%(upstream:remoteref) refs/heads/origin/main refs/remotes/origin/main [11ms]
2025-02-12 23:23:57.107 [info] > git config --get commit.template [5ms]
2025-02-12 23:23:57.120 [info] > git for-each-ref --format=%(refname)%00%(upstream:short)%00%(objectname)%00%(upstream:track)%00%(upstream:remotename)%00%(upstream:remoteref) refs/heads/main refs/remotes/main [14ms]
2025-02-12 23:23:57.144 [info] > git status -z -uall [19ms]
2025-02-12 23:23:57.168 [info] > git for-each-ref --format=%(refname)%00%(upstream:short)%00%(objectname)%00%(upstream:track)%00%(upstream:remotename)%00%(upstream:remoteref) refs/heads/main refs/remotes/main [18ms]
2025-02-12 23:23:57.179 [info] > git config --local branch.main.vscode-merge-base [5ms]
2025-02-12 23:23:57.196 [info] > git for-each-ref --format=%(refname)%00%(upstream:short)%00%(objectname)%00%(upstream:track)%00%(upstream:remotename)%00%(upstream:remoteref) refs/heads/origin/main refs/remotes/origin/main [11ms]
2025-02-12 23:24:02.168 [info] > git config --get commit.template [8ms]
2025-02-12 23:24:02.182 [info] > git for-each-ref --format=%(refname)%00%(upstream:short)%00%(objectname)%00%(upstream:track)%00%(upstream:remotename)%00%(upstream:remoteref) refs/heads/main refs/remotes/main [15ms]
2025-02-12 23:24:02.209 [info] > git status -z -uall [20ms]
2025-02-12 23:24:02.232 [info] > git for-each-ref --format=%(refname)%00%(upstream:short)%00%(objectname)%00%(upstream:track)%00%(upstream:remotename)%00%(upstream:remoteref) refs/heads/main refs/remotes/main [15ms]
2025-02-12 23:24:02.244 [info] > git config --local branch.main.vscode-merge-base [5ms]
2025-02-12 23:24:02.262 [info] > git for-each-ref --format=%(refname)%00%(upstream:short)%00%(objectname)%00%(upstream:track)%00%(upstream:remotename)%00%(upstream:remoteref) refs/heads/origin/main refs/remotes/origin/main [12ms]
2025-02-12 23:24:07.231 [info] > git config --get commit.template [6ms]
2025-02-12 23:24:07.244 [info] > git for-each-ref --format=%(refname)%00%(upstream:short)%00%(objectname)%00%(upstream:track)%00%(upstream:remotename)%00%(upstream:remoteref) refs/heads/main refs/remotes/main [14ms]
2025-02-12 23:24:07.273 [info] > git status -z -uall [23ms]
2025-02-12 23:24:07.294 [info] > git for-each-ref --format=%(refname)%00%(upstream:short)%00%(objectname)%00%(upstream:track)%00%(upstream:remotename)%00%(upstream:remoteref) refs/heads/main refs/remotes/main [15ms]
2025-02-12 23:24:07.303 [info] > git config --local branch.main.vscode-merge-base [5ms]
2025-02-12 23:24:07.319 [info] > git for-each-ref --format=%(refname)%00%(upstream:short)%00%(objectname)%00%(upstream:track)%00%(upstream:remotename)%00%(upstream:remoteref) refs/heads/origin/main refs/remotes/origin/main [11ms]
2025-02-12 23:24:12.292 [info] > git config --get commit.template [6ms]
2025-02-12 23:24:12.304 [info] > git for-each-ref --format=%(refname)%00%(upstream:short)%00%(objectname)%00%(upstream:track)%00%(upstream:remotename)%00%(upstream:remoteref) refs/heads/main refs/remotes/main [12ms]
2025-02-12 23:24:12.326 [info] > git status -z -uall [16ms]
2025-02-12 23:24:12.343 [info] > git for-each-ref --format=%(refname)%00%(upstream:short)%00%(objectname)%00%(upstream:track)%00%(upstream:remotename)%00%(upstream:remoteref) refs/heads/main refs/remotes/main [12ms]
2025-02-12 23:24:12.353 [info] > git config --local branch.main.vscode-merge-base [4ms]
2025-02-12 23:24:12.369 [info] > git for-each-ref --format=%(refname)%00%(upstream:short)%00%(objectname)%00%(upstream:track)%00%(upstream:remotename)%00%(upstream:remoteref) refs/heads/origin/main refs/remotes/origin/main [10ms]
2025-02-12 23:25:00.127 [info] > git ls-files --stage -- /home/hwlee4/ICS45C/HW5/gtest/gtestmain.cpp [7ms]
2025-02-12 23:25:00.134 [info] > git show --textconv :gtest/gtestmain.cpp [18ms]
2025-02-12 23:25:00.143 [info] > git cat-file -s d8afbf599a8ea22aeb2f3b6cc7a1b1f96387b59f [10ms]
2025-02-12 23:25:23.301 [info] > git show --textconv :gtest/student_gtests.cpp [9ms]
2025-02-12 23:25:23.304 [info] > git ls-files --stage -- /home/hwlee4/ICS45C/HW5/gtest/student_gtests.cpp [7ms]
2025-02-12 23:25:23.318 [info] > git cat-file -s 88066a96c41f746d354b38e78ffd629ab827b6a6 [9ms]
2025-02-12 23:25:49.564 [info] > git config --get commit.template [7ms]
2025-02-12 23:25:49.576 [info] > git for-each-ref --format=%(refname)%00%(upstream:short)%00%(objectname)%00%(upstream:track)%00%(upstream:remotename)%00%(upstream:remoteref) refs/heads/main refs/remotes/main [14ms]
2025-02-12 23:25:49.606 [info] > git status -z -uall [24ms]
2025-02-12 23:25:49.626 [info] > git for-each-ref --format=%(refname)%00%(upstream:short)%00%(objectname)%00%(upstream:track)%00%(upstream:remotename)%00%(upstream:remoteref) refs/heads/main refs/remotes/main [13ms]
2025-02-12 23:25:49.636 [info] > git config --local branch.main.vscode-merge-base [5ms]
2025-02-12 23:25:49.653 [info] > git for-each-ref --format=%(refname)%00%(upstream:short)%00%(objectname)%00%(upstream:track)%00%(upstream:remotename)%00%(upstream:remoteref) refs/heads/origin/main refs/remotes/origin/main [11ms]
2025-02-12 23:26:00.879 [info] > git config --get commit.template [7ms]
2025-02-12 23:26:00.892 [info] > git for-each-ref --format=%(refname)%00%(upstream:short)%00%(objectname)%00%(upstream:track)%00%(upstream:remotename)%00%(upstream:remoteref) refs/heads/main refs/remotes/main [15ms]
2025-02-12 23:26:00.915 [info] > git status -z -uall [16ms]
2025-02-12 23:26:00.935 [info] > git for-each-ref --format=%(refname)%00%(upstream:short)%00%(objectname)%00%(upstream:track)%00%(upstream:remotename)%00%(upstream:remoteref) refs/heads/main refs/remotes/main [14ms]
2025-02-12 23:26:00.945 [info] > git config --local branch.main.vscode-merge-base [5ms]
2025-02-12 23:26:00.961 [info] > git for-each-ref --format=%(refname)%00%(upstream:short)%00%(objectname)%00%(upstream:track)%00%(upstream:remotename)%00%(upstream:remoteref) refs/heads/origin/main refs/remotes/origin/main [11ms]
2025-02-12 23:26:06.558 [info] > git config --get commit.template [5ms]
2025-02-12 23:26:06.575 [info] > git for-each-ref --format=%(refname)%00%(upstream:short)%00%(objectname)%00%(upstream:track)%00%(upstream:remotename)%00%(upstream:remoteref) refs/heads/main refs/remotes/main [18ms]
2025-02-12 23:26:06.606 [info] > git status -z -uall [25ms]
2025-02-12 23:26:06.626 [info] > git for-each-ref --format=%(refname)%00%(upstream:short)%00%(objectname)%00%(upstream:track)%00%(upstream:remotename)%00%(upstream:remoteref) refs/heads/main refs/remotes/main [15ms]
2025-02-12 23:26:06.637 [info] > git config --local branch.main.vscode-merge-base [6ms]
2025-02-12 23:26:06.654 [info] > git for-each-ref --format=%(refname)%00%(upstream:short)%00%(objectname)%00%(upstream:track)%00%(upstream:remotename)%00%(upstream:remoteref) refs/heads/origin/main refs/remotes/origin/main [12ms]
2025-02-12 23:26:22.619 [info] > git config --get commit.template [7ms]
2025-02-12 23:26:22.632 [info] > git for-each-ref --format=%(refname)%00%(upstream:short)%00%(objectname)%00%(upstream:track)%00%(upstream:remotename)%00%(upstream:remoteref) refs/heads/main refs/remotes/main [14ms]
2025-02-12 23:26:22.658 [info] > git status -z -uall [19ms]
2025-02-12 23:26:22.681 [info] > git for-each-ref --format=%(refname)%00%(upstream:short)%00%(objectname)%00%(upstream:track)%00%(upstream:remotename)%00%(upstream:remoteref) refs/heads/main refs/remotes/main [14ms]
2025-02-12 23:26:22.691 [info] > git config --local branch.main.vscode-merge-base [5ms]
2025-02-12 23:26:22.706 [info] > git for-each-ref --format=%(refname)%00%(upstream:short)%00%(objectname)%00%(upstream:track)%00%(upstream:remotename)%00%(upstream:remoteref) refs/heads/origin/main refs/remotes/origin/main [10ms]
2025-02-12 23:26:27.839 [info] > git config --get commit.template [5ms]
2025-02-12 23:26:27.850 [info] > git for-each-ref --format=%(refname)%00%(upstream:short)%00%(objectname)%00%(upstream:track)%00%(upstream:remotename)%00%(upstream:remoteref) refs/heads/main refs/remotes/main [12ms]
2025-02-12 23:26:27.873 [info] > git status -z -uall [17ms]
2025-02-12 23:26:27.893 [info] > git for-each-ref --format=%(refname)%00%(upstream:short)%00%(objectname)%00%(upstream:track)%00%(upstream:remotename)%00%(upstream:remoteref) refs/heads/main refs/remotes/main [14ms]
2025-02-12 23:26:27.903 [info] > git config --local branch.main.vscode-merge-base [5ms]
2025-02-12 23:26:27.920 [info] > git for-each-ref --format=%(refname)%00%(upstream:short)%00%(objectname)%00%(upstream:track)%00%(upstream:remotename)%00%(upstream:remoteref) refs/heads/origin/main refs/remotes/origin/main [11ms]
2025-02-12 23:26:33.700 [info] > git config --get commit.template [6ms]
2025-02-12 23:26:33.713 [info] > git for-each-ref --format=%(refname)%00%(upstream:short)%00%(objectname)%00%(upstream:track)%00%(upstream:remotename)%00%(upstream:remoteref) refs/heads/main refs/remotes/main [14ms]
2025-02-12 23:26:33.741 [info] > git status -z -uall [21ms]
2025-02-12 23:26:33.760 [info] > git for-each-ref --format=%(refname)%00%(upstream:short)%00%(objectname)%00%(upstream:track)%00%(upstream:remotename)%00%(upstream:remoteref) refs/heads/main refs/remotes/main [13ms]
2025-02-12 23:26:33.771 [info] > git config --local branch.main.vscode-merge-base [4ms]
2025-02-12 23:26:33.789 [info] > git for-each-ref --format=%(refname)%00%(upstream:short)%00%(objectname)%00%(upstream:track)%00%(upstream:remotename)%00%(upstream:remoteref) refs/heads/origin/main refs/remotes/origin/main [13ms]
2025-02-12 23:27:00.714 [info] > git show --textconv :gtest/gtestmain.cpp [9ms]
2025-02-12 23:27:00.716 [info] > git ls-files --stage -- /home/hwlee4/ICS45C/HW5/gtest/gtestmain.cpp [7ms]
2025-02-12 23:27:00.729 [info] > git cat-file -s d8afbf599a8ea22aeb2f3b6cc7a1b1f96387b59f [9ms]
2025-02-12 23:27:23.125 [info] > git ls-files --stage -- /home/hwlee4/ICS45C/HW5/src/list.cpp [7ms]
2025-02-12 23:27:23.130 [info] > git show --textconv :src/list.cpp [17ms]
2025-02-12 23:27:23.138 [info] > git cat-file -s 861d892af3e9e4bb29d636e0fc4c184c962e726f [9ms]
2025-02-12 23:27:47.312 [info] > git show --textconv :gtest/string_gtests.cpp [10ms]
2025-02-12 23:27:47.312 [info] > git ls-files --stage -- /home/hwlee4/ICS45C/HW5/gtest/string_gtests.cpp [6ms]
2025-02-12 23:27:47.325 [info] > git cat-file -s 23334d6fdf0c9ac615b35e6fc70e1068b7c28615 [9ms]
2025-02-12 23:27:50.922 [info] > git show --textconv :gtest/student_gtests.cpp [8ms]
2025-02-12 23:27:50.926 [info] > git ls-files --stage -- /home/hwlee4/ICS45C/HW5/gtest/student_gtests.cpp [7ms]
2025-02-12 23:27:50.939 [info] > git cat-file -s 88066a96c41f746d354b38e78ffd629ab827b6a6 [8ms]
2025-02-12 23:28:07.824 [info] > git ls-files --stage -- /home/hwlee4/ICS45C/HW5/src/string.cpp [6ms]
2025-02-12 23:28:07.830 [info] > git show --textconv :src/string.cpp [17ms]
2025-02-12 23:28:07.841 [info] > git cat-file -s 0be3464f6fcb09bc079a94089aaca7c2e4ddc2e1 [12ms]
2025-02-12 23:28:20.091 [info] > git show --textconv :src/string.hpp [9ms]
2025-02-12 23:28:20.094 [info] > git ls-files --stage -- /home/hwlee4/ICS45C/HW5/src/string.hpp [7ms]
2025-02-12 23:28:20.108 [info] > git cat-file -s 10af9d727eca98f1d2a2bd42fbed0a73f5db62de [9ms]
2025-02-12 23:28:24.274 [info] > git ls-files --stage -- /home/hwlee4/ICS45C/HW5/src/string.cpp [7ms]
2025-02-12 23:28:24.280 [info] > git show --textconv :src/string.cpp [18ms]
2025-02-12 23:28:24.288 [info] > git cat-file -s 0be3464f6fcb09bc079a94089aaca7c2e4ddc2e1 [9ms]
2025-02-12 23:28:25.726 [info] > git show --textconv :src/string.hpp [10ms]
2025-02-12 23:28:25.728 [info] > git ls-files --stage -- /home/hwlee4/ICS45C/HW5/src/string.hpp [7ms]
2025-02-12 23:28:25.742 [info] > git cat-file -s 10af9d727eca98f1d2a2bd42fbed0a73f5db62de [9ms]
2025-02-12 23:28:27.490 [info] > git show --textconv :src/string.cpp [12ms]
2025-02-12 23:28:27.490 [info] > git ls-files --stage -- /home/hwlee4/ICS45C/HW5/src/string.cpp [8ms]
2025-02-12 23:28:27.502 [info] > git cat-file -s 0be3464f6fcb09bc079a94089aaca7c2e4ddc2e1 [8ms]
2025-02-12 23:28:30.216 [info] > git show --textconv :src/string.hpp [9ms]
2025-02-12 23:28:30.219 [info] > git ls-files --stage -- /home/hwlee4/ICS45C/HW5/src/string.hpp [8ms]
2025-02-12 23:28:30.232 [info] > git cat-file -s 10af9d727eca98f1d2a2bd42fbed0a73f5db62de [8ms]
2025-02-12 23:28:33.537 [info] > git ls-files --stage -- /home/hwlee4/ICS45C/HW5/src/string.cpp [14ms]
2025-02-12 23:28:33.549 [info] > git show --textconv :src/string.cpp [30ms]
2025-02-12 23:28:33.563 [info] > git cat-file -s 0be3464f6fcb09bc079a94089aaca7c2e4ddc2e1 [22ms]
2025-02-12 23:29:27.839 [info] > git ls-files --stage -- /home/hwlee4/ICS45C/HW5/src/string.hpp [6ms]
2025-02-12 23:29:27.844 [info] > git show --textconv :src/string.hpp [14ms]
2025-02-12 23:29:27.851 [info] > git cat-file -s 10af9d727eca98f1d2a2bd42fbed0a73f5db62de [8ms]
2025-02-12 23:29:29.486 [info] > git ls-files --stage -- /home/hwlee4/ICS45C/HW5/src/string.cpp [6ms]
2025-02-12 23:29:29.491 [info] > git show --textconv :src/string.cpp [16ms]
2025-02-12 23:29:29.499 [info] > git cat-file -s 0be3464f6fcb09bc079a94089aaca7c2e4ddc2e1 [9ms]
2025-02-12 23:29:41.688 [info] > git config --get commit.template [8ms]
2025-02-12 23:29:41.700 [info] > git for-each-ref --format=%(refname)%00%(upstream:short)%00%(objectname)%00%(upstream:track)%00%(upstream:remotename)%00%(upstream:remoteref) refs/heads/main refs/remotes/main [15ms]
2025-02-12 23:29:41.736 [info] > git status -z -uall [30ms]
2025-02-12 23:29:41.756 [info] > git for-each-ref --format=%(refname)%00%(upstream:short)%00%(objectname)%00%(upstream:track)%00%(upstream:remotename)%00%(upstream:remoteref) refs/heads/main refs/remotes/main [14ms]
2025-02-12 23:29:41.765 [info] > git config --local branch.main.vscode-merge-base [5ms]
2025-02-12 23:29:41.782 [info] > git for-each-ref --format=%(refname)%00%(upstream:short)%00%(objectname)%00%(upstream:track)%00%(upstream:remotename)%00%(upstream:remoteref) refs/heads/origin/main refs/remotes/origin/main [12ms]
2025-02-12 23:29:45.526 [info] > git show --textconv :src/string.hpp [9ms]
2025-02-12 23:29:45.529 [info] > git ls-files --stage -- /home/hwlee4/ICS45C/HW5/src/string.hpp [7ms]
2025-02-12 23:29:45.543 [info] > git cat-file -s 10af9d727eca98f1d2a2bd42fbed0a73f5db62de [9ms]
2025-02-12 23:29:46.758 [info] > git config --get commit.template [7ms]
2025-02-12 23:29:46.769 [info] > git for-each-ref --format=%(refname)%00%(upstream:short)%00%(objectname)%00%(upstream:track)%00%(upstream:remotename)%00%(upstream:remoteref) refs/heads/main refs/remotes/main [13ms]
2025-02-12 23:29:46.793 [info] > git status -z -uall [19ms]
2025-02-12 23:29:46.812 [info] > git for-each-ref --format=%(refname)%00%(upstream:short)%00%(objectname)%00%(upstream:track)%00%(upstream:remotename)%00%(upstream:remoteref) refs/heads/main refs/remotes/main [13ms]
2025-02-12 23:29:46.822 [info] > git config --local branch.main.vscode-merge-base [5ms]
2025-02-12 23:29:46.840 [info] > git for-each-ref --format=%(refname)%00%(upstream:short)%00%(objectname)%00%(upstream:track)%00%(upstream:remotename)%00%(upstream:remoteref) refs/heads/origin/main refs/remotes/origin/main [13ms]
2025-02-12 23:29:58.174 [info] > git show --textconv :gtest/student_gtests.cpp [11ms]
2025-02-12 23:29:58.175 [info] > git ls-files --stage -- /home/hwlee4/ICS45C/HW5/gtest/student_gtests.cpp [8ms]
2025-02-12 23:29:58.191 [info] > git cat-file -s 88066a96c41f746d354b38e78ffd629ab827b6a6 [10ms]
2025-02-12 23:30:12.675 [info] > git config --get commit.template [6ms]
2025-02-12 23:30:12.687 [info] > git for-each-ref --format=%(refname)%00%(upstream:short)%00%(objectname)%00%(upstream:track)%00%(upstream:remotename)%00%(upstream:remoteref) refs/heads/main refs/remotes/main [13ms]
2025-02-12 23:30:12.708 [info] > git status -z -uall [16ms]
2025-02-12 23:30:12.726 [info] > git for-each-ref --format=%(refname)%00%(upstream:short)%00%(objectname)%00%(upstream:track)%00%(upstream:remotename)%00%(upstream:remoteref) refs/heads/main refs/remotes/main [13ms]
2025-02-12 23:30:12.735 [info] > git config --local branch.main.vscode-merge-base [5ms]
2025-02-12 23:30:12.750 [info] > git for-each-ref --format=%(refname)%00%(upstream:short)%00%(objectname)%00%(upstream:track)%00%(upstream:remotename)%00%(upstream:remoteref) refs/heads/origin/main refs/remotes/origin/main [11ms]
2025-02-12 23:30:17.727 [info] > git config --get commit.template [6ms]
2025-02-12 23:30:17.738 [info] > git for-each-ref --format=%(refname)%00%(upstream:short)%00%(objectname)%00%(upstream:track)%00%(upstream:remotename)%00%(upstream:remoteref) refs/heads/main refs/remotes/main [12ms]
2025-02-12 23:30:17.758 [info] > git status -z -uall [16ms]
2025-02-12 23:30:17.776 [info] > git for-each-ref --format=%(refname)%00%(upstream:short)%00%(objectname)%00%(upstream:track)%00%(upstream:remotename)%00%(upstream:remoteref) refs/heads/main refs/remotes/main [13ms]
2025-02-12 23:30:17.785 [info] > git config --local branch.main.vscode-merge-base [5ms]
2025-02-12 23:30:17.799 [info] > git for-each-ref --format=%(refname)%00%(upstream:short)%00%(objectname)%00%(upstream:track)%00%(upstream:remotename)%00%(upstream:remoteref) refs/heads/origin/main refs/remotes/origin/main [10ms]
2025-02-12 23:30:22.778 [info] > git config --get commit.template [6ms]
2025-02-12 23:30:22.791 [info] > git for-each-ref --format=%(refname)%00%(upstream:short)%00%(objectname)%00%(upstream:track)%00%(upstream:remotename)%00%(upstream:remoteref) refs/heads/main refs/remotes/main [12ms]
2025-02-12 23:30:22.814 [info] > git status -z -uall [17ms]
2025-02-12 23:30:22.837 [info] > git for-each-ref --format=%(refname)%00%(upstream:short)%00%(objectname)%00%(upstream:track)%00%(upstream:remotename)%00%(upstream:remoteref) refs/heads/main refs/remotes/main [15ms]
2025-02-12 23:30:22.847 [info] > git config --local branch.main.vscode-merge-base [5ms]
2025-02-12 23:30:22.863 [info] > git for-each-ref --format=%(refname)%00%(upstream:short)%00%(objectname)%00%(upstream:track)%00%(upstream:remotename)%00%(upstream:remoteref) refs/heads/origin/main refs/remotes/origin/main [11ms]
2025-02-12 23:30:28.376 [info] > git config --get commit.template [5ms]
2025-02-12 23:30:28.393 [info] > git for-each-ref --format=%(refname)%00%(upstream:short)%00%(objectname)%00%(upstream:track)%00%(upstream:remotename)%00%(upstream:remoteref) refs/heads/main refs/remotes/main [18ms]
2025-02-12 23:30:28.419 [info] > git status -z -uall [19ms]
2025-02-12 23:30:28.439 [info] > git for-each-ref --format=%(refname)%00%(upstream:short)%00%(objectname)%00%(upstream:track)%00%(upstream:remotename)%00%(upstream:remoteref) refs/heads/main refs/remotes/main [13ms]
2025-02-12 23:30:28.450 [info] > git config --local branch.main.vscode-merge-base [6ms]
2025-02-12 23:30:28.467 [info] > git for-each-ref --format=%(refname)%00%(upstream:short)%00%(objectname)%00%(upstream:track)%00%(upstream:remotename)%00%(upstream:remoteref) refs/heads/origin/main refs/remotes/origin/main [12ms]
2025-02-12 23:30:33.445 [info] > git config --get commit.template [8ms]
2025-02-12 23:30:33.458 [info] > git for-each-ref --format=%(refname)%00%(upstream:short)%00%(objectname)%00%(upstream:track)%00%(upstream:remotename)%00%(upstream:remoteref) refs/heads/main refs/remotes/main [15ms]
2025-02-12 23:30:33.487 [info] > git status -z -uall [21ms]
2025-02-12 23:30:33.509 [info] > git for-each-ref --format=%(refname)%00%(upstream:short)%00%(objectname)%00%(upstream:track)%00%(upstream:remotename)%00%(upstream:remoteref) refs/heads/main refs/remotes/main [14ms]
2025-02-12 23:30:33.521 [info] > git config --local branch.main.vscode-merge-base [5ms]
2025-02-12 23:30:33.538 [info] > git for-each-ref --format=%(refname)%00%(upstream:short)%00%(objectname)%00%(upstream:track)%00%(upstream:remotename)%00%(upstream:remoteref) refs/heads/origin/main refs/remotes/origin/main [11ms]
2025-02-12 23:31:14.602 [info] > git ls-files --stage -- /home/hwlee4/ICS45C/HW5/src/string.cpp [6ms]
2025-02-12 23:31:14.607 [info] > git show --textconv :src/string.cpp [17ms]
2025-02-12 23:31:14.616 [info] > git cat-file -s 0be3464f6fcb09bc079a94089aaca7c2e4ddc2e1 [9ms]
2025-02-12 23:31:25.934 [info] > git show --textconv :gtest/student_gtests.cpp [9ms]
2025-02-12 23:31:25.937 [info] > git ls-files --stage -- /home/hwlee4/ICS45C/HW5/gtest/student_gtests.cpp [7ms]
2025-02-12 23:31:25.952 [info] > git cat-file -s 88066a96c41f746d354b38e78ffd629ab827b6a6 [8ms]
2025-02-12 23:32:20.926 [info] > git config --get commit.template [5ms]
2025-02-12 23:32:20.945 [info] > git for-each-ref --format=%(refname)%00%(upstream:short)%00%(objectname)%00%(upstream:track)%00%(upstream:remotename)%00%(upstream:remoteref) refs/heads/main refs/remotes/main [20ms]
2025-02-12 23:32:20.986 [info] > git status -z -uall [36ms]
2025-02-12 23:32:21.007 [info] > git for-each-ref --format=%(refname)%00%(upstream:short)%00%(objectname)%00%(upstream:track)%00%(upstream:remotename)%00%(upstream:remoteref) refs/heads/main refs/remotes/main [16ms]
2025-02-12 23:32:21.017 [info] > git config --local branch.main.vscode-merge-base [5ms]
2025-02-12 23:32:21.033 [info] > git for-each-ref --format=%(refname)%00%(upstream:short)%00%(objectname)%00%(upstream:track)%00%(upstream:remotename)%00%(upstream:remoteref) refs/heads/origin/main refs/remotes/origin/main [11ms]
2025-02-12 23:32:26.011 [info] > git config --get commit.template [8ms]
2025-02-12 23:32:26.023 [info] > git for-each-ref --format=%(refname)%00%(upstream:short)%00%(objectname)%00%(upstream:track)%00%(upstream:remotename)%00%(upstream:remoteref) refs/heads/main refs/remotes/main [13ms]
2025-02-12 23:32:26.047 [info] > git status -z -uall [17ms]
2025-02-12 23:32:26.069 [info] > git for-each-ref --format=%(refname)%00%(upstream:short)%00%(objectname)%00%(upstream:track)%00%(upstream:remotename)%00%(upstream:remoteref) refs/heads/main refs/remotes/main [13ms]
2025-02-12 23:32:26.079 [info] > git config --local branch.main.vscode-merge-base [6ms]
2025-02-12 23:32:26.094 [info] > git for-each-ref --format=%(refname)%00%(upstream:short)%00%(objectname)%00%(upstream:track)%00%(upstream:remotename)%00%(upstream:remoteref) refs/heads/origin/main refs/remotes/origin/main [11ms]
2025-02-12 23:32:32.030 [info] > git config --get commit.template [6ms]
2025-02-12 23:32:32.042 [info] > git for-each-ref --format=%(refname)%00%(upstream:short)%00%(objectname)%00%(upstream:track)%00%(upstream:remotename)%00%(upstream:remoteref) refs/heads/main refs/remotes/main [13ms]
2025-02-12 23:32:32.067 [info] > git status -z -uall [18ms]
2025-02-12 23:32:32.089 [info] > git for-each-ref --format=%(refname)%00%(upstream:short)%00%(objectname)%00%(upstream:track)%00%(upstream:remotename)%00%(upstream:remoteref) refs/heads/main refs/remotes/main [13ms]
2025-02-12 23:32:32.100 [info] > git config --local branch.main.vscode-merge-base [5ms]
2025-02-12 23:32:32.116 [info] > git for-each-ref --format=%(refname)%00%(upstream:short)%00%(objectname)%00%(upstream:track)%00%(upstream:remotename)%00%(upstream:remoteref) refs/heads/origin/main refs/remotes/origin/main [10ms]
2025-02-12 23:32:50.763 [info] > git config --get commit.template [5ms]
2025-02-12 23:32:50.777 [info] > git for-each-ref --format=%(refname)%00%(upstream:short)%00%(objectname)%00%(upstream:track)%00%(upstream:remotename)%00%(upstream:remoteref) refs/heads/main refs/remotes/main [14ms]
2025-02-12 23:32:50.801 [info] > git status -z -uall [18ms]
2025-02-12 23:32:50.821 [info] > git for-each-ref --format=%(refname)%00%(upstream:short)%00%(objectname)%00%(upstream:track)%00%(upstream:remotename)%00%(upstream:remoteref) refs/heads/main refs/remotes/main [13ms]
2025-02-12 23:32:50.832 [info] > git config --local branch.main.vscode-merge-base [5ms]
2025-02-12 23:32:50.848 [info] > git for-each-ref --format=%(refname)%00%(upstream:short)%00%(objectname)%00%(upstream:track)%00%(upstream:remotename)%00%(upstream:remoteref) refs/heads/origin/main refs/remotes/origin/main [10ms]
2025-02-12 23:33:17.599 [info] > git config --get commit.template [6ms]
2025-02-12 23:33:17.611 [info] > git for-each-ref --format=%(refname)%00%(upstream:short)%00%(objectname)%00%(upstream:track)%00%(upstream:remotename)%00%(upstream:remoteref) refs/heads/main refs/remotes/main [13ms]
2025-02-12 23:33:17.633 [info] > git status -z -uall [16ms]
2025-02-12 23:33:17.653 [info] > git for-each-ref --format=%(refname)%00%(upstream:short)%00%(objectname)%00%(upstream:track)%00%(upstream:remotename)%00%(upstream:remoteref) refs/heads/main refs/remotes/main [13ms]
2025-02-12 23:33:17.662 [info] > git config --local branch.main.vscode-merge-base [5ms]
2025-02-12 23:33:17.677 [info] > git for-each-ref --format=%(refname)%00%(upstream:short)%00%(objectname)%00%(upstream:track)%00%(upstream:remotename)%00%(upstream:remoteref) refs/heads/origin/main refs/remotes/origin/main [10ms]
2025-02-12 23:33:23.115 [info] > git config --get commit.template [6ms]
2025-02-12 23:33:23.128 [info] > git for-each-ref --format=%(refname)%00%(upstream:short)%00%(objectname)%00%(upstream:track)%00%(upstream:remotename)%00%(upstream:remoteref) refs/heads/main refs/remotes/main [14ms]
2025-02-12 23:33:23.154 [info] > git status -z -uall [21ms]
2025-02-12 23:33:23.173 [info] > git for-each-ref --format=%(refname)%00%(upstream:short)%00%(objectname)%00%(upstream:track)%00%(upstream:remotename)%00%(upstream:remoteref) refs/heads/main refs/remotes/main [13ms]
2025-02-12 23:33:23.185 [info] > git config --local branch.main.vscode-merge-base [5ms]
2025-02-12 23:33:23.200 [info] > git for-each-ref --format=%(refname)%00%(upstream:short)%00%(objectname)%00%(upstream:track)%00%(upstream:remotename)%00%(upstream:remoteref) refs/heads/origin/main refs/remotes/origin/main [10ms]
2025-02-12 23:33:28.813 [info] > git config --get commit.template [7ms]
2025-02-12 23:33:28.825 [info] > git for-each-ref --format=%(refname)%00%(upstream:short)%00%(objectname)%00%(upstream:track)%00%(upstream:remotename)%00%(upstream:remoteref) refs/heads/main refs/remotes/main [12ms]
2025-02-12 23:33:28.849 [info] > git status -z -uall [18ms]
2025-02-12 23:33:28.870 [info] > git for-each-ref --format=%(refname)%00%(upstream:short)%00%(objectname)%00%(upstream:track)%00%(upstream:remotename)%00%(upstream:remoteref) refs/heads/main refs/remotes/main [13ms]
2025-02-12 23:33:28.881 [info] > git config --local branch.main.vscode-merge-base [6ms]
2025-02-12 23:33:28.898 [info] > git for-each-ref --format=%(refname)%00%(upstream:short)%00%(objectname)%00%(upstream:track)%00%(upstream:remotename)%00%(upstream:remoteref) refs/heads/origin/main refs/remotes/origin/main [12ms]
2025-02-12 23:34:39.225 [info] > git add -A -- . [126ms]
2025-02-12 23:34:39.368 [info] > git -c user.useConfigOnly=true commit --quiet --allow-empty-message --file - [136ms]
2025-02-12 23:34:39.380 [info] > git config --get commit.template [7ms]
2025-02-12 23:34:39.394 [info] > git config --get commit.template [8ms]
2025-02-12 23:34:39.414 [info] > git for-each-ref --format=%(refname)%00%(upstream:short)%00%(objectname)%00%(upstream:track)%00%(upstream:remotename)%00%(upstream:remoteref) refs/heads/main refs/remotes/main [21ms]
2025-02-12 23:34:39.439 [info] > git status -z -uall [18ms]
2025-02-12 23:34:39.462 [info] > git for-each-ref --format=%(refname)%00%(upstream:short)%00%(objectname)%00%(upstream:track)%00%(upstream:remotename)%00%(upstream:remoteref) refs/heads/main refs/remotes/main [16ms]
2025-02-12 23:34:39.472 [info] > git config --local branch.main.vscode-merge-base [5ms]
2025-02-12 23:34:39.487 [info] > git for-each-ref --format=%(refname)%00%(upstream:short)%00%(objectname)%00%(upstream:track)%00%(upstream:remotename)%00%(upstream:remoteref) refs/heads/origin/main refs/remotes/origin/main [10ms]
2025-02-12 23:34:39.506 [info] > git merge-base refs/heads/main refs/remotes/origin/main [12ms]
2025-02-12 23:34:39.525 [info] > git rev-list --count --left-right refs/heads/main...refs/remotes/origin/main [12ms]
2025-02-12 23:34:39.542 [info] > git diff --name-status -z --diff-filter=ADMR b73eba4a634f4fa2f11ae0be7886785b965c3157...refs/remotes/origin/main [10ms]
2025-02-12 23:34:39.789 [info] > git config --get commit.template [6ms]
2025-02-12 23:34:39.806 [info] > git for-each-ref --format=%(refname)%00%(upstream:short)%00%(objectname)%00%(upstream:track)%00%(upstream:remotename)%00%(upstream:remoteref) refs/heads/main refs/remotes/main [17ms]
2025-02-12 23:34:39.807 [info] > git merge-base refs/heads/main refs/remotes/origin/main [11ms]
2025-02-12 23:34:39.824 [info] > git rev-list --count --left-right refs/heads/main...refs/remotes/origin/main [13ms]
2025-02-12 23:34:39.835 [info] > git status -z -uall [17ms]
2025-02-12 23:34:39.855 [info] > git for-each-ref --format=%(refname)%00%(upstream:short)%00%(objectname)%00%(upstream:track)%00%(upstream:remotename)%00%(upstream:remoteref) refs/heads/main refs/remotes/main [14ms]
2025-02-12 23:34:39.866 [info] > git config --local branch.main.vscode-merge-base [6ms]
2025-02-12 23:34:39.882 [info] > git for-each-ref --format=%(refname)%00%(upstream:short)%00%(objectname)%00%(upstream:track)%00%(upstream:remotename)%00%(upstream:remoteref) refs/heads/origin/main refs/remotes/origin/main [10ms]
2025-02-12 23:34:40.634 [info] > git log --oneline --cherry main...main@{upstream} -- [16ms]
2025-02-12 23:34:41.888 [info] > git ls-files --stage -- /home/hwlee4/ICS45C/HW5/gtest/student_gtests.cpp [6ms]
2025-02-12 23:34:41.906 [info] > git cat-file -s 1fc640ca2fae2715679ee304a8d036104c7a665f [14ms]
2025-02-12 23:34:41.942 [info] > git show --textconv :gtest/student_gtests.cpp [11ms]
2025-02-12 23:34:42.170 [info] > git pull --tags origin main [1529ms]
2025-02-12 23:34:42.170 [info] From github.com:klefstad-teaching/ics-45c-hw5-hhenrylee
 * branch            main       -> FETCH_HEAD
2025-02-12 23:34:43.461 [info] > git ls-files --stage -- /home/hwlee4/ICS45C/HW5/gtest/student_gtests.cpp [5ms]
2025-02-12 23:34:43.475 [info] > git cat-file -s 1fc640ca2fae2715679ee304a8d036104c7a665f [9ms]
2025-02-12 23:34:43.543 [info] > git show --textconv :gtest/student_gtests.cpp [13ms]
2025-02-12 23:34:43.543 [info] > git push origin main:main [1369ms]
2025-02-12 23:34:43.543 [info] To github.com:klefstad-teaching/ics-45c-hw5-hhenrylee.git
   b73eba4..50f01fa  main -> main
2025-02-12 23:34:43.555 [info] > git config --get commit.template [6ms]
2025-02-12 23:34:43.569 [info] > git for-each-ref --format=%(refname)%00%(upstream:short)%00%(objectname)%00%(upstream:track)%00%(upstream:remotename)%00%(upstream:remoteref) refs/heads/main refs/remotes/main [15ms]
2025-02-12 23:34:43.592 [info] > git status -z -uall [18ms]
2025-02-12 23:34:43.613 [info] > git for-each-ref --format=%(refname)%00%(upstream:short)%00%(objectname)%00%(upstream:track)%00%(upstream:remotename)%00%(upstream:remoteref) refs/heads/main refs/remotes/main [14ms]
2025-02-12 23:34:43.623 [info] > git config --local branch.main.vscode-merge-base [5ms]
2025-02-12 23:34:43.643 [info] > git for-each-ref --format=%(refname)%00%(upstream:short)%00%(objectname)%00%(upstream:track)%00%(upstream:remotename)%00%(upstream:remoteref) refs/heads/origin/main refs/remotes/origin/main [15ms]
2025-02-12 23:34:43.661 [info] > git merge-base refs/heads/main refs/remotes/origin/main [12ms]
2025-02-12 23:34:43.679 [info] > git rev-list --count --left-right refs/heads/main...refs/remotes/origin/main [13ms]
2025-02-12 23:34:43.695 [info] > git diff --name-status -z --diff-filter=ADMR 50f01fa6a590439d035a0516e1b26d207bae6c52...refs/remotes/origin/main [12ms]
2025-02-12 23:34:43.804 [info] > git merge-base refs/heads/main refs/remotes/origin/main [11ms]
2025-02-12 23:34:43.822 [info] > git rev-list --count --left-right refs/heads/main...refs/remotes/origin/main [14ms]
2025-02-12 23:34:44.806 [info] > git config --get commit.template [5ms]
2025-02-12 23:34:44.818 [info] > git for-each-ref --format=%(refname)%00%(upstream:short)%00%(objectname)%00%(upstream:track)%00%(upstream:remotename)%00%(upstream:remoteref) refs/heads/main refs/remotes/main [13ms]
2025-02-12 23:34:44.839 [info] > git status -z -uall [15ms]
2025-02-12 23:34:44.856 [info] > git for-each-ref --format=%(refname)%00%(upstream:short)%00%(objectname)%00%(upstream:track)%00%(upstream:remotename)%00%(upstream:remoteref) refs/heads/main refs/remotes/main [12ms]
2025-02-12 23:34:44.865 [info] > git config --local branch.main.vscode-merge-base [5ms]
2025-02-12 23:34:44.882 [info] > git for-each-ref --format=%(refname)%00%(upstream:short)%00%(objectname)%00%(upstream:track)%00%(upstream:remotename)%00%(upstream:remoteref) refs/heads/origin/main refs/remotes/origin/main [12ms]
2025-02-12 23:34:44.952 [info] > git ls-files --stage -- /home/hwlee4/ICS45C/HW5/gtest/student_gtests.cpp [7ms]
2025-02-12 23:34:44.965 [info] > git cat-file -s 1fc640ca2fae2715679ee304a8d036104c7a665f [10ms]
2025-02-12 23:34:44.996 [info] > git show --textconv :gtest/student_gtests.cpp [11ms]
