2025-10-24 16:18:46.662 [info] Extension host with pid 618239 started
2025-10-24 16:18:46.670 [error] Error: EEXIST: file already exists, open '/home/hwlee4/.vscode-server/data/User/workspaceStorage/0684665360a1431657c5fb56316f6548/vscode.lock'
2025-10-24 16:18:46.676 [info] Lock '/home/hwlee4/.vscode-server/data/User/workspaceStorage/0684665360a1431657c5fb56316f6548/vscode.lock': Could not acquire lock, checking if the file is stale.
2025-10-24 16:18:46.678 [info] Lock '/home/hwlee4/.vscode-server/data/User/workspaceStorage/0684665360a1431657c5fb56316f6548/vscode.lock': The pid 270880 appears to be gone.
2025-10-24 16:18:46.678 [info] Lock '/home/hwlee4/.vscode-server/data/User/workspaceStorage/0684665360a1431657c5fb56316f6548/vscode.lock': Deleting a stale lock.
2025-10-24 16:18:46.691 [info] Lock '/home/hwlee4/.vscode-server/data/User/workspaceStorage/0684665360a1431657c5fb56316f6548/vscode.lock': Lock acquired.
2025-10-24 16:18:46.742 [info] ExtensionService#_doActivateExtension vscode.emmet, startup: false, activationEvent: 'onLanguage'
2025-10-24 16:18:46.827 [info] ExtensionService#_doActivateExtension vscode.git-base, startup: true, activationEvent: '*', root cause: vscode.git
2025-10-24 16:18:46.862 [info] ExtensionService#_doActivateExtension vscode.git, startup: true, activationEvent: '*'
2025-10-24 16:18:46.862 [info] ExtensionService#_doActivateExtension vscode.github, startup: true, activationEvent: '*'
2025-10-24 16:18:47.139 [info] Eager extensions activated
2025-10-24 16:18:47.140 [info] ExtensionService#_doActivateExtension vscode.debug-auto-launch, startup: false, activationEvent: 'onStartupFinished'
2025-10-24 16:18:47.140 [info] ExtensionService#_doActivateExtension vscode.merge-conflict, startup: false, activationEvent: 'onStartupFinished'
2025-10-24 16:24:55.572 [info] ExtensionService#_doActivateExtension vscode.npm, startup: false, activationEvent: 'onTerminalQuickFixRequest:ms-vscode.npm-command'
2025-10-24 16:26:12.757 [warning] [Decorations] CAPPING events from decorations provider vscode.git 393
2025-10-24 16:26:18.959 [warning] [Decorations] CAPPING events from decorations provider vscode.git 393
2025-10-24 16:26:25.171 [warning] [Decorations] CAPPING events from decorations provider vscode.git 396
2025-10-24 16:26:31.389 [warning] [Decorations] CAPPING events from decorations provider vscode.git 396
2025-10-24 16:26:37.588 [warning] [Decorations] CAPPING events from decorations provider vscode.git 396
2025-10-24 16:26:43.807 [warning] [Decorations] CAPPING events from decorations provider vscode.git 396
2025-10-24 16:26:50.538 [warning] [Decorations] CAPPING events from decorations provider vscode.git 396
2025-10-24 16:26:56.712 [warning] [Decorations] CAPPING events from decorations provider vscode.git 396
2025-10-24 16:27:02.902 [warning] [Decorations] CAPPING events from decorations provider vscode.git 396
2025-10-24 16:27:09.171 [warning] [Decorations] CAPPING events from decorations provider vscode.git 396
2025-10-24 16:27:15.375 [warning] [Decorations] CAPPING events from decorations provider vscode.git 396
2025-10-24 16:27:21.576 [warning] [Decorations] CAPPING events from decorations provider vscode.git 396
2025-10-24 16:27:27.742 [warning] [Decorations] CAPPING events from decorations provider vscode.git 396
2025-10-24 16:27:33.950 [warning] [Decorations] CAPPING events from decorations provider vscode.git 396
2025-10-24 16:27:40.137 [warning] [Decorations] CAPPING events from decorations provider vscode.git 396
2025-10-24 16:27:46.452 [warning] [Decorations] CAPPING events from decorations provider vscode.git 396
2025-10-24 16:27:53.260 [warning] [Decorations] CAPPING events from decorations provider vscode.git 396
2025-10-24 16:27:59.520 [warning] [Decorations] CAPPING events from decorations provider vscode.git 396
2025-10-24 16:28:05.757 [warning] [Decorations] CAPPING events from decorations provider vscode.git 396
2025-10-24 16:28:12.069 [warning] [Decorations] CAPPING events from decorations provider vscode.git 396
2025-10-24 16:28:18.392 [warning] [Decorations] CAPPING events from decorations provider vscode.git 396
2025-10-24 16:28:24.729 [warning] [Decorations] CAPPING events from decorations provider vscode.git 396
2025-10-24 16:28:31.099 [warning] [Decorations] CAPPING events from decorations provider vscode.git 396
2025-10-24 16:28:37.427 [warning] [Decorations] CAPPING events from decorations provider vscode.git 396
2025-10-24 16:28:43.824 [warning] [Decorations] CAPPING events from decorations provider vscode.git 396
2025-10-24 16:28:50.171 [warning] [Decorations] CAPPING events from decorations provider vscode.git 396
2025-10-24 16:28:57.025 [warning] [Decorations] CAPPING events from decorations provider vscode.git 396
2025-10-24 16:29:03.325 [warning] [Decorations] CAPPING events from decorations provider vscode.git 396
2025-10-24 16:29:09.626 [warning] [Decorations] CAPPING events from decorations provider vscode.git 396
2025-10-24 16:29:30.240 [warning] [Decorations] CAPPING events from decorations provider vscode.git 396
2025-10-24 16:29:36.562 [warning] [Decorations] CAPPING events from decorations provider vscode.git 396
2025-10-24 16:29:42.880 [warning] [Decorations] CAPPING events from decorations provider vscode.git 396
2025-10-24 16:31:08.639 [warning] [Decorations] CAPPING events from decorations provider vscode.git 396
2025-10-24 16:31:31.135 [warning] [Decorations] CAPPING events from decorations provider vscode.git 396
2025-10-24 16:31:37.462 [warning] [Decorations] CAPPING events from decorations provider vscode.git 396
2025-10-24 16:31:43.762 [warning] [Decorations] CAPPING events from decorations provider vscode.git 396
2025-10-24 16:31:50.189 [warning] [Decorations] CAPPING events from decorations provider vscode.git 396
2025-10-24 16:31:57.158 [warning] [Decorations] CAPPING events from decorations provider vscode.git 396
2025-10-24 16:32:26.931 [warning] [Decorations] CAPPING events from decorations provider vscode.git 396
2025-10-24 16:32:33.238 [warning] [Decorations] CAPPING events from decorations provider vscode.git 399
2025-10-24 16:32:39.497 [warning] [Decorations] CAPPING events from decorations provider vscode.git 399
2025-10-24 16:32:45.772 [warning] [Decorations] CAPPING events from decorations provider vscode.git 399
2025-10-24 16:32:52.158 [warning] [Decorations] CAPPING events from decorations provider vscode.git 399
2025-10-24 16:32:58.467 [warning] [Decorations] CAPPING events from decorations provider vscode.git 400
2025-10-24 16:33:04.745 [warning] [Decorations] CAPPING events from decorations provider vscode.git 400
2025-10-24 16:33:11.069 [warning] [Decorations] CAPPING events from decorations provider vscode.git 400
2025-10-24 16:33:23.611 [warning] [Decorations] CAPPING events from decorations provider vscode.git 400
2025-10-24 16:33:30.370 [warning] [Decorations] CAPPING events from decorations provider vscode.git 400
2025-10-24 16:33:36.754 [warning] [Decorations] CAPPING events from decorations provider vscode.git 400
2025-10-24 16:33:43.310 [warning] [Decorations] CAPPING events from decorations provider vscode.git 400
2025-10-24 16:33:49.597 [warning] [Decorations] CAPPING events from decorations provider vscode.git 400
2025-10-24 16:33:55.896 [warning] [Decorations] CAPPING events from decorations provider vscode.git 401
2025-10-24 16:34:02.207 [warning] [Decorations] CAPPING events from decorations provider vscode.git 401
2025-10-24 16:34:08.475 [warning] [Decorations] CAPPING events from decorations provider vscode.git 401
2025-10-24 16:34:24.837 [warning] [Decorations] CAPPING events from decorations provider vscode.git 401
2025-10-24 16:34:40.639 [warning] [Decorations] CAPPING events from decorations provider vscode.git 401
2025-10-24 16:34:52.151 [warning] [Decorations] CAPPING events from decorations provider vscode.git 401
2025-10-24 16:35:47.765 [warning] [Decorations] CAPPING events from decorations provider vscode.git 401
2025-10-24 16:36:04.033 [warning] [Decorations] CAPPING events from decorations provider vscode.git 401
2025-10-24 16:36:10.427 [warning] [Decorations] CAPPING events from decorations provider vscode.git 401
2025-10-24 16:36:28.547 [warning] [Decorations] CAPPING events from decorations provider vscode.git 401
2025-10-24 16:36:54.969 [warning] [Decorations] CAPPING events from decorations provider vscode.git 401
2025-10-24 16:37:01.192 [warning] [Decorations] CAPPING events from decorations provider vscode.git 402
2025-10-24 16:37:07.438 [warning] [Decorations] CAPPING events from decorations provider vscode.git 402
2025-10-24 16:37:13.730 [warning] [Decorations] CAPPING events from decorations provider vscode.git 402
2025-10-24 16:37:20.159 [warning] [Decorations] CAPPING events from decorations provider vscode.git 402
2025-10-24 16:37:26.579 [warning] [Decorations] CAPPING events from decorations provider vscode.git 402
2025-10-24 16:37:32.984 [warning] [Decorations] CAPPING events from decorations provider vscode.git 402
2025-10-24 16:37:39.389 [warning] [Decorations] CAPPING events from decorations provider vscode.git 402
2025-10-24 16:37:45.807 [warning] [Decorations] CAPPING events from decorations provider vscode.git 402
2025-10-24 16:37:52.225 [warning] [Decorations] CAPPING events from decorations provider vscode.git 402
2025-10-24 16:38:35.259 [warning] [Decorations] CAPPING events from decorations provider vscode.git 402
2025-10-24 16:38:50.702 [warning] [Decorations] CAPPING events from decorations provider vscode.git 402
2025-10-24 16:38:57.026 [warning] [Decorations] CAPPING events from decorations provider vscode.git 403
2025-10-24 16:39:03.410 [warning] [Decorations] CAPPING events from decorations provider vscode.git 403
2025-10-24 16:39:09.729 [warning] [Decorations] CAPPING events from decorations provider vscode.git 404
2025-10-24 16:39:16.100 [warning] [Decorations] CAPPING events from decorations provider vscode.git 404
2025-10-24 16:39:31.242 [warning] [Decorations] CAPPING events from decorations provider vscode.git 404
2025-10-24 16:39:38.052 [warning] [Decorations] CAPPING events from decorations provider vscode.git 409
2025-10-24 16:39:44.583 [warning] [Decorations] CAPPING events from decorations provider vscode.git 420
2025-10-24 16:39:50.892 [warning] [Decorations] CAPPING events from decorations provider vscode.git 434
2025-10-24 16:39:57.220 [warning] [Decorations] CAPPING events from decorations provider vscode.git 437
2025-10-24 16:40:03.615 [warning] [Decorations] CAPPING events from decorations provider vscode.git 424
2025-10-24 16:40:14.085 [warning] [Decorations] CAPPING events from decorations provider vscode.git 424
