2025-10-08 17:04:07.356 [info] Log level: Info
2025-10-08 17:04:07.357 [info] Validating found git in: "git"
2025-10-08 17:04:07.357 [info] Using git "2.34.1" from "git"
2025-10-08 17:04:07.357 [info] > git rev-parse --show-toplevel [7ms]
2025-10-08 17:04:07.357 [info] > git rev-parse --git-dir --git-common-dir [4ms]
2025-10-08 17:04:07.357 [info] Open repository: /home/hwlee4
2025-10-08 17:04:07.357 [info] > git config --get commit.template [38ms]
2025-10-08 17:04:07.357 [info] > git rev-parse --show-toplevel [45ms]
2025-10-08 17:04:07.357 [info] No remotes found in the git config file.
2025-10-08 17:04:07.358 [info] > git rev-parse --show-toplevel [10ms]
2025-10-08 17:04:07.358 [info] > git for-each-ref --format=%(refname)%00%(upstream:short)%00%(objectname)%00%(upstream:track)%00%(upstream:remotename)%00%(upstream:remoteref) refs/heads/master refs/remotes/master [19ms]
2025-10-08 17:04:07.379 [info] > git rev-parse --show-toplevel [6ms]
2025-10-08 17:04:07.391 [info] > git rev-parse --show-toplevel [6ms]
2025-10-08 17:04:07.402 [info] > git rev-parse --show-toplevel [4ms]
2025-10-08 17:04:07.412 [info] > git rev-parse --show-toplevel [4ms]
2025-10-08 17:04:07.420 [info] > git rev-parse --show-toplevel [3ms]
2025-10-08 17:04:07.436 [info] > git rev-parse --show-toplevel [9ms]
2025-10-08 17:04:07.446 [info] > git rev-parse --show-toplevel [4ms]
2025-10-08 17:04:07.457 [info] > git rev-parse --show-toplevel [4ms]
2025-10-08 17:04:07.469 [info] > git rev-parse --show-toplevel [5ms]
2025-10-08 17:04:07.478 [info] > git rev-parse --show-toplevel [4ms]
2025-10-08 17:04:07.487 [info] > git rev-parse --show-toplevel [4ms]
2025-10-08 17:04:07.495 [info] > git rev-parse --show-toplevel [4ms]
2025-10-08 17:04:07.504 [info] > git rev-parse --show-toplevel [5ms]
2025-10-08 17:04:07.618 [info] > git show --textconv :ics46/HW1/main.cpp [7ms]
2025-10-08 17:04:07.621 [info] > git ls-files --stage -- /home/hwlee4/ics46/HW1/main.cpp [4ms]
2025-10-08 17:04:07.867 [info] > git check-ignore -v -z --stdin [7ms]
2025-10-08 17:04:08.640 [info] > git status -z -uall [1274ms]
2025-10-08 17:04:08.717 [info] > git config --get commit.template [5ms]
2025-10-08 17:04:08.717 [info] No remotes found in the git config file.
2025-10-08 17:04:08.728 [info] > git for-each-ref --format=%(refname)%00%(upstream:short)%00%(objectname)%00%(upstream:track)%00%(upstream:remotename)%00%(upstream:remoteref) refs/heads/master refs/remotes/master [4ms]
2025-10-08 17:04:09.311 [info] > git status -z -uall [579ms]
2025-10-08 17:04:34.033 [info] No remotes found in the git config file.
2025-10-08 17:04:34.034 [info] > git config --get commit.template [11ms]
2025-10-08 17:04:34.036 [info] > git for-each-ref --format=%(refname)%00%(upstream:short)%00%(objectname)%00%(upstream:track)%00%(upstream:remotename)%00%(upstream:remoteref) refs/heads/master refs/remotes/master [4ms]
2025-10-08 17:04:34.395 [info] > git status -z -uall [352ms]
2025-10-08 17:04:39.472 [info] No remotes found in the git config file.
2025-10-08 17:04:39.474 [info] > git config --get commit.template [9ms]
2025-10-08 17:04:39.476 [info] > git for-each-ref --format=%(refname)%00%(upstream:short)%00%(objectname)%00%(upstream:track)%00%(upstream:remotename)%00%(upstream:remoteref) refs/heads/master refs/remotes/master [4ms]
2025-10-08 17:04:39.850 [info] > git status -z -uall [365ms]
2025-10-08 17:04:44.903 [info] No remotes found in the git config file.
2025-10-08 17:04:44.905 [info] > git config --get commit.template [9ms]
2025-10-08 17:04:44.907 [info] > git for-each-ref --format=%(refname)%00%(upstream:short)%00%(objectname)%00%(upstream:track)%00%(upstream:remotename)%00%(upstream:remoteref) refs/heads/master refs/remotes/master [4ms]
2025-10-08 17:04:45.255 [info] > git status -z -uall [339ms]
2025-10-08 17:04:50.297 [info] No remotes found in the git config file.
2025-10-08 17:04:50.305 [info] > git config --get commit.template [8ms]
2025-10-08 17:04:50.308 [info] > git for-each-ref --format=%(refname)%00%(upstream:short)%00%(objectname)%00%(upstream:track)%00%(upstream:remotename)%00%(upstream:remoteref) refs/heads/master refs/remotes/master [5ms]
2025-10-08 17:04:50.656 [info] > git status -z -uall [342ms]
2025-10-08 17:04:56.085 [info] No remotes found in the git config file.
2025-10-08 17:04:56.087 [info] > git config --get commit.template [8ms]
2025-10-08 17:04:56.090 [info] > git for-each-ref --format=%(refname)%00%(upstream:short)%00%(objectname)%00%(upstream:track)%00%(upstream:remotename)%00%(upstream:remoteref) refs/heads/master refs/remotes/master [4ms]
2025-10-08 17:04:56.431 [info] > git status -z -uall [335ms]
2025-10-08 17:05:01.481 [info] No remotes found in the git config file.
2025-10-08 17:05:01.483 [info] > git config --get commit.template [9ms]
2025-10-08 17:05:01.485 [info] > git for-each-ref --format=%(refname)%00%(upstream:short)%00%(objectname)%00%(upstream:track)%00%(upstream:remotename)%00%(upstream:remoteref) refs/heads/master refs/remotes/master [4ms]
2025-10-08 17:05:01.831 [info] > git status -z -uall [337ms]
2025-10-08 17:05:06.882 [info] No remotes found in the git config file.
2025-10-08 17:05:06.884 [info] > git config --get commit.template [8ms]
2025-10-08 17:05:06.886 [info] > git for-each-ref --format=%(refname)%00%(upstream:short)%00%(objectname)%00%(upstream:track)%00%(upstream:remotename)%00%(upstream:remoteref) refs/heads/master refs/remotes/master [4ms]
2025-10-08 17:05:07.241 [info] > git status -z -uall [346ms]
2025-10-08 17:05:12.292 [info] No remotes found in the git config file.
2025-10-08 17:05:12.293 [info] > git config --get commit.template [9ms]
2025-10-08 17:05:12.296 [info] > git for-each-ref --format=%(refname)%00%(upstream:short)%00%(objectname)%00%(upstream:track)%00%(upstream:remotename)%00%(upstream:remoteref) refs/heads/master refs/remotes/master [4ms]
2025-10-08 17:05:12.663 [info] > git status -z -uall [357ms]
2025-10-08 17:06:06.735 [info] No remotes found in the git config file.
2025-10-08 17:06:06.736 [info] > git config --get commit.template [7ms]
2025-10-08 17:06:06.740 [info] > git for-each-ref --format=%(refname)%00%(upstream:short)%00%(objectname)%00%(upstream:track)%00%(upstream:remotename)%00%(upstream:remoteref) refs/heads/master refs/remotes/master [5ms]
2025-10-08 17:06:07.401 [info] > git status -z -uall [655ms]
2025-10-08 17:06:11.558 [info] > git check-ignore -v -z --stdin [6ms]
2025-10-08 17:06:12.462 [info] No remotes found in the git config file.
2025-10-08 17:06:12.464 [info] > git config --get commit.template [8ms]
2025-10-08 17:06:12.466 [info] > git for-each-ref --format=%(refname)%00%(upstream:short)%00%(objectname)%00%(upstream:track)%00%(upstream:remotename)%00%(upstream:remoteref) refs/heads/master refs/remotes/master [4ms]
2025-10-08 17:06:12.812 [info] > git status -z -uall [338ms]
2025-10-08 17:06:14.020 [info] > git check-ignore -v -z --stdin [5ms]
2025-10-08 17:06:17.870 [info] No remotes found in the git config file.
2025-10-08 17:06:17.871 [info] > git config --get commit.template [7ms]
2025-10-08 17:06:17.873 [info] > git for-each-ref --format=%(refname)%00%(upstream:short)%00%(objectname)%00%(upstream:track)%00%(upstream:remotename)%00%(upstream:remoteref) refs/heads/master refs/remotes/master [4ms]
2025-10-08 17:06:18.213 [info] > git status -z -uall [334ms]
2025-10-08 17:06:21.023 [info] > git check-ignore -v -z --stdin [5ms]
2025-10-08 17:06:23.260 [info] No remotes found in the git config file.
2025-10-08 17:06:23.261 [info] > git config --get commit.template [8ms]
2025-10-08 17:06:23.264 [info] > git for-each-ref --format=%(refname)%00%(upstream:short)%00%(objectname)%00%(upstream:track)%00%(upstream:remotename)%00%(upstream:remoteref) refs/heads/master refs/remotes/master [4ms]
2025-10-08 17:06:23.599 [info] > git status -z -uall [329ms]
2025-10-08 17:06:25.026 [info] > git show --textconv :ics46/HW1/Problem 1/main.cpp [8ms]
2025-10-08 17:06:25.029 [info] > git ls-files --stage -- /home/hwlee4/ics46/HW1/Problem 1/main.cpp [4ms]
2025-10-08 17:06:25.297 [info] > git check-ignore -v -z --stdin [5ms]
2025-10-08 17:06:28.642 [info] No remotes found in the git config file.
2025-10-08 17:06:28.650 [info] > git config --get commit.template [9ms]
2025-10-08 17:06:28.653 [info] > git for-each-ref --format=%(refname)%00%(upstream:short)%00%(objectname)%00%(upstream:track)%00%(upstream:remotename)%00%(upstream:remoteref) refs/heads/master refs/remotes/master [4ms]
2025-10-08 17:06:29.009 [info] > git status -z -uall [346ms]
2025-10-08 17:06:34.059 [info] No remotes found in the git config file.
2025-10-08 17:06:34.060 [info] > git config --get commit.template [10ms]
2025-10-08 17:06:34.064 [info] > git for-each-ref --format=%(refname)%00%(upstream:short)%00%(objectname)%00%(upstream:track)%00%(upstream:remotename)%00%(upstream:remoteref) refs/heads/master refs/remotes/master [4ms]
2025-10-08 17:06:34.421 [info] > git status -z -uall [348ms]
2025-10-08 17:06:36.474 [info] > git check-ignore -v -z --stdin [5ms]
2025-10-08 17:06:39.471 [info] No remotes found in the git config file.
2025-10-08 17:06:39.472 [info] > git config --get commit.template [8ms]
2025-10-08 17:06:39.475 [info] > git for-each-ref --format=%(refname)%00%(upstream:short)%00%(objectname)%00%(upstream:track)%00%(upstream:remotename)%00%(upstream:remoteref) refs/heads/master refs/remotes/master [4ms]
2025-10-08 17:06:39.803 [info] > git status -z -uall [319ms]
2025-10-08 17:06:44.224 [info] > git check-ignore -v -z --stdin [5ms]
2025-10-08 17:06:44.852 [info] No remotes found in the git config file.
2025-10-08 17:06:44.853 [info] > git config --get commit.template [8ms]
2025-10-08 17:06:44.855 [info] > git for-each-ref --format=%(refname)%00%(upstream:short)%00%(objectname)%00%(upstream:track)%00%(upstream:remotename)%00%(upstream:remoteref) refs/heads/master refs/remotes/master [4ms]
2025-10-08 17:06:45.203 [info] > git status -z -uall [339ms]
2025-10-08 17:06:50.254 [info] No remotes found in the git config file.
2025-10-08 17:06:50.255 [info] > git config --get commit.template [9ms]
2025-10-08 17:06:50.258 [info] > git for-each-ref --format=%(refname)%00%(upstream:short)%00%(objectname)%00%(upstream:track)%00%(upstream:remotename)%00%(upstream:remoteref) refs/heads/master refs/remotes/master [4ms]
2025-10-08 17:06:50.596 [info] > git status -z -uall [329ms]
2025-10-08 17:06:55.647 [info] No remotes found in the git config file.
2025-10-08 17:06:55.648 [info] > git config --get commit.template [8ms]
2025-10-08 17:06:55.651 [info] > git for-each-ref --format=%(refname)%00%(upstream:short)%00%(objectname)%00%(upstream:track)%00%(upstream:remotename)%00%(upstream:remoteref) refs/heads/master refs/remotes/master [4ms]
2025-10-08 17:06:55.995 [info] > git status -z -uall [336ms]
2025-10-08 17:07:01.046 [info] No remotes found in the git config file.
2025-10-08 17:07:01.047 [info] > git config --get commit.template [9ms]
2025-10-08 17:07:01.049 [info] > git for-each-ref --format=%(refname)%00%(upstream:short)%00%(objectname)%00%(upstream:track)%00%(upstream:remotename)%00%(upstream:remoteref) refs/heads/master refs/remotes/master [4ms]
2025-10-08 17:07:01.398 [info] > git status -z -uall [339ms]
2025-10-08 17:07:06.448 [info] No remotes found in the git config file.
2025-10-08 17:07:06.449 [info] > git config --get commit.template [9ms]
2025-10-08 17:07:06.452 [info] > git for-each-ref --format=%(refname)%00%(upstream:short)%00%(objectname)%00%(upstream:track)%00%(upstream:remotename)%00%(upstream:remoteref) refs/heads/master refs/remotes/master [4ms]
2025-10-08 17:07:06.805 [info] > git status -z -uall [343ms]
2025-10-08 17:07:11.858 [info] No remotes found in the git config file.
2025-10-08 17:07:11.859 [info] > git config --get commit.template [10ms]
2025-10-08 17:07:11.863 [info] > git for-each-ref --format=%(refname)%00%(upstream:short)%00%(objectname)%00%(upstream:track)%00%(upstream:remotename)%00%(upstream:remoteref) refs/heads/master refs/remotes/master [5ms]
2025-10-08 17:07:12.218 [info] > git status -z -uall [345ms]
2025-10-08 17:07:17.268 [info] > git config --get commit.template [8ms]
2025-10-08 17:07:17.268 [info] No remotes found in the git config file.
2025-10-08 17:07:17.271 [info] > git for-each-ref --format=%(refname)%00%(upstream:short)%00%(objectname)%00%(upstream:track)%00%(upstream:remotename)%00%(upstream:remoteref) refs/heads/master refs/remotes/master [4ms]
2025-10-08 17:07:17.625 [info] > git status -z -uall [344ms]
2025-10-08 17:07:22.675 [info] > git config --get commit.template [8ms]
2025-10-08 17:07:22.675 [info] No remotes found in the git config file.
2025-10-08 17:07:22.678 [info] > git for-each-ref --format=%(refname)%00%(upstream:short)%00%(objectname)%00%(upstream:track)%00%(upstream:remotename)%00%(upstream:remoteref) refs/heads/master refs/remotes/master [4ms]
2025-10-08 17:07:23.022 [info] > git status -z -uall [335ms]
2025-10-08 17:07:28.072 [info] No remotes found in the git config file.
2025-10-08 17:07:28.073 [info] > git config --get commit.template [8ms]
2025-10-08 17:07:28.076 [info] > git for-each-ref --format=%(refname)%00%(upstream:short)%00%(objectname)%00%(upstream:track)%00%(upstream:remotename)%00%(upstream:remoteref) refs/heads/master refs/remotes/master [4ms]
2025-10-08 17:07:28.444 [info] > git status -z -uall [359ms]
2025-10-08 17:07:33.486 [info] No remotes found in the git config file.
2025-10-08 17:07:33.493 [info] > git config --get commit.template [7ms]
2025-10-08 17:07:33.496 [info] > git for-each-ref --format=%(refname)%00%(upstream:short)%00%(objectname)%00%(upstream:track)%00%(upstream:remotename)%00%(upstream:remoteref) refs/heads/master refs/remotes/master [4ms]
2025-10-08 17:07:33.862 [info] > git status -z -uall [359ms]
2025-10-08 17:07:38.911 [info] No remotes found in the git config file.
2025-10-08 17:07:38.912 [info] > git config --get commit.template [8ms]
2025-10-08 17:07:38.915 [info] > git for-each-ref --format=%(refname)%00%(upstream:short)%00%(objectname)%00%(upstream:track)%00%(upstream:remotename)%00%(upstream:remoteref) refs/heads/master refs/remotes/master [4ms]
2025-10-08 17:07:39.263 [info] > git status -z -uall [338ms]
2025-10-08 17:07:44.317 [info] No remotes found in the git config file.
2025-10-08 17:07:44.318 [info] > git config --get commit.template [10ms]
2025-10-08 17:07:44.321 [info] > git for-each-ref --format=%(refname)%00%(upstream:short)%00%(objectname)%00%(upstream:track)%00%(upstream:remotename)%00%(upstream:remoteref) refs/heads/master refs/remotes/master [4ms]
2025-10-08 17:07:44.696 [info] > git status -z -uall [365ms]
2025-10-08 17:07:49.745 [info] No remotes found in the git config file.
2025-10-08 17:07:49.746 [info] > git config --get commit.template [7ms]
2025-10-08 17:07:49.749 [info] > git for-each-ref --format=%(refname)%00%(upstream:short)%00%(objectname)%00%(upstream:track)%00%(upstream:remotename)%00%(upstream:remoteref) refs/heads/master refs/remotes/master [5ms]
2025-10-08 17:07:50.126 [info] > git status -z -uall [371ms]
2025-10-08 17:07:55.179 [info] No remotes found in the git config file.
2025-10-08 17:07:55.180 [info] > git config --get commit.template [11ms]
2025-10-08 17:07:55.184 [info] > git for-each-ref --format=%(refname)%00%(upstream:short)%00%(objectname)%00%(upstream:track)%00%(upstream:remotename)%00%(upstream:remoteref) refs/heads/master refs/remotes/master [5ms]
2025-10-08 17:07:55.571 [info] > git status -z -uall [380ms]
2025-10-08 17:08:17.798 [info] No remotes found in the git config file.
2025-10-08 17:08:17.799 [info] > git config --get commit.template [8ms]
2025-10-08 17:08:17.801 [info] > git for-each-ref --format=%(refname)%00%(upstream:short)%00%(objectname)%00%(upstream:track)%00%(upstream:remotename)%00%(upstream:remoteref) refs/heads/master refs/remotes/master [4ms]
2025-10-08 17:08:18.236 [info] > git status -z -uall [427ms]
2025-10-08 17:08:23.299 [info] No remotes found in the git config file.
2025-10-08 17:08:23.300 [info] > git config --get commit.template [7ms]
2025-10-08 17:08:23.303 [info] > git for-each-ref --format=%(refname)%00%(upstream:short)%00%(objectname)%00%(upstream:track)%00%(upstream:remotename)%00%(upstream:remoteref) refs/heads/master refs/remotes/master [5ms]
2025-10-08 17:08:23.717 [info] > git status -z -uall [406ms]
2025-10-08 17:08:28.769 [info] No remotes found in the git config file.
2025-10-08 17:08:28.770 [info] > git config --get commit.template [8ms]
2025-10-08 17:08:28.772 [info] > git for-each-ref --format=%(refname)%00%(upstream:short)%00%(objectname)%00%(upstream:track)%00%(upstream:remotename)%00%(upstream:remoteref) refs/heads/master refs/remotes/master [4ms]
2025-10-08 17:08:29.156 [info] > git status -z -uall [375ms]
2025-10-08 17:08:34.202 [info] No remotes found in the git config file.
2025-10-08 17:08:34.208 [info] > git config --get commit.template [7ms]
2025-10-08 17:08:34.212 [info] > git for-each-ref --format=%(refname)%00%(upstream:short)%00%(objectname)%00%(upstream:track)%00%(upstream:remotename)%00%(upstream:remoteref) refs/heads/master refs/remotes/master [4ms]
2025-10-08 17:08:34.619 [info] > git status -z -uall [398ms]
2025-10-08 17:08:39.683 [info] No remotes found in the git config file.
2025-10-08 17:08:39.684 [info] > git config --get commit.template [23ms]
2025-10-08 17:08:39.687 [info] > git for-each-ref --format=%(refname)%00%(upstream:short)%00%(objectname)%00%(upstream:track)%00%(upstream:remotename)%00%(upstream:remoteref) refs/heads/master refs/remotes/master [4ms]
2025-10-08 17:08:40.068 [info] > git status -z -uall [373ms]
2025-10-08 17:08:45.117 [info] No remotes found in the git config file.
2025-10-08 17:08:45.118 [info] > git config --get commit.template [8ms]
2025-10-08 17:08:45.122 [info] > git for-each-ref --format=%(refname)%00%(upstream:short)%00%(objectname)%00%(upstream:track)%00%(upstream:remotename)%00%(upstream:remoteref) refs/heads/master refs/remotes/master [5ms]
2025-10-08 17:08:45.523 [info] > git status -z -uall [395ms]
2025-10-08 17:08:50.576 [info] No remotes found in the git config file.
2025-10-08 17:08:50.577 [info] > git config --get commit.template [10ms]
2025-10-08 17:08:50.580 [info] > git for-each-ref --format=%(refname)%00%(upstream:short)%00%(objectname)%00%(upstream:track)%00%(upstream:remotename)%00%(upstream:remoteref) refs/heads/master refs/remotes/master [5ms]
2025-10-08 17:08:50.963 [info] > git status -z -uall [375ms]
2025-10-08 17:08:56.008 [info] No remotes found in the git config file.
2025-10-08 17:08:56.015 [info] > git config --get commit.template [8ms]
2025-10-08 17:08:56.019 [info] > git for-each-ref --format=%(refname)%00%(upstream:short)%00%(objectname)%00%(upstream:track)%00%(upstream:remotename)%00%(upstream:remoteref) refs/heads/master refs/remotes/master [5ms]
2025-10-08 17:08:56.408 [info] > git status -z -uall [380ms]
2025-10-08 17:09:01.453 [info] No remotes found in the git config file.
2025-10-08 17:09:01.463 [info] > git config --get commit.template [10ms]
2025-10-08 17:09:01.467 [info] > git for-each-ref --format=%(refname)%00%(upstream:short)%00%(objectname)%00%(upstream:track)%00%(upstream:remotename)%00%(upstream:remoteref) refs/heads/master refs/remotes/master [6ms]
2025-10-08 17:09:01.856 [info] > git status -z -uall [379ms]
2025-10-08 17:09:06.907 [info] No remotes found in the git config file.
2025-10-08 17:09:06.908 [info] > git config --get commit.template [9ms]
2025-10-08 17:09:06.912 [info] > git for-each-ref --format=%(refname)%00%(upstream:short)%00%(objectname)%00%(upstream:track)%00%(upstream:remotename)%00%(upstream:remoteref) refs/heads/master refs/remotes/master [5ms]
2025-10-08 17:09:07.293 [info] > git status -z -uall [372ms]
2025-10-08 17:09:12.338 [info] No remotes found in the git config file.
2025-10-08 17:09:12.349 [info] > git config --get commit.template [12ms]
2025-10-08 17:09:12.352 [info] > git for-each-ref --format=%(refname)%00%(upstream:short)%00%(objectname)%00%(upstream:track)%00%(upstream:remotename)%00%(upstream:remoteref) refs/heads/master refs/remotes/master [4ms]
2025-10-08 17:09:12.729 [info] > git status -z -uall [366ms]
2025-10-08 17:09:17.772 [info] No remotes found in the git config file.
2025-10-08 17:09:17.779 [info] > git config --get commit.template [7ms]
2025-10-08 17:09:17.782 [info] > git for-each-ref --format=%(refname)%00%(upstream:short)%00%(objectname)%00%(upstream:track)%00%(upstream:remotename)%00%(upstream:remoteref) refs/heads/master refs/remotes/master [4ms]
2025-10-08 17:09:18.152 [info] > git status -z -uall [363ms]
2025-10-08 17:09:23.203 [info] No remotes found in the git config file.
2025-10-08 17:09:23.204 [info] > git config --get commit.template [9ms]
2025-10-08 17:09:23.207 [info] > git for-each-ref --format=%(refname)%00%(upstream:short)%00%(objectname)%00%(upstream:track)%00%(upstream:remotename)%00%(upstream:remoteref) refs/heads/master refs/remotes/master [4ms]
2025-10-08 17:09:23.592 [info] > git status -z -uall [375ms]
2025-10-08 17:09:28.635 [info] No remotes found in the git config file.
2025-10-08 17:09:28.642 [info] > git config --get commit.template [8ms]
2025-10-08 17:09:28.645 [info] > git for-each-ref --format=%(refname)%00%(upstream:short)%00%(objectname)%00%(upstream:track)%00%(upstream:remotename)%00%(upstream:remoteref) refs/heads/master refs/remotes/master [4ms]
2025-10-08 17:09:28.993 [info] > git status -z -uall [342ms]
2025-10-08 17:09:34.043 [info] No remotes found in the git config file.
2025-10-08 17:09:34.044 [info] > git config --get commit.template [9ms]
2025-10-08 17:09:34.047 [info] > git for-each-ref --format=%(refname)%00%(upstream:short)%00%(objectname)%00%(upstream:track)%00%(upstream:remotename)%00%(upstream:remoteref) refs/heads/master refs/remotes/master [4ms]
2025-10-08 17:09:34.418 [info] > git status -z -uall [363ms]
2025-10-08 17:09:39.468 [info] No remotes found in the git config file.
2025-10-08 17:09:39.469 [info] > git config --get commit.template [8ms]
2025-10-08 17:09:39.472 [info] > git for-each-ref --format=%(refname)%00%(upstream:short)%00%(objectname)%00%(upstream:track)%00%(upstream:remotename)%00%(upstream:remoteref) refs/heads/master refs/remotes/master [4ms]
2025-10-08 17:09:39.832 [info] > git status -z -uall [353ms]
2025-10-08 17:09:44.883 [info] No remotes found in the git config file.
2025-10-08 17:09:44.884 [info] > git config --get commit.template [8ms]
2025-10-08 17:09:44.887 [info] > git for-each-ref --format=%(refname)%00%(upstream:short)%00%(objectname)%00%(upstream:track)%00%(upstream:remotename)%00%(upstream:remoteref) refs/heads/master refs/remotes/master [4ms]
2025-10-08 17:09:45.248 [info] > git status -z -uall [355ms]
2025-10-08 17:09:50.294 [info] No remotes found in the git config file.
2025-10-08 17:09:50.302 [info] > git config --get commit.template [9ms]
2025-10-08 17:09:50.306 [info] > git for-each-ref --format=%(refname)%00%(upstream:short)%00%(objectname)%00%(upstream:track)%00%(upstream:remotename)%00%(upstream:remoteref) refs/heads/master refs/remotes/master [4ms]
2025-10-08 17:09:50.665 [info] > git status -z -uall [353ms]
2025-10-08 17:09:52.612 [info] > git show --textconv :ics46/HW1/Problem_1/main.cpp [9ms]
2025-10-08 17:09:52.616 [info] > git ls-files --stage -- /home/hwlee4/ics46/HW1/Problem_1/main.cpp [5ms]
2025-10-08 17:09:52.859 [info] > git check-ignore -v -z --stdin [6ms]
2025-10-08 17:09:55.710 [info] No remotes found in the git config file.
2025-10-08 17:09:55.721 [info] > git config --get commit.template [11ms]
2025-10-08 17:09:55.724 [info] > git for-each-ref --format=%(refname)%00%(upstream:short)%00%(objectname)%00%(upstream:track)%00%(upstream:remotename)%00%(upstream:remoteref) refs/heads/master refs/remotes/master [4ms]
2025-10-08 17:09:56.091 [info] > git status -z -uall [357ms]
2025-10-08 17:09:58.856 [info] > git check-ignore -v -z --stdin [4ms]
2025-10-08 17:10:01.131 [info] No remotes found in the git config file.
2025-10-08 17:10:01.141 [info] > git config --get commit.template [10ms]
2025-10-08 17:10:01.144 [info] > git for-each-ref --format=%(refname)%00%(upstream:short)%00%(objectname)%00%(upstream:track)%00%(upstream:remotename)%00%(upstream:remoteref) refs/heads/master refs/remotes/master [4ms]
2025-10-08 17:10:01.491 [info] > git status -z -uall [340ms]
2025-10-08 17:10:03.841 [info] > git check-ignore -v -z --stdin [4ms]
2025-10-08 17:10:06.540 [info] No remotes found in the git config file.
2025-10-08 17:10:06.541 [info] > git config --get commit.template [8ms]
2025-10-08 17:10:06.545 [info] > git for-each-ref --format=%(refname)%00%(upstream:short)%00%(objectname)%00%(upstream:track)%00%(upstream:remotename)%00%(upstream:remoteref) refs/heads/master refs/remotes/master [5ms]
2025-10-08 17:10:06.907 [info] > git status -z -uall [356ms]
2025-10-08 17:10:11.958 [info] No remotes found in the git config file.
2025-10-08 17:10:11.959 [info] > git config --get commit.template [8ms]
2025-10-08 17:10:11.962 [info] > git for-each-ref --format=%(refname)%00%(upstream:short)%00%(objectname)%00%(upstream:track)%00%(upstream:remotename)%00%(upstream:remoteref) refs/heads/master refs/remotes/master [4ms]
2025-10-08 17:10:12.319 [info] > git status -z -uall [348ms]
2025-10-08 17:10:17.370 [info] No remotes found in the git config file.
2025-10-08 17:10:17.371 [info] > git config --get commit.template [9ms]
2025-10-08 17:10:17.374 [info] > git for-each-ref --format=%(refname)%00%(upstream:short)%00%(objectname)%00%(upstream:track)%00%(upstream:remotename)%00%(upstream:remoteref) refs/heads/master refs/remotes/master [5ms]
2025-10-08 17:10:17.731 [info] > git status -z -uall [348ms]
2025-10-08 17:10:22.781 [info] No remotes found in the git config file.
2025-10-08 17:10:22.782 [info] > git config --get commit.template [8ms]
2025-10-08 17:10:22.784 [info] > git for-each-ref --format=%(refname)%00%(upstream:short)%00%(objectname)%00%(upstream:track)%00%(upstream:remotename)%00%(upstream:remoteref) refs/heads/master refs/remotes/master [4ms]
2025-10-08 17:10:23.183 [info] > git status -z -uall [389ms]
2025-10-08 17:10:28.226 [info] No remotes found in the git config file.
2025-10-08 17:10:28.234 [info] > git config --get commit.template [9ms]
2025-10-08 17:10:28.238 [info] > git for-each-ref --format=%(refname)%00%(upstream:short)%00%(objectname)%00%(upstream:track)%00%(upstream:remotename)%00%(upstream:remoteref) refs/heads/master refs/remotes/master [4ms]
2025-10-08 17:10:28.677 [info] > git status -z -uall [429ms]
2025-10-08 17:10:48.048 [info] No remotes found in the git config file.
2025-10-08 17:10:48.049 [info] > git config --get commit.template [7ms]
2025-10-08 17:10:48.052 [info] > git for-each-ref --format=%(refname)%00%(upstream:short)%00%(objectname)%00%(upstream:track)%00%(upstream:remotename)%00%(upstream:remoteref) refs/heads/master refs/remotes/master [4ms]
2025-10-08 17:10:48.431 [info] > git status -z -uall [372ms]
2025-10-08 17:10:53.485 [info] No remotes found in the git config file.
2025-10-08 17:10:53.492 [info] > git config --get commit.template [8ms]
2025-10-08 17:10:53.496 [info] > git for-each-ref --format=%(refname)%00%(upstream:short)%00%(objectname)%00%(upstream:track)%00%(upstream:remotename)%00%(upstream:remoteref) refs/heads/master refs/remotes/master [4ms]
2025-10-08 17:10:53.858 [info] > git status -z -uall [354ms]
2025-10-08 17:10:58.903 [info] No remotes found in the git config file.
2025-10-08 17:10:58.910 [info] > git config --get commit.template [8ms]
2025-10-08 17:10:58.914 [info] > git for-each-ref --format=%(refname)%00%(upstream:short)%00%(objectname)%00%(upstream:track)%00%(upstream:remotename)%00%(upstream:remoteref) refs/heads/master refs/remotes/master [5ms]
2025-10-08 17:10:59.307 [info] > git status -z -uall [387ms]
2025-10-08 17:11:04.350 [info] No remotes found in the git config file.
2025-10-08 17:11:04.360 [info] > git config --get commit.template [11ms]
2025-10-08 17:11:04.364 [info] > git for-each-ref --format=%(refname)%00%(upstream:short)%00%(objectname)%00%(upstream:track)%00%(upstream:remotename)%00%(upstream:remoteref) refs/heads/master refs/remotes/master [5ms]
2025-10-08 17:11:04.762 [info] > git status -z -uall [388ms]
2025-10-08 17:11:09.819 [info] No remotes found in the git config file.
2025-10-08 17:11:09.820 [info] > git config --get commit.template [10ms]
2025-10-08 17:11:09.823 [info] > git for-each-ref --format=%(refname)%00%(upstream:short)%00%(objectname)%00%(upstream:track)%00%(upstream:remotename)%00%(upstream:remoteref) refs/heads/master refs/remotes/master [4ms]
2025-10-08 17:11:10.184 [info] > git status -z -uall [353ms]
2025-10-08 17:11:15.237 [info] No remotes found in the git config file.
2025-10-08 17:11:15.238 [info] > git config --get commit.template [10ms]
2025-10-08 17:11:15.241 [info] > git for-each-ref --format=%(refname)%00%(upstream:short)%00%(objectname)%00%(upstream:track)%00%(upstream:remotename)%00%(upstream:remoteref) refs/heads/master refs/remotes/master [4ms]
2025-10-08 17:11:15.632 [info] > git status -z -uall [380ms]
2025-10-08 17:11:20.683 [info] No remotes found in the git config file.
2025-10-08 17:11:20.684 [info] > git config --get commit.template [9ms]
2025-10-08 17:11:20.687 [info] > git for-each-ref --format=%(refname)%00%(upstream:short)%00%(objectname)%00%(upstream:track)%00%(upstream:remotename)%00%(upstream:remoteref) refs/heads/master refs/remotes/master [4ms]
2025-10-08 17:11:21.154 [info] > git status -z -uall [457ms]
2025-10-08 17:11:26.753 [info] No remotes found in the git config file.
2025-10-08 17:11:26.754 [info] > git config --get commit.template [11ms]
2025-10-08 17:11:26.758 [info] > git for-each-ref --format=%(refname)%00%(upstream:short)%00%(objectname)%00%(upstream:track)%00%(upstream:remotename)%00%(upstream:remoteref) refs/heads/master refs/remotes/master [5ms]
2025-10-08 17:11:27.115 [info] > git status -z -uall [346ms]
2025-10-08 17:11:32.168 [info] No remotes found in the git config file.
2025-10-08 17:11:32.169 [info] > git config --get commit.template [8ms]
2025-10-08 17:11:32.172 [info] > git for-each-ref --format=%(refname)%00%(upstream:short)%00%(objectname)%00%(upstream:track)%00%(upstream:remotename)%00%(upstream:remoteref) refs/heads/master refs/remotes/master [5ms]
2025-10-08 17:11:32.587 [info] > git status -z -uall [404ms]
2025-10-08 17:20:51.219 [info] No remotes found in the git config file.
2025-10-08 17:20:51.221 [info] > git config --get commit.template [7ms]
2025-10-08 17:20:51.224 [info] > git for-each-ref --format=%(refname)%00%(upstream:short)%00%(objectname)%00%(upstream:track)%00%(upstream:remotename)%00%(upstream:remoteref) refs/heads/master refs/remotes/master [5ms]
2025-10-08 17:20:51.958 [info] > git status -z -uall [726ms]
