2025-01-22 23:50:58.199 [info] Log level: Info
2025-01-22 23:50:58.199 [info] Validating found git in: "git"
2025-01-22 23:50:58.199 [info] Using git "2.34.1" from "git"
2025-01-22 23:50:58.199 [info] > git rev-parse --show-toplevel [8ms]
2025-01-22 23:50:58.199 [info] > git rev-parse --path-format=relative --show-toplevel [6ms]
2025-01-22 23:50:58.204 [info] > git rev-parse --git-dir --git-common-dir [9ms]
2025-01-22 23:50:58.233 [info] Open repository: /home/hwlee4/ICS45C/HW1
2025-01-22 23:50:58.263 [info] > git config --get commit.template [9ms]
2025-01-22 23:50:58.263 [info] > git rev-parse --show-toplevel [15ms]
2025-01-22 23:50:58.274 [info] > git rev-parse --path-format=relative --show-toplevel [7ms]
2025-01-22 23:50:58.275 [info] > git for-each-ref --format=%(refname)%00%(upstream:short)%00%(objectname)%00%(upstream:track)%00%(upstream:remotename)%00%(upstream:remoteref) refs/heads/main refs/remotes/main [17ms]
2025-01-22 23:50:58.299 [info] > git rev-parse --show-toplevel [19ms]
2025-01-22 23:50:58.308 [info] > git rev-parse --path-format=relative --show-toplevel [6ms]
2025-01-22 23:50:58.335 [info] > git rev-parse --show-toplevel [22ms]
2025-01-22 23:50:58.357 [info] > git rev-parse --path-format=relative --show-toplevel [19ms]
2025-01-22 23:50:58.437 [info] > git rev-parse --show-toplevel [75ms]
2025-01-22 23:50:58.451 [info] > git status -z -uall [158ms]
2025-01-22 23:50:58.472 [info] > git rev-parse --path-format=relative --show-toplevel [30ms]
2025-01-22 23:50:58.481 [info] > git for-each-ref --format=%(refname)%00%(upstream:short)%00%(objectname)%00%(upstream:track)%00%(upstream:remotename)%00%(upstream:remoteref) refs/heads/main refs/remotes/main [23ms]
2025-01-22 23:50:58.493 [info] > git config --get commit.template [17ms]
2025-01-22 23:50:58.495 [info] > git rev-parse --show-toplevel [15ms]
2025-01-22 23:50:58.504 [info] > git config --local branch.main.vscode-merge-base [13ms]
2025-01-22 23:50:58.510 [info] > git rev-parse --path-format=relative --show-toplevel [12ms]
2025-01-22 23:50:58.531 [info] > git rev-parse --show-toplevel [16ms]
2025-01-22 23:50:58.535 [info] > git for-each-ref --format=%(refname)%00%(upstream:short)%00%(objectname)%00%(upstream:track)%00%(upstream:remotename)%00%(upstream:remoteref) refs/heads/origin/main refs/remotes/origin/main [27ms]
2025-01-22 23:50:58.541 [info] > git for-each-ref --format=%(refname)%00%(upstream:short)%00%(objectname)%00%(upstream:track)%00%(upstream:remotename)%00%(upstream:remoteref) refs/heads/main refs/remotes/main [39ms]
2025-01-22 23:50:58.591 [info] > git rev-parse --path-format=relative --show-toplevel [57ms]
2025-01-22 23:50:58.608 [info] > git rev-parse --show-toplevel [13ms]
2025-01-22 23:50:58.613 [info] > git merge-base refs/heads/main refs/remotes/origin/main [72ms]
2025-01-22 23:50:58.619 [info] > git rev-parse --path-format=relative --show-toplevel [7ms]
2025-01-22 23:50:58.627 [info] > git status -z -uall [27ms]
2025-01-22 23:50:58.637 [info] > git rev-list --count --left-right refs/heads/main...refs/remotes/origin/main [19ms]
2025-01-22 23:50:58.791 [info] > git diff --name-status -z --diff-filter=ADMR cf8d5839cd08372c62f09381215e8d81994990a6...refs/remotes/origin/main [149ms]
2025-01-22 23:50:58.792 [info] > git for-each-ref --format=%(refname)%00%(upstream:short)%00%(objectname)%00%(upstream:track)%00%(upstream:remotename)%00%(upstream:remoteref) refs/heads/main refs/remotes/main [159ms]
2025-01-22 23:50:58.805 [info] > git config --local branch.main.vscode-merge-base [8ms]
2025-01-22 23:50:58.821 [info] > git for-each-ref --format=%(refname)%00%(upstream:short)%00%(objectname)%00%(upstream:track)%00%(upstream:remotename)%00%(upstream:remoteref) refs/heads/origin/main refs/remotes/origin/main [11ms]
2025-01-22 23:50:59.049 [info] > git check-ignore -v -z --stdin [30ms]
2025-01-22 23:50:59.235 [info] > git ls-files --stage -- /home/hwlee4/ICS45C/HW1/src/letter_count.hpp [25ms]
2025-01-22 23:50:59.242 [info] > git show --textconv :src/letter_count.hpp [37ms]
2025-01-22 23:50:59.295 [info] > git cat-file -s bc5400b971f01488143f57b647bf630b60141979 [56ms]
