2025-10-24 18:05:55.592 [info] Extension host with pid 2644854 started
2025-10-24 18:05:55.600 [error] Error: EEXIST: file already exists, open '/home/hwlee4/.vscode-server/data/User/workspaceStorage/0684665360a1431657c5fb56316f6548/vscode.lock'
2025-10-24 18:05:55.610 [info] Lock '/home/hwlee4/.vscode-server/data/User/workspaceStorage/0684665360a1431657c5fb56316f6548/vscode.lock': Could not acquire lock, checking if the file is stale.
2025-10-24 18:05:55.611 [info] Lock '/home/hwlee4/.vscode-server/data/User/workspaceStorage/0684665360a1431657c5fb56316f6548/vscode.lock': The pid 618239 appears to be gone.
2025-10-24 18:05:55.611 [info] Lock '/home/hwlee4/.vscode-server/data/User/workspaceStorage/0684665360a1431657c5fb56316f6548/vscode.lock': Deleting a stale lock.
2025-10-24 18:05:55.623 [info] Lock '/home/hwlee4/.vscode-server/data/User/workspaceStorage/0684665360a1431657c5fb56316f6548/vscode.lock': Lock acquired.
2025-10-24 18:05:55.854 [info] ExtensionService#_doActivateExtension vscode.git-base, startup: true, activationEvent: '*', root cause: vscode.git
2025-10-24 18:05:56.017 [info] ExtensionService#_doActivateExtension vscode.git, startup: true, activationEvent: '*'
2025-10-24 18:05:56.017 [info] ExtensionService#_doActivateExtension vscode.github, startup: true, activationEvent: '*'
2025-10-24 18:05:56.437 [info] Eager extensions activated
2025-10-24 18:05:56.437 [info] ExtensionService#_doActivateExtension vscode.debug-auto-launch, startup: false, activationEvent: 'onStartupFinished'
2025-10-24 18:05:56.438 [info] ExtensionService#_doActivateExtension vscode.merge-conflict, startup: false, activationEvent: 'onStartupFinished'
2025-10-24 18:07:49.052 [info] ExtensionService#_doActivateExtension vscode.emmet, startup: false, activationEvent: 'onLanguage'
2025-10-24 18:18:35.920 [info] ExtensionService#_doActivateExtension vscode.npm, startup: false, activationEvent: 'onTerminalQuickFixRequest:ms-vscode.npm-command'
2025-10-24 18:33:22.624 [info] Lock '/home/hwlee4/.vscode-server/data/User/workspaceStorage/0684665360a1431657c5fb56316f6548/vscode.lock': The lock was lost unexpectedly.
2025-10-24 21:33:25.764 [info] Extension host terminating: renderer disconnected for too long (1)
2025-10-24 21:33:25.765 [info] Lock '/home/hwlee4/.vscode-server/data/User/workspaceStorage/0684665360a1431657c5fb56316f6548/vscode.lock': Marking the lockfile as scheduled to be released in 6000 ms.
2025-10-24 21:33:25.801 [error] Canceled: Canceled
	at new m (/home/hwlee4/.vscode-server/bin/e7e037083ff4455cf320e344325dacb480062c3c/out/vs/workbench/api/node/extensionHostProcess.js:126:57216)
	at i.U (/home/hwlee4/.vscode-server/bin/e7e037083ff4455cf320e344325dacb480062c3c/out/vs/workbench/api/node/extensionHostProcess.js:135:10864)
	at M.<computed>.j.charCodeAt.M.<computed> (/home/hwlee4/.vscode-server/bin/e7e037083ff4455cf320e344325dacb480062c3c/out/vs/workbench/api/node/extensionHostProcess.js:135:8315)
	at n.g (/home/hwlee4/.vscode-server/bin/e7e037083ff4455cf320e344325dacb480062c3c/out/vs/workbench/api/node/extensionHostProcess.js:126:83747)
	at n.executeCommand (/home/hwlee4/.vscode-server/bin/e7e037083ff4455cf320e344325dacb480062c3c/out/vs/workbench/api/node/extensionHostProcess.js:126:83185)
	at b.registerCommand.description (/home/hwlee4/.vscode-server/bin/e7e037083ff4455cf320e344325dacb480062c3c/out/vs/workbench/api/node/extensionHostProcess.js:126:82506)
	at n.h (/home/hwlee4/.vscode-server/bin/e7e037083ff4455cf320e344325dacb480062c3c/out/vs/workbench/api/node/extensionHostProcess.js:126:84283)
	at n.g (/home/hwlee4/.vscode-server/bin/e7e037083ff4455cf320e344325dacb480062c3c/out/vs/workbench/api/node/extensionHostProcess.js:126:83278)
	at n.executeCommand (/home/hwlee4/.vscode-server/bin/e7e037083ff4455cf320e344325dacb480062c3c/out/vs/workbench/api/node/extensionHostProcess.js:126:83185)
	at Object.executeCommand (/home/hwlee4/.vscode-server/bin/e7e037083ff4455cf320e344325dacb480062c3c/out/vs/workbench/api/node/extensionHostProcess.js:141:21282)
	at s.D [as value] (/home/hwlee4/.vscode-server/bin/e7e037083ff4455cf320e344325dacb480062c3c/extensions/git/dist/main.js:2:1312800)
	at c.z (/home/hwlee4/.vscode-server/bin/e7e037083ff4455cf320e344325dacb480062c3c/out/vs/workbench/api/node/extensionHostProcess.js:80:1902)
	at c.A (/home/hwlee4/.vscode-server/bin/e7e037083ff4455cf320e344325dacb480062c3c/out/vs/workbench/api/node/extensionHostProcess.js:80:1972)
	at c.fire (/home/hwlee4/.vscode-server/bin/e7e037083ff4455cf320e344325dacb480062c3c/out/vs/workbench/api/node/extensionHostProcess.js:80:2188)
	at Object.m [as dispose] (/home/hwlee4/.vscode-server/bin/e7e037083ff4455cf320e344325dacb480062c3c/extensions/git/dist/main.js:2:1328588)
	at /home/hwlee4/.vscode-server/bin/e7e037083ff4455cf320e344325dacb480062c3c/extensions/git/dist/main.js:2:1333429
	at Array.forEach (<anonymous>)
	at g.dispose (/home/hwlee4/.vscode-server/bin/e7e037083ff4455cf320e344325dacb480062c3c/extensions/git/dist/main.js:2:1333415)
	at w.<anonymous> (/home/hwlee4/.vscode-server/bin/e7e037083ff4455cf320e344325dacb480062c3c/out/vs/workbench/api/node/extensionHostProcess.js:122:3521)
	at w.dispose (/home/hwlee4/.vscode-server/bin/e7e037083ff4455cf320e344325dacb480062c3c/out/vs/workbench/api/node/extensionHostProcess.js:122:3618)
	at w.<anonymous> (/home/hwlee4/.vscode-server/bin/e7e037083ff4455cf320e344325dacb480062c3c/extensions/git/dist/main.js:2:1314812)
	at w.dispose (/home/hwlee4/.vscode-server/bin/e7e037083ff4455cf320e344325dacb480062c3c/out/vs/workbench/api/node/extensionHostProcess.js:122:3618)
	at o (/home/hwlee4/.vscode-server/bin/e7e037083ff4455cf320e344325dacb480062c3c/out/vs/workbench/api/node/extensionHostProcess.js:30:754)
	at s.cb (/home/hwlee4/.vscode-server/bin/e7e037083ff4455cf320e344325dacb480062c3c/out/vs/workbench/api/node/extensionHostProcess.js:137:9846)
	at /home/hwlee4/.vscode-server/bin/e7e037083ff4455cf320e344325dacb480062c3c/out/vs/workbench/api/node/extensionHostProcess.js:137:7796
	at Array.map (<anonymous>)
	at s.Y (/home/hwlee4/.vscode-server/bin/e7e037083ff4455cf320e344325dacb480062c3c/out/vs/workbench/api/node/extensionHostProcess.js:137:7784)
	at s.terminate (/home/hwlee4/.vscode-server/bin/e7e037083ff4455cf320e344325dacb480062c3c/out/vs/workbench/api/node/extensionHostProcess.js:137:8054)
	at o.terminate (/home/hwlee4/.vscode-server/bin/e7e037083ff4455cf320e344325dacb480062c3c/out/vs/workbench/api/node/extensionHostProcess.js:141:1513)
	at l (/home/hwlee4/.vscode-server/bin/e7e037083ff4455cf320e344325dacb480062c3c/out/vs/workbench/api/node/extensionHostProcess.js:154:9801)
	at j.a (/home/hwlee4/.vscode-server/bin/e7e037083ff4455cf320e344325dacb480062c3c/out/vs/workbench/api/node/extensionHostProcess.js:154:6531)
	at j.h (/home/hwlee4/.vscode-server/bin/e7e037083ff4455cf320e344325dacb480062c3c/out/vs/workbench/api/node/extensionHostProcess.js:90:19695)
	at listOnTimeout (node:internal/timers:569:17)
	at process.processTimers (node:internal/timers:512:7) setContext undefined
2025-10-24 21:33:25.801 [error] Canceled: Canceled
	at new m (/home/hwlee4/.vscode-server/bin/e7e037083ff4455cf320e344325dacb480062c3c/out/vs/workbench/api/node/extensionHostProcess.js:126:57216)
	at i.U (/home/hwlee4/.vscode-server/bin/e7e037083ff4455cf320e344325dacb480062c3c/out/vs/workbench/api/node/extensionHostProcess.js:135:10864)
	at M.<computed>.j.charCodeAt.M.<computed> (/home/hwlee4/.vscode-server/bin/e7e037083ff4455cf320e344325dacb480062c3c/out/vs/workbench/api/node/extensionHostProcess.js:135:8315)
	at n.g (/home/hwlee4/.vscode-server/bin/e7e037083ff4455cf320e344325dacb480062c3c/out/vs/workbench/api/node/extensionHostProcess.js:126:83747)
	at n.executeCommand (/home/hwlee4/.vscode-server/bin/e7e037083ff4455cf320e344325dacb480062c3c/out/vs/workbench/api/node/extensionHostProcess.js:126:83185)
	at b.registerCommand.description (/home/hwlee4/.vscode-server/bin/e7e037083ff4455cf320e344325dacb480062c3c/out/vs/workbench/api/node/extensionHostProcess.js:126:82506)
	at n.h (/home/hwlee4/.vscode-server/bin/e7e037083ff4455cf320e344325dacb480062c3c/out/vs/workbench/api/node/extensionHostProcess.js:126:84283)
	at n.g (/home/hwlee4/.vscode-server/bin/e7e037083ff4455cf320e344325dacb480062c3c/out/vs/workbench/api/node/extensionHostProcess.js:126:83278)
	at n.executeCommand (/home/hwlee4/.vscode-server/bin/e7e037083ff4455cf320e344325dacb480062c3c/out/vs/workbench/api/node/extensionHostProcess.js:126:83185)
	at Object.executeCommand (/home/hwlee4/.vscode-server/bin/e7e037083ff4455cf320e344325dacb480062c3c/out/vs/workbench/api/node/extensionHostProcess.js:141:21282)
	at set b [as b] (/home/hwlee4/.vscode-server/bin/e7e037083ff4455cf320e344325dacb480062c3c/extensions/github/dist/extension.js:2:714415)
	at /home/hwlee4/.vscode-server/bin/e7e037083ff4455cf320e344325dacb480062c3c/extensions/github/dist/extension.js:2:715056
	at s.value (/home/hwlee4/.vscode-server/bin/e7e037083ff4455cf320e344325dacb480062c3c/extensions/git/dist/main.js:2:1402040)
	at c.z (/home/hwlee4/.vscode-server/bin/e7e037083ff4455cf320e344325dacb480062c3c/out/vs/workbench/api/node/extensionHostProcess.js:80:1902)
	at c.A (/home/hwlee4/.vscode-server/bin/e7e037083ff4455cf320e344325dacb480062c3c/out/vs/workbench/api/node/extensionHostProcess.js:80:1972)
	at c.fire (/home/hwlee4/.vscode-server/bin/e7e037083ff4455cf320e344325dacb480062c3c/out/vs/workbench/api/node/extensionHostProcess.js:80:2188)
	at Object.m [as dispose] (/home/hwlee4/.vscode-server/bin/e7e037083ff4455cf320e344325dacb480062c3c/extensions/git/dist/main.js:2:1328588)
	at /home/hwlee4/.vscode-server/bin/e7e037083ff4455cf320e344325dacb480062c3c/extensions/git/dist/main.js:2:1333429
	at Array.forEach (<anonymous>)
	at g.dispose (/home/hwlee4/.vscode-server/bin/e7e037083ff4455cf320e344325dacb480062c3c/extensions/git/dist/main.js:2:1333415)
	at w.<anonymous> (/home/hwlee4/.vscode-server/bin/e7e037083ff4455cf320e344325dacb480062c3c/out/vs/workbench/api/node/extensionHostProcess.js:122:3521)
	at w.dispose (/home/hwlee4/.vscode-server/bin/e7e037083ff4455cf320e344325dacb480062c3c/out/vs/workbench/api/node/extensionHostProcess.js:122:3618)
	at w.<anonymous> (/home/hwlee4/.vscode-server/bin/e7e037083ff4455cf320e344325dacb480062c3c/extensions/git/dist/main.js:2:1314812)
	at w.dispose (/home/hwlee4/.vscode-server/bin/e7e037083ff4455cf320e344325dacb480062c3c/out/vs/workbench/api/node/extensionHostProcess.js:122:3618)
	at o (/home/hwlee4/.vscode-server/bin/e7e037083ff4455cf320e344325dacb480062c3c/out/vs/workbench/api/node/extensionHostProcess.js:30:754)
	at s.cb (/home/hwlee4/.vscode-server/bin/e7e037083ff4455cf320e344325dacb480062c3c/out/vs/workbench/api/node/extensionHostProcess.js:137:9846)
	at /home/hwlee4/.vscode-server/bin/e7e037083ff4455cf320e344325dacb480062c3c/out/vs/workbench/api/node/extensionHostProcess.js:137:7796
	at Array.map (<anonymous>)
	at s.Y (/home/hwlee4/.vscode-server/bin/e7e037083ff4455cf320e344325dacb480062c3c/out/vs/workbench/api/node/extensionHostProcess.js:137:7784)
	at s.terminate (/home/hwlee4/.vscode-server/bin/e7e037083ff4455cf320e344325dacb480062c3c/out/vs/workbench/api/node/extensionHostProcess.js:137:8054)
	at o.terminate (/home/hwlee4/.vscode-server/bin/e7e037083ff4455cf320e344325dacb480062c3c/out/vs/workbench/api/node/extensionHostProcess.js:141:1513)
	at l (/home/hwlee4/.vscode-server/bin/e7e037083ff4455cf320e344325dacb480062c3c/out/vs/workbench/api/node/extensionHostProcess.js:154:9801)
	at j.a (/home/hwlee4/.vscode-server/bin/e7e037083ff4455cf320e344325dacb480062c3c/out/vs/workbench/api/node/extensionHostProcess.js:154:6531)
	at j.h (/home/hwlee4/.vscode-server/bin/e7e037083ff4455cf320e344325dacb480062c3c/out/vs/workbench/api/node/extensionHostProcess.js:90:19695)
	at listOnTimeout (node:internal/timers:569:17)
	at process.processTimers (node:internal/timers:512:7) setContext undefined
2025-10-24 21:33:25.802 [info] Extension host with pid 2644854 exiting with code 0
