2025-11-05 12:55:14.415 [info] Log level: Info
2025-11-05 12:55:14.415 [info] Validating found git in: "git"
2025-11-05 12:55:14.415 [info] Using git "2.43.0" from "git"
2025-11-05 12:55:14.415 [info] > git rev-parse --show-toplevel [6ms]
2025-11-05 12:55:14.415 [info] > git rev-parse --git-dir --git-common-dir [9ms]
2025-11-05 12:55:14.415 [info] Open repository: /home/hwlee4/cs121/spacetime-crawler4py
2025-11-05 12:55:14.416 [info] > git rev-parse --show-toplevel [15ms]
2025-11-05 12:55:14.428 [info] > git config --get commit.template [16ms]
2025-11-05 12:55:14.457 [info] > git rev-parse --show-toplevel [21ms]
2025-11-05 12:55:14.457 [info] > git for-each-ref --format=%(refname)%00%(upstream:short)%00%(objectname)%00%(upstream:track)%00%(upstream:remotename)%00%(upstream:remoteref) refs/heads/master refs/remotes/master [31ms]
2025-11-05 12:55:14.481 [info] > git rev-parse --show-toplevel [5ms]
2025-11-05 12:55:14.487 [info] > git status -z -uall [21ms]
2025-11-05 12:55:14.515 [info] > git config --get commit.template [13ms]
2025-11-05 12:55:14.523 [info] > git for-each-ref --format=%(refname)%00%(upstream:short)%00%(objectname)%00%(upstream:track)%00%(upstream:remotename)%00%(upstream:remoteref) refs/heads/master refs/remotes/master [9ms]
2025-11-05 12:55:14.553 [info] > git status -z -uall [18ms]
2025-11-05 12:55:15.012 [info] > git check-ignore -v -z --stdin [9ms]
2025-11-05 12:55:23.491 [info] > git show --textconv :scraper.py [21ms]
2025-11-05 12:55:23.496 [info] > git ls-files --stage -- /home/hwlee4/cs121/spacetime-crawler4py/scraper.py [6ms]
2025-11-05 12:55:23.529 [info] > git cat-file -s 9f08a0394511e7008d24e2ae1407e6a9c719e5ee [14ms]
2025-11-05 12:55:36.370 [info] > git show --textconv :README.md [34ms]
2025-11-05 12:55:36.390 [info] > git ls-files --stage -- /home/hwlee4/cs121/spacetime-crawler4py/README.md [22ms]
2025-11-05 12:55:36.423 [info] > git cat-file -s 399f9946ca4947b79556bb009a848b0c3be16656 [9ms]
2025-11-05 12:55:39.897 [info] > git show --textconv :launch.py [25ms]
2025-11-05 12:55:39.901 [info] > git ls-files --stage -- /home/hwlee4/cs121/spacetime-crawler4py/launch.py [6ms]
2025-11-05 12:55:39.930 [info] > git cat-file -s 415fda0d5091c26177155327604617589ef157e3 [8ms]
2025-11-05 12:55:42.790 [info] > git show --textconv :config.ini [24ms]
2025-11-05 12:55:42.795 [info] > git ls-files --stage -- /home/hwlee4/cs121/spacetime-crawler4py/config.ini [5ms]
2025-11-05 12:55:42.823 [info] > git cat-file -s 23ef2e1066870e3eaaf54b3356503f2bb8fa36b6 [8ms]
2025-11-05 12:55:44.218 [info] > git show --textconv :.gitignore [20ms]
2025-11-05 12:55:44.220 [info] > git ls-files --stage -- /home/hwlee4/cs121/spacetime-crawler4py/.gitignore [3ms]
2025-11-05 12:55:44.251 [info] > git cat-file -s bd1898d9b0770c13cd32d8683efdb57a510bb625 [8ms]
2025-11-05 12:55:45.109 [info] > git show --textconv :config.ini [23ms]
2025-11-05 12:55:45.114 [info] > git ls-files --stage -- /home/hwlee4/cs121/spacetime-crawler4py/config.ini [5ms]
2025-11-05 12:55:45.143 [info] > git cat-file -s 23ef2e1066870e3eaaf54b3356503f2bb8fa36b6 [7ms]
2025-11-05 12:55:45.840 [info] > git show --textconv :scraper.py [26ms]
2025-11-05 12:55:45.844 [info] > git ls-files --stage -- /home/hwlee4/cs121/spacetime-crawler4py/scraper.py [5ms]
2025-11-05 12:55:45.872 [info] > git cat-file -s 9f08a0394511e7008d24e2ae1407e6a9c719e5ee [7ms]
2025-11-05 12:58:39.433 [info] > git show --textconv :config.ini [27ms]
2025-11-05 12:58:39.438 [info] > git ls-files --stage -- /home/hwlee4/cs121/spacetime-crawler4py/config.ini [7ms]
2025-11-05 12:58:39.468 [info] > git cat-file -s 23ef2e1066870e3eaaf54b3356503f2bb8fa36b6 [8ms]
2025-11-05 12:59:08.970 [info] > git show --textconv :scraper.py [24ms]
2025-11-05 12:59:08.975 [info] > git ls-files --stage -- /home/hwlee4/cs121/spacetime-crawler4py/scraper.py [6ms]
2025-11-05 12:59:09.006 [info] > git cat-file -s 9f08a0394511e7008d24e2ae1407e6a9c719e5ee [8ms]
2025-11-05 12:59:10.577 [info] > git show --textconv :config.ini [26ms]
2025-11-05 12:59:10.583 [info] > git ls-files --stage -- /home/hwlee4/cs121/spacetime-crawler4py/config.ini [6ms]
2025-11-05 12:59:10.609 [info] > git cat-file -s 23ef2e1066870e3eaaf54b3356503f2bb8fa36b6 [7ms]
2025-11-05 13:02:15.652 [info] > git show --textconv :launch.py [25ms]
2025-11-05 13:02:15.656 [info] > git ls-files --stage -- /home/hwlee4/cs121/spacetime-crawler4py/launch.py [5ms]
2025-11-05 13:02:15.682 [info] > git cat-file -s 415fda0d5091c26177155327604617589ef157e3 [7ms]
2025-11-05 13:02:16.147 [info] > git show --textconv :.gitignore [23ms]
2025-11-05 13:02:16.152 [info] > git ls-files --stage -- /home/hwlee4/cs121/spacetime-crawler4py/.gitignore [6ms]
2025-11-05 13:02:16.178 [info] > git cat-file -s bd1898d9b0770c13cd32d8683efdb57a510bb625 [6ms]
2025-11-05 13:02:17.223 [info] > git show --textconv :config.ini [28ms]
2025-11-05 13:02:17.227 [info] > git ls-files --stage -- /home/hwlee4/cs121/spacetime-crawler4py/config.ini [5ms]
2025-11-05 13:02:17.253 [info] > git cat-file -s 23ef2e1066870e3eaaf54b3356503f2bb8fa36b6 [7ms]
2025-11-05 13:03:22.110 [info] > git config --get commit.template [28ms]
2025-11-05 13:03:22.120 [info] > git for-each-ref --format=%(refname)%00%(upstream:short)%00%(objectname)%00%(upstream:track)%00%(upstream:remotename)%00%(upstream:remoteref) refs/heads/master refs/remotes/master [13ms]
2025-11-05 13:03:22.153 [info] > git status -z -uall [10ms]
2025-11-05 13:03:22.226 [info] > git ls-files --stage -- /home/hwlee4/cs121/spacetime-crawler4py/config.ini [5ms]
2025-11-05 13:03:22.251 [info] > git cat-file -s f176b0c9e8d72cf168a81eb5a511aa89c95e1f4f [9ms]
2025-11-05 13:03:22.302 [info] > git show --textconv :config.ini [8ms]
2025-11-05 13:03:36.921 [info] > git config --get commit.template [23ms]
2025-11-05 13:03:36.930 [info] > git for-each-ref --format=%(refname)%00%(upstream:short)%00%(objectname)%00%(upstream:track)%00%(upstream:remotename)%00%(upstream:remoteref) refs/heads/master refs/remotes/master [9ms]
2025-11-05 13:03:36.966 [info] > git status -z -uall [14ms]
2025-11-05 13:03:37.039 [info] > git ls-files --stage -- /home/hwlee4/cs121/spacetime-crawler4py/config.ini [6ms]
2025-11-05 13:03:37.066 [info] > git cat-file -s f176b0c9e8d72cf168a81eb5a511aa89c95e1f4f [7ms]
2025-11-05 13:03:37.115 [info] > git show --textconv :config.ini [8ms]
2025-11-05 13:03:50.338 [info] > git show --textconv :launch.py [23ms]
2025-11-05 13:03:50.342 [info] > git ls-files --stage -- /home/hwlee4/cs121/spacetime-crawler4py/launch.py [6ms]
2025-11-05 13:03:50.370 [info] > git cat-file -s 415fda0d5091c26177155327604617589ef157e3 [7ms]
2025-11-05 13:03:51.000 [info] > git show --textconv :scraper.py [24ms]
2025-11-05 13:03:51.004 [info] > git ls-files --stage -- /home/hwlee4/cs121/spacetime-crawler4py/scraper.py [5ms]
2025-11-05 13:03:51.031 [info] > git cat-file -s 9f08a0394511e7008d24e2ae1407e6a9c719e5ee [7ms]
2025-11-05 13:04:57.936 [info] > git config --get commit.template [25ms]
2025-11-05 13:04:57.946 [info] > git for-each-ref --format=%(refname)%00%(upstream:short)%00%(objectname)%00%(upstream:track)%00%(upstream:remotename)%00%(upstream:remoteref) refs/heads/master refs/remotes/master [13ms]
2025-11-05 13:04:57.979 [info] > git status -z -uall [12ms]
2025-11-05 13:04:58.048 [info] > git ls-files --stage -- /home/hwlee4/cs121/spacetime-crawler4py/scraper.py [6ms]
2025-11-05 13:04:58.080 [info] > git cat-file -s 9f08a0394511e7008d24e2ae1407e6a9c719e5ee [9ms]
2025-11-05 13:04:58.135 [info] > git show --textconv :scraper.py [9ms]
2025-11-05 13:05:11.490 [info] > git config --get commit.template [21ms]
2025-11-05 13:05:11.498 [info] > git for-each-ref --format=%(refname)%00%(upstream:short)%00%(objectname)%00%(upstream:track)%00%(upstream:remotename)%00%(upstream:remoteref) refs/heads/master refs/remotes/master [9ms]
2025-11-05 13:05:11.528 [info] > git status -z -uall [14ms]
2025-11-05 13:05:11.597 [info] > git ls-files --stage -- /home/hwlee4/cs121/spacetime-crawler4py/scraper.py [7ms]
2025-11-05 13:05:11.623 [info] > git cat-file -s 9f08a0394511e7008d24e2ae1407e6a9c719e5ee [7ms]
2025-11-05 13:05:11.675 [info] > git show --textconv :scraper.py [9ms]
2025-11-05 13:05:24.134 [info] > git config --get commit.template [30ms]
2025-11-05 13:05:24.145 [info] > git for-each-ref --format=%(refname)%00%(upstream:short)%00%(objectname)%00%(upstream:track)%00%(upstream:remotename)%00%(upstream:remoteref) refs/heads/master refs/remotes/master [12ms]
2025-11-05 13:05:24.182 [info] > git status -z -uall [15ms]
2025-11-05 13:05:24.238 [info] > git ls-files --stage -- /home/hwlee4/cs121/spacetime-crawler4py/scraper.py [7ms]
2025-11-05 13:05:24.269 [info] > git cat-file -s 9f08a0394511e7008d24e2ae1407e6a9c719e5ee [8ms]
2025-11-05 13:05:24.323 [info] > git show --textconv :scraper.py [9ms]
2025-11-05 13:05:29.237 [info] > git config --get commit.template [27ms]
2025-11-05 13:05:29.244 [info] > git for-each-ref --format=%(refname)%00%(upstream:short)%00%(objectname)%00%(upstream:track)%00%(upstream:remotename)%00%(upstream:remoteref) refs/heads/master refs/remotes/master [11ms]
2025-11-05 13:05:29.282 [info] > git status -z -uall [13ms]
2025-11-05 13:05:31.404 [info] > git ls-files --stage -- /home/hwlee4/cs121/spacetime-crawler4py/scraper.py [7ms]
2025-11-05 13:05:31.440 [info] > git cat-file -s abb56cc8b034342474a55c398efce3dd2af59d28 [11ms]
2025-11-05 13:05:31.500 [info] > git show --textconv :scraper.py [10ms]
2025-11-05 13:05:34.340 [info] > git config --get commit.template [24ms]
2025-11-05 13:05:34.350 [info] > git for-each-ref --format=%(refname)%00%(upstream:short)%00%(objectname)%00%(upstream:track)%00%(upstream:remotename)%00%(upstream:remoteref) refs/heads/master refs/remotes/master [11ms]
2025-11-05 13:05:34.384 [info] > git status -z -uall [14ms]
2025-11-05 13:05:38.558 [info] > git ls-files --stage -- /home/hwlee4/cs121/spacetime-crawler4py/scraper.py [5ms]
2025-11-05 13:05:38.581 [info] > git cat-file -s abb56cc8b034342474a55c398efce3dd2af59d28 [7ms]
2025-11-05 13:05:38.633 [info] > git show --textconv :scraper.py [10ms]
2025-11-05 13:05:39.439 [info] > git config --get commit.template [24ms]
2025-11-05 13:05:39.451 [info] > git for-each-ref --format=%(refname)%00%(upstream:short)%00%(objectname)%00%(upstream:track)%00%(upstream:remotename)%00%(upstream:remoteref) refs/heads/master refs/remotes/master [14ms]
2025-11-05 13:05:39.484 [info] > git status -z -uall [13ms]
2025-11-05 13:06:01.831 [info] > git check-ignore -v -z --stdin [7ms]
2025-11-05 13:06:03.397 [info] > git check-ignore -v -z --stdin [4ms]
2025-11-05 13:06:04.578 [info] > git check-ignore -v -z --stdin [5ms]
2025-11-05 13:06:06.905 [info] > git show --textconv :config.ini [26ms]
2025-11-05 13:06:06.907 [info] > git ls-files --stage -- /home/hwlee4/cs121/spacetime-crawler4py/config.ini [6ms]
2025-11-05 13:06:06.935 [info] > git cat-file -s f176b0c9e8d72cf168a81eb5a511aa89c95e1f4f [7ms]
2025-11-05 13:06:15.737 [info] > git show --textconv :launch.py [28ms]
2025-11-05 13:06:15.741 [info] > git ls-files --stage -- /home/hwlee4/cs121/spacetime-crawler4py/launch.py [5ms]
2025-11-05 13:06:15.767 [info] > git cat-file -s 415fda0d5091c26177155327604617589ef157e3 [7ms]
2025-11-05 13:06:28.637 [info] > git show --textconv :packages/requirements.txt [27ms]
2025-11-05 13:06:28.642 [info] > git ls-files --stage -- /home/hwlee4/cs121/spacetime-crawler4py/packages/requirements.txt [5ms]
2025-11-05 13:06:28.675 [info] > git cat-file -s 8315b9d6ccf32ea4d54461bf826285c0696cecff [10ms]
2025-11-05 13:06:32.457 [info] > git show --textconv :packages/spacetime-2.1.1-py3-none-any.whl [29ms]
2025-11-05 13:06:32.459 [info] > git ls-files --stage -- /home/hwlee4/cs121/spacetime-crawler4py/packages/spacetime-2.1.1-py3-none-any.whl [6ms]
2025-11-05 13:06:32.494 [info] > git cat-file -s 303fc4a7efaef46c3e55baedd6a0f9133696c3d7 [8ms]
2025-11-05 13:06:34.377 [info] > git show --textconv :scraper.py [30ms]
2025-11-05 13:06:34.380 [info] > git ls-files --stage -- /home/hwlee4/cs121/spacetime-crawler4py/scraper.py [5ms]
2025-11-05 13:06:34.406 [info] > git cat-file -s abb56cc8b034342474a55c398efce3dd2af59d28 [7ms]
2025-11-05 13:06:35.801 [info] > git show --textconv :crawler/worker.py [23ms]
2025-11-05 13:06:35.805 [info] > git ls-files --stage -- /home/hwlee4/cs121/spacetime-crawler4py/crawler/worker.py [4ms]
2025-11-05 13:06:35.833 [info] > git cat-file -s ed7549b6a3881cc92391b2dae296fc1cc16d16bd [10ms]
2025-11-05 13:06:38.950 [info] > git show --textconv :crawler/frontier.py [24ms]
2025-11-05 13:06:38.954 [info] > git ls-files --stage -- /home/hwlee4/cs121/spacetime-crawler4py/crawler/frontier.py [6ms]
2025-11-05 13:06:38.986 [info] > git cat-file -s 9ba9f14c4e98e2cc229c9c647c60a69123463f9b [6ms]
2025-11-05 13:06:42.317 [info] > git show --textconv :crawler/__init__.py [24ms]
2025-11-05 13:06:42.322 [info] > git ls-files --stage -- /home/hwlee4/cs121/spacetime-crawler4py/crawler/__init__.py [6ms]
2025-11-05 13:06:42.350 [info] > git cat-file -s 823384d693879f27e8e48ae014196cc148fc4fac [8ms]
2025-11-05 13:07:28.267 [info] > git show --textconv :utils/__init__.py [24ms]
2025-11-05 13:07:28.272 [info] > git ls-files --stage -- /home/hwlee4/cs121/spacetime-crawler4py/utils/__init__.py [6ms]
2025-11-05 13:07:28.305 [info] > git cat-file -s 518a4b51643c54bd2b7761fd35249cb86503ade9 [10ms]
2025-11-05 13:07:29.085 [info] > git show --textconv :utils/config.py [27ms]
2025-11-05 13:07:29.090 [info] > git ls-files --stage -- /home/hwlee4/cs121/spacetime-crawler4py/utils/config.py [6ms]
2025-11-05 13:07:29.121 [info] > git cat-file -s 2860a002379ce6862aadece816881f8ac102fbac [9ms]
2025-11-05 13:07:30.279 [info] > git show --textconv :utils/download.py [30ms]
2025-11-05 13:07:30.281 [info] > git ls-files --stage -- /home/hwlee4/cs121/spacetime-crawler4py/utils/download.py [7ms]
2025-11-05 13:07:30.316 [info] > git cat-file -s 4c91abe3622eb213d3f73ff2157e2fdd0a44c233 [10ms]
2025-11-05 13:07:30.805 [info] > git show --textconv :utils/pcc_models.py [28ms]
2025-11-05 13:07:30.809 [info] > git ls-files --stage -- /home/hwlee4/cs121/spacetime-crawler4py/utils/pcc_models.py [6ms]
2025-11-05 13:07:30.845 [info] > git cat-file -s 9594768d6317edb97a93179f4bdd5d8ae54747e7 [9ms]
2025-11-05 13:07:31.526 [info] > git show --textconv :utils/response.py [24ms]
2025-11-05 13:07:31.531 [info] > git ls-files --stage -- /home/hwlee4/cs121/spacetime-crawler4py/utils/response.py [6ms]
2025-11-05 13:07:31.563 [info] > git cat-file -s 5d92be671bd3ac1ef4443e70ca13becb2b194a72 [9ms]
2025-11-05 13:07:32.432 [info] > git show --textconv :utils/server_registration.py [24ms]
2025-11-05 13:07:32.436 [info] > git ls-files --stage -- /home/hwlee4/cs121/spacetime-crawler4py/utils/server_registration.py [5ms]
2025-11-05 13:07:32.471 [info] > git cat-file -s a6f2eefa4a95610de730bd95fcfe2e0a55cc408a [9ms]
2025-11-05 13:07:33.632 [info] > git show --textconv :.gitignore [28ms]
2025-11-05 13:07:33.637 [info] > git ls-files --stage -- /home/hwlee4/cs121/spacetime-crawler4py/.gitignore [6ms]
2025-11-05 13:07:33.667 [info] > git cat-file -s bd1898d9b0770c13cd32d8683efdb57a510bb625 [8ms]
2025-11-05 13:07:34.304 [info] > git show --textconv :config.ini [27ms]
2025-11-05 13:07:34.308 [info] > git ls-files --stage -- /home/hwlee4/cs121/spacetime-crawler4py/config.ini [5ms]
2025-11-05 13:07:34.338 [info] > git cat-file -s f176b0c9e8d72cf168a81eb5a511aa89c95e1f4f [7ms]
2025-11-05 13:07:35.473 [info] > git show --textconv :launch.py [30ms]
2025-11-05 13:07:35.476 [info] > git ls-files --stage -- /home/hwlee4/cs121/spacetime-crawler4py/launch.py [6ms]
2025-11-05 13:07:35.508 [info] > git cat-file -s 415fda0d5091c26177155327604617589ef157e3 [6ms]
2025-11-05 13:07:37.823 [info] > git show --textconv :README.md [25ms]
2025-11-05 13:07:37.827 [info] > git ls-files --stage -- /home/hwlee4/cs121/spacetime-crawler4py/README.md [5ms]
2025-11-05 13:07:37.856 [info] > git cat-file -s 399f9946ca4947b79556bb009a848b0c3be16656 [7ms]
2025-11-05 13:07:41.862 [info] > git show --textconv :scraper.py [29ms]
2025-11-05 13:07:41.866 [info] > git ls-files --stage -- /home/hwlee4/cs121/spacetime-crawler4py/scraper.py [5ms]
2025-11-05 13:07:41.899 [info] > git cat-file -s abb56cc8b034342474a55c398efce3dd2af59d28 [8ms]
2025-11-05 13:12:38.456 [info] > git config --get commit.template [22ms]
2025-11-05 13:12:38.466 [info] > git for-each-ref --format=%(refname)%00%(upstream:short)%00%(objectname)%00%(upstream:track)%00%(upstream:remotename)%00%(upstream:remoteref) refs/heads/master refs/remotes/master [11ms]
2025-11-05 13:12:38.504 [info] > git status -z -uall [17ms]
2025-11-05 13:12:38.571 [info] > git ls-files --stage -- /home/hwlee4/cs121/spacetime-crawler4py/scraper.py [6ms]
2025-11-05 13:12:38.598 [info] > git cat-file -s abb56cc8b034342474a55c398efce3dd2af59d28 [7ms]
2025-11-05 13:12:38.649 [info] > git show --textconv :scraper.py [8ms]
2025-11-05 13:14:45.499 [info] > git config --get commit.template [24ms]
2025-11-05 13:14:45.508 [info] > git for-each-ref --format=%(refname)%00%(upstream:short)%00%(objectname)%00%(upstream:track)%00%(upstream:remotename)%00%(upstream:remoteref) refs/heads/master refs/remotes/master [11ms]
2025-11-05 13:14:45.543 [info] > git status -z -uall [13ms]
2025-11-05 13:14:45.608 [info] > git ls-files --stage -- /home/hwlee4/cs121/spacetime-crawler4py/scraper.py [5ms]
2025-11-05 13:14:45.640 [info] > git cat-file -s abb56cc8b034342474a55c398efce3dd2af59d28 [7ms]
2025-11-05 13:14:45.699 [info] > git show --textconv :scraper.py [9ms]
