2025-02-26 09:30:59.207 [info] Log level: Info
2025-02-26 09:30:59.207 [info] Validating found git in: "git"
2025-02-26 09:30:59.207 [info] Using git "2.34.1" from "git"
2025-02-26 09:30:59.207 [info] > git rev-parse --show-toplevel [7ms]
2025-02-26 09:30:59.207 [info] > git rev-parse --path-format=relative --show-toplevel [5ms]
2025-02-26 09:30:59.207 [info] > git rev-parse --show-toplevel [6ms]
2025-02-26 09:30:59.207 [info] > git rev-parse --path-format=relative --show-toplevel [4ms]
2025-02-26 09:30:59.207 [info] > git rev-parse --git-dir --git-common-dir [4ms]
2025-02-26 09:30:59.207 [info] Open repository: /home/hwlee4/ICS45C/HW6
2025-02-26 09:30:59.207 [info] > git rev-parse --show-toplevel [12ms]
2025-02-26 09:30:59.207 [info] > git config --get commit.template [26ms]
2025-02-26 09:30:59.207 [info] > git rev-parse --path-format=relative --show-toplevel [67ms]
2025-02-26 09:30:59.207 [info] > git rev-parse --git-dir --git-common-dir [86ms]
2025-02-26 09:30:59.207 [info] Open repository: /home/hwlee4/ICS45C/HW0
2025-02-26 09:30:59.207 [info] > git for-each-ref --format=%(refname)%00%(upstream:short)%00%(objectname)%00%(upstream:track)%00%(upstream:remotename)%00%(upstream:remoteref) refs/heads/main refs/remotes/main [123ms]
2025-02-26 09:30:59.207 [info] > git config --get commit.template [8ms]
2025-02-26 09:30:59.207 [info] > git rev-parse --show-toplevel [11ms]
2025-02-26 09:30:59.207 [info] > git rev-parse --path-format=relative --show-toplevel [10ms]
2025-02-26 09:30:59.207 [info] > git for-each-ref --format=%(refname)%00%(upstream:short)%00%(objectname)%00%(upstream:track)%00%(upstream:remotename)%00%(upstream:remoteref) refs/heads/main refs/remotes/main [19ms]
2025-02-26 09:30:59.207 [info] > git rev-parse --git-dir --git-common-dir [7ms]
2025-02-26 09:30:59.207 [info] Open repository: /home/hwlee4/ICS45C/HW1
2025-02-26 09:30:59.207 [info] > git status -z -uall [78ms]
2025-02-26 09:30:59.207 [info] > git status -z -uall [96ms]
2025-02-26 09:30:59.207 [info] > git for-each-ref --format=%(refname)%00%(upstream:short)%00%(objectname)%00%(upstream:track)%00%(upstream:remotename)%00%(upstream:remoteref) refs/heads/main refs/remotes/main [23ms]
2025-02-26 09:30:59.207 [info] > git rev-parse --show-toplevel [41ms]
2025-02-26 09:30:59.207 [info] > git config --get commit.template [83ms]
2025-02-26 09:30:59.207 [info] > git rev-parse --path-format=relative --show-toplevel [23ms]
2025-02-26 09:30:59.207 [info] > git config --local branch.main.vscode-merge-base [60ms]
2025-02-26 09:30:59.207 [info] > git config --get commit.template [75ms]
2025-02-26 09:30:59.207 [info] > git config --get commit.template [19ms]
2025-02-26 09:30:59.207 [info] > git for-each-ref --format=%(refname)%00%(upstream:short)%00%(objectname)%00%(upstream:track)%00%(upstream:remotename)%00%(upstream:remoteref) refs/heads/main refs/remotes/main [34ms]
2025-02-26 09:30:59.207 [info] > git rev-parse --git-dir --git-common-dir [16ms]
2025-02-26 09:30:59.207 [info] Open repository: /home/hwlee4/ICS45C/HW2
2025-02-26 09:30:59.207 [info] > git for-each-ref --format=%(refname)%00%(upstream:short)%00%(objectname)%00%(upstream:track)%00%(upstream:remotename)%00%(upstream:remoteref) refs/heads/origin/main refs/remotes/origin/main [82ms]
2025-02-26 09:30:59.207 [info] > git for-each-ref --format=%(refname)%00%(upstream:short)%00%(objectname)%00%(upstream:track)%00%(upstream:remotename)%00%(upstream:remoteref) refs/heads/main refs/remotes/main [148ms]
2025-02-26 09:30:59.207 [info] > git for-each-ref --format=%(refname)%00%(upstream:short)%00%(objectname)%00%(upstream:track)%00%(upstream:remotename)%00%(upstream:remoteref) refs/heads/main refs/remotes/main [168ms]
2025-02-26 09:30:59.207 [info] > git config --local branch.main.vscode-merge-base [154ms]
2025-02-26 09:30:59.207 [info] > git rev-parse --show-toplevel [90ms]
2025-02-26 09:30:59.207 [info] > git config --get commit.template [99ms]
2025-02-26 09:30:59.207 [info] > git merge-base refs/heads/main refs/remotes/origin/main [104ms]
2025-02-26 09:30:59.207 [info] > git rev-parse --path-format=relative --show-toplevel [10ms]
2025-02-26 09:30:59.207 [info] > git for-each-ref --format=%(refname)%00%(upstream:short)%00%(objectname)%00%(upstream:track)%00%(upstream:remotename)%00%(upstream:remoteref) refs/heads/main refs/remotes/main [17ms]
2025-02-26 09:30:59.207 [info] > git for-each-ref --format=%(refname)%00%(upstream:short)%00%(objectname)%00%(upstream:track)%00%(upstream:remotename)%00%(upstream:remoteref) refs/heads/origin/main refs/remotes/origin/main [23ms]
2025-02-26 09:30:59.207 [info] > git rev-list --count --left-right refs/heads/main...refs/remotes/origin/main [79ms]
2025-02-26 09:30:59.207 [info] > git rev-parse --git-dir --git-common-dir [67ms]
2025-02-26 09:30:59.207 [info] Open repository: /home/hwlee4/ICS45C/HW3
2025-02-26 09:30:59.207 [info] > git status -z -uall [88ms]
2025-02-26 09:30:59.207 [info] > git diff --name-status -z --diff-filter=ADMR ab924b2367ceae6792fa744183edcf5376e9d74b...refs/remotes/origin/main [26ms]
2025-02-26 09:30:59.207 [info] > git merge-base refs/heads/main refs/remotes/origin/main [104ms]
2025-02-26 09:30:59.207 [info] > git rev-parse --show-toplevel [13ms]
2025-02-26 09:30:59.207 [info] > git config --get commit.template [22ms]
2025-02-26 09:30:59.207 [info] > git for-each-ref --format=%(refname)%00%(upstream:short)%00%(objectname)%00%(upstream:track)%00%(upstream:remotename)%00%(upstream:remoteref) refs/heads/main refs/remotes/main [115ms]
2025-02-26 09:30:59.207 [info] > git rev-parse --path-format=relative --show-toplevel [56ms]
2025-02-26 09:30:59.207 [info] > git status -z -uall [98ms]
2025-02-26 09:30:59.207 [info] > git status -z -uall [136ms]
2025-02-26 09:30:59.207 [info] > git rev-parse --git-dir --git-common-dir [39ms]
2025-02-26 09:30:59.207 [info] Open repository: /home/hwlee4/ICS45C/HW4
2025-02-26 09:30:59.207 [info] > git rev-list --count --left-right refs/heads/main...refs/remotes/origin/main [157ms]
2025-02-26 09:30:59.207 [info] > git status -z -uall [99ms]
2025-02-26 09:30:59.207 [info] > git for-each-ref --format=%(refname)%00%(upstream:short)%00%(objectname)%00%(upstream:track)%00%(upstream:remotename)%00%(upstream:remoteref) refs/heads/main refs/remotes/main [80ms]
2025-02-26 09:30:59.207 [info] > git for-each-ref --format=%(refname)%00%(upstream:short)%00%(objectname)%00%(upstream:track)%00%(upstream:remotename)%00%(upstream:remoteref) refs/heads/main refs/remotes/main [112ms]
2025-02-26 09:30:59.207 [info] > git for-each-ref --format=%(refname)%00%(upstream:short)%00%(objectname)%00%(upstream:track)%00%(upstream:remotename)%00%(upstream:remoteref) refs/heads/main refs/remotes/main [130ms]
2025-02-26 09:30:59.207 [info] > git for-each-ref --format=%(refname)%00%(upstream:short)%00%(objectname)%00%(upstream:track)%00%(upstream:remotename)%00%(upstream:remoteref) refs/heads/main refs/remotes/main [143ms]
2025-02-26 09:30:59.207 [info] > git config --local branch.main.vscode-merge-base [15ms]
2025-02-26 09:30:59.207 [info] > git for-each-ref --format=%(refname)%00%(upstream:short)%00%(objectname)%00%(upstream:track)%00%(upstream:remotename)%00%(upstream:remoteref) refs/heads/main refs/remotes/main [33ms]
2025-02-26 09:30:59.207 [info] > git config --local branch.main.vscode-merge-base [73ms]
2025-02-26 09:30:59.207 [info] > git rev-parse --show-toplevel [86ms]
2025-02-26 09:30:59.207 [info] > git config --get commit.template [93ms]
2025-02-26 09:30:59.207 [info] > git config --get commit.template [98ms]
2025-02-26 09:30:59.207 [info] > git diff --name-status -z --diff-filter=ADMR bddd0b0d0cfc38d0bcdb3142f43ffb36c1294495...refs/remotes/origin/main [103ms]
2025-02-26 09:30:59.207 [info] > git config --local branch.main.vscode-merge-base [15ms]
2025-02-26 09:30:59.207 [info] > git for-each-ref --format=%(refname)%00%(upstream:short)%00%(objectname)%00%(upstream:track)%00%(upstream:remotename)%00%(upstream:remoteref) refs/heads/origin/main refs/remotes/origin/main [52ms]
2025-02-26 09:30:59.207 [info] > git config --get commit.template [62ms]
2025-02-26 09:30:59.207 [info] > git config --local branch.main.vscode-merge-base [69ms]
2025-02-26 09:30:59.207 [info] > git for-each-ref --format=%(refname)%00%(upstream:short)%00%(objectname)%00%(upstream:track)%00%(upstream:remotename)%00%(upstream:remoteref) refs/heads/origin/main refs/remotes/origin/main [35ms]
2025-02-26 09:30:59.207 [info] > git rev-parse --path-format=relative --show-toplevel [38ms]
2025-02-26 09:30:59.207 [info] > git for-each-ref --format=%(refname)%00%(upstream:short)%00%(objectname)%00%(upstream:track)%00%(upstream:remotename)%00%(upstream:remoteref) refs/heads/main refs/remotes/main [73ms]
2025-02-26 09:30:59.207 [info] > git for-each-ref --format=%(refname)%00%(upstream:short)%00%(objectname)%00%(upstream:track)%00%(upstream:remotename)%00%(upstream:remoteref) refs/heads/origin/main refs/remotes/origin/main [77ms]
2025-02-26 09:30:59.207 [info] > git for-each-ref --format=%(refname)%00%(upstream:short)%00%(objectname)%00%(upstream:track)%00%(upstream:remotename)%00%(upstream:remoteref) refs/heads/origin/main refs/remotes/origin/main [84ms]
2025-02-26 09:30:59.207 [info] > git rev-parse --git-dir --git-common-dir [138ms]
2025-02-26 09:30:59.207 [info] Open repository: /home/hwlee4/ICS45C/HW5
2025-02-26 09:30:59.207 [info] > git for-each-ref --format=%(refname)%00%(upstream:short)%00%(objectname)%00%(upstream:track)%00%(upstream:remotename)%00%(upstream:remoteref) refs/heads/main refs/remotes/main [156ms]
2025-02-26 09:30:59.207 [info] > git merge-base refs/heads/main refs/remotes/origin/main [162ms]
2025-02-26 09:30:59.207 [info] > git for-each-ref --format=%(refname)%00%(upstream:short)%00%(objectname)%00%(upstream:track)%00%(upstream:remotename)%00%(upstream:remoteref) refs/heads/main refs/remotes/main [181ms]
2025-02-26 09:30:59.220 [info] > git status -z -uall [174ms]
2025-02-26 09:30:59.233 [info] > git merge-base refs/heads/main refs/remotes/origin/main [137ms]
2025-02-26 09:30:59.246 [info] > git rev-parse --show-toplevel [28ms]
2025-02-26 09:30:59.250 [info] > git config --get commit.template [36ms]
2025-02-26 09:30:59.253 [info] > git rev-list --count --left-right refs/heads/main...refs/remotes/origin/main [51ms]
2025-02-26 09:30:59.290 [info] > git config --get commit.template [46ms]
2025-02-26 09:30:59.290 [info] > git for-each-ref --format=%(refname)%00%(upstream:short)%00%(objectname)%00%(upstream:track)%00%(upstream:remotename)%00%(upstream:remoteref) refs/heads/main refs/remotes/main [64ms]
2025-02-26 09:30:59.311 [info] > git rev-parse --path-format=relative --show-toplevel [60ms]
2025-02-26 09:30:59.324 [info] > git rev-list --count --left-right refs/heads/main...refs/remotes/origin/main [86ms]
2025-02-26 09:30:59.331 [info] > git config --local branch.main.vscode-merge-base [36ms]
2025-02-26 09:30:59.338 [info] > git diff --name-status -z --diff-filter=ADMR cf8d5839cd08372c62f09381215e8d81994990a6...refs/remotes/origin/main [80ms]
2025-02-26 09:30:59.392 [info] > git rev-parse --git-dir --git-common-dir [69ms]
2025-02-26 09:30:59.402 [info] Open repository: /home/hwlee4/ICS45C/HW7
2025-02-26 09:30:59.418 [info] > git status -z -uall [130ms]
2025-02-26 09:30:59.418 [info] > git status -z -uall [114ms]
2025-02-26 09:30:59.418 [info] > git status -z -uall [109ms]
2025-02-26 09:30:59.439 [info] > git for-each-ref --format=%(refname)%00%(upstream:short)%00%(objectname)%00%(upstream:track)%00%(upstream:remotename)%00%(upstream:remoteref) refs/heads/main refs/remotes/main [139ms]
2025-02-26 09:30:59.448 [info] > git diff --name-status -z --diff-filter=ADMR 94ef69ee95c8de87a59616891bc9c945d7661a95...refs/remotes/origin/main [119ms]
2025-02-26 09:30:59.450 [info] > git for-each-ref --format=%(refname)%00%(upstream:short)%00%(objectname)%00%(upstream:track)%00%(upstream:remotename)%00%(upstream:remoteref) refs/heads/origin/main refs/remotes/origin/main [114ms]
2025-02-26 09:30:59.492 [info] > git for-each-ref --format=%(refname)%00%(upstream:short)%00%(objectname)%00%(upstream:track)%00%(upstream:remotename)%00%(upstream:remoteref) refs/heads/main refs/remotes/main [176ms]
2025-02-26 09:30:59.500 [info] > git for-each-ref --format=%(refname)%00%(upstream:short)%00%(objectname)%00%(upstream:track)%00%(upstream:remotename)%00%(upstream:remoteref) refs/heads/main refs/remotes/main [55ms]
2025-02-26 09:30:59.506 [info] > git for-each-ref --format=%(refname)%00%(upstream:short)%00%(objectname)%00%(upstream:track)%00%(upstream:remotename)%00%(upstream:remoteref) refs/heads/main refs/remotes/main [69ms]
2025-02-26 09:30:59.512 [info] > git for-each-ref --format=%(refname)%00%(upstream:short)%00%(objectname)%00%(upstream:track)%00%(upstream:remotename)%00%(upstream:remoteref) refs/heads/main refs/remotes/main [88ms]
2025-02-26 09:30:59.518 [info] > git config --get commit.template [101ms]
2025-02-26 09:30:59.521 [info] > git config --local branch.main.vscode-merge-base [10ms]
2025-02-26 09:30:59.526 [info] > git config --local branch.main.vscode-merge-base [20ms]
2025-02-26 09:30:59.533 [info] > git config --get commit.template [35ms]
2025-02-26 09:30:59.533 [info] > git merge-base refs/heads/main refs/remotes/origin/main [42ms]
2025-02-26 09:30:59.547 [info] > git for-each-ref --format=%(refname)%00%(upstream:short)%00%(objectname)%00%(upstream:track)%00%(upstream:remotename)%00%(upstream:remoteref) refs/heads/origin/main refs/remotes/origin/main [21ms]
2025-02-26 09:30:59.548 [info] > git config --local branch.main.vscode-merge-base [31ms]
2025-02-26 09:30:59.601 [info] > git for-each-ref --format=%(refname)%00%(upstream:short)%00%(objectname)%00%(upstream:track)%00%(upstream:remotename)%00%(upstream:remoteref) refs/heads/master refs/remotes/master [56ms]
2025-02-26 09:30:59.602 [warning] No such branch: master.
2025-02-26 09:30:59.607 [info] > git rev-list --count --left-right refs/heads/main...refs/remotes/origin/main [68ms]
2025-02-26 09:30:59.614 [info] > git for-each-ref --format=%(refname)%00%(upstream:short)%00%(objectname)%00%(upstream:track)%00%(upstream:remotename)%00%(upstream:remoteref) refs/heads/origin/main refs/remotes/origin/main [81ms]
2025-02-26 09:30:59.622 [info] > git status -z -uall [16ms]
2025-02-26 09:30:59.622 [info] > git for-each-ref --format=%(refname)%00%(upstream:short)%00%(objectname)%00%(upstream:track)%00%(upstream:remotename)%00%(upstream:remoteref) refs/heads/main refs/remotes/main [27ms]
2025-02-26 09:30:59.622 [info] > git for-each-ref --format=%(refname)%00%(upstream:short)%00%(objectname)%00%(upstream:track)%00%(upstream:remotename)%00%(upstream:remoteref) refs/heads/origin/main refs/remotes/origin/main [32ms]
2025-02-26 09:30:59.630 [info] > git diff --name-status -z --diff-filter=ADMR 83b8c9caa62299ec43412888acef026380525026...refs/remotes/origin/main [17ms]
2025-02-26 09:30:59.689 [info] > git status -z -uall [89ms]
2025-02-26 09:30:59.689 [info] > git status -z -uall [69ms]
2025-02-26 09:30:59.689 [info] > git merge-base refs/heads/main refs/remotes/origin/main [60ms]
2025-02-26 09:30:59.715 [info] > git config --get commit.template [27ms]
2025-02-26 09:30:59.716 [info] > git for-each-ref --format=%(refname)%00%(upstream:short)%00%(objectname)%00%(upstream:track)%00%(upstream:remotename)%00%(upstream:remoteref) refs/heads/master refs/remotes/master [78ms]
2025-02-26 09:30:59.716 [warning] No such branch: master.
2025-02-26 09:30:59.730 [info] > git config --get commit.template [16ms]
2025-02-26 09:30:59.731 [info] > git for-each-ref --format=%(refname)%00%(upstream:short)%00%(objectname)%00%(upstream:track)%00%(upstream:remotename)%00%(upstream:remoteref) refs/heads/main refs/remotes/main [30ms]
2025-02-26 09:30:59.736 [info] > git rev-list --count --left-right refs/heads/main...refs/remotes/origin/main [40ms]
2025-02-26 09:30:59.742 [info] > git config --local branch.main.vscode-merge-base [6ms]
2025-02-26 09:30:59.747 [info] > git for-each-ref --format=%(refname)%00%(upstream:short)%00%(objectname)%00%(upstream:track)%00%(upstream:remotename)%00%(upstream:remoteref) refs/heads/main refs/remotes/main [25ms]
2025-02-26 09:30:59.831 [info] > git status -z -uall [103ms]
2025-02-26 09:30:59.832 [info] > git check-ignore -v -z --stdin [37ms]
2025-02-26 09:30:59.833 [info] > git check-ignore -v -z --stdin [34ms]
2025-02-26 09:30:59.834 [info] > git check-ignore -v -z --stdin [31ms]
2025-02-26 09:30:59.834 [info] > git check-ignore -v -z --stdin [26ms]
2025-02-26 09:30:59.835 [info] > git check-ignore -v -z --stdin [23ms]
2025-02-26 09:30:59.835 [info] > git check-ignore -v -z --stdin [18ms]
2025-02-26 09:30:59.836 [info] > git check-ignore -v -z --stdin [15ms]
2025-02-26 09:30:59.837 [info] > git config --local branch.main.vscode-merge-base [48ms]
2025-02-26 09:30:59.890 [info] > git for-each-ref --format=%(refname)%00%(upstream:short)%00%(objectname)%00%(upstream:track)%00%(upstream:remotename)%00%(upstream:remoteref) refs/heads/origin/main refs/remotes/origin/main [143ms]
2025-02-26 09:30:59.896 [info] > git diff --name-status -z --diff-filter=ADMR 23f1d7363861263b3745c679b62ddb8e2fdc6e7e...refs/remotes/origin/main [156ms]
2025-02-26 09:30:59.913 [info] > git merge-base refs/heads/main refs/remotes/origin/main [16ms]
2025-02-26 09:30:59.990 [info] > git for-each-ref --format=%(refname)%00%(upstream:short)%00%(objectname)%00%(upstream:track)%00%(upstream:remotename)%00%(upstream:remoteref) refs/heads/origin/main refs/remotes/origin/main [100ms]
2025-02-26 09:30:59.991 [info] > git for-each-ref --format=%(refname)%00%(upstream:short)%00%(objectname)%00%(upstream:track)%00%(upstream:remotename)%00%(upstream:remoteref) refs/heads/main refs/remotes/main [162ms]
2025-02-26 09:30:59.992 [info] > git for-each-ref --format=%(refname)%00%(upstream:short)%00%(objectname)%00%(upstream:track)%00%(upstream:remotename)%00%(upstream:remoteref) refs/heads/master refs/remotes/master [166ms]
2025-02-26 09:30:59.992 [warning] No such branch: master.
2025-02-26 09:30:59.999 [info] > git for-each-ref --format=%(refname)%00%(upstream:short)%00%(objectname)%00%(upstream:track)%00%(upstream:remotename)%00%(upstream:remoteref) refs/heads/main refs/remotes/main [96ms]
2025-02-26 09:31:00.094 [info] > git status -z -uall [97ms]
2025-02-26 09:31:00.094 [info] > git config --local branch.main.vscode-merge-base [83ms]
2025-02-26 09:31:00.106 [info] > git rev-list --count --left-right refs/heads/main...refs/remotes/origin/main [116ms]
2025-02-26 09:31:00.113 [info] > git status -z -uall [97ms]
2025-02-26 09:31:00.320 [info] > git for-each-ref --format=%(refname)%00%(upstream:short)%00%(objectname)%00%(upstream:track)%00%(upstream:remotename)%00%(upstream:remoteref) refs/heads/master refs/remotes/master [215ms]
2025-02-26 09:31:00.320 [warning] No such branch: master.
2025-02-26 09:31:00.321 [info] > git for-each-ref --format=%(refname)%00%(upstream:short)%00%(objectname)%00%(upstream:track)%00%(upstream:remotename)%00%(upstream:remoteref) refs/heads/origin/main refs/remotes/origin/main [222ms]
2025-02-26 09:31:00.323 [info] > git for-each-ref --format=%(refname)%00%(upstream:short)%00%(objectname)%00%(upstream:track)%00%(upstream:remotename)%00%(upstream:remoteref) refs/heads/main refs/remotes/main [205ms]
2025-02-26 09:31:00.328 [info] > git diff --name-status -z --diff-filter=ADMR 2e0d8ba95f2aa1568c03344698e0df55135e7cec...refs/remotes/origin/main [217ms]
2025-02-26 09:31:00.388 [info] > git config --local branch.main.vscode-merge-base [61ms]
2025-02-26 09:31:00.406 [info] > git for-each-ref --format=%(refname)%00%(upstream:short)%00%(objectname)%00%(upstream:track)%00%(upstream:remotename)%00%(upstream:remoteref) refs/heads/origin/main refs/remotes/origin/main [13ms]
2025-02-26 09:31:00.511 [info] > git check-ignore -v -z --stdin [97ms]
2025-02-26 09:31:00.512 [info] > git check-ignore -v -z --stdin [88ms]
2025-02-26 09:31:00.517 [info] > git check-ignore -v -z --stdin [89ms]
2025-02-26 09:31:00.518 [info] > git check-ignore -v -z --stdin [99ms]
2025-02-26 09:31:00.533 [info] > git check-ignore -v -z --stdin [43ms]
2025-02-26 09:31:00.588 [info] > git check-ignore -v -z --stdin [93ms]
2025-02-26 09:31:00.589 [info] > git check-ignore -v -z --stdin [90ms]
2025-02-26 09:31:00.589 [info] > git check-ignore -v -z --stdin [86ms]
2025-02-26 09:31:01.059 [info] > git check-ignore -v -z --stdin [32ms]
2025-02-26 09:31:01.060 [info] > git check-ignore -v -z --stdin [29ms]
2025-02-26 09:31:01.060 [info] > git check-ignore -v -z --stdin [25ms]
2025-02-26 09:31:01.061 [info] > git check-ignore -v -z --stdin [22ms]
2025-02-26 09:31:01.061 [info] > git check-ignore -v -z --stdin [18ms]
2025-02-26 09:31:01.061 [info] > git check-ignore -v -z --stdin [14ms]
2025-02-26 09:31:01.063 [info] > git check-ignore -v -z --stdin [13ms]
2025-02-26 09:31:01.063 [info] > git check-ignore -v -z --stdin [9ms]
2025-02-26 09:31:01.143 [info] > git rev-parse --show-toplevel [5ms]
2025-02-26 09:31:01.153 [info] > git rev-parse --path-format=relative --show-toplevel [6ms]
2025-02-26 09:31:02.089 [info] > git show --textconv :src/triangle.cpp [31ms]
2025-02-26 09:31:02.091 [info] > git ls-files --stage -- /home/hwlee4/ICS45C/HW6/src/triangle.cpp [27ms]
2025-02-26 09:31:02.104 [info] > git cat-file -s 61d575b7e5955acafdf36e10f84eaa2ad7bc5bdf [8ms]
2025-02-26 09:31:02.295 [info] > git rev-parse --show-toplevel [5ms]
2025-02-26 09:31:02.304 [info] > git rev-parse --path-format=relative --show-toplevel [5ms]
2025-02-26 09:31:03.392 [info] > git check-ignore -v -z --stdin [74ms]
2025-02-26 09:31:15.764 [warning] ENOENT: no such file or directory, open '/home/hwlee4/ICS45C/HW7/.git/HEAD'
2025-02-26 09:31:15.776 [warning] getRemotes() - ENOENT: no such file or directory, open '/home/hwlee4/ICS45C/HW7/.git/config'
2025-02-26 09:31:15.791 [warning] ENOENT: no such file or directory, open '/home/hwlee4/ICS45C/HW7/.git/HEAD'
2025-02-26 09:31:15.801 [warning] getRemotes() - ENOENT: no such file or directory, open '/home/hwlee4/ICS45C/HW7/.git/config'
2025-02-26 09:31:17.198 [info] > git check-ignore -v -z --stdin [31ms]
2025-02-26 09:31:17.199 [info] > git check-ignore -v -z --stdin [27ms]
2025-02-26 09:31:17.200 [info] > git check-ignore -v -z --stdin [23ms]
2025-02-26 09:31:17.200 [info] > git check-ignore -v -z --stdin [19ms]
2025-02-26 09:31:17.200 [info] > git check-ignore -v -z --stdin [13ms]
2025-02-26 09:31:17.201 [info] > git check-ignore -v -z --stdin [9ms]
2025-02-26 09:31:17.204 [info] > git check-ignore -v -z --stdin [8ms]
2025-02-26 09:31:30.621 [info] > git rev-parse --show-toplevel [4ms]
2025-02-26 09:31:30.633 [info] > git rev-parse --path-format=relative --show-toplevel [6ms]
2025-02-26 09:31:30.647 [info] > git rev-parse --git-dir --git-common-dir [6ms]
2025-02-26 09:31:30.664 [info] Open repository: /home/hwlee4/ICS45C/HW7
2025-02-26 09:31:30.713 [info] > git config --get commit.template [8ms]
2025-02-26 09:31:30.719 [info] > git for-each-ref --format=%(refname)%00%(upstream:short)%00%(objectname)%00%(upstream:track)%00%(upstream:remotename)%00%(upstream:remoteref) refs/heads/master refs/remotes/master [8ms]
2025-02-26 09:31:30.719 [warning] No such branch: master.
2025-02-26 09:31:30.739 [info] > git status -z -uall [15ms]
2025-02-26 09:31:30.756 [info] > git for-each-ref --format=%(refname)%00%(upstream:short)%00%(objectname)%00%(upstream:track)%00%(upstream:remotename)%00%(upstream:remoteref) refs/heads/master refs/remotes/master [11ms]
2025-02-26 09:31:30.756 [warning] No such branch: master.
2025-02-26 09:31:30.763 [info] > git config --get commit.template [9ms]
2025-02-26 09:31:30.769 [info] > git for-each-ref --format=%(refname)%00%(upstream:short)%00%(objectname)%00%(upstream:track)%00%(upstream:remotename)%00%(upstream:remoteref) refs/heads/master refs/remotes/master [7ms]
2025-02-26 09:31:30.769 [warning] No such branch: master.
2025-02-26 09:31:30.782 [info] > git status -z -uall [8ms]
2025-02-26 09:31:30.795 [info] > git for-each-ref --format=%(refname)%00%(upstream:short)%00%(objectname)%00%(upstream:track)%00%(upstream:remotename)%00%(upstream:remoteref) refs/heads/master refs/remotes/master [7ms]
2025-02-26 09:31:30.795 [warning] No such branch: master.
2025-02-26 09:31:31.413 [info] > git check-ignore -v -z --stdin [41ms]
2025-02-26 09:31:31.414 [info] > git check-ignore -v -z --stdin [37ms]
2025-02-26 09:31:31.414 [info] > git check-ignore -v -z --stdin [24ms]
2025-02-26 09:31:31.416 [info] > git check-ignore -v -z --stdin [21ms]
2025-02-26 09:31:31.417 [info] > git check-ignore -v -z --stdin [17ms]
2025-02-26 09:31:31.417 [info] > git check-ignore -v -z --stdin [14ms]
2025-02-26 09:31:31.417 [info] > git check-ignore -v -z --stdin [9ms]
2025-02-26 09:38:27.345 [warning] ENOENT: no such file or directory, open '/home/hwlee4/ICS45C/HW7/.git/HEAD'
2025-02-26 09:38:27.367 [warning] getRemotes() - ENOENT: no such file or directory, open '/home/hwlee4/ICS45C/HW7/.git/config'
2025-02-26 09:38:27.386 [warning] ENOENT: no such file or directory, open '/home/hwlee4/ICS45C/HW7/.git/HEAD'
2025-02-26 09:38:27.395 [warning] getRemotes() - ENOENT: no such file or directory, open '/home/hwlee4/ICS45C/HW7/.git/config'
2025-02-26 09:38:43.518 [info] > git check-ignore -v -z --stdin [34ms]
2025-02-26 09:38:43.519 [info] > git check-ignore -v -z --stdin [31ms]
2025-02-26 09:38:43.520 [info] > git check-ignore -v -z --stdin [27ms]
2025-02-26 09:38:43.520 [info] > git check-ignore -v -z --stdin [22ms]
2025-02-26 09:38:43.521 [info] > git check-ignore -v -z --stdin [16ms]
2025-02-26 09:38:43.521 [info] > git check-ignore -v -z --stdin [11ms]
2025-02-26 09:38:43.525 [info] > git check-ignore -v -z --stdin [10ms]
2025-02-26 09:39:58.914 [info] > git rev-parse --show-toplevel [5ms]
2025-02-26 09:39:58.924 [info] > git rev-parse --path-format=relative --show-toplevel [5ms]
2025-02-26 09:39:58.934 [info] > git rev-parse --git-dir --git-common-dir [5ms]
2025-02-26 09:39:58.945 [info] Open repository: /home/hwlee4/ICS45C/HW7
2025-02-26 09:39:58.958 [info] > git config --get commit.template [6ms]
2025-02-26 09:39:58.976 [info] > git for-each-ref --format=%(refname)%00%(upstream:short)%00%(objectname)%00%(upstream:track)%00%(upstream:remotename)%00%(upstream:remoteref) refs/heads/main refs/remotes/main [19ms]
2025-02-26 09:39:58.980 [warning] ENOENT: no such file or directory, open '/home/hwlee4/ICS45C/HW7/.git/refs/remotes/origin/main'
2025-02-26 09:39:58.989 [info] > git rev-parse refs/remotes/origin/main [8ms]
2025-02-26 09:39:59.158 [info] > git status -z -uall [165ms]
2025-02-26 09:39:59.179 [info] > git for-each-ref --format=%(refname)%00%(upstream:short)%00%(objectname)%00%(upstream:track)%00%(upstream:remotename)%00%(upstream:remoteref) refs/heads/main refs/remotes/main [15ms]
2025-02-26 09:39:59.191 [info] > git config --get commit.template [14ms]
2025-02-26 09:39:59.191 [info] > git config --local branch.main.vscode-merge-base [7ms]
2025-02-26 09:39:59.192 [warning] git config failed: Failed to execute git
2025-02-26 09:39:59.201 [info] > git for-each-ref --format=%(refname)%00%(upstream:short)%00%(objectname)%00%(upstream:track)%00%(upstream:remotename)%00%(upstream:remoteref) refs/heads/main refs/remotes/main [12ms]
2025-02-26 09:39:59.206 [warning] ENOENT: no such file or directory, open '/home/hwlee4/ICS45C/HW7/.git/refs/remotes/origin/main'
2025-02-26 09:39:59.213 [info] > git rev-parse refs/remotes/origin/main [7ms]
2025-02-26 09:39:59.218 [info] > git reflog main --grep-reflog=branch: Created from *. [22ms]
2025-02-26 09:39:59.232 [info] > git symbolic-ref --short refs/remotes/origin/HEAD [9ms]
2025-02-26 09:39:59.248 [info] > git for-each-ref --format=%(refname)%00%(upstream:short)%00%(objectname)%00%(upstream:track)%00%(upstream:remotename)%00%(upstream:remoteref) refs/heads/origin/main refs/remotes/origin/main [10ms]
2025-02-26 09:39:59.266 [info] > git status -z -uall [48ms]
2025-02-26 09:39:59.274 [info] > git config --local branch.main.vscode-merge-base origin/main [20ms]
2025-02-26 09:39:59.295 [info] > git for-each-ref --format=%(refname)%00%(upstream:short)%00%(objectname)%00%(upstream:track)%00%(upstream:remotename)%00%(upstream:remoteref) refs/heads/main refs/remotes/main [23ms]
2025-02-26 09:39:59.303 [info] > git config --get commit.template [14ms]
2025-02-26 09:39:59.305 [info] > git for-each-ref --format=%(refname)%00%(upstream:short)%00%(objectname)%00%(upstream:track)%00%(upstream:remotename)%00%(upstream:remoteref) refs/heads/main refs/remotes/main [11ms]
2025-02-26 09:39:59.310 [warning] ENOENT: no such file or directory, open '/home/hwlee4/ICS45C/HW7/.git/refs/remotes/origin/main'
2025-02-26 09:39:59.311 [info] > git config --local branch.main.vscode-merge-base [8ms]
2025-02-26 09:39:59.317 [info] > git rev-parse refs/remotes/origin/main [7ms]
2025-02-26 09:39:59.325 [info] > git for-each-ref --format=%(refname)%00%(upstream:short)%00%(objectname)%00%(upstream:track)%00%(upstream:remotename)%00%(upstream:remoteref) refs/heads/origin/main refs/remotes/origin/main [9ms]
2025-02-26 09:39:59.341 [info] > git merge-base refs/heads/main refs/remotes/origin/main [10ms]
2025-02-26 09:39:59.390 [info] > git rev-list --count --left-right refs/heads/main...refs/remotes/origin/main [43ms]
2025-02-26 09:39:59.396 [info] > git status -z -uall [75ms]
2025-02-26 09:39:59.408 [info] > git diff --name-status -z --diff-filter=ADMR d6cb1c040f57370aa13365de6c0547f7a06205d1...refs/remotes/origin/main [13ms]
2025-02-26 09:39:59.414 [info] > git for-each-ref --format=%(refname)%00%(upstream:short)%00%(objectname)%00%(upstream:track)%00%(upstream:remotename)%00%(upstream:remoteref) refs/heads/main refs/remotes/main [12ms]
2025-02-26 09:39:59.424 [info] > git config --local branch.main.vscode-merge-base [4ms]
2025-02-26 09:39:59.437 [info] > git for-each-ref --format=%(refname)%00%(upstream:short)%00%(objectname)%00%(upstream:track)%00%(upstream:remotename)%00%(upstream:remoteref) refs/heads/origin/main refs/remotes/origin/main [9ms]
2025-02-26 09:39:59.752 [info] > git check-ignore -v -z --stdin [37ms]
2025-02-26 09:39:59.753 [info] > git check-ignore -v -z --stdin [33ms]
2025-02-26 09:39:59.754 [info] > git check-ignore -v -z --stdin [30ms]
2025-02-26 09:39:59.754 [info] > git check-ignore -v -z --stdin [26ms]
2025-02-26 09:39:59.755 [info] > git check-ignore -v -z --stdin [22ms]
2025-02-26 09:39:59.755 [info] > git check-ignore -v -z --stdin [17ms]
2025-02-26 09:39:59.756 [info] > git check-ignore -v -z --stdin [14ms]
2025-02-26 09:39:59.756 [info] > git check-ignore -v -z --stdin [10ms]
2025-02-26 09:40:00.420 [info] > git config --get commit.template [6ms]
2025-02-26 09:40:00.430 [info] > git for-each-ref --format=%(refname)%00%(upstream:short)%00%(objectname)%00%(upstream:track)%00%(upstream:remotename)%00%(upstream:remoteref) refs/heads/main refs/remotes/main [11ms]
2025-02-26 09:40:00.435 [warning] ENOENT: no such file or directory, open '/home/hwlee4/ICS45C/HW7/.git/refs/remotes/origin/main'
2025-02-26 09:40:00.441 [info] > git rev-parse refs/remotes/origin/main [6ms]
2025-02-26 09:40:00.485 [info] > git status -z -uall [39ms]
2025-02-26 09:40:00.504 [info] > git for-each-ref --format=%(refname)%00%(upstream:short)%00%(objectname)%00%(upstream:track)%00%(upstream:remotename)%00%(upstream:remoteref) refs/heads/main refs/remotes/main [13ms]
2025-02-26 09:40:00.513 [info] > git config --local branch.main.vscode-merge-base [5ms]
2025-02-26 09:40:00.528 [info] > git for-each-ref --format=%(refname)%00%(upstream:short)%00%(objectname)%00%(upstream:track)%00%(upstream:remotename)%00%(upstream:remoteref) refs/heads/origin/main refs/remotes/origin/main [10ms]
2025-02-26 09:40:04.973 [info] > git ls-files --stage -- /home/hwlee4/ICS45C/HW6/src/square.cpp [6ms]
2025-02-26 09:40:04.978 [info] > git show --textconv :src/square.cpp [16ms]
2025-02-26 09:40:04.987 [info] > git cat-file -s 1650f614468718a4173ab09e6486df03d8077266 [9ms]
2025-02-26 09:40:06.172 [info] > git check-ignore -v -z --stdin [7ms]
2025-02-26 09:40:08.477 [info] > git show --textconv :src/triangle.hpp [13ms]
2025-02-26 09:40:08.477 [info] > git ls-files --stage -- /home/hwlee4/ICS45C/HW6/src/triangle.hpp [7ms]
2025-02-26 09:40:08.490 [info] > git cat-file -s b3f4fd059c6d70c6719fbd38bd99e028904d0616 [9ms]
2025-02-26 09:40:09.020 [info] > git ls-files --stage -- /home/hwlee4/ICS45C/HW6/src/circle.hpp [8ms]
2025-02-26 09:40:09.024 [info] > git show --textconv :src/circle.hpp [16ms]
2025-02-26 09:40:09.037 [info] > git cat-file -s 590fda11b4bb0aa46cd7aabedce3fb380bc7e982 [13ms]
2025-02-26 09:40:12.691 [info] > git check-ignore -v -z --stdin [10ms]
2025-02-26 09:40:15.277 [info] > git check-ignore -v -z --stdin [6ms]
2025-02-26 09:40:17.939 [info] > git check-ignore -v -z --stdin [6ms]
2025-02-26 09:40:20.634 [info] > git show --textconv :src/alloc.cpp [11ms]
2025-02-26 09:40:20.635 [info] > git ls-files --stage -- /home/hwlee4/ICS45C/HW7/src/alloc.cpp [8ms]
2025-02-26 09:40:20.650 [info] > git cat-file -s f3b6110e776ed130e96ad08c3c242bb46efcde63 [12ms]
2025-02-26 09:40:21.730 [info] > git show --textconv :src/alloc.hpp [9ms]
2025-02-26 09:40:21.733 [info] > git ls-files --stage -- /home/hwlee4/ICS45C/HW7/src/alloc.hpp [7ms]
2025-02-26 09:40:21.747 [info] > git cat-file -s 68fee38907028f8369b66de8962ed70fa0a96c55 [10ms]
2025-02-26 09:40:23.818 [info] > git show --textconv :src/array.hpp [10ms]
2025-02-26 09:40:23.819 [info] > git ls-files --stage -- /home/hwlee4/ICS45C/HW7/src/array.hpp [7ms]
2025-02-26 09:40:23.834 [info] > git cat-file -s e69de29bb2d1d6434b8b29ae775ad8c2e48c5391 [12ms]
2025-02-26 09:40:26.181 [info] > git show --textconv :src/int_array.hpp [9ms]
2025-02-26 09:40:26.184 [info] > git ls-files --stage -- /home/hwlee4/ICS45C/HW7/src/int_array.hpp [7ms]
2025-02-26 09:40:26.196 [info] > git cat-file -s e69de29bb2d1d6434b8b29ae775ad8c2e48c5391 [8ms]
2025-02-26 09:40:26.840 [info] > git show --textconv :src/matrix.hpp [10ms]
2025-02-26 09:40:26.840 [info] > git ls-files --stage -- /home/hwlee4/ICS45C/HW7/src/matrix.hpp [7ms]
2025-02-26 09:40:26.853 [info] > git cat-file -s e69de29bb2d1d6434b8b29ae775ad8c2e48c5391 [9ms]
2025-02-26 09:40:28.582 [info] > git show --textconv :src/standard_main.cpp [10ms]
2025-02-26 09:40:28.585 [info] > git ls-files --stage -- /home/hwlee4/ICS45C/HW7/src/standard_main.cpp [7ms]
2025-02-26 09:40:28.597 [info] > git cat-file -s e69de29bb2d1d6434b8b29ae775ad8c2e48c5391 [9ms]
2025-02-26 09:40:30.768 [info] > git show --textconv :src/int_array.hpp [10ms]
2025-02-26 09:40:30.769 [info] > git ls-files --stage -- /home/hwlee4/ICS45C/HW7/src/int_array.hpp [6ms]
2025-02-26 09:40:30.782 [info] > git cat-file -s e69de29bb2d1d6434b8b29ae775ad8c2e48c5391 [9ms]
2025-02-26 09:40:31.542 [info] > git show --textconv :src/array.hpp [11ms]
2025-02-26 09:40:31.543 [info] > git ls-files --stage -- /home/hwlee4/ICS45C/HW7/src/array.hpp [8ms]
2025-02-26 09:40:31.556 [info] > git cat-file -s e69de29bb2d1d6434b8b29ae775ad8c2e48c5391 [9ms]
2025-02-26 09:40:32.269 [info] > git show --textconv :src/alloc.hpp [9ms]
2025-02-26 09:40:32.272 [info] > git ls-files --stage -- /home/hwlee4/ICS45C/HW7/src/alloc.hpp [8ms]
2025-02-26 09:40:32.286 [info] > git cat-file -s 68fee38907028f8369b66de8962ed70fa0a96c55 [10ms]
