2025-05-29 01:01:51.728 [info] [main] Log level: Info
2025-05-29 01:01:51.728 [info] [main] Validating found git in: "git"
2025-05-29 01:01:51.728 [info] [main] Using git "2.43.0" from "git"
2025-05-29 01:01:51.728 [info] [Model][doInitialScan] Initial repository scan started
2025-05-29 01:01:51.728 [info] > git rev-parse --show-toplevel [5ms]
2025-05-29 01:01:51.728 [info] > git rev-parse --path-format=relative --show-toplevel [5ms]
2025-05-29 01:01:51.737 [info] > git rev-parse --show-toplevel [5ms]
2025-05-29 01:01:51.744 [info] > git rev-parse --path-format=relative --show-toplevel [4ms]
2025-05-29 01:01:51.751 [info] > git rev-parse --git-dir --git-common-dir [4ms]
2025-05-29 01:01:51.766 [info] [Model][openRepository] Opened repository: /home/hwlee4/ICS45C/HW0
2025-05-29 01:01:51.776 [info] > git config --get commit.template [3ms]
2025-05-29 01:01:51.785 [info] > git rev-parse --show-toplevel [10ms]
2025-05-29 01:01:51.790 [info] > git for-each-ref --format=%(refname)%00%(upstream:short)%00%(objectname)%00%(upstream:track)%00%(upstream:remotename)%00%(upstream:remoteref) refs/heads/main refs/remotes/main [10ms]
2025-05-29 01:01:51.791 [info] > git rev-parse --path-format=relative --show-toplevel [3ms]
2025-05-29 01:01:51.804 [info] > git rev-parse --git-dir --git-common-dir [9ms]
2025-05-29 01:01:51.809 [info] [Model][openRepository] Opened repository: /home/hwlee4/ICS45C/HW1
2025-05-29 01:01:51.817 [info] > git status -z -uall [18ms]
2025-05-29 01:01:51.818 [info] > git config --get commit.template [5ms]
2025-05-29 01:01:51.819 [info] > git for-each-ref --sort -committerdate --format %(refname) %(objectname) %(*objectname) [16ms]
2025-05-29 01:01:51.836 [info] > git rev-parse --show-toplevel [19ms]
2025-05-29 01:01:51.843 [info] > git config --get commit.template [7ms]
2025-05-29 01:01:51.843 [info] > git for-each-ref --format=%(refname)%00%(upstream:short)%00%(objectname)%00%(upstream:track)%00%(upstream:remotename)%00%(upstream:remoteref) refs/heads/main refs/remotes/main [15ms]
2025-05-29 01:01:51.847 [info] > git rev-parse --path-format=relative --show-toplevel [9ms]
2025-05-29 01:01:51.856 [info] > git for-each-ref --format=%(refname)%00%(upstream:short)%00%(objectname)%00%(upstream:track)%00%(upstream:remotename)%00%(upstream:remoteref) refs/heads/main refs/remotes/main [15ms]
2025-05-29 01:01:51.857 [info] > git config --local branch.main.vscode-merge-base [10ms]
2025-05-29 01:01:51.862 [info] > git rev-parse --git-dir --git-common-dir [7ms]
2025-05-29 01:01:51.867 [info] [Model][openRepository] Opened repository: /home/hwlee4/ICS45C/HW2
2025-05-29 01:01:51.867 [info] > git for-each-ref --format=%(refname)%00%(upstream:short)%00%(objectname)%00%(upstream:track)%00%(upstream:remotename)%00%(upstream:remoteref) refs/heads/main refs/remotes/main [17ms]
2025-05-29 01:01:51.874 [info] > git for-each-ref --format=%(refname)%00%(upstream:short)%00%(objectname)%00%(upstream:track)%00%(upstream:remotename)%00%(upstream:remoteref) refs/heads/origin/main refs/remotes/origin/main [14ms]
2025-05-29 01:01:51.893 [info] > git merge-base refs/heads/main refs/remotes/origin/main [15ms]
2025-05-29 01:01:51.897 [info] > git rev-parse --show-toplevel [23ms]
2025-05-29 01:01:51.900 [info] > git config --get commit.template [29ms]
2025-05-29 01:01:51.911 [info] > git diff --name-status -z --diff-filter=ADMR 2de1186af8d356e9b3e6443d56764a6c359645dc...refs/remotes/origin/main [14ms]
2025-05-29 01:01:51.912 [info] > git rev-parse --path-format=relative --show-toplevel [12ms]
2025-05-29 01:01:51.956 [info] > git status -z -uall [53ms]
2025-05-29 01:01:51.956 [info] > git status -z -uall [40ms]
2025-05-29 01:01:51.956 [info] > git for-each-ref --sort -committerdate --format %(refname) %(objectname) %(*objectname) [36ms]
2025-05-29 01:01:51.959 [info] > git for-each-ref --format=%(refname)%00%(upstream:short)%00%(objectname)%00%(upstream:track)%00%(upstream:remotename)%00%(upstream:remoteref) refs/heads/main refs/remotes/main [49ms]
2025-05-29 01:01:51.960 [info] > git for-each-ref --sort -committerdate --format %(refname) %(objectname) %(*objectname) [54ms]
2025-05-29 01:01:51.972 [info] > git rev-parse --git-dir --git-common-dir [18ms]
2025-05-29 01:01:51.976 [info] [Model][openRepository] Opened repository: /home/hwlee4/ICS45C/HW3
2025-05-29 01:01:51.988 [info] > git config --get commit.template [16ms]
2025-05-29 01:01:51.988 [info] > git for-each-ref --format=%(refname)%00%(upstream:short)%00%(objectname)%00%(upstream:track)%00%(upstream:remotename)%00%(upstream:remoteref) refs/heads/main refs/remotes/main [21ms]
2025-05-29 01:01:51.992 [info] > git rev-parse --show-toplevel [5ms]
2025-05-29 01:01:51.995 [info] > git config --get commit.template [11ms]
2025-05-29 01:01:52.009 [info] > git config --local branch.main.vscode-merge-base [18ms]
2025-05-29 01:01:52.017 [info] > git rev-parse --path-format=relative --show-toplevel [22ms]
2025-05-29 01:01:52.021 [info] > git status -z -uall [23ms]
2025-05-29 01:01:52.021 [info] > git for-each-ref --format=%(refname)%00%(upstream:short)%00%(objectname)%00%(upstream:track)%00%(upstream:remotename)%00%(upstream:remoteref) refs/heads/main refs/remotes/main [13ms]
2025-05-29 01:01:52.022 [info] > git for-each-ref --sort -committerdate --format %(refname) %(objectname) %(*objectname) [17ms]
2025-05-29 01:01:52.030 [info] > git for-each-ref --format=%(refname)%00%(upstream:short)%00%(objectname)%00%(upstream:track)%00%(upstream:remotename)%00%(upstream:remoteref) refs/heads/origin/main refs/remotes/origin/main [17ms]
2025-05-29 01:01:52.037 [info] > git for-each-ref --format=%(refname)%00%(upstream:short)%00%(objectname)%00%(upstream:track)%00%(upstream:remotename)%00%(upstream:remoteref) refs/heads/main refs/remotes/main [21ms]
2025-05-29 01:01:52.037 [info] > git rev-parse --git-dir --git-common-dir [17ms]
2025-05-29 01:01:52.042 [info] [Model][openRepository] Opened repository: /home/hwlee4/ICS45C/HW4
2025-05-29 01:01:52.050 [info] > git config --get commit.template [14ms]
2025-05-29 01:01:52.051 [info] > git merge-base refs/heads/main refs/remotes/origin/main [17ms]
2025-05-29 01:01:52.054 [info] > git for-each-ref --format=%(refname)%00%(upstream:short)%00%(objectname)%00%(upstream:track)%00%(upstream:remotename)%00%(upstream:remoteref) refs/heads/main refs/remotes/main [25ms]
2025-05-29 01:01:52.065 [info] > git rev-parse --show-toplevel [16ms]
2025-05-29 01:01:52.070 [info] > git config --get commit.template [24ms]
2025-05-29 01:01:52.075 [info] > git status -z -uall [16ms]
2025-05-29 01:01:52.076 [info] > git diff --name-status -z --diff-filter=ADMR 1d941fbc59bc10f4d013441e18a8b73cc72449ad...refs/remotes/origin/main [23ms]
2025-05-29 01:01:52.077 [info] > git config --local branch.main.vscode-merge-base [20ms]
2025-05-29 01:01:52.095 [info] > git rev-parse --path-format=relative --show-toplevel [25ms]
2025-05-29 01:01:52.096 [info] > git for-each-ref --sort -committerdate --format %(refname) %(objectname) %(*objectname) [32ms]
2025-05-29 01:01:52.105 [info] > git for-each-ref --sort -committerdate --format %(refname) %(objectname) %(*objectname) [15ms]
2025-05-29 01:01:52.105 [info] > git for-each-ref --format=%(refname)%00%(upstream:short)%00%(objectname)%00%(upstream:track)%00%(upstream:remotename)%00%(upstream:remoteref) refs/heads/origin/main refs/remotes/origin/main [24ms]
2025-05-29 01:01:52.110 [info] > git for-each-ref --format=%(refname)%00%(upstream:short)%00%(objectname)%00%(upstream:track)%00%(upstream:remotename)%00%(upstream:remoteref) refs/heads/main refs/remotes/main [36ms]
2025-05-29 01:01:52.111 [info] > git status -z -uall [24ms]
2025-05-29 01:01:52.111 [info] > git rev-parse --git-dir --git-common-dir [7ms]
2025-05-29 01:01:52.115 [info] [Model][openRepository] Opened repository: /home/hwlee4/ICS45C/HW5
2025-05-29 01:01:52.125 [info] > git for-each-ref --format=%(refname)%00%(upstream:short)%00%(objectname)%00%(upstream:track)%00%(upstream:remotename)%00%(upstream:remoteref) refs/heads/main refs/remotes/main [31ms]
2025-05-29 01:01:52.137 [info] > git merge-base refs/heads/main refs/remotes/origin/main [27ms]
2025-05-29 01:01:52.142 [info] > git config --get commit.template [6ms]
2025-05-29 01:01:52.143 [info] > git rev-parse --show-toplevel [10ms]
2025-05-29 01:01:52.146 [info] > git config --get commit.template [16ms]
2025-05-29 01:01:52.147 [info] > git for-each-ref --format=%(refname)%00%(upstream:short)%00%(objectname)%00%(upstream:track)%00%(upstream:remotename)%00%(upstream:remoteref) refs/heads/main refs/remotes/main [25ms]
2025-05-29 01:01:52.153 [info] > git rev-parse --path-format=relative --show-toplevel [7ms]
2025-05-29 01:01:52.153 [info] > git diff --name-status -z --diff-filter=ADMR 6e366bc68f599c93d5b2306a1622b19a83ab6690...refs/remotes/origin/main [13ms]
2025-05-29 01:01:52.238 [info] > git status -z -uall [19ms]
2025-05-29 01:01:52.238 [info] > git for-each-ref --sort -committerdate --format %(refname) %(objectname) %(*objectname) [15ms]
2025-05-29 01:01:52.241 [info] > git config --local branch.main.vscode-merge-base [90ms]
2025-05-29 01:01:52.245 [info] > git for-each-ref --format=%(refname)%00%(upstream:short)%00%(objectname)%00%(upstream:track)%00%(upstream:remotename)%00%(upstream:remoteref) refs/heads/main refs/remotes/main [16ms]
2025-05-29 01:01:52.245 [info] > git for-each-ref --format=%(refname)%00%(upstream:short)%00%(objectname)%00%(upstream:track)%00%(upstream:remotename)%00%(upstream:remoteref) refs/heads/main refs/remotes/main [19ms]
2025-05-29 01:01:52.246 [info] > git rev-parse --git-dir --git-common-dir [15ms]
2025-05-29 01:01:52.249 [info] [Model][openRepository] Opened repository: /home/hwlee4/ICS45C/HW6
2025-05-29 01:01:52.258 [info] > git status -z -uall [24ms]
2025-05-29 01:01:52.258 [info] > git for-each-ref --format=%(refname)%00%(upstream:short)%00%(objectname)%00%(upstream:track)%00%(upstream:remotename)%00%(upstream:remoteref) refs/heads/origin/main refs/remotes/origin/main [14ms]
2025-05-29 01:01:52.262 [info] > git for-each-ref --sort -committerdate --format %(refname) %(objectname) %(*objectname) [25ms]
2025-05-29 01:01:52.263 [info] > git rev-parse --show-toplevel [6ms]
2025-05-29 01:01:52.266 [info] > git config --get commit.template [12ms]
2025-05-29 01:01:52.277 [info] > git rev-parse --path-format=relative --show-toplevel [11ms]
2025-05-29 01:01:52.277 [info] > git merge-base refs/heads/main refs/remotes/origin/main [16ms]
2025-05-29 01:01:52.309 [info] > git status -z -uall [25ms]
2025-05-29 01:01:52.310 [info] > git config --get commit.template [34ms]
2025-05-29 01:01:52.310 [info] > git for-each-ref --format=%(refname)%00%(upstream:short)%00%(objectname)%00%(upstream:track)%00%(upstream:remotename)%00%(upstream:remoteref) refs/heads/main refs/remotes/main [38ms]
2025-05-29 01:01:52.314 [info] > git status -z -uall [24ms]
2025-05-29 01:01:52.315 [info] > git rev-parse --git-dir --git-common-dir [5ms]
2025-05-29 01:01:52.319 [info] [Model][openRepository] Opened repository: /home/hwlee4/ICS45C/HW7
2025-05-29 01:01:52.320 [info] > git for-each-ref --sort -committerdate --format %(refname) %(objectname) %(*objectname) [27ms]
2025-05-29 01:01:52.329 [info] > git for-each-ref --sort -committerdate --format %(refname) %(objectname) %(*objectname) [42ms]
2025-05-29 01:01:52.335 [info] > git diff --name-status -z --diff-filter=ADMR b82b13244c860b4b7663b453b8013197209cca25...refs/remotes/origin/main [55ms]
2025-05-29 01:01:52.349 [info] > git for-each-ref --format=%(refname)%00%(upstream:short)%00%(objectname)%00%(upstream:track)%00%(upstream:remotename)%00%(upstream:remoteref) refs/heads/main refs/remotes/main [22ms]
2025-05-29 01:01:52.353 [info] > git config --local branch.main.vscode-merge-base [40ms]
2025-05-29 01:01:52.358 [info] > git for-each-ref --format=%(refname)%00%(upstream:short)%00%(objectname)%00%(upstream:track)%00%(upstream:remotename)%00%(upstream:remoteref) refs/heads/main refs/remotes/main [53ms]
2025-05-29 01:01:52.361 [info] > git config --local branch.main.vscode-merge-base [8ms]
2025-05-29 01:01:52.364 [info] > git config --get commit.template [16ms]
2025-05-29 01:01:52.365 [info] > git rev-parse --show-toplevel [20ms]
2025-05-29 01:01:52.368 [info] > git config --get commit.template [25ms]
2025-05-29 01:01:52.368 [info] > git for-each-ref --format=%(refname)%00%(upstream:short)%00%(objectname)%00%(upstream:track)%00%(upstream:remotename)%00%(upstream:remoteref) refs/heads/main refs/remotes/main [29ms]
2025-05-29 01:01:52.368 [info] > git merge-base refs/heads/main refs/remotes/origin/main [34ms]
2025-05-29 01:01:52.372 [info] > git rev-parse --path-format=relative --show-toplevel [5ms]
2025-05-29 01:01:52.372 [info] > git for-each-ref --format=%(refname)%00%(upstream:short)%00%(objectname)%00%(upstream:track)%00%(upstream:remotename)%00%(upstream:remoteref) refs/heads/origin/main refs/remotes/origin/main [8ms]
2025-05-29 01:01:52.375 [info] > git for-each-ref --format=%(refname)%00%(upstream:short)%00%(objectname)%00%(upstream:track)%00%(upstream:remotename)%00%(upstream:remoteref) refs/heads/origin/main refs/remotes/origin/main [18ms]
2025-05-29 01:01:52.390 [info] > git diff --name-status -z --diff-filter=ADMR b82b13244c860b4b7663b453b8013197209cca25...refs/remotes/origin/main [19ms]
2025-05-29 01:01:52.406 [info] > git merge-base refs/heads/main refs/remotes/origin/main [28ms]
2025-05-29 01:01:52.409 [info] > git merge-base refs/heads/main refs/remotes/origin/main [34ms]
2025-05-29 01:01:52.419 [info] > git rev-parse --git-dir --git-common-dir [30ms]
2025-05-29 01:01:52.424 [info] [Model][openRepository] Opened repository: /home/hwlee4/ICS45C/HW8
2025-05-29 01:01:52.429 [info] [Model][doInitialScan] Initial repository scan completed - repositories (9), closed repositories (0), parent repositories (1), unsafe repositories (0)
2025-05-29 01:01:52.430 [info] > git for-each-ref --format=%(refname)%00%(upstream:short)%00%(objectname)%00%(upstream:track)%00%(upstream:remotename)%00%(upstream:remoteref) refs/heads/main refs/remotes/main [46ms]
2025-05-29 01:01:52.430 [info] > git for-each-ref --format=%(refname)%00%(upstream:short)%00%(objectname)%00%(upstream:track)%00%(upstream:remotename)%00%(upstream:remoteref) refs/heads/main refs/remotes/main [48ms]
2025-05-29 01:01:52.435 [info] > git status -z -uall [42ms]
2025-05-29 01:01:52.435 [info] > git status -z -uall [20ms]
2025-05-29 01:01:52.435 [info] > git for-each-ref --sort -committerdate --format %(refname) %(objectname) %(*objectname) [17ms]
2025-05-29 01:01:52.441 [info] > git diff --name-status -z --diff-filter=ADMR b451104ec2b07b39c17cd9240a01c9e94c0a7f69...refs/remotes/origin/main [29ms]
2025-05-29 01:01:52.441 [info] > git diff --name-status -z --diff-filter=ADMR 941598b477db37f454b7d999bb01a8a980ee618a...refs/remotes/origin/main [32ms]
2025-05-29 01:01:52.442 [info] > git for-each-ref --sort -committerdate --format %(refname) %(objectname) %(*objectname) [37ms]
2025-05-29 01:01:52.453 [info] > git merge-base refs/heads/main refs/remotes/origin/main [12ms]
2025-05-29 01:01:52.456 [info] > git config --get commit.template [22ms]
2025-05-29 01:01:52.457 [info] > git config --get commit.template [5ms]
2025-05-29 01:01:52.457 [info] > git for-each-ref --format=%(refname)%00%(upstream:short)%00%(objectname)%00%(upstream:track)%00%(upstream:remotename)%00%(upstream:remoteref) refs/heads/main refs/remotes/main [10ms]
2025-05-29 01:01:52.479 [info] > git status -z -uall [14ms]
2025-05-29 01:01:52.479 [info] > git diff --name-status -z --diff-filter=ADMR 941598b477db37f454b7d999bb01a8a980ee618a...refs/remotes/origin/main [23ms]
2025-05-29 01:01:52.480 [info] > git config --local branch.main.vscode-merge-base [20ms]
2025-05-29 01:01:52.484 [info] > git for-each-ref --sort -committerdate --format %(refname) %(objectname) %(*objectname) [14ms]
2025-05-29 01:01:52.486 [info] > git for-each-ref --format=%(refname)%00%(upstream:short)%00%(objectname)%00%(upstream:track)%00%(upstream:remotename)%00%(upstream:remoteref) refs/heads/main refs/remotes/main [24ms]
2025-05-29 01:01:52.487 [info] > git for-each-ref --sort -committerdate --format %(refname) %(objectname) %(*objectname) [13ms]
2025-05-29 01:01:52.490 [warning] [Git][revParse] Unable to read file: ENOENT: no such file or directory, open '/home/hwlee4/ICS45C/HW8/.git/refs/remotes/origin/main'
2025-05-29 01:01:52.490 [info] > git for-each-ref --format=%(refname)%00%(upstream:short)%00%(objectname)%00%(upstream:track)%00%(upstream:remotename)%00%(upstream:remoteref) refs/heads/main refs/remotes/main [12ms]
2025-05-29 01:01:52.492 [info] > git status -z -uall [20ms]
2025-05-29 01:01:52.499 [info] > git for-each-ref --format=%(refname)%00%(upstream:short)%00%(objectname)%00%(upstream:track)%00%(upstream:remotename)%00%(upstream:remoteref) refs/heads/origin/main refs/remotes/origin/main [16ms]
2025-05-29 01:01:52.506 [info] > git rev-parse refs/remotes/origin/main [16ms]
2025-05-29 01:01:52.513 [info] > git config --get commit.template [8ms]
2025-05-29 01:01:52.513 [info] > git merge-base refs/heads/main refs/remotes/origin/main [11ms]
2025-05-29 01:01:52.516 [info] > git for-each-ref --format=%(refname)%00%(upstream:short)%00%(objectname)%00%(upstream:track)%00%(upstream:remotename)%00%(upstream:remoteref) refs/heads/main refs/remotes/main [18ms]
2025-05-29 01:01:52.529 [info] > git diff --name-status -z --diff-filter=ADMR 4bb5dac197cf12068309673dd415638cca322aab...refs/remotes/origin/main [13ms]
2025-05-29 01:01:52.529 [info] > git config --local branch.main.vscode-merge-base [10ms]
2025-05-29 01:01:52.533 [info] > git for-each-ref --sort -committerdate --format %(refname) %(objectname) %(*objectname) [21ms]
2025-05-29 01:01:52.537 [info] > git status -z -uall [14ms]
2025-05-29 01:01:52.537 [info] > git for-each-ref --sort -committerdate --format %(refname) %(objectname) %(*objectname) [12ms]
2025-05-29 01:01:52.540 [info] > git for-each-ref --format=%(refname)%00%(upstream:short)%00%(objectname)%00%(upstream:track)%00%(upstream:remotename)%00%(upstream:remoteref) refs/heads/main refs/remotes/main [13ms]
2025-05-29 01:01:52.542 [info] > git for-each-ref --format=%(refname)%00%(upstream:short)%00%(objectname)%00%(upstream:track)%00%(upstream:remotename)%00%(upstream:remoteref) refs/heads/origin/main refs/remotes/origin/main [10ms]
2025-05-29 01:01:52.562 [info] > git merge-base refs/heads/main refs/remotes/origin/main [17ms]
2025-05-29 01:01:52.573 [info] > git diff --name-status -z --diff-filter=ADMR c515706c8a7b55a1a3b458f4533d90f48011da0f...refs/remotes/origin/main [8ms]
2025-05-29 01:01:52.580 [info] > git status -z -uall [11ms]
2025-05-29 01:01:52.581 [info] > git for-each-ref --sort -committerdate --format %(refname) %(objectname) %(*objectname) [10ms]
2025-05-29 01:01:52.621 [info] > git status -z -uall [112ms]
2025-05-29 01:01:52.635 [info] > git config --get commit.template [4ms]
2025-05-29 01:01:52.635 [info] > git for-each-ref --format=%(refname)%00%(upstream:short)%00%(objectname)%00%(upstream:track)%00%(upstream:remotename)%00%(upstream:remoteref) refs/heads/main refs/remotes/main [8ms]
2025-05-29 01:01:52.641 [info] > git config --local branch.main.vscode-merge-base [3ms]
2025-05-29 01:01:52.641 [warning] [Git][config] git config failed: Failed to execute git
2025-05-29 01:01:52.644 [info] > git for-each-ref --format=%(refname)%00%(upstream:short)%00%(objectname)%00%(upstream:track)%00%(upstream:remotename)%00%(upstream:remoteref) refs/heads/main refs/remotes/main [10ms]
2025-05-29 01:01:52.647 [warning] [Git][revParse] Unable to read file: ENOENT: no such file or directory, open '/home/hwlee4/ICS45C/HW8/.git/refs/remotes/origin/main'
2025-05-29 01:01:52.651 [info] > git rev-parse refs/remotes/origin/main [4ms]
2025-05-29 01:01:52.657 [info] > git reflog main --grep-reflog=branch: Created from *. [13ms]
2025-05-29 01:01:52.665 [info] > git symbolic-ref --short refs/remotes/origin/HEAD [5ms]
2025-05-29 01:01:52.668 [info] > git for-each-ref --sort -committerdate --format %(refname) %(objectname) %(*objectname) [12ms]
2025-05-29 01:01:52.674 [info] > git for-each-ref --format=%(refname)%00%(upstream:short)%00%(objectname)%00%(upstream:track)%00%(upstream:remotename)%00%(upstream:remoteref) refs/heads/origin/main refs/remotes/origin/main [6ms]
2025-05-29 01:01:52.678 [info] > git status -z -uall [25ms]
2025-05-29 01:01:52.685 [info] > git config --local branch.main.vscode-merge-base origin/main [7ms]
2025-05-29 01:01:52.695 [info] > git config --get commit.template [5ms]
2025-05-29 01:01:52.695 [info] > git for-each-ref --format=%(refname)%00%(upstream:short)%00%(objectname)%00%(upstream:track)%00%(upstream:remotename)%00%(upstream:remoteref) refs/heads/main refs/remotes/main [13ms]
2025-05-29 01:01:52.701 [info] > git config --local branch.main.vscode-merge-base [4ms]
2025-05-29 01:01:52.704 [info] > git for-each-ref --format=%(refname)%00%(upstream:short)%00%(objectname)%00%(upstream:track)%00%(upstream:remotename)%00%(upstream:remoteref) refs/heads/main refs/remotes/main [10ms]
2025-05-29 01:01:52.707 [warning] [Git][revParse] Unable to read file: ENOENT: no such file or directory, open '/home/hwlee4/ICS45C/HW8/.git/refs/remotes/origin/main'
2025-05-29 01:01:52.710 [info] > git for-each-ref --format=%(refname)%00%(upstream:short)%00%(objectname)%00%(upstream:track)%00%(upstream:remotename)%00%(upstream:remoteref) refs/heads/origin/main refs/remotes/origin/main [6ms]
2025-05-29 01:01:52.714 [info] > git rev-parse refs/remotes/origin/main [7ms]
2025-05-29 01:01:52.720 [info] > git merge-base refs/heads/main refs/remotes/origin/main [6ms]
2025-05-29 01:01:52.727 [info] > git for-each-ref --sort -committerdate --format %(refname) %(objectname) %(*objectname) [8ms]
2025-05-29 01:01:52.731 [info] > git diff --name-status -z --diff-filter=ADMR 4fe5472826c1d8edf7ec4b40930ebba659ee4b50...refs/remotes/origin/main [8ms]
2025-05-29 01:01:52.744 [info] > git status -z -uall [27ms]
2025-05-29 01:01:53.105 [info] > git check-ignore -v -z --stdin [25ms]
2025-05-29 01:01:53.106 [info] > git check-ignore -v -z --stdin [24ms]
2025-05-29 01:01:53.106 [info] > git check-ignore -v -z --stdin [21ms]
2025-05-29 01:01:53.106 [info] > git check-ignore -v -z --stdin [18ms]
2025-05-29 01:01:53.106 [info] > git check-ignore -v -z --stdin [16ms]
2025-05-29 01:01:53.107 [info] > git check-ignore -v -z --stdin [14ms]
2025-05-29 01:01:53.107 [info] > git check-ignore -v -z --stdin [11ms]
2025-05-29 01:01:53.107 [info] > git check-ignore -v -z --stdin [8ms]
2025-05-29 01:01:53.108 [info] > git check-ignore -v -z --stdin [6ms]
2025-05-29 01:01:54.212 [info] > git check-ignore -v -z --stdin [5ms]
2025-05-29 01:02:35.788 [info] > git ls-files --stage -- /home/hwlee4/ICS45C/HW8/src/process_numbers_main.cpp [4ms]
2025-05-29 01:02:35.792 [info] > git show --textconv :src/process_numbers_main.cpp [12ms]
2025-05-29 01:02:35.798 [info] > git cat-file -s e69de29bb2d1d6434b8b29ae775ad8c2e48c5391 [7ms]
2025-05-29 01:02:37.774 [info] > git show --textconv :src/process_numbers.cpp [6ms]
2025-05-29 01:02:37.777 [info] > git ls-files --stage -- /home/hwlee4/ICS45C/HW8/src/process_numbers.cpp [4ms]
2025-05-29 01:02:37.786 [info] > git cat-file -s e69de29bb2d1d6434b8b29ae775ad8c2e48c5391 [6ms]
2025-05-29 01:02:38.978 [info] > git show --textconv :src/process_numbers.hpp [7ms]
2025-05-29 01:02:38.978 [info] > git ls-files --stage -- /home/hwlee4/ICS45C/HW8/src/process_numbers.hpp [3ms]
2025-05-29 01:02:38.987 [info] > git cat-file -s e69de29bb2d1d6434b8b29ae775ad8c2e48c5391 [6ms]
2025-05-29 01:03:10.329 [info] > git config --get commit.template [3ms]
2025-05-29 01:03:10.336 [info] > git for-each-ref --format=%(refname)%00%(upstream:short)%00%(objectname)%00%(upstream:track)%00%(upstream:remotename)%00%(upstream:remoteref) refs/heads/main refs/remotes/main [8ms]
2025-05-29 01:03:10.339 [warning] [Git][revParse] Unable to read file: ENOENT: no such file or directory, open '/home/hwlee4/ICS45C/HW8/.git/refs/remotes/origin/main'
2025-05-29 01:03:10.343 [info] > git rev-parse refs/remotes/origin/main [4ms]
2025-05-29 01:03:10.356 [info] > git for-each-ref --sort -committerdate --format %(refname) %(objectname) %(*objectname) [7ms]
2025-05-29 01:03:10.376 [info] > git status -z -uall [31ms]
2025-05-29 01:03:26.134 [info] > git show --textconv :src/process_numbers.cpp [5ms]
2025-05-29 01:03:26.135 [info] > git ls-files --stage -- /home/hwlee4/ICS45C/HW8/src/process_numbers.cpp [4ms]
2025-05-29 01:03:26.143 [info] > git cat-file -s e69de29bb2d1d6434b8b29ae775ad8c2e48c5391 [6ms]
2025-05-29 01:03:29.075 [info] > git config --get commit.template [4ms]
2025-05-29 01:03:29.082 [info] > git for-each-ref --format=%(refname)%00%(upstream:short)%00%(objectname)%00%(upstream:track)%00%(upstream:remotename)%00%(upstream:remoteref) refs/heads/main refs/remotes/main [8ms]
2025-05-29 01:03:29.085 [warning] [Git][revParse] Unable to read file: ENOENT: no such file or directory, open '/home/hwlee4/ICS45C/HW8/.git/refs/remotes/origin/main'
2025-05-29 01:03:29.088 [info] > git rev-parse refs/remotes/origin/main [3ms]
2025-05-29 01:03:29.101 [info] > git for-each-ref --sort -committerdate --format %(refname) %(objectname) %(*objectname) [7ms]
2025-05-29 01:03:29.120 [info] > git status -z -uall [29ms]
2025-05-29 01:03:40.084 [info] > git show --textconv :src/process_numbers_main.cpp [6ms]
2025-05-29 01:03:40.084 [info] > git ls-files --stage -- /home/hwlee4/ICS45C/HW8/src/process_numbers_main.cpp [4ms]
2025-05-29 01:03:40.095 [info] > git cat-file -s e69de29bb2d1d6434b8b29ae775ad8c2e48c5391 [8ms]
2025-05-29 01:03:42.925 [info] > git config --get commit.template [3ms]
2025-05-29 01:03:42.933 [info] > git for-each-ref --format=%(refname)%00%(upstream:short)%00%(objectname)%00%(upstream:track)%00%(upstream:remotename)%00%(upstream:remoteref) refs/heads/main refs/remotes/main [8ms]
2025-05-29 01:03:42.936 [warning] [Git][revParse] Unable to read file: ENOENT: no such file or directory, open '/home/hwlee4/ICS45C/HW8/.git/refs/remotes/origin/main'
2025-05-29 01:03:42.940 [info] > git rev-parse refs/remotes/origin/main [4ms]
2025-05-29 01:03:42.952 [info] > git for-each-ref --sort -committerdate --format %(refname) %(objectname) %(*objectname) [8ms]
2025-05-29 01:03:42.972 [info] > git status -z -uall [30ms]
2025-05-29 01:03:47.420 [info] > git show --textconv :src/process_numbers.cpp [5ms]
2025-05-29 01:03:47.423 [info] > git ls-files --stage -- /home/hwlee4/ICS45C/HW8/src/process_numbers.cpp [5ms]
2025-05-29 01:03:47.431 [info] > git cat-file -s e69de29bb2d1d6434b8b29ae775ad8c2e48c5391 [6ms]
2025-05-29 01:03:56.297 [info] > git config --get commit.template [4ms]
2025-05-29 01:03:56.303 [info] > git for-each-ref --format=%(refname)%00%(upstream:short)%00%(objectname)%00%(upstream:track)%00%(upstream:remotename)%00%(upstream:remoteref) refs/heads/main refs/remotes/main [7ms]
2025-05-29 01:03:56.307 [warning] [Git][revParse] Unable to read file: ENOENT: no such file or directory, open '/home/hwlee4/ICS45C/HW8/.git/refs/remotes/origin/main'
2025-05-29 01:03:56.310 [info] > git rev-parse refs/remotes/origin/main [3ms]
2025-05-29 01:03:56.323 [info] > git for-each-ref --sort -committerdate --format %(refname) %(objectname) %(*objectname) [7ms]
2025-05-29 01:03:56.335 [info] > git status -z -uall [22ms]
2025-05-29 01:04:01.345 [info] > git config --get commit.template [3ms]
2025-05-29 01:04:01.352 [info] > git for-each-ref --format=%(refname)%00%(upstream:short)%00%(objectname)%00%(upstream:track)%00%(upstream:remotename)%00%(upstream:remoteref) refs/heads/main refs/remotes/main [8ms]
2025-05-29 01:04:01.355 [warning] [Git][revParse] Unable to read file: ENOENT: no such file or directory, open '/home/hwlee4/ICS45C/HW8/.git/refs/remotes/origin/main'
2025-05-29 01:04:01.359 [info] > git rev-parse refs/remotes/origin/main [4ms]
2025-05-29 01:04:01.374 [info] > git for-each-ref --sort -committerdate --format %(refname) %(objectname) %(*objectname) [7ms]
2025-05-29 01:04:01.386 [info] > git status -z -uall [24ms]
2025-05-29 01:12:13.909 [info] > git show --textconv :src/process_numbers.hpp [8ms]
2025-05-29 01:12:13.910 [info] > git ls-files --stage -- /home/hwlee4/ICS45C/HW8/src/process_numbers.hpp [6ms]
2025-05-29 01:12:13.919 [info] > git cat-file -s e69de29bb2d1d6434b8b29ae775ad8c2e48c5391 [6ms]
2025-05-29 01:12:18.984 [info] > git show --textconv :src/process_numbers_main.cpp [6ms]
2025-05-29 01:12:18.986 [info] > git ls-files --stage -- /home/hwlee4/ICS45C/HW8/src/process_numbers_main.cpp [4ms]
2025-05-29 01:12:18.995 [info] > git cat-file -s e69de29bb2d1d6434b8b29ae775ad8c2e48c5391 [6ms]
2025-05-29 01:12:20.094 [info] > git config --get commit.template [4ms]
2025-05-29 01:12:20.101 [info] > git for-each-ref --format=%(refname)%00%(upstream:short)%00%(objectname)%00%(upstream:track)%00%(upstream:remotename)%00%(upstream:remoteref) refs/heads/main refs/remotes/main [8ms]
2025-05-29 01:12:20.103 [warning] [Git][revParse] Unable to read file: ENOENT: no such file or directory, open '/home/hwlee4/ICS45C/HW8/.git/refs/remotes/origin/main'
2025-05-29 01:12:20.107 [info] > git rev-parse refs/remotes/origin/main [3ms]
2025-05-29 01:12:20.119 [info] > git for-each-ref --sort -committerdate --format %(refname) %(objectname) %(*objectname) [7ms]
2025-05-29 01:12:20.139 [info] > git status -z -uall [30ms]
2025-05-29 01:12:25.473 [info] > git config --get commit.template [4ms]
2025-05-29 01:12:25.480 [info] > git for-each-ref --format=%(refname)%00%(upstream:short)%00%(objectname)%00%(upstream:track)%00%(upstream:remotename)%00%(upstream:remoteref) refs/heads/main refs/remotes/main [8ms]
2025-05-29 01:12:25.482 [warning] [Git][revParse] Unable to read file: ENOENT: no such file or directory, open '/home/hwlee4/ICS45C/HW8/.git/refs/remotes/origin/main'
2025-05-29 01:12:25.486 [info] > git rev-parse refs/remotes/origin/main [4ms]
2025-05-29 01:12:25.499 [info] > git for-each-ref --sort -committerdate --format %(refname) %(objectname) %(*objectname) [7ms]
2025-05-29 01:12:25.511 [info] > git status -z -uall [23ms]
2025-05-29 01:12:27.814 [info] > git show --textconv :src/process_numbers.cpp [6ms]
2025-05-29 01:12:27.816 [info] > git ls-files --stage -- /home/hwlee4/ICS45C/HW8/src/process_numbers.cpp [4ms]
2025-05-29 01:12:27.824 [info] > git cat-file -s e69de29bb2d1d6434b8b29ae775ad8c2e48c5391 [5ms]
2025-05-29 01:12:40.665 [info] > git rev-parse --show-toplevel [9ms]
2025-05-29 01:12:40.670 [info] > git log --format=%H%n%aN%n%aE%n%at%n%ct%n%P%n%D%n%B -z --shortstat --diff-merges=first-parent -n50 --skip=0 --topo-order --decorate=full --stdin [70ms]
2025-05-29 01:12:40.673 [info] > git rev-parse --path-format=relative --show-toplevel [5ms]
2025-05-29 01:12:40.680 [info] > git rev-parse --show-toplevel [3ms]
2025-05-29 01:12:40.686 [info] > git rev-parse --path-format=relative --show-toplevel [3ms]
2025-05-29 01:12:40.693 [info] > git rev-parse --show-toplevel [3ms]
2025-05-29 01:12:40.699 [info] > git rev-parse --path-format=relative --show-toplevel [3ms]
2025-05-29 01:12:40.705 [info] > git rev-parse --show-toplevel [3ms]
2025-05-29 01:12:40.711 [info] > git rev-parse --path-format=relative --show-toplevel [4ms]
2025-05-29 01:12:40.717 [info] > git rev-parse --show-toplevel [3ms]
2025-05-29 01:12:40.723 [info] > git rev-parse --path-format=relative --show-toplevel [3ms]
2025-05-29 01:12:40.730 [info] > git rev-parse --show-toplevel [3ms]
2025-05-29 01:12:40.736 [info] > git rev-parse --path-format=relative --show-toplevel [3ms]
2025-05-29 01:12:42.177 [info] > git log --format=%H%n%aN%n%aE%n%at%n%ct%n%P%n%D%n%B -z --shortstat --diff-merges=first-parent -n50 --skip=0 --topo-order --decorate=full --stdin [15ms]
2025-05-29 01:16:36.653 [info] > git add -A -- . [54ms]
2025-05-29 01:16:36.716 [info] > git -c user.useConfigOnly=true commit --quiet --allow-empty-message --file - [60ms]
2025-05-29 01:16:36.723 [info] > git config --get commit.template [3ms]
2025-05-29 01:16:36.731 [info] > git config --get commit.template [5ms]
2025-05-29 01:16:36.742 [info] > git for-each-ref --format=%(refname)%00%(upstream:short)%00%(objectname)%00%(upstream:track)%00%(upstream:remotename)%00%(upstream:remoteref) refs/heads/main refs/remotes/main [12ms]
2025-05-29 01:16:36.744 [warning] [Git][revParse] Unable to read file: ENOENT: no such file or directory, open '/home/hwlee4/ICS45C/HW8/.git/refs/remotes/origin/main'
2025-05-29 01:16:36.748 [info] > git rev-parse refs/remotes/origin/main [4ms]
2025-05-29 01:16:36.762 [info] > git status -z -uall [11ms]
2025-05-29 01:16:36.762 [info] > git for-each-ref --sort -committerdate --format %(refname) %(objectname) %(*objectname) [8ms]
2025-05-29 01:16:36.779 [info] > git merge-base refs/heads/main refs/remotes/origin/main [9ms]
2025-05-29 01:16:36.787 [info] > git diff --name-status -z --diff-filter=ADMR 4fe5472826c1d8edf7ec4b40930ebba659ee4b50...refs/remotes/origin/main [5ms]
2025-05-29 01:16:36.845 [info] > git log --format=%H%n%aN%n%aE%n%at%n%ct%n%P%n%D%n%B -z --shortstat --diff-merges=first-parent -n50 --skip=0 --topo-order --decorate=full --stdin [23ms]
2025-05-29 01:16:36.883 [info] > git config --get commit.template [4ms]
2025-05-29 01:16:36.890 [info] > git for-each-ref --format=%(refname)%00%(upstream:short)%00%(objectname)%00%(upstream:track)%00%(upstream:remotename)%00%(upstream:remoteref) refs/heads/main refs/remotes/main [7ms]
2025-05-29 01:16:36.893 [warning] [Git][revParse] Unable to read file: ENOENT: no such file or directory, open '/home/hwlee4/ICS45C/HW8/.git/refs/remotes/origin/main'
2025-05-29 01:16:36.896 [info] > git rev-parse refs/remotes/origin/main [3ms]
2025-05-29 01:16:36.910 [info] > git status -z -uall [11ms]
2025-05-29 01:16:36.910 [info] > git for-each-ref --sort -committerdate --format %(refname) %(objectname) %(*objectname) [9ms]
2025-05-29 01:16:38.192 [info] > git ls-files --stage -- /home/hwlee4/ICS45C/HW8/src/process_numbers.cpp [5ms]
2025-05-29 01:16:38.201 [info] > git cat-file -s 28e321fb46c81654893701e8767c4bc1444ef645 [7ms]
2025-05-29 01:16:38.223 [info] > git show --textconv :src/process_numbers.cpp [7ms]
2025-05-29 01:16:45.380 [info] > git show --textconv :src/process_numbers.hpp [5ms]
2025-05-29 01:16:45.382 [info] > git ls-files --stage -- /home/hwlee4/ICS45C/HW8/src/process_numbers.hpp [4ms]
2025-05-29 01:16:45.392 [info] > git cat-file -s 0da0eb5cbe71edfed7ce8c8fd7c39fe177796663 [6ms]
2025-05-29 01:16:48.477 [info] > git show --textconv :src/mapset.cpp [6ms]
2025-05-29 01:16:48.478 [info] > git ls-files --stage -- /home/hwlee4/ICS45C/HW8/src/mapset.cpp [4ms]
2025-05-29 01:16:48.490 [info] > git cat-file -s e69de29bb2d1d6434b8b29ae775ad8c2e48c5391 [10ms]
2025-05-29 01:16:49.333 [info] > git show --textconv :src/mapset_main.cpp [6ms]
2025-05-29 01:16:49.335 [info] > git ls-files --stage -- /home/hwlee4/ICS45C/HW8/src/mapset_main.cpp [5ms]
2025-05-29 01:16:49.343 [info] > git cat-file -s e69de29bb2d1d6434b8b29ae775ad8c2e48c5391 [5ms]
2025-05-29 01:16:50.167 [info] > git show --textconv :src/mapset.hpp [6ms]
2025-05-29 01:16:50.167 [info] > git ls-files --stage -- /home/hwlee4/ICS45C/HW8/src/mapset.hpp [4ms]
2025-05-29 01:16:50.175 [info] > git cat-file -s e69de29bb2d1d6434b8b29ae775ad8c2e48c5391 [6ms]
2025-05-29 01:17:29.748 [info] > git config --get commit.template [3ms]
2025-05-29 01:17:29.757 [info] > git for-each-ref --format=%(refname)%00%(upstream:short)%00%(objectname)%00%(upstream:track)%00%(upstream:remotename)%00%(upstream:remoteref) refs/heads/main refs/remotes/main [8ms]
2025-05-29 01:17:29.759 [warning] [Git][revParse] Unable to read file: ENOENT: no such file or directory, open '/home/hwlee4/ICS45C/HW8/.git/refs/remotes/origin/main'
2025-05-29 01:17:29.762 [info] > git rev-parse refs/remotes/origin/main [3ms]
2025-05-29 01:17:29.775 [info] > git status -z -uall [10ms]
2025-05-29 01:17:29.775 [info] > git for-each-ref --sort -committerdate --format %(refname) %(objectname) %(*objectname) [8ms]
2025-05-29 01:17:40.466 [info] > git show --textconv :src/mapset_main.cpp [7ms]
2025-05-29 01:17:40.466 [info] > git ls-files --stage -- /home/hwlee4/ICS45C/HW8/src/mapset_main.cpp [4ms]
2025-05-29 01:17:40.475 [info] > git cat-file -s e69de29bb2d1d6434b8b29ae775ad8c2e48c5391 [5ms]
2025-05-29 01:17:43.206 [info] > git config --get commit.template [4ms]
2025-05-29 01:17:43.213 [info] > git for-each-ref --format=%(refname)%00%(upstream:short)%00%(objectname)%00%(upstream:track)%00%(upstream:remotename)%00%(upstream:remoteref) refs/heads/main refs/remotes/main [8ms]
2025-05-29 01:17:43.217 [warning] [Git][revParse] Unable to read file: ENOENT: no such file or directory, open '/home/hwlee4/ICS45C/HW8/.git/refs/remotes/origin/main'
2025-05-29 01:17:43.220 [info] > git rev-parse refs/remotes/origin/main [3ms]
2025-05-29 01:17:43.235 [info] > git for-each-ref --sort -committerdate --format %(refname) %(objectname) %(*objectname) [8ms]
2025-05-29 01:17:43.241 [info] > git status -z -uall [18ms]
2025-05-29 01:17:45.961 [info] > git show --textconv :src/mapset.hpp [5ms]
2025-05-29 01:17:45.964 [info] > git ls-files --stage -- /home/hwlee4/ICS45C/HW8/src/mapset.hpp [5ms]
2025-05-29 01:17:45.973 [info] > git cat-file -s e69de29bb2d1d6434b8b29ae775ad8c2e48c5391 [6ms]
2025-05-29 01:17:48.252 [info] > git config --get commit.template [4ms]
2025-05-29 01:17:48.260 [info] > git for-each-ref --format=%(refname)%00%(upstream:short)%00%(objectname)%00%(upstream:track)%00%(upstream:remotename)%00%(upstream:remoteref) refs/heads/main refs/remotes/main [8ms]
2025-05-29 01:17:48.263 [warning] [Git][revParse] Unable to read file: ENOENT: no such file or directory, open '/home/hwlee4/ICS45C/HW8/.git/refs/remotes/origin/main'
2025-05-29 01:17:48.267 [info] > git rev-parse refs/remotes/origin/main [3ms]
2025-05-29 01:17:48.280 [info] > git status -z -uall [11ms]
2025-05-29 01:17:48.280 [info] > git for-each-ref --sort -committerdate --format %(refname) %(objectname) %(*objectname) [7ms]
2025-05-29 01:18:05.651 [info] > git config --get commit.template [4ms]
2025-05-29 01:18:05.658 [info] > git for-each-ref --format=%(refname)%00%(upstream:short)%00%(objectname)%00%(upstream:track)%00%(upstream:remotename)%00%(upstream:remoteref) refs/heads/main refs/remotes/main [8ms]
2025-05-29 01:18:05.661 [warning] [Git][revParse] Unable to read file: ENOENT: no such file or directory, open '/home/hwlee4/ICS45C/HW8/.git/refs/remotes/origin/main'
2025-05-29 01:18:05.665 [info] > git rev-parse refs/remotes/origin/main [4ms]
2025-05-29 01:18:05.678 [info] > git status -z -uall [10ms]
2025-05-29 01:18:05.679 [info] > git for-each-ref --sort -committerdate --format %(refname) %(objectname) %(*objectname) [8ms]
2025-05-29 01:18:07.614 [info] > git show --textconv :src/mapset_main.cpp [5ms]
2025-05-29 01:18:07.616 [info] > git ls-files --stage -- /home/hwlee4/ICS45C/HW8/src/mapset_main.cpp [4ms]
2025-05-29 01:18:07.624 [info] > git cat-file -s e69de29bb2d1d6434b8b29ae775ad8c2e48c5391 [5ms]
2025-05-29 01:18:09.705 [info] > git show --textconv :src/mapset.cpp [5ms]
2025-05-29 01:18:09.708 [info] > git ls-files --stage -- /home/hwlee4/ICS45C/HW8/src/mapset.cpp [5ms]
2025-05-29 01:18:09.716 [info] > git cat-file -s e69de29bb2d1d6434b8b29ae775ad8c2e48c5391 [6ms]
2025-05-29 01:18:18.393 [info] > git config --get commit.template [4ms]
2025-05-29 01:18:18.400 [info] > git for-each-ref --format=%(refname)%00%(upstream:short)%00%(objectname)%00%(upstream:track)%00%(upstream:remotename)%00%(upstream:remoteref) refs/heads/main refs/remotes/main [7ms]
2025-05-29 01:18:18.403 [warning] [Git][revParse] Unable to read file: ENOENT: no such file or directory, open '/home/hwlee4/ICS45C/HW8/.git/refs/remotes/origin/main'
2025-05-29 01:18:18.407 [info] > git rev-parse refs/remotes/origin/main [4ms]
2025-05-29 01:18:18.419 [info] > git status -z -uall [10ms]
2025-05-29 01:18:18.419 [info] > git for-each-ref --sort -committerdate --format %(refname) %(objectname) %(*objectname) [8ms]
2025-05-29 01:18:39.531 [info] > git config --get commit.template [4ms]
2025-05-29 01:18:39.539 [info] > git for-each-ref --format=%(refname)%00%(upstream:short)%00%(objectname)%00%(upstream:track)%00%(upstream:remotename)%00%(upstream:remoteref) refs/heads/main refs/remotes/main [8ms]
2025-05-29 01:18:39.542 [warning] [Git][revParse] Unable to read file: ENOENT: no such file or directory, open '/home/hwlee4/ICS45C/HW8/.git/refs/remotes/origin/main'
2025-05-29 01:18:39.546 [info] > git rev-parse refs/remotes/origin/main [4ms]
2025-05-29 01:18:39.557 [info] > git for-each-ref --sort -committerdate --format %(refname) %(objectname) %(*objectname) [7ms]
2025-05-29 01:18:39.559 [info] > git status -z -uall [11ms]
2025-05-29 01:18:44.569 [info] > git config --get commit.template [4ms]
2025-05-29 01:18:44.577 [info] > git for-each-ref --format=%(refname)%00%(upstream:short)%00%(objectname)%00%(upstream:track)%00%(upstream:remotename)%00%(upstream:remoteref) refs/heads/main refs/remotes/main [9ms]
2025-05-29 01:18:44.581 [warning] [Git][revParse] Unable to read file: ENOENT: no such file or directory, open '/home/hwlee4/ICS45C/HW8/.git/refs/remotes/origin/main'
2025-05-29 01:18:44.584 [info] > git rev-parse refs/remotes/origin/main [3ms]
2025-05-29 01:18:44.599 [info] > git for-each-ref --sort -committerdate --format %(refname) %(objectname) %(*objectname) [8ms]
2025-05-29 01:18:44.604 [info] > git status -z -uall [16ms]
2025-05-29 01:18:49.615 [info] > git config --get commit.template [4ms]
2025-05-29 01:18:49.623 [info] > git for-each-ref --format=%(refname)%00%(upstream:short)%00%(objectname)%00%(upstream:track)%00%(upstream:remotename)%00%(upstream:remoteref) refs/heads/main refs/remotes/main [8ms]
2025-05-29 01:18:49.626 [warning] [Git][revParse] Unable to read file: ENOENT: no such file or directory, open '/home/hwlee4/ICS45C/HW8/.git/refs/remotes/origin/main'
2025-05-29 01:18:49.629 [info] > git rev-parse refs/remotes/origin/main [3ms]
2025-05-29 01:18:49.643 [info] > git status -z -uall [11ms]
2025-05-29 01:18:49.643 [info] > git for-each-ref --sort -committerdate --format %(refname) %(objectname) %(*objectname) [8ms]
2025-05-29 01:24:29.840 [info] > git config --get commit.template [4ms]
2025-05-29 01:24:29.849 [info] > git for-each-ref --format=%(refname)%00%(upstream:short)%00%(objectname)%00%(upstream:track)%00%(upstream:remotename)%00%(upstream:remoteref) refs/heads/main refs/remotes/main [10ms]
2025-05-29 01:24:29.853 [warning] [Git][revParse] Unable to read file: ENOENT: no such file or directory, open '/home/hwlee4/ICS45C/HW8/.git/refs/remotes/origin/main'
2025-05-29 01:24:29.856 [info] > git rev-parse refs/remotes/origin/main [4ms]
2025-05-29 01:24:29.872 [info] > git for-each-ref --sort -committerdate --format %(refname) %(objectname) %(*objectname) [8ms]
2025-05-29 01:24:29.879 [info] > git status -z -uall [19ms]
