2025-05-01 04:09:31.761 [info] [main] Log level: Info
2025-05-01 04:09:31.761 [info] [main] Validating found git in: "git"
2025-05-01 04:09:31.761 [info] [main] Using git "2.43.0" from "git"
2025-05-01 04:09:31.761 [info] [Model][doInitialScan] Initial repository scan started
2025-05-01 04:09:31.761 [info] > git rev-parse --show-toplevel [4ms]
2025-05-01 04:09:31.762 [info] > git rev-parse --path-format=relative --show-toplevel [3ms]
2025-05-01 04:09:31.770 [info] > git rev-parse --show-toplevel [5ms]
2025-05-01 04:09:31.775 [info] > git rev-parse --path-format=relative --show-toplevel [3ms]
2025-05-01 04:09:31.783 [info] > git rev-parse --git-dir --git-common-dir [5ms]
2025-05-01 04:09:31.797 [info] [Model][openRepository] Opened repository: /home/hwlee4/ICS45C/HW4
2025-05-01 04:09:31.813 [info] > git config --get commit.template [4ms]
2025-05-01 04:09:31.813 [info] > git rev-parse --show-toplevel [9ms]
2025-05-01 04:09:31.820 [info] > git rev-parse --path-format=relative --show-toplevel [3ms]
2025-05-01 04:09:31.825 [info] > git for-each-ref --format=%(refname)%00%(upstream:short)%00%(objectname)%00%(upstream:track)%00%(upstream:remotename)%00%(upstream:remoteref) refs/heads/main refs/remotes/main [14ms]
2025-05-01 04:09:31.833 [info] > git rev-parse --git-dir --git-common-dir [10ms]
2025-05-01 04:09:31.837 [info] [Model][openRepository] Opened repository: /home/hwlee4/ICS45C/HW0
2025-05-01 04:09:31.844 [info] > git for-each-ref --sort -committerdate --format %(refname) %(objectname) %(*objectname) [12ms]
2025-05-01 04:09:31.849 [info] > git rev-parse --show-toplevel [8ms]
2025-05-01 04:09:31.852 [info] > git config --get commit.template [7ms]
2025-05-01 04:09:31.853 [info] > git status -z -uall [24ms]
2025-05-01 04:09:31.867 [info] > git rev-parse --path-format=relative --show-toplevel [16ms]
2025-05-01 04:09:31.872 [info] > git config --get commit.template [5ms]
2025-05-01 04:09:31.872 [info] > git for-each-ref --format=%(refname)%00%(upstream:short)%00%(objectname)%00%(upstream:track)%00%(upstream:remotename)%00%(upstream:remoteref) refs/heads/main refs/remotes/main [11ms]
2025-05-01 04:09:31.876 [info] > git for-each-ref --format=%(refname)%00%(upstream:short)%00%(objectname)%00%(upstream:track)%00%(upstream:remotename)%00%(upstream:remoteref) refs/heads/main refs/remotes/main [28ms]
2025-05-01 04:09:31.878 [info] > git rev-parse --git-dir --git-common-dir [8ms]
2025-05-01 04:09:31.884 [info] [Model][openRepository] Opened repository: /home/hwlee4/ICS45C/HW1
2025-05-01 04:09:31.885 [info] > git config --local branch.main.vscode-merge-base [9ms]
2025-05-01 04:09:31.909 [info] > git for-each-ref --format=%(refname)%00%(upstream:short)%00%(objectname)%00%(upstream:track)%00%(upstream:remotename)%00%(upstream:remoteref) refs/heads/origin/main refs/remotes/origin/main [21ms]
2025-05-01 04:09:31.914 [info] > git for-each-ref --format=%(refname)%00%(upstream:short)%00%(objectname)%00%(upstream:track)%00%(upstream:remotename)%00%(upstream:remoteref) refs/heads/main refs/remotes/main [36ms]
2025-05-01 04:09:31.915 [info] > git config --get commit.template [6ms]
2025-05-01 04:09:31.915 [info] > git rev-parse --show-toplevel [8ms]
2025-05-01 04:09:31.925 [info] > git merge-base refs/heads/main refs/remotes/origin/main [12ms]
2025-05-01 04:09:31.928 [info] > git rev-parse --path-format=relative --show-toplevel [11ms]
2025-05-01 04:09:31.939 [info] > git diff --name-status -z --diff-filter=ADMR f2a47528d7256617577a9b003cb0c59d65c3c5d4...refs/remotes/origin/main [11ms]
2025-05-01 04:09:31.939 [info] > git rev-parse --git-dir --git-common-dir [8ms]
2025-05-01 04:09:31.944 [info] [Model][openRepository] Opened repository: /home/hwlee4/ICS45C/HW2
2025-05-01 04:09:31.945 [info] > git for-each-ref --sort -committerdate --format %(refname) %(objectname) %(*objectname) [23ms]
2025-05-01 04:09:31.948 [info] > git status -z -uall [29ms]
2025-05-01 04:09:31.948 [info] > git status -z -uall [14ms]
2025-05-01 04:09:31.963 [info] > git rev-parse --show-toplevel [15ms]
2025-05-01 04:09:31.965 [info] > git for-each-ref --format=%(refname)%00%(upstream:short)%00%(objectname)%00%(upstream:track)%00%(upstream:remotename)%00%(upstream:remoteref) refs/heads/main refs/remotes/main [40ms]
2025-05-01 04:09:31.965 [info] > git for-each-ref --sort -committerdate --format %(refname) %(objectname) %(*objectname) [27ms]
2025-05-01 04:09:31.969 [info] > git rev-parse --path-format=relative --show-toplevel [4ms]
2025-05-01 04:09:31.969 [info] > git config --get commit.template [7ms]
2025-05-01 04:09:31.969 [info] > git config --get commit.template [9ms]
2025-05-01 04:09:31.969 [info] > git for-each-ref --format=%(refname)%00%(upstream:short)%00%(objectname)%00%(upstream:track)%00%(upstream:remotename)%00%(upstream:remoteref) refs/heads/main refs/remotes/main [14ms]
2025-05-01 04:09:31.978 [info] > git config --local branch.main.vscode-merge-base [6ms]
2025-05-01 04:09:31.986 [info] > git rev-parse --git-dir --git-common-dir [10ms]
2025-05-01 04:09:31.990 [info] [Model][openRepository] Opened repository: /home/hwlee4/ICS45C/HW3
2025-05-01 04:09:31.995 [info] [Model][doInitialScan] Initial repository scan completed - repositories (5), closed repositories (0), parent repositories (1), unsafe repositories (0)
2025-05-01 04:09:31.999 [info] > git for-each-ref --format=%(refname)%00%(upstream:short)%00%(objectname)%00%(upstream:track)%00%(upstream:remotename)%00%(upstream:remoteref) refs/heads/main refs/remotes/main [25ms]
2025-05-01 04:09:31.999 [info] > git for-each-ref --format=%(refname)%00%(upstream:short)%00%(objectname)%00%(upstream:track)%00%(upstream:remotename)%00%(upstream:remoteref) refs/heads/origin/main refs/remotes/origin/main [18ms]
2025-05-01 04:09:32.002 [info] > git for-each-ref --format=%(refname)%00%(upstream:short)%00%(objectname)%00%(upstream:track)%00%(upstream:remotename)%00%(upstream:remoteref) refs/heads/main refs/remotes/main [24ms]
2025-05-01 04:09:32.003 [info] > git config --get commit.template [5ms]
2025-05-01 04:09:32.003 [info] > git for-each-ref --sort -committerdate --format %(refname) %(objectname) %(*objectname) [17ms]
2025-05-01 04:09:32.019 [info] > git status -z -uall [36ms]
2025-05-01 04:09:32.026 [info] > git merge-base refs/heads/main refs/remotes/origin/main [24ms]
2025-05-01 04:09:32.032 [info] > git status -z -uall [18ms]
2025-05-01 04:09:32.033 [info] > git for-each-ref --sort -committerdate --format %(refname) %(objectname) %(*objectname) [16ms]
2025-05-01 04:09:32.037 [info] > git for-each-ref --sort -committerdate --format %(refname) %(objectname) %(*objectname) [26ms]
2025-05-01 04:09:32.039 [info] > git status -z -uall [30ms]
2025-05-01 04:09:32.039 [info] > git config --get commit.template [7ms]
2025-05-01 04:09:32.039 [info] > git diff --name-status -z --diff-filter=ADMR 2de1186af8d356e9b3e6443d56764a6c359645dc...refs/remotes/origin/main [10ms]
2025-05-01 04:09:32.045 [info] > git for-each-ref --format=%(refname)%00%(upstream:short)%00%(objectname)%00%(upstream:track)%00%(upstream:remotename)%00%(upstream:remoteref) refs/heads/main refs/remotes/main [20ms]
2025-05-01 04:09:32.048 [info] > git for-each-ref --format=%(refname)%00%(upstream:short)%00%(objectname)%00%(upstream:track)%00%(upstream:remotename)%00%(upstream:remoteref) refs/heads/main refs/remotes/main [42ms]
2025-05-01 04:09:32.051 [info] > git merge-base refs/heads/main refs/remotes/origin/main [15ms]
2025-05-01 04:09:32.058 [info] > git config --get commit.template [7ms]
2025-05-01 04:09:32.058 [info] > git for-each-ref --format=%(refname)%00%(upstream:short)%00%(objectname)%00%(upstream:track)%00%(upstream:remotename)%00%(upstream:remoteref) refs/heads/main refs/remotes/main [14ms]
2025-05-01 04:09:32.061 [info] > git config --local branch.main.vscode-merge-base [14ms]
2025-05-01 04:09:32.065 [info] > git config --local branch.main.vscode-merge-base [4ms]
2025-05-01 04:09:32.068 [info] > git diff --name-status -z --diff-filter=ADMR 2de1186af8d356e9b3e6443d56764a6c359645dc...refs/remotes/origin/main [13ms]
2025-05-01 04:09:32.073 [info] > git for-each-ref --format=%(refname)%00%(upstream:short)%00%(objectname)%00%(upstream:track)%00%(upstream:remotename)%00%(upstream:remoteref) refs/heads/main refs/remotes/main [16ms]
2025-05-01 04:09:32.080 [info] > git for-each-ref --format=%(refname)%00%(upstream:short)%00%(objectname)%00%(upstream:track)%00%(upstream:remotename)%00%(upstream:remoteref) refs/heads/origin/main refs/remotes/origin/main [13ms]
2025-05-01 04:09:32.083 [info] > git for-each-ref --format=%(refname)%00%(upstream:short)%00%(objectname)%00%(upstream:track)%00%(upstream:remotename)%00%(upstream:remoteref) refs/heads/origin/main refs/remotes/origin/main [19ms]
2025-05-01 04:09:32.086 [info] > git for-each-ref --format=%(refname)%00%(upstream:short)%00%(objectname)%00%(upstream:track)%00%(upstream:remotename)%00%(upstream:remoteref) refs/heads/main refs/remotes/main [14ms]
2025-05-01 04:09:32.105 [info] > git status -z -uall [29ms]
2025-05-01 04:09:32.105 [info] > git merge-base refs/heads/main refs/remotes/origin/main [20ms]
2025-05-01 04:09:32.108 [info] > git merge-base refs/heads/main refs/remotes/origin/main [25ms]
2025-05-01 04:09:32.111 [info] > git for-each-ref --sort -committerdate --format %(refname) %(objectname) %(*objectname) [32ms]
2025-05-01 04:09:32.113 [info] > git status -z -uall [14ms]
2025-05-01 04:09:32.113 [info] > git rev-parse --show-toplevel [8ms]
2025-05-01 04:09:32.115 [info] > git for-each-ref --sort -committerdate --format %(refname) %(objectname) %(*objectname) [13ms]
2025-05-01 04:09:32.132 [info] > git merge-base refs/heads/main refs/remotes/origin/main [13ms]
2025-05-01 04:09:32.134 [info] > git rev-parse --path-format=relative --show-toplevel [19ms]
2025-05-01 04:09:32.135 [info] > git diff --name-status -z --diff-filter=ADMR 6e366bc68f599c93d5b2306a1622b19a83ab6690...refs/remotes/origin/main [24ms]
2025-05-01 04:09:32.135 [info] > git diff --name-status -z --diff-filter=ADMR 1d941fbc59bc10f4d013441e18a8b73cc72449ad...refs/remotes/origin/main [27ms]
2025-05-01 04:09:32.142 [info] > git config --get commit.template [11ms]
2025-05-01 04:09:32.142 [info] > git for-each-ref --format=%(refname)%00%(upstream:short)%00%(objectname)%00%(upstream:track)%00%(upstream:remotename)%00%(upstream:remoteref) refs/heads/main refs/remotes/main [16ms]
2025-05-01 04:09:32.145 [info] > git diff --name-status -z --diff-filter=ADMR 1d941fbc59bc10f4d013441e18a8b73cc72449ad...refs/remotes/origin/main [11ms]
2025-05-01 04:09:32.149 [info] > git status -z -uall [12ms]
2025-05-01 04:09:32.149 [info] > git for-each-ref --sort -committerdate --format %(refname) %(objectname) %(*objectname) [9ms]
2025-05-01 04:09:32.151 [info] > git config --local branch.main.vscode-merge-base [6ms]
2025-05-01 04:09:32.156 [info] > git for-each-ref --format=%(refname)%00%(upstream:short)%00%(objectname)%00%(upstream:track)%00%(upstream:remotename)%00%(upstream:remoteref) refs/heads/main refs/remotes/main [8ms]
2025-05-01 04:09:32.163 [info] > git for-each-ref --format=%(refname)%00%(upstream:short)%00%(objectname)%00%(upstream:track)%00%(upstream:remotename)%00%(upstream:remoteref) refs/heads/origin/main refs/remotes/origin/main [9ms]
2025-05-01 04:09:32.170 [info] > git status -z -uall [11ms]
2025-05-01 04:09:32.170 [info] > git for-each-ref --sort -committerdate --format %(refname) %(objectname) %(*objectname) [8ms]
2025-05-01 04:09:32.179 [info] > git merge-base refs/heads/main refs/remotes/origin/main [13ms]
2025-05-01 04:09:32.189 [info] > git merge-base refs/heads/main refs/remotes/origin/main [11ms]
2025-05-01 04:09:32.193 [info] > git diff --name-status -z --diff-filter=ADMR b82b13244c860b4b7663b453b8013197209cca25...refs/remotes/origin/main [12ms]
2025-05-01 04:09:32.197 [info] > git diff --name-status -z --diff-filter=ADMR b82b13244c860b4b7663b453b8013197209cca25...refs/remotes/origin/main [6ms]
2025-05-01 04:09:32.221 [info] > git rev-parse --show-toplevel [3ms]
2025-05-01 04:09:32.227 [info] > git rev-parse --path-format=relative --show-toplevel [4ms]
2025-05-01 04:09:32.474 [info] > git rev-parse --show-toplevel [4ms]
2025-05-01 04:09:32.480 [info] > git rev-parse --path-format=relative --show-toplevel [3ms]
2025-05-01 04:09:32.646 [info] > git log --format=%H%n%aN%n%aE%n%at%n%ct%n%P%n%D%n%B -z --shortstat --diff-merges=first-parent -n50 --skip=0 --topo-order --decorate=full --stdin [75ms]
2025-05-01 04:09:33.050 [info] > git ls-files --stage -- /home/hwlee4/ICS45C/HW4/src/string.hpp [4ms]
2025-05-01 04:09:33.053 [info] > git show --textconv :src/string.hpp [10ms]
2025-05-01 04:09:33.060 [info] > git cat-file -s d20259dcd00111658a540e26fc7e120d2bdf6476 [7ms]
2025-05-01 04:09:33.088 [info] > git check-ignore -v -z --stdin [5ms]
2025-05-01 04:09:38.465 [info] > git show --textconv :src/string.cpp [5ms]
2025-05-01 04:09:38.467 [info] > git ls-files --stage -- /home/hwlee4/ICS45C/HW4/src/string.cpp [4ms]
2025-05-01 04:09:38.477 [info] > git cat-file -s 111fd42dbdf434345b2e2ce0663628c357d7bbfb [8ms]
2025-05-01 04:09:42.615 [info] > git rev-parse --show-toplevel [2ms]
2025-05-01 04:09:42.622 [info] > git rev-parse --path-format=relative --show-toplevel [3ms]
2025-05-01 04:09:43.550 [info] > git rev-parse --show-toplevel [3ms]
2025-05-01 04:09:43.556 [info] > git rev-parse --path-format=relative --show-toplevel [3ms]
2025-05-01 04:09:52.509 [info] > git add -A -- . [27ms]
2025-05-01 04:09:52.584 [info] > git -c user.useConfigOnly=true commit --quiet --allow-empty-message --file - [71ms]
2025-05-01 04:09:52.591 [info] > git config --get commit.template [4ms]
2025-05-01 04:09:52.601 [info] > git config --get commit.template [5ms]
2025-05-01 04:09:52.613 [info] > git for-each-ref --format=%(refname)%00%(upstream:short)%00%(objectname)%00%(upstream:track)%00%(upstream:remotename)%00%(upstream:remoteref) refs/heads/main refs/remotes/main [13ms]
2025-05-01 04:09:52.628 [info] > git status -z -uall [11ms]
2025-05-01 04:09:52.629 [info] > git for-each-ref --sort -committerdate --format %(refname) %(objectname) %(*objectname) [8ms]
2025-05-01 04:09:52.644 [info] > git merge-base refs/heads/main refs/remotes/origin/main [7ms]
2025-05-01 04:09:52.654 [info] > git diff --name-status -z --diff-filter=ADMR f2a47528d7256617577a9b003cb0c59d65c3c5d4...refs/remotes/origin/main [7ms]
2025-05-01 04:09:52.977 [info] > git config --get commit.template [5ms]
2025-05-01 04:09:52.985 [info] > git for-each-ref --format=%(refname)%00%(upstream:short)%00%(objectname)%00%(upstream:track)%00%(upstream:remotename)%00%(upstream:remoteref) refs/heads/main refs/remotes/main [9ms]
2025-05-01 04:09:53.000 [info] > git status -z -uall [12ms]
2025-05-01 04:09:53.000 [info] > git for-each-ref --sort -committerdate --format %(refname) %(objectname) %(*objectname) [8ms]
2025-05-01 04:09:53.940 [info] > git log --oneline --cherry main...main@{upstream} -- [9ms]
2025-05-01 04:09:54.022 [info] > git ls-files --stage -- /home/hwlee4/ICS45C/HW4/src/string.hpp [3ms]
2025-05-01 04:09:54.025 [info] > git ls-files --stage -- /home/hwlee4/ICS45C/HW4/src/string.cpp [4ms]
2025-05-01 04:09:54.030 [info] > git cat-file -s d20259dcd00111658a540e26fc7e120d2bdf6476 [5ms]
2025-05-01 04:09:54.036 [info] > git cat-file -s 69ecbbcd89222a7c5d38bdc212f8534ac157d45f [9ms]
2025-05-01 04:09:54.111 [info] > git show --textconv :src/string.hpp [8ms]
2025-05-01 04:09:54.113 [info] > git show --textconv :src/string.cpp [7ms]
2025-05-01 04:09:55.108 [info] > git pull --tags origin main [1165ms]
2025-05-01 04:09:55.108 [info] From github.com:klefstad-teaching/ics-45c-hw4-hwlee4
 * branch            main       -> FETCH_HEAD
2025-05-01 04:09:56.340 [info] > git push origin main:main [1228ms]
2025-05-01 04:09:56.340 [info] To github.com:klefstad-teaching/ics-45c-hw4-hwlee4.git
   f2a4752..bc80f45  main -> main
2025-05-01 04:09:56.348 [info] > git config --get commit.template [4ms]
2025-05-01 04:09:56.355 [info] > git for-each-ref --format=%(refname)%00%(upstream:short)%00%(objectname)%00%(upstream:track)%00%(upstream:remotename)%00%(upstream:remoteref) refs/heads/main refs/remotes/main [8ms]
2025-05-01 04:09:56.371 [info] > git status -z -uall [11ms]
2025-05-01 04:09:56.372 [info] > git for-each-ref --sort -committerdate --format %(refname) %(objectname) %(*objectname) [9ms]
2025-05-01 04:09:56.386 [info] > git merge-base refs/heads/main refs/remotes/origin/main [7ms]
2025-05-01 04:09:56.395 [info] > git diff --name-status -z --diff-filter=ADMR bc80f453aeb89ab372c2ef7291aee266dd96422f...refs/remotes/origin/main [7ms]
2025-05-01 04:12:41.017 [info] > git config --get commit.template [3ms]
2025-05-01 04:12:41.026 [info] > git for-each-ref --format=%(refname)%00%(upstream:short)%00%(objectname)%00%(upstream:track)%00%(upstream:remotename)%00%(upstream:remoteref) refs/heads/main refs/remotes/main [9ms]
2025-05-01 04:12:41.040 [info] > git for-each-ref --sort -committerdate --format %(refname) %(objectname) %(*objectname) [8ms]
2025-05-01 04:12:41.045 [info] > git status -z -uall [16ms]
2025-05-01 04:12:41.068 [info] > git ls-files --stage -- /home/hwlee4/ICS45C/HW4/src/string.hpp [4ms]
2025-05-01 04:12:41.071 [info] > git ls-files --stage -- /home/hwlee4/ICS45C/HW4/src/string.cpp [4ms]
2025-05-01 04:12:41.076 [info] > git cat-file -s d20259dcd00111658a540e26fc7e120d2bdf6476 [5ms]
2025-05-01 04:12:41.078 [info] > git cat-file -s 69ecbbcd89222a7c5d38bdc212f8534ac157d45f [5ms]
2025-05-01 04:12:41.092 [info] > git show --textconv :src/string.hpp [6ms]
2025-05-01 04:12:41.097 [info] > git show --textconv :src/string.cpp [6ms]
2025-05-01 04:15:18.366 [info] > git config --get commit.template [4ms]
2025-05-01 04:15:18.376 [info] > git for-each-ref --format=%(refname)%00%(upstream:short)%00%(objectname)%00%(upstream:track)%00%(upstream:remotename)%00%(upstream:remoteref) refs/heads/main refs/remotes/main [11ms]
2025-05-01 04:15:18.390 [info] > git for-each-ref --sort -committerdate --format %(refname) %(objectname) %(*objectname) [9ms]
2025-05-01 04:15:18.396 [info] > git status -z -uall [17ms]
2025-05-01 04:15:23.410 [info] > git config --get commit.template [5ms]
2025-05-01 04:15:23.417 [info] > git for-each-ref --format=%(refname)%00%(upstream:short)%00%(objectname)%00%(upstream:track)%00%(upstream:remotename)%00%(upstream:remoteref) refs/heads/main refs/remotes/main [8ms]
2025-05-01 04:15:23.431 [info] > git status -z -uall [11ms]
2025-05-01 04:15:23.431 [info] > git for-each-ref --sort -committerdate --format %(refname) %(objectname) %(*objectname) [8ms]
2025-05-01 04:15:30.099 [info] > git config --get commit.template [4ms]
2025-05-01 04:15:30.105 [info] > git for-each-ref --format=%(refname)%00%(upstream:short)%00%(objectname)%00%(upstream:track)%00%(upstream:remotename)%00%(upstream:remoteref) refs/heads/main refs/remotes/main [7ms]
2025-05-01 04:15:30.119 [info] > git status -z -uall [11ms]
2025-05-01 04:15:30.120 [info] > git for-each-ref --sort -committerdate --format %(refname) %(objectname) %(*objectname) [8ms]
2025-05-01 04:15:36.294 [info] > git config --get commit.template [7ms]
2025-05-01 04:15:36.301 [info] > git for-each-ref --format=%(refname)%00%(upstream:short)%00%(objectname)%00%(upstream:track)%00%(upstream:remotename)%00%(upstream:remoteref) refs/heads/main refs/remotes/main [8ms]
2025-05-01 04:15:36.317 [info] > git status -z -uall [11ms]
2025-05-01 04:15:36.318 [info] > git for-each-ref --sort -committerdate --format %(refname) %(objectname) %(*objectname) [8ms]
2025-05-01 04:17:19.769 [info] > git config --get commit.template [4ms]
2025-05-01 04:17:19.776 [info] > git for-each-ref --format=%(refname)%00%(upstream:short)%00%(objectname)%00%(upstream:track)%00%(upstream:remotename)%00%(upstream:remoteref) refs/heads/main refs/remotes/main [9ms]
2025-05-01 04:17:19.790 [info] > git for-each-ref --sort -committerdate --format %(refname) %(objectname) %(*objectname) [8ms]
2025-05-01 04:17:19.796 [info] > git status -z -uall [17ms]
2025-05-01 04:17:29.416 [info] > git config --get commit.template [3ms]
2025-05-01 04:17:29.422 [info] > git for-each-ref --format=%(refname)%00%(upstream:short)%00%(objectname)%00%(upstream:track)%00%(upstream:remotename)%00%(upstream:remoteref) refs/heads/main refs/remotes/main [7ms]
2025-05-01 04:17:29.437 [info] > git status -z -uall [12ms]
2025-05-01 04:17:29.437 [info] > git for-each-ref --sort -committerdate --format %(refname) %(objectname) %(*objectname) [9ms]
2025-05-01 04:17:34.447 [info] > git config --get commit.template [4ms]
2025-05-01 04:17:34.453 [info] > git for-each-ref --format=%(refname)%00%(upstream:short)%00%(objectname)%00%(upstream:track)%00%(upstream:remotename)%00%(upstream:remoteref) refs/heads/main refs/remotes/main [6ms]
2025-05-01 04:17:34.466 [info] > git status -z -uall [11ms]
2025-05-01 04:17:34.466 [info] > git for-each-ref --sort -committerdate --format %(refname) %(objectname) %(*objectname) [8ms]
2025-05-01 04:17:39.475 [info] > git config --get commit.template [3ms]
2025-05-01 04:17:39.483 [info] > git for-each-ref --format=%(refname)%00%(upstream:short)%00%(objectname)%00%(upstream:track)%00%(upstream:remotename)%00%(upstream:remoteref) refs/heads/main refs/remotes/main [7ms]
2025-05-01 04:17:39.498 [info] > git status -z -uall [12ms]
2025-05-01 04:17:39.498 [info] > git for-each-ref --sort -committerdate --format %(refname) %(objectname) %(*objectname) [9ms]
2025-05-01 04:17:43.856 [info] > git add -A -- . [18ms]
2025-05-01 04:17:43.914 [info] > git -c user.useConfigOnly=true commit --quiet --allow-empty-message --file - [55ms]
2025-05-01 04:17:43.920 [info] > git config --get commit.template [3ms]
2025-05-01 04:17:43.928 [info] > git config --get commit.template [4ms]
2025-05-01 04:17:43.944 [info] > git for-each-ref --format=%(refname)%00%(upstream:short)%00%(objectname)%00%(upstream:track)%00%(upstream:remotename)%00%(upstream:remoteref) refs/heads/main refs/remotes/main [15ms]
2025-05-01 04:17:43.958 [info] > git status -z -uall [11ms]
2025-05-01 04:17:43.958 [info] > git for-each-ref --sort -committerdate --format %(refname) %(objectname) %(*objectname) [9ms]
2025-05-01 04:17:43.971 [info] > git merge-base refs/heads/main refs/remotes/origin/main [6ms]
2025-05-01 04:17:43.980 [info] > git diff --name-status -z --diff-filter=ADMR bc80f453aeb89ab372c2ef7291aee266dd96422f...refs/remotes/origin/main [6ms]
2025-05-01 04:17:44.162 [info] > git config --get commit.template [4ms]
2025-05-01 04:17:44.170 [info] > git for-each-ref --format=%(refname)%00%(upstream:short)%00%(objectname)%00%(upstream:track)%00%(upstream:remotename)%00%(upstream:remoteref) refs/heads/main refs/remotes/main [9ms]
2025-05-01 04:17:44.185 [info] > git status -z -uall [10ms]
2025-05-01 04:17:44.185 [info] > git for-each-ref --sort -committerdate --format %(refname) %(objectname) %(*objectname) [8ms]
2025-05-01 04:17:45.031 [info] > git log --oneline --cherry main...main@{upstream} -- [8ms]
2025-05-01 04:17:46.197 [info] > git pull --tags origin main [1164ms]
2025-05-01 04:17:46.197 [info] From github.com:klefstad-teaching/ics-45c-hw4-hwlee4
 * branch            main       -> FETCH_HEAD
2025-05-01 04:17:47.448 [info] > git push origin main:main [1248ms]
2025-05-01 04:17:47.448 [info] To github.com:klefstad-teaching/ics-45c-hw4-hwlee4.git
   bc80f45..1a85c7a  main -> main
2025-05-01 04:17:47.456 [info] > git config --get commit.template [4ms]
2025-05-01 04:17:47.464 [info] > git for-each-ref --format=%(refname)%00%(upstream:short)%00%(objectname)%00%(upstream:track)%00%(upstream:remotename)%00%(upstream:remoteref) refs/heads/main refs/remotes/main [8ms]
2025-05-01 04:17:47.479 [info] > git status -z -uall [11ms]
2025-05-01 04:17:47.481 [info] > git for-each-ref --sort -committerdate --format %(refname) %(objectname) %(*objectname) [9ms]
2025-05-01 04:17:47.495 [info] > git merge-base refs/heads/main refs/remotes/origin/main [6ms]
2025-05-01 04:17:47.506 [info] > git diff --name-status -z --diff-filter=ADMR 1a85c7a611cf093204f937b621a99366d8ff8003...refs/remotes/origin/main [6ms]
2025-05-01 04:17:47.520 [info] > git ls-files --stage -- /home/hwlee4/ICS45C/HW4/src/string.hpp [5ms]
2025-05-01 04:17:47.523 [info] > git ls-files --stage -- /home/hwlee4/ICS45C/HW4/src/string.cpp [5ms]
2025-05-01 04:17:47.528 [info] > git cat-file -s d20259dcd00111658a540e26fc7e120d2bdf6476 [5ms]
2025-05-01 04:17:47.533 [info] > git cat-file -s 97ad75cfe959c0aafc91824a572107e42247a9be [7ms]
2025-05-01 04:17:47.596 [info] > git show --textconv :src/string.hpp [6ms]
2025-05-01 04:17:47.599 [info] > git show --textconv :src/string.cpp [6ms]
2025-05-01 04:17:48.670 [info] > git config --get commit.template [4ms]
2025-05-01 04:17:48.677 [info] > git for-each-ref --format=%(refname)%00%(upstream:short)%00%(objectname)%00%(upstream:track)%00%(upstream:remotename)%00%(upstream:remoteref) refs/heads/main refs/remotes/main [7ms]
2025-05-01 04:17:48.691 [info] > git status -z -uall [10ms]
2025-05-01 04:17:48.692 [info] > git for-each-ref --sort -committerdate --format %(refname) %(objectname) %(*objectname) [8ms]
2025-05-01 04:17:48.789 [info] > git ls-files --stage -- /home/hwlee4/ICS45C/HW4/src/string.hpp [5ms]
2025-05-01 04:17:48.792 [info] > git ls-files --stage -- /home/hwlee4/ICS45C/HW4/src/string.cpp [4ms]
2025-05-01 04:17:48.797 [info] > git cat-file -s d20259dcd00111658a540e26fc7e120d2bdf6476 [6ms]
2025-05-01 04:17:48.800 [info] > git cat-file -s 97ad75cfe959c0aafc91824a572107e42247a9be [6ms]
2025-05-01 04:17:48.894 [info] > git show --textconv :src/string.hpp [6ms]
2025-05-01 04:17:48.898 [info] > git show --textconv :src/string.cpp [6ms]
2025-05-01 04:30:21.707 [info] > git config --get commit.template [3ms]
2025-05-01 04:30:21.717 [info] > git for-each-ref --format=%(refname)%00%(upstream:short)%00%(objectname)%00%(upstream:track)%00%(upstream:remotename)%00%(upstream:remoteref) refs/heads/main refs/remotes/main [10ms]
2025-05-01 04:30:21.732 [info] > git for-each-ref --sort -committerdate --format %(refname) %(objectname) %(*objectname) [9ms]
2025-05-01 04:30:21.736 [info] > git status -z -uall [17ms]
2025-05-01 04:30:51.712 [info] > git config --get commit.template [3ms]
2025-05-01 04:30:51.720 [info] > git for-each-ref --format=%(refname)%00%(upstream:short)%00%(objectname)%00%(upstream:track)%00%(upstream:remotename)%00%(upstream:remoteref) refs/heads/main refs/remotes/main [8ms]
2025-05-01 04:30:51.735 [info] > git status -z -uall [12ms]
2025-05-01 04:30:51.735 [info] > git for-each-ref --sort -committerdate --format %(refname) %(objectname) %(*objectname) [9ms]
2025-05-01 04:31:12.638 [info] > git config --get commit.template [4ms]
2025-05-01 04:31:12.645 [info] > git for-each-ref --format=%(refname)%00%(upstream:short)%00%(objectname)%00%(upstream:track)%00%(upstream:remotename)%00%(upstream:remoteref) refs/heads/main refs/remotes/main [7ms]
2025-05-01 04:31:12.659 [info] > git status -z -uall [11ms]
2025-05-01 04:31:12.659 [info] > git for-each-ref --sort -committerdate --format %(refname) %(objectname) %(*objectname) [7ms]
2025-05-01 04:31:58.389 [info] > git config --get commit.template [4ms]
2025-05-01 04:31:58.398 [info] > git for-each-ref --format=%(refname)%00%(upstream:short)%00%(objectname)%00%(upstream:track)%00%(upstream:remotename)%00%(upstream:remoteref) refs/heads/main refs/remotes/main [10ms]
2025-05-01 04:31:58.412 [info] > git for-each-ref --sort -committerdate --format %(refname) %(objectname) %(*objectname) [8ms]
2025-05-01 04:31:58.416 [info] > git status -z -uall [15ms]
2025-05-01 04:32:03.424 [info] > git config --get commit.template [4ms]
2025-05-01 04:32:03.431 [info] > git for-each-ref --format=%(refname)%00%(upstream:short)%00%(objectname)%00%(upstream:track)%00%(upstream:remotename)%00%(upstream:remoteref) refs/heads/main refs/remotes/main [8ms]
2025-05-01 04:32:03.445 [info] > git status -z -uall [11ms]
2025-05-01 04:32:03.445 [info] > git for-each-ref --sort -committerdate --format %(refname) %(objectname) %(*objectname) [9ms]
2025-05-01 04:32:15.237 [info] > git add -A -- . [18ms]
2025-05-01 04:32:15.296 [info] > git -c user.useConfigOnly=true commit --quiet --allow-empty-message --file - [57ms]
2025-05-01 04:32:15.303 [info] > git config --get commit.template [3ms]
2025-05-01 04:32:15.311 [info] > git config --get commit.template [4ms]
2025-05-01 04:32:15.324 [info] > git for-each-ref --format=%(refname)%00%(upstream:short)%00%(objectname)%00%(upstream:track)%00%(upstream:remotename)%00%(upstream:remoteref) refs/heads/main refs/remotes/main [13ms]
2025-05-01 04:32:15.338 [info] > git status -z -uall [11ms]
2025-05-01 04:32:15.338 [info] > git for-each-ref --sort -committerdate --format %(refname) %(objectname) %(*objectname) [8ms]
2025-05-01 04:32:15.351 [info] > git merge-base refs/heads/main refs/remotes/origin/main [6ms]
2025-05-01 04:32:15.361 [info] > git diff --name-status -z --diff-filter=ADMR 1a85c7a611cf093204f937b621a99366d8ff8003...refs/remotes/origin/main [6ms]
2025-05-01 04:32:15.466 [info] > git config --get commit.template [3ms]
2025-05-01 04:32:15.475 [info] > git for-each-ref --format=%(refname)%00%(upstream:short)%00%(objectname)%00%(upstream:track)%00%(upstream:remotename)%00%(upstream:remoteref) refs/heads/main refs/remotes/main [10ms]
2025-05-01 04:32:15.488 [info] > git status -z -uall [11ms]
2025-05-01 04:32:15.488 [info] > git for-each-ref --sort -committerdate --format %(refname) %(objectname) %(*objectname) [8ms]
2025-05-01 04:32:16.050 [info] > git log --oneline --cherry main...main@{upstream} -- [9ms]
2025-05-01 04:32:17.383 [info] > git pull --tags origin main [1330ms]
2025-05-01 04:32:17.383 [info] From github.com:klefstad-teaching/ics-45c-hw4-hwlee4
 * branch            main       -> FETCH_HEAD
2025-05-01 04:32:17.393 [info] > git ls-files --stage -- /home/hwlee4/ICS45C/HW4/src/string.hpp [4ms]
2025-05-01 04:32:17.395 [info] > git ls-files --stage -- /home/hwlee4/ICS45C/HW4/src/string.cpp [4ms]
2025-05-01 04:32:17.400 [info] > git cat-file -s d20259dcd00111658a540e26fc7e120d2bdf6476 [5ms]
2025-05-01 04:32:17.406 [info] > git cat-file -s 80a708d9548b5583c506705606b9bf77e418513f [8ms]
2025-05-01 04:32:17.459 [info] > git show --textconv :src/string.hpp [6ms]
2025-05-01 04:32:17.462 [info] > git show --textconv :src/string.cpp [6ms]
2025-05-01 04:32:18.652 [info] > git ls-files --stage -- /home/hwlee4/ICS45C/HW4/src/string.hpp [4ms]
2025-05-01 04:32:18.655 [info] > git ls-files --stage -- /home/hwlee4/ICS45C/HW4/src/string.cpp [5ms]
2025-05-01 04:32:18.660 [info] > git cat-file -s d20259dcd00111658a540e26fc7e120d2bdf6476 [6ms]
2025-05-01 04:32:18.663 [info] > git push origin main:main [1278ms]
2025-05-01 04:32:18.663 [info] To github.com:klefstad-teaching/ics-45c-hw4-hwlee4.git
   1a85c7a..1c3d502  main -> main
2025-05-01 04:32:18.663 [info] > git cat-file -s 80a708d9548b5583c506705606b9bf77e418513f [6ms]
2025-05-01 04:32:18.673 [info] > git config --get commit.template [5ms]
2025-05-01 04:32:18.677 [info] > git for-each-ref --format=%(refname)%00%(upstream:short)%00%(objectname)%00%(upstream:track)%00%(upstream:remotename)%00%(upstream:remoteref) refs/heads/main refs/remotes/main [8ms]
2025-05-01 04:32:18.683 [info] > git show --textconv :src/string.hpp [11ms]
2025-05-01 04:32:18.692 [info] > git status -z -uall [11ms]
2025-05-01 04:32:18.692 [info] > git for-each-ref --sort -committerdate --format %(refname) %(objectname) %(*objectname) [9ms]
2025-05-01 04:32:18.703 [info] > git show --textconv :src/string.cpp [16ms]
2025-05-01 04:32:18.708 [info] > git config --get commit.template [5ms]
2025-05-01 04:32:18.708 [info] > git merge-base refs/heads/main refs/remotes/origin/main [9ms]
2025-05-01 04:32:18.715 [info] > git for-each-ref --format=%(refname)%00%(upstream:short)%00%(objectname)%00%(upstream:track)%00%(upstream:remotename)%00%(upstream:remoteref) refs/heads/main refs/remotes/main [8ms]
2025-05-01 04:32:18.721 [info] > git diff --name-status -z --diff-filter=ADMR 1c3d502ad317d88645f86f6c3df4655cd3513b87...refs/remotes/origin/main [11ms]
2025-05-01 04:32:18.729 [info] > git status -z -uall [11ms]
2025-05-01 04:32:18.729 [info] > git for-each-ref --sort -committerdate --format %(refname) %(objectname) %(*objectname) [8ms]
2025-05-01 04:33:10.001 [info] > git config --get commit.template [3ms]
2025-05-01 04:33:10.009 [info] > git for-each-ref --format=%(refname)%00%(upstream:short)%00%(objectname)%00%(upstream:track)%00%(upstream:remotename)%00%(upstream:remoteref) refs/heads/main refs/remotes/main [9ms]
2025-05-01 04:33:10.023 [info] > git for-each-ref --sort -committerdate --format %(refname) %(objectname) %(*objectname) [8ms]
2025-05-01 04:33:10.027 [info] > git status -z -uall [15ms]
2025-05-01 04:33:10.048 [info] > git ls-files --stage -- /home/hwlee4/ICS45C/HW4/src/string.hpp [4ms]
2025-05-01 04:33:10.050 [info] > git ls-files --stage -- /home/hwlee4/ICS45C/HW4/src/string.cpp [4ms]
2025-05-01 04:33:10.055 [info] > git cat-file -s d20259dcd00111658a540e26fc7e120d2bdf6476 [5ms]
2025-05-01 04:33:10.058 [info] > git cat-file -s 80a708d9548b5583c506705606b9bf77e418513f [5ms]
2025-05-01 04:33:10.371 [info] > git show --textconv :src/string.hpp [6ms]
2025-05-01 04:33:10.373 [info] > git show --textconv :src/string.cpp [6ms]
2025-05-01 04:33:15.897 [info] > git config --get commit.template [3ms]
2025-05-01 04:33:15.904 [info] > git for-each-ref --format=%(refname)%00%(upstream:short)%00%(objectname)%00%(upstream:track)%00%(upstream:remotename)%00%(upstream:remoteref) refs/heads/main refs/remotes/main [8ms]
2025-05-01 04:33:15.919 [info] > git for-each-ref --sort -committerdate --format %(refname) %(objectname) %(*objectname) [9ms]
2025-05-01 04:33:15.919 [info] > git status -z -uall [12ms]
2025-05-01 04:33:20.930 [info] > git config --get commit.template [3ms]
2025-05-01 04:33:20.938 [info] > git for-each-ref --format=%(refname)%00%(upstream:short)%00%(objectname)%00%(upstream:track)%00%(upstream:remotename)%00%(upstream:remoteref) refs/heads/main refs/remotes/main [9ms]
2025-05-01 04:33:20.951 [info] > git status -z -uall [11ms]
2025-05-01 04:33:20.951 [info] > git for-each-ref --sort -committerdate --format %(refname) %(objectname) %(*objectname) [8ms]
2025-05-01 04:33:25.962 [info] > git config --get commit.template [4ms]
2025-05-01 04:33:25.969 [info] > git for-each-ref --format=%(refname)%00%(upstream:short)%00%(objectname)%00%(upstream:track)%00%(upstream:remotename)%00%(upstream:remoteref) refs/heads/main refs/remotes/main [8ms]
2025-05-01 04:33:25.983 [info] > git status -z -uall [10ms]
2025-05-01 04:33:25.984 [info] > git for-each-ref --sort -committerdate --format %(refname) %(objectname) %(*objectname) [8ms]
2025-05-01 04:33:25.999 [info] > git add -A -- . [17ms]
2025-05-01 04:33:26.056 [info] > git -c user.useConfigOnly=true commit --quiet --allow-empty-message --file - [54ms]
2025-05-01 04:33:26.063 [info] > git config --get commit.template [3ms]
2025-05-01 04:33:26.072 [info] > git config --get commit.template [4ms]
2025-05-01 04:33:26.086 [info] > git for-each-ref --format=%(refname)%00%(upstream:short)%00%(objectname)%00%(upstream:track)%00%(upstream:remotename)%00%(upstream:remoteref) refs/heads/main refs/remotes/main [14ms]
2025-05-01 04:33:26.101 [info] > git status -z -uall [11ms]
2025-05-01 04:33:26.101 [info] > git for-each-ref --sort -committerdate --format %(refname) %(objectname) %(*objectname) [8ms]
2025-05-01 04:33:26.115 [info] > git merge-base refs/heads/main refs/remotes/origin/main [6ms]
2025-05-01 04:33:26.125 [info] > git diff --name-status -z --diff-filter=ADMR 1c3d502ad317d88645f86f6c3df4655cd3513b87...refs/remotes/origin/main [7ms]
2025-05-01 04:33:26.317 [info] > git config --get commit.template [4ms]
2025-05-01 04:33:26.325 [info] > git for-each-ref --format=%(refname)%00%(upstream:short)%00%(objectname)%00%(upstream:track)%00%(upstream:remotename)%00%(upstream:remoteref) refs/heads/main refs/remotes/main [9ms]
2025-05-01 04:33:26.340 [info] > git status -z -uall [10ms]
2025-05-01 04:33:26.340 [info] > git for-each-ref --sort -committerdate --format %(refname) %(objectname) %(*objectname) [8ms]
2025-05-01 04:33:26.977 [info] > git log --oneline --cherry main...main@{upstream} -- [9ms]
2025-05-01 04:33:28.210 [info] > git ls-files --stage -- /home/hwlee4/ICS45C/HW4/src/string.hpp [4ms]
2025-05-01 04:33:28.214 [info] > git ls-files --stage -- /home/hwlee4/ICS45C/HW4/src/string.cpp [5ms]
2025-05-01 04:33:28.218 [info] > git cat-file -s d20259dcd00111658a540e26fc7e120d2bdf6476 [5ms]
2025-05-01 04:33:28.224 [info] > git cat-file -s 505c01a2a466c109e66f6acddd5c6492437ec93f [7ms]
2025-05-01 04:33:28.240 [info] > git show --textconv :src/string.hpp [6ms]
2025-05-01 04:33:28.246 [info] > git show --textconv :src/string.cpp [7ms]
2025-05-01 04:33:28.333 [info] > git pull --tags origin main [1353ms]
2025-05-01 04:33:28.333 [info] From github.com:klefstad-teaching/ics-45c-hw4-hwlee4
 * branch            main       -> FETCH_HEAD
2025-05-01 04:33:29.598 [info] > git ls-files --stage -- /home/hwlee4/ICS45C/HW4/src/string.hpp [4ms]
2025-05-01 04:33:29.601 [info] > git ls-files --stage -- /home/hwlee4/ICS45C/HW4/src/string.cpp [5ms]
2025-05-01 04:33:29.605 [info] > git cat-file -s d20259dcd00111658a540e26fc7e120d2bdf6476 [5ms]
2025-05-01 04:33:29.609 [info] > git cat-file -s 505c01a2a466c109e66f6acddd5c6492437ec93f [5ms]
2025-05-01 04:33:29.653 [info] > git push origin main:main [1317ms]
2025-05-01 04:33:29.653 [info] To github.com:klefstad-teaching/ics-45c-hw4-hwlee4.git
   1c3d502..4f28cae  main -> main
2025-05-01 04:33:29.659 [info] > git config --get commit.template [3ms]
2025-05-01 04:33:29.667 [info] > git for-each-ref --format=%(refname)%00%(upstream:short)%00%(objectname)%00%(upstream:track)%00%(upstream:remotename)%00%(upstream:remoteref) refs/heads/main refs/remotes/main [9ms]
2025-05-01 04:33:29.681 [info] > git status -z -uall [11ms]
2025-05-01 04:33:29.683 [info] > git for-each-ref --sort -committerdate --format %(refname) %(objectname) %(*objectname) [9ms]
2025-05-01 04:33:29.691 [info] > git show --textconv :src/string.hpp [14ms]
2025-05-01 04:33:29.691 [info] > git show --textconv :src/string.cpp [11ms]
2025-05-01 04:33:29.697 [info] > git merge-base refs/heads/main refs/remotes/origin/main [7ms]
2025-05-01 04:33:29.706 [info] > git diff --name-status -z --diff-filter=ADMR 4f28cae4b4a0548066d32b6b252a857ffc628cf1...refs/remotes/origin/main [7ms]
2025-05-01 04:34:12.703 [info] > git config --get commit.template [4ms]
2025-05-01 04:34:12.711 [info] > git for-each-ref --format=%(refname)%00%(upstream:short)%00%(objectname)%00%(upstream:track)%00%(upstream:remotename)%00%(upstream:remoteref) refs/heads/main refs/remotes/main [8ms]
2025-05-01 04:34:12.725 [info] > git for-each-ref --sort -committerdate --format %(refname) %(objectname) %(*objectname) [8ms]
2025-05-01 04:34:12.733 [info] > git status -z -uall [19ms]
2025-05-01 04:34:12.734 [info] > git ls-files --stage -- /home/hwlee4/ICS45C/HW4/src/string.hpp [4ms]
2025-05-01 04:34:12.737 [info] > git ls-files --stage -- /home/hwlee4/ICS45C/HW4/src/string.cpp [5ms]
2025-05-01 04:34:12.741 [info] > git cat-file -s d20259dcd00111658a540e26fc7e120d2bdf6476 [5ms]
2025-05-01 04:34:12.744 [info] > git cat-file -s 505c01a2a466c109e66f6acddd5c6492437ec93f [5ms]
2025-05-01 04:34:12.806 [info] > git show --textconv :src/string.hpp [8ms]
2025-05-01 04:34:12.808 [info] > git show --textconv :src/string.cpp [7ms]
2025-05-01 04:34:18.836 [info] > git config --get commit.template [3ms]
2025-05-01 04:34:18.843 [info] > git for-each-ref --format=%(refname)%00%(upstream:short)%00%(objectname)%00%(upstream:track)%00%(upstream:remotename)%00%(upstream:remoteref) refs/heads/main refs/remotes/main [8ms]
2025-05-01 04:34:18.858 [info] > git status -z -uall [11ms]
2025-05-01 04:34:18.858 [info] > git for-each-ref --sort -committerdate --format %(refname) %(objectname) %(*objectname) [8ms]
2025-05-01 04:34:23.869 [info] > git config --get commit.template [4ms]
2025-05-01 04:34:23.877 [info] > git for-each-ref --format=%(refname)%00%(upstream:short)%00%(objectname)%00%(upstream:track)%00%(upstream:remotename)%00%(upstream:remoteref) refs/heads/main refs/remotes/main [8ms]
2025-05-01 04:34:23.892 [info] > git for-each-ref --sort -committerdate --format %(refname) %(objectname) %(*objectname) [7ms]
2025-05-01 04:34:23.892 [info] > git status -z -uall [10ms]
2025-05-01 04:34:28.900 [info] > git config --get commit.template [3ms]
2025-05-01 04:34:28.907 [info] > git for-each-ref --format=%(refname)%00%(upstream:short)%00%(objectname)%00%(upstream:track)%00%(upstream:remotename)%00%(upstream:remoteref) refs/heads/main refs/remotes/main [8ms]
2025-05-01 04:34:28.920 [info] > git status -z -uall [11ms]
2025-05-01 04:34:28.920 [info] > git for-each-ref --sort -committerdate --format %(refname) %(objectname) %(*objectname) [8ms]
2025-05-01 04:34:31.968 [info] > git add -A -- . [11ms]
2025-05-01 04:34:32.015 [info] > git -c user.useConfigOnly=true commit --quiet --allow-empty-message --file - [44ms]
2025-05-01 04:34:32.021 [info] > git config --get commit.template [4ms]
2025-05-01 04:34:32.027 [info] > git config --get commit.template [3ms]
2025-05-01 04:34:32.040 [info] > git for-each-ref --format=%(refname)%00%(upstream:short)%00%(objectname)%00%(upstream:track)%00%(upstream:remotename)%00%(upstream:remoteref) refs/heads/main refs/remotes/main [14ms]
2025-05-01 04:34:32.054 [info] > git status -z -uall [10ms]
2025-05-01 04:34:32.054 [info] > git for-each-ref --sort -committerdate --format %(refname) %(objectname) %(*objectname) [9ms]
2025-05-01 04:34:32.065 [info] > git merge-base refs/heads/main refs/remotes/origin/main [6ms]
2025-05-01 04:34:32.074 [info] > git diff --name-status -z --diff-filter=ADMR 4f28cae4b4a0548066d32b6b252a857ffc628cf1...refs/remotes/origin/main [6ms]
2025-05-01 04:34:32.205 [info] > git config --get commit.template [3ms]
2025-05-01 04:34:32.214 [info] > git for-each-ref --format=%(refname)%00%(upstream:short)%00%(objectname)%00%(upstream:track)%00%(upstream:remotename)%00%(upstream:remoteref) refs/heads/main refs/remotes/main [10ms]
2025-05-01 04:34:32.228 [info] > git status -z -uall [11ms]
2025-05-01 04:34:32.228 [info] > git for-each-ref --sort -committerdate --format %(refname) %(objectname) %(*objectname) [7ms]
2025-05-01 04:34:32.793 [info] > git log --oneline --cherry main...main@{upstream} -- [9ms]
2025-05-01 04:34:34.036 [info] > git pull --tags origin main [1241ms]
2025-05-01 04:34:34.036 [info] From github.com:klefstad-teaching/ics-45c-hw4-hwlee4
 * branch            main       -> FETCH_HEAD
2025-05-01 04:34:34.140 [info] > git ls-files --stage -- /home/hwlee4/ICS45C/HW4/src/string.hpp [4ms]
2025-05-01 04:34:34.142 [info] > git ls-files --stage -- /home/hwlee4/ICS45C/HW4/src/string.cpp [4ms]
2025-05-01 04:34:34.147 [info] > git cat-file -s d20259dcd00111658a540e26fc7e120d2bdf6476 [5ms]
2025-05-01 04:34:34.149 [info] > git cat-file -s 97ad75cfe959c0aafc91824a572107e42247a9be [5ms]
2025-05-01 04:34:34.306 [info] > git show --textconv :src/string.hpp [6ms]
2025-05-01 04:34:34.308 [info] > git show --textconv :src/string.cpp [6ms]
2025-05-01 04:34:35.368 [info] > git push origin main:main [1330ms]
2025-05-01 04:34:35.368 [info] To github.com:klefstad-teaching/ics-45c-hw4-hwlee4.git
   4f28cae..941598b  main -> main
2025-05-01 04:34:35.375 [info] > git config --get commit.template [4ms]
2025-05-01 04:34:35.382 [info] > git for-each-ref --format=%(refname)%00%(upstream:short)%00%(objectname)%00%(upstream:track)%00%(upstream:remotename)%00%(upstream:remoteref) refs/heads/main refs/remotes/main [9ms]
2025-05-01 04:34:35.397 [info] > git status -z -uall [11ms]
2025-05-01 04:34:35.397 [info] > git for-each-ref --sort -committerdate --format %(refname) %(objectname) %(*objectname) [9ms]
2025-05-01 04:34:35.411 [info] > git config --get commit.template [3ms]
2025-05-01 04:34:35.411 [info] > git merge-base refs/heads/main refs/remotes/origin/main [7ms]
2025-05-01 04:34:35.418 [info] > git for-each-ref --format=%(refname)%00%(upstream:short)%00%(objectname)%00%(upstream:track)%00%(upstream:remotename)%00%(upstream:remoteref) refs/heads/main refs/remotes/main [8ms]
2025-05-01 04:34:35.424 [info] > git diff --name-status -z --diff-filter=ADMR 941598b477db37f454b7d999bb01a8a980ee618a...refs/remotes/origin/main [11ms]
2025-05-01 04:34:35.432 [info] > git status -z -uall [11ms]
2025-05-01 04:34:35.432 [info] > git for-each-ref --sort -committerdate --format %(refname) %(objectname) %(*objectname) [8ms]
2025-05-01 04:34:35.464 [info] > git ls-files --stage -- /home/hwlee4/ICS45C/HW4/src/string.hpp [5ms]
2025-05-01 04:34:35.466 [info] > git ls-files --stage -- /home/hwlee4/ICS45C/HW4/src/string.cpp [5ms]
2025-05-01 04:34:35.471 [info] > git cat-file -s d20259dcd00111658a540e26fc7e120d2bdf6476 [5ms]
2025-05-01 04:34:35.473 [info] > git cat-file -s 97ad75cfe959c0aafc91824a572107e42247a9be [5ms]
2025-05-01 04:34:35.667 [info] > git show --textconv :src/string.hpp [7ms]
2025-05-01 04:34:35.668 [info] > git show --textconv :src/string.cpp [6ms]
2025-05-01 04:35:46.108 [info] > git config --get commit.template [4ms]
2025-05-01 04:35:46.117 [info] > git for-each-ref --format=%(refname)%00%(upstream:short)%00%(objectname)%00%(upstream:track)%00%(upstream:remotename)%00%(upstream:remoteref) refs/heads/main refs/remotes/main [10ms]
2025-05-01 04:35:46.132 [info] > git for-each-ref --sort -committerdate --format %(refname) %(objectname) %(*objectname) [8ms]
2025-05-01 04:35:46.137 [info] > git status -z -uall [16ms]
2025-05-01 04:35:46.148 [info] > git ls-files --stage -- /home/hwlee4/ICS45C/HW4/src/string.hpp [4ms]
2025-05-01 04:35:46.151 [info] > git ls-files --stage -- /home/hwlee4/ICS45C/HW4/src/string.cpp [4ms]
2025-05-01 04:35:46.156 [info] > git cat-file -s d20259dcd00111658a540e26fc7e120d2bdf6476 [5ms]
2025-05-01 04:35:46.159 [info] > git cat-file -s 97ad75cfe959c0aafc91824a572107e42247a9be [5ms]
2025-05-01 04:35:46.239 [info] > git show --textconv :src/string.hpp [6ms]
2025-05-01 04:35:46.243 [info] > git show --textconv :src/string.cpp [6ms]
