2025-10-24 00:55:29.722 [info] Log level: Info
2025-10-24 00:55:29.722 [info] Validating found git in: "git"
2025-10-24 00:55:29.722 [info] Using git "2.34.1" from "git"
2025-10-24 00:55:29.722 [info] > git rev-parse --show-toplevel [6ms]
2025-10-24 00:55:29.722 [info] > git rev-parse --git-dir --git-common-dir [3ms]
2025-10-24 00:55:29.722 [info] Open repository: /home/hwlee4
2025-10-24 00:55:29.722 [info] > git rev-parse --show-toplevel [8ms]
2025-10-24 00:55:29.722 [info] No remotes found in the git config file.
2025-10-24 00:55:29.722 [info] > git config --get commit.template [12ms]
2025-10-24 00:55:29.723 [info] > git for-each-ref --format=%(refname)%00%(upstream:short)%00%(objectname)%00%(upstream:track)%00%(upstream:remotename)%00%(upstream:remoteref) refs/heads/master refs/remotes/master [48ms]
2025-10-24 00:55:29.736 [info] > git rev-parse --show-toplevel [53ms]
2025-10-24 00:55:29.756 [info] > git rev-parse --show-toplevel [15ms]
2025-10-24 00:55:29.766 [info] > git rev-parse --show-toplevel [5ms]
2025-10-24 00:55:29.776 [info] > git rev-parse --show-toplevel [5ms]
2025-10-24 00:55:29.787 [info] > git rev-parse --show-toplevel [5ms]
2025-10-24 00:55:29.797 [info] > git rev-parse --show-toplevel [5ms]
2025-10-24 00:55:29.808 [info] > git rev-parse --show-toplevel [5ms]
2025-10-24 00:55:29.818 [info] > git rev-parse --show-toplevel [5ms]
2025-10-24 00:55:29.828 [info] > git rev-parse --show-toplevel [5ms]
2025-10-24 00:55:29.840 [info] > git rev-parse --show-toplevel [5ms]
2025-10-24 00:55:29.850 [info] > git rev-parse --show-toplevel [5ms]
2025-10-24 00:55:29.860 [info] > git rev-parse --show-toplevel [5ms]
2025-10-24 00:55:29.871 [info] > git rev-parse --show-toplevel [5ms]
2025-10-24 00:55:29.880 [info] > git rev-parse --show-toplevel [4ms]
2025-10-24 00:55:29.890 [info] > git rev-parse --show-toplevel [5ms]
2025-10-24 00:55:30.029 [info] > git show --textconv :ics46/Lab2/ArrayLinkedList/include/ArrayList.tpp [15ms]
2025-10-24 00:55:30.035 [info] > git ls-files --stage -- /home/hwlee4/ics46/Lab2/ArrayLinkedList/include/ArrayList.tpp [10ms]
2025-10-24 00:55:30.416 [info] > git check-ignore -v -z --stdin [26ms]
2025-10-24 00:55:33.205 [info] > git status -z -uall [3473ms]
2025-10-24 00:55:33.232 [info] No remotes found in the git config file.
2025-10-24 00:55:33.233 [info] > git config --get commit.template [6ms]
2025-10-24 00:55:33.239 [info] > git for-each-ref --format=%(refname)%00%(upstream:short)%00%(objectname)%00%(upstream:track)%00%(upstream:remotename)%00%(upstream:remoteref) refs/heads/master refs/remotes/master [8ms]
2025-10-24 00:55:34.069 [info] > git check-ignore -v -z --stdin [13ms]
2025-10-24 00:55:34.740 [info] > git status -z -uall [1492ms]
2025-10-24 00:55:37.200 [info] No remotes found in the git config file.
2025-10-24 00:55:37.201 [info] > git config --get commit.template [11ms]
2025-10-24 00:55:37.208 [info] > git for-each-ref --format=%(refname)%00%(upstream:short)%00%(objectname)%00%(upstream:track)%00%(upstream:remotename)%00%(upstream:remoteref) refs/heads/master refs/remotes/master [8ms]
2025-10-24 00:55:38.486 [info] > git show --textconv :ics46/Lab2/ArrayLinkedList/src/ArrayListTimer.cpp [11ms]
2025-10-24 00:55:38.492 [info] > git ls-files --stage -- /home/hwlee4/ics46/Lab2/ArrayLinkedList/src/ArrayListTimer.cpp [7ms]
2025-10-24 00:55:38.733 [info] > git status -z -uall [1516ms]
2025-10-24 00:55:40.045 [info] > git show --textconv :ics46/Lab2/ArrayLinkedList/include/ArrayList.tpp [11ms]
2025-10-24 00:55:40.051 [info] > git ls-files --stage -- /home/hwlee4/ics46/Lab2/ArrayLinkedList/include/ArrayList.tpp [8ms]
2025-10-24 00:55:43.764 [info] No remotes found in the git config file.
2025-10-24 00:55:43.766 [info] > git config --get commit.template [11ms]
2025-10-24 00:55:43.771 [info] > git for-each-ref --format=%(refname)%00%(upstream:short)%00%(objectname)%00%(upstream:track)%00%(upstream:remotename)%00%(upstream:remoteref) refs/heads/master refs/remotes/master [8ms]
2025-10-24 00:55:45.362 [info] > git status -z -uall [1582ms]
2025-10-24 00:55:50.386 [info] No remotes found in the git config file.
2025-10-24 00:55:50.387 [info] > git config --get commit.template [9ms]
2025-10-24 00:55:50.393 [info] > git for-each-ref --format=%(refname)%00%(upstream:short)%00%(objectname)%00%(upstream:track)%00%(upstream:remotename)%00%(upstream:remoteref) refs/heads/master refs/remotes/master [7ms]
2025-10-24 00:55:51.574 [info] > git status -z -uall [1173ms]
2025-10-24 00:55:56.592 [info] No remotes found in the git config file.
2025-10-24 00:55:56.602 [info] > git config --get commit.template [10ms]
2025-10-24 00:55:56.608 [info] > git for-each-ref --format=%(refname)%00%(upstream:short)%00%(objectname)%00%(upstream:track)%00%(upstream:remotename)%00%(upstream:remoteref) refs/heads/master refs/remotes/master [8ms]
2025-10-24 00:55:58.192 [info] > git status -z -uall [1576ms]
2025-10-24 00:56:07.199 [info] No remotes found in the git config file.
2025-10-24 00:56:07.200 [info] > git config --get commit.template [10ms]
2025-10-24 00:56:07.206 [info] > git for-each-ref --format=%(refname)%00%(upstream:short)%00%(objectname)%00%(upstream:track)%00%(upstream:remotename)%00%(upstream:remoteref) refs/heads/master refs/remotes/master [7ms]
2025-10-24 00:56:08.472 [info] > git status -z -uall [1260ms]
2025-10-24 00:56:12.953 [info] > git show --textconv :ics46/Lab2/ArrayLinkedList/include/ArrayList.hpp [10ms]
2025-10-24 00:56:12.957 [info] > git ls-files --stage -- /home/hwlee4/ics46/Lab2/ArrayLinkedList/include/ArrayList.hpp [6ms]
2025-10-24 00:56:13.499 [info] No remotes found in the git config file.
2025-10-24 00:56:13.500 [info] > git config --get commit.template [11ms]
2025-10-24 00:56:13.507 [info] > git for-each-ref --format=%(refname)%00%(upstream:short)%00%(objectname)%00%(upstream:track)%00%(upstream:remotename)%00%(upstream:remoteref) refs/heads/master refs/remotes/master [9ms]
2025-10-24 00:56:14.641 [info] > git status -z -uall [1126ms]
2025-10-24 00:56:19.663 [info] No remotes found in the git config file.
2025-10-24 00:56:19.664 [info] > git config --get commit.template [8ms]
2025-10-24 00:56:19.670 [info] > git for-each-ref --format=%(refname)%00%(upstream:short)%00%(objectname)%00%(upstream:track)%00%(upstream:remotename)%00%(upstream:remoteref) refs/heads/master refs/remotes/master [8ms]
2025-10-24 00:56:20.885 [info] > git status -z -uall [1208ms]
2025-10-24 00:56:35.468 [info] No remotes found in the git config file.
2025-10-24 00:56:35.469 [info] > git config --get commit.template [9ms]
2025-10-24 00:56:35.475 [info] > git for-each-ref --format=%(refname)%00%(upstream:short)%00%(objectname)%00%(upstream:track)%00%(upstream:remotename)%00%(upstream:remoteref) refs/heads/master refs/remotes/master [7ms]
2025-10-24 00:56:37.109 [info] > git status -z -uall [1624ms]
2025-10-24 00:56:42.126 [info] No remotes found in the git config file.
2025-10-24 00:56:42.133 [info] > git config --get commit.template [8ms]
2025-10-24 00:56:42.139 [info] > git for-each-ref --format=%(refname)%00%(upstream:short)%00%(objectname)%00%(upstream:track)%00%(upstream:remotename)%00%(upstream:remoteref) refs/heads/master refs/remotes/master [7ms]
2025-10-24 00:56:43.308 [info] > git status -z -uall [1159ms]
2025-10-24 00:56:48.331 [info] No remotes found in the git config file.
2025-10-24 00:56:48.332 [info] > git config --get commit.template [8ms]
2025-10-24 00:56:48.338 [info] > git for-each-ref --format=%(refname)%00%(upstream:short)%00%(objectname)%00%(upstream:track)%00%(upstream:remotename)%00%(upstream:remoteref) refs/heads/master refs/remotes/master [7ms]
2025-10-24 00:56:49.487 [info] > git status -z -uall [1140ms]
2025-10-24 00:56:54.503 [info] No remotes found in the git config file.
2025-10-24 00:56:54.504 [info] > git config --get commit.template [5ms]
2025-10-24 00:56:54.510 [info] > git for-each-ref --format=%(refname)%00%(upstream:short)%00%(objectname)%00%(upstream:track)%00%(upstream:remotename)%00%(upstream:remoteref) refs/heads/master refs/remotes/master [7ms]
2025-10-24 00:56:55.679 [info] > git status -z -uall [1165ms]
2025-10-24 00:57:00.698 [info] > git config --get commit.template [7ms]
2025-10-24 00:57:00.698 [info] No remotes found in the git config file.
2025-10-24 00:57:00.704 [info] > git for-each-ref --format=%(refname)%00%(upstream:short)%00%(objectname)%00%(upstream:track)%00%(upstream:remotename)%00%(upstream:remoteref) refs/heads/master refs/remotes/master [7ms]
2025-10-24 00:57:01.906 [info] > git status -z -uall [1195ms]
2025-10-24 00:57:06.924 [info] No remotes found in the git config file.
2025-10-24 00:57:06.925 [info] > git config --get commit.template [6ms]
2025-10-24 00:57:06.931 [info] > git for-each-ref --format=%(refname)%00%(upstream:short)%00%(objectname)%00%(upstream:track)%00%(upstream:remotename)%00%(upstream:remoteref) refs/heads/master refs/remotes/master [7ms]
2025-10-24 00:57:08.138 [info] > git status -z -uall [1202ms]
2025-10-24 00:57:13.149 [info] No remotes found in the git config file.
2025-10-24 00:57:13.154 [info] > git config --get commit.template [5ms]
2025-10-24 00:57:13.160 [info] > git for-each-ref --format=%(refname)%00%(upstream:short)%00%(objectname)%00%(upstream:track)%00%(upstream:remotename)%00%(upstream:remoteref) refs/heads/master refs/remotes/master [7ms]
2025-10-24 00:57:14.381 [info] > git status -z -uall [1217ms]
2025-10-24 00:57:19.393 [info] No remotes found in the git config file.
2025-10-24 00:57:19.398 [info] > git config --get commit.template [6ms]
2025-10-24 00:57:19.405 [info] > git for-each-ref --format=%(refname)%00%(upstream:short)%00%(objectname)%00%(upstream:track)%00%(upstream:remotename)%00%(upstream:remoteref) refs/heads/master refs/remotes/master [8ms]
2025-10-24 00:57:20.641 [info] > git status -z -uall [1231ms]
2025-10-24 00:57:25.658 [info] No remotes found in the git config file.
2025-10-24 00:57:25.659 [info] > git config --get commit.template [6ms]
2025-10-24 00:57:25.665 [info] > git for-each-ref --format=%(refname)%00%(upstream:short)%00%(objectname)%00%(upstream:track)%00%(upstream:remotename)%00%(upstream:remoteref) refs/heads/master refs/remotes/master [7ms]
2025-10-24 00:57:27.272 [info] > git status -z -uall [1603ms]
2025-10-24 00:57:32.289 [info] No remotes found in the git config file.
2025-10-24 00:57:32.290 [info] > git config --get commit.template [6ms]
2025-10-24 00:57:32.297 [info] > git for-each-ref --format=%(refname)%00%(upstream:short)%00%(objectname)%00%(upstream:track)%00%(upstream:remotename)%00%(upstream:remoteref) refs/heads/master refs/remotes/master [7ms]
2025-10-24 00:57:33.462 [info] > git status -z -uall [1161ms]
2025-10-24 00:57:38.473 [info] No remotes found in the git config file.
2025-10-24 00:57:38.478 [info] > git config --get commit.template [6ms]
2025-10-24 00:57:38.484 [info] > git for-each-ref --format=%(refname)%00%(upstream:short)%00%(objectname)%00%(upstream:track)%00%(upstream:remotename)%00%(upstream:remoteref) refs/heads/master refs/remotes/master [6ms]
2025-10-24 00:57:39.657 [info] > git status -z -uall [1164ms]
2025-10-24 00:57:44.671 [info] No remotes found in the git config file.
2025-10-24 00:57:44.675 [info] > git config --get commit.template [5ms]
2025-10-24 00:57:44.682 [info] > git for-each-ref --format=%(refname)%00%(upstream:short)%00%(objectname)%00%(upstream:track)%00%(upstream:remotename)%00%(upstream:remoteref) refs/heads/master refs/remotes/master [7ms]
2025-10-24 00:57:45.815 [info] > git status -z -uall [1126ms]
2025-10-24 00:57:50.839 [info] No remotes found in the git config file.
2025-10-24 00:57:50.840 [info] > git config --get commit.template [10ms]
2025-10-24 00:57:50.847 [info] > git for-each-ref --format=%(refname)%00%(upstream:short)%00%(objectname)%00%(upstream:track)%00%(upstream:remotename)%00%(upstream:remoteref) refs/heads/master refs/remotes/master [8ms]
2025-10-24 00:57:51.995 [info] > git status -z -uall [1142ms]
2025-10-24 00:57:57.018 [info] No remotes found in the git config file.
2025-10-24 00:57:57.018 [info] > git config --get commit.template [9ms]
2025-10-24 00:57:57.024 [info] > git for-each-ref --format=%(refname)%00%(upstream:short)%00%(objectname)%00%(upstream:track)%00%(upstream:remotename)%00%(upstream:remoteref) refs/heads/master refs/remotes/master [7ms]
2025-10-24 00:57:58.203 [info] > git status -z -uall [1173ms]
2025-10-24 00:58:03.222 [info] No remotes found in the git config file.
2025-10-24 00:58:03.223 [info] > git config --get commit.template [6ms]
2025-10-24 00:58:03.228 [info] > git for-each-ref --format=%(refname)%00%(upstream:short)%00%(objectname)%00%(upstream:track)%00%(upstream:remotename)%00%(upstream:remoteref) refs/heads/master refs/remotes/master [6ms]
2025-10-24 00:58:04.410 [info] > git status -z -uall [1176ms]
2025-10-24 00:58:09.425 [info] No remotes found in the git config file.
2025-10-24 00:58:09.430 [info] > git config --get commit.template [6ms]
2025-10-24 00:58:09.437 [info] > git for-each-ref --format=%(refname)%00%(upstream:short)%00%(objectname)%00%(upstream:track)%00%(upstream:remotename)%00%(upstream:remoteref) refs/heads/master refs/remotes/master [7ms]
2025-10-24 00:58:10.594 [info] > git status -z -uall [1148ms]
2025-10-24 00:58:15.613 [info] No remotes found in the git config file.
2025-10-24 00:58:15.614 [info] > git config --get commit.template [6ms]
2025-10-24 00:58:15.621 [info] > git for-each-ref --format=%(refname)%00%(upstream:short)%00%(objectname)%00%(upstream:track)%00%(upstream:remotename)%00%(upstream:remoteref) refs/heads/master refs/remotes/master [8ms]
2025-10-24 00:58:16.881 [info] > git status -z -uall [1254ms]
2025-10-24 00:58:21.901 [info] No remotes found in the git config file.
2025-10-24 00:58:21.902 [info] > git config --get commit.template [8ms]
2025-10-24 00:58:21.910 [info] > git for-each-ref --format=%(refname)%00%(upstream:short)%00%(objectname)%00%(upstream:track)%00%(upstream:remotename)%00%(upstream:remoteref) refs/heads/master refs/remotes/master [8ms]
2025-10-24 00:58:23.099 [info] > git status -z -uall [1181ms]
2025-10-24 00:58:28.124 [info] No remotes found in the git config file.
2025-10-24 00:58:28.124 [info] > git config --get commit.template [6ms]
2025-10-24 00:58:28.130 [info] > git for-each-ref --format=%(refname)%00%(upstream:short)%00%(objectname)%00%(upstream:track)%00%(upstream:remotename)%00%(upstream:remoteref) refs/heads/master refs/remotes/master [7ms]
2025-10-24 00:58:29.768 [info] > git status -z -uall [1629ms]
2025-10-24 00:58:34.791 [info] No remotes found in the git config file.
2025-10-24 00:58:34.792 [info] > git config --get commit.template [8ms]
2025-10-24 00:58:34.798 [info] > git for-each-ref --format=%(refname)%00%(upstream:short)%00%(objectname)%00%(upstream:track)%00%(upstream:remotename)%00%(upstream:remoteref) refs/heads/master refs/remotes/master [7ms]
2025-10-24 00:58:35.993 [info] > git status -z -uall [1188ms]
2025-10-24 00:58:41.015 [info] No remotes found in the git config file.
2025-10-24 00:58:41.016 [info] > git config --get commit.template [9ms]
2025-10-24 00:58:41.023 [info] > git for-each-ref --format=%(refname)%00%(upstream:short)%00%(objectname)%00%(upstream:track)%00%(upstream:remotename)%00%(upstream:remoteref) refs/heads/master refs/remotes/master [7ms]
2025-10-24 00:58:42.228 [info] > git status -z -uall [1198ms]
