2025-04-05 03:45:15.490 [info] Log level: Info
2025-04-05 03:45:15.490 [info] Validating found git in: "git"
2025-04-05 03:45:15.490 [info] Using git "2.34.1" from "git"
2025-04-05 03:45:15.490 [info] > git rev-parse --show-toplevel [9ms]
2025-04-05 03:45:15.490 [info] > git rev-parse --path-format=relative --show-toplevel [6ms]
2025-04-05 03:45:15.506 [info] > git rev-parse --show-toplevel [7ms]
2025-04-05 03:45:15.514 [info] > git rev-parse --path-format=relative --show-toplevel [5ms]
2025-04-05 03:45:15.524 [info] > git rev-parse --git-dir --git-common-dir [5ms]
2025-04-05 03:45:15.551 [info] Open repository: /home/hwlee4/ICS45C/HW0
2025-04-05 03:45:15.576 [info] > git config --get commit.template [7ms]
2025-04-05 03:45:15.584 [info] > git for-each-ref --format=%(refname)%00%(upstream:short)%00%(objectname)%00%(upstream:track)%00%(upstream:remotename)%00%(upstream:remoteref) refs/heads/main refs/remotes/main [10ms]
2025-04-05 03:45:15.654 [warning] ENOENT: no such file or directory, open '/home/hwlee4/ICS45C/HW0/.git/refs/remotes/origin/main'
2025-04-05 03:45:15.661 [info] > git rev-parse refs/remotes/origin/main [8ms]
2025-04-05 03:45:15.730 [info] > git status -z -uall [64ms]
2025-04-05 03:45:15.758 [info] > git for-each-ref --format=%(refname)%00%(upstream:short)%00%(objectname)%00%(upstream:track)%00%(upstream:remotename)%00%(upstream:remoteref) refs/heads/main refs/remotes/main [19ms]
2025-04-05 03:45:15.765 [info] > git config --get commit.template [8ms]
2025-04-05 03:45:15.771 [info] > git config --local branch.main.vscode-merge-base [8ms]
2025-04-05 03:45:15.771 [warning] git config failed: Failed to execute git
2025-04-05 03:45:15.780 [info] > git for-each-ref --format=%(refname)%00%(upstream:short)%00%(objectname)%00%(upstream:track)%00%(upstream:remotename)%00%(upstream:remoteref) refs/heads/main refs/remotes/main [11ms]
2025-04-05 03:45:15.784 [warning] ENOENT: no such file or directory, open '/home/hwlee4/ICS45C/HW0/.git/refs/remotes/origin/main'
2025-04-05 03:45:15.787 [info] > git reflog main --grep-reflog=branch: Created from *. [12ms]
2025-04-05 03:45:15.792 [info] > git rev-parse refs/remotes/origin/main [8ms]
2025-04-05 03:45:15.797 [info] > git symbolic-ref --short refs/remotes/origin/HEAD [6ms]
2025-04-05 03:45:15.809 [info] > git for-each-ref --format=%(refname)%00%(upstream:short)%00%(objectname)%00%(upstream:track)%00%(upstream:remotename)%00%(upstream:remoteref) refs/heads/origin/main refs/remotes/origin/main [8ms]
2025-04-05 03:45:15.825 [info] > git config --local branch.main.vscode-merge-base origin/main [9ms]
2025-04-05 03:45:15.834 [info] > git status -z -uall [38ms] (cancelled)
2025-04-05 03:45:15.840 [info] > git config --get commit.template [7ms]
2025-04-05 03:45:15.848 [info] > git for-each-ref --format=%(refname)%00%(upstream:short)%00%(objectname)%00%(upstream:track)%00%(upstream:remotename)%00%(upstream:remoteref) refs/heads/main refs/remotes/main [9ms]
2025-04-05 03:45:15.852 [warning] ENOENT: no such file or directory, open '/home/hwlee4/ICS45C/HW0/.git/refs/remotes/origin/main'
2025-04-05 03:45:15.859 [info] > git rev-parse refs/remotes/origin/main [7ms]
2025-04-05 03:45:15.931 [info] > git status -z -uall [68ms]
2025-04-05 03:45:16.028 [info] > git merge-base refs/heads/main refs/remotes/origin/main [85ms]
2025-04-05 03:45:16.034 [info] > git for-each-ref --format=%(refname)%00%(upstream:short)%00%(objectname)%00%(upstream:track)%00%(upstream:remotename)%00%(upstream:remoteref) refs/heads/main refs/remotes/main [96ms]
2025-04-05 03:45:16.043 [info] > git config --local branch.main.vscode-merge-base [4ms]
2025-04-05 03:45:16.048 [info] > git rev-list --count --left-right refs/heads/main...refs/remotes/origin/main [15ms]
2025-04-05 03:45:16.057 [info] > git for-each-ref --format=%(refname)%00%(upstream:short)%00%(objectname)%00%(upstream:track)%00%(upstream:remotename)%00%(upstream:remoteref) refs/heads/origin/main refs/remotes/origin/main [9ms]
2025-04-05 03:45:16.064 [info] > git diff --name-status -z --diff-filter=ADMR 2e4a6e3f925779794e8a0ac6086bf436dc5267ed...refs/remotes/origin/main [11ms]
2025-04-05 03:45:16.218 [info] > git check-ignore -v -z --stdin [57ms]
2025-04-05 03:45:18.100 [info] > git rev-parse --show-toplevel [17ms]
2025-04-05 03:45:18.108 [info] > git rev-parse --path-format=relative --show-toplevel [5ms]
2025-04-05 03:45:18.183 [info] > git config --get commit.template [6ms]
2025-04-05 03:45:18.193 [info] > git for-each-ref --format=%(refname)%00%(upstream:short)%00%(objectname)%00%(upstream:track)%00%(upstream:remotename)%00%(upstream:remoteref) refs/heads/main refs/remotes/main [11ms]
2025-04-05 03:45:18.197 [warning] ENOENT: no such file or directory, open '/home/hwlee4/ICS45C/HW0/.git/refs/remotes/origin/main'
2025-04-05 03:45:18.202 [info] > git rev-parse refs/remotes/origin/main [5ms]
2025-04-05 03:45:18.253 [info] > git status -z -uall [47ms]
2025-04-05 03:45:18.270 [info] > git for-each-ref --format=%(refname)%00%(upstream:short)%00%(objectname)%00%(upstream:track)%00%(upstream:remotename)%00%(upstream:remoteref) refs/heads/main refs/remotes/main [12ms]
2025-04-05 03:45:18.279 [info] > git config --local branch.main.vscode-merge-base [5ms]
2025-04-05 03:45:18.292 [info] > git for-each-ref --format=%(refname)%00%(upstream:short)%00%(objectname)%00%(upstream:track)%00%(upstream:remotename)%00%(upstream:remoteref) refs/heads/origin/main refs/remotes/origin/main [9ms]
2025-04-05 03:46:08.195 [info] > git check-ignore -v -z --stdin [8ms]
2025-04-05 03:46:34.243 [info] > git check-ignore -v -z --stdin [7ms]
2025-04-05 03:46:36.200 [info] > git ls-files --stage -- /home/hwlee4/ICS45C/HW0/gtest/hw_gtests.cpp [5ms]
2025-04-05 03:46:36.204 [info] > git show --textconv :gtest/hw_gtests.cpp [15ms]
2025-04-05 03:46:36.214 [info] > git cat-file -s 0c6bb04b009a11ec1f672f6c2c39cbd8731c0324 [10ms]
2025-04-05 03:46:40.663 [info] > git check-ignore -v -z --stdin [7ms]
2025-04-05 03:47:03.231 [info] > git show --textconv :gtest/hw_gtests.cpp [8ms]
2025-04-05 03:47:03.233 [info] > git ls-files --stage -- /home/hwlee4/ICS45C/HW0/gtest/hw_gtests.cpp [6ms]
2025-04-05 03:47:03.244 [info] > git cat-file -s 0c6bb04b009a11ec1f672f6c2c39cbd8731c0324 [8ms]
2025-04-05 03:47:06.512 [info] > git show --textconv :gtest/test_targets.json [25ms]
2025-04-05 03:47:06.512 [info] > git ls-files --stage -- /home/hwlee4/ICS45C/HW0/gtest/test_targets.json [21ms]
2025-04-05 03:47:06.527 [info] > git cat-file -s a4aab37bc07c5a9b843ae397dc1bd375e46dde4d [11ms]
2025-04-05 03:47:07.959 [info] > git show --textconv :gtest/hw_gtests.cpp [9ms]
2025-04-05 03:47:07.961 [info] > git ls-files --stage -- /home/hwlee4/ICS45C/HW0/gtest/hw_gtests.cpp [7ms]
2025-04-05 03:47:07.974 [info] > git cat-file -s 0c6bb04b009a11ec1f672f6c2c39cbd8731c0324 [9ms]
2025-04-05 03:47:44.745 [info] > git show --textconv :main.cpp [7ms]
2025-04-05 03:47:44.750 [info] > git ls-files --stage -- /home/hwlee4/ICS45C/HW0/main.cpp [6ms]
2025-04-05 03:47:44.803 [info] > git check-ignore -v -z --stdin [8ms]
2025-04-05 03:47:45.312 [info] > git config --get commit.template [6ms]
2025-04-05 03:47:45.321 [info] > git for-each-ref --format=%(refname)%00%(upstream:short)%00%(objectname)%00%(upstream:track)%00%(upstream:remotename)%00%(upstream:remoteref) refs/heads/main refs/remotes/main [12ms]
2025-04-05 03:47:45.326 [warning] ENOENT: no such file or directory, open '/home/hwlee4/ICS45C/HW0/.git/refs/remotes/origin/main'
2025-04-05 03:47:45.331 [info] > git rev-parse refs/remotes/origin/main [6ms]
2025-04-05 03:47:45.389 [info] > git status -z -uall [54ms]
2025-04-05 03:47:45.407 [info] > git for-each-ref --format=%(refname)%00%(upstream:short)%00%(objectname)%00%(upstream:track)%00%(upstream:remotename)%00%(upstream:remoteref) refs/heads/main refs/remotes/main [11ms]
2025-04-05 03:47:45.418 [info] > git config --local branch.main.vscode-merge-base [4ms]
2025-04-05 03:47:45.432 [info] > git for-each-ref --format=%(refname)%00%(upstream:short)%00%(objectname)%00%(upstream:track)%00%(upstream:remotename)%00%(upstream:remoteref) refs/heads/origin/main refs/remotes/origin/main [10ms]
2025-04-05 03:48:20.268 [info] > git config --get commit.template [5ms]
2025-04-05 03:48:20.278 [info] > git for-each-ref --format=%(refname)%00%(upstream:short)%00%(objectname)%00%(upstream:track)%00%(upstream:remotename)%00%(upstream:remoteref) refs/heads/main refs/remotes/main [11ms]
2025-04-05 03:48:20.282 [warning] ENOENT: no such file or directory, open '/home/hwlee4/ICS45C/HW0/.git/refs/remotes/origin/main'
2025-04-05 03:48:20.287 [info] > git rev-parse refs/remotes/origin/main [5ms]
2025-04-05 03:48:20.342 [info] > git status -z -uall [50ms]
2025-04-05 03:48:20.358 [info] > git for-each-ref --format=%(refname)%00%(upstream:short)%00%(objectname)%00%(upstream:track)%00%(upstream:remotename)%00%(upstream:remoteref) refs/heads/main refs/remotes/main [10ms]
2025-04-05 03:48:20.367 [info] > git config --local branch.main.vscode-merge-base [4ms]
2025-04-05 03:48:20.380 [info] > git for-each-ref --format=%(refname)%00%(upstream:short)%00%(objectname)%00%(upstream:track)%00%(upstream:remotename)%00%(upstream:remoteref) refs/heads/origin/main refs/remotes/origin/main [9ms]
2025-04-05 03:48:25.363 [info] > git config --get commit.template [7ms]
2025-04-05 03:48:25.372 [info] > git for-each-ref --format=%(refname)%00%(upstream:short)%00%(objectname)%00%(upstream:track)%00%(upstream:remotename)%00%(upstream:remoteref) refs/heads/main refs/remotes/main [10ms]
2025-04-05 03:48:25.377 [warning] ENOENT: no such file or directory, open '/home/hwlee4/ICS45C/HW0/.git/refs/remotes/origin/main'
2025-04-05 03:48:25.382 [info] > git rev-parse refs/remotes/origin/main [6ms]
2025-04-05 03:48:25.432 [info] > git status -z -uall [47ms]
2025-04-05 03:48:25.450 [info] > git for-each-ref --format=%(refname)%00%(upstream:short)%00%(objectname)%00%(upstream:track)%00%(upstream:remotename)%00%(upstream:remoteref) refs/heads/main refs/remotes/main [12ms]
2025-04-05 03:48:25.459 [info] > git config --local branch.main.vscode-merge-base [5ms]
2025-04-05 03:48:25.472 [info] > git for-each-ref --format=%(refname)%00%(upstream:short)%00%(objectname)%00%(upstream:track)%00%(upstream:remotename)%00%(upstream:remoteref) refs/heads/origin/main refs/remotes/origin/main [9ms]
2025-04-05 03:48:35.008 [info] > git config --get commit.template [6ms]
2025-04-05 03:48:35.016 [info] > git for-each-ref --format=%(refname)%00%(upstream:short)%00%(objectname)%00%(upstream:track)%00%(upstream:remotename)%00%(upstream:remoteref) refs/heads/main refs/remotes/main [10ms]
2025-04-05 03:48:35.020 [warning] ENOENT: no such file or directory, open '/home/hwlee4/ICS45C/HW0/.git/refs/remotes/origin/main'
2025-04-05 03:48:35.026 [info] > git rev-parse refs/remotes/origin/main [5ms]
2025-04-05 03:48:35.075 [info] > git status -z -uall [46ms]
2025-04-05 03:48:35.093 [info] > git for-each-ref --format=%(refname)%00%(upstream:short)%00%(objectname)%00%(upstream:track)%00%(upstream:remotename)%00%(upstream:remoteref) refs/heads/main refs/remotes/main [11ms]
2025-04-05 03:48:35.102 [info] > git config --local branch.main.vscode-merge-base [4ms]
2025-04-05 03:48:35.115 [info] > git for-each-ref --format=%(refname)%00%(upstream:short)%00%(objectname)%00%(upstream:track)%00%(upstream:remotename)%00%(upstream:remoteref) refs/heads/origin/main refs/remotes/origin/main [9ms]
2025-04-05 03:48:40.352 [info] > git config --get commit.template [5ms]
2025-04-05 03:48:40.363 [info] > git for-each-ref --format=%(refname)%00%(upstream:short)%00%(objectname)%00%(upstream:track)%00%(upstream:remotename)%00%(upstream:remoteref) refs/heads/main refs/remotes/main [12ms]
2025-04-05 03:48:40.367 [warning] ENOENT: no such file or directory, open '/home/hwlee4/ICS45C/HW0/.git/refs/remotes/origin/main'
2025-04-05 03:48:40.372 [info] > git rev-parse refs/remotes/origin/main [5ms]
2025-04-05 03:48:40.424 [info] > git status -z -uall [48ms]
2025-04-05 03:48:40.442 [info] > git for-each-ref --format=%(refname)%00%(upstream:short)%00%(objectname)%00%(upstream:track)%00%(upstream:remotename)%00%(upstream:remoteref) refs/heads/main refs/remotes/main [11ms]
2025-04-05 03:48:40.451 [info] > git config --local branch.main.vscode-merge-base [5ms]
2025-04-05 03:48:40.463 [info] > git for-each-ref --format=%(refname)%00%(upstream:short)%00%(objectname)%00%(upstream:track)%00%(upstream:remotename)%00%(upstream:remoteref) refs/heads/origin/main refs/remotes/origin/main [8ms]
2025-04-05 03:48:47.764 [info] > git config --get commit.template [6ms]
2025-04-05 03:48:47.774 [info] > git for-each-ref --format=%(refname)%00%(upstream:short)%00%(objectname)%00%(upstream:track)%00%(upstream:remotename)%00%(upstream:remoteref) refs/heads/main refs/remotes/main [10ms]
2025-04-05 03:48:47.778 [warning] ENOENT: no such file or directory, open '/home/hwlee4/ICS45C/HW0/.git/refs/remotes/origin/main'
2025-04-05 03:48:47.784 [info] > git rev-parse refs/remotes/origin/main [5ms]
2025-04-05 03:48:47.835 [info] > git status -z -uall [47ms]
2025-04-05 03:48:47.852 [info] > git for-each-ref --format=%(refname)%00%(upstream:short)%00%(objectname)%00%(upstream:track)%00%(upstream:remotename)%00%(upstream:remoteref) refs/heads/main refs/remotes/main [11ms]
2025-04-05 03:48:47.861 [info] > git config --local branch.main.vscode-merge-base [5ms]
2025-04-05 03:48:47.874 [info] > git for-each-ref --format=%(refname)%00%(upstream:short)%00%(objectname)%00%(upstream:track)%00%(upstream:remotename)%00%(upstream:remoteref) refs/heads/origin/main refs/remotes/origin/main [8ms]
2025-04-05 03:48:52.856 [info] > git config --get commit.template [5ms]
2025-04-05 03:48:52.866 [info] > git for-each-ref --format=%(refname)%00%(upstream:short)%00%(objectname)%00%(upstream:track)%00%(upstream:remotename)%00%(upstream:remoteref) refs/heads/main refs/remotes/main [11ms]
2025-04-05 03:48:52.870 [warning] ENOENT: no such file or directory, open '/home/hwlee4/ICS45C/HW0/.git/refs/remotes/origin/main'
2025-04-05 03:48:52.875 [info] > git rev-parse refs/remotes/origin/main [5ms]
2025-04-05 03:48:52.926 [info] > git status -z -uall [47ms]
2025-04-05 03:48:52.942 [info] > git for-each-ref --format=%(refname)%00%(upstream:short)%00%(objectname)%00%(upstream:track)%00%(upstream:remotename)%00%(upstream:remoteref) refs/heads/main refs/remotes/main [10ms]
2025-04-05 03:48:52.951 [info] > git config --local branch.main.vscode-merge-base [5ms]
2025-04-05 03:48:52.964 [info] > git for-each-ref --format=%(refname)%00%(upstream:short)%00%(objectname)%00%(upstream:track)%00%(upstream:remotename)%00%(upstream:remoteref) refs/heads/origin/main refs/remotes/origin/main [8ms]
2025-04-05 03:48:58.448 [info] > git config --get commit.template [5ms]
2025-04-05 03:48:58.458 [info] > git for-each-ref --format=%(refname)%00%(upstream:short)%00%(objectname)%00%(upstream:track)%00%(upstream:remotename)%00%(upstream:remoteref) refs/heads/main refs/remotes/main [10ms]
2025-04-05 03:48:58.462 [warning] ENOENT: no such file or directory, open '/home/hwlee4/ICS45C/HW0/.git/refs/remotes/origin/main'
2025-04-05 03:48:58.467 [info] > git rev-parse refs/remotes/origin/main [5ms]
2025-04-05 03:48:58.519 [info] > git status -z -uall [46ms]
2025-04-05 03:48:58.535 [info] > git for-each-ref --format=%(refname)%00%(upstream:short)%00%(objectname)%00%(upstream:track)%00%(upstream:remotename)%00%(upstream:remoteref) refs/heads/main refs/remotes/main [11ms]
2025-04-05 03:48:58.544 [info] > git config --local branch.main.vscode-merge-base [5ms]
2025-04-05 03:48:58.557 [info] > git for-each-ref --format=%(refname)%00%(upstream:short)%00%(objectname)%00%(upstream:track)%00%(upstream:remotename)%00%(upstream:remoteref) refs/heads/origin/main refs/remotes/origin/main [9ms]
2025-04-05 03:49:03.539 [info] > git config --get commit.template [7ms]
2025-04-05 03:49:03.548 [info] > git for-each-ref --format=%(refname)%00%(upstream:short)%00%(objectname)%00%(upstream:track)%00%(upstream:remotename)%00%(upstream:remoteref) refs/heads/main refs/remotes/main [10ms]
2025-04-05 03:49:03.553 [warning] ENOENT: no such file or directory, open '/home/hwlee4/ICS45C/HW0/.git/refs/remotes/origin/main'
2025-04-05 03:49:03.558 [info] > git rev-parse refs/remotes/origin/main [5ms]
2025-04-05 03:49:03.608 [info] > git status -z -uall [46ms]
2025-04-05 03:49:03.624 [info] > git for-each-ref --format=%(refname)%00%(upstream:short)%00%(objectname)%00%(upstream:track)%00%(upstream:remotename)%00%(upstream:remoteref) refs/heads/main refs/remotes/main [10ms]
2025-04-05 03:49:03.633 [info] > git config --local branch.main.vscode-merge-base [4ms]
2025-04-05 03:49:03.647 [info] > git for-each-ref --format=%(refname)%00%(upstream:short)%00%(objectname)%00%(upstream:track)%00%(upstream:remotename)%00%(upstream:remoteref) refs/heads/origin/main refs/remotes/origin/main [9ms]
2025-04-05 03:49:08.627 [info] > git config --get commit.template [5ms]
2025-04-05 03:49:08.637 [info] > git for-each-ref --format=%(refname)%00%(upstream:short)%00%(objectname)%00%(upstream:track)%00%(upstream:remotename)%00%(upstream:remoteref) refs/heads/main refs/remotes/main [11ms]
2025-04-05 03:49:08.641 [warning] ENOENT: no such file or directory, open '/home/hwlee4/ICS45C/HW0/.git/refs/remotes/origin/main'
2025-04-05 03:49:08.647 [info] > git rev-parse refs/remotes/origin/main [6ms]
2025-04-05 03:49:08.698 [info] > git status -z -uall [46ms]
2025-04-05 03:49:08.715 [info] > git for-each-ref --format=%(refname)%00%(upstream:short)%00%(objectname)%00%(upstream:track)%00%(upstream:remotename)%00%(upstream:remoteref) refs/heads/main refs/remotes/main [11ms]
2025-04-05 03:49:08.724 [info] > git config --local branch.main.vscode-merge-base [5ms]
2025-04-05 03:49:08.737 [info] > git for-each-ref --format=%(refname)%00%(upstream:short)%00%(objectname)%00%(upstream:track)%00%(upstream:remotename)%00%(upstream:remoteref) refs/heads/origin/main refs/remotes/origin/main [9ms]
2025-04-05 03:49:13.718 [info] > git config --get commit.template [6ms]
2025-04-05 03:49:13.727 [info] > git for-each-ref --format=%(refname)%00%(upstream:short)%00%(objectname)%00%(upstream:track)%00%(upstream:remotename)%00%(upstream:remoteref) refs/heads/main refs/remotes/main [10ms]
2025-04-05 03:49:13.731 [warning] ENOENT: no such file or directory, open '/home/hwlee4/ICS45C/HW0/.git/refs/remotes/origin/main'
2025-04-05 03:49:13.737 [info] > git rev-parse refs/remotes/origin/main [6ms]
2025-04-05 03:49:13.790 [info] > git status -z -uall [50ms]
2025-04-05 03:49:13.807 [info] > git for-each-ref --format=%(refname)%00%(upstream:short)%00%(objectname)%00%(upstream:track)%00%(upstream:remotename)%00%(upstream:remoteref) refs/heads/main refs/remotes/main [11ms]
2025-04-05 03:49:13.816 [info] > git config --local branch.main.vscode-merge-base [5ms]
2025-04-05 03:49:13.829 [info] > git for-each-ref --format=%(refname)%00%(upstream:short)%00%(objectname)%00%(upstream:track)%00%(upstream:remotename)%00%(upstream:remoteref) refs/heads/origin/main refs/remotes/origin/main [9ms]
2025-04-05 03:49:18.811 [info] > git config --get commit.template [5ms]
2025-04-05 03:49:18.821 [info] > git for-each-ref --format=%(refname)%00%(upstream:short)%00%(objectname)%00%(upstream:track)%00%(upstream:remotename)%00%(upstream:remoteref) refs/heads/main refs/remotes/main [10ms]
2025-04-05 03:49:18.825 [warning] ENOENT: no such file or directory, open '/home/hwlee4/ICS45C/HW0/.git/refs/remotes/origin/main'
2025-04-05 03:49:18.830 [info] > git rev-parse refs/remotes/origin/main [5ms]
2025-04-05 03:49:18.882 [info] > git status -z -uall [48ms]
2025-04-05 03:49:18.901 [info] > git for-each-ref --format=%(refname)%00%(upstream:short)%00%(objectname)%00%(upstream:track)%00%(upstream:remotename)%00%(upstream:remoteref) refs/heads/main refs/remotes/main [12ms]
2025-04-05 03:49:18.910 [info] > git config --local branch.main.vscode-merge-base [5ms]
2025-04-05 03:49:18.923 [info] > git for-each-ref --format=%(refname)%00%(upstream:short)%00%(objectname)%00%(upstream:track)%00%(upstream:remotename)%00%(upstream:remoteref) refs/heads/origin/main refs/remotes/origin/main [9ms]
2025-04-05 03:49:45.440 [info] > git rev-parse --show-toplevel [7ms]
2025-04-05 03:49:45.451 [info] > git rev-parse --path-format=relative --show-toplevel [5ms]
2025-04-05 03:49:45.976 [info] > git rev-parse --show-toplevel [5ms]
2025-04-05 03:49:45.986 [info] > git rev-parse --path-format=relative --show-toplevel [6ms]
2025-04-05 03:49:46.613 [info] > git rev-parse --show-toplevel [5ms]
2025-04-05 03:49:46.622 [info] > git rev-parse --path-format=relative --show-toplevel [5ms]
2025-04-05 03:49:48.892 [info] > git rev-parse --show-toplevel [5ms]
2025-04-05 03:49:48.900 [info] > git rev-parse --path-format=relative --show-toplevel [5ms]
2025-04-05 03:49:50.623 [info] > git rev-parse --show-toplevel [4ms]
2025-04-05 03:49:50.633 [info] > git rev-parse --path-format=relative --show-toplevel [5ms]
2025-04-05 03:49:52.809 [info] > git rev-parse --show-toplevel [4ms]
2025-04-05 03:49:52.819 [info] > git rev-parse --path-format=relative --show-toplevel [5ms]
2025-04-05 03:50:37.106 [info] > git config --get commit.template [7ms]
2025-04-05 03:50:37.117 [info] > git for-each-ref --format=%(refname)%00%(upstream:short)%00%(objectname)%00%(upstream:track)%00%(upstream:remotename)%00%(upstream:remoteref) refs/heads/main refs/remotes/main [13ms]
2025-04-05 03:50:37.122 [warning] ENOENT: no such file or directory, open '/home/hwlee4/ICS45C/HW0/.git/refs/remotes/origin/main'
2025-04-05 03:50:37.127 [info] > git rev-parse refs/remotes/origin/main [5ms]
2025-04-05 03:50:37.159 [info] > git check-ignore -v -z --stdin [7ms]
2025-04-05 03:50:37.182 [info] > git status -z -uall [51ms]
2025-04-05 03:50:37.200 [info] > git for-each-ref --format=%(refname)%00%(upstream:short)%00%(objectname)%00%(upstream:track)%00%(upstream:remotename)%00%(upstream:remoteref) refs/heads/main refs/remotes/main [11ms]
2025-04-05 03:50:37.210 [info] > git config --local branch.main.vscode-merge-base [3ms]
2025-04-05 03:50:37.223 [info] > git for-each-ref --format=%(refname)%00%(upstream:short)%00%(objectname)%00%(upstream:track)%00%(upstream:remotename)%00%(upstream:remoteref) refs/heads/origin/main refs/remotes/origin/main [9ms]
2025-04-05 03:53:17.042 [info] > git config --get commit.template [6ms]
2025-04-05 03:53:17.055 [info] > git for-each-ref --format=%(refname)%00%(upstream:short)%00%(objectname)%00%(upstream:track)%00%(upstream:remotename)%00%(upstream:remoteref) refs/heads/main refs/remotes/main [14ms]
2025-04-05 03:53:17.059 [warning] ENOENT: no such file or directory, open '/home/hwlee4/ICS45C/HW0/.git/refs/remotes/origin/main'
2025-04-05 03:53:17.064 [info] > git rev-parse refs/remotes/origin/main [5ms]
2025-04-05 03:53:17.120 [info] > git status -z -uall [52ms]
2025-04-05 03:53:17.136 [info] > git for-each-ref --format=%(refname)%00%(upstream:short)%00%(objectname)%00%(upstream:track)%00%(upstream:remotename)%00%(upstream:remoteref) refs/heads/main refs/remotes/main [10ms]
2025-04-05 03:53:17.145 [info] > git config --local branch.main.vscode-merge-base [4ms]
2025-04-05 03:53:17.158 [info] > git for-each-ref --format=%(refname)%00%(upstream:short)%00%(objectname)%00%(upstream:track)%00%(upstream:remotename)%00%(upstream:remoteref) refs/heads/origin/main refs/remotes/origin/main [9ms]
2025-04-05 03:55:10.566 [info] > git rev-parse --show-toplevel [6ms]
2025-04-05 03:55:10.576 [info] > git rev-parse --path-format=relative --show-toplevel [5ms]
2025-04-05 03:55:18.746 [info] > git show --textconv :main.cpp [8ms]
2025-04-05 03:55:18.749 [info] > git ls-files --stage -- /home/hwlee4/ICS45C/HW0/main.cpp [7ms]
2025-04-05 03:55:24.747 [info] > git show --textconv :Makefile [9ms]
2025-04-05 03:55:24.749 [info] > git ls-files --stage -- /home/hwlee4/ICS45C/HW0/Makefile [7ms]
2025-04-05 03:55:24.754 [info] > git check-ignore -v -z --stdin [7ms]
2025-04-05 03:55:25.252 [info] > git config --get commit.template [6ms]
2025-04-05 03:55:25.265 [info] > git for-each-ref --format=%(refname)%00%(upstream:short)%00%(objectname)%00%(upstream:track)%00%(upstream:remotename)%00%(upstream:remoteref) refs/heads/main refs/remotes/main [13ms]
2025-04-05 03:55:25.269 [warning] ENOENT: no such file or directory, open '/home/hwlee4/ICS45C/HW0/.git/refs/remotes/origin/main'
2025-04-05 03:55:25.275 [info] > git rev-parse refs/remotes/origin/main [6ms]
2025-04-05 03:55:25.335 [info] > git status -z -uall [56ms]
2025-04-05 03:55:25.352 [info] > git for-each-ref --format=%(refname)%00%(upstream:short)%00%(objectname)%00%(upstream:track)%00%(upstream:remotename)%00%(upstream:remoteref) refs/heads/main refs/remotes/main [11ms]
2025-04-05 03:55:25.361 [info] > git config --local branch.main.vscode-merge-base [5ms]
2025-04-05 03:55:25.375 [info] > git for-each-ref --format=%(refname)%00%(upstream:short)%00%(objectname)%00%(upstream:track)%00%(upstream:remotename)%00%(upstream:remoteref) refs/heads/origin/main refs/remotes/origin/main [9ms]
2025-04-05 03:55:32.747 [info] > git config --get commit.template [5ms]
2025-04-05 03:55:32.758 [info] > git for-each-ref --format=%(refname)%00%(upstream:short)%00%(objectname)%00%(upstream:track)%00%(upstream:remotename)%00%(upstream:remoteref) refs/heads/main refs/remotes/main [11ms]
2025-04-05 03:55:32.762 [warning] ENOENT: no such file or directory, open '/home/hwlee4/ICS45C/HW0/.git/refs/remotes/origin/main'
2025-04-05 03:55:32.767 [info] > git rev-parse refs/remotes/origin/main [6ms]
2025-04-05 03:55:32.819 [info] > git status -z -uall [47ms]
2025-04-05 03:55:32.836 [info] > git for-each-ref --format=%(refname)%00%(upstream:short)%00%(objectname)%00%(upstream:track)%00%(upstream:remotename)%00%(upstream:remoteref) refs/heads/main refs/remotes/main [11ms]
2025-04-05 03:55:32.845 [info] > git config --local branch.main.vscode-merge-base [4ms]
2025-04-05 03:55:32.860 [info] > git for-each-ref --format=%(refname)%00%(upstream:short)%00%(objectname)%00%(upstream:track)%00%(upstream:remotename)%00%(upstream:remoteref) refs/heads/origin/main refs/remotes/origin/main [8ms]
2025-04-05 03:55:37.839 [info] > git config --get commit.template [6ms]
2025-04-05 03:55:37.849 [info] > git for-each-ref --format=%(refname)%00%(upstream:short)%00%(objectname)%00%(upstream:track)%00%(upstream:remotename)%00%(upstream:remoteref) refs/heads/main refs/remotes/main [11ms]
2025-04-05 03:55:37.853 [warning] ENOENT: no such file or directory, open '/home/hwlee4/ICS45C/HW0/.git/refs/remotes/origin/main'
2025-04-05 03:55:37.858 [info] > git rev-parse refs/remotes/origin/main [5ms]
2025-04-05 03:55:37.909 [info] > git status -z -uall [46ms]
2025-04-05 03:55:37.926 [info] > git for-each-ref --format=%(refname)%00%(upstream:short)%00%(objectname)%00%(upstream:track)%00%(upstream:remotename)%00%(upstream:remoteref) refs/heads/main refs/remotes/main [11ms]
2025-04-05 03:55:37.935 [info] > git config --local branch.main.vscode-merge-base [4ms]
2025-04-05 03:55:37.948 [info] > git for-each-ref --format=%(refname)%00%(upstream:short)%00%(objectname)%00%(upstream:track)%00%(upstream:remotename)%00%(upstream:remoteref) refs/heads/origin/main refs/remotes/origin/main [8ms]
2025-04-05 03:55:42.929 [info] > git config --get commit.template [5ms]
2025-04-05 03:55:42.938 [info] > git for-each-ref --format=%(refname)%00%(upstream:short)%00%(objectname)%00%(upstream:track)%00%(upstream:remotename)%00%(upstream:remoteref) refs/heads/main refs/remotes/main [10ms]
2025-04-05 03:55:42.942 [warning] ENOENT: no such file or directory, open '/home/hwlee4/ICS45C/HW0/.git/refs/remotes/origin/main'
2025-04-05 03:55:42.947 [info] > git rev-parse refs/remotes/origin/main [5ms]
2025-04-05 03:55:42.997 [info] > git status -z -uall [46ms]
2025-04-05 03:55:43.014 [info] > git for-each-ref --format=%(refname)%00%(upstream:short)%00%(objectname)%00%(upstream:track)%00%(upstream:remotename)%00%(upstream:remoteref) refs/heads/main refs/remotes/main [11ms]
2025-04-05 03:55:43.023 [info] > git config --local branch.main.vscode-merge-base [4ms]
2025-04-05 03:55:43.036 [info] > git for-each-ref --format=%(refname)%00%(upstream:short)%00%(objectname)%00%(upstream:track)%00%(upstream:remotename)%00%(upstream:remoteref) refs/heads/origin/main refs/remotes/origin/main [9ms]
2025-04-05 03:56:23.704 [info] > git check-ignore -v -z --stdin [10ms]
2025-04-05 03:56:23.705 [info] > git config --get commit.template [7ms]
2025-04-05 03:56:23.714 [info] > git for-each-ref --format=%(refname)%00%(upstream:short)%00%(objectname)%00%(upstream:track)%00%(upstream:remotename)%00%(upstream:remoteref) refs/heads/main refs/remotes/main [11ms]
2025-04-05 03:56:23.719 [warning] ENOENT: no such file or directory, open '/home/hwlee4/ICS45C/HW0/.git/refs/remotes/origin/main'
2025-04-05 03:56:23.724 [info] > git rev-parse refs/remotes/origin/main [6ms]
2025-04-05 03:56:23.775 [info] > git status -z -uall [47ms]
2025-04-05 03:56:23.793 [info] > git for-each-ref --format=%(refname)%00%(upstream:short)%00%(objectname)%00%(upstream:track)%00%(upstream:remotename)%00%(upstream:remoteref) refs/heads/main refs/remotes/main [12ms]
2025-04-05 03:56:23.801 [info] > git config --local branch.main.vscode-merge-base [4ms]
2025-04-05 03:56:23.814 [info] > git for-each-ref --format=%(refname)%00%(upstream:short)%00%(objectname)%00%(upstream:track)%00%(upstream:remotename)%00%(upstream:remoteref) refs/heads/origin/main refs/remotes/origin/main [8ms]
2025-04-05 03:56:31.689 [info] > git show --textconv :main [7ms]
2025-04-05 03:56:31.693 [info] > git ls-files --stage -- /home/hwlee4/ICS45C/HW0/main [6ms]
2025-04-05 03:56:47.101 [info] > git show --textconv :Makefile [6ms]
2025-04-05 03:56:47.106 [info] > git ls-files --stage -- /home/hwlee4/ICS45C/HW0/Makefile [6ms]
2025-04-05 03:57:15.050 [info] > git config --get commit.template [5ms]
2025-04-05 03:57:15.062 [info] > git for-each-ref --format=%(refname)%00%(upstream:short)%00%(objectname)%00%(upstream:track)%00%(upstream:remotename)%00%(upstream:remoteref) refs/heads/main refs/remotes/main [13ms]
2025-04-05 03:57:15.066 [warning] ENOENT: no such file or directory, open '/home/hwlee4/ICS45C/HW0/.git/refs/remotes/origin/main'
2025-04-05 03:57:15.071 [info] > git rev-parse refs/remotes/origin/main [5ms]
2025-04-05 03:57:15.122 [info] > git status -z -uall [46ms]
2025-04-05 03:57:15.138 [info] > git for-each-ref --format=%(refname)%00%(upstream:short)%00%(objectname)%00%(upstream:track)%00%(upstream:remotename)%00%(upstream:remoteref) refs/heads/main refs/remotes/main [11ms]
2025-04-05 03:57:15.146 [info] > git config --local branch.main.vscode-merge-base [4ms]
2025-04-05 03:57:15.159 [info] > git for-each-ref --format=%(refname)%00%(upstream:short)%00%(objectname)%00%(upstream:track)%00%(upstream:remotename)%00%(upstream:remoteref) refs/heads/origin/main refs/remotes/origin/main [8ms]
2025-04-05 03:57:20.142 [info] > git config --get commit.template [7ms]
2025-04-05 03:57:20.150 [info] > git for-each-ref --format=%(refname)%00%(upstream:short)%00%(objectname)%00%(upstream:track)%00%(upstream:remotename)%00%(upstream:remoteref) refs/heads/main refs/remotes/main [10ms]
2025-04-05 03:57:20.155 [warning] ENOENT: no such file or directory, open '/home/hwlee4/ICS45C/HW0/.git/refs/remotes/origin/main'
2025-04-05 03:57:20.160 [info] > git rev-parse refs/remotes/origin/main [5ms]
2025-04-05 03:57:20.210 [info] > git status -z -uall [45ms]
2025-04-05 03:57:20.226 [info] > git for-each-ref --format=%(refname)%00%(upstream:short)%00%(objectname)%00%(upstream:track)%00%(upstream:remotename)%00%(upstream:remoteref) refs/heads/main refs/remotes/main [10ms]
2025-04-05 03:57:20.237 [info] > git config --local branch.main.vscode-merge-base [4ms]
2025-04-05 03:57:20.251 [info] > git for-each-ref --format=%(refname)%00%(upstream:short)%00%(objectname)%00%(upstream:track)%00%(upstream:remotename)%00%(upstream:remoteref) refs/heads/origin/main refs/remotes/origin/main [8ms]
2025-04-05 03:57:25.231 [info] > git config --get commit.template [6ms]
2025-04-05 03:57:25.241 [info] > git for-each-ref --format=%(refname)%00%(upstream:short)%00%(objectname)%00%(upstream:track)%00%(upstream:remotename)%00%(upstream:remoteref) refs/heads/main refs/remotes/main [10ms]
2025-04-05 03:57:25.245 [warning] ENOENT: no such file or directory, open '/home/hwlee4/ICS45C/HW0/.git/refs/remotes/origin/main'
2025-04-05 03:57:25.250 [info] > git rev-parse refs/remotes/origin/main [5ms]
2025-04-05 03:57:25.302 [info] > git status -z -uall [47ms]
2025-04-05 03:57:25.319 [info] > git for-each-ref --format=%(refname)%00%(upstream:short)%00%(objectname)%00%(upstream:track)%00%(upstream:remotename)%00%(upstream:remoteref) refs/heads/main refs/remotes/main [11ms]
2025-04-05 03:57:25.328 [info] > git config --local branch.main.vscode-merge-base [4ms]
2025-04-05 03:57:25.342 [info] > git for-each-ref --format=%(refname)%00%(upstream:short)%00%(objectname)%00%(upstream:track)%00%(upstream:remotename)%00%(upstream:remoteref) refs/heads/origin/main refs/remotes/origin/main [9ms]
2025-04-05 03:57:32.721 [info] > git config --get commit.template [6ms]
2025-04-05 03:57:32.731 [info] > git for-each-ref --format=%(refname)%00%(upstream:short)%00%(objectname)%00%(upstream:track)%00%(upstream:remotename)%00%(upstream:remoteref) refs/heads/main refs/remotes/main [11ms]
2025-04-05 03:57:32.735 [warning] ENOENT: no such file or directory, open '/home/hwlee4/ICS45C/HW0/.git/refs/remotes/origin/main'
2025-04-05 03:57:32.741 [info] > git rev-parse refs/remotes/origin/main [6ms]
2025-04-05 03:57:32.792 [info] > git status -z -uall [47ms]
2025-04-05 03:57:32.808 [info] > git for-each-ref --format=%(refname)%00%(upstream:short)%00%(objectname)%00%(upstream:track)%00%(upstream:remotename)%00%(upstream:remoteref) refs/heads/main refs/remotes/main [10ms]
2025-04-05 03:57:32.817 [info] > git config --local branch.main.vscode-merge-base [4ms]
2025-04-05 03:57:32.831 [info] > git for-each-ref --format=%(refname)%00%(upstream:short)%00%(objectname)%00%(upstream:track)%00%(upstream:remotename)%00%(upstream:remoteref) refs/heads/origin/main refs/remotes/origin/main [9ms]
2025-04-05 03:57:37.811 [info] > git config --get commit.template [6ms]
2025-04-05 03:57:37.821 [info] > git for-each-ref --format=%(refname)%00%(upstream:short)%00%(objectname)%00%(upstream:track)%00%(upstream:remotename)%00%(upstream:remoteref) refs/heads/main refs/remotes/main [11ms]
2025-04-05 03:57:37.825 [warning] ENOENT: no such file or directory, open '/home/hwlee4/ICS45C/HW0/.git/refs/remotes/origin/main'
2025-04-05 03:57:37.830 [info] > git rev-parse refs/remotes/origin/main [5ms]
2025-04-05 03:57:37.880 [info] > git status -z -uall [46ms]
2025-04-05 03:57:37.897 [info] > git for-each-ref --format=%(refname)%00%(upstream:short)%00%(objectname)%00%(upstream:track)%00%(upstream:remotename)%00%(upstream:remoteref) refs/heads/main refs/remotes/main [11ms]
2025-04-05 03:57:37.905 [info] > git config --local branch.main.vscode-merge-base [4ms]
2025-04-05 03:57:37.918 [info] > git for-each-ref --format=%(refname)%00%(upstream:short)%00%(objectname)%00%(upstream:track)%00%(upstream:remotename)%00%(upstream:remoteref) refs/heads/origin/main refs/remotes/origin/main [8ms]
2025-04-05 03:57:47.473 [info] > git show --textconv :README.md [10ms]
2025-04-05 03:57:47.475 [info] > git ls-files --stage -- /home/hwlee4/ICS45C/HW0/README.md [7ms]
2025-04-05 03:57:47.491 [info] > git cat-file -s 47126cb99c05015d3d52f36cf93928ba71c43f68 [11ms]
2025-04-05 03:57:48.556 [info] > git show --textconv :CMakeLists.txt [9ms]
2025-04-05 03:57:48.557 [info] > git ls-files --stage -- /home/hwlee4/ICS45C/HW0/CMakeLists.txt [6ms]
2025-04-05 03:57:48.572 [info] > git cat-file -s 09d25679752918a82bb67309a1b7a03b5981de97 [11ms]
2025-04-05 03:57:54.996 [info] > git show --textconv :main.cpp [6ms]
2025-04-05 03:57:55.000 [info] > git ls-files --stage -- /home/hwlee4/ICS45C/HW0/main.cpp [7ms]
2025-04-05 03:58:15.863 [info] > git config --get commit.template [6ms]
2025-04-05 03:58:15.873 [info] > git for-each-ref --format=%(refname)%00%(upstream:short)%00%(objectname)%00%(upstream:track)%00%(upstream:remotename)%00%(upstream:remoteref) refs/heads/main refs/remotes/main [11ms]
2025-04-05 03:58:15.877 [warning] ENOENT: no such file or directory, open '/home/hwlee4/ICS45C/HW0/.git/refs/remotes/origin/main'
2025-04-05 03:58:15.882 [info] > git rev-parse refs/remotes/origin/main [5ms]
2025-04-05 03:58:15.933 [info] > git status -z -uall [47ms]
2025-04-05 03:58:15.951 [info] > git for-each-ref --format=%(refname)%00%(upstream:short)%00%(objectname)%00%(upstream:track)%00%(upstream:remotename)%00%(upstream:remoteref) refs/heads/main refs/remotes/main [12ms]
2025-04-05 03:58:15.961 [info] > git config --local branch.main.vscode-merge-base [5ms]
2025-04-05 03:58:15.976 [info] > git for-each-ref --format=%(refname)%00%(upstream:short)%00%(objectname)%00%(upstream:track)%00%(upstream:remotename)%00%(upstream:remoteref) refs/heads/origin/main refs/remotes/origin/main [10ms]
2025-04-05 03:58:37.760 [info] > git config --get commit.template [7ms]
2025-04-05 03:58:37.771 [info] > git for-each-ref --format=%(refname)%00%(upstream:short)%00%(objectname)%00%(upstream:track)%00%(upstream:remotename)%00%(upstream:remoteref) refs/heads/main refs/remotes/main [12ms]
2025-04-05 03:58:37.775 [warning] ENOENT: no such file or directory, open '/home/hwlee4/ICS45C/HW0/.git/refs/remotes/origin/main'
2025-04-05 03:58:37.781 [info] > git rev-parse refs/remotes/origin/main [6ms]
2025-04-05 03:58:37.831 [info] > git status -z -uall [46ms]
2025-04-05 03:58:37.848 [info] > git for-each-ref --format=%(refname)%00%(upstream:short)%00%(objectname)%00%(upstream:track)%00%(upstream:remotename)%00%(upstream:remoteref) refs/heads/main refs/remotes/main [11ms]
2025-04-05 03:58:37.857 [info] > git config --local branch.main.vscode-merge-base [5ms]
2025-04-05 03:58:37.871 [info] > git for-each-ref --format=%(refname)%00%(upstream:short)%00%(objectname)%00%(upstream:track)%00%(upstream:remotename)%00%(upstream:remoteref) refs/heads/origin/main refs/remotes/origin/main [9ms]
2025-04-05 03:58:58.869 [info] > git check-ignore -v -z --stdin [6ms]
2025-04-05 03:58:59.303 [info] > git show --textconv :src [8ms]
2025-04-05 03:58:59.307 [info] > git ls-files --stage -- /home/hwlee4/ICS45C/HW0/src [7ms]
2025-04-05 03:58:59.369 [info] > git config --get commit.template [5ms]
2025-04-05 03:58:59.379 [info] > git for-each-ref --format=%(refname)%00%(upstream:short)%00%(objectname)%00%(upstream:track)%00%(upstream:remotename)%00%(upstream:remoteref) refs/heads/main refs/remotes/main [10ms]
2025-04-05 03:58:59.384 [warning] ENOENT: no such file or directory, open '/home/hwlee4/ICS45C/HW0/.git/refs/remotes/origin/main'
2025-04-05 03:58:59.389 [info] > git rev-parse refs/remotes/origin/main [5ms]
2025-04-05 03:58:59.441 [info] > git status -z -uall [48ms]
2025-04-05 03:58:59.457 [info] > git for-each-ref --format=%(refname)%00%(upstream:short)%00%(objectname)%00%(upstream:track)%00%(upstream:remotename)%00%(upstream:remoteref) refs/heads/main refs/remotes/main [10ms]
2025-04-05 03:58:59.466 [info] > git config --local branch.main.vscode-merge-base [4ms]
2025-04-05 03:58:59.479 [info] > git for-each-ref --format=%(refname)%00%(upstream:short)%00%(objectname)%00%(upstream:track)%00%(upstream:remotename)%00%(upstream:remoteref) refs/heads/origin/main refs/remotes/origin/main [9ms]
2025-04-05 03:59:02.468 [info] > git show --textconv :main.cpp [6ms]
2025-04-05 03:59:02.473 [info] > git ls-files --stage -- /home/hwlee4/ICS45C/HW0/main.cpp [6ms]
2025-04-05 03:59:04.461 [info] > git config --get commit.template [7ms]
2025-04-05 03:59:04.471 [info] > git for-each-ref --format=%(refname)%00%(upstream:short)%00%(objectname)%00%(upstream:track)%00%(upstream:remotename)%00%(upstream:remoteref) refs/heads/main refs/remotes/main [11ms]
2025-04-05 03:59:04.475 [warning] ENOENT: no such file or directory, open '/home/hwlee4/ICS45C/HW0/.git/refs/remotes/origin/main'
2025-04-05 03:59:04.480 [info] > git rev-parse refs/remotes/origin/main [5ms]
2025-04-05 03:59:04.532 [info] > git status -z -uall [47ms]
2025-04-05 03:59:04.549 [info] > git for-each-ref --format=%(refname)%00%(upstream:short)%00%(objectname)%00%(upstream:track)%00%(upstream:remotename)%00%(upstream:remoteref) refs/heads/main refs/remotes/main [11ms]
2025-04-05 03:59:04.558 [info] > git config --local branch.main.vscode-merge-base [5ms]
2025-04-05 03:59:04.572 [info] > git for-each-ref --format=%(refname)%00%(upstream:short)%00%(objectname)%00%(upstream:track)%00%(upstream:remotename)%00%(upstream:remoteref) refs/heads/origin/main refs/remotes/origin/main [9ms]
2025-04-05 03:59:14.775 [info] > git config --get commit.template [7ms]
2025-04-05 03:59:14.784 [info] > git for-each-ref --format=%(refname)%00%(upstream:short)%00%(objectname)%00%(upstream:track)%00%(upstream:remotename)%00%(upstream:remoteref) refs/heads/main refs/remotes/main [11ms]
2025-04-05 03:59:14.788 [warning] ENOENT: no such file or directory, open '/home/hwlee4/ICS45C/HW0/.git/refs/remotes/origin/main'
2025-04-05 03:59:14.794 [info] > git rev-parse refs/remotes/origin/main [6ms]
2025-04-05 03:59:14.847 [info] > git status -z -uall [49ms]
2025-04-05 03:59:14.864 [info] > git for-each-ref --format=%(refname)%00%(upstream:short)%00%(objectname)%00%(upstream:track)%00%(upstream:remotename)%00%(upstream:remoteref) refs/heads/main refs/remotes/main [11ms]
2025-04-05 03:59:14.873 [info] > git config --local branch.main.vscode-merge-base [4ms]
2025-04-05 03:59:14.886 [info] > git for-each-ref --format=%(refname)%00%(upstream:short)%00%(objectname)%00%(upstream:track)%00%(upstream:remotename)%00%(upstream:remoteref) refs/heads/origin/main refs/remotes/origin/main [8ms]
2025-04-05 03:59:23.662 [info] > git check-ignore -v -z --stdin [7ms]
2025-04-05 03:59:23.945 [info] > git show --textconv :src/main.cpp [7ms]
2025-04-05 03:59:23.951 [info] > git ls-files --stage -- /home/hwlee4/ICS45C/HW0/src/main.cpp [7ms]
2025-04-05 03:59:24.170 [info] > git config --get commit.template [8ms]
2025-04-05 03:59:24.181 [info] > git for-each-ref --format=%(refname)%00%(upstream:short)%00%(objectname)%00%(upstream:track)%00%(upstream:remotename)%00%(upstream:remoteref) refs/heads/main refs/remotes/main [11ms]
2025-04-05 03:59:24.187 [warning] ENOENT: no such file or directory, open '/home/hwlee4/ICS45C/HW0/.git/refs/remotes/origin/main'
2025-04-05 03:59:24.193 [info] > git rev-parse refs/remotes/origin/main [5ms]
2025-04-05 03:59:24.248 [info] > git status -z -uall [49ms]
2025-04-05 03:59:24.265 [info] > git for-each-ref --format=%(refname)%00%(upstream:short)%00%(objectname)%00%(upstream:track)%00%(upstream:remotename)%00%(upstream:remoteref) refs/heads/main refs/remotes/main [11ms]
2025-04-05 03:59:24.274 [info] > git config --local branch.main.vscode-merge-base [4ms]
2025-04-05 03:59:24.287 [info] > git for-each-ref --format=%(refname)%00%(upstream:short)%00%(objectname)%00%(upstream:track)%00%(upstream:remotename)%00%(upstream:remoteref) refs/heads/origin/main refs/remotes/origin/main [8ms]
2025-04-05 03:59:43.957 [info] > git config --get commit.template [8ms]
2025-04-05 03:59:43.967 [info] > git for-each-ref --format=%(refname)%00%(upstream:short)%00%(objectname)%00%(upstream:track)%00%(upstream:remotename)%00%(upstream:remoteref) refs/heads/main refs/remotes/main [10ms]
2025-04-05 03:59:43.973 [warning] ENOENT: no such file or directory, open '/home/hwlee4/ICS45C/HW0/.git/refs/remotes/origin/main'
2025-04-05 03:59:43.978 [info] > git rev-parse refs/remotes/origin/main [5ms]
2025-04-05 03:59:43.999 [info] > git status -z -uall [15ms]
2025-04-05 03:59:44.018 [info] > git for-each-ref --format=%(refname)%00%(upstream:short)%00%(objectname)%00%(upstream:track)%00%(upstream:remotename)%00%(upstream:remoteref) refs/heads/main refs/remotes/main [10ms]
2025-04-05 03:59:44.029 [info] > git config --local branch.main.vscode-merge-base [4ms]
2025-04-05 03:59:44.045 [info] > git for-each-ref --format=%(refname)%00%(upstream:short)%00%(objectname)%00%(upstream:track)%00%(upstream:remotename)%00%(upstream:remoteref) refs/heads/origin/main refs/remotes/origin/main [9ms]
2025-04-05 03:59:44.167 [info] > git ls-files --stage -- /home/hwlee4/ICS45C/HW0/src/main.cpp [7ms]
2025-04-05 03:59:44.184 [info] > git cat-file -s d9602db94e5ab707552d62d26469790ce2ec52b3 [11ms]
2025-04-05 03:59:44.261 [info] > git show --textconv :src/main.cpp [10ms]
2025-04-05 04:00:05.077 [info] > git config --get commit.template [6ms]
2025-04-05 04:00:05.092 [info] > git for-each-ref --format=%(refname)%00%(upstream:short)%00%(objectname)%00%(upstream:track)%00%(upstream:remotename)%00%(upstream:remoteref) refs/heads/main refs/remotes/main [16ms]
2025-04-05 04:00:05.096 [warning] ENOENT: no such file or directory, open '/home/hwlee4/ICS45C/HW0/.git/refs/remotes/origin/main'
2025-04-05 04:00:05.102 [info] > git rev-parse refs/remotes/origin/main [6ms]
2025-04-05 04:00:05.122 [info] > git status -z -uall [16ms]
2025-04-05 04:00:05.140 [info] > git for-each-ref --format=%(refname)%00%(upstream:short)%00%(objectname)%00%(upstream:track)%00%(upstream:remotename)%00%(upstream:remoteref) refs/heads/main refs/remotes/main [12ms]
2025-04-05 04:00:05.149 [info] > git config --local branch.main.vscode-merge-base [4ms]
2025-04-05 04:00:05.164 [info] > git for-each-ref --format=%(refname)%00%(upstream:short)%00%(objectname)%00%(upstream:track)%00%(upstream:remotename)%00%(upstream:remoteref) refs/heads/origin/main refs/remotes/origin/main [10ms]
2025-04-05 04:00:05.179 [info] > git merge-base refs/heads/main refs/remotes/origin/main [9ms]
2025-04-05 04:00:05.194 [info] > git rev-list --count --left-right refs/heads/main...refs/remotes/origin/main [10ms]
2025-04-05 04:00:05.207 [info] > git diff --name-status -z --diff-filter=ADMR 2e4a6e3f925779794e8a0ac6086bf436dc5267ed...refs/remotes/origin/main [9ms]
2025-04-05 04:00:05.238 [info] > git ls-files --stage -- /home/hwlee4/ICS45C/HW0/src/main.cpp [8ms]
2025-04-05 04:00:05.250 [info] > git cat-file -s d9602db94e5ab707552d62d26469790ce2ec52b3 [8ms]
2025-04-05 04:00:05.615 [info] > git show --textconv :src/main.cpp [11ms]
2025-04-05 04:00:22.604 [info] > git config --get commit.template [6ms]
2025-04-05 04:00:22.616 [info] > git for-each-ref --format=%(refname)%00%(upstream:short)%00%(objectname)%00%(upstream:track)%00%(upstream:remotename)%00%(upstream:remoteref) refs/heads/main refs/remotes/main [12ms]
2025-04-05 04:00:22.636 [info] > git status -z -uall [14ms]
2025-04-05 04:00:22.653 [info] > git for-each-ref --format=%(refname)%00%(upstream:short)%00%(objectname)%00%(upstream:track)%00%(upstream:remotename)%00%(upstream:remoteref) refs/heads/main refs/remotes/main [11ms]
2025-04-05 04:00:22.663 [info] > git config --local branch.main.vscode-merge-base [4ms]
2025-04-05 04:00:22.678 [info] > git for-each-ref --format=%(refname)%00%(upstream:short)%00%(objectname)%00%(upstream:track)%00%(upstream:remotename)%00%(upstream:remoteref) refs/heads/origin/main refs/remotes/origin/main [10ms]
2025-04-05 04:00:22.693 [info] > git merge-base refs/heads/main refs/remotes/origin/main [11ms]
2025-04-05 04:00:22.708 [info] > git rev-list --count --left-right refs/heads/main...refs/remotes/origin/main [10ms]
2025-04-05 04:00:22.722 [info] > git diff --name-status -z --diff-filter=ADMR 2de1186af8d356e9b3e6443d56764a6c359645dc...refs/remotes/origin/main [10ms]
2025-04-05 04:00:22.779 [info] > git ls-files --stage -- /home/hwlee4/ICS45C/HW0/src/main.cpp [6ms]
2025-04-05 04:00:22.792 [info] > git cat-file -s d9602db94e5ab707552d62d26469790ce2ec52b3 [8ms]
2025-04-05 04:00:22.874 [info] > git show --textconv :src/main.cpp [11ms]
