2025-02-11 23:36:36.080 [info] Log level: Info
2025-02-11 23:36:36.080 [info] Validating found git in: "git"
2025-02-11 23:36:36.080 [info] Using git "2.34.1" from "git"
2025-02-11 23:36:36.080 [info] > git rev-parse --show-toplevel [27ms]
2025-02-11 23:36:36.080 [info] > git rev-parse --path-format=relative --show-toplevel [5ms]
2025-02-11 23:36:36.080 [info] > git rev-parse --show-toplevel [8ms]
2025-02-11 23:36:36.080 [info] > git rev-parse --path-format=relative --show-toplevel [4ms]
2025-02-11 23:36:36.080 [info] > git rev-parse --git-dir --git-common-dir [5ms]
2025-02-11 23:36:36.080 [info] Open repository: /home/hwlee4/ICS45C/HW4
2025-02-11 23:36:36.080 [info] > git rev-parse --show-toplevel [9ms]
2025-02-11 23:36:36.080 [info] > git config --get commit.template [19ms]
2025-02-11 23:36:36.080 [info] > git rev-parse --path-format=relative --show-toplevel [9ms]
2025-02-11 23:36:36.080 [info] > git rev-parse --git-dir --git-common-dir [5ms]
2025-02-11 23:36:36.080 [info] Open repository: /home/hwlee4/ICS45C/HW0
2025-02-11 23:36:36.080 [info] > git for-each-ref --format=%(refname)%00%(upstream:short)%00%(objectname)%00%(upstream:track)%00%(upstream:remotename)%00%(upstream:remoteref) refs/heads/main refs/remotes/main [38ms]
2025-02-11 23:36:36.081 [info] > git config --get commit.template [9ms]
2025-02-11 23:36:36.081 [info] > git rev-parse --show-toplevel [6ms]
2025-02-11 23:36:36.081 [info] > git rev-parse --path-format=relative --show-toplevel [7ms]
2025-02-11 23:36:36.081 [info] > git for-each-ref --format=%(refname)%00%(upstream:short)%00%(objectname)%00%(upstream:track)%00%(upstream:remotename)%00%(upstream:remoteref) refs/heads/main refs/remotes/main [16ms]
2025-02-11 23:36:36.081 [info] > git rev-parse --git-dir --git-common-dir [10ms]
2025-02-11 23:36:36.081 [info] Open repository: /home/hwlee4/ICS45C/HW1
2025-02-11 23:36:36.081 [info] > git status -z -uall [39ms]
2025-02-11 23:36:36.081 [info] > git status -z -uall [25ms]
2025-02-11 23:36:36.081 [info] > git config --get commit.template [8ms]
2025-02-11 23:36:36.081 [info] > git for-each-ref --format=%(refname)%00%(upstream:short)%00%(objectname)%00%(upstream:track)%00%(upstream:remotename)%00%(upstream:remoteref) refs/heads/main refs/remotes/main [39ms]
2025-02-11 23:36:36.081 [info] > git rev-parse --show-toplevel [56ms]
2025-02-11 23:36:36.081 [info] > git config --local branch.main.vscode-merge-base [10ms]
2025-02-11 23:36:36.081 [info] > git config --get commit.template [23ms]
2025-02-11 23:36:36.081 [info] > git config --get commit.template [27ms]
2025-02-11 23:36:36.081 [info] > git for-each-ref --format=%(refname)%00%(upstream:short)%00%(objectname)%00%(upstream:track)%00%(upstream:remotename)%00%(upstream:remoteref) refs/heads/main refs/remotes/main [40ms]
2025-02-11 23:36:36.081 [info] > git rev-parse --path-format=relative --show-toplevel [20ms]
2025-02-11 23:36:36.081 [info] > git for-each-ref --format=%(refname)%00%(upstream:short)%00%(objectname)%00%(upstream:track)%00%(upstream:remotename)%00%(upstream:remoteref) refs/heads/origin/main refs/remotes/origin/main [22ms]
2025-02-11 23:36:36.081 [info] > git for-each-ref --format=%(refname)%00%(upstream:short)%00%(objectname)%00%(upstream:track)%00%(upstream:remotename)%00%(upstream:remoteref) refs/heads/main refs/remotes/main [36ms]
2025-02-11 23:36:36.081 [info] > git config --local branch.main.vscode-merge-base [22ms]
2025-02-11 23:36:36.081 [info] > git rev-parse --git-dir --git-common-dir [14ms]
2025-02-11 23:36:36.081 [info] Open repository: /home/hwlee4/ICS45C/HW2
2025-02-11 23:36:36.081 [info] > git for-each-ref --format=%(refname)%00%(upstream:short)%00%(objectname)%00%(upstream:track)%00%(upstream:remotename)%00%(upstream:remoteref) refs/heads/main refs/remotes/main [29ms]
2025-02-11 23:36:36.081 [info] > git for-each-ref --format=%(refname)%00%(upstream:short)%00%(objectname)%00%(upstream:track)%00%(upstream:remotename)%00%(upstream:remoteref) refs/heads/main refs/remotes/main [33ms]
2025-02-11 23:36:36.081 [info] > git merge-base refs/heads/main refs/remotes/origin/main [26ms]
2025-02-11 23:36:36.081 [info] > git rev-parse --show-toplevel [9ms]
2025-02-11 23:36:36.081 [info] > git config --get commit.template [17ms]
2025-02-11 23:36:36.081 [info] > git for-each-ref --format=%(refname)%00%(upstream:short)%00%(objectname)%00%(upstream:track)%00%(upstream:remotename)%00%(upstream:remoteref) refs/heads/origin/main refs/remotes/origin/main [34ms]
2025-02-11 23:36:36.081 [info] > git rev-parse --path-format=relative --show-toplevel [13ms]
2025-02-11 23:36:36.081 [info] > git rev-list --count --left-right refs/heads/main...refs/remotes/origin/main [21ms]
2025-02-11 23:36:36.081 [info] > git merge-base refs/heads/main refs/remotes/origin/main [24ms]
2025-02-11 23:36:36.081 [info] > git status -z -uall [35ms]
2025-02-11 23:36:36.081 [info] > git rev-parse --git-dir --git-common-dir [18ms]
2025-02-11 23:36:36.081 [info] Open repository: /home/hwlee4/ICS45C/HW3
2025-02-11 23:36:36.081 [info] > git diff --name-status -z --diff-filter=ADMR bddd0b0d0cfc38d0bcdb3142f43ffb36c1294495...refs/remotes/origin/main [52ms]
2025-02-11 23:36:36.081 [info] > git status -z -uall [50ms]
2025-02-11 23:36:36.081 [info] > git status -z -uall [47ms]
2025-02-11 23:36:36.081 [info] > git rev-list --count --left-right refs/heads/main...refs/remotes/origin/main [74ms]
2025-02-11 23:36:36.081 [info] > git for-each-ref --format=%(refname)%00%(upstream:short)%00%(objectname)%00%(upstream:track)%00%(upstream:remotename)%00%(upstream:remoteref) refs/heads/main refs/remotes/main [90ms]
2025-02-11 23:36:36.081 [info] > git for-each-ref --format=%(refname)%00%(upstream:short)%00%(objectname)%00%(upstream:track)%00%(upstream:remotename)%00%(upstream:remoteref) refs/heads/main refs/remotes/main [21ms]
2025-02-11 23:36:36.081 [info] > git config --get commit.template [35ms]
2025-02-11 23:36:36.081 [info] > git rev-parse --show-toplevel [39ms]
2025-02-11 23:36:36.081 [info] > git config --get commit.template [48ms]
2025-02-11 23:36:36.081 [info] > git for-each-ref --format=%(refname)%00%(upstream:short)%00%(objectname)%00%(upstream:track)%00%(upstream:remotename)%00%(upstream:remoteref) refs/heads/main refs/remotes/main [63ms]
2025-02-11 23:36:36.081 [info] > git rev-parse --path-format=relative --show-toplevel [27ms]
2025-02-11 23:36:36.081 [info] > git config --local branch.main.vscode-merge-base [33ms]
2025-02-11 23:36:36.081 [info] > git diff --name-status -z --diff-filter=ADMR 23f1d7363861263b3745c679b62ddb8e2fdc6e7e...refs/remotes/origin/main [45ms]
2025-02-11 23:36:36.081 [info] > git for-each-ref --format=%(refname)%00%(upstream:short)%00%(objectname)%00%(upstream:track)%00%(upstream:remotename)%00%(upstream:remoteref) refs/heads/main refs/remotes/main [54ms]
2025-02-11 23:36:36.081 [info] > git config --local branch.main.vscode-merge-base [28ms]
2025-02-11 23:36:36.081 [info] > git rev-parse --git-dir --git-common-dir [8ms]
2025-02-11 23:36:36.081 [info] Open repository: /home/hwlee4/ICS45C/HW5
2025-02-11 23:36:36.081 [info] > git for-each-ref --format=%(refname)%00%(upstream:short)%00%(objectname)%00%(upstream:track)%00%(upstream:remotename)%00%(upstream:remoteref) refs/heads/origin/main refs/remotes/origin/main [47ms]
2025-02-11 23:36:36.081 [info] > git config --local branch.main.vscode-merge-base [43ms]
2025-02-11 23:36:36.081 [info] > git for-each-ref --format=%(refname)%00%(upstream:short)%00%(objectname)%00%(upstream:track)%00%(upstream:remotename)%00%(upstream:remoteref) refs/heads/origin/main refs/remotes/origin/main [44ms]
2025-02-11 23:36:36.081 [info] > git for-each-ref --format=%(refname)%00%(upstream:short)%00%(objectname)%00%(upstream:track)%00%(upstream:remotename)%00%(upstream:remoteref) refs/heads/main refs/remotes/main [59ms]
2025-02-11 23:36:36.081 [info] > git for-each-ref --format=%(refname)%00%(upstream:short)%00%(objectname)%00%(upstream:track)%00%(upstream:remotename)%00%(upstream:remoteref) refs/heads/main refs/remotes/main [64ms]
2025-02-11 23:36:36.081 [info] > git config --get commit.template [10ms]
2025-02-11 23:36:36.081 [info] > git for-each-ref --format=%(refname)%00%(upstream:short)%00%(objectname)%00%(upstream:track)%00%(upstream:remotename)%00%(upstream:remoteref) refs/heads/origin/main refs/remotes/origin/main [22ms]
2025-02-11 23:36:36.081 [info] > git status -z -uall [32ms]
2025-02-11 23:36:36.081 [info] > git merge-base refs/heads/main refs/remotes/origin/main [46ms]
2025-02-11 23:36:36.081 [info] > git config --get commit.template [10ms]
2025-02-11 23:36:36.081 [info] > git for-each-ref --format=%(refname)%00%(upstream:short)%00%(objectname)%00%(upstream:track)%00%(upstream:remotename)%00%(upstream:remoteref) refs/heads/main refs/remotes/main [45ms]
2025-02-11 23:36:36.081 [info] > git for-each-ref --format=%(refname)%00%(upstream:short)%00%(objectname)%00%(upstream:track)%00%(upstream:remotename)%00%(upstream:remoteref) refs/heads/main refs/remotes/main [29ms]
2025-02-11 23:36:36.081 [warning] ENOENT: no such file or directory, open '/home/hwlee4/ICS45C/HW5/.git/refs/remotes/origin/main'
2025-02-11 23:36:36.081 [info] > git status -z -uall [103ms]
2025-02-11 23:36:36.081 [info] > git status -z -uall [98ms]
2025-02-11 23:36:36.081 [info] > git rev-list --count --left-right refs/heads/main...refs/remotes/origin/main [89ms]
2025-02-11 23:36:36.081 [info] > git config --local branch.main.vscode-merge-base [96ms]
2025-02-11 23:36:36.081 [info] > git for-each-ref --format=%(refname)%00%(upstream:short)%00%(objectname)%00%(upstream:track)%00%(upstream:remotename)%00%(upstream:remoteref) refs/heads/main refs/remotes/main [25ms]
2025-02-11 23:36:36.081 [info] > git diff --name-status -z --diff-filter=ADMR cf8d5839cd08372c62f09381215e8d81994990a6...refs/remotes/origin/main [35ms]
2025-02-11 23:36:36.081 [info] > git for-each-ref --format=%(refname)%00%(upstream:short)%00%(objectname)%00%(upstream:track)%00%(upstream:remotename)%00%(upstream:remoteref) refs/heads/main refs/remotes/main [47ms]
2025-02-11 23:36:36.081 [info] > git rev-parse refs/remotes/origin/main [114ms]
2025-02-11 23:36:36.081 [info] > git config --local branch.main.vscode-merge-base [7ms]
2025-02-11 23:36:36.081 [info] > git config --get commit.template [18ms]
2025-02-11 23:36:36.081 [info] > git for-each-ref --format=%(refname)%00%(upstream:short)%00%(objectname)%00%(upstream:track)%00%(upstream:remotename)%00%(upstream:remoteref) refs/heads/main refs/remotes/main [25ms]
2025-02-11 23:36:36.081 [info] > git for-each-ref --format=%(refname)%00%(upstream:short)%00%(objectname)%00%(upstream:track)%00%(upstream:remotename)%00%(upstream:remoteref) refs/heads/origin/main refs/remotes/origin/main [35ms]
2025-02-11 23:36:36.085 [info] > git config --local branch.main.vscode-merge-base [21ms]
2025-02-11 23:36:36.094 [info] > git merge-base refs/heads/main refs/remotes/origin/main [27ms]
2025-02-11 23:36:36.099 [info] > git for-each-ref --format=%(refname)%00%(upstream:short)%00%(objectname)%00%(upstream:track)%00%(upstream:remotename)%00%(upstream:remoteref) refs/heads/origin/main refs/remotes/origin/main [41ms]
2025-02-11 23:36:36.110 [info] > git status -z -uall [59ms]
2025-02-11 23:36:36.132 [info] > git status -z -uall [23ms]
2025-02-11 23:36:36.132 [info] > git rev-list --count --left-right refs/heads/main...refs/remotes/origin/main [33ms]
2025-02-11 23:36:36.137 [info] > git merge-base refs/heads/main refs/remotes/origin/main [33ms]
2025-02-11 23:36:36.151 [info] > git for-each-ref --format=%(refname)%00%(upstream:short)%00%(objectname)%00%(upstream:track)%00%(upstream:remotename)%00%(upstream:remoteref) refs/heads/main refs/remotes/main [58ms]
2025-02-11 23:36:36.151 [info] > git for-each-ref --format=%(refname)%00%(upstream:short)%00%(objectname)%00%(upstream:track)%00%(upstream:remotename)%00%(upstream:remoteref) refs/heads/origin/main refs/remotes/origin/main [62ms]
2025-02-11 23:36:36.154 [info] > git diff --name-status -z --diff-filter=ADMR 94ef69ee95c8de87a59616891bc9c945d7661a95...refs/remotes/origin/main [17ms]
2025-02-11 23:36:36.155 [info] > git config --get commit.template [25ms]
2025-02-11 23:36:36.156 [info] > git for-each-ref --format=%(refname)%00%(upstream:short)%00%(objectname)%00%(upstream:track)%00%(upstream:remotename)%00%(upstream:remoteref) refs/heads/main refs/remotes/main [39ms]
2025-02-11 23:36:36.197 [info] > git rev-list --count --left-right refs/heads/main...refs/remotes/origin/main [47ms]
2025-02-11 23:36:36.202 [info] > git config --local branch.main.vscode-merge-base [40ms]
2025-02-11 23:36:36.217 [warning] git config failed: Failed to execute git
2025-02-11 23:36:36.222 [info] > git for-each-ref --format=%(refname)%00%(upstream:short)%00%(objectname)%00%(upstream:track)%00%(upstream:remotename)%00%(upstream:remoteref) refs/heads/main refs/remotes/main [47ms]
2025-02-11 23:36:36.222 [info] > git status -z -uall [41ms]
2025-02-11 23:36:36.222 [info] > git for-each-ref --format=%(refname)%00%(upstream:short)%00%(objectname)%00%(upstream:track)%00%(upstream:remotename)%00%(upstream:remoteref) refs/heads/main refs/remotes/main [53ms]
2025-02-11 23:36:36.231 [warning] ENOENT: no such file or directory, open '/home/hwlee4/ICS45C/HW5/.git/refs/remotes/origin/main'
2025-02-11 23:36:36.244 [info] > git diff --name-status -z --diff-filter=ADMR 83b8c9caa62299ec43412888acef026380525026...refs/remotes/origin/main [42ms]
2025-02-11 23:36:36.254 [info] > git rev-parse refs/remotes/origin/main [23ms]
2025-02-11 23:36:36.258 [info] > git reflog main --grep-reflog=branch: Created from *. [36ms]
2025-02-11 23:36:36.262 [info] > git config --local branch.main.vscode-merge-base [35ms]
2025-02-11 23:36:36.268 [info] > git for-each-ref --format=%(refname)%00%(upstream:short)%00%(objectname)%00%(upstream:track)%00%(upstream:remotename)%00%(upstream:remoteref) refs/heads/main refs/remotes/main [18ms]
2025-02-11 23:36:36.283 [info] > git symbolic-ref --short refs/remotes/origin/HEAD [21ms]
2025-02-11 23:36:36.288 [info] > git config --local branch.main.vscode-merge-base [15ms]
2025-02-11 23:36:36.294 [info] > git for-each-ref --format=%(refname)%00%(upstream:short)%00%(objectname)%00%(upstream:track)%00%(upstream:remotename)%00%(upstream:remoteref) refs/heads/origin/main refs/remotes/origin/main [27ms]
2025-02-11 23:36:36.310 [info] > git status -z -uall [52ms]
2025-02-11 23:36:36.311 [info] > git for-each-ref --format=%(refname)%00%(upstream:short)%00%(objectname)%00%(upstream:track)%00%(upstream:remotename)%00%(upstream:remoteref) refs/heads/origin/main refs/remotes/origin/main [22ms]
2025-02-11 23:36:36.322 [info] > git for-each-ref --format=%(refname)%00%(upstream:short)%00%(objectname)%00%(upstream:track)%00%(upstream:remotename)%00%(upstream:remoteref) refs/heads/origin/main refs/remotes/origin/main [28ms]
2025-02-11 23:36:36.328 [info] > git config --local branch.main.vscode-merge-base origin/main [13ms]
2025-02-11 23:36:36.347 [info] > git for-each-ref --format=%(refname)%00%(upstream:short)%00%(objectname)%00%(upstream:track)%00%(upstream:remotename)%00%(upstream:remoteref) refs/heads/main refs/remotes/main [27ms]
2025-02-11 23:36:36.352 [info] > git config --get commit.template [18ms]
2025-02-11 23:36:36.363 [info] > git config --local branch.main.vscode-merge-base [12ms]
2025-02-11 23:36:36.368 [info] > git for-each-ref --format=%(refname)%00%(upstream:short)%00%(objectname)%00%(upstream:track)%00%(upstream:remotename)%00%(upstream:remoteref) refs/heads/main refs/remotes/main [31ms]
2025-02-11 23:36:36.373 [warning] ENOENT: no such file or directory, open '/home/hwlee4/ICS45C/HW5/.git/refs/remotes/origin/main'
2025-02-11 23:36:36.388 [info] > git for-each-ref --format=%(refname)%00%(upstream:short)%00%(objectname)%00%(upstream:track)%00%(upstream:remotename)%00%(upstream:remoteref) refs/heads/origin/main refs/remotes/origin/main [19ms]
2025-02-11 23:36:36.393 [info] > git rev-parse refs/remotes/origin/main [21ms]
2025-02-11 23:36:36.403 [info] > git merge-base refs/heads/main refs/remotes/origin/main [10ms]
2025-02-11 23:36:36.421 [info] > git rev-list --count --left-right refs/heads/main...refs/remotes/origin/main [13ms]
2025-02-11 23:36:36.434 [info] > git status -z -uall [37ms]
2025-02-11 23:36:36.457 [info] > git diff --name-status -z --diff-filter=ADMR b54eac8ae7bbbea491ee4e2f1ab6b877867dfec7...refs/remotes/origin/main [31ms]
2025-02-11 23:36:36.458 [info] > git for-each-ref --format=%(refname)%00%(upstream:short)%00%(objectname)%00%(upstream:track)%00%(upstream:remotename)%00%(upstream:remoteref) refs/heads/main refs/remotes/main [17ms]
2025-02-11 23:36:36.643 [info] > git config --local branch.main.vscode-merge-base [180ms]
2025-02-11 23:36:36.652 [info] > git check-ignore -v -z --stdin [34ms]
2025-02-11 23:36:36.653 [info] > git check-ignore -v -z --stdin [32ms]
2025-02-11 23:36:36.654 [info] > git check-ignore -v -z --stdin [28ms]
2025-02-11 23:36:36.654 [info] > git check-ignore -v -z --stdin [24ms]
2025-02-11 23:36:36.655 [info] > git check-ignore -v -z --stdin [19ms]
2025-02-11 23:36:36.655 [info] > git check-ignore -v -z --stdin [14ms]
2025-02-11 23:36:36.715 [info] > git for-each-ref --format=%(refname)%00%(upstream:short)%00%(objectname)%00%(upstream:track)%00%(upstream:remotename)%00%(upstream:remoteref) refs/heads/origin/main refs/remotes/origin/main [66ms]
2025-02-11 23:36:36.736 [info] > git rev-parse --show-toplevel [21ms]
2025-02-11 23:36:36.798 [info] > git rev-parse --path-format=relative --show-toplevel [57ms]
2025-02-11 23:36:37.220 [info] > git check-ignore -v -z --stdin [23ms]
2025-02-11 23:36:37.221 [info] > git check-ignore -v -z --stdin [20ms]
2025-02-11 23:36:37.221 [info] > git check-ignore -v -z --stdin [15ms]
2025-02-11 23:36:37.234 [info] > git check-ignore -v -z --stdin [24ms]
2025-02-11 23:36:37.234 [info] > git check-ignore -v -z --stdin [20ms]
2025-02-11 23:36:37.235 [info] > git check-ignore -v -z --stdin [17ms]
2025-02-11 23:36:38.151 [info] > git rev-parse --show-toplevel [262ms]
2025-02-11 23:36:38.174 [info] > git for-each-ref --format=%(refname)%00%(upstream:short)%00%(objectname)%00%(upstream:track)%00%(upstream:remotename)%00%(upstream:remoteref) refs/heads/main refs/remotes/main [13ms]
2025-02-11 23:36:38.174 [info] > git rev-parse --path-format=relative --show-toplevel [20ms]
2025-02-11 23:36:38.174 [info] > git config --get commit.template [24ms]
2025-02-11 23:36:38.178 [warning] ENOENT: no such file or directory, open '/home/hwlee4/ICS45C/HW5/.git/refs/remotes/origin/main'
2025-02-11 23:36:38.197 [info] > git rev-parse refs/remotes/origin/main [19ms]
2025-02-11 23:36:38.205 [info] > git rev-parse --show-toplevel [18ms]
2025-02-11 23:36:38.226 [info] > git rev-parse --path-format=relative --show-toplevel [17ms]
2025-02-11 23:36:38.240 [info] > git status -z -uall [35ms]
2025-02-11 23:36:38.296 [info] > git for-each-ref --format=%(refname)%00%(upstream:short)%00%(objectname)%00%(upstream:track)%00%(upstream:remotename)%00%(upstream:remoteref) refs/heads/main refs/remotes/main [47ms]
2025-02-11 23:36:38.327 [info] > git config --local branch.main.vscode-merge-base [22ms]
2025-02-11 23:36:38.345 [info] > git show --textconv :src/string.hpp [27ms]
2025-02-11 23:36:38.346 [info] > git ls-files --stage -- /home/hwlee4/ICS45C/HW4/src/string.hpp [21ms]
2025-02-11 23:36:38.352 [info] > git for-each-ref --format=%(refname)%00%(upstream:short)%00%(objectname)%00%(upstream:track)%00%(upstream:remotename)%00%(upstream:remoteref) refs/heads/origin/main refs/remotes/origin/main [20ms]
2025-02-11 23:36:38.392 [info] > git cat-file -s 0469792f8a9f85374f6fa1ef5235d79c1cd736df [41ms]
2025-02-11 23:36:42.406 [info] > git check-ignore -v -z --stdin [6ms]
2025-02-11 23:36:46.910 [info] > git check-ignore -v -z --stdin [7ms]
2025-02-11 23:36:49.112 [info] > git show --textconv :src/alloc.hpp [11ms]
2025-02-11 23:36:49.114 [info] > git ls-files --stage -- /home/hwlee4/ICS45C/HW5/src/alloc.hpp [7ms]
2025-02-11 23:36:49.129 [info] > git cat-file -s 68fee38907028f8369b66de8962ed70fa0a96c55 [12ms]
2025-02-11 23:36:50.423 [info] > git show --textconv :src/alloc.cpp [21ms]
2025-02-11 23:36:50.423 [info] > git ls-files --stage -- /home/hwlee4/ICS45C/HW5/src/alloc.cpp [17ms]
2025-02-11 23:36:50.448 [info] > git cat-file -s a2325e133803de1cab419aab5bfd31f5fda99c83 [21ms]
2025-02-11 23:36:59.368 [info] > git show --textconv :src/alloc.hpp [10ms]
2025-02-11 23:36:59.380 [info] > git ls-files --stage -- /home/hwlee4/ICS45C/HW5/src/alloc.hpp [15ms]
2025-02-11 23:36:59.394 [info] > git cat-file -s 68fee38907028f8369b66de8962ed70fa0a96c55 [9ms]
2025-02-11 23:37:02.798 [info] > git show --textconv :src/alloc.cpp [10ms]
2025-02-11 23:37:02.824 [info] > git ls-files --stage -- /home/hwlee4/ICS45C/HW5/src/alloc.cpp [31ms]
2025-02-11 23:37:02.838 [info] > git cat-file -s a2325e133803de1cab419aab5bfd31f5fda99c83 [10ms]
2025-02-11 23:37:04.432 [info] > git show --textconv :src/alloc.hpp [10ms]
2025-02-11 23:37:04.445 [info] > git ls-files --stage -- /home/hwlee4/ICS45C/HW5/src/alloc.hpp [18ms]
2025-02-11 23:37:04.473 [info] > git cat-file -s 68fee38907028f8369b66de8962ed70fa0a96c55 [23ms]
2025-02-11 23:37:05.139 [info] > git show --textconv :src/list.cpp [13ms]
2025-02-11 23:37:05.140 [info] > git ls-files --stage -- /home/hwlee4/ICS45C/HW5/src/list.cpp [7ms]
2025-02-11 23:37:05.168 [info] > git cat-file -s e69de29bb2d1d6434b8b29ae775ad8c2e48c5391 [20ms]
2025-02-11 23:37:05.920 [info] > git show --textconv :src/list.hpp [14ms]
2025-02-11 23:37:05.921 [info] > git ls-files --stage -- /home/hwlee4/ICS45C/HW5/src/list.hpp [10ms]
2025-02-11 23:37:05.937 [info] > git cat-file -s 6d5c24a7f4848b894ede63323ece90d724a4c19b [11ms]
2025-02-11 23:37:09.386 [info] > git show --textconv :src/standard_main.cpp [13ms]
2025-02-11 23:37:09.386 [info] > git ls-files --stage -- /home/hwlee4/ICS45C/HW5/src/standard_main.cpp [9ms]
2025-02-11 23:37:09.406 [info] > git cat-file -s c8c961a393465df9017f662f52385ddf89da0338 [15ms]
2025-02-11 23:37:12.968 [info] > git show --textconv :src/string.cpp [9ms]
2025-02-11 23:37:12.983 [info] > git ls-files --stage -- /home/hwlee4/ICS45C/HW5/src/string.cpp [18ms]
2025-02-11 23:37:12.997 [info] > git cat-file -s e69de29bb2d1d6434b8b29ae775ad8c2e48c5391 [9ms]
2025-02-11 23:37:16.128 [info] > git show --textconv :src/string.hpp [11ms]
2025-02-11 23:37:16.133 [info] > git ls-files --stage -- /home/hwlee4/ICS45C/HW5/src/string.hpp [11ms]
2025-02-11 23:37:16.150 [info] > git cat-file -s 10af9d727eca98f1d2a2bd42fbed0a73f5db62de [12ms]
