2025-01-29 09:07:41.016 [info] Log level: Info
2025-01-29 09:07:41.016 [info] Validating found git in: "git"
2025-01-29 09:07:41.016 [info] Using git "2.34.1" from "git"
2025-01-29 09:07:41.016 [info] > git rev-parse --show-toplevel [9ms]
2025-01-29 09:07:41.016 [info] > git rev-parse --path-format=relative --show-toplevel [4ms]
2025-01-29 09:07:41.016 [info] > git rev-parse --show-toplevel [8ms]
2025-01-29 09:07:41.016 [info] > git rev-parse --path-format=relative --show-toplevel [3ms]
2025-01-29 09:07:41.016 [info] > git rev-parse --git-dir --git-common-dir [5ms]
2025-01-29 09:07:41.016 [info] Open repository: /home/hwlee4/ICS45C/HW3
2025-01-29 09:07:41.016 [info] > git rev-parse --show-toplevel [9ms]
2025-01-29 09:07:41.016 [info] > git config --get commit.template [19ms]
2025-01-29 09:07:41.017 [info] > git rev-parse --path-format=relative --show-toplevel [12ms]
2025-01-29 09:07:41.017 [info] > git rev-parse --git-dir --git-common-dir [5ms]
2025-01-29 09:07:41.017 [info] Open repository: /home/hwlee4/ICS45C/HW0
2025-01-29 09:07:41.017 [info] > git for-each-ref --format=%(refname)%00%(upstream:short)%00%(objectname)%00%(upstream:track)%00%(upstream:remotename)%00%(upstream:remoteref) refs/heads/main refs/remotes/main [87ms]
2025-01-29 09:07:41.017 [info] > git rev-parse --show-toplevel [11ms]
2025-01-29 09:07:41.017 [info] > git config --get commit.template [19ms]
2025-01-29 09:07:41.017 [info] > git rev-parse --path-format=relative --show-toplevel [7ms]
2025-01-29 09:07:41.017 [info] > git rev-parse --git-dir --git-common-dir [8ms]
2025-01-29 09:07:41.017 [info] Open repository: /home/hwlee4/ICS45C/HW1
2025-01-29 09:07:41.017 [info] > git for-each-ref --format=%(refname)%00%(upstream:short)%00%(objectname)%00%(upstream:track)%00%(upstream:remotename)%00%(upstream:remoteref) refs/heads/main refs/remotes/main [32ms]
2025-01-29 09:07:41.017 [info] > git config --get commit.template [6ms]
2025-01-29 09:07:41.017 [info] > git status -z -uall [28ms]
2025-01-29 09:07:41.017 [info] > git rev-parse --show-toplevel [9ms]
2025-01-29 09:07:41.017 [info] > git for-each-ref --format=%(refname)%00%(upstream:short)%00%(objectname)%00%(upstream:track)%00%(upstream:remotename)%00%(upstream:remoteref) refs/heads/main refs/remotes/main [21ms]
2025-01-29 09:07:41.017 [info] > git rev-parse --path-format=relative --show-toplevel [35ms]
2025-01-29 09:07:41.017 [info] > git for-each-ref --format=%(refname)%00%(upstream:short)%00%(objectname)%00%(upstream:track)%00%(upstream:remotename)%00%(upstream:remoteref) refs/heads/main refs/remotes/main [41ms]
2025-01-29 09:07:41.017 [info] > git config --get commit.template [12ms]
2025-01-29 09:07:41.017 [info] > git config --local branch.main.vscode-merge-base [7ms]
2025-01-29 09:07:41.017 [info] > git rev-parse --git-dir --git-common-dir [13ms]
2025-01-29 09:07:41.017 [info] Open repository: /home/hwlee4/ICS45C/HW2
2025-01-29 09:07:41.017 [info] > git status -z -uall [50ms]
2025-01-29 09:07:41.017 [info] > git for-each-ref --format=%(refname)%00%(upstream:short)%00%(objectname)%00%(upstream:track)%00%(upstream:remotename)%00%(upstream:remoteref) refs/heads/main refs/remotes/main [24ms]
2025-01-29 09:07:41.017 [info] > git for-each-ref --format=%(refname)%00%(upstream:short)%00%(objectname)%00%(upstream:track)%00%(upstream:remotename)%00%(upstream:remoteref) refs/heads/origin/main refs/remotes/origin/main [27ms]
2025-01-29 09:07:41.017 [info] > git merge-base refs/heads/main refs/remotes/origin/main [24ms]
2025-01-29 09:07:41.017 [info] > git config --get commit.template [37ms]
2025-01-29 09:07:41.017 [info] > git config --get commit.template [13ms]
2025-01-29 09:07:41.017 [info] > git for-each-ref --format=%(refname)%00%(upstream:short)%00%(objectname)%00%(upstream:track)%00%(upstream:remotename)%00%(upstream:remoteref) refs/heads/main refs/remotes/main [30ms]
2025-01-29 09:07:41.017 [info] > git rev-list --count --left-right refs/heads/main...refs/remotes/origin/main [17ms]
2025-01-29 09:07:41.017 [info] > git config --local branch.main.vscode-merge-base [25ms]
2025-01-29 09:07:41.017 [info] > git status -z -uall [55ms]
2025-01-29 09:07:41.017 [info] > git for-each-ref --format=%(refname)%00%(upstream:short)%00%(objectname)%00%(upstream:track)%00%(upstream:remotename)%00%(upstream:remoteref) refs/heads/main refs/remotes/main [28ms]
2025-01-29 09:07:41.017 [info] > git diff --name-status -z --diff-filter=ADMR 986eb135158a0c18b6fffb17df834317e672d08c...refs/remotes/origin/main [21ms]
2025-01-29 09:07:41.017 [info] > git status -z -uall [42ms]
2025-01-29 09:07:41.017 [info] > git for-each-ref --format=%(refname)%00%(upstream:short)%00%(objectname)%00%(upstream:track)%00%(upstream:remotename)%00%(upstream:remoteref) refs/heads/origin/main refs/remotes/origin/main [30ms]
2025-01-29 09:07:41.017 [info] > git for-each-ref --format=%(refname)%00%(upstream:short)%00%(objectname)%00%(upstream:track)%00%(upstream:remotename)%00%(upstream:remoteref) refs/heads/main refs/remotes/main [44ms]
2025-01-29 09:07:41.017 [info] > git merge-base refs/heads/main refs/remotes/origin/main [47ms]
2025-01-29 09:07:41.017 [info] > git config --get commit.template [65ms]
2025-01-29 09:07:41.017 [info] > git for-each-ref --format=%(refname)%00%(upstream:short)%00%(objectname)%00%(upstream:track)%00%(upstream:remotename)%00%(upstream:remoteref) refs/heads/main refs/remotes/main [82ms]
2025-01-29 09:07:41.017 [info] > git for-each-ref --format=%(refname)%00%(upstream:short)%00%(objectname)%00%(upstream:track)%00%(upstream:remotename)%00%(upstream:remoteref) refs/heads/main refs/remotes/main [25ms]
2025-01-29 09:07:41.017 [info] > git config --local branch.main.vscode-merge-base [69ms]
2025-01-29 09:07:41.017 [info] > git rev-list --count --left-right refs/heads/main...refs/remotes/origin/main [82ms]
2025-01-29 09:07:41.017 [info] > git status -z -uall [99ms]
2025-01-29 09:07:41.017 [info] > git diff --name-status -z --diff-filter=ADMR bddd0b0d0cfc38d0bcdb3142f43ffb36c1294495...refs/remotes/origin/main [34ms]
2025-01-29 09:07:41.017 [info] > git for-each-ref --format=%(refname)%00%(upstream:short)%00%(objectname)%00%(upstream:track)%00%(upstream:remotename)%00%(upstream:remoteref) refs/heads/origin/main refs/remotes/origin/main [39ms]
2025-01-29 09:07:41.017 [info] > git for-each-ref --format=%(refname)%00%(upstream:short)%00%(objectname)%00%(upstream:track)%00%(upstream:remotename)%00%(upstream:remoteref) refs/heads/main refs/remotes/main [99ms]
2025-01-29 09:07:41.017 [info] > git config --local branch.main.vscode-merge-base [128ms]
2025-01-29 09:07:41.017 [info] > git status -z -uall [36ms]
2025-01-29 09:07:41.017 [info] > git for-each-ref --format=%(refname)%00%(upstream:short)%00%(objectname)%00%(upstream:track)%00%(upstream:remotename)%00%(upstream:remoteref) refs/heads/main refs/remotes/main [20ms]
2025-01-29 09:07:41.017 [info] > git merge-base refs/heads/main refs/remotes/origin/main [52ms]
2025-01-29 09:07:41.017 [info] > git config --local branch.main.vscode-merge-base [18ms]
2025-01-29 09:07:41.017 [info] > git config --get commit.template [51ms]
2025-01-29 09:07:41.017 [info] > git for-each-ref --format=%(refname)%00%(upstream:short)%00%(objectname)%00%(upstream:track)%00%(upstream:remotename)%00%(upstream:remoteref) refs/heads/origin/main refs/remotes/origin/main [55ms]
2025-01-29 09:07:41.017 [info] > git for-each-ref --format=%(refname)%00%(upstream:short)%00%(objectname)%00%(upstream:track)%00%(upstream:remotename)%00%(upstream:remoteref) refs/heads/main refs/remotes/main [17ms]
2025-01-29 09:07:41.017 [info] > git rev-list --count --left-right refs/heads/main...refs/remotes/origin/main [28ms]
2025-01-29 09:07:41.017 [info] > git config --local branch.main.vscode-merge-base [19ms]
2025-01-29 09:07:41.017 [info] > git for-each-ref --format=%(refname)%00%(upstream:short)%00%(objectname)%00%(upstream:track)%00%(upstream:remotename)%00%(upstream:remoteref) refs/heads/origin/main refs/remotes/origin/main [34ms]
2025-01-29 09:07:41.017 [info] > git status -z -uall [119ms]
2025-01-29 09:07:41.017 [info] > git for-each-ref --format=%(refname)%00%(upstream:short)%00%(objectname)%00%(upstream:track)%00%(upstream:remotename)%00%(upstream:remoteref) refs/heads/main refs/remotes/main [114ms]
2025-01-29 09:07:41.017 [info] > git diff --name-status -z --diff-filter=ADMR cf8d5839cd08372c62f09381215e8d81994990a6...refs/remotes/origin/main [124ms]
2025-01-29 09:07:41.017 [info] > git merge-base refs/heads/main refs/remotes/origin/main [106ms]
2025-01-29 09:07:41.017 [info] > git for-each-ref --format=%(refname)%00%(upstream:short)%00%(objectname)%00%(upstream:track)%00%(upstream:remotename)%00%(upstream:remoteref) refs/heads/origin/main refs/remotes/origin/main [117ms]
2025-01-29 09:07:41.017 [info] > git rev-list --count --left-right refs/heads/main...refs/remotes/origin/main [36ms]
2025-01-29 09:07:41.017 [info] > git for-each-ref --format=%(refname)%00%(upstream:short)%00%(objectname)%00%(upstream:track)%00%(upstream:remotename)%00%(upstream:remoteref) refs/heads/main refs/remotes/main [35ms]
2025-01-29 09:07:41.021 [info] > git diff --name-status -z --diff-filter=ADMR 94ef69ee95c8de87a59616891bc9c945d7661a95...refs/remotes/origin/main [16ms]
2025-01-29 09:07:41.022 [info] > git config --local branch.main.vscode-merge-base [13ms]
2025-01-29 09:07:41.037 [info] > git status -z -uall [23ms]
2025-01-29 09:07:41.046 [info] > git for-each-ref --format=%(refname)%00%(upstream:short)%00%(objectname)%00%(upstream:track)%00%(upstream:remotename)%00%(upstream:remoteref) refs/heads/origin/main refs/remotes/origin/main [20ms]
2025-01-29 09:07:41.058 [info] > git for-each-ref --format=%(refname)%00%(upstream:short)%00%(objectname)%00%(upstream:track)%00%(upstream:remotename)%00%(upstream:remoteref) refs/heads/main refs/remotes/main [15ms]
2025-01-29 09:07:41.068 [info] > git config --local branch.main.vscode-merge-base [6ms]
2025-01-29 09:07:41.084 [info] > git for-each-ref --format=%(refname)%00%(upstream:short)%00%(objectname)%00%(upstream:track)%00%(upstream:remotename)%00%(upstream:remoteref) refs/heads/origin/main refs/remotes/origin/main [12ms]
2025-01-29 09:07:41.524 [info] > git check-ignore -v -z --stdin [20ms]
2025-01-29 09:07:41.525 [info] > git check-ignore -v -z --stdin [16ms]
2025-01-29 09:07:41.527 [info] > git check-ignore -v -z --stdin [11ms]
2025-01-29 09:07:41.527 [info] > git check-ignore -v -z --stdin [7ms]
2025-01-29 09:07:41.640 [info] > git rev-parse --show-toplevel [7ms]
2025-01-29 09:07:41.651 [info] > git rev-parse --path-format=relative --show-toplevel [7ms]
2025-01-29 09:07:42.162 [info] > git check-ignore -v -z --stdin [18ms]
2025-01-29 09:07:42.163 [info] > git check-ignore -v -z --stdin [14ms]
2025-01-29 09:07:42.164 [info] > git check-ignore -v -z --stdin [10ms]
2025-01-29 09:07:42.166 [info] > git check-ignore -v -z --stdin [8ms]
2025-01-29 09:07:42.749 [info] > git show --textconv :src/string.hpp [12ms]
2025-01-29 09:07:42.750 [info] > git ls-files --stage -- /home/hwlee4/ICS45C/HW3/src/string.hpp [8ms]
2025-01-29 09:07:42.813 [info] > git cat-file -s 878dea8896dc8eb9e7f8818524acb59d761918c4 [58ms]
2025-01-29 09:07:43.400 [info] > git rev-parse --show-toplevel [7ms]
2025-01-29 09:07:43.410 [info] > git rev-parse --path-format=relative --show-toplevel [6ms]
2025-01-29 09:07:45.903 [info] > git rev-parse --show-toplevel [4ms]
2025-01-29 09:07:45.913 [info] > git rev-parse --path-format=relative --show-toplevel [5ms]
2025-01-29 09:10:24.648 [info] > git ls-files --stage -- /home/hwlee4/ICS45C/HW3/src/string.cpp [7ms]
2025-01-29 09:10:24.653 [info] > git show --textconv :src/string.cpp [18ms]
2025-01-29 09:10:24.662 [info] > git cat-file -s e69de29bb2d1d6434b8b29ae775ad8c2e48c5391 [8ms]
2025-01-29 09:10:28.993 [info] > git config --get commit.template [6ms]
2025-01-29 09:10:29.005 [info] > git for-each-ref --format=%(refname)%00%(upstream:short)%00%(objectname)%00%(upstream:track)%00%(upstream:remotename)%00%(upstream:remoteref) refs/heads/main refs/remotes/main [13ms]
2025-01-29 09:10:29.035 [info] > git status -z -uall [25ms]
2025-01-29 09:10:29.054 [info] > git for-each-ref --format=%(refname)%00%(upstream:short)%00%(objectname)%00%(upstream:track)%00%(upstream:remotename)%00%(upstream:remoteref) refs/heads/main refs/remotes/main [12ms]
2025-01-29 09:10:29.064 [info] > git config --local branch.main.vscode-merge-base [4ms]
2025-01-29 09:10:29.078 [info] > git for-each-ref --format=%(refname)%00%(upstream:short)%00%(objectname)%00%(upstream:track)%00%(upstream:remotename)%00%(upstream:remoteref) refs/heads/origin/main refs/remotes/origin/main [10ms]
2025-01-29 09:11:01.713 [info] > git config --get commit.template [6ms]
2025-01-29 09:11:01.725 [info] > git for-each-ref --format=%(refname)%00%(upstream:short)%00%(objectname)%00%(upstream:track)%00%(upstream:remotename)%00%(upstream:remoteref) refs/heads/main refs/remotes/main [13ms]
2025-01-29 09:11:01.746 [info] > git status -z -uall [16ms]
2025-01-29 09:11:01.765 [info] > git for-each-ref --format=%(refname)%00%(upstream:short)%00%(objectname)%00%(upstream:track)%00%(upstream:remotename)%00%(upstream:remoteref) refs/heads/main refs/remotes/main [13ms]
2025-01-29 09:11:01.774 [info] > git config --local branch.main.vscode-merge-base [5ms]
2025-01-29 09:11:01.788 [info] > git for-each-ref --format=%(refname)%00%(upstream:short)%00%(objectname)%00%(upstream:track)%00%(upstream:remotename)%00%(upstream:remoteref) refs/heads/origin/main refs/remotes/origin/main [10ms]
