2025-03-15 04:58:34.894 [info] Log level: Info
2025-03-15 04:58:34.894 [info] Validating found git in: "git"
2025-03-15 04:58:34.894 [info] Using git "2.34.1" from "git"
2025-03-15 04:58:34.894 [info] > git rev-parse --show-toplevel [8ms]
2025-03-15 04:58:34.894 [info] > git rev-parse --path-format=relative --show-toplevel [7ms]
2025-03-15 04:58:34.911 [info] > git rev-parse --show-toplevel [9ms]
2025-03-15 04:58:34.920 [info] > git rev-parse --path-format=relative --show-toplevel [4ms]
2025-03-15 04:58:34.929 [info] > git rev-parse --git-dir --git-common-dir [4ms]
2025-03-15 04:58:34.956 [info] Open repository: /home/hwlee4/ICS45C/HW0
2025-03-15 04:58:34.983 [info] > git config --get commit.template [11ms]
2025-03-15 04:58:34.984 [info] > git rev-parse --show-toplevel [17ms]
2025-03-15 04:58:35.062 [info] > git for-each-ref --format=%(refname)%00%(upstream:short)%00%(objectname)%00%(upstream:track)%00%(upstream:remotename)%00%(upstream:remoteref) refs/heads/main refs/remotes/main [84ms]
2025-03-15 04:58:35.063 [info] > git rev-parse --path-format=relative --show-toplevel [75ms]
2025-03-15 04:58:35.084 [info] > git rev-parse --git-dir --git-common-dir [15ms]
2025-03-15 04:58:35.093 [info] Open repository: /home/hwlee4/ICS45C/HW1
2025-03-15 04:58:35.106 [info] > git status -z -uall [30ms]
2025-03-15 04:58:35.136 [info] > git for-each-ref --format=%(refname)%00%(upstream:short)%00%(objectname)%00%(upstream:track)%00%(upstream:remotename)%00%(upstream:remoteref) refs/heads/main refs/remotes/main [22ms]
2025-03-15 04:58:35.142 [info] > git config --get commit.template [39ms]
2025-03-15 04:58:35.143 [info] > git rev-parse --show-toplevel [42ms]
2025-03-15 04:58:35.148 [info] > git config --local branch.main.vscode-merge-base [7ms]
2025-03-15 04:58:35.154 [info] > git config --get commit.template [19ms]
2025-03-15 04:58:35.155 [info] > git rev-parse --path-format=relative --show-toplevel [9ms]
2025-03-15 04:58:35.164 [info] > git for-each-ref --format=%(refname)%00%(upstream:short)%00%(objectname)%00%(upstream:track)%00%(upstream:remotename)%00%(upstream:remoteref) refs/heads/main refs/remotes/main [34ms]
2025-03-15 04:58:35.206 [info] > git for-each-ref --format=%(refname)%00%(upstream:short)%00%(objectname)%00%(upstream:track)%00%(upstream:remotename)%00%(upstream:remoteref) refs/heads/origin/main refs/remotes/origin/main [52ms]
2025-03-15 04:58:35.214 [info] > git for-each-ref --format=%(refname)%00%(upstream:short)%00%(objectname)%00%(upstream:track)%00%(upstream:remotename)%00%(upstream:remoteref) refs/heads/main refs/remotes/main [55ms]
2025-03-15 04:58:35.214 [info] > git rev-parse --git-dir --git-common-dir [51ms]
2025-03-15 04:58:35.223 [info] Open repository: /home/hwlee4/ICS45C/HW2
2025-03-15 04:58:35.225 [info] > git merge-base refs/heads/main refs/remotes/origin/main [13ms]
2025-03-15 04:58:35.252 [info] > git config --get commit.template [14ms]
2025-03-15 04:58:35.252 [info] > git rev-list --count --left-right refs/heads/main...refs/remotes/origin/main [22ms]
2025-03-15 04:58:35.257 [info] > git rev-parse --show-toplevel [23ms]
2025-03-15 04:58:35.261 [info] > git status -z -uall [15ms]
2025-03-15 04:58:35.273 [info] > git diff --name-status -z --diff-filter=ADMR bddd0b0d0cfc38d0bcdb3142f43ffb36c1294495...refs/remotes/origin/main [16ms]
2025-03-15 04:58:35.274 [info] > git rev-parse --path-format=relative --show-toplevel [14ms]
2025-03-15 04:58:35.276 [info] > git status -z -uall [34ms]
2025-03-15 04:58:35.299 [info] > git for-each-ref --format=%(refname)%00%(upstream:short)%00%(objectname)%00%(upstream:track)%00%(upstream:remotename)%00%(upstream:remoteref) refs/heads/main refs/remotes/main [31ms]
2025-03-15 04:58:35.303 [info] > git for-each-ref --format=%(refname)%00%(upstream:short)%00%(objectname)%00%(upstream:track)%00%(upstream:remotename)%00%(upstream:remoteref) refs/heads/main refs/remotes/main [54ms]
2025-03-15 04:58:35.306 [info] > git config --get commit.template [8ms]
2025-03-15 04:58:35.306 [info] > git rev-parse --git-dir --git-common-dir [13ms]
2025-03-15 04:58:35.315 [info] Open repository: /home/hwlee4/ICS45C/HW3
2025-03-15 04:58:35.316 [info] > git for-each-ref --format=%(refname)%00%(upstream:short)%00%(objectname)%00%(upstream:track)%00%(upstream:remotename)%00%(upstream:remoteref) refs/heads/main refs/remotes/main [34ms]
2025-03-15 04:58:35.331 [info] > git config --local branch.main.vscode-merge-base [28ms]
2025-03-15 04:58:35.341 [info] > git config --get commit.template [12ms]
2025-03-15 04:58:35.341 [info] > git rev-parse --show-toplevel [15ms]
2025-03-15 04:58:35.345 [info] > git config --local branch.main.vscode-merge-base [24ms]
2025-03-15 04:58:35.352 [info] > git rev-parse --path-format=relative --show-toplevel [7ms]
2025-03-15 04:58:35.352 [info] > git for-each-ref --format=%(refname)%00%(upstream:short)%00%(objectname)%00%(upstream:track)%00%(upstream:remotename)%00%(upstream:remoteref) refs/heads/main refs/remotes/main [13ms]
2025-03-15 04:58:35.353 [info] > git for-each-ref --format=%(refname)%00%(upstream:short)%00%(objectname)%00%(upstream:track)%00%(upstream:remotename)%00%(upstream:remoteref) refs/heads/origin/main refs/remotes/origin/main [18ms]
2025-03-15 04:58:35.369 [info] > git for-each-ref --format=%(refname)%00%(upstream:short)%00%(objectname)%00%(upstream:track)%00%(upstream:remotename)%00%(upstream:remoteref) refs/heads/origin/main refs/remotes/origin/main [19ms]
2025-03-15 04:58:35.378 [info] > git rev-parse --git-dir --git-common-dir [11ms]
2025-03-15 04:58:35.390 [info] Open repository: /home/hwlee4/ICS45C/HW4
2025-03-15 04:58:35.401 [info] > git status -z -uall [44ms]
2025-03-15 04:58:35.402 [info] > git for-each-ref --format=%(refname)%00%(upstream:short)%00%(objectname)%00%(upstream:track)%00%(upstream:remotename)%00%(upstream:remoteref) refs/heads/main refs/remotes/main [40ms]
2025-03-15 04:58:35.402 [info] > git merge-base refs/heads/main refs/remotes/origin/main [26ms]
2025-03-15 04:58:35.433 [info] > git status -z -uall [35ms]
2025-03-15 04:58:35.443 [info] > git config --get commit.template [11ms]
2025-03-15 04:58:35.443 [info] > git config --get commit.template [15ms]
2025-03-15 04:58:35.443 [info] > git rev-parse --show-toplevel [19ms]
2025-03-15 04:58:35.447 [info] > git rev-list --count --left-right refs/heads/main...refs/remotes/origin/main [40ms]
2025-03-15 04:58:35.452 [info] > git for-each-ref --format=%(refname)%00%(upstream:short)%00%(objectname)%00%(upstream:track)%00%(upstream:remotename)%00%(upstream:remoteref) refs/heads/main refs/remotes/main [40ms]
2025-03-15 04:58:35.461 [info] > git rev-parse --path-format=relative --show-toplevel [14ms]
2025-03-15 04:58:35.462 [info] > git for-each-ref --format=%(refname)%00%(upstream:short)%00%(objectname)%00%(upstream:track)%00%(upstream:remotename)%00%(upstream:remoteref) refs/heads/main refs/remotes/main [24ms]
2025-03-15 04:58:35.479 [info] > git diff --name-status -z --diff-filter=ADMR cf8d5839cd08372c62f09381215e8d81994990a6...refs/remotes/origin/main [28ms]
2025-03-15 04:58:35.480 [info] > git config --local branch.main.vscode-merge-base [24ms]
2025-03-15 04:58:35.488 [info] > git rev-parse --git-dir --git-common-dir [10ms]
2025-03-15 04:58:35.496 [info] Open repository: /home/hwlee4/ICS45C/HW5
2025-03-15 04:58:35.497 [info] > git for-each-ref --format=%(refname)%00%(upstream:short)%00%(objectname)%00%(upstream:track)%00%(upstream:remotename)%00%(upstream:remoteref) refs/heads/main refs/remotes/main [23ms]
2025-03-15 04:58:35.497 [info] > git for-each-ref --format=%(refname)%00%(upstream:short)%00%(objectname)%00%(upstream:track)%00%(upstream:remotename)%00%(upstream:remoteref) refs/heads/main refs/remotes/main [38ms]
2025-03-15 04:58:35.498 [info] > git config --local branch.main.vscode-merge-base [32ms]
2025-03-15 04:58:35.513 [info] > git status -z -uall [43ms]
2025-03-15 04:58:35.526 [info] > git for-each-ref --format=%(refname)%00%(upstream:short)%00%(objectname)%00%(upstream:track)%00%(upstream:remotename)%00%(upstream:remoteref) refs/heads/origin/main refs/remotes/origin/main [41ms]
2025-03-15 04:58:35.568 [info] > git for-each-ref --format=%(refname)%00%(upstream:short)%00%(objectname)%00%(upstream:track)%00%(upstream:remotename)%00%(upstream:remoteref) refs/heads/main refs/remotes/main [49ms]
2025-03-15 04:58:35.573 [info] > git config --get commit.template [62ms]
2025-03-15 04:58:35.573 [info] > git rev-parse --show-toplevel [66ms]
2025-03-15 04:58:35.577 [info] > git for-each-ref --format=%(refname)%00%(upstream:short)%00%(objectname)%00%(upstream:track)%00%(upstream:remotename)%00%(upstream:remoteref) refs/heads/origin/main refs/remotes/origin/main [75ms]
2025-03-15 04:58:35.580 [info] > git config --local branch.main.vscode-merge-base [8ms]
2025-03-15 04:58:35.585 [info] > git config --get commit.template [19ms]
2025-03-15 04:58:35.585 [info] > git merge-base refs/heads/main refs/remotes/origin/main [54ms]
2025-03-15 04:58:35.602 [info] > git rev-parse --path-format=relative --show-toplevel [25ms]
2025-03-15 04:58:35.615 [info] > git for-each-ref --format=%(refname)%00%(upstream:short)%00%(objectname)%00%(upstream:track)%00%(upstream:remotename)%00%(upstream:remoteref) refs/heads/origin/main refs/remotes/origin/main [31ms]
2025-03-15 04:58:35.622 [info] > git status -z -uall [25ms]
2025-03-15 04:58:35.623 [info] > git rev-parse --git-dir --git-common-dir [9ms]
2025-03-15 04:58:35.630 [info] Open repository: /home/hwlee4/ICS45C/HW6
2025-03-15 04:58:35.631 [info] > git for-each-ref --format=%(refname)%00%(upstream:short)%00%(objectname)%00%(upstream:track)%00%(upstream:remotename)%00%(upstream:remoteref) refs/heads/main refs/remotes/main [21ms]
2025-03-15 04:58:35.632 [info] > git for-each-ref --format=%(refname)%00%(upstream:short)%00%(objectname)%00%(upstream:track)%00%(upstream:remotename)%00%(upstream:remoteref) refs/heads/main refs/remotes/main [39ms]
2025-03-15 04:58:35.640 [info] > git rev-list --count --left-right refs/heads/main...refs/remotes/origin/main [51ms]
2025-03-15 04:58:35.653 [info] > git status -z -uall [52ms]
2025-03-15 04:58:35.666 [info] > git merge-base refs/heads/main refs/remotes/origin/main [46ms]
2025-03-15 04:58:35.680 [info] > git for-each-ref --format=%(refname)%00%(upstream:short)%00%(objectname)%00%(upstream:track)%00%(upstream:remotename)%00%(upstream:remoteref) refs/heads/main refs/remotes/main [21ms]
2025-03-15 04:58:35.685 [info] > git config --get commit.template [32ms]
2025-03-15 04:58:35.685 [info] > git rev-parse --show-toplevel [36ms]
2025-03-15 04:58:35.689 [info] > git diff --name-status -z --diff-filter=ADMR 94ef69ee95c8de87a59616891bc9c945d7661a95...refs/remotes/origin/main [45ms]
2025-03-15 04:58:35.690 [info] > git for-each-ref --format=%(refname)%00%(upstream:short)%00%(objectname)%00%(upstream:track)%00%(upstream:remotename)%00%(upstream:remoteref) refs/heads/main refs/remotes/main [53ms]
2025-03-15 04:58:35.697 [info] > git rev-parse --path-format=relative --show-toplevel [8ms]
2025-03-15 04:58:35.697 [info] > git config --local branch.main.vscode-merge-base [13ms]
2025-03-15 04:58:35.702 [info] > git config --get commit.template [25ms]
2025-03-15 04:58:35.720 [info] > git config --local branch.main.vscode-merge-base [25ms]
2025-03-15 04:58:35.726 [info] > git rev-list --count --left-right refs/heads/main...refs/remotes/origin/main [55ms]
2025-03-15 04:58:35.737 [info] > git rev-parse --git-dir --git-common-dir [17ms]
2025-03-15 04:58:35.744 [info] Open repository: /home/hwlee4/ICS45C/HW7
2025-03-15 04:58:35.746 [info] > git for-each-ref --format=%(refname)%00%(upstream:short)%00%(objectname)%00%(upstream:track)%00%(upstream:remotename)%00%(upstream:remoteref) refs/heads/origin/main refs/remotes/origin/main [44ms]
2025-03-15 04:58:35.760 [info] > git status -z -uall [50ms]
2025-03-15 04:58:35.760 [info] > git status -z -uall [46ms]
2025-03-15 04:58:35.761 [info] > git for-each-ref --format=%(refname)%00%(upstream:short)%00%(objectname)%00%(upstream:track)%00%(upstream:remotename)%00%(upstream:remoteref) refs/heads/main refs/remotes/main [25ms]
2025-03-15 04:58:35.768 [info] > git diff --name-status -z --diff-filter=ADMR 83b8c9caa62299ec43412888acef026380525026...refs/remotes/origin/main [38ms]
2025-03-15 04:58:35.797 [info] > git for-each-ref --format=%(refname)%00%(upstream:short)%00%(objectname)%00%(upstream:track)%00%(upstream:remotename)%00%(upstream:remoteref) refs/heads/origin/main refs/remotes/origin/main [71ms]
2025-03-15 04:58:35.798 [info] > git for-each-ref --format=%(refname)%00%(upstream:short)%00%(objectname)%00%(upstream:track)%00%(upstream:remotename)%00%(upstream:remoteref) refs/heads/main refs/remotes/main [92ms]
2025-03-15 04:58:35.805 [info] > git for-each-ref --format=%(refname)%00%(upstream:short)%00%(objectname)%00%(upstream:track)%00%(upstream:remotename)%00%(upstream:remoteref) refs/heads/main refs/remotes/main [38ms]
2025-03-15 04:58:35.810 [info] > git config --get commit.template [51ms]
2025-03-15 04:58:35.810 [info] > git rev-parse --show-toplevel [55ms]
2025-03-15 04:58:35.814 [info] > git merge-base refs/heads/main refs/remotes/origin/main [64ms]
2025-03-15 04:58:35.822 [info] > git rev-parse --path-format=relative --show-toplevel [8ms]
2025-03-15 04:58:35.823 [info] > git config --local branch.main.vscode-merge-base [13ms]
2025-03-15 04:58:35.829 [info] > git config --get commit.template [26ms]
2025-03-15 04:58:35.830 [info] > git for-each-ref --format=%(refname)%00%(upstream:short)%00%(objectname)%00%(upstream:track)%00%(upstream:remotename)%00%(upstream:remoteref) refs/heads/main refs/remotes/main [56ms]
2025-03-15 04:58:35.859 [info] > git rev-list --count --left-right refs/heads/main...refs/remotes/origin/main [39ms]
2025-03-15 04:58:35.866 [info] > git config --local branch.main.vscode-merge-base [29ms]
2025-03-15 04:58:35.871 [info] > git for-each-ref --format=%(refname)%00%(upstream:short)%00%(objectname)%00%(upstream:track)%00%(upstream:remotename)%00%(upstream:remoteref) refs/heads/origin/main refs/remotes/origin/main [42ms]
2025-03-15 04:58:35.882 [info] > git status -z -uall [29ms]
2025-03-15 04:58:35.882 [info] > git for-each-ref --format=%(refname)%00%(upstream:short)%00%(objectname)%00%(upstream:track)%00%(upstream:remotename)%00%(upstream:remoteref) refs/heads/main refs/remotes/main [24ms]
2025-03-15 04:58:35.891 [info] > git for-each-ref --format=%(refname)%00%(upstream:short)%00%(objectname)%00%(upstream:track)%00%(upstream:remotename)%00%(upstream:remoteref) refs/heads/main refs/remotes/main [49ms]
2025-03-15 04:58:35.892 [info] > git rev-parse --git-dir --git-common-dir [45ms]
2025-03-15 04:58:35.907 [info] Open repository: /home/hwlee4/ICS45C/HW8
2025-03-15 04:58:35.910 [info] > git for-each-ref --format=%(refname)%00%(upstream:short)%00%(objectname)%00%(upstream:track)%00%(upstream:remotename)%00%(upstream:remoteref) refs/heads/main refs/remotes/main [20ms]
2025-03-15 04:58:35.915 [info] > git for-each-ref --format=%(refname)%00%(upstream:short)%00%(objectname)%00%(upstream:track)%00%(upstream:remotename)%00%(upstream:remoteref) refs/heads/origin/main refs/remotes/origin/main [43ms]
2025-03-15 04:58:35.919 [info] > git diff --name-status -z --diff-filter=ADMR 23f1d7363861263b3745c679b62ddb8e2fdc6e7e...refs/remotes/origin/main [54ms]
2025-03-15 04:58:35.929 [info] > git status -z -uall [52ms]
2025-03-15 04:58:35.929 [info] > git config --local branch.main.vscode-merge-base [15ms]
2025-03-15 04:58:35.963 [info] > git for-each-ref --format=%(refname)%00%(upstream:short)%00%(objectname)%00%(upstream:track)%00%(upstream:remotename)%00%(upstream:remoteref) refs/heads/main refs/remotes/main [20ms]
2025-03-15 04:58:35.970 [info] > git for-each-ref --format=%(refname)%00%(upstream:short)%00%(objectname)%00%(upstream:track)%00%(upstream:remotename)%00%(upstream:remoteref) refs/heads/origin/main refs/remotes/origin/main [36ms]
2025-03-15 04:58:35.971 [info] > git config --get commit.template [43ms]
2025-03-15 04:58:35.971 [info] > git rev-parse --show-toplevel [48ms]
2025-03-15 04:58:36.000 [info] > git merge-base refs/heads/main refs/remotes/origin/main [81ms]
2025-03-15 04:58:36.029 [info] > git status -z -uall [15ms]
2025-03-15 04:58:36.029 [info] > git rev-parse --path-format=relative --show-toplevel [29ms]
2025-03-15 04:58:36.030 [info] > git config --local branch.main.vscode-merge-base [60ms]
2025-03-15 04:58:36.037 [info] > git config --get commit.template [77ms]
2025-03-15 04:58:36.108 [info] > git rev-list --count --left-right refs/heads/main...refs/remotes/origin/main [101ms]
2025-03-15 04:58:36.118 [info] > git status -z -uall [98ms]
2025-03-15 04:58:36.119 [info] > git rev-parse --git-dir --git-common-dir [19ms]
2025-03-15 04:58:36.127 [info] Open repository: /home/hwlee4/ICS45C/HW9
2025-03-15 04:58:36.137 [info] > git for-each-ref --format=%(refname)%00%(upstream:short)%00%(objectname)%00%(upstream:track)%00%(upstream:remotename)%00%(upstream:remoteref) refs/heads/main refs/remotes/main [111ms]
2025-03-15 04:58:36.156 [info] > git for-each-ref --format=%(refname)%00%(upstream:short)%00%(objectname)%00%(upstream:track)%00%(upstream:remotename)%00%(upstream:remoteref) refs/heads/origin/main refs/remotes/origin/main [120ms]
2025-03-15 04:58:36.218 [info] > git for-each-ref --format=%(refname)%00%(upstream:short)%00%(objectname)%00%(upstream:track)%00%(upstream:remotename)%00%(upstream:remoteref) refs/heads/main refs/remotes/main [102ms]
2025-03-15 04:58:36.218 [info] > git diff --name-status -z --diff-filter=ADMR 2e0d8ba95f2aa1568c03344698e0df55135e7cec...refs/remotes/origin/main [105ms]
2025-03-15 04:58:36.219 [info] > git for-each-ref --format=%(refname)%00%(upstream:short)%00%(objectname)%00%(upstream:track)%00%(upstream:remotename)%00%(upstream:remoteref) refs/heads/main refs/remotes/main [113ms]
2025-03-15 04:58:36.229 [info] > git config --get commit.template [13ms]
2025-03-15 04:58:36.230 [info] > git config --get commit.template [20ms]
2025-03-15 04:58:36.230 [info] > git rev-parse --show-toplevel [25ms]
2025-03-15 04:58:36.235 [info] > git merge-base refs/heads/main refs/remotes/origin/main [37ms]
2025-03-15 04:58:36.242 [info] > git for-each-ref --format=%(refname)%00%(upstream:short)%00%(objectname)%00%(upstream:track)%00%(upstream:remotename)%00%(upstream:remoteref) refs/heads/main refs/remotes/main [92ms]
2025-03-15 04:58:36.270 [info] > git rev-parse --path-format=relative --show-toplevel [35ms]
2025-03-15 04:58:36.271 [info] > git config --local branch.main.vscode-merge-base [45ms]
2025-03-15 04:58:36.292 [info] > git rev-list --count --left-right refs/heads/main...refs/remotes/origin/main [51ms]
2025-03-15 04:58:36.297 [info] > git config --local branch.main.vscode-merge-base [49ms]
2025-03-15 04:58:36.311 [info] > git for-each-ref --format=%(refname)%00%(upstream:short)%00%(objectname)%00%(upstream:track)%00%(upstream:remotename)%00%(upstream:remoteref) refs/heads/main refs/remotes/main [21ms]
2025-03-15 04:58:36.312 [info] > git for-each-ref --format=%(refname)%00%(upstream:short)%00%(objectname)%00%(upstream:track)%00%(upstream:remotename)%00%(upstream:remoteref) refs/heads/main refs/remotes/main [31ms]
2025-03-15 04:58:36.312 [info] > git for-each-ref --format=%(refname)%00%(upstream:short)%00%(objectname)%00%(upstream:track)%00%(upstream:remotename)%00%(upstream:remoteref) refs/heads/origin/main refs/remotes/origin/main [35ms]
2025-03-15 04:58:36.402 [warning] ENOENT: no such file or directory, open '/home/hwlee4/ICS45C/HW9/.git/refs/remotes/origin/main'
2025-03-15 04:58:36.403 [info] > git for-each-ref --format=%(refname)%00%(upstream:short)%00%(objectname)%00%(upstream:track)%00%(upstream:remotename)%00%(upstream:remoteref) refs/heads/origin/main refs/remotes/origin/main [101ms]
2025-03-15 04:58:36.407 [info] > git diff --name-status -z --diff-filter=ADMR ab924b2367ceae6792fa744183edcf5376e9d74b...refs/remotes/origin/main [111ms]
2025-03-15 04:58:36.410 [info] > git status -z -uall [124ms]
2025-03-15 04:58:36.410 [info] > git status -z -uall [104ms]
2025-03-15 04:58:36.410 [info] > git rev-parse refs/remotes/origin/main [8ms]
2025-03-15 04:58:36.432 [info] > git rev-parse --show-toplevel [122ms]
2025-03-15 04:58:36.442 [info] > git for-each-ref --format=%(refname)%00%(upstream:short)%00%(objectname)%00%(upstream:track)%00%(upstream:remotename)%00%(upstream:remoteref) refs/heads/main refs/remotes/main [23ms]
2025-03-15 04:58:36.446 [info] > git merge-base refs/heads/main refs/remotes/origin/main [39ms]
2025-03-15 04:58:36.456 [info] > git config --local branch.main.vscode-merge-base [10ms]
2025-03-15 04:58:36.462 [info] > git config --get commit.template [20ms]
2025-03-15 04:58:36.462 [info] > git for-each-ref --format=%(refname)%00%(upstream:short)%00%(objectname)%00%(upstream:track)%00%(upstream:remotename)%00%(upstream:remoteref) refs/heads/main refs/remotes/main [36ms]
2025-03-15 04:58:36.468 [info] > git rev-parse --path-format=relative --show-toplevel [32ms]
2025-03-15 04:58:36.470 [info] > git status -z -uall [56ms]
2025-03-15 04:58:36.471 [info] > git status -z -uall [15ms]
2025-03-15 04:58:36.479 [info] > git rev-list --count --left-right refs/heads/main...refs/remotes/origin/main [29ms]
2025-03-15 04:58:36.506 [info] > git diff --name-status -z --diff-filter=ADMR 6df176b74d650f64384015a22b2d80a7788c015d...refs/remotes/origin/main [21ms]
2025-03-15 04:58:36.507 [info] > git for-each-ref --format=%(refname)%00%(upstream:short)%00%(objectname)%00%(upstream:track)%00%(upstream:remotename)%00%(upstream:remoteref) refs/heads/main refs/remotes/main [29ms]
2025-03-15 04:58:36.513 [info] > git config --local branch.main.vscode-merge-base [45ms]
2025-03-15 04:58:36.518 [info] > git for-each-ref --format=%(refname)%00%(upstream:short)%00%(objectname)%00%(upstream:track)%00%(upstream:remotename)%00%(upstream:remoteref) refs/heads/origin/main refs/remotes/origin/main [57ms]
2025-03-15 04:58:36.521 [info] > git config --local branch.main.vscode-merge-base [9ms]
2025-03-15 04:58:36.525 [info] > git config --get commit.template [21ms]
2025-03-15 04:58:36.525 [info] > git for-each-ref --format=%(refname)%00%(upstream:short)%00%(objectname)%00%(upstream:track)%00%(upstream:remotename)%00%(upstream:remoteref) refs/heads/main refs/remotes/main [25ms]
2025-03-15 04:58:36.526 [info] > git for-each-ref --format=%(refname)%00%(upstream:short)%00%(objectname)%00%(upstream:track)%00%(upstream:remotename)%00%(upstream:remoteref) refs/heads/main refs/remotes/main [37ms]
2025-03-15 04:58:36.531 [info] > git for-each-ref --format=%(refname)%00%(upstream:short)%00%(objectname)%00%(upstream:track)%00%(upstream:remotename)%00%(upstream:remoteref) refs/heads/origin/main refs/remotes/origin/main [12ms]
2025-03-15 04:58:36.540 [info] > git config --local branch.main.vscode-merge-base [11ms]
2025-03-15 04:58:36.540 [warning] git config failed: Failed to execute git
2025-03-15 04:58:36.544 [info] > git for-each-ref --format=%(refname)%00%(upstream:short)%00%(objectname)%00%(upstream:track)%00%(upstream:remotename)%00%(upstream:remoteref) refs/heads/origin/main refs/remotes/origin/main [19ms]
2025-03-15 04:58:36.579 [info] > git merge-base refs/heads/main refs/remotes/origin/main [44ms]
2025-03-15 04:58:36.595 [info] > git merge-base refs/heads/main refs/remotes/origin/main [46ms]
2025-03-15 04:58:36.600 [info] > git reflog main --grep-reflog=branch: Created from *. [56ms]
2025-03-15 04:58:36.604 [info] > git for-each-ref --format=%(refname)%00%(upstream:short)%00%(objectname)%00%(upstream:track)%00%(upstream:remotename)%00%(upstream:remoteref) refs/heads/main refs/remotes/main [65ms]
2025-03-15 04:58:36.608 [warning] ENOENT: no such file or directory, open '/home/hwlee4/ICS45C/HW9/.git/refs/remotes/origin/main'
2025-03-15 04:58:36.609 [info] > git status -z -uall [21ms]
2025-03-15 04:58:36.619 [info] > git rev-parse refs/remotes/origin/main [11ms]
2025-03-15 04:58:36.623 [info] > git symbolic-ref --short refs/remotes/origin/HEAD [19ms]
2025-03-15 04:58:36.627 [info] > git rev-list --count --left-right refs/heads/main...refs/remotes/origin/main [27ms]
2025-03-15 04:58:36.628 [info] > git rev-list --count --left-right refs/heads/main...refs/remotes/origin/main [44ms]
2025-03-15 04:58:36.635 [info] > git for-each-ref --format=%(refname)%00%(upstream:short)%00%(objectname)%00%(upstream:track)%00%(upstream:remotename)%00%(upstream:remoteref) refs/heads/main refs/remotes/main [20ms]
2025-03-15 04:58:36.640 [info] > git for-each-ref --format=%(refname)%00%(upstream:short)%00%(objectname)%00%(upstream:track)%00%(upstream:remotename)%00%(upstream:remoteref) refs/heads/origin/main refs/remotes/origin/main [13ms]
2025-03-15 04:58:36.648 [info] > git diff --name-status -z --diff-filter=ADMR f5f962b8b705cdad8f105650973386554b98bff7...refs/remotes/origin/main [14ms]
2025-03-15 04:58:36.649 [info] > git config --local branch.main.vscode-merge-base [9ms]
2025-03-15 04:58:36.656 [info] > git config --local branch.main.vscode-merge-base origin/main [11ms]
2025-03-15 04:58:36.665 [info] > git status -z -uall [42ms] (cancelled)
2025-03-15 04:58:36.672 [info] > git for-each-ref --format=%(refname)%00%(upstream:short)%00%(objectname)%00%(upstream:track)%00%(upstream:remotename)%00%(upstream:remoteref) refs/heads/origin/main refs/remotes/origin/main [18ms]
2025-03-15 04:58:36.697 [info] > git config --get commit.template [33ms]
2025-03-15 04:58:36.711 [info] > git for-each-ref --format=%(refname)%00%(upstream:short)%00%(objectname)%00%(upstream:track)%00%(upstream:remotename)%00%(upstream:remoteref) refs/heads/main refs/remotes/main [9ms]
2025-03-15 04:58:36.716 [warning] ENOENT: no such file or directory, open '/home/hwlee4/ICS45C/HW9/.git/refs/remotes/origin/main'
2025-03-15 04:58:36.721 [info] > git rev-parse refs/remotes/origin/main [5ms]
2025-03-15 04:58:36.758 [info] > git status -z -uall [33ms]
2025-03-15 04:58:36.775 [info] > git for-each-ref --format=%(refname)%00%(upstream:short)%00%(objectname)%00%(upstream:track)%00%(upstream:remotename)%00%(upstream:remoteref) refs/heads/main refs/remotes/main [11ms]
2025-03-15 04:58:36.801 [info] > git merge-base refs/heads/main refs/remotes/origin/main [31ms]
2025-03-15 04:58:36.807 [info] > git config --local branch.main.vscode-merge-base [7ms]
2025-03-15 04:58:36.815 [info] > git rev-list --count --left-right refs/heads/main...refs/remotes/origin/main [9ms]
2025-03-15 04:58:36.822 [info] > git for-each-ref --format=%(refname)%00%(upstream:short)%00%(objectname)%00%(upstream:track)%00%(upstream:remotename)%00%(upstream:remoteref) refs/heads/origin/main refs/remotes/origin/main [10ms]
2025-03-15 04:58:36.831 [info] > git diff --name-status -z --diff-filter=ADMR 6d6efb8ca912d6d45e0a650377262b3222f42201...refs/remotes/origin/main [10ms]
2025-03-15 04:58:37.043 [info] > git rev-parse --show-toplevel [6ms]
2025-03-15 04:58:37.053 [info] > git rev-parse --path-format=relative --show-toplevel [5ms]
2025-03-15 04:58:37.064 [info] > git rev-parse --show-toplevel [4ms]
2025-03-15 04:58:37.073 [info] > git rev-parse --path-format=relative --show-toplevel [5ms]
2025-03-15 04:58:38.023 [info] > git merge-base refs/heads/main refs/remotes/origin/main [12ms]
2025-03-15 04:58:38.029 [info] > git merge-base refs/heads/main refs/remotes/origin/main [22ms]
2025-03-15 04:58:38.035 [info] > git merge-base refs/heads/main refs/remotes/origin/main [32ms]
2025-03-15 04:58:38.040 [info] > git merge-base refs/heads/main refs/remotes/origin/main [43ms]
2025-03-15 04:58:38.045 [info] > git merge-base refs/heads/main refs/remotes/origin/main [53ms]
2025-03-15 04:58:38.050 [info] > git merge-base refs/heads/main refs/remotes/origin/main [63ms]
2025-03-15 04:58:38.058 [info] > git rev-list --count --left-right refs/heads/main...refs/remotes/origin/main [14ms]
2025-03-15 04:58:38.059 [info] > git rev-list --count --left-right refs/heads/main...refs/remotes/origin/main [20ms]
2025-03-15 04:58:38.061 [info] > git rev-list --count --left-right refs/heads/main...refs/remotes/origin/main [27ms]
2025-03-15 04:58:38.062 [info] > git rev-list --count --left-right refs/heads/main...refs/remotes/origin/main [34ms]
2025-03-15 04:58:38.063 [info] > git merge-base refs/heads/main refs/remotes/origin/main [42ms]
2025-03-15 04:58:38.101 [info] > git merge-base refs/heads/main refs/remotes/origin/main [85ms]
2025-03-15 04:58:38.118 [info] > git rev-list --count --left-right refs/heads/main...refs/remotes/origin/main [63ms]
2025-03-15 04:58:38.119 [info] > git rev-list --count --left-right refs/heads/main...refs/remotes/origin/main [69ms]
2025-03-15 04:58:38.121 [info] > git rev-list --count --left-right refs/heads/main...refs/remotes/origin/main [14ms]
2025-03-15 04:58:38.122 [info] > git rev-list --count --left-right refs/heads/main...refs/remotes/origin/main [21ms]
2025-03-15 04:58:39.143 [info] > git config --get commit.template [6ms]
2025-03-15 04:58:39.152 [info] > git for-each-ref --format=%(refname)%00%(upstream:short)%00%(objectname)%00%(upstream:track)%00%(upstream:remotename)%00%(upstream:remoteref) refs/heads/main refs/remotes/main [10ms]
2025-03-15 04:58:39.156 [warning] ENOENT: no such file or directory, open '/home/hwlee4/ICS45C/HW9/.git/refs/remotes/origin/main'
2025-03-15 04:58:39.163 [info] > git rev-parse refs/remotes/origin/main [6ms]
2025-03-15 04:58:39.200 [info] > git status -z -uall [33ms]
2025-03-15 04:58:39.218 [info] > git for-each-ref --format=%(refname)%00%(upstream:short)%00%(objectname)%00%(upstream:track)%00%(upstream:remotename)%00%(upstream:remoteref) refs/heads/main refs/remotes/main [11ms]
2025-03-15 04:58:39.227 [info] > git config --local branch.main.vscode-merge-base [4ms]
2025-03-15 04:58:39.240 [info] > git for-each-ref --format=%(refname)%00%(upstream:short)%00%(objectname)%00%(upstream:track)%00%(upstream:remotename)%00%(upstream:remoteref) refs/heads/origin/main refs/remotes/origin/main [8ms]
2025-03-15 04:58:39.330 [info] > git merge-base refs/heads/main refs/remotes/origin/main [53ms]
2025-03-15 04:58:39.335 [info] > git rev-parse --show-toplevel [5ms]
2025-03-15 04:58:39.346 [info] > git rev-parse --path-format=relative --show-toplevel [7ms]
2025-03-15 04:58:39.346 [info] > git rev-list --count --left-right refs/heads/main...refs/remotes/origin/main [11ms]
2025-03-15 04:58:39.359 [info] > git rev-parse --show-toplevel [6ms]
2025-03-15 04:58:39.368 [info] > git rev-parse --path-format=relative --show-toplevel [5ms]
2025-03-15 04:58:39.379 [info] > git rev-parse --show-toplevel [4ms]
2025-03-15 04:58:39.389 [info] > git rev-parse --path-format=relative --show-toplevel [5ms]
2025-03-15 04:58:39.399 [info] > git rev-parse --show-toplevel [4ms]
2025-03-15 04:58:39.409 [info] > git rev-parse --path-format=relative --show-toplevel [5ms]
2025-03-15 04:58:39.419 [info] > git rev-parse --show-toplevel [5ms]
2025-03-15 04:58:39.429 [info] > git rev-parse --path-format=relative --show-toplevel [5ms]
2025-03-15 04:58:42.702 [info] > git check-ignore -v -z --stdin [40ms]
2025-03-15 04:58:42.703 [info] > git check-ignore -v -z --stdin [38ms]
2025-03-15 04:58:42.703 [info] > git check-ignore -v -z --stdin [33ms]
2025-03-15 04:58:42.704 [info] > git check-ignore -v -z --stdin [29ms]
2025-03-15 04:58:42.704 [info] > git check-ignore -v -z --stdin [24ms]
2025-03-15 04:58:42.705 [info] > git check-ignore -v -z --stdin [19ms]
2025-03-15 04:58:42.705 [info] > git check-ignore -v -z --stdin [16ms]
2025-03-15 04:58:42.706 [info] > git check-ignore -v -z --stdin [12ms]
2025-03-15 04:58:42.707 [info] > git check-ignore -v -z --stdin [8ms]
2025-03-15 04:58:43.902 [info] > git check-ignore -v -z --stdin [5ms]
2025-03-15 04:58:45.328 [info] > git check-ignore -v -z --stdin [6ms]
2025-03-15 04:58:46.657 [info] > git check-ignore -v -z --stdin [7ms]
2025-03-15 04:58:48.324 [info] > git show --textconv :src/mapset_main.cpp [8ms]
2025-03-15 04:58:48.329 [info] > git ls-files --stage -- /home/hwlee4/ICS45C/HW9/src/mapset_main.cpp [6ms]
2025-03-15 04:58:48.347 [info] > git cat-file -s e69de29bb2d1d6434b8b29ae775ad8c2e48c5391 [8ms]
2025-03-15 04:58:49.067 [info] > git show --textconv :src/map_array.hpp [7ms]
2025-03-15 04:58:49.070 [info] > git ls-files --stage -- /home/hwlee4/ICS45C/HW9/src/map_array.hpp [6ms]
2025-03-15 04:58:49.081 [info] > git cat-file -s e69de29bb2d1d6434b8b29ae775ad8c2e48c5391 [7ms]
2025-03-15 04:58:49.854 [info] > git show --textconv :src/set_list.hpp [9ms]
2025-03-15 04:58:49.857 [info] > git ls-files --stage -- /home/hwlee4/ICS45C/HW9/src/set_list.hpp [6ms]
2025-03-15 04:58:49.870 [info] > git cat-file -s e69de29bb2d1d6434b8b29ae775ad8c2e48c5391 [8ms]
