2025-11-03 18:12:41.281 [info] Extension host with pid 1190759 started
2025-11-03 18:12:41.297 [info] Lock '/home/hwlee4/.vscode-server/data/User/workspaceStorage/0684665360a1431657c5fb56316f6548/vscode.lock': Lock acquired.
2025-11-03 18:12:41.469 [info] ExtensionService#_doActivateExtension vscode.emmet, startup: false, activationEvent: 'onLanguage'
2025-11-03 18:12:41.565 [info] ExtensionService#_doActivateExtension vscode.git-base, startup: true, activationEvent: '*', root cause: vscode.git
2025-11-03 18:12:41.600 [info] ExtensionService#_doActivateExtension vscode.git, startup: true, activationEvent: '*'
2025-11-03 18:12:41.601 [info] ExtensionService#_doActivateExtension vscode.github, startup: true, activationEvent: '*'
2025-11-03 18:12:41.873 [info] Eager extensions activated
2025-11-03 18:12:41.874 [info] ExtensionService#_doActivateExtension vscode.debug-auto-launch, startup: false, activationEvent: 'onStartupFinished'
2025-11-03 18:12:41.874 [info] ExtensionService#_doActivateExtension vscode.merge-conflict, startup: false, activationEvent: 'onStartupFinished'
2025-11-03 18:41:36.688 [info] ExtensionService#_doActivateExtension vscode.npm, startup: false, activationEvent: 'onTerminalQuickFixRequest:ms-vscode.npm-command'
2025-11-03 18:41:59.679 [warning] [Decorations] CAPPING events from decorations provider vscode.git 515
2025-11-03 18:42:06.531 [warning] [Decorations] CAPPING events from decorations provider vscode.git 518
2025-11-03 18:42:12.886 [warning] [Decorations] CAPPING events from decorations provider vscode.git 518
2025-11-03 18:42:19.291 [warning] [Decorations] CAPPING events from decorations provider vscode.git 518
2025-11-03 18:42:35.019 [warning] [Decorations] CAPPING events from decorations provider vscode.git 518
2025-11-03 18:42:41.462 [warning] [Decorations] CAPPING events from decorations provider vscode.git 518
2025-11-03 18:42:52.219 [warning] [Decorations] CAPPING events from decorations provider vscode.git 518
2025-11-03 18:42:58.586 [warning] [Decorations] CAPPING events from decorations provider vscode.git 518
2025-11-03 18:43:04.979 [warning] [Decorations] CAPPING events from decorations provider vscode.git 518
2025-11-03 18:43:23.217 [warning] [Decorations] CAPPING events from decorations provider vscode.git 518
2025-11-03 18:43:31.849 [warning] [Decorations] CAPPING events from decorations provider vscode.git 518
2025-11-03 18:44:01.345 [warning] [Decorations] CAPPING events from decorations provider vscode.git 518
2025-11-03 18:44:54.930 [warning] [Decorations] CAPPING events from decorations provider vscode.git 518
2025-11-03 18:45:01.324 [warning] [Decorations] CAPPING events from decorations provider vscode.git 518
2025-11-03 18:45:16.601 [warning] [Decorations] CAPPING events from decorations provider vscode.git 518
2025-11-03 18:45:27.807 [warning] [Decorations] CAPPING events from decorations provider vscode.git 518
2025-11-03 18:45:55.167 [warning] [Decorations] CAPPING events from decorations provider vscode.git 518
2025-11-03 18:46:01.571 [warning] [Decorations] CAPPING events from decorations provider vscode.git 519
2025-11-03 18:46:08.004 [warning] [Decorations] CAPPING events from decorations provider vscode.git 519
2025-11-03 18:46:14.284 [warning] [Decorations] CAPPING events from decorations provider vscode.git 527
2025-11-03 18:46:20.582 [warning] [Decorations] CAPPING events from decorations provider vscode.git 536
2025-11-03 18:46:26.946 [warning] [Decorations] CAPPING events from decorations provider vscode.git 541
2025-11-03 18:46:33.285 [warning] [Decorations] CAPPING events from decorations provider vscode.git 541
2025-11-03 18:46:39.654 [warning] [Decorations] CAPPING events from decorations provider vscode.git 541
2025-11-03 18:46:45.952 [warning] [Decorations] CAPPING events from decorations provider vscode.git 541
2025-11-03 18:46:52.271 [warning] [Decorations] CAPPING events from decorations provider vscode.git 541
2025-11-03 18:46:59.148 [warning] [Decorations] CAPPING events from decorations provider vscode.git 541
2025-11-03 18:47:05.490 [warning] [Decorations] CAPPING events from decorations provider vscode.git 541
2025-11-03 18:47:11.855 [warning] [Decorations] CAPPING events from decorations provider vscode.git 541
2025-11-03 18:47:18.175 [warning] [Decorations] CAPPING events from decorations provider vscode.git 541
2025-11-03 18:47:24.538 [warning] [Decorations] CAPPING events from decorations provider vscode.git 541
2025-11-03 18:47:30.896 [warning] [Decorations] CAPPING events from decorations provider vscode.git 541
2025-11-03 18:48:24.002 [warning] [Decorations] CAPPING events from decorations provider vscode.git 541
2025-11-03 18:48:30.491 [warning] [Decorations] CAPPING events from decorations provider vscode.git 541
2025-11-03 18:48:36.855 [warning] [Decorations] CAPPING events from decorations provider vscode.git 541
2025-11-03 18:48:43.211 [warning] [Decorations] CAPPING events from decorations provider vscode.git 541
2025-11-03 18:48:49.589 [warning] [Decorations] CAPPING events from decorations provider vscode.git 545
2025-11-03 18:48:56.002 [warning] [Decorations] CAPPING events from decorations provider vscode.git 555
2025-11-03 18:49:02.383 [warning] [Decorations] CAPPING events from decorations provider vscode.git 558
2025-11-03 18:49:13.210 [warning] [Decorations] CAPPING events from decorations provider vscode.git 545
2025-11-03 18:49:19.567 [warning] [Decorations] CAPPING events from decorations provider vscode.git 545
2025-11-03 18:49:26.417 [warning] [Decorations] CAPPING events from decorations provider vscode.git 545
2025-11-03 18:49:32.773 [warning] [Decorations] CAPPING events from decorations provider vscode.git 545
2025-11-03 18:49:39.121 [warning] [Decorations] CAPPING events from decorations provider vscode.git 545
2025-11-03 18:50:36.381 [warning] [Decorations] CAPPING events from decorations provider vscode.git 545
2025-11-03 18:51:29.064 [warning] [Decorations] CAPPING events from decorations provider vscode.git 545
2025-11-03 18:51:35.537 [warning] [Decorations] CAPPING events from decorations provider vscode.git 545
2025-11-03 18:51:42.371 [warning] [Decorations] CAPPING events from decorations provider vscode.git 545
2025-11-03 18:51:48.717 [warning] [Decorations] CAPPING events from decorations provider vscode.git 545
2025-11-03 18:51:55.240 [warning] [Decorations] CAPPING events from decorations provider vscode.git 545
2025-11-03 18:52:01.595 [warning] [Decorations] CAPPING events from decorations provider vscode.git 545
2025-11-03 18:52:08.176 [warning] [Decorations] CAPPING events from decorations provider vscode.git 545
2025-11-03 18:52:14.536 [warning] [Decorations] CAPPING events from decorations provider vscode.git 545
2025-11-03 18:52:20.876 [warning] [Decorations] CAPPING events from decorations provider vscode.git 545
2025-11-03 18:52:27.219 [warning] [Decorations] CAPPING events from decorations provider vscode.git 545
2025-11-03 18:52:35.860 [warning] [Decorations] CAPPING events from decorations provider vscode.git 545
2025-11-03 18:52:44.550 [warning] [Decorations] CAPPING events from decorations provider vscode.git 545
2025-11-03 18:52:50.847 [warning] [Decorations] CAPPING events from decorations provider vscode.git 545
2025-11-03 18:52:57.114 [warning] [Decorations] CAPPING events from decorations provider vscode.git 545
2025-11-03 18:53:03.455 [warning] [Decorations] CAPPING events from decorations provider vscode.git 545
2025-11-03 18:53:09.872 [warning] [Decorations] CAPPING events from decorations provider vscode.git 545
2025-11-03 18:53:16.216 [warning] [Decorations] CAPPING events from decorations provider vscode.git 545
2025-11-03 18:53:22.560 [warning] [Decorations] CAPPING events from decorations provider vscode.git 545
2025-11-03 18:53:46.840 [warning] [Decorations] CAPPING events from decorations provider vscode.git 545
2025-11-03 18:54:20.671 [warning] [Decorations] CAPPING events from decorations provider vscode.git 545
2025-11-03 18:54:27.049 [warning] [Decorations] CAPPING events from decorations provider vscode.git 546
2025-11-03 18:54:33.408 [warning] [Decorations] CAPPING events from decorations provider vscode.git 522
2025-11-03 18:54:39.734 [warning] [Decorations] CAPPING events from decorations provider vscode.git 522
2025-11-03 18:54:46.095 [warning] [Decorations] CAPPING events from decorations provider vscode.git 522
2025-11-03 18:54:52.929 [warning] [Decorations] CAPPING events from decorations provider vscode.git 522
2025-11-03 18:54:59.305 [warning] [Decorations] CAPPING events from decorations provider vscode.git 522
2025-11-03 18:55:05.587 [warning] [Decorations] CAPPING events from decorations provider vscode.git 522
2025-11-03 18:55:11.940 [warning] [Decorations] CAPPING events from decorations provider vscode.git 522
2025-11-03 18:55:18.322 [warning] [Decorations] CAPPING events from decorations provider vscode.git 522
2025-11-03 18:55:24.704 [warning] [Decorations] CAPPING events from decorations provider vscode.git 522
2025-11-03 18:55:31.001 [warning] [Decorations] CAPPING events from decorations provider vscode.git 532
2025-11-03 18:55:37.302 [warning] [Decorations] CAPPING events from decorations provider vscode.git 541
2025-11-03 18:55:43.589 [warning] [Decorations] CAPPING events from decorations provider vscode.git 554
2025-11-03 18:55:49.914 [warning] [Decorations] CAPPING events from decorations provider vscode.git 557
2025-11-03 18:56:05.629 [warning] [Decorations] CAPPING events from decorations provider vscode.git 542
2025-11-03 18:56:20.019 [warning] [Decorations] CAPPING events from decorations provider vscode.git 542
2025-11-03 18:56:26.376 [warning] [Decorations] CAPPING events from decorations provider vscode.git 542
2025-11-03 18:56:38.473 [warning] [Decorations] CAPPING events from decorations provider vscode.git 542
2025-11-03 18:56:44.796 [warning] [Decorations] CAPPING events from decorations provider vscode.git 542
2025-11-03 18:56:51.130 [warning] [Decorations] CAPPING events from decorations provider vscode.git 542
2025-11-03 18:56:57.477 [warning] [Decorations] CAPPING events from decorations provider vscode.git 542
2025-11-03 18:57:03.918 [warning] [Decorations] CAPPING events from decorations provider vscode.git 542
2025-11-03 18:57:10.758 [warning] [Decorations] CAPPING events from decorations provider vscode.git 542
2025-11-03 18:57:17.084 [warning] [Decorations] CAPPING events from decorations provider vscode.git 542
2025-11-03 18:57:23.578 [warning] [Decorations] CAPPING events from decorations provider vscode.git 542
2025-11-03 18:57:29.946 [warning] [Decorations] CAPPING events from decorations provider vscode.git 542
2025-11-03 18:57:36.402 [warning] [Decorations] CAPPING events from decorations provider vscode.git 542
2025-11-03 18:57:42.759 [warning] [Decorations] CAPPING events from decorations provider vscode.git 542
2025-11-03 18:57:49.077 [warning] [Decorations] CAPPING events from decorations provider vscode.git 543
2025-11-03 18:59:15.366 [warning] [Decorations] CAPPING events from decorations provider vscode.git 543
2025-11-03 18:59:26.769 [warning] [Decorations] CAPPING events from decorations provider vscode.git 543
2025-11-03 18:59:33.108 [warning] [Decorations] CAPPING events from decorations provider vscode.git 543
2025-11-03 18:59:39.440 [warning] [Decorations] CAPPING events from decorations provider vscode.git 543
2025-11-03 19:01:18.247 [warning] [Decorations] CAPPING events from decorations provider vscode.git 543
2025-11-03 19:01:24.569 [warning] [Decorations] CAPPING events from decorations provider vscode.git 543
2025-11-03 19:01:44.024 [warning] [Decorations] CAPPING events from decorations provider vscode.git 542
2025-11-03 19:01:55.268 [warning] [Decorations] CAPPING events from decorations provider vscode.git 542
2025-11-03 19:02:01.578 [warning] [Decorations] CAPPING events from decorations provider vscode.git 542
2025-11-03 19:02:07.909 [warning] [Decorations] CAPPING events from decorations provider vscode.git 542
2025-11-03 19:02:14.220 [warning] [Decorations] CAPPING events from decorations provider vscode.git 543
2025-11-03 19:02:21.073 [warning] [Decorations] CAPPING events from decorations provider vscode.git 543
2025-11-03 19:02:27.401 [warning] [Decorations] CAPPING events from decorations provider vscode.git 544
2025-11-03 19:02:33.764 [warning] [Decorations] CAPPING events from decorations provider vscode.git 529
2025-11-03 19:02:40.112 [warning] [Decorations] CAPPING events from decorations provider vscode.git 523
2025-11-03 19:02:46.461 [warning] [Decorations] CAPPING events from decorations provider vscode.git 523
2025-11-03 19:02:52.809 [warning] [Decorations] CAPPING events from decorations provider vscode.git 523
2025-11-03 19:02:59.174 [warning] [Decorations] CAPPING events from decorations provider vscode.git 523
2025-11-03 19:03:16.703 [warning] [Decorations] CAPPING events from decorations provider vscode.git 523
2025-11-03 19:03:35.666 [warning] [Decorations] CAPPING events from decorations provider vscode.git 523
2025-11-03 19:03:43.644 [warning] [Decorations] CAPPING events from decorations provider vscode.git 523
2025-11-03 19:04:13.731 [warning] [Decorations] CAPPING events from decorations provider vscode.git 523
2025-11-03 19:04:20.032 [warning] [Decorations] CAPPING events from decorations provider vscode.git 523
2025-11-03 19:04:26.349 [warning] [Decorations] CAPPING events from decorations provider vscode.git 524
2025-11-03 19:04:32.656 [warning] [Decorations] CAPPING events from decorations provider vscode.git 532
2025-11-03 19:05:10.780 [warning] [Decorations] CAPPING events from decorations provider vscode.git 551
2025-11-03 19:05:20.778 [warning] [Decorations] CAPPING events from decorations provider vscode.git 546
2025-11-03 19:05:35.509 [warning] [Decorations] CAPPING events from decorations provider vscode.git 546
2025-11-03 19:05:47.852 [warning] [Decorations] CAPPING events from decorations provider vscode.git 546
2025-11-03 19:06:01.214 [warning] [Decorations] CAPPING events from decorations provider vscode.git 547
2025-11-03 19:06:07.534 [warning] [Decorations] CAPPING events from decorations provider vscode.git 547
2025-11-03 19:06:14.384 [warning] [Decorations] CAPPING events from decorations provider vscode.git 526
2025-11-03 19:06:22.588 [warning] [Decorations] CAPPING events from decorations provider vscode.git 525
2025-11-03 19:06:28.881 [warning] [Decorations] CAPPING events from decorations provider vscode.git 533
2025-11-03 19:06:35.252 [warning] [Decorations] CAPPING events from decorations provider vscode.git 539
2025-11-03 19:06:41.441 [warning] [Decorations] CAPPING events from decorations provider vscode.git 555
2025-11-03 19:06:47.817 [warning] [Decorations] CAPPING events from decorations provider vscode.git 561
2025-11-03 19:06:54.195 [warning] [Decorations] CAPPING events from decorations provider vscode.git 548
2025-11-03 19:07:00.553 [warning] [Decorations] CAPPING events from decorations provider vscode.git 548
2025-11-03 19:07:06.903 [warning] [Decorations] CAPPING events from decorations provider vscode.git 548
2025-11-03 19:07:12.167 [warning] [Decorations] CAPPING events from decorations provider vscode.git 548
2025-11-03 19:46:30.003 [info] Lock '/home/hwlee4/.vscode-server/data/User/workspaceStorage/0684665360a1431657c5fb56316f6548/vscode.lock': The lock was lost unexpectedly.
2025-11-03 22:45:47.152 [info] Extension host terminating: renderer disconnected for too long (1)
2025-11-03 22:45:47.154 [info] Lock '/home/hwlee4/.vscode-server/data/User/workspaceStorage/0684665360a1431657c5fb56316f6548/vscode.lock': Marking the lockfile as scheduled to be released in 6000 ms.
2025-11-03 22:45:47.191 [error] Canceled: Canceled
	at new m (/home/hwlee4/.vscode-server/bin/e7e037083ff4455cf320e344325dacb480062c3c/out/vs/workbench/api/node/extensionHostProcess.js:126:57216)
	at i.U (/home/hwlee4/.vscode-server/bin/e7e037083ff4455cf320e344325dacb480062c3c/out/vs/workbench/api/node/extensionHostProcess.js:135:10864)
	at M.<computed>.j.charCodeAt.M.<computed> (/home/hwlee4/.vscode-server/bin/e7e037083ff4455cf320e344325dacb480062c3c/out/vs/workbench/api/node/extensionHostProcess.js:135:8315)
	at n.g (/home/hwlee4/.vscode-server/bin/e7e037083ff4455cf320e344325dacb480062c3c/out/vs/workbench/api/node/extensionHostProcess.js:126:83747)
	at n.executeCommand (/home/hwlee4/.vscode-server/bin/e7e037083ff4455cf320e344325dacb480062c3c/out/vs/workbench/api/node/extensionHostProcess.js:126:83185)
	at b.registerCommand.description (/home/hwlee4/.vscode-server/bin/e7e037083ff4455cf320e344325dacb480062c3c/out/vs/workbench/api/node/extensionHostProcess.js:126:82506)
	at n.h (/home/hwlee4/.vscode-server/bin/e7e037083ff4455cf320e344325dacb480062c3c/out/vs/workbench/api/node/extensionHostProcess.js:126:84283)
	at n.g (/home/hwlee4/.vscode-server/bin/e7e037083ff4455cf320e344325dacb480062c3c/out/vs/workbench/api/node/extensionHostProcess.js:126:83278)
	at n.executeCommand (/home/hwlee4/.vscode-server/bin/e7e037083ff4455cf320e344325dacb480062c3c/out/vs/workbench/api/node/extensionHostProcess.js:126:83185)
	at Object.executeCommand (/home/hwlee4/.vscode-server/bin/e7e037083ff4455cf320e344325dacb480062c3c/out/vs/workbench/api/node/extensionHostProcess.js:141:21282)
	at s.D [as value] (/home/hwlee4/.vscode-server/bin/e7e037083ff4455cf320e344325dacb480062c3c/extensions/git/dist/main.js:2:1312800)
	at c.z (/home/hwlee4/.vscode-server/bin/e7e037083ff4455cf320e344325dacb480062c3c/out/vs/workbench/api/node/extensionHostProcess.js:80:1902)
	at c.A (/home/hwlee4/.vscode-server/bin/e7e037083ff4455cf320e344325dacb480062c3c/out/vs/workbench/api/node/extensionHostProcess.js:80:1972)
	at c.fire (/home/hwlee4/.vscode-server/bin/e7e037083ff4455cf320e344325dacb480062c3c/out/vs/workbench/api/node/extensionHostProcess.js:80:2188)
	at Object.m [as dispose] (/home/hwlee4/.vscode-server/bin/e7e037083ff4455cf320e344325dacb480062c3c/extensions/git/dist/main.js:2:1328588)
	at /home/hwlee4/.vscode-server/bin/e7e037083ff4455cf320e344325dacb480062c3c/extensions/git/dist/main.js:2:1333429
	at Array.forEach (<anonymous>)
	at g.dispose (/home/hwlee4/.vscode-server/bin/e7e037083ff4455cf320e344325dacb480062c3c/extensions/git/dist/main.js:2:1333415)
	at w.<anonymous> (/home/hwlee4/.vscode-server/bin/e7e037083ff4455cf320e344325dacb480062c3c/out/vs/workbench/api/node/extensionHostProcess.js:122:3521)
	at w.dispose (/home/hwlee4/.vscode-server/bin/e7e037083ff4455cf320e344325dacb480062c3c/out/vs/workbench/api/node/extensionHostProcess.js:122:3618)
	at w.<anonymous> (/home/hwlee4/.vscode-server/bin/e7e037083ff4455cf320e344325dacb480062c3c/extensions/git/dist/main.js:2:1314812)
	at w.dispose (/home/hwlee4/.vscode-server/bin/e7e037083ff4455cf320e344325dacb480062c3c/out/vs/workbench/api/node/extensionHostProcess.js:122:3618)
	at o (/home/hwlee4/.vscode-server/bin/e7e037083ff4455cf320e344325dacb480062c3c/out/vs/workbench/api/node/extensionHostProcess.js:30:754)
	at s.cb (/home/hwlee4/.vscode-server/bin/e7e037083ff4455cf320e344325dacb480062c3c/out/vs/workbench/api/node/extensionHostProcess.js:137:9846)
	at /home/hwlee4/.vscode-server/bin/e7e037083ff4455cf320e344325dacb480062c3c/out/vs/workbench/api/node/extensionHostProcess.js:137:7796
	at Array.map (<anonymous>)
	at s.Y (/home/hwlee4/.vscode-server/bin/e7e037083ff4455cf320e344325dacb480062c3c/out/vs/workbench/api/node/extensionHostProcess.js:137:7784)
	at s.terminate (/home/hwlee4/.vscode-server/bin/e7e037083ff4455cf320e344325dacb480062c3c/out/vs/workbench/api/node/extensionHostProcess.js:137:8054)
	at o.terminate (/home/hwlee4/.vscode-server/bin/e7e037083ff4455cf320e344325dacb480062c3c/out/vs/workbench/api/node/extensionHostProcess.js:141:1513)
	at l (/home/hwlee4/.vscode-server/bin/e7e037083ff4455cf320e344325dacb480062c3c/out/vs/workbench/api/node/extensionHostProcess.js:154:9801)
	at j.a (/home/hwlee4/.vscode-server/bin/e7e037083ff4455cf320e344325dacb480062c3c/out/vs/workbench/api/node/extensionHostProcess.js:154:6531)
	at j.h (/home/hwlee4/.vscode-server/bin/e7e037083ff4455cf320e344325dacb480062c3c/out/vs/workbench/api/node/extensionHostProcess.js:90:19695)
	at listOnTimeout (node:internal/timers:569:17)
	at process.processTimers (node:internal/timers:512:7) setContext undefined
2025-11-03 22:45:47.191 [error] Canceled: Canceled
	at new m (/home/hwlee4/.vscode-server/bin/e7e037083ff4455cf320e344325dacb480062c3c/out/vs/workbench/api/node/extensionHostProcess.js:126:57216)
	at i.U (/home/hwlee4/.vscode-server/bin/e7e037083ff4455cf320e344325dacb480062c3c/out/vs/workbench/api/node/extensionHostProcess.js:135:10864)
	at M.<computed>.j.charCodeAt.M.<computed> (/home/hwlee4/.vscode-server/bin/e7e037083ff4455cf320e344325dacb480062c3c/out/vs/workbench/api/node/extensionHostProcess.js:135:8315)
	at n.g (/home/hwlee4/.vscode-server/bin/e7e037083ff4455cf320e344325dacb480062c3c/out/vs/workbench/api/node/extensionHostProcess.js:126:83747)
	at n.executeCommand (/home/hwlee4/.vscode-server/bin/e7e037083ff4455cf320e344325dacb480062c3c/out/vs/workbench/api/node/extensionHostProcess.js:126:83185)
	at b.registerCommand.description (/home/hwlee4/.vscode-server/bin/e7e037083ff4455cf320e344325dacb480062c3c/out/vs/workbench/api/node/extensionHostProcess.js:126:82506)
	at n.h (/home/hwlee4/.vscode-server/bin/e7e037083ff4455cf320e344325dacb480062c3c/out/vs/workbench/api/node/extensionHostProcess.js:126:84283)
	at n.g (/home/hwlee4/.vscode-server/bin/e7e037083ff4455cf320e344325dacb480062c3c/out/vs/workbench/api/node/extensionHostProcess.js:126:83278)
	at n.executeCommand (/home/hwlee4/.vscode-server/bin/e7e037083ff4455cf320e344325dacb480062c3c/out/vs/workbench/api/node/extensionHostProcess.js:126:83185)
	at Object.executeCommand (/home/hwlee4/.vscode-server/bin/e7e037083ff4455cf320e344325dacb480062c3c/out/vs/workbench/api/node/extensionHostProcess.js:141:21282)
	at set b [as b] (/home/hwlee4/.vscode-server/bin/e7e037083ff4455cf320e344325dacb480062c3c/extensions/github/dist/extension.js:2:714415)
	at /home/hwlee4/.vscode-server/bin/e7e037083ff4455cf320e344325dacb480062c3c/extensions/github/dist/extension.js:2:715056
	at s.value (/home/hwlee4/.vscode-server/bin/e7e037083ff4455cf320e344325dacb480062c3c/extensions/git/dist/main.js:2:1402040)
	at c.z (/home/hwlee4/.vscode-server/bin/e7e037083ff4455cf320e344325dacb480062c3c/out/vs/workbench/api/node/extensionHostProcess.js:80:1902)
	at c.A (/home/hwlee4/.vscode-server/bin/e7e037083ff4455cf320e344325dacb480062c3c/out/vs/workbench/api/node/extensionHostProcess.js:80:1972)
	at c.fire (/home/hwlee4/.vscode-server/bin/e7e037083ff4455cf320e344325dacb480062c3c/out/vs/workbench/api/node/extensionHostProcess.js:80:2188)
	at Object.m [as dispose] (/home/hwlee4/.vscode-server/bin/e7e037083ff4455cf320e344325dacb480062c3c/extensions/git/dist/main.js:2:1328588)
	at /home/hwlee4/.vscode-server/bin/e7e037083ff4455cf320e344325dacb480062c3c/extensions/git/dist/main.js:2:1333429
	at Array.forEach (<anonymous>)
	at g.dispose (/home/hwlee4/.vscode-server/bin/e7e037083ff4455cf320e344325dacb480062c3c/extensions/git/dist/main.js:2:1333415)
	at w.<anonymous> (/home/hwlee4/.vscode-server/bin/e7e037083ff4455cf320e344325dacb480062c3c/out/vs/workbench/api/node/extensionHostProcess.js:122:3521)
	at w.dispose (/home/hwlee4/.vscode-server/bin/e7e037083ff4455cf320e344325dacb480062c3c/out/vs/workbench/api/node/extensionHostProcess.js:122:3618)
	at w.<anonymous> (/home/hwlee4/.vscode-server/bin/e7e037083ff4455cf320e344325dacb480062c3c/extensions/git/dist/main.js:2:1314812)
	at w.dispose (/home/hwlee4/.vscode-server/bin/e7e037083ff4455cf320e344325dacb480062c3c/out/vs/workbench/api/node/extensionHostProcess.js:122:3618)
	at o (/home/hwlee4/.vscode-server/bin/e7e037083ff4455cf320e344325dacb480062c3c/out/vs/workbench/api/node/extensionHostProcess.js:30:754)
	at s.cb (/home/hwlee4/.vscode-server/bin/e7e037083ff4455cf320e344325dacb480062c3c/out/vs/workbench/api/node/extensionHostProcess.js:137:9846)
	at /home/hwlee4/.vscode-server/bin/e7e037083ff4455cf320e344325dacb480062c3c/out/vs/workbench/api/node/extensionHostProcess.js:137:7796
	at Array.map (<anonymous>)
	at s.Y (/home/hwlee4/.vscode-server/bin/e7e037083ff4455cf320e344325dacb480062c3c/out/vs/workbench/api/node/extensionHostProcess.js:137:7784)
	at s.terminate (/home/hwlee4/.vscode-server/bin/e7e037083ff4455cf320e344325dacb480062c3c/out/vs/workbench/api/node/extensionHostProcess.js:137:8054)
	at o.terminate (/home/hwlee4/.vscode-server/bin/e7e037083ff4455cf320e344325dacb480062c3c/out/vs/workbench/api/node/extensionHostProcess.js:141:1513)
	at l (/home/hwlee4/.vscode-server/bin/e7e037083ff4455cf320e344325dacb480062c3c/out/vs/workbench/api/node/extensionHostProcess.js:154:9801)
	at j.a (/home/hwlee4/.vscode-server/bin/e7e037083ff4455cf320e344325dacb480062c3c/out/vs/workbench/api/node/extensionHostProcess.js:154:6531)
	at j.h (/home/hwlee4/.vscode-server/bin/e7e037083ff4455cf320e344325dacb480062c3c/out/vs/workbench/api/node/extensionHostProcess.js:90:19695)
	at listOnTimeout (node:internal/timers:569:17)
	at process.processTimers (node:internal/timers:512:7) setContext undefined
2025-11-03 22:45:47.192 [info] Extension host with pid 1190759 exiting with code 0
