2025-04-23 21:34:55.370 [info] Log level: Info
2025-04-23 21:34:55.370 [info] Validating found git in: "git"
2025-04-23 21:34:55.370 [info] Using git "2.34.1" from "git"
2025-04-23 21:34:55.370 [info] > git rev-parse --show-toplevel [8ms]
2025-04-23 21:34:55.370 [info] > git rev-parse --path-format=relative --show-toplevel [6ms]
2025-04-23 21:34:55.370 [info] > git rev-parse --show-toplevel [6ms]
2025-04-23 21:34:55.373 [info] > git rev-parse --path-format=relative --show-toplevel [5ms]
2025-04-23 21:34:55.382 [info] > git rev-parse --git-dir --git-common-dir [5ms]
2025-04-23 21:34:55.410 [info] Open repository: /home/hwlee4/ICS45C/HW0
2025-04-23 21:34:55.429 [info] > git config --get commit.template [6ms]
2025-04-23 21:34:55.512 [info] > git for-each-ref --format=%(refname)%00%(upstream:short)%00%(objectname)%00%(upstream:track)%00%(upstream:remotename)%00%(upstream:remoteref) refs/heads/main refs/remotes/main [78ms]
2025-04-23 21:34:55.513 [info] > git rev-parse --show-toplevel [87ms]
2025-04-23 21:34:55.528 [info] > git rev-parse --path-format=relative --show-toplevel [11ms]
2025-04-23 21:34:55.577 [info] > git status -z -uall [50ms]
2025-04-23 21:34:55.597 [info] > git rev-parse --git-dir --git-common-dir [64ms]
2025-04-23 21:34:55.605 [info] Open repository: /home/hwlee4/ICS45C/HW1
2025-04-23 21:34:55.620 [info] > git for-each-ref --format=%(refname)%00%(upstream:short)%00%(objectname)%00%(upstream:track)%00%(upstream:remotename)%00%(upstream:remoteref) refs/heads/main refs/remotes/main [36ms]
2025-04-23 21:34:55.630 [info] > git rev-parse --show-toplevel [11ms]
2025-04-23 21:34:55.634 [info] > git config --get commit.template [18ms]
2025-04-23 21:34:55.634 [info] > git config --get commit.template [23ms]
2025-04-23 21:34:55.636 [info] > git config --local branch.main.vscode-merge-base [11ms]
2025-04-23 21:34:55.654 [info] > git rev-parse --path-format=relative --show-toplevel [20ms]
2025-04-23 21:34:55.655 [info] > git for-each-ref --format=%(refname)%00%(upstream:short)%00%(objectname)%00%(upstream:track)%00%(upstream:remotename)%00%(upstream:remoteref) refs/heads/origin/main refs/remotes/origin/main [14ms]
2025-04-23 21:34:55.667 [info] > git for-each-ref --format=%(refname)%00%(upstream:short)%00%(objectname)%00%(upstream:track)%00%(upstream:remotename)%00%(upstream:remoteref) refs/heads/main refs/remotes/main [20ms]
2025-04-23 21:34:55.668 [info] > git for-each-ref --format=%(refname)%00%(upstream:short)%00%(objectname)%00%(upstream:track)%00%(upstream:remotename)%00%(upstream:remoteref) refs/heads/main refs/remotes/main [16ms]
2025-04-23 21:34:55.671 [info] > git rev-parse --git-dir --git-common-dir [5ms]
2025-04-23 21:34:55.680 [info] Open repository: /home/hwlee4/ICS45C/HW2
2025-04-23 21:34:55.681 [info] > git merge-base refs/heads/main refs/remotes/origin/main [19ms]
2025-04-23 21:34:55.704 [info] > git status -z -uall [13ms]
2025-04-23 21:34:55.705 [info] > git config --get commit.template [10ms]
2025-04-23 21:34:55.705 [info] > git rev-list --count --left-right refs/heads/main...refs/remotes/origin/main [19ms]
2025-04-23 21:34:55.720 [info] > git rev-parse --show-toplevel [21ms]
2025-04-23 21:34:55.729 [info] > git status -z -uall [26ms]
2025-04-23 21:34:55.729 [info] > git diff --name-status -z --diff-filter=ADMR 2de1186af8d356e9b3e6443d56764a6c359645dc...refs/remotes/origin/main [19ms]
2025-04-23 21:34:55.749 [info] > git for-each-ref --format=%(refname)%00%(upstream:short)%00%(objectname)%00%(upstream:track)%00%(upstream:remotename)%00%(upstream:remoteref) refs/heads/main refs/remotes/main [20ms]
2025-04-23 21:34:55.749 [info] > git for-each-ref --format=%(refname)%00%(upstream:short)%00%(objectname)%00%(upstream:track)%00%(upstream:remotename)%00%(upstream:remoteref) refs/heads/main refs/remotes/main [32ms]
2025-04-23 21:34:55.754 [info] > git rev-parse --path-format=relative --show-toplevel [30ms]
2025-04-23 21:34:55.760 [info] > git config --get commit.template [13ms]
2025-04-23 21:34:55.760 [info] > git for-each-ref --format=%(refname)%00%(upstream:short)%00%(objectname)%00%(upstream:track)%00%(upstream:remotename)%00%(upstream:remoteref) refs/heads/main refs/remotes/main [25ms]
2025-04-23 21:34:55.799 [info] > git rev-parse --git-dir --git-common-dir [40ms]
2025-04-23 21:34:55.807 [info] Open repository: /home/hwlee4/ICS45C/HW3
2025-04-23 21:34:55.816 [info] > git config --local branch.main.vscode-merge-base [62ms]
2025-04-23 21:34:55.830 [info] > git config --local branch.main.vscode-merge-base [65ms]
2025-04-23 21:34:55.841 [info] > git config --get commit.template [12ms]
2025-04-23 21:34:55.842 [info] > git for-each-ref --format=%(refname)%00%(upstream:short)%00%(objectname)%00%(upstream:track)%00%(upstream:remotename)%00%(upstream:remoteref) refs/heads/main refs/remotes/main [17ms]
2025-04-23 21:34:55.842 [info] > git for-each-ref --format=%(refname)%00%(upstream:short)%00%(objectname)%00%(upstream:track)%00%(upstream:remotename)%00%(upstream:remoteref) refs/heads/origin/main refs/remotes/origin/main [22ms]
2025-04-23 21:34:55.933 [info] > git status -z -uall [94ms]
2025-04-23 21:34:55.933 [info] > git for-each-ref --format=%(refname)%00%(upstream:short)%00%(objectname)%00%(upstream:track)%00%(upstream:remotename)%00%(upstream:remoteref) refs/heads/origin/main refs/remotes/origin/main [98ms]
2025-04-23 21:34:55.962 [info] > git for-each-ref --format=%(refname)%00%(upstream:short)%00%(objectname)%00%(upstream:track)%00%(upstream:remotename)%00%(upstream:remoteref) refs/heads/main refs/remotes/main [20ms]
2025-04-23 21:34:55.962 [info] > git merge-base refs/heads/main refs/remotes/origin/main [24ms]
2025-04-23 21:34:55.976 [info] > git config --get commit.template [16ms]
2025-04-23 21:34:55.976 [info] > git for-each-ref --format=%(refname)%00%(upstream:short)%00%(objectname)%00%(upstream:track)%00%(upstream:remotename)%00%(upstream:remoteref) refs/heads/main refs/remotes/main [27ms]
2025-04-23 21:34:55.983 [info] > git rev-list --count --left-right refs/heads/main...refs/remotes/origin/main [15ms]
2025-04-23 21:34:55.992 [info] > git status -z -uall [21ms]
2025-04-23 21:34:55.992 [info] > git config --local branch.main.vscode-merge-base [11ms]
2025-04-23 21:34:56.019 [info] > git diff --name-status -z --diff-filter=ADMR 1d941fbc59bc10f4d013441e18a8b73cc72449ad...refs/remotes/origin/main [32ms]
2025-04-23 21:34:56.020 [info] > git status -z -uall [18ms]
2025-04-23 21:34:56.032 [info] > git for-each-ref --format=%(refname)%00%(upstream:short)%00%(objectname)%00%(upstream:track)%00%(upstream:remotename)%00%(upstream:remoteref) refs/heads/origin/main refs/remotes/origin/main [35ms]
2025-04-23 21:34:56.037 [info] > git for-each-ref --format=%(refname)%00%(upstream:short)%00%(objectname)%00%(upstream:track)%00%(upstream:remotename)%00%(upstream:remoteref) refs/heads/main refs/remotes/main [46ms]
2025-04-23 21:34:56.043 [info] > git for-each-ref --format=%(refname)%00%(upstream:short)%00%(objectname)%00%(upstream:track)%00%(upstream:remotename)%00%(upstream:remoteref) refs/heads/main refs/remotes/main [17ms]
2025-04-23 21:34:56.047 [info] > git for-each-ref --format=%(refname)%00%(upstream:short)%00%(objectname)%00%(upstream:track)%00%(upstream:remotename)%00%(upstream:remoteref) refs/heads/main refs/remotes/main [33ms]
2025-04-23 21:34:56.053 [info] > git config --local branch.main.vscode-merge-base [6ms]
2025-04-23 21:34:56.058 [info] > git config --get commit.template [16ms]
2025-04-23 21:34:56.058 [info] > git merge-base refs/heads/main refs/remotes/origin/main [21ms]
2025-04-23 21:34:56.063 [info] > git config --local branch.main.vscode-merge-base [12ms]
2025-04-23 21:34:56.072 [info] > git for-each-ref --format=%(refname)%00%(upstream:short)%00%(objectname)%00%(upstream:track)%00%(upstream:remotename)%00%(upstream:remoteref) refs/heads/origin/main refs/remotes/origin/main [15ms]
2025-04-23 21:34:56.083 [info] > git for-each-ref --format=%(refname)%00%(upstream:short)%00%(objectname)%00%(upstream:track)%00%(upstream:remotename)%00%(upstream:remoteref) refs/heads/origin/main refs/remotes/origin/main [16ms]
2025-04-23 21:34:56.084 [info] > git rev-list --count --left-right refs/heads/main...refs/remotes/origin/main [21ms]
2025-04-23 21:34:56.089 [info] > git merge-base refs/heads/main refs/remotes/origin/main [12ms]
2025-04-23 21:34:56.094 [info] > git for-each-ref --format=%(refname)%00%(upstream:short)%00%(objectname)%00%(upstream:track)%00%(upstream:remotename)%00%(upstream:remoteref) refs/heads/main refs/remotes/main [23ms]
2025-04-23 21:34:56.098 [info] > git status -z -uall [17ms]
2025-04-23 21:34:56.105 [info] > git diff --name-status -z --diff-filter=ADMR 6e366bc68f599c93d5b2306a1622b19a83ab6690...refs/remotes/origin/main [17ms]
2025-04-23 21:34:56.107 [info] > git rev-list --count --left-right refs/heads/main...refs/remotes/origin/main [13ms]
2025-04-23 21:34:56.118 [info] > git for-each-ref --format=%(refname)%00%(upstream:short)%00%(objectname)%00%(upstream:track)%00%(upstream:remotename)%00%(upstream:remoteref) refs/heads/main refs/remotes/main [15ms]
2025-04-23 21:34:56.127 [info] > git config --local branch.main.vscode-merge-base [5ms]
2025-04-23 21:34:56.132 [info] > git diff --name-status -z --diff-filter=ADMR a7816416dcb8e0c47217c8a317a7222a6b8a0bc1...refs/remotes/origin/main [21ms]
2025-04-23 21:34:56.133 [info] > git status -z -uall [17ms]
2025-04-23 21:34:56.143 [info] > git for-each-ref --format=%(refname)%00%(upstream:short)%00%(objectname)%00%(upstream:track)%00%(upstream:remotename)%00%(upstream:remoteref) refs/heads/origin/main refs/remotes/origin/main [12ms]
2025-04-23 21:34:56.152 [info] > git for-each-ref --format=%(refname)%00%(upstream:short)%00%(objectname)%00%(upstream:track)%00%(upstream:remotename)%00%(upstream:remoteref) refs/heads/main refs/remotes/main [12ms]
2025-04-23 21:34:56.162 [info] > git config --local branch.main.vscode-merge-base [5ms]
2025-04-23 21:34:56.177 [info] > git for-each-ref --format=%(refname)%00%(upstream:short)%00%(objectname)%00%(upstream:track)%00%(upstream:remotename)%00%(upstream:remoteref) refs/heads/origin/main refs/remotes/origin/main [9ms]
2025-04-23 21:34:56.494 [info] > git check-ignore -v -z --stdin [15ms]
2025-04-23 21:34:56.495 [info] > git check-ignore -v -z --stdin [13ms]
2025-04-23 21:34:56.495 [info] > git check-ignore -v -z --stdin [9ms]
2025-04-23 21:34:56.497 [info] > git check-ignore -v -z --stdin [7ms]
2025-04-23 21:34:56.772 [info] > git rev-parse --show-toplevel [5ms]
2025-04-23 21:34:56.780 [info] > git rev-parse --path-format=relative --show-toplevel [5ms]
2025-04-23 21:34:56.790 [info] > git rev-parse --show-toplevel [5ms]
2025-04-23 21:34:56.798 [info] > git rev-parse --path-format=relative --show-toplevel [5ms]
2025-04-23 21:34:58.109 [info] > git show --textconv :src/string.cpp [9ms]
2025-04-23 21:34:58.111 [info] > git ls-files --stage -- /home/hwlee4/ICS45C/HW3/src/string.cpp [6ms]
2025-04-23 21:34:58.122 [info] > git cat-file -s e69de29bb2d1d6434b8b29ae775ad8c2e48c5391 [8ms]
2025-04-23 21:34:59.451 [info] > git check-ignore -v -z --stdin [7ms]
2025-04-23 21:35:23.206 [info] > git config --get commit.template [9ms]
2025-04-23 21:35:23.214 [info] > git for-each-ref --format=%(refname)%00%(upstream:short)%00%(objectname)%00%(upstream:track)%00%(upstream:remotename)%00%(upstream:remoteref) refs/heads/main refs/remotes/main [11ms]
2025-04-23 21:35:23.235 [info] > git status -z -uall [14ms]
2025-04-23 21:35:23.254 [info] > git for-each-ref --format=%(refname)%00%(upstream:short)%00%(objectname)%00%(upstream:track)%00%(upstream:remotename)%00%(upstream:remoteref) refs/heads/main refs/remotes/main [12ms]
2025-04-23 21:35:23.264 [info] > git config --local branch.main.vscode-merge-base [4ms]
2025-04-23 21:35:23.278 [info] > git for-each-ref --format=%(refname)%00%(upstream:short)%00%(objectname)%00%(upstream:track)%00%(upstream:remotename)%00%(upstream:remoteref) refs/heads/origin/main refs/remotes/origin/main [9ms]
2025-04-23 21:35:28.258 [info] > git config --get commit.template [6ms]
2025-04-23 21:35:28.268 [info] > git for-each-ref --format=%(refname)%00%(upstream:short)%00%(objectname)%00%(upstream:track)%00%(upstream:remotename)%00%(upstream:remoteref) refs/heads/main refs/remotes/main [11ms]
2025-04-23 21:35:28.290 [info] > git status -z -uall [16ms]
2025-04-23 21:35:28.308 [info] > git for-each-ref --format=%(refname)%00%(upstream:short)%00%(objectname)%00%(upstream:track)%00%(upstream:remotename)%00%(upstream:remoteref) refs/heads/main refs/remotes/main [12ms]
2025-04-23 21:35:28.318 [info] > git config --local branch.main.vscode-merge-base [5ms]
2025-04-23 21:35:28.333 [info] > git for-each-ref --format=%(refname)%00%(upstream:short)%00%(objectname)%00%(upstream:track)%00%(upstream:remotename)%00%(upstream:remoteref) refs/heads/origin/main refs/remotes/origin/main [9ms]
2025-04-23 21:35:33.313 [info] > git config --get commit.template [7ms]
2025-04-23 21:35:33.323 [info] > git for-each-ref --format=%(refname)%00%(upstream:short)%00%(objectname)%00%(upstream:track)%00%(upstream:remotename)%00%(upstream:remoteref) refs/heads/main refs/remotes/main [11ms]
2025-04-23 21:35:33.344 [info] > git status -z -uall [15ms]
2025-04-23 21:35:33.361 [info] > git for-each-ref --format=%(refname)%00%(upstream:short)%00%(objectname)%00%(upstream:track)%00%(upstream:remotename)%00%(upstream:remoteref) refs/heads/main refs/remotes/main [11ms]
2025-04-23 21:35:33.370 [info] > git config --local branch.main.vscode-merge-base [4ms]
2025-04-23 21:35:33.386 [info] > git for-each-ref --format=%(refname)%00%(upstream:short)%00%(objectname)%00%(upstream:track)%00%(upstream:remotename)%00%(upstream:remoteref) refs/heads/origin/main refs/remotes/origin/main [10ms]
2025-04-23 21:38:40.567 [info] > git check-ignore -v -z --stdin [9ms]
2025-04-23 21:38:41.781 [info] > git show --textconv :gtest/gtestmain.cpp [11ms]
2025-04-23 21:38:41.782 [info] > git ls-files --stage -- /home/hwlee4/ICS45C/HW3/gtest/gtestmain.cpp [6ms]
2025-04-23 21:38:41.798 [info] > git cat-file -s d8afbf599a8ea22aeb2f3b6cc7a1b1f96387b59f [10ms]
2025-04-23 21:38:43.079 [info] > git show --textconv :gtest/standard_main_gtests.cpp [8ms]
2025-04-23 21:38:43.082 [info] > git ls-files --stage -- /home/hwlee4/ICS45C/HW3/gtest/standard_main_gtests.cpp [7ms]
2025-04-23 21:38:43.096 [info] > git cat-file -s 6fef8fb43ad2276c808162b3924d1feae3c98418 [9ms]
2025-04-23 21:38:47.732 [info] > git show --textconv :gtest/string_gtests.cpp [8ms]
2025-04-23 21:38:47.736 [info] > git ls-files --stage -- /home/hwlee4/ICS45C/HW3/gtest/string_gtests.cpp [6ms]
2025-04-23 21:38:47.748 [info] > git cat-file -s 23334d6fdf0c9ac615b35e6fc70e1068b7c28615 [9ms]
2025-04-23 21:38:49.584 [info] > git show --textconv :gtest/student_gtests.cpp [9ms]
2025-04-23 21:38:49.586 [info] > git ls-files --stage -- /home/hwlee4/ICS45C/HW3/gtest/student_gtests.cpp [6ms]
2025-04-23 21:38:49.602 [info] > git cat-file -s fff48f3e6afc11a4352228e2177ef1d955955fe2 [11ms]
2025-04-23 21:44:32.807 [info] > git config --get commit.template [8ms]
2025-04-23 21:44:32.822 [info] > git for-each-ref --format=%(refname)%00%(upstream:short)%00%(objectname)%00%(upstream:track)%00%(upstream:remotename)%00%(upstream:remoteref) refs/heads/main refs/remotes/main [16ms]
2025-04-23 21:44:32.850 [info] > git status -z -uall [22ms]
2025-04-23 21:44:32.870 [info] > git for-each-ref --format=%(refname)%00%(upstream:short)%00%(objectname)%00%(upstream:track)%00%(upstream:remotename)%00%(upstream:remoteref) refs/heads/main refs/remotes/main [13ms]
2025-04-23 21:44:32.880 [info] > git config --local branch.main.vscode-merge-base [5ms]
2025-04-23 21:44:32.893 [info] > git for-each-ref --format=%(refname)%00%(upstream:short)%00%(objectname)%00%(upstream:track)%00%(upstream:remotename)%00%(upstream:remoteref) refs/heads/origin/main refs/remotes/origin/main [8ms]
2025-04-23 21:44:37.877 [info] > git config --get commit.template [6ms]
2025-04-23 21:44:37.887 [info] > git for-each-ref --format=%(refname)%00%(upstream:short)%00%(objectname)%00%(upstream:track)%00%(upstream:remotename)%00%(upstream:remoteref) refs/heads/main refs/remotes/main [12ms]
2025-04-23 21:44:37.907 [info] > git status -z -uall [14ms]
2025-04-23 21:44:37.927 [info] > git for-each-ref --format=%(refname)%00%(upstream:short)%00%(objectname)%00%(upstream:track)%00%(upstream:remotename)%00%(upstream:remoteref) refs/heads/main refs/remotes/main [13ms]
2025-04-23 21:44:37.937 [info] > git config --local branch.main.vscode-merge-base [4ms]
2025-04-23 21:44:37.953 [info] > git for-each-ref --format=%(refname)%00%(upstream:short)%00%(objectname)%00%(upstream:track)%00%(upstream:remotename)%00%(upstream:remoteref) refs/heads/origin/main refs/remotes/origin/main [10ms]
2025-04-23 21:44:48.298 [info] > git config --get commit.template [6ms]
2025-04-23 21:44:48.309 [info] > git for-each-ref --format=%(refname)%00%(upstream:short)%00%(objectname)%00%(upstream:track)%00%(upstream:remotename)%00%(upstream:remoteref) refs/heads/main refs/remotes/main [11ms]
2025-04-23 21:44:48.331 [info] > git status -z -uall [16ms]
2025-04-23 21:44:48.350 [info] > git for-each-ref --format=%(refname)%00%(upstream:short)%00%(objectname)%00%(upstream:track)%00%(upstream:remotename)%00%(upstream:remoteref) refs/heads/main refs/remotes/main [13ms]
2025-04-23 21:44:48.360 [info] > git config --local branch.main.vscode-merge-base [4ms]
2025-04-23 21:44:48.375 [info] > git for-each-ref --format=%(refname)%00%(upstream:short)%00%(objectname)%00%(upstream:track)%00%(upstream:remotename)%00%(upstream:remoteref) refs/heads/origin/main refs/remotes/origin/main [9ms]
2025-04-23 21:45:04.132 [info] > git config --get commit.template [6ms]
2025-04-23 21:45:04.143 [info] > git for-each-ref --format=%(refname)%00%(upstream:short)%00%(objectname)%00%(upstream:track)%00%(upstream:remotename)%00%(upstream:remoteref) refs/heads/main refs/remotes/main [12ms]
2025-04-23 21:45:04.163 [info] > git status -z -uall [13ms]
2025-04-23 21:45:04.179 [info] > git for-each-ref --format=%(refname)%00%(upstream:short)%00%(objectname)%00%(upstream:track)%00%(upstream:remotename)%00%(upstream:remoteref) refs/heads/main refs/remotes/main [11ms]
2025-04-23 21:45:04.189 [info] > git config --local branch.main.vscode-merge-base [4ms]
2025-04-23 21:45:04.204 [info] > git for-each-ref --format=%(refname)%00%(upstream:short)%00%(objectname)%00%(upstream:track)%00%(upstream:remotename)%00%(upstream:remoteref) refs/heads/origin/main refs/remotes/origin/main [9ms]
2025-04-23 21:45:14.237 [info] > git config --get commit.template [6ms]
2025-04-23 21:45:14.248 [info] > git for-each-ref --format=%(refname)%00%(upstream:short)%00%(objectname)%00%(upstream:track)%00%(upstream:remotename)%00%(upstream:remoteref) refs/heads/main refs/remotes/main [11ms]
2025-04-23 21:45:14.269 [info] > git status -z -uall [15ms]
2025-04-23 21:45:14.287 [info] > git for-each-ref --format=%(refname)%00%(upstream:short)%00%(objectname)%00%(upstream:track)%00%(upstream:remotename)%00%(upstream:remoteref) refs/heads/main refs/remotes/main [12ms]
2025-04-23 21:45:14.298 [info] > git config --local branch.main.vscode-merge-base [5ms]
2025-04-23 21:45:14.313 [info] > git for-each-ref --format=%(refname)%00%(upstream:short)%00%(objectname)%00%(upstream:track)%00%(upstream:remotename)%00%(upstream:remoteref) refs/heads/origin/main refs/remotes/origin/main [10ms]
2025-04-23 21:45:25.743 [info] > git config --get commit.template [7ms]
2025-04-23 21:45:25.753 [info] > git for-each-ref --format=%(refname)%00%(upstream:short)%00%(objectname)%00%(upstream:track)%00%(upstream:remotename)%00%(upstream:remoteref) refs/heads/main refs/remotes/main [11ms]
2025-04-23 21:45:25.775 [info] > git status -z -uall [15ms]
2025-04-23 21:45:25.793 [info] > git for-each-ref --format=%(refname)%00%(upstream:short)%00%(objectname)%00%(upstream:track)%00%(upstream:remotename)%00%(upstream:remoteref) refs/heads/main refs/remotes/main [11ms]
2025-04-23 21:45:25.802 [info] > git config --local branch.main.vscode-merge-base [5ms]
2025-04-23 21:45:25.815 [info] > git for-each-ref --format=%(refname)%00%(upstream:short)%00%(objectname)%00%(upstream:track)%00%(upstream:remotename)%00%(upstream:remoteref) refs/heads/origin/main refs/remotes/origin/main [9ms]
2025-04-23 21:45:38.092 [info] > git config --get commit.template [6ms]
2025-04-23 21:45:38.105 [info] > git for-each-ref --format=%(refname)%00%(upstream:short)%00%(objectname)%00%(upstream:track)%00%(upstream:remotename)%00%(upstream:remoteref) refs/heads/main refs/remotes/main [14ms]
2025-04-23 21:45:38.132 [info] > git status -z -uall [21ms]
2025-04-23 21:45:38.151 [info] > git for-each-ref --format=%(refname)%00%(upstream:short)%00%(objectname)%00%(upstream:track)%00%(upstream:remotename)%00%(upstream:remoteref) refs/heads/main refs/remotes/main [11ms]
2025-04-23 21:45:38.160 [info] > git config --local branch.main.vscode-merge-base [4ms]
2025-04-23 21:45:38.173 [info] > git for-each-ref --format=%(refname)%00%(upstream:short)%00%(objectname)%00%(upstream:track)%00%(upstream:remotename)%00%(upstream:remoteref) refs/heads/origin/main refs/remotes/origin/main [8ms]
2025-04-23 21:45:55.593 [info] > git config --get commit.template [6ms]
2025-04-23 21:45:55.604 [info] > git for-each-ref --format=%(refname)%00%(upstream:short)%00%(objectname)%00%(upstream:track)%00%(upstream:remotename)%00%(upstream:remoteref) refs/heads/main refs/remotes/main [12ms]
2025-04-23 21:45:55.624 [info] > git status -z -uall [15ms]
2025-04-23 21:45:55.642 [info] > git for-each-ref --format=%(refname)%00%(upstream:short)%00%(objectname)%00%(upstream:track)%00%(upstream:remotename)%00%(upstream:remoteref) refs/heads/main refs/remotes/main [12ms]
2025-04-23 21:45:55.655 [info] > git config --local branch.main.vscode-merge-base [4ms]
2025-04-23 21:45:55.670 [info] > git for-each-ref --format=%(refname)%00%(upstream:short)%00%(objectname)%00%(upstream:track)%00%(upstream:remotename)%00%(upstream:remoteref) refs/heads/origin/main refs/remotes/origin/main [9ms]
