2025-02-20 20:46:04.604 [info] Log level: Info
2025-02-20 20:46:04.604 [info] Validating found git in: "git"
2025-02-20 20:46:04.604 [info] Using git "2.34.1" from "git"
2025-02-20 20:46:04.604 [info] > git rev-parse --show-toplevel [10ms]
2025-02-20 20:46:04.604 [info] > git rev-parse --path-format=relative --show-toplevel [6ms]
2025-02-20 20:46:04.604 [info] > git rev-parse --show-toplevel [24ms]
2025-02-20 20:46:04.604 [info] > git rev-parse --path-format=relative --show-toplevel [5ms]
2025-02-20 20:46:04.604 [info] > git rev-parse --git-dir --git-common-dir [5ms]
2025-02-20 20:46:04.604 [info] Open repository: /home/hwlee4/ICS45C/HW6
2025-02-20 20:46:04.604 [info] > git rev-parse --show-toplevel [11ms]
2025-02-20 20:46:04.604 [info] > git config --get commit.template [25ms]
2025-02-20 20:46:04.604 [info] > git rev-parse --path-format=relative --show-toplevel [50ms]
2025-02-20 20:46:04.604 [info] > git rev-parse --git-dir --git-common-dir [107ms]
2025-02-20 20:46:04.604 [info] Open repository: /home/hwlee4/ICS45C/HW0
2025-02-20 20:46:04.604 [info] > git for-each-ref --format=%(refname)%00%(upstream:short)%00%(objectname)%00%(upstream:track)%00%(upstream:remotename)%00%(upstream:remoteref) refs/heads/main refs/remotes/main [128ms]
2025-02-20 20:46:04.604 [info] > git config --get commit.template [52ms]
2025-02-20 20:46:04.617 [info] > git rev-parse --show-toplevel [76ms]
2025-02-20 20:46:04.650 [info] > git rev-parse --path-format=relative --show-toplevel [29ms]
2025-02-20 20:46:04.693 [info] > git rev-parse --git-dir --git-common-dir [39ms]
2025-02-20 20:46:04.702 [info] Open repository: /home/hwlee4/ICS45C/HW1
2025-02-20 20:46:04.714 [info] > git config --get commit.template [5ms]
2025-02-20 20:46:04.714 [info] > git for-each-ref --format=%(refname)%00%(upstream:short)%00%(objectname)%00%(upstream:track)%00%(upstream:remotename)%00%(upstream:remoteref) refs/heads/main refs/remotes/main [105ms]
2025-02-20 20:46:04.720 [info] > git rev-parse --show-toplevel [8ms]
2025-02-20 20:46:04.725 [info] > git status -z -uall [110ms]
2025-02-20 20:46:04.752 [info] > git for-each-ref --format=%(refname)%00%(upstream:short)%00%(objectname)%00%(upstream:track)%00%(upstream:remotename)%00%(upstream:remoteref) refs/heads/main refs/remotes/main [18ms]
2025-02-20 20:46:04.758 [info] > git for-each-ref --format=%(refname)%00%(upstream:short)%00%(objectname)%00%(upstream:track)%00%(upstream:remotename)%00%(upstream:remoteref) refs/heads/main refs/remotes/main [39ms]
2025-02-20 20:46:04.758 [info] > git rev-parse --path-format=relative --show-toplevel [34ms]
2025-02-20 20:46:04.800 [info] > git config --get commit.template [50ms]
2025-02-20 20:46:04.803 [info] > git config --local branch.main.vscode-merge-base [45ms]
2025-02-20 20:46:04.818 [info] > git rev-parse --git-dir --git-common-dir [20ms]
2025-02-20 20:46:04.832 [info] Open repository: /home/hwlee4/ICS45C/HW2
2025-02-20 20:46:04.848 [info] > git status -z -uall [56ms]
2025-02-20 20:46:04.848 [info] > git for-each-ref --format=%(refname)%00%(upstream:short)%00%(objectname)%00%(upstream:track)%00%(upstream:remotename)%00%(upstream:remoteref) refs/heads/main refs/remotes/main [32ms]
2025-02-20 20:46:04.862 [info] > git for-each-ref --format=%(refname)%00%(upstream:short)%00%(objectname)%00%(upstream:track)%00%(upstream:remotename)%00%(upstream:remoteref) refs/heads/origin/main refs/remotes/origin/main [51ms]
2025-02-20 20:46:04.889 [info] > git rev-parse --show-toplevel [43ms]
2025-02-20 20:46:04.894 [info] > git config --get commit.template [52ms]
2025-02-20 20:46:04.896 [info] > git config --get commit.template [8ms]
2025-02-20 20:46:04.896 [info] > git merge-base refs/heads/main refs/remotes/origin/main [28ms]
2025-02-20 20:46:04.902 [info] > git for-each-ref --format=%(refname)%00%(upstream:short)%00%(objectname)%00%(upstream:track)%00%(upstream:remotename)%00%(upstream:remoteref) refs/heads/main refs/remotes/main [48ms]
2025-02-20 20:46:04.913 [info] > git rev-parse --path-format=relative --show-toplevel [19ms]
2025-02-20 20:46:04.927 [info] > git config --local branch.main.vscode-merge-base [20ms]
2025-02-20 20:46:04.935 [info] > git status -z -uall [63ms]
2025-02-20 20:46:04.935 [info] > git rev-parse --git-dir --git-common-dir [9ms]
2025-02-20 20:46:04.945 [info] Open repository: /home/hwlee4/ICS45C/HW3
2025-02-20 20:46:04.961 [info] > git rev-list --count --left-right refs/heads/main...refs/remotes/origin/main [60ms]
2025-02-20 20:46:04.997 [info] > git status -z -uall [79ms]
2025-02-20 20:46:04.997 [info] > git for-each-ref --format=%(refname)%00%(upstream:short)%00%(objectname)%00%(upstream:track)%00%(upstream:remotename)%00%(upstream:remoteref) refs/heads/main refs/remotes/main [45ms]
2025-02-20 20:46:05.002 [info] > git for-each-ref --format=%(refname)%00%(upstream:short)%00%(objectname)%00%(upstream:track)%00%(upstream:remotename)%00%(upstream:remoteref) refs/heads/origin/main refs/remotes/origin/main [70ms]
2025-02-20 20:46:05.016 [info] > git for-each-ref --format=%(refname)%00%(upstream:short)%00%(objectname)%00%(upstream:track)%00%(upstream:remotename)%00%(upstream:remoteref) refs/heads/main refs/remotes/main [94ms]
2025-02-20 20:46:05.016 [info] > git for-each-ref --format=%(refname)%00%(upstream:short)%00%(objectname)%00%(upstream:track)%00%(upstream:remotename)%00%(upstream:remoteref) refs/heads/main refs/remotes/main [104ms]
2025-02-20 20:46:05.021 [info] > git merge-base refs/heads/main refs/remotes/origin/main [14ms]
2025-02-20 20:46:05.025 [info] > git config --local branch.main.vscode-merge-base [23ms]
2025-02-20 20:46:05.030 [info] > git config --get commit.template [36ms]
2025-02-20 20:46:05.030 [info] > git rev-parse --show-toplevel [40ms]
2025-02-20 20:46:05.034 [info] > git config --get commit.template [60ms]
2025-02-20 20:46:05.035 [info] > git diff --name-status -z --diff-filter=ADMR ab924b2367ceae6792fa744183edcf5376e9d74b...refs/remotes/origin/main [68ms]
2025-02-20 20:46:05.038 [info] > git for-each-ref --format=%(refname)%00%(upstream:short)%00%(objectname)%00%(upstream:track)%00%(upstream:remotename)%00%(upstream:remoteref) refs/heads/main refs/remotes/main [25ms]
2025-02-20 20:46:05.053 [info] > git for-each-ref --format=%(refname)%00%(upstream:short)%00%(objectname)%00%(upstream:track)%00%(upstream:remotename)%00%(upstream:remoteref) refs/heads/origin/main refs/remotes/origin/main [24ms]
2025-02-20 20:46:05.091 [info] > git rev-parse --path-format=relative --show-toplevel [56ms]
2025-02-20 20:46:05.091 [info] > git rev-list --count --left-right refs/heads/main...refs/remotes/origin/main [66ms]
2025-02-20 20:46:05.123 [info] > git check-ignore -v -z --stdin [22ms]
2025-02-20 20:46:05.124 [info] > git check-ignore -v -z --stdin [19ms]
2025-02-20 20:46:05.125 [info] > git diff --name-status -z --diff-filter=ADMR bddd0b0d0cfc38d0bcdb3142f43ffb36c1294495...refs/remotes/origin/main [30ms]
2025-02-20 20:46:05.126 [info] > git merge-base refs/heads/main refs/remotes/origin/main [35ms]
2025-02-20 20:46:05.130 [info] > git for-each-ref --format=%(refname)%00%(upstream:short)%00%(objectname)%00%(upstream:track)%00%(upstream:remotename)%00%(upstream:remoteref) refs/heads/main refs/remotes/main [79ms]
2025-02-20 20:46:05.130 [info] > git for-each-ref --format=%(refname)%00%(upstream:short)%00%(objectname)%00%(upstream:track)%00%(upstream:remotename)%00%(upstream:remoteref) refs/heads/main refs/remotes/main [84ms]
2025-02-20 20:46:05.131 [info] > git config --local branch.main.vscode-merge-base [89ms]
2025-02-20 20:46:05.146 [info] > git status -z -uall [36ms]
2025-02-20 20:46:05.146 [info] > git rev-parse --git-dir --git-common-dir [32ms]
2025-02-20 20:46:05.153 [info] Open repository: /home/hwlee4/ICS45C/HW4
2025-02-20 20:46:05.171 [info] > git status -z -uall [27ms]
2025-02-20 20:46:05.171 [info] > git rev-list --count --left-right refs/heads/main...refs/remotes/origin/main [41ms]
2025-02-20 20:46:05.176 [info] > git for-each-ref --format=%(refname)%00%(upstream:short)%00%(objectname)%00%(upstream:track)%00%(upstream:remotename)%00%(upstream:remoteref) refs/heads/origin/main refs/remotes/origin/main [40ms]
2025-02-20 20:46:05.189 [info] > git config --get commit.template [23ms]
2025-02-20 20:46:05.189 [info] > git for-each-ref --format=%(refname)%00%(upstream:short)%00%(objectname)%00%(upstream:track)%00%(upstream:remotename)%00%(upstream:remoteref) refs/heads/main refs/remotes/main [29ms]
2025-02-20 20:46:05.220 [info] > git config --local branch.main.vscode-merge-base [26ms]
2025-02-20 20:46:05.224 [info] > git diff --name-status -z --diff-filter=ADMR cf8d5839cd08372c62f09381215e8d81994990a6...refs/remotes/origin/main [49ms]
2025-02-20 20:46:05.225 [info] > git rev-parse --show-toplevel [55ms]
2025-02-20 20:46:05.236 [info] > git config --get commit.template [18ms]
2025-02-20 20:46:05.237 [info] > git for-each-ref --format=%(refname)%00%(upstream:short)%00%(objectname)%00%(upstream:track)%00%(upstream:remotename)%00%(upstream:remoteref) refs/heads/main refs/remotes/main [37ms]
2025-02-20 20:46:05.289 [info] > git status -z -uall [80ms]
2025-02-20 20:46:05.289 [info] > git status -z -uall [75ms]
2025-02-20 20:46:05.311 [info] > git for-each-ref --format=%(refname)%00%(upstream:short)%00%(objectname)%00%(upstream:track)%00%(upstream:remotename)%00%(upstream:remoteref) refs/heads/origin/main refs/remotes/origin/main [87ms]
2025-02-20 20:46:05.312 [info] > git rev-parse --path-format=relative --show-toplevel [83ms]
2025-02-20 20:46:05.323 [info] > git for-each-ref --format=%(refname)%00%(upstream:short)%00%(objectname)%00%(upstream:track)%00%(upstream:remotename)%00%(upstream:remoteref) refs/heads/main refs/remotes/main [28ms]
2025-02-20 20:46:05.328 [info] > git for-each-ref --format=%(refname)%00%(upstream:short)%00%(objectname)%00%(upstream:track)%00%(upstream:remotename)%00%(upstream:remoteref) refs/heads/main refs/remotes/main [94ms]
2025-02-20 20:46:05.329 [info] > git config --local branch.main.vscode-merge-base [87ms]
2025-02-20 20:46:05.340 [info] > git config --local branch.main.vscode-merge-base [12ms]
2025-02-20 20:46:05.345 [info] > git rev-parse --git-dir --git-common-dir [24ms]
2025-02-20 20:46:05.389 [info] Open repository: /home/hwlee4/ICS45C/HW5
2025-02-20 20:46:05.399 [info] > git config --get commit.template [81ms]
2025-02-20 20:46:05.399 [info] > git for-each-ref --format=%(refname)%00%(upstream:short)%00%(objectname)%00%(upstream:track)%00%(upstream:remotename)%00%(upstream:remoteref) refs/heads/main refs/remotes/main [90ms]
2025-02-20 20:46:05.416 [info] > git for-each-ref --format=%(refname)%00%(upstream:short)%00%(objectname)%00%(upstream:track)%00%(upstream:remotename)%00%(upstream:remoteref) refs/heads/origin/main refs/remotes/origin/main [71ms]
2025-02-20 20:46:05.422 [info] > git for-each-ref --format=%(refname)%00%(upstream:short)%00%(objectname)%00%(upstream:track)%00%(upstream:remotename)%00%(upstream:remoteref) refs/heads/main refs/remotes/main [84ms]
2025-02-20 20:46:05.422 [info] > git for-each-ref --format=%(refname)%00%(upstream:short)%00%(objectname)%00%(upstream:track)%00%(upstream:remotename)%00%(upstream:remoteref) refs/heads/origin/main refs/remotes/origin/main [89ms]
2025-02-20 20:46:05.435 [info] > git rev-parse --show-toplevel [21ms]
2025-02-20 20:46:05.439 [info] > git config --get commit.template [30ms]
2025-02-20 20:46:05.440 [info] > git config --local branch.main.vscode-merge-base [36ms]
2025-02-20 20:46:05.495 [info] > git rev-parse --path-format=relative --show-toplevel [56ms]
2025-02-20 20:46:05.495 [info] > git merge-base refs/heads/main refs/remotes/origin/main [68ms]
2025-02-20 20:46:05.500 [info] > git merge-base refs/heads/main refs/remotes/origin/main [79ms]
2025-02-20 20:46:05.511 [info] > git for-each-ref --format=%(refname)%00%(upstream:short)%00%(objectname)%00%(upstream:track)%00%(upstream:remotename)%00%(upstream:remoteref) refs/heads/origin/main refs/remotes/origin/main [23ms]
2025-02-20 20:46:05.513 [info] > git for-each-ref --format=%(refname)%00%(upstream:short)%00%(objectname)%00%(upstream:track)%00%(upstream:remotename)%00%(upstream:remoteref) refs/heads/main refs/remotes/main [81ms]
2025-02-20 20:46:05.519 [info] > git status -z -uall [26ms]
2025-02-20 20:46:05.540 [info] > git status -z -uall [22ms]
2025-02-20 20:46:05.540 [info] > git for-each-ref --format=%(refname)%00%(upstream:short)%00%(objectname)%00%(upstream:track)%00%(upstream:remotename)%00%(upstream:remoteref) refs/heads/main refs/remotes/main [31ms]
2025-02-20 20:46:05.541 [info] > git rev-list --count --left-right refs/heads/main...refs/remotes/origin/main [36ms]
2025-02-20 20:46:05.545 [info] > git rev-list --count --left-right refs/heads/main...refs/remotes/origin/main [45ms]
2025-02-20 20:46:05.551 [info] > git config --get commit.template [12ms]
2025-02-20 20:46:05.552 [info] > git for-each-ref --format=%(refname)%00%(upstream:short)%00%(objectname)%00%(upstream:track)%00%(upstream:remotename)%00%(upstream:remoteref) refs/heads/main refs/remotes/main [26ms]
2025-02-20 20:46:05.597 [info] > git config --local branch.main.vscode-merge-base [40ms]
2025-02-20 20:46:05.603 [info] > git diff --name-status -z --diff-filter=ADMR 94ef69ee95c8de87a59616891bc9c945d7661a95...refs/remotes/origin/main [54ms]
2025-02-20 20:46:05.604 [info] > git diff --name-status -z --diff-filter=ADMR 83b8c9caa62299ec43412888acef026380525026...refs/remotes/origin/main [59ms]
2025-02-20 20:46:05.619 [info] > git for-each-ref --format=%(refname)%00%(upstream:short)%00%(objectname)%00%(upstream:track)%00%(upstream:remotename)%00%(upstream:remoteref) refs/heads/main refs/remotes/main [27ms]
2025-02-20 20:46:05.626 [info] > git for-each-ref --format=%(refname)%00%(upstream:short)%00%(objectname)%00%(upstream:track)%00%(upstream:remotename)%00%(upstream:remoteref) refs/heads/origin/main refs/remotes/origin/main [23ms]
2025-02-20 20:46:05.632 [info] > git status -z -uall [23ms]
2025-02-20 20:46:05.632 [info] > git config --local branch.main.vscode-merge-base [7ms]
2025-02-20 20:46:05.638 [info] > git for-each-ref --format=%(refname)%00%(upstream:short)%00%(objectname)%00%(upstream:track)%00%(upstream:remotename)%00%(upstream:remoteref) refs/heads/main refs/remotes/main [24ms]
2025-02-20 20:46:05.700 [info] > git status -z -uall [82ms]
2025-02-20 20:46:05.700 [info] > git check-ignore -v -z --stdin [57ms]
2025-02-20 20:46:05.701 [info] > git check-ignore -v -z --stdin [54ms]
2025-02-20 20:46:05.702 [info] > git check-ignore -v -z --stdin [50ms]
2025-02-20 20:46:05.703 [info] > git check-ignore -v -z --stdin [46ms]
2025-02-20 20:46:05.704 [info] > git check-ignore -v -z --stdin [42ms]
2025-02-20 20:46:05.705 [info] > git for-each-ref --format=%(refname)%00%(upstream:short)%00%(objectname)%00%(upstream:track)%00%(upstream:remotename)%00%(upstream:remoteref) refs/heads/origin/main refs/remotes/origin/main [67ms]
2025-02-20 20:46:05.705 [info] > git merge-base refs/heads/main refs/remotes/origin/main [74ms]
2025-02-20 20:46:05.798 [info] > git for-each-ref --format=%(refname)%00%(upstream:short)%00%(objectname)%00%(upstream:track)%00%(upstream:remotename)%00%(upstream:remoteref) refs/heads/main refs/remotes/main [78ms]
2025-02-20 20:46:05.805 [info] > git rev-list --count --left-right refs/heads/main...refs/remotes/origin/main [93ms]
2025-02-20 20:46:05.820 [info] > git config --local branch.main.vscode-merge-base [15ms]
2025-02-20 20:46:05.827 [info] > git config --get commit.template [32ms]
2025-02-20 20:46:05.827 [info] > git for-each-ref --format=%(refname)%00%(upstream:short)%00%(objectname)%00%(upstream:track)%00%(upstream:remotename)%00%(upstream:remoteref) refs/heads/main refs/remotes/main [90ms]
2025-02-20 20:46:05.891 [info] > git diff --name-status -z --diff-filter=ADMR 23f1d7363861263b3745c679b62ddb8e2fdc6e7e...refs/remotes/origin/main [79ms]
2025-02-20 20:46:05.898 [info] > git config --local branch.main.vscode-merge-base [66ms]
2025-02-20 20:46:05.902 [info] > git for-each-ref --format=%(refname)%00%(upstream:short)%00%(objectname)%00%(upstream:track)%00%(upstream:remotename)%00%(upstream:remoteref) refs/heads/origin/main refs/remotes/origin/main [76ms]
2025-02-20 20:46:06.032 [info] > git status -z -uall [142ms]
2025-02-20 20:46:06.032 [info] > git merge-base refs/heads/main refs/remotes/origin/main [125ms]
2025-02-20 20:46:06.038 [info] > git for-each-ref --format=%(refname)%00%(upstream:short)%00%(objectname)%00%(upstream:track)%00%(upstream:remotename)%00%(upstream:remoteref) refs/heads/origin/main refs/remotes/origin/main [136ms]
2025-02-20 20:46:06.039 [info] > git for-each-ref --format=%(refname)%00%(upstream:short)%00%(objectname)%00%(upstream:track)%00%(upstream:remotename)%00%(upstream:remoteref) refs/heads/main refs/remotes/main [141ms]
2025-02-20 20:46:06.055 [info] > git rev-list --count --left-right refs/heads/main...refs/remotes/origin/main [17ms]
2025-02-20 20:46:06.061 [info] > git for-each-ref --format=%(refname)%00%(upstream:short)%00%(objectname)%00%(upstream:track)%00%(upstream:remotename)%00%(upstream:remoteref) refs/heads/main refs/remotes/main [17ms]
2025-02-20 20:46:06.072 [info] > git status -z -uall [20ms]
2025-02-20 20:46:06.079 [info] > git config --local branch.main.vscode-merge-base [13ms]
2025-02-20 20:46:06.088 [info] > git diff --name-status -z --diff-filter=ADMR 2e0d8ba95f2aa1568c03344698e0df55135e7cec...refs/remotes/origin/main [28ms]
2025-02-20 20:46:06.111 [info] > git for-each-ref --format=%(refname)%00%(upstream:short)%00%(objectname)%00%(upstream:track)%00%(upstream:remotename)%00%(upstream:remoteref) refs/heads/origin/main refs/remotes/origin/main [22ms]
2025-02-20 20:46:06.111 [info] > git for-each-ref --format=%(refname)%00%(upstream:short)%00%(objectname)%00%(upstream:track)%00%(upstream:remotename)%00%(upstream:remoteref) refs/heads/main refs/remotes/main [34ms]
2025-02-20 20:46:06.116 [info] > git rev-parse --show-toplevel [7ms]
2025-02-20 20:46:06.121 [info] > git config --local branch.main.vscode-merge-base [6ms]
2025-02-20 20:46:06.126 [info] > git rev-parse --path-format=relative --show-toplevel [7ms]
2025-02-20 20:46:06.150 [info] > git for-each-ref --format=%(refname)%00%(upstream:short)%00%(objectname)%00%(upstream:track)%00%(upstream:remotename)%00%(upstream:remoteref) refs/heads/origin/main refs/remotes/origin/main [25ms]
2025-02-20 20:46:06.154 [info] > git rev-parse --show-toplevel [5ms]
2025-02-20 20:46:06.165 [info] > git rev-parse --path-format=relative --show-toplevel [7ms]
2025-02-20 20:46:06.225 [info] > git check-ignore -v -z --stdin [30ms]
2025-02-20 20:46:06.226 [info] > git check-ignore -v -z --stdin [26ms]
2025-02-20 20:46:06.227 [info] > git check-ignore -v -z --stdin [22ms]
2025-02-20 20:46:06.227 [info] > git check-ignore -v -z --stdin [17ms]
2025-02-20 20:46:06.228 [info] > git check-ignore -v -z --stdin [14ms]
2025-02-20 20:46:06.229 [info] > git check-ignore -v -z --stdin [11ms]
2025-02-20 20:46:06.229 [info] > git check-ignore -v -z --stdin [7ms]
2025-02-20 20:46:07.721 [info] > git check-ignore -v -z --stdin [28ms]
2025-02-20 20:46:07.722 [info] > git check-ignore -v -z --stdin [25ms]
2025-02-20 20:46:07.722 [info] > git check-ignore -v -z --stdin [21ms]
2025-02-20 20:46:07.722 [info] > git check-ignore -v -z --stdin [17ms]
2025-02-20 20:46:07.723 [info] > git check-ignore -v -z --stdin [15ms]
2025-02-20 20:46:07.724 [info] > git check-ignore -v -z --stdin [11ms]
2025-02-20 20:46:07.725 [info] > git check-ignore -v -z --stdin [8ms]
2025-02-20 20:46:08.258 [info] > git check-ignore -v -z --stdin [25ms]
2025-02-20 20:46:08.259 [info] > git check-ignore -v -z --stdin [22ms]
2025-02-20 20:46:08.259 [info] > git check-ignore -v -z --stdin [18ms]
2025-02-20 20:46:08.260 [info] > git check-ignore -v -z --stdin [15ms]
2025-02-20 20:46:08.260 [info] > git check-ignore -v -z --stdin [12ms]
2025-02-20 20:46:08.261 [info] > git check-ignore -v -z --stdin [8ms]
2025-02-20 20:46:08.264 [info] > git check-ignore -v -z --stdin [8ms]
2025-02-20 20:46:09.406 [info] > git show --textconv :src/circle.cpp [17ms]
2025-02-20 20:46:09.406 [info] > git ls-files --stage -- /home/hwlee4/ICS45C/HW6/src/circle.cpp [12ms]
2025-02-20 20:46:09.425 [info] > git cat-file -s 6912f48c582bf4b3b8ddc948976fba02efcd04ef [12ms]
2025-02-20 20:46:46.444 [info] > git show --textconv :src/rectangle.hpp [11ms]
2025-02-20 20:46:46.448 [info] > git ls-files --stage -- /home/hwlee4/ICS45C/HW6/src/rectangle.hpp [8ms]
2025-02-20 20:46:46.462 [info] > git cat-file -s 8a21618371a72f1b48bb1888ac7394639be16e08 [9ms]
2025-02-20 20:46:55.152 [info] > git show --textconv :src/circle.cpp [11ms]
2025-02-20 20:46:55.154 [info] > git ls-files --stage -- /home/hwlee4/ICS45C/HW6/src/circle.cpp [7ms]
2025-02-20 20:46:55.169 [info] > git cat-file -s 6912f48c582bf4b3b8ddc948976fba02efcd04ef [10ms]
2025-02-20 20:46:56.807 [info] > git show --textconv :src/rectangle.hpp [12ms]
2025-02-20 20:46:56.808 [info] > git ls-files --stage -- /home/hwlee4/ICS45C/HW6/src/rectangle.hpp [6ms]
2025-02-20 20:46:56.821 [info] > git cat-file -s 8a21618371a72f1b48bb1888ac7394639be16e08 [9ms]
2025-02-20 20:47:02.158 [info] > git ls-files --stage -- /home/hwlee4/ICS45C/HW6/src/triangle.cpp [6ms]
2025-02-20 20:47:02.163 [info] > git show --textconv :src/triangle.cpp [16ms]
2025-02-20 20:47:02.172 [info] > git cat-file -s 61d575b7e5955acafdf36e10f84eaa2ad7bc5bdf [8ms]
2025-02-20 20:47:10.354 [info] > git ls-files --stage -- /home/hwlee4/ICS45C/HW6/src/square.hpp [6ms]
2025-02-20 20:47:10.362 [info] > git show --textconv :src/square.hpp [19ms]
2025-02-20 20:47:10.369 [info] > git cat-file -s f983d08fd5e180e3db8570dd25d6d4e8572d95a3 [9ms]
2025-02-20 20:47:25.701 [info] > git ls-files --stage -- /home/hwlee4/ICS45C/HW6/src/square.cpp [8ms]
2025-02-20 20:47:25.708 [info] > git show --textconv :src/square.cpp [20ms]
2025-02-20 20:47:25.715 [info] > git cat-file -s 1650f614468718a4173ab09e6486df03d8077266 [8ms]
2025-02-20 20:47:27.420 [info] > git ls-files --stage -- /home/hwlee4/ICS45C/HW6/src/triangle.hpp [6ms]
2025-02-20 20:47:27.425 [info] > git show --textconv :src/triangle.hpp [17ms]
2025-02-20 20:47:27.436 [info] > git cat-file -s b3f4fd059c6d70c6719fbd38bd99e028904d0616 [12ms]
2025-02-20 20:47:29.637 [info] > git ls-files --stage -- /home/hwlee4/ICS45C/HW6/src/square.cpp [6ms]
2025-02-20 20:47:29.642 [info] > git show --textconv :src/square.cpp [15ms]
2025-02-20 20:47:29.651 [info] > git cat-file -s 1650f614468718a4173ab09e6486df03d8077266 [9ms]
2025-02-20 20:49:46.245 [info] > git ls-files --stage -- /home/hwlee4/ICS45C/HW6/src/shape.hpp [7ms]
2025-02-20 20:49:46.253 [info] > git show --textconv :src/shape.hpp [20ms]
2025-02-20 20:49:46.259 [info] > git cat-file -s 5498aeb147f8643e35a73cde983ac776b5c65a0d [9ms]
2025-02-20 20:52:04.831 [info] > git ls-files --stage -- /home/hwlee4/ICS45C/HW6/src/shape.cpp [6ms]
2025-02-20 20:52:04.838 [info] > git show --textconv :src/shape.cpp [19ms]
2025-02-20 20:52:04.845 [info] > git cat-file -s 32b8e193017cd80c7feecfa9b49dd3b328886bb6 [8ms]
2025-02-20 20:54:37.068 [info] > git ls-files --stage -- /home/hwlee4/ICS45C/HW6/src/shape.hpp [6ms]
2025-02-20 20:54:37.076 [info] > git show --textconv :src/shape.hpp [19ms]
2025-02-20 20:54:37.082 [info] > git cat-file -s 5498aeb147f8643e35a73cde983ac776b5c65a0d [9ms]
2025-02-20 20:56:33.652 [info] > git ls-files --stage -- /home/hwlee4/ICS45C/HW6/src/picture.hpp [6ms]
2025-02-20 20:56:33.660 [info] > git show --textconv :src/picture.hpp [19ms]
2025-02-20 20:56:33.667 [info] > git cat-file -s 1a1ae1c88447c6ecb83dea166f49522e78137b62 [8ms]
2025-02-20 20:57:01.832 [info] > git show --textconv :src/shape.cpp [11ms]
2025-02-20 20:57:01.834 [info] > git ls-files --stage -- /home/hwlee4/ICS45C/HW6/src/shape.cpp [8ms]
2025-02-20 20:57:01.846 [info] > git cat-file -s 32b8e193017cd80c7feecfa9b49dd3b328886bb6 [7ms]
2025-02-20 20:57:22.554 [info] > git show --textconv :src/picture.cpp [11ms]
2025-02-20 20:57:22.556 [info] > git ls-files --stage -- /home/hwlee4/ICS45C/HW6/src/picture.cpp [8ms]
2025-02-20 20:57:22.570 [info] > git cat-file -s 744bb78554c3fb8b1e5c0b77f6830e85c4d344ae [8ms]
2025-02-20 21:02:41.684 [info] > git ls-files --stage -- /home/hwlee4/ICS45C/HW6/src/shape.cpp [6ms]
2025-02-20 21:02:41.691 [info] > git show --textconv :src/shape.cpp [19ms]
2025-02-20 21:02:41.699 [info] > git cat-file -s 32b8e193017cd80c7feecfa9b49dd3b328886bb6 [10ms]
2025-02-20 21:03:24.140 [info] > git show --textconv :src/picture.cpp [16ms]
2025-02-20 21:03:24.143 [info] > git ls-files --stage -- /home/hwlee4/ICS45C/HW6/src/picture.cpp [14ms]
2025-02-20 21:03:24.165 [info] > git cat-file -s 744bb78554c3fb8b1e5c0b77f6830e85c4d344ae [18ms]
2025-02-20 21:04:18.268 [info] > git ls-files --stage -- /home/hwlee4/ICS45C/HW6/src/circle.cpp [6ms]
2025-02-20 21:04:18.274 [info] > git show --textconv :src/circle.cpp [17ms]
2025-02-20 21:04:18.281 [info] > git cat-file -s 6912f48c582bf4b3b8ddc948976fba02efcd04ef [8ms]
2025-02-20 21:04:29.933 [info] > git ls-files --stage -- /home/hwlee4/ICS45C/HW6/src/rectangle.hpp [7ms]
2025-02-20 21:04:29.938 [info] > git show --textconv :src/rectangle.hpp [17ms]
2025-02-20 21:04:29.947 [info] > git cat-file -s 8a21618371a72f1b48bb1888ac7394639be16e08 [10ms]
2025-02-20 21:05:20.585 [info] > git ls-files --stage -- /home/hwlee4/ICS45C/HW6/src/shape.cpp [10ms]
2025-02-20 21:05:20.590 [info] > git show --textconv :src/shape.cpp [21ms]
2025-02-20 21:05:20.597 [info] > git cat-file -s 32b8e193017cd80c7feecfa9b49dd3b328886bb6 [7ms]
2025-02-20 21:05:26.437 [info] > git ls-files --stage -- /home/hwlee4/ICS45C/HW6/src/circle.cpp [6ms]
2025-02-20 21:05:26.442 [info] > git show --textconv :src/circle.cpp [15ms]
2025-02-20 21:05:26.450 [info] > git cat-file -s 6912f48c582bf4b3b8ddc948976fba02efcd04ef [9ms]
2025-02-20 21:06:29.277 [info] > git ls-files --stage -- /home/hwlee4/ICS45C/HW6/src/shape.cpp [7ms]
2025-02-20 21:06:29.285 [info] > git show --textconv :src/shape.cpp [19ms]
2025-02-20 21:06:29.291 [info] > git cat-file -s 32b8e193017cd80c7feecfa9b49dd3b328886bb6 [9ms]
2025-02-20 21:06:47.104 [info] > git ls-files --stage -- /home/hwlee4/ICS45C/HW6/src/picture.hpp [6ms]
2025-02-20 21:06:47.110 [info] > git show --textconv :src/picture.hpp [16ms]
2025-02-20 21:06:47.116 [info] > git cat-file -s 1a1ae1c88447c6ecb83dea166f49522e78137b62 [8ms]
2025-02-20 21:07:17.814 [info] > git ls-files --stage -- /home/hwlee4/ICS45C/HW6/src/shape.cpp [5ms]
2025-02-20 21:07:17.821 [info] > git show --textconv :src/shape.cpp [17ms]
2025-02-20 21:07:17.829 [info] > git cat-file -s 32b8e193017cd80c7feecfa9b49dd3b328886bb6 [9ms]
2025-02-20 21:07:19.278 [info] > git ls-files --stage -- /home/hwlee4/ICS45C/HW6/src/picture.cpp [6ms]
2025-02-20 21:07:19.282 [info] > git show --textconv :src/picture.cpp [15ms]
2025-02-20 21:07:19.290 [info] > git cat-file -s 744bb78554c3fb8b1e5c0b77f6830e85c4d344ae [8ms]
2025-02-20 21:10:40.542 [info] > git ls-files --stage -- /home/hwlee4/ICS45C/HW6/src/shape.hpp [6ms]
2025-02-20 21:10:40.549 [info] > git show --textconv :src/shape.hpp [17ms]
2025-02-20 21:10:40.555 [info] > git cat-file -s 5498aeb147f8643e35a73cde983ac776b5c65a0d [9ms]
2025-02-20 21:11:24.908 [info] > git ls-files --stage -- /home/hwlee4/ICS45C/HW6/src/picture.hpp [7ms]
2025-02-20 21:11:24.912 [info] > git show --textconv :src/picture.hpp [15ms]
2025-02-20 21:11:24.921 [info] > git cat-file -s 1a1ae1c88447c6ecb83dea166f49522e78137b62 [9ms]
2025-02-20 21:12:32.398 [info] > git ls-files --stage -- /home/hwlee4/ICS45C/HW6/src/shape.cpp [6ms]
2025-02-20 21:12:32.404 [info] > git show --textconv :src/shape.cpp [17ms]
2025-02-20 21:12:32.412 [info] > git cat-file -s 32b8e193017cd80c7feecfa9b49dd3b328886bb6 [9ms]
2025-02-20 21:13:34.725 [info] > git ls-files --stage -- /home/hwlee4/ICS45C/HW6/src/circle.cpp [6ms]
2025-02-20 21:13:34.732 [info] > git show --textconv :src/circle.cpp [18ms]
2025-02-20 21:13:34.740 [info] > git cat-file -s 6912f48c582bf4b3b8ddc948976fba02efcd04ef [8ms]
2025-02-20 21:13:48.085 [info] > git ls-files --stage -- /home/hwlee4/ICS45C/HW6/src/shape.hpp [6ms]
2025-02-20 21:13:48.090 [info] > git show --textconv :src/shape.hpp [16ms]
2025-02-20 21:13:48.098 [info] > git cat-file -s 5498aeb147f8643e35a73cde983ac776b5c65a0d [9ms]
2025-02-20 21:13:49.960 [info] > git show --textconv :src/shape.cpp [12ms]
2025-02-20 21:13:49.960 [info] > git ls-files --stage -- /home/hwlee4/ICS45C/HW6/src/shape.cpp [7ms]
2025-02-20 21:13:49.973 [info] > git cat-file -s 32b8e193017cd80c7feecfa9b49dd3b328886bb6 [10ms]
2025-02-20 21:13:52.190 [info] > git ls-files --stage -- /home/hwlee4/ICS45C/HW6/src/circle.cpp [7ms]
2025-02-20 21:13:52.197 [info] > git show --textconv :src/circle.cpp [18ms]
2025-02-20 21:13:52.204 [info] > git cat-file -s 6912f48c582bf4b3b8ddc948976fba02efcd04ef [9ms]
2025-02-20 21:13:54.442 [info] > git show --textconv :src/shape.cpp [10ms]
2025-02-20 21:13:54.442 [info] > git ls-files --stage -- /home/hwlee4/ICS45C/HW6/src/shape.cpp [6ms]
2025-02-20 21:13:54.454 [info] > git cat-file -s 32b8e193017cd80c7feecfa9b49dd3b328886bb6 [8ms]
2025-02-20 21:13:55.398 [info] > git show --textconv :src/circle.cpp [12ms]
2025-02-20 21:13:55.398 [info] > git ls-files --stage -- /home/hwlee4/ICS45C/HW6/src/circle.cpp [8ms]
2025-02-20 21:13:55.411 [info] > git cat-file -s 6912f48c582bf4b3b8ddc948976fba02efcd04ef [8ms]
2025-02-20 21:13:59.343 [info] > git show --textconv :src/shape.cpp [10ms]
2025-02-20 21:13:59.346 [info] > git ls-files --stage -- /home/hwlee4/ICS45C/HW6/src/shape.cpp [7ms]
2025-02-20 21:13:59.359 [info] > git cat-file -s 32b8e193017cd80c7feecfa9b49dd3b328886bb6 [8ms]
2025-02-20 21:14:00.840 [info] > git ls-files --stage -- /home/hwlee4/ICS45C/HW6/src/circle.cpp [6ms]
2025-02-20 21:14:00.844 [info] > git show --textconv :src/circle.cpp [14ms]
2025-02-20 21:14:00.851 [info] > git cat-file -s 6912f48c582bf4b3b8ddc948976fba02efcd04ef [8ms]
2025-02-20 21:14:02.636 [info] > git ls-files --stage -- /home/hwlee4/ICS45C/HW6/src/shape.cpp [6ms]
2025-02-20 21:14:02.642 [info] > git show --textconv :src/shape.cpp [18ms]
2025-02-20 21:14:02.652 [info] > git cat-file -s 32b8e193017cd80c7feecfa9b49dd3b328886bb6 [11ms]
2025-02-20 21:16:08.615 [info] > git ls-files --stage -- /home/hwlee4/ICS45C/HW6/src/picture.cpp [6ms]
2025-02-20 21:16:08.623 [info] > git show --textconv :src/picture.cpp [18ms]
2025-02-20 21:16:08.628 [info] > git cat-file -s 744bb78554c3fb8b1e5c0b77f6830e85c4d344ae [9ms]
2025-02-20 21:17:25.345 [info] > git ls-files --stage -- /home/hwlee4/ICS45C/HW6/src/shape.cpp [6ms]
2025-02-20 21:17:25.353 [info] > git show --textconv :src/shape.cpp [18ms]
2025-02-20 21:17:25.359 [info] > git cat-file -s 32b8e193017cd80c7feecfa9b49dd3b328886bb6 [9ms]
2025-02-20 21:17:48.094 [info] > git ls-files --stage -- /home/hwlee4/ICS45C/HW6/src/picture.cpp [6ms]
2025-02-20 21:17:48.099 [info] > git show --textconv :src/picture.cpp [16ms]
2025-02-20 21:17:48.107 [info] > git cat-file -s 744bb78554c3fb8b1e5c0b77f6830e85c4d344ae [8ms]
2025-02-20 21:18:57.818 [info] > git ls-files --stage -- /home/hwlee4/ICS45C/HW6/src/circle.cpp [6ms]
2025-02-20 21:18:57.826 [info] > git show --textconv :src/circle.cpp [19ms]
2025-02-20 21:18:57.831 [info] > git cat-file -s 6912f48c582bf4b3b8ddc948976fba02efcd04ef [8ms]
2025-02-20 21:19:05.085 [info] > git ls-files --stage -- /home/hwlee4/ICS45C/HW6/src/picture.cpp [6ms]
2025-02-20 21:19:05.091 [info] > git show --textconv :src/picture.cpp [16ms]
2025-02-20 21:19:05.099 [info] > git cat-file -s 744bb78554c3fb8b1e5c0b77f6830e85c4d344ae [9ms]
2025-02-20 21:19:19.467 [info] > git ls-files --stage -- /home/hwlee4/ICS45C/HW6/src/shape.cpp [7ms]
2025-02-20 21:19:19.471 [info] > git show --textconv :src/shape.cpp [15ms]
2025-02-20 21:19:19.479 [info] > git cat-file -s 32b8e193017cd80c7feecfa9b49dd3b328886bb6 [8ms]
2025-02-20 21:19:23.322 [info] > git ls-files --stage -- /home/hwlee4/ICS45C/HW6/src/circle.cpp [6ms]
2025-02-20 21:19:23.326 [info] > git show --textconv :src/circle.cpp [14ms]
2025-02-20 21:19:23.334 [info] > git cat-file -s 6912f48c582bf4b3b8ddc948976fba02efcd04ef [8ms]
2025-02-20 21:19:24.578 [info] > git show --textconv :src/shape.cpp [11ms]
2025-02-20 21:19:24.579 [info] > git ls-files --stage -- /home/hwlee4/ICS45C/HW6/src/shape.cpp [7ms]
2025-02-20 21:19:24.592 [info] > git cat-file -s 32b8e193017cd80c7feecfa9b49dd3b328886bb6 [9ms]
2025-02-20 21:19:26.737 [info] > git ls-files --stage -- /home/hwlee4/ICS45C/HW6/src/square.cpp [6ms]
2025-02-20 21:19:26.742 [info] > git show --textconv :src/square.cpp [16ms]
2025-02-20 21:19:26.750 [info] > git cat-file -s 1650f614468718a4173ab09e6486df03d8077266 [8ms]
2025-02-20 21:19:32.379 [info] > git ls-files --stage -- /home/hwlee4/ICS45C/HW6/src/circle.cpp [7ms]
2025-02-20 21:19:32.384 [info] > git show --textconv :src/circle.cpp [16ms]
2025-02-20 21:19:32.391 [info] > git cat-file -s 6912f48c582bf4b3b8ddc948976fba02efcd04ef [9ms]
2025-02-20 21:19:33.899 [info] > git show --textconv :src/shape.cpp [11ms]
2025-02-20 21:19:33.901 [info] > git ls-files --stage -- /home/hwlee4/ICS45C/HW6/src/shape.cpp [8ms]
2025-02-20 21:19:33.914 [info] > git cat-file -s 32b8e193017cd80c7feecfa9b49dd3b328886bb6 [9ms]
2025-02-20 21:19:35.025 [info] > git ls-files --stage -- /home/hwlee4/ICS45C/HW6/src/circle.cpp [6ms]
2025-02-20 21:19:35.031 [info] > git show --textconv :src/circle.cpp [16ms]
2025-02-20 21:19:35.038 [info] > git cat-file -s 6912f48c582bf4b3b8ddc948976fba02efcd04ef [9ms]
2025-02-20 21:19:37.027 [info] > git show --textconv :src/shape.cpp [10ms]
2025-02-20 21:19:37.027 [info] > git ls-files --stage -- /home/hwlee4/ICS45C/HW6/src/shape.cpp [6ms]
2025-02-20 21:19:37.039 [info] > git cat-file -s 32b8e193017cd80c7feecfa9b49dd3b328886bb6 [8ms]
2025-02-20 21:19:37.922 [info] > git show --textconv :src/circle.cpp [11ms]
2025-02-20 21:19:37.922 [info] > git ls-files --stage -- /home/hwlee4/ICS45C/HW6/src/circle.cpp [7ms]
2025-02-20 21:19:37.935 [info] > git cat-file -s 6912f48c582bf4b3b8ddc948976fba02efcd04ef [8ms]
2025-02-20 21:19:39.480 [info] > git show --textconv :src/shape.cpp [12ms]
2025-02-20 21:19:39.480 [info] > git ls-files --stage -- /home/hwlee4/ICS45C/HW6/src/shape.cpp [8ms]
2025-02-20 21:19:39.494 [info] > git cat-file -s 32b8e193017cd80c7feecfa9b49dd3b328886bb6 [9ms]
2025-02-20 21:19:42.019 [info] > git ls-files --stage -- /home/hwlee4/ICS45C/HW6/src/circle.cpp [6ms]
2025-02-20 21:19:42.023 [info] > git show --textconv :src/circle.cpp [14ms]
2025-02-20 21:19:42.031 [info] > git cat-file -s 6912f48c582bf4b3b8ddc948976fba02efcd04ef [8ms]
2025-02-20 21:21:14.977 [info] > git ls-files --stage -- /home/hwlee4/ICS45C/HW6/src/triangle.cpp [6ms]
2025-02-20 21:21:14.985 [info] > git show --textconv :src/triangle.cpp [19ms]
2025-02-20 21:21:14.990 [info] > git cat-file -s 61d575b7e5955acafdf36e10f84eaa2ad7bc5bdf [9ms]
