2025-04-23 21:50:48.803 [info] Log level: Info
2025-04-23 21:50:48.803 [info] Validating found git in: "git"
2025-04-23 21:50:48.803 [info] Using git "2.34.1" from "git"
2025-04-23 21:50:48.803 [info] > git rev-parse --show-toplevel [7ms]
2025-04-23 21:50:48.803 [info] > git rev-parse --path-format=relative --show-toplevel [4ms]
2025-04-23 21:50:48.803 [info] > git rev-parse --show-toplevel [6ms]
2025-04-23 21:50:48.803 [info] > git rev-parse --path-format=relative --show-toplevel [6ms]
2025-04-23 21:50:48.807 [info] > git rev-parse --git-dir --git-common-dir [5ms]
2025-04-23 21:50:48.833 [info] Open repository: /home/hwlee4/ICS45C/HW0
2025-04-23 21:50:48.856 [info] > git rev-parse --show-toplevel [9ms]
2025-04-23 21:50:48.862 [info] > git config --get commit.template [18ms]
2025-04-23 21:50:48.865 [info] > git rev-parse --path-format=relative --show-toplevel [5ms]
2025-04-23 21:50:48.866 [info] > git for-each-ref --format=%(refname)%00%(upstream:short)%00%(objectname)%00%(upstream:track)%00%(upstream:remotename)%00%(upstream:remoteref) refs/heads/main refs/remotes/main [13ms]
2025-04-23 21:50:48.879 [info] > git rev-parse --git-dir --git-common-dir [8ms]
2025-04-23 21:50:48.887 [info] Open repository: /home/hwlee4/ICS45C/HW1
2025-04-23 21:50:48.899 [info] > git config --get commit.template [5ms]
2025-04-23 21:50:48.913 [info] > git rev-parse --show-toplevel [15ms]
2025-04-23 21:50:48.921 [info] > git status -z -uall [16ms]
2025-04-23 21:50:48.941 [info] > git rev-parse --path-format=relative --show-toplevel [24ms]
2025-04-23 21:50:48.950 [info] > git for-each-ref --format=%(refname)%00%(upstream:short)%00%(objectname)%00%(upstream:track)%00%(upstream:remotename)%00%(upstream:remoteref) refs/heads/main refs/remotes/main [22ms]
2025-04-23 21:50:48.956 [info] > git for-each-ref --format=%(refname)%00%(upstream:short)%00%(objectname)%00%(upstream:track)%00%(upstream:remotename)%00%(upstream:remoteref) refs/heads/main refs/remotes/main [45ms]
2025-04-23 21:50:48.959 [info] > git rev-parse --git-dir --git-common-dir [9ms]
2025-04-23 21:50:48.967 [info] Open repository: /home/hwlee4/ICS45C/HW2
2025-04-23 21:50:48.968 [info] > git config --get commit.template [23ms]
2025-04-23 21:50:48.978 [info] > git config --local branch.main.vscode-merge-base [21ms]
2025-04-23 21:50:48.990 [info] > git rev-parse --show-toplevel [13ms]
2025-04-23 21:50:48.995 [info] > git config --get commit.template [22ms]
2025-04-23 21:50:48.996 [info] > git for-each-ref --format=%(refname)%00%(upstream:short)%00%(objectname)%00%(upstream:track)%00%(upstream:remotename)%00%(upstream:remoteref) refs/heads/origin/main refs/remotes/origin/main [12ms]
2025-04-23 21:50:49.016 [info] > git for-each-ref --format=%(refname)%00%(upstream:short)%00%(objectname)%00%(upstream:track)%00%(upstream:remotename)%00%(upstream:remoteref) refs/heads/main refs/remotes/main [27ms]
2025-04-23 21:50:49.016 [info] > git rev-parse --path-format=relative --show-toplevel [22ms]
2025-04-23 21:50:49.022 [info] > git merge-base refs/heads/main refs/remotes/origin/main [18ms]
2025-04-23 21:50:49.029 [info] > git status -z -uall [21ms]
2025-04-23 21:50:49.029 [info] > git rev-parse --git-dir --git-common-dir [8ms]
2025-04-23 21:50:49.037 [info] Open repository: /home/hwlee4/ICS45C/HW3
2025-04-23 21:50:49.046 [info] > git for-each-ref --format=%(refname)%00%(upstream:short)%00%(objectname)%00%(upstream:track)%00%(upstream:remotename)%00%(upstream:remoteref) refs/heads/main refs/remotes/main [33ms]
2025-04-23 21:50:49.067 [info] > git rev-list --count --left-right refs/heads/main...refs/remotes/origin/main [40ms]
2025-04-23 21:50:49.078 [info] > git config --get commit.template [12ms]
2025-04-23 21:50:49.079 [info] > git config --get commit.template [17ms]
2025-04-23 21:50:49.079 [info] > git for-each-ref --format=%(refname)%00%(upstream:short)%00%(objectname)%00%(upstream:track)%00%(upstream:remotename)%00%(upstream:remoteref) refs/heads/main refs/remotes/main [27ms]
2025-04-23 21:50:49.085 [info] > git diff --name-status -z --diff-filter=ADMR 2de1186af8d356e9b3e6443d56764a6c359645dc...refs/remotes/origin/main [14ms]
2025-04-23 21:50:49.102 [info] > git status -z -uall [26ms]
2025-04-23 21:50:49.112 [info] > git config --local branch.main.vscode-merge-base [28ms]
2025-04-23 21:50:49.118 [info] > git status -z -uall [23ms]
2025-04-23 21:50:49.133 [info] > git for-each-ref --format=%(refname)%00%(upstream:short)%00%(objectname)%00%(upstream:track)%00%(upstream:remotename)%00%(upstream:remoteref) refs/heads/main refs/remotes/main [33ms]
2025-04-23 21:50:49.133 [info] > git for-each-ref --format=%(refname)%00%(upstream:short)%00%(objectname)%00%(upstream:track)%00%(upstream:remotename)%00%(upstream:remoteref) refs/heads/main refs/remotes/main [43ms]
2025-04-23 21:50:49.204 [info] > git for-each-ref --format=%(refname)%00%(upstream:short)%00%(objectname)%00%(upstream:track)%00%(upstream:remotename)%00%(upstream:remoteref) refs/heads/origin/main refs/remotes/origin/main [88ms]
2025-04-23 21:50:49.210 [info] > git for-each-ref --format=%(refname)%00%(upstream:short)%00%(objectname)%00%(upstream:track)%00%(upstream:remotename)%00%(upstream:remoteref) refs/heads/main refs/remotes/main [101ms]
2025-04-23 21:50:49.217 [info] > git config --get commit.template [14ms]
2025-04-23 21:50:49.217 [info] > git for-each-ref --format=%(refname)%00%(upstream:short)%00%(objectname)%00%(upstream:track)%00%(upstream:remotename)%00%(upstream:remoteref) refs/heads/main refs/remotes/main [92ms]
2025-04-23 21:50:49.223 [info] > git config --local branch.main.vscode-merge-base [9ms]
2025-04-23 21:50:49.227 [info] > git merge-base refs/heads/main refs/remotes/origin/main [18ms]
2025-04-23 21:50:49.248 [info] > git config --local branch.main.vscode-merge-base [27ms]
2025-04-23 21:50:49.255 [info] > git for-each-ref --format=%(refname)%00%(upstream:short)%00%(objectname)%00%(upstream:track)%00%(upstream:remotename)%00%(upstream:remoteref) refs/heads/main refs/remotes/main [18ms]
2025-04-23 21:50:49.256 [info] > git rev-list --count --left-right refs/heads/main...refs/remotes/origin/main [24ms]
2025-04-23 21:50:49.261 [info] > git for-each-ref --format=%(refname)%00%(upstream:short)%00%(objectname)%00%(upstream:track)%00%(upstream:remotename)%00%(upstream:remoteref) refs/heads/origin/main refs/remotes/origin/main [34ms]
2025-04-23 21:50:49.264 [info] > git status -z -uall [22ms]
2025-04-23 21:50:49.264 [info] > git status -z -uall [17ms]
2025-04-23 21:50:49.264 [info] > git for-each-ref --format=%(refname)%00%(upstream:short)%00%(objectname)%00%(upstream:track)%00%(upstream:remotename)%00%(upstream:remoteref) refs/heads/origin/main refs/remotes/origin/main [11ms]
2025-04-23 21:50:49.278 [info] > git diff --name-status -z --diff-filter=ADMR 1d941fbc59bc10f4d013441e18a8b73cc72449ad...refs/remotes/origin/main [17ms]
2025-04-23 21:50:49.299 [info] > git for-each-ref --format=%(refname)%00%(upstream:short)%00%(objectname)%00%(upstream:track)%00%(upstream:remotename)%00%(upstream:remoteref) refs/heads/main refs/remotes/main [25ms]
2025-04-23 21:50:49.305 [info] > git merge-base refs/heads/main refs/remotes/origin/main [36ms]
2025-04-23 21:50:49.315 [info] > git config --local branch.main.vscode-merge-base [11ms]
2025-04-23 21:50:49.321 [info] > git config --get commit.template [23ms]
2025-04-23 21:50:49.322 [info] > git for-each-ref --format=%(refname)%00%(upstream:short)%00%(objectname)%00%(upstream:track)%00%(upstream:remotename)%00%(upstream:remoteref) refs/heads/main refs/remotes/main [37ms]
2025-04-23 21:50:49.329 [info] > git status -z -uall [15ms]
2025-04-23 21:50:49.329 [info] > git rev-list --count --left-right refs/heads/main...refs/remotes/origin/main [20ms]
2025-04-23 21:50:49.339 [info] > git config --local branch.main.vscode-merge-base [12ms]
2025-04-23 21:50:49.345 [info] > git for-each-ref --format=%(refname)%00%(upstream:short)%00%(objectname)%00%(upstream:track)%00%(upstream:remotename)%00%(upstream:remoteref) refs/heads/origin/main refs/remotes/origin/main [24ms]
2025-04-23 21:50:49.355 [info] > git for-each-ref --format=%(refname)%00%(upstream:short)%00%(objectname)%00%(upstream:track)%00%(upstream:remotename)%00%(upstream:remoteref) refs/heads/origin/main refs/remotes/origin/main [11ms]
2025-04-23 21:50:49.361 [info] > git for-each-ref --format=%(refname)%00%(upstream:short)%00%(objectname)%00%(upstream:track)%00%(upstream:remotename)%00%(upstream:remoteref) refs/heads/main refs/remotes/main [24ms]
2025-04-23 21:50:49.361 [info] > git diff --name-status -z --diff-filter=ADMR 6e366bc68f599c93d5b2306a1622b19a83ab6690...refs/remotes/origin/main [28ms]
2025-04-23 21:50:49.368 [info] > git for-each-ref --format=%(refname)%00%(upstream:short)%00%(objectname)%00%(upstream:track)%00%(upstream:remotename)%00%(upstream:remoteref) refs/heads/main refs/remotes/main [17ms]
2025-04-23 21:50:49.375 [info] > git merge-base refs/heads/main refs/remotes/origin/main [15ms]
2025-04-23 21:50:49.380 [info] > git config --local branch.main.vscode-merge-base [7ms]
2025-04-23 21:50:49.394 [info] > git rev-list --count --left-right refs/heads/main...refs/remotes/origin/main [15ms]
2025-04-23 21:50:49.400 [info] > git for-each-ref --format=%(refname)%00%(upstream:short)%00%(objectname)%00%(upstream:track)%00%(upstream:remotename)%00%(upstream:remoteref) refs/heads/origin/main refs/remotes/origin/main [16ms]
2025-04-23 21:50:49.441 [info] > git status -z -uall [48ms]
2025-04-23 21:50:49.441 [info] > git diff --name-status -z --diff-filter=ADMR a7816416dcb8e0c47217c8a317a7222a6b8a0bc1...refs/remotes/origin/main [42ms]
2025-04-23 21:50:49.543 [info] > git for-each-ref --format=%(refname)%00%(upstream:short)%00%(objectname)%00%(upstream:track)%00%(upstream:remotename)%00%(upstream:remoteref) refs/heads/main refs/remotes/main [96ms]
2025-04-23 21:50:49.575 [info] > git config --local branch.main.vscode-merge-base [28ms]
2025-04-23 21:50:49.590 [info] > git for-each-ref --format=%(refname)%00%(upstream:short)%00%(objectname)%00%(upstream:track)%00%(upstream:remotename)%00%(upstream:remoteref) refs/heads/origin/main refs/remotes/origin/main [11ms]
2025-04-23 21:50:49.787 [info] > git check-ignore -v -z --stdin [8ms]
2025-04-23 21:50:50.310 [info] > git rev-parse --show-toplevel [8ms]
2025-04-23 21:50:50.320 [info] > git rev-parse --path-format=relative --show-toplevel [5ms]
2025-04-23 21:50:50.329 [info] > git rev-parse --show-toplevel [5ms]
2025-04-23 21:50:50.338 [info] > git rev-parse --path-format=relative --show-toplevel [5ms]
2025-04-23 21:50:51.711 [info] > git show --textconv :gtest/student_gtests.cpp [8ms]
2025-04-23 21:50:51.714 [info] > git ls-files --stage -- /home/hwlee4/ICS45C/HW3/gtest/student_gtests.cpp [6ms]
2025-04-23 21:50:51.726 [info] > git cat-file -s fff48f3e6afc11a4352228e2177ef1d955955fe2 [8ms]
2025-04-23 21:50:52.095 [info] > git check-ignore -v -z --stdin [23ms]
2025-04-23 21:50:52.097 [info] > git check-ignore -v -z --stdin [20ms]
2025-04-23 21:50:52.097 [info] > git check-ignore -v -z --stdin [16ms]
2025-04-23 21:50:52.098 [info] > git check-ignore -v -z --stdin [13ms]
2025-04-23 21:52:33.021 [info] > git check-ignore -v -z --stdin [9ms]
2025-04-23 21:52:33.768 [info] > git config --get commit.template [7ms]
2025-04-23 21:52:33.781 [info] > git for-each-ref --format=%(refname)%00%(upstream:short)%00%(objectname)%00%(upstream:track)%00%(upstream:remotename)%00%(upstream:remoteref) refs/heads/main refs/remotes/main [15ms]
2025-04-23 21:52:33.808 [info] > git status -z -uall [22ms]
2025-04-23 21:52:33.831 [info] > git for-each-ref --format=%(refname)%00%(upstream:short)%00%(objectname)%00%(upstream:track)%00%(upstream:remotename)%00%(upstream:remoteref) refs/heads/main refs/remotes/main [12ms]
2025-04-23 21:52:33.842 [info] > git config --local branch.main.vscode-merge-base [4ms]
2025-04-23 21:52:33.857 [info] > git for-each-ref --format=%(refname)%00%(upstream:short)%00%(objectname)%00%(upstream:track)%00%(upstream:remotename)%00%(upstream:remoteref) refs/heads/origin/main refs/remotes/origin/main [10ms]
2025-04-23 21:52:41.736 [info] > git config --get commit.template [6ms]
2025-04-23 21:52:41.746 [info] > git for-each-ref --format=%(refname)%00%(upstream:short)%00%(objectname)%00%(upstream:track)%00%(upstream:remotename)%00%(upstream:remoteref) refs/heads/main refs/remotes/main [12ms]
2025-04-23 21:52:41.803 [info] > git status -z -uall [49ms]
2025-04-23 21:52:41.823 [info] > git for-each-ref --format=%(refname)%00%(upstream:short)%00%(objectname)%00%(upstream:track)%00%(upstream:remotename)%00%(upstream:remoteref) refs/heads/main refs/remotes/main [13ms]
2025-04-23 21:52:41.835 [info] > git config --local branch.main.vscode-merge-base [4ms]
2025-04-23 21:52:41.852 [info] > git for-each-ref --format=%(refname)%00%(upstream:short)%00%(objectname)%00%(upstream:track)%00%(upstream:remotename)%00%(upstream:remoteref) refs/heads/origin/main refs/remotes/origin/main [9ms]
2025-04-23 21:52:46.827 [info] > git config --get commit.template [8ms]
2025-04-23 21:52:46.837 [info] > git for-each-ref --format=%(refname)%00%(upstream:short)%00%(objectname)%00%(upstream:track)%00%(upstream:remotename)%00%(upstream:remoteref) refs/heads/main refs/remotes/main [12ms]
2025-04-23 21:52:46.859 [info] > git status -z -uall [16ms]
2025-04-23 21:52:46.877 [info] > git for-each-ref --format=%(refname)%00%(upstream:short)%00%(objectname)%00%(upstream:track)%00%(upstream:remotename)%00%(upstream:remoteref) refs/heads/main refs/remotes/main [11ms]
2025-04-23 21:52:46.886 [info] > git config --local branch.main.vscode-merge-base [4ms]
2025-04-23 21:52:46.901 [info] > git for-each-ref --format=%(refname)%00%(upstream:short)%00%(objectname)%00%(upstream:track)%00%(upstream:remotename)%00%(upstream:remoteref) refs/heads/origin/main refs/remotes/origin/main [10ms]
2025-04-23 21:53:02.138 [info] > git config --get commit.template [6ms]
2025-04-23 21:53:02.149 [info] > git for-each-ref --format=%(refname)%00%(upstream:short)%00%(objectname)%00%(upstream:track)%00%(upstream:remotename)%00%(upstream:remoteref) refs/heads/main refs/remotes/main [12ms]
2025-04-23 21:53:02.173 [info] > git status -z -uall [18ms]
2025-04-23 21:53:02.193 [info] > git for-each-ref --format=%(refname)%00%(upstream:short)%00%(objectname)%00%(upstream:track)%00%(upstream:remotename)%00%(upstream:remoteref) refs/heads/main refs/remotes/main [14ms]
2025-04-23 21:53:02.203 [info] > git config --local branch.main.vscode-merge-base [5ms]
2025-04-23 21:53:02.217 [info] > git for-each-ref --format=%(refname)%00%(upstream:short)%00%(objectname)%00%(upstream:track)%00%(upstream:remotename)%00%(upstream:remoteref) refs/heads/origin/main refs/remotes/origin/main [9ms]
2025-04-23 21:53:07.578 [info] > git show --textconv :src/standard_main.cpp [8ms]
2025-04-23 21:53:07.581 [info] > git ls-files --stage -- /home/hwlee4/ICS45C/HW3/src/standard_main.cpp [6ms]
2025-04-23 21:53:07.594 [info] > git cat-file -s e69de29bb2d1d6434b8b29ae775ad8c2e48c5391 [8ms]
2025-04-23 21:53:20.231 [info] > git check-ignore -v -z --stdin [7ms]
2025-04-23 21:53:36.883 [info] > git config --get commit.template [7ms]
2025-04-23 21:53:36.895 [info] > git for-each-ref --format=%(refname)%00%(upstream:short)%00%(objectname)%00%(upstream:track)%00%(upstream:remotename)%00%(upstream:remoteref) refs/heads/main refs/remotes/main [13ms]
2025-04-23 21:53:36.924 [info] > git status -z -uall [24ms]
2025-04-23 21:53:36.942 [info] > git for-each-ref --format=%(refname)%00%(upstream:short)%00%(objectname)%00%(upstream:track)%00%(upstream:remotename)%00%(upstream:remoteref) refs/heads/main refs/remotes/main [12ms]
2025-04-23 21:53:36.951 [info] > git config --local branch.main.vscode-merge-base [5ms]
2025-04-23 21:53:36.964 [info] > git for-each-ref --format=%(refname)%00%(upstream:short)%00%(objectname)%00%(upstream:track)%00%(upstream:remotename)%00%(upstream:remoteref) refs/heads/origin/main refs/remotes/origin/main [9ms]
2025-04-23 21:53:41.944 [info] > git config --get commit.template [6ms]
2025-04-23 21:53:41.956 [info] > git for-each-ref --format=%(refname)%00%(upstream:short)%00%(objectname)%00%(upstream:track)%00%(upstream:remotename)%00%(upstream:remoteref) refs/heads/main refs/remotes/main [12ms]
2025-04-23 21:53:41.982 [info] > git status -z -uall [21ms]
2025-04-23 21:53:41.999 [info] > git for-each-ref --format=%(refname)%00%(upstream:short)%00%(objectname)%00%(upstream:track)%00%(upstream:remotename)%00%(upstream:remoteref) refs/heads/main refs/remotes/main [12ms]
2025-04-23 21:53:42.009 [info] > git config --local branch.main.vscode-merge-base [5ms]
2025-04-23 21:53:42.022 [info] > git for-each-ref --format=%(refname)%00%(upstream:short)%00%(objectname)%00%(upstream:track)%00%(upstream:remotename)%00%(upstream:remoteref) refs/heads/origin/main refs/remotes/origin/main [9ms]
2025-04-23 21:53:47.001 [info] > git config --get commit.template [5ms]
2025-04-23 21:53:47.013 [info] > git for-each-ref --format=%(refname)%00%(upstream:short)%00%(objectname)%00%(upstream:track)%00%(upstream:remotename)%00%(upstream:remoteref) refs/heads/main refs/remotes/main [12ms]
2025-04-23 21:53:47.036 [info] > git status -z -uall [16ms]
2025-04-23 21:53:47.054 [info] > git for-each-ref --format=%(refname)%00%(upstream:short)%00%(objectname)%00%(upstream:track)%00%(upstream:remotename)%00%(upstream:remoteref) refs/heads/main refs/remotes/main [12ms]
2025-04-23 21:53:47.065 [info] > git config --local branch.main.vscode-merge-base [4ms]
2025-04-23 21:53:47.082 [info] > git for-each-ref --format=%(refname)%00%(upstream:short)%00%(objectname)%00%(upstream:track)%00%(upstream:remotename)%00%(upstream:remoteref) refs/heads/origin/main refs/remotes/origin/main [10ms]
2025-04-23 21:54:45.033 [info] > git config --get commit.template [5ms]
2025-04-23 21:54:45.046 [info] > git for-each-ref --format=%(refname)%00%(upstream:short)%00%(objectname)%00%(upstream:track)%00%(upstream:remotename)%00%(upstream:remoteref) refs/heads/main refs/remotes/main [14ms]
2025-04-23 21:54:45.075 [info] > git status -z -uall [24ms]
2025-04-23 21:54:45.094 [info] > git for-each-ref --format=%(refname)%00%(upstream:short)%00%(objectname)%00%(upstream:track)%00%(upstream:remotename)%00%(upstream:remoteref) refs/heads/main refs/remotes/main [12ms]
2025-04-23 21:54:45.103 [info] > git config --local branch.main.vscode-merge-base [5ms]
2025-04-23 21:54:45.119 [info] > git for-each-ref --format=%(refname)%00%(upstream:short)%00%(objectname)%00%(upstream:track)%00%(upstream:remotename)%00%(upstream:remoteref) refs/heads/origin/main refs/remotes/origin/main [11ms]
2025-04-23 21:54:50.096 [info] > git config --get commit.template [5ms]
2025-04-23 21:54:50.108 [info] > git for-each-ref --format=%(refname)%00%(upstream:short)%00%(objectname)%00%(upstream:track)%00%(upstream:remotename)%00%(upstream:remoteref) refs/heads/main refs/remotes/main [12ms]
2025-04-23 21:54:50.131 [info] > git status -z -uall [18ms]
2025-04-23 21:54:50.149 [info] > git for-each-ref --format=%(refname)%00%(upstream:short)%00%(objectname)%00%(upstream:track)%00%(upstream:remotename)%00%(upstream:remoteref) refs/heads/main refs/remotes/main [12ms]
2025-04-23 21:54:50.158 [info] > git config --local branch.main.vscode-merge-base [4ms]
2025-04-23 21:54:50.173 [info] > git for-each-ref --format=%(refname)%00%(upstream:short)%00%(objectname)%00%(upstream:track)%00%(upstream:remotename)%00%(upstream:remoteref) refs/heads/origin/main refs/remotes/origin/main [9ms]
2025-04-23 21:54:55.152 [info] > git config --get commit.template [7ms]
2025-04-23 21:54:55.163 [info] > git for-each-ref --format=%(refname)%00%(upstream:short)%00%(objectname)%00%(upstream:track)%00%(upstream:remotename)%00%(upstream:remoteref) refs/heads/main refs/remotes/main [12ms]
2025-04-23 21:54:55.186 [info] > git status -z -uall [17ms]
2025-04-23 21:54:55.204 [info] > git for-each-ref --format=%(refname)%00%(upstream:short)%00%(objectname)%00%(upstream:track)%00%(upstream:remotename)%00%(upstream:remoteref) refs/heads/main refs/remotes/main [12ms]
2025-04-23 21:54:55.215 [info] > git config --local branch.main.vscode-merge-base [5ms]
2025-04-23 21:54:55.232 [info] > git for-each-ref --format=%(refname)%00%(upstream:short)%00%(objectname)%00%(upstream:track)%00%(upstream:remotename)%00%(upstream:remoteref) refs/heads/origin/main refs/remotes/origin/main [11ms]
2025-04-23 21:59:07.538 [info] > git config --get commit.template [6ms]
2025-04-23 21:59:07.552 [info] > git for-each-ref --format=%(refname)%00%(upstream:short)%00%(objectname)%00%(upstream:track)%00%(upstream:remotename)%00%(upstream:remoteref) refs/heads/main refs/remotes/main [15ms]
2025-04-23 21:59:07.580 [info] > git status -z -uall [22ms]
2025-04-23 21:59:07.599 [info] > git for-each-ref --format=%(refname)%00%(upstream:short)%00%(objectname)%00%(upstream:track)%00%(upstream:remotename)%00%(upstream:remoteref) refs/heads/main refs/remotes/main [12ms]
2025-04-23 21:59:07.609 [info] > git config --local branch.main.vscode-merge-base [4ms]
2025-04-23 21:59:07.626 [info] > git for-each-ref --format=%(refname)%00%(upstream:short)%00%(objectname)%00%(upstream:track)%00%(upstream:remotename)%00%(upstream:remoteref) refs/heads/origin/main refs/remotes/origin/main [10ms]
2025-04-23 21:59:10.076 [info] > git show --textconv :src/string.cpp [8ms]
2025-04-23 21:59:10.078 [info] > git ls-files --stage -- /home/hwlee4/ICS45C/HW3/src/string.cpp [6ms]
2025-04-23 21:59:10.090 [info] > git cat-file -s e69de29bb2d1d6434b8b29ae775ad8c2e48c5391 [7ms]
2025-04-23 21:59:11.710 [info] > git show --textconv :gtest/string_gtests.cpp [9ms]
2025-04-23 21:59:11.711 [info] > git ls-files --stage -- /home/hwlee4/ICS45C/HW3/gtest/string_gtests.cpp [5ms]
2025-04-23 21:59:11.724 [info] > git cat-file -s 23334d6fdf0c9ac615b35e6fc70e1068b7c28615 [8ms]
2025-04-23 21:59:12.602 [info] > git config --get commit.template [5ms]
2025-04-23 21:59:12.613 [info] > git for-each-ref --format=%(refname)%00%(upstream:short)%00%(objectname)%00%(upstream:track)%00%(upstream:remotename)%00%(upstream:remoteref) refs/heads/main refs/remotes/main [12ms]
2025-04-23 21:59:12.635 [info] > git status -z -uall [17ms]
2025-04-23 21:59:12.654 [info] > git for-each-ref --format=%(refname)%00%(upstream:short)%00%(objectname)%00%(upstream:track)%00%(upstream:remotename)%00%(upstream:remoteref) refs/heads/main refs/remotes/main [12ms]
2025-04-23 21:59:12.665 [info] > git config --local branch.main.vscode-merge-base [4ms]
2025-04-23 21:59:12.688 [info] > git for-each-ref --format=%(refname)%00%(upstream:short)%00%(objectname)%00%(upstream:track)%00%(upstream:remotename)%00%(upstream:remoteref) refs/heads/origin/main refs/remotes/origin/main [16ms]
2025-04-23 21:59:18.168 [info] > git show --textconv :gtest/student_gtests.cpp [8ms]
2025-04-23 21:59:18.171 [info] > git ls-files --stage -- /home/hwlee4/ICS45C/HW3/gtest/student_gtests.cpp [7ms]
2025-04-23 21:59:18.184 [info] > git cat-file -s fff48f3e6afc11a4352228e2177ef1d955955fe2 [9ms]
2025-04-23 21:59:57.232 [info] > git config --get commit.template [5ms]
2025-04-23 21:59:57.243 [info] > git for-each-ref --format=%(refname)%00%(upstream:short)%00%(objectname)%00%(upstream:track)%00%(upstream:remotename)%00%(upstream:remoteref) refs/heads/main refs/remotes/main [12ms]
2025-04-23 21:59:57.265 [info] > git status -z -uall [16ms]
2025-04-23 21:59:57.282 [info] > git for-each-ref --format=%(refname)%00%(upstream:short)%00%(objectname)%00%(upstream:track)%00%(upstream:remotename)%00%(upstream:remoteref) refs/heads/main refs/remotes/main [11ms]
2025-04-23 21:59:57.292 [info] > git config --local branch.main.vscode-merge-base [4ms]
2025-04-23 21:59:57.307 [info] > git for-each-ref --format=%(refname)%00%(upstream:short)%00%(objectname)%00%(upstream:track)%00%(upstream:remotename)%00%(upstream:remoteref) refs/heads/origin/main refs/remotes/origin/main [9ms]
2025-04-23 22:00:02.286 [info] > git config --get commit.template [6ms]
2025-04-23 22:00:02.297 [info] > git for-each-ref --format=%(refname)%00%(upstream:short)%00%(objectname)%00%(upstream:track)%00%(upstream:remotename)%00%(upstream:remoteref) refs/heads/main refs/remotes/main [12ms]
2025-04-23 22:00:02.321 [info] > git status -z -uall [18ms]
2025-04-23 22:00:02.340 [info] > git for-each-ref --format=%(refname)%00%(upstream:short)%00%(objectname)%00%(upstream:track)%00%(upstream:remotename)%00%(upstream:remoteref) refs/heads/main refs/remotes/main [11ms]
2025-04-23 22:00:02.350 [info] > git config --local branch.main.vscode-merge-base [4ms]
2025-04-23 22:00:02.364 [info] > git for-each-ref --format=%(refname)%00%(upstream:short)%00%(objectname)%00%(upstream:track)%00%(upstream:remotename)%00%(upstream:remoteref) refs/heads/origin/main refs/remotes/origin/main [10ms]
2025-04-23 22:00:07.341 [info] > git config --get commit.template [5ms]
2025-04-23 22:00:07.352 [info] > git for-each-ref --format=%(refname)%00%(upstream:short)%00%(objectname)%00%(upstream:track)%00%(upstream:remotename)%00%(upstream:remoteref) refs/heads/main refs/remotes/main [12ms]
2025-04-23 22:00:07.376 [info] > git status -z -uall [17ms]
2025-04-23 22:00:07.401 [info] > git for-each-ref --format=%(refname)%00%(upstream:short)%00%(objectname)%00%(upstream:track)%00%(upstream:remotename)%00%(upstream:remoteref) refs/heads/main refs/remotes/main [17ms]
2025-04-23 22:00:07.410 [info] > git config --local branch.main.vscode-merge-base [5ms]
2025-04-23 22:00:07.424 [info] > git for-each-ref --format=%(refname)%00%(upstream:short)%00%(objectname)%00%(upstream:track)%00%(upstream:remotename)%00%(upstream:remoteref) refs/heads/origin/main refs/remotes/origin/main [10ms]
2025-04-23 22:00:12.399 [info] > git config --get commit.template [7ms]
2025-04-23 22:00:12.410 [info] > git for-each-ref --format=%(refname)%00%(upstream:short)%00%(objectname)%00%(upstream:track)%00%(upstream:remotename)%00%(upstream:remoteref) refs/heads/main refs/remotes/main [13ms]
2025-04-23 22:00:12.439 [info] > git status -z -uall [24ms]
2025-04-23 22:00:12.458 [info] > git for-each-ref --format=%(refname)%00%(upstream:short)%00%(objectname)%00%(upstream:track)%00%(upstream:remotename)%00%(upstream:remoteref) refs/heads/main refs/remotes/main [12ms]
2025-04-23 22:00:12.468 [info] > git config --local branch.main.vscode-merge-base [5ms]
2025-04-23 22:00:12.482 [info] > git for-each-ref --format=%(refname)%00%(upstream:short)%00%(objectname)%00%(upstream:track)%00%(upstream:remotename)%00%(upstream:remoteref) refs/heads/origin/main refs/remotes/origin/main [10ms]
2025-04-23 22:00:21.604 [info] > git config --get commit.template [5ms]
2025-04-23 22:00:21.615 [info] > git for-each-ref --format=%(refname)%00%(upstream:short)%00%(objectname)%00%(upstream:track)%00%(upstream:remotename)%00%(upstream:remoteref) refs/heads/main refs/remotes/main [12ms]
2025-04-23 22:00:21.638 [info] > git status -z -uall [17ms]
2025-04-23 22:00:21.656 [info] > git for-each-ref --format=%(refname)%00%(upstream:short)%00%(objectname)%00%(upstream:track)%00%(upstream:remotename)%00%(upstream:remoteref) refs/heads/main refs/remotes/main [11ms]
2025-04-23 22:00:21.666 [info] > git config --local branch.main.vscode-merge-base [5ms]
2025-04-23 22:00:21.681 [info] > git for-each-ref --format=%(refname)%00%(upstream:short)%00%(objectname)%00%(upstream:track)%00%(upstream:remotename)%00%(upstream:remoteref) refs/heads/origin/main refs/remotes/origin/main [9ms]
2025-04-23 22:00:26.661 [info] > git config --get commit.template [6ms]
2025-04-23 22:00:26.670 [info] > git for-each-ref --format=%(refname)%00%(upstream:short)%00%(objectname)%00%(upstream:track)%00%(upstream:remotename)%00%(upstream:remoteref) refs/heads/main refs/remotes/main [12ms]
2025-04-23 22:00:26.691 [info] > git status -z -uall [16ms]
2025-04-23 22:00:26.709 [info] > git for-each-ref --format=%(refname)%00%(upstream:short)%00%(objectname)%00%(upstream:track)%00%(upstream:remotename)%00%(upstream:remoteref) refs/heads/main refs/remotes/main [12ms]
2025-04-23 22:00:26.719 [info] > git config --local branch.main.vscode-merge-base [5ms]
2025-04-23 22:00:26.735 [info] > git for-each-ref --format=%(refname)%00%(upstream:short)%00%(objectname)%00%(upstream:track)%00%(upstream:remotename)%00%(upstream:remoteref) refs/heads/origin/main refs/remotes/origin/main [9ms]
2025-04-23 22:00:31.713 [info] > git config --get commit.template [6ms]
2025-04-23 22:00:31.796 [info] > git for-each-ref --format=%(refname)%00%(upstream:short)%00%(objectname)%00%(upstream:track)%00%(upstream:remotename)%00%(upstream:remoteref) refs/heads/main refs/remotes/main [84ms]
2025-04-23 22:00:31.820 [info] > git status -z -uall [17ms]
2025-04-23 22:00:31.839 [info] > git for-each-ref --format=%(refname)%00%(upstream:short)%00%(objectname)%00%(upstream:track)%00%(upstream:remotename)%00%(upstream:remoteref) refs/heads/main refs/remotes/main [13ms]
2025-04-23 22:00:31.849 [info] > git config --local branch.main.vscode-merge-base [5ms]
2025-04-23 22:00:31.899 [info] > git for-each-ref --format=%(refname)%00%(upstream:short)%00%(objectname)%00%(upstream:track)%00%(upstream:remotename)%00%(upstream:remoteref) refs/heads/origin/main refs/remotes/origin/main [9ms]
2025-04-23 22:00:34.712 [info] > git merge-base refs/heads/main refs/remotes/origin/main [14ms]
2025-04-23 22:00:34.719 [info] > git merge-base refs/heads/main refs/remotes/origin/main [28ms]
2025-04-23 22:00:34.729 [info] > git merge-base refs/heads/main refs/remotes/origin/main [19ms]
2025-04-23 22:00:34.736 [info] > git merge-base refs/heads/main refs/remotes/origin/main [32ms]
2025-04-23 22:00:34.745 [info] > git rev-list --count --left-right refs/heads/main...refs/remotes/origin/main [20ms]
2025-04-23 22:00:34.746 [info] > git rev-list --count --left-right refs/heads/main...refs/remotes/origin/main [28ms]
2025-04-23 22:00:34.748 [info] > git rev-list --count --left-right refs/heads/main...refs/remotes/origin/main [12ms]
2025-04-23 22:00:34.756 [info] > git rev-list --count --left-right refs/heads/main...refs/remotes/origin/main [13ms]
2025-04-23 22:00:35.282 [info] > git rev-parse --show-toplevel [8ms]
2025-04-23 22:00:35.292 [info] > git rev-parse --path-format=relative --show-toplevel [5ms]
2025-04-23 22:00:35.303 [info] > git rev-parse --show-toplevel [5ms]
2025-04-23 22:00:35.318 [info] > git rev-parse --path-format=relative --show-toplevel [10ms]
2025-04-23 22:00:35.329 [info] > git rev-parse --show-toplevel [5ms]
2025-04-23 22:00:35.338 [info] > git rev-parse --path-format=relative --show-toplevel [5ms]
2025-04-23 22:00:35.348 [info] > git rev-parse --show-toplevel [5ms]
2025-04-23 22:00:35.356 [info] > git rev-parse --path-format=relative --show-toplevel [5ms]
2025-04-23 22:00:35.789 [info] > git check-ignore -v -z --stdin [8ms]
2025-04-23 22:01:06.950 [info] > git add -A -- . [47ms]
2025-04-23 22:01:07.040 [info] > git -c user.useConfigOnly=true commit --quiet --allow-empty-message --file - [85ms]
2025-04-23 22:01:07.052 [info] > git config --get commit.template [6ms]
2025-04-23 22:01:07.065 [info] > git config --get commit.template [6ms]
2025-04-23 22:01:07.082 [info] > git for-each-ref --format=%(refname)%00%(upstream:short)%00%(objectname)%00%(upstream:track)%00%(upstream:remotename)%00%(upstream:remoteref) refs/heads/main refs/remotes/main [17ms]
2025-04-23 22:01:07.104 [info] > git status -z -uall [16ms]
2025-04-23 22:01:07.123 [info] > git for-each-ref --format=%(refname)%00%(upstream:short)%00%(objectname)%00%(upstream:track)%00%(upstream:remotename)%00%(upstream:remoteref) refs/heads/main refs/remotes/main [12ms]
2025-04-23 22:01:07.133 [info] > git config --local branch.main.vscode-merge-base [4ms]
2025-04-23 22:01:07.150 [info] > git for-each-ref --format=%(refname)%00%(upstream:short)%00%(objectname)%00%(upstream:track)%00%(upstream:remotename)%00%(upstream:remoteref) refs/heads/origin/main refs/remotes/origin/main [9ms]
2025-04-23 22:01:07.167 [info] > git merge-base refs/heads/main refs/remotes/origin/main [11ms]
2025-04-23 22:01:07.183 [info] > git rev-list --count --left-right refs/heads/main...refs/remotes/origin/main [10ms]
2025-04-23 22:01:07.206 [info] > git diff --name-status -z --diff-filter=ADMR a7816416dcb8e0c47217c8a317a7222a6b8a0bc1...refs/remotes/origin/main [15ms]
2025-04-23 22:01:07.213 [info] > git config --get commit.template [8ms]
2025-04-23 22:01:07.224 [info] > git for-each-ref --format=%(refname)%00%(upstream:short)%00%(objectname)%00%(upstream:track)%00%(upstream:remotename)%00%(upstream:remoteref) refs/heads/main refs/remotes/main [12ms]
2025-04-23 22:01:07.245 [info] > git status -z -uall [15ms]
2025-04-23 22:01:07.264 [info] > git for-each-ref --format=%(refname)%00%(upstream:short)%00%(objectname)%00%(upstream:track)%00%(upstream:remotename)%00%(upstream:remoteref) refs/heads/main refs/remotes/main [13ms]
2025-04-23 22:01:07.273 [info] > git config --local branch.main.vscode-merge-base [4ms]
2025-04-23 22:01:07.288 [info] > git for-each-ref --format=%(refname)%00%(upstream:short)%00%(objectname)%00%(upstream:track)%00%(upstream:remotename)%00%(upstream:remoteref) refs/heads/origin/main refs/remotes/origin/main [9ms]
2025-04-23 22:01:07.306 [info] > git merge-base refs/heads/main refs/remotes/origin/main [10ms]
2025-04-23 22:01:07.320 [info] > git rev-list --count --left-right refs/heads/main...refs/remotes/origin/main [9ms]
2025-04-23 22:01:08.258 [info] > git log --oneline --cherry main...main@{upstream} -- [13ms]
2025-04-23 22:01:08.421 [info] > git ls-files --stage -- /home/hwlee4/ICS45C/HW3/gtest/student_gtests.cpp [6ms]
2025-04-23 22:01:08.437 [info] > git cat-file -s a0c5e32c5cdee82964829b8a70161872108411f2 [12ms]
2025-04-23 22:01:08.599 [info] > git show --textconv :gtest/student_gtests.cpp [11ms]
2025-04-23 22:01:09.551 [info] > git ls-files --stage -- /home/hwlee4/ICS45C/HW3/gtest/student_gtests.cpp [5ms]
2025-04-23 22:01:09.564 [info] > git cat-file -s a0c5e32c5cdee82964829b8a70161872108411f2 [8ms]
2025-04-23 22:01:09.628 [info] > git show --textconv :gtest/student_gtests.cpp [10ms]
2025-04-23 22:01:09.740 [info] > git pull --tags origin main [1475ms]
2025-04-23 22:01:09.740 [info] From github.com:klefstad-teaching/ics-45c-hw3-hwlee4
 * branch            main       -> FETCH_HEAD
2025-04-23 22:01:11.058 [info] > git ls-files --stage -- /home/hwlee4/ICS45C/HW3/gtest/student_gtests.cpp [6ms]
2025-04-23 22:01:11.069 [info] > git cat-file -s a0c5e32c5cdee82964829b8a70161872108411f2 [8ms]
2025-04-23 22:01:11.147 [info] > git show --textconv :gtest/student_gtests.cpp [10ms]
2025-04-23 22:01:11.167 [info] > git push origin main:main [1421ms]
2025-04-23 22:01:11.167 [info] To github.com:klefstad-teaching/ics-45c-hw3-hwlee4.git
   a781641..82789e8  main -> main
2025-04-23 22:01:11.181 [info] > git config --get commit.template [5ms]
2025-04-23 22:01:11.192 [info] > git for-each-ref --format=%(refname)%00%(upstream:short)%00%(objectname)%00%(upstream:track)%00%(upstream:remotename)%00%(upstream:remoteref) refs/heads/main refs/remotes/main [12ms]
2025-04-23 22:01:11.213 [info] > git status -z -uall [16ms]
2025-04-23 22:01:11.237 [info] > git for-each-ref --format=%(refname)%00%(upstream:short)%00%(objectname)%00%(upstream:track)%00%(upstream:remotename)%00%(upstream:remoteref) refs/heads/main refs/remotes/main [17ms]
2025-04-23 22:01:11.244 [info] > git config --get commit.template [6ms]
2025-04-23 22:01:11.249 [info] > git config --local branch.main.vscode-merge-base [6ms]
2025-04-23 22:01:11.261 [info] > git for-each-ref --format=%(refname)%00%(upstream:short)%00%(objectname)%00%(upstream:track)%00%(upstream:remotename)%00%(upstream:remoteref) refs/heads/main refs/remotes/main [12ms]
2025-04-23 22:01:11.268 [info] > git for-each-ref --format=%(refname)%00%(upstream:short)%00%(objectname)%00%(upstream:track)%00%(upstream:remotename)%00%(upstream:remoteref) refs/heads/origin/main refs/remotes/origin/main [12ms]
2025-04-23 22:01:11.282 [info] > git status -z -uall [15ms]
2025-04-23 22:01:11.290 [info] > git merge-base refs/heads/main refs/remotes/origin/main [17ms]
2025-04-23 22:01:11.300 [info] > git for-each-ref --format=%(refname)%00%(upstream:short)%00%(objectname)%00%(upstream:track)%00%(upstream:remotename)%00%(upstream:remoteref) refs/heads/main refs/remotes/main [12ms]
2025-04-23 22:01:11.306 [info] > git rev-list --count --left-right refs/heads/main...refs/remotes/origin/main [11ms]
2025-04-23 22:01:11.313 [info] > git config --local branch.main.vscode-merge-base [8ms]
2025-04-23 22:01:11.322 [info] > git diff --name-status -z --diff-filter=ADMR 82789e84ee5ae57a45251e9b6af91a624398e73d...refs/remotes/origin/main [10ms]
2025-04-23 22:01:11.327 [info] > git for-each-ref --format=%(refname)%00%(upstream:short)%00%(objectname)%00%(upstream:track)%00%(upstream:remotename)%00%(upstream:remoteref) refs/heads/origin/main refs/remotes/origin/main [9ms]
2025-04-23 22:01:11.513 [info] > git merge-base refs/heads/main refs/remotes/origin/main [10ms]
2025-04-23 22:01:11.530 [info] > git rev-list --count --left-right refs/heads/main...refs/remotes/origin/main [12ms]
2025-04-23 22:01:12.674 [info] > git ls-files --stage -- /home/hwlee4/ICS45C/HW3/gtest/student_gtests.cpp [7ms]
2025-04-23 22:01:12.686 [info] > git cat-file -s a0c5e32c5cdee82964829b8a70161872108411f2 [8ms]
2025-04-23 22:01:13.030 [info] > git show --textconv :gtest/student_gtests.cpp [13ms]
2025-04-23 22:03:25.264 [info] > git config --get commit.template [6ms]
2025-04-23 22:03:25.280 [info] > git for-each-ref --format=%(refname)%00%(upstream:short)%00%(objectname)%00%(upstream:track)%00%(upstream:remotename)%00%(upstream:remoteref) refs/heads/main refs/remotes/main [17ms]
2025-04-23 22:03:25.313 [info] > git status -z -uall [26ms]
2025-04-23 22:03:25.331 [info] > git for-each-ref --format=%(refname)%00%(upstream:short)%00%(objectname)%00%(upstream:track)%00%(upstream:remotename)%00%(upstream:remoteref) refs/heads/main refs/remotes/main [11ms]
2025-04-23 22:03:25.340 [info] > git config --local branch.main.vscode-merge-base [5ms]
2025-04-23 22:03:25.355 [info] > git for-each-ref --format=%(refname)%00%(upstream:short)%00%(objectname)%00%(upstream:track)%00%(upstream:remotename)%00%(upstream:remoteref) refs/heads/origin/main refs/remotes/origin/main [10ms]
2025-04-23 22:03:44.907 [info] > git show --textconv :gtest/string_gtests.cpp [7ms]
2025-04-23 22:03:44.909 [info] > git ls-files --stage -- /home/hwlee4/ICS45C/HW3/gtest/string_gtests.cpp [6ms]
2025-04-23 22:03:44.992 [info] > git cat-file -s 23334d6fdf0c9ac615b35e6fc70e1068b7c28615 [78ms]
2025-04-23 22:04:49.762 [info] > git ls-files --stage -- /home/hwlee4/ICS45C/HW3/src/string.cpp [5ms]
2025-04-23 22:04:49.768 [info] > git show --textconv :src/string.cpp [16ms]
2025-04-23 22:04:49.777 [info] > git cat-file -s 7d486ded777f1f471cd9e5f83c9a6d9685f542d8 [11ms]
2025-04-23 22:05:00.478 [info] > git show --textconv :src/string.hpp [10ms]
2025-04-23 22:05:00.480 [info] > git ls-files --stage -- /home/hwlee4/ICS45C/HW3/src/string.hpp [6ms]
2025-04-23 22:05:00.495 [info] > git cat-file -s 8759370712a54b44e426924f4a4ed12380d07f88 [7ms]
2025-04-23 22:05:07.678 [info] > git show --textconv :gtest/string_gtests.cpp [8ms]
2025-04-23 22:05:07.682 [info] > git ls-files --stage -- /home/hwlee4/ICS45C/HW3/gtest/string_gtests.cpp [7ms]
2025-04-23 22:05:07.694 [info] > git cat-file -s 23334d6fdf0c9ac615b35e6fc70e1068b7c28615 [8ms]
2025-04-23 22:05:23.407 [info] > git ls-files --stage -- /home/hwlee4/ICS45C/HW3/src/standard_main.cpp [6ms]
2025-04-23 22:05:23.411 [info] > git show --textconv :src/standard_main.cpp [15ms]
2025-04-23 22:05:23.421 [info] > git cat-file -s 9b6858785d95926b56527f492d595717d383646d [10ms]
2025-04-23 22:09:00.210 [info] > git ls-files --stage -- /home/hwlee4/ICS45C/HW3/src/string.cpp [6ms]
2025-04-23 22:09:00.217 [info] > git show --textconv :src/string.cpp [19ms]
2025-04-23 22:09:00.224 [info] > git cat-file -s 7d486ded777f1f471cd9e5f83c9a6d9685f542d8 [8ms]
2025-04-23 22:09:19.410 [info] > git config --get commit.template [6ms]
2025-04-23 22:09:19.422 [info] > git for-each-ref --format=%(refname)%00%(upstream:short)%00%(objectname)%00%(upstream:track)%00%(upstream:remotename)%00%(upstream:remoteref) refs/heads/main refs/remotes/main [13ms]
2025-04-23 22:09:19.451 [info] > git status -z -uall [23ms]
2025-04-23 22:09:19.470 [info] > git for-each-ref --format=%(refname)%00%(upstream:short)%00%(objectname)%00%(upstream:track)%00%(upstream:remotename)%00%(upstream:remoteref) refs/heads/main refs/remotes/main [12ms]
2025-04-23 22:09:19.480 [info] > git config --local branch.main.vscode-merge-base [5ms]
2025-04-23 22:09:19.495 [info] > git for-each-ref --format=%(refname)%00%(upstream:short)%00%(objectname)%00%(upstream:track)%00%(upstream:remotename)%00%(upstream:remoteref) refs/heads/origin/main refs/remotes/origin/main [10ms]
2025-04-23 22:09:24.475 [info] > git config --get commit.template [6ms]
2025-04-23 22:09:24.486 [info] > git for-each-ref --format=%(refname)%00%(upstream:short)%00%(objectname)%00%(upstream:track)%00%(upstream:remotename)%00%(upstream:remoteref) refs/heads/main refs/remotes/main [11ms]
2025-04-23 22:09:24.508 [info] > git status -z -uall [15ms]
2025-04-23 22:09:24.526 [info] > git for-each-ref --format=%(refname)%00%(upstream:short)%00%(objectname)%00%(upstream:track)%00%(upstream:remotename)%00%(upstream:remoteref) refs/heads/main refs/remotes/main [12ms]
2025-04-23 22:09:24.536 [info] > git config --local branch.main.vscode-merge-base [4ms]
2025-04-23 22:09:24.550 [info] > git for-each-ref --format=%(refname)%00%(upstream:short)%00%(objectname)%00%(upstream:track)%00%(upstream:remotename)%00%(upstream:remoteref) refs/heads/origin/main refs/remotes/origin/main [9ms]
2025-04-23 22:09:29.531 [info] > git config --get commit.template [8ms]
2025-04-23 22:09:29.541 [info] > git for-each-ref --format=%(refname)%00%(upstream:short)%00%(objectname)%00%(upstream:track)%00%(upstream:remotename)%00%(upstream:remoteref) refs/heads/main refs/remotes/main [13ms]
2025-04-23 22:09:29.562 [info] > git status -z -uall [15ms]
2025-04-23 22:09:29.578 [info] > git for-each-ref --format=%(refname)%00%(upstream:short)%00%(objectname)%00%(upstream:track)%00%(upstream:remotename)%00%(upstream:remoteref) refs/heads/main refs/remotes/main [11ms]
2025-04-23 22:09:29.588 [info] > git config --local branch.main.vscode-merge-base [4ms]
2025-04-23 22:09:29.602 [info] > git for-each-ref --format=%(refname)%00%(upstream:short)%00%(objectname)%00%(upstream:track)%00%(upstream:remotename)%00%(upstream:remoteref) refs/heads/origin/main refs/remotes/origin/main [9ms]
2025-04-23 22:09:34.582 [info] > git config --get commit.template [6ms]
2025-04-23 22:09:34.593 [info] > git for-each-ref --format=%(refname)%00%(upstream:short)%00%(objectname)%00%(upstream:track)%00%(upstream:remotename)%00%(upstream:remoteref) refs/heads/main refs/remotes/main [12ms]
2025-04-23 22:09:34.614 [info] > git status -z -uall [15ms]
2025-04-23 22:09:34.632 [info] > git for-each-ref --format=%(refname)%00%(upstream:short)%00%(objectname)%00%(upstream:track)%00%(upstream:remotename)%00%(upstream:remoteref) refs/heads/main refs/remotes/main [11ms]
2025-04-23 22:09:34.641 [info] > git config --local branch.main.vscode-merge-base [5ms]
2025-04-23 22:09:34.656 [info] > git for-each-ref --format=%(refname)%00%(upstream:short)%00%(objectname)%00%(upstream:track)%00%(upstream:remotename)%00%(upstream:remoteref) refs/heads/origin/main refs/remotes/origin/main [10ms]
2025-04-23 22:09:43.880 [info] > git add -A -- . [23ms]
2025-04-23 22:09:43.955 [info] > git -c user.useConfigOnly=true commit --quiet --allow-empty-message --file - [70ms]
2025-04-23 22:09:43.966 [info] > git config --get commit.template [6ms]
2025-04-23 22:09:43.979 [info] > git config --get commit.template [6ms]
2025-04-23 22:09:43.995 [info] > git for-each-ref --format=%(refname)%00%(upstream:short)%00%(objectname)%00%(upstream:track)%00%(upstream:remotename)%00%(upstream:remoteref) refs/heads/main refs/remotes/main [17ms]
2025-04-23 22:09:44.018 [info] > git status -z -uall [16ms]
2025-04-23 22:09:44.040 [info] > git for-each-ref --format=%(refname)%00%(upstream:short)%00%(objectname)%00%(upstream:track)%00%(upstream:remotename)%00%(upstream:remoteref) refs/heads/main refs/remotes/main [16ms]
2025-04-23 22:09:44.050 [info] > git config --local branch.main.vscode-merge-base [4ms]
2025-04-23 22:09:44.064 [info] > git for-each-ref --format=%(refname)%00%(upstream:short)%00%(objectname)%00%(upstream:track)%00%(upstream:remotename)%00%(upstream:remoteref) refs/heads/origin/main refs/remotes/origin/main [9ms]
2025-04-23 22:09:44.080 [info] > git merge-base refs/heads/main refs/remotes/origin/main [9ms]
2025-04-23 22:09:44.096 [info] > git rev-list --count --left-right refs/heads/main...refs/remotes/origin/main [10ms]
2025-04-23 22:09:44.112 [info] > git diff --name-status -z --diff-filter=ADMR 82789e84ee5ae57a45251e9b6af91a624398e73d...refs/remotes/origin/main [10ms]
2025-04-23 22:09:44.237 [info] > git config --get commit.template [8ms]
2025-04-23 22:09:44.250 [info] > git for-each-ref --format=%(refname)%00%(upstream:short)%00%(objectname)%00%(upstream:track)%00%(upstream:remotename)%00%(upstream:remoteref) refs/heads/main refs/remotes/main [14ms]
2025-04-23 22:09:44.259 [info] > git merge-base refs/heads/main refs/remotes/origin/main [10ms]
2025-04-23 22:09:44.272 [info] > git status -z -uall [13ms]
2025-04-23 22:09:44.280 [info] > git rev-list --count --left-right refs/heads/main...refs/remotes/origin/main [15ms]
2025-04-23 22:09:44.290 [info] > git for-each-ref --format=%(refname)%00%(upstream:short)%00%(objectname)%00%(upstream:track)%00%(upstream:remotename)%00%(upstream:remoteref) refs/heads/main refs/remotes/main [13ms]
2025-04-23 22:09:44.301 [info] > git config --local branch.main.vscode-merge-base [5ms]
2025-04-23 22:09:44.316 [info] > git for-each-ref --format=%(refname)%00%(upstream:short)%00%(objectname)%00%(upstream:track)%00%(upstream:remotename)%00%(upstream:remoteref) refs/heads/origin/main refs/remotes/origin/main [9ms]
2025-04-23 22:09:45.016 [info] > git log --oneline --cherry main...main@{upstream} -- [12ms]
2025-04-23 22:09:46.224 [info] > git pull --tags origin main [1203ms]
2025-04-23 22:09:46.224 [info] From github.com:klefstad-teaching/ics-45c-hw3-hwlee4
 * branch            main       -> FETCH_HEAD
2025-04-23 22:09:47.605 [info] > git ls-files --stage -- /home/hwlee4/ICS45C/HW3/src/string.cpp [6ms]
2025-04-23 22:09:47.620 [info] > git cat-file -s 5362a9fccf1156d34be10a3fb8b93194f621db39 [10ms]
2025-04-23 22:09:47.697 [info] > git push origin main:main [1467ms]
2025-04-23 22:09:47.697 [info] To github.com:klefstad-teaching/ics-45c-hw3-hwlee4.git
   82789e8..b010a3f  main -> main
2025-04-23 22:09:47.710 [info] > git config --get commit.template [7ms]
2025-04-23 22:09:47.721 [info] > git for-each-ref --format=%(refname)%00%(upstream:short)%00%(objectname)%00%(upstream:track)%00%(upstream:remotename)%00%(upstream:remoteref) refs/heads/main refs/remotes/main [12ms]
2025-04-23 22:09:47.730 [info] > git show --textconv :src/string.cpp [10ms]
2025-04-23 22:09:47.744 [info] > git status -z -uall [15ms]
2025-04-23 22:09:47.763 [info] > git for-each-ref --format=%(refname)%00%(upstream:short)%00%(objectname)%00%(upstream:track)%00%(upstream:remotename)%00%(upstream:remoteref) refs/heads/main refs/remotes/main [14ms]
2025-04-23 22:09:47.772 [info] > git config --local branch.main.vscode-merge-base [4ms]
2025-04-23 22:09:47.788 [info] > git for-each-ref --format=%(refname)%00%(upstream:short)%00%(objectname)%00%(upstream:track)%00%(upstream:remotename)%00%(upstream:remoteref) refs/heads/origin/main refs/remotes/origin/main [10ms]
2025-04-23 22:09:47.802 [info] > git merge-base refs/heads/main refs/remotes/origin/main [9ms]
2025-04-23 22:09:47.818 [info] > git rev-list --count --left-right refs/heads/main...refs/remotes/origin/main [11ms]
2025-04-23 22:09:47.832 [info] > git diff --name-status -z --diff-filter=ADMR b010a3f021a83eb369e2dba227f58fdb7f175efe...refs/remotes/origin/main [10ms]
2025-04-23 22:09:47.868 [info] > git merge-base refs/heads/main refs/remotes/origin/main [10ms]
2025-04-23 22:09:47.884 [info] > git rev-list --count --left-right refs/heads/main...refs/remotes/origin/main [11ms]
