2025-03-18 20:57:17.706 [info] Log level: Info
2025-03-18 20:57:17.706 [info] Validating found git in: "git"
2025-03-18 20:57:17.706 [info] Using git "2.34.1" from "git"
2025-03-18 20:57:17.706 [info] > git rev-parse --show-toplevel [7ms]
2025-03-18 20:57:17.706 [info] > git rev-parse --path-format=relative --show-toplevel [4ms]
2025-03-18 20:57:17.706 [info] > git rev-parse --show-toplevel [6ms]
2025-03-18 20:57:17.706 [info] > git rev-parse --path-format=relative --show-toplevel [4ms]
2025-03-18 20:57:17.706 [info] > git rev-parse --git-dir --git-common-dir [4ms]
2025-03-18 20:57:17.706 [info] Open repository: /home/hwlee4/ICS45C/HW9
2025-03-18 20:57:17.706 [info] > git config --get commit.template [7ms]
2025-03-18 20:57:17.706 [info] > git rev-parse --show-toplevel [19ms]
2025-03-18 20:57:17.706 [info] > git rev-parse --path-format=relative --show-toplevel [7ms]
2025-03-18 20:57:17.706 [info] > git for-each-ref --format=%(refname)%00%(upstream:short)%00%(objectname)%00%(upstream:track)%00%(upstream:remotename)%00%(upstream:remoteref) refs/heads/main refs/remotes/main [19ms]
2025-03-18 20:57:17.727 [info] > git rev-parse --git-dir --git-common-dir [25ms]
2025-03-18 20:57:17.735 [info] Open repository: /home/hwlee4/ICS45C/HW0
2025-03-18 20:57:17.748 [info] > git status -z -uall [33ms]
2025-03-18 20:57:17.776 [info] > git for-each-ref --format=%(refname)%00%(upstream:short)%00%(objectname)%00%(upstream:track)%00%(upstream:remotename)%00%(upstream:remoteref) refs/heads/main refs/remotes/main [19ms]
2025-03-18 20:57:17.781 [info] > git rev-parse --show-toplevel [34ms]
2025-03-18 20:57:17.786 [info] > git config --get commit.template [43ms]
2025-03-18 20:57:17.788 [info] > git config --local branch.main.vscode-merge-base [6ms]
2025-03-18 20:57:17.799 [info] > git config --get commit.template [24ms]
2025-03-18 20:57:17.806 [info] > git rev-parse --path-format=relative --show-toplevel [22ms]
2025-03-18 20:57:17.813 [info] > git for-each-ref --format=%(refname)%00%(upstream:short)%00%(objectname)%00%(upstream:track)%00%(upstream:remotename)%00%(upstream:remoteref) refs/heads/origin/main refs/remotes/origin/main [16ms]
2025-03-18 20:57:17.829 [info] > git for-each-ref --format=%(refname)%00%(upstream:short)%00%(objectname)%00%(upstream:track)%00%(upstream:remotename)%00%(upstream:remoteref) refs/heads/main refs/remotes/main [25ms]
2025-03-18 20:57:17.831 [info] > git merge-base refs/heads/main refs/remotes/origin/main [10ms]
2025-03-18 20:57:17.838 [info] > git for-each-ref --format=%(refname)%00%(upstream:short)%00%(objectname)%00%(upstream:track)%00%(upstream:remotename)%00%(upstream:remoteref) refs/heads/main refs/remotes/main [26ms]
2025-03-18 20:57:17.840 [info] > git rev-parse --git-dir --git-common-dir [13ms]
2025-03-18 20:57:17.852 [info] Open repository: /home/hwlee4/ICS45C/HW1
2025-03-18 20:57:17.866 [info] > git rev-list --count --left-right refs/heads/main...refs/remotes/origin/main [28ms]
2025-03-18 20:57:17.873 [info] > git rev-parse --show-toplevel [8ms]
2025-03-18 20:57:17.898 [info] > git config --get commit.template [38ms]
2025-03-18 20:57:17.917 [info] > git rev-parse --path-format=relative --show-toplevel [20ms]
2025-03-18 20:57:17.918 [info] > git diff --name-status -z --diff-filter=ADMR 9d0256231ceda550b073fba3b416b9ffdd323f30...refs/remotes/origin/main [46ms]
2025-03-18 20:57:17.926 [info] > git status -z -uall [16ms]
2025-03-18 20:57:17.940 [info] > git status -z -uall [36ms]
2025-03-18 20:57:17.940 [info] > git for-each-ref --format=%(refname)%00%(upstream:short)%00%(objectname)%00%(upstream:track)%00%(upstream:remotename)%00%(upstream:remoteref) refs/heads/main refs/remotes/main [25ms]
2025-03-18 20:57:17.957 [info] > git rev-parse --git-dir --git-common-dir [32ms]
2025-03-18 20:57:17.966 [info] Open repository: /home/hwlee4/ICS45C/HW2
2025-03-18 20:57:18.008 [info] > git for-each-ref --format=%(refname)%00%(upstream:short)%00%(objectname)%00%(upstream:track)%00%(upstream:remotename)%00%(upstream:remoteref) refs/heads/main refs/remotes/main [60ms]
2025-03-18 20:57:18.014 [info] > git for-each-ref --format=%(refname)%00%(upstream:short)%00%(objectname)%00%(upstream:track)%00%(upstream:remotename)%00%(upstream:remoteref) refs/heads/main refs/remotes/main [81ms]
2025-03-18 20:57:18.022 [info] > git config --local branch.main.vscode-merge-base [8ms]
2025-03-18 20:57:18.027 [info] > git rev-parse --show-toplevel [21ms]
2025-03-18 20:57:18.032 [info] > git config --get commit.template [31ms]
2025-03-18 20:57:18.032 [info] > git config --get commit.template [60ms]
2025-03-18 20:57:18.033 [info] > git config --local branch.main.vscode-merge-base [14ms]
2025-03-18 20:57:18.054 [info] > git for-each-ref --format=%(refname)%00%(upstream:short)%00%(objectname)%00%(upstream:track)%00%(upstream:remotename)%00%(upstream:remoteref) refs/heads/origin/main refs/remotes/origin/main [27ms]
2025-03-18 20:57:18.059 [info] > git rev-parse --path-format=relative --show-toplevel [27ms]
2025-03-18 20:57:18.066 [info] > git for-each-ref --format=%(refname)%00%(upstream:short)%00%(objectname)%00%(upstream:track)%00%(upstream:remotename)%00%(upstream:remoteref) refs/heads/main refs/remotes/main [18ms]
2025-03-18 20:57:18.067 [info] > git for-each-ref --format=%(refname)%00%(upstream:short)%00%(objectname)%00%(upstream:track)%00%(upstream:remotename)%00%(upstream:remoteref) refs/heads/origin/main refs/remotes/origin/main [29ms]
2025-03-18 20:57:18.069 [info] > git for-each-ref --format=%(refname)%00%(upstream:short)%00%(objectname)%00%(upstream:track)%00%(upstream:remotename)%00%(upstream:remoteref) refs/heads/main refs/remotes/main [17ms]
2025-03-18 20:57:18.070 [info] > git merge-base refs/heads/main refs/remotes/origin/main [11ms]
2025-03-18 20:57:18.075 [info] > git rev-parse --git-dir --git-common-dir [10ms]
2025-03-18 20:57:18.083 [info] Open repository: /home/hwlee4/ICS45C/HW3
2025-03-18 20:57:18.096 [info] > git status -z -uall [53ms]
2025-03-18 20:57:18.096 [info] > git rev-list --count --left-right refs/heads/main...refs/remotes/origin/main [22ms]
2025-03-18 20:57:18.125 [info] > git diff --name-status -z --diff-filter=ADMR bddd0b0d0cfc38d0bcdb3142f43ffb36c1294495...refs/remotes/origin/main [24ms]
2025-03-18 20:57:18.126 [info] > git rev-parse --show-toplevel [31ms]
2025-03-18 20:57:18.130 [info] > git config --get commit.template [40ms]
2025-03-18 20:57:18.137 [info] > git status -z -uall [18ms]
2025-03-18 20:57:18.137 [info] > git config --get commit.template [13ms]
2025-03-18 20:57:18.138 [info] > git for-each-ref --format=%(refname)%00%(upstream:short)%00%(objectname)%00%(upstream:track)%00%(upstream:remotename)%00%(upstream:remoteref) refs/heads/main refs/remotes/main [30ms]
2025-03-18 20:57:18.149 [info] > git rev-parse --path-format=relative --show-toplevel [19ms]
2025-03-18 20:57:18.170 [info] > git status -z -uall [34ms]
2025-03-18 20:57:18.170 [info] > git config --local branch.main.vscode-merge-base [28ms]
2025-03-18 20:57:18.177 [info] > git rev-parse --git-dir --git-common-dir [8ms]
2025-03-18 20:57:18.185 [info] Open repository: /home/hwlee4/ICS45C/HW4
2025-03-18 20:57:18.187 [info] > git for-each-ref --format=%(refname)%00%(upstream:short)%00%(objectname)%00%(upstream:track)%00%(upstream:remotename)%00%(upstream:remoteref) refs/heads/main refs/remotes/main [22ms]
2025-03-18 20:57:18.187 [info] > git for-each-ref --format=%(refname)%00%(upstream:short)%00%(objectname)%00%(upstream:track)%00%(upstream:remotename)%00%(upstream:remoteref) refs/heads/main refs/remotes/main [30ms]
2025-03-18 20:57:18.206 [info] > git for-each-ref --format=%(refname)%00%(upstream:short)%00%(objectname)%00%(upstream:track)%00%(upstream:remotename)%00%(upstream:remoteref) refs/heads/main refs/remotes/main [59ms]
2025-03-18 20:57:18.226 [info] > git config --local branch.main.vscode-merge-base [35ms]
2025-03-18 20:57:18.232 [info] > git for-each-ref --format=%(refname)%00%(upstream:short)%00%(objectname)%00%(upstream:track)%00%(upstream:remotename)%00%(upstream:remoteref) refs/heads/origin/main refs/remotes/origin/main [57ms]
2025-03-18 20:57:18.242 [info] > git config --get commit.template [17ms]
2025-03-18 20:57:18.242 [info] > git rev-parse --show-toplevel [24ms]
2025-03-18 20:57:18.247 [info] > git config --get commit.template [34ms]
2025-03-18 20:57:18.248 [info] > git for-each-ref --format=%(refname)%00%(upstream:short)%00%(objectname)%00%(upstream:track)%00%(upstream:remotename)%00%(upstream:remoteref) refs/heads/main refs/remotes/main [52ms]
2025-03-18 20:57:18.257 [info] > git rev-parse --path-format=relative --show-toplevel [10ms]
2025-03-18 20:57:18.257 [info] > git merge-base refs/heads/main refs/remotes/origin/main [19ms]
2025-03-18 20:57:18.262 [info] > git for-each-ref --format=%(refname)%00%(upstream:short)%00%(objectname)%00%(upstream:track)%00%(upstream:remotename)%00%(upstream:remoteref) refs/heads/origin/main refs/remotes/origin/main [30ms]
2025-03-18 20:57:18.287 [info] > git config --local branch.main.vscode-merge-base [32ms]
2025-03-18 20:57:18.296 [info] > git status -z -uall [25ms]
2025-03-18 20:57:18.297 [info] > git rev-parse --git-dir --git-common-dir [12ms]
2025-03-18 20:57:18.307 [info] Open repository: /home/hwlee4/ICS45C/HW5
2025-03-18 20:57:18.309 [info] > git for-each-ref --format=%(refname)%00%(upstream:short)%00%(objectname)%00%(upstream:track)%00%(upstream:remotename)%00%(upstream:remoteref) refs/heads/main refs/remotes/main [32ms]
2025-03-18 20:57:18.316 [info] > git for-each-ref --format=%(refname)%00%(upstream:short)%00%(objectname)%00%(upstream:track)%00%(upstream:remotename)%00%(upstream:remoteref) refs/heads/main refs/remotes/main [49ms]
2025-03-18 20:57:18.318 [info] > git rev-list --count --left-right refs/heads/main...refs/remotes/origin/main [56ms]
2025-03-18 20:57:18.337 [info] > git status -z -uall [56ms]
2025-03-18 20:57:18.353 [info] > git for-each-ref --format=%(refname)%00%(upstream:short)%00%(objectname)%00%(upstream:track)%00%(upstream:remotename)%00%(upstream:remoteref) refs/heads/origin/main refs/remotes/origin/main [61ms]
2025-03-18 20:57:18.366 [info] > git for-each-ref --format=%(refname)%00%(upstream:short)%00%(objectname)%00%(upstream:track)%00%(upstream:remotename)%00%(upstream:remoteref) refs/heads/main refs/remotes/main [22ms]
2025-03-18 20:57:18.370 [info] > git rev-parse --show-toplevel [39ms]
2025-03-18 20:57:18.374 [info] > git config --get commit.template [47ms]
2025-03-18 20:57:18.374 [info] > git diff --name-status -z --diff-filter=ADMR cf8d5839cd08372c62f09381215e8d81994990a6...refs/remotes/origin/main [52ms]
2025-03-18 20:57:18.375 [info] > git for-each-ref --format=%(refname)%00%(upstream:short)%00%(objectname)%00%(upstream:track)%00%(upstream:remotename)%00%(upstream:remoteref) refs/heads/main refs/remotes/main [61ms]
2025-03-18 20:57:18.382 [info] > git rev-parse --path-format=relative --show-toplevel [8ms]
2025-03-18 20:57:18.383 [info] > git config --local branch.main.vscode-merge-base [13ms]
2025-03-18 20:57:18.387 [info] > git config --get commit.template [24ms]
2025-03-18 20:57:18.387 [info] > git merge-base refs/heads/main refs/remotes/origin/main [29ms]
2025-03-18 20:57:18.411 [info] > git config --local branch.main.vscode-merge-base [31ms]
2025-03-18 20:57:18.422 [info] > git status -z -uall [21ms]
2025-03-18 20:57:18.422 [info] > git rev-parse --git-dir --git-common-dir [12ms]
2025-03-18 20:57:18.429 [info] Open repository: /home/hwlee4/ICS45C/HW6
2025-03-18 20:57:18.437 [info] > git for-each-ref --format=%(refname)%00%(upstream:short)%00%(objectname)%00%(upstream:track)%00%(upstream:remotename)%00%(upstream:remoteref) refs/heads/main refs/remotes/main [42ms]
2025-03-18 20:57:18.437 [info] > git rev-list --count --left-right refs/heads/main...refs/remotes/origin/main [46ms]
2025-03-18 20:57:18.442 [info] > git for-each-ref --format=%(refname)%00%(upstream:short)%00%(objectname)%00%(upstream:track)%00%(upstream:remotename)%00%(upstream:remoteref) refs/heads/origin/main refs/remotes/origin/main [55ms]
2025-03-18 20:57:18.525 [info] > git status -z -uall [120ms]
2025-03-18 20:57:18.525 [info] > git for-each-ref --format=%(refname)%00%(upstream:short)%00%(objectname)%00%(upstream:track)%00%(upstream:remotename)%00%(upstream:remoteref) refs/heads/main refs/remotes/main [90ms]
2025-03-18 20:57:18.531 [info] > git for-each-ref --format=%(refname)%00%(upstream:short)%00%(objectname)%00%(upstream:track)%00%(upstream:remotename)%00%(upstream:remoteref) refs/heads/main refs/remotes/main [112ms]
2025-03-18 20:57:18.546 [info] > git for-each-ref --format=%(refname)%00%(upstream:short)%00%(objectname)%00%(upstream:track)%00%(upstream:remotename)%00%(upstream:remoteref) refs/heads/origin/main refs/remotes/origin/main [131ms]
2025-03-18 20:57:18.554 [info] > git config --local branch.main.vscode-merge-base [24ms]
2025-03-18 20:57:18.559 [info] > git rev-parse --show-toplevel [36ms]
2025-03-18 20:57:18.563 [info] > git config --get commit.template [45ms]
2025-03-18 20:57:18.563 [info] > git merge-base refs/heads/main refs/remotes/origin/main [116ms]
2025-03-18 20:57:18.568 [info] > git diff --name-status -z --diff-filter=ADMR 94ef69ee95c8de87a59616891bc9c945d7661a95...refs/remotes/origin/main [126ms]
2025-03-18 20:57:18.571 [info] > git rev-parse --path-format=relative --show-toplevel [8ms]
2025-03-18 20:57:18.571 [info] > git for-each-ref --format=%(refname)%00%(upstream:short)%00%(objectname)%00%(upstream:track)%00%(upstream:remotename)%00%(upstream:remoteref) refs/heads/origin/main refs/remotes/origin/main [12ms]
2025-03-18 20:57:18.572 [info] > git config --get commit.template [20ms]
2025-03-18 20:57:18.572 [info] > git for-each-ref --format=%(refname)%00%(upstream:short)%00%(objectname)%00%(upstream:track)%00%(upstream:remotename)%00%(upstream:remoteref) refs/heads/main refs/remotes/main [34ms]
2025-03-18 20:57:18.607 [info] > git for-each-ref --format=%(refname)%00%(upstream:short)%00%(objectname)%00%(upstream:track)%00%(upstream:remotename)%00%(upstream:remoteref) refs/heads/main refs/remotes/main [27ms]
2025-03-18 20:57:18.607 [info] > git rev-list --count --left-right refs/heads/main...refs/remotes/origin/main [39ms]
2025-03-18 20:57:18.612 [info] > git config --local branch.main.vscode-merge-base [36ms]
2025-03-18 20:57:18.618 [info] > git status -z -uall [33ms]
2025-03-18 20:57:18.618 [info] > git status -z -uall [17ms]
2025-03-18 20:57:18.619 [info] > git for-each-ref --format=%(refname)%00%(upstream:short)%00%(objectname)%00%(upstream:track)%00%(upstream:remotename)%00%(upstream:remoteref) refs/heads/main refs/remotes/main [13ms]
2025-03-18 20:57:18.639 [info] > git rev-parse --git-dir --git-common-dir [43ms]
2025-03-18 20:57:18.648 [info] Open repository: /home/hwlee4/ICS45C/HW7
2025-03-18 20:57:18.667 [info] > git for-each-ref --format=%(refname)%00%(upstream:short)%00%(objectname)%00%(upstream:track)%00%(upstream:remotename)%00%(upstream:remoteref) refs/heads/main refs/remotes/main [34ms]
2025-03-18 20:57:18.672 [info] > git for-each-ref --format=%(refname)%00%(upstream:short)%00%(objectname)%00%(upstream:track)%00%(upstream:remotename)%00%(upstream:remoteref) refs/heads/main refs/remotes/main [47ms]
2025-03-18 20:57:18.677 [info] > git for-each-ref --format=%(refname)%00%(upstream:short)%00%(objectname)%00%(upstream:track)%00%(upstream:remotename)%00%(upstream:remoteref) refs/heads/origin/main refs/remotes/origin/main [60ms]
2025-03-18 20:57:18.682 [info] > git diff --name-status -z --diff-filter=ADMR 83b8c9caa62299ec43412888acef026380525026...refs/remotes/origin/main [70ms]
2025-03-18 20:57:18.684 [info] > git config --local branch.main.vscode-merge-base [7ms]
2025-03-18 20:57:18.689 [info] > git config --local branch.main.vscode-merge-base [17ms]
2025-03-18 20:57:18.700 [info] > git rev-parse --show-toplevel [35ms]
2025-03-18 20:57:18.705 [info] > git config --get commit.template [44ms]
2025-03-18 20:57:18.705 [info] > git config --get commit.template [49ms]
2025-03-18 20:57:18.712 [info] > git for-each-ref --format=%(refname)%00%(upstream:short)%00%(objectname)%00%(upstream:track)%00%(upstream:remotename)%00%(upstream:remoteref) refs/heads/origin/main refs/remotes/origin/main [23ms]
2025-03-18 20:57:18.713 [info] > git merge-base refs/heads/main refs/remotes/origin/main [32ms]
2025-03-18 20:57:18.733 [info] > git rev-parse --path-format=relative --show-toplevel [29ms]
2025-03-18 20:57:18.733 [info] > git for-each-ref --format=%(refname)%00%(upstream:short)%00%(objectname)%00%(upstream:track)%00%(upstream:remotename)%00%(upstream:remoteref) refs/heads/origin/main refs/remotes/origin/main [34ms]
2025-03-18 20:57:18.745 [info] > git status -z -uall [35ms]
2025-03-18 20:57:18.745 [info] > git status -z -uall [22ms]
2025-03-18 20:57:18.745 [info] > git for-each-ref --format=%(refname)%00%(upstream:short)%00%(objectname)%00%(upstream:track)%00%(upstream:remotename)%00%(upstream:remoteref) refs/heads/main refs/remotes/main [17ms]
2025-03-18 20:57:18.764 [info] > git rev-list --count --left-right refs/heads/main...refs/remotes/origin/main [46ms]
2025-03-18 20:57:18.774 [info] > git for-each-ref --format=%(refname)%00%(upstream:short)%00%(objectname)%00%(upstream:track)%00%(upstream:remotename)%00%(upstream:remoteref) refs/heads/main refs/remotes/main [16ms]
2025-03-18 20:57:18.779 [info] > git for-each-ref --format=%(refname)%00%(upstream:short)%00%(objectname)%00%(upstream:track)%00%(upstream:remotename)%00%(upstream:remoteref) refs/heads/main refs/remotes/main [28ms]
2025-03-18 20:57:18.784 [info] > git rev-parse --git-dir --git-common-dir [40ms]
2025-03-18 20:57:18.793 [info] Open repository: /home/hwlee4/ICS45C/HW8
2025-03-18 20:57:18.802 [info] > git for-each-ref --format=%(refname)%00%(upstream:short)%00%(objectname)%00%(upstream:track)%00%(upstream:remotename)%00%(upstream:remoteref) refs/heads/main refs/remotes/main [70ms]
2025-03-18 20:57:18.802 [info] > git merge-base refs/heads/main refs/remotes/origin/main [63ms]
2025-03-18 20:57:18.814 [info] > git config --local branch.main.vscode-merge-base [30ms]
2025-03-18 20:57:18.818 [info] > git config --local branch.main.vscode-merge-base [39ms]
2025-03-18 20:57:18.823 [info] > git config --get commit.template [50ms]
2025-03-18 20:57:18.824 [info] > git diff --name-status -z --diff-filter=ADMR 23f1d7363861263b3745c679b62ddb8e2fdc6e7e...refs/remotes/origin/main [55ms]
2025-03-18 20:57:18.833 [info] > git config --get commit.template [21ms]
2025-03-18 20:57:18.833 [info] > git rev-list --count --left-right refs/heads/main...refs/remotes/origin/main [26ms]
2025-03-18 20:57:18.850 [info] > git for-each-ref --format=%(refname)%00%(upstream:short)%00%(objectname)%00%(upstream:track)%00%(upstream:remotename)%00%(upstream:remoteref) refs/heads/origin/main refs/remotes/origin/main [27ms]
2025-03-18 20:57:18.855 [info] > git for-each-ref --format=%(refname)%00%(upstream:short)%00%(objectname)%00%(upstream:track)%00%(upstream:remotename)%00%(upstream:remoteref) refs/heads/origin/main refs/remotes/origin/main [37ms]
2025-03-18 20:57:18.866 [info] > git status -z -uall [21ms]
2025-03-18 20:57:18.866 [info] > git diff --name-status -z --diff-filter=ADMR 2e0d8ba95f2aa1568c03344698e0df55135e7cec...refs/remotes/origin/main [27ms]
2025-03-18 20:57:18.867 [info] > git merge-base refs/heads/main refs/remotes/origin/main [12ms]
2025-03-18 20:57:18.872 [info] > git for-each-ref --format=%(refname)%00%(upstream:short)%00%(objectname)%00%(upstream:track)%00%(upstream:remotename)%00%(upstream:remoteref) refs/heads/main refs/remotes/main [23ms]
2025-03-18 20:57:18.880 [info] > git for-each-ref --format=%(refname)%00%(upstream:short)%00%(objectname)%00%(upstream:track)%00%(upstream:remotename)%00%(upstream:remoteref) refs/heads/main refs/remotes/main [19ms]
2025-03-18 20:57:18.886 [info] > git status -z -uall [21ms]
2025-03-18 20:57:18.896 [info] > git rev-list --count --left-right refs/heads/main...refs/remotes/origin/main [24ms]
2025-03-18 20:57:18.907 [info] > git status -z -uall [22ms]
2025-03-18 20:57:18.908 [info] > git for-each-ref --format=%(refname)%00%(upstream:short)%00%(objectname)%00%(upstream:track)%00%(upstream:remotename)%00%(upstream:remoteref) refs/heads/main refs/remotes/main [17ms]
2025-03-18 20:57:18.920 [info] > git for-each-ref --format=%(refname)%00%(upstream:short)%00%(objectname)%00%(upstream:track)%00%(upstream:remotename)%00%(upstream:remoteref) refs/heads/main refs/remotes/main [42ms]
2025-03-18 20:57:18.926 [info] > git config --local branch.main.vscode-merge-base [14ms]
2025-03-18 20:57:18.931 [info] > git config --get commit.template [25ms]
2025-03-18 20:57:18.932 [info] > git diff --name-status -z --diff-filter=ADMR ab924b2367ceae6792fa744183edcf5376e9d74b...refs/remotes/origin/main [31ms]
2025-03-18 20:57:18.938 [info] > git for-each-ref --format=%(refname)%00%(upstream:short)%00%(objectname)%00%(upstream:track)%00%(upstream:remotename)%00%(upstream:remoteref) refs/heads/main refs/remotes/main [20ms]
2025-03-18 20:57:18.943 [info] > git config --local branch.main.vscode-merge-base [18ms]
2025-03-18 20:57:18.956 [info] > git config --local branch.main.vscode-merge-base [13ms]
2025-03-18 20:57:18.963 [info] > git for-each-ref --format=%(refname)%00%(upstream:short)%00%(objectname)%00%(upstream:track)%00%(upstream:remotename)%00%(upstream:remoteref) refs/heads/origin/main refs/remotes/origin/main [32ms]
2025-03-18 20:57:18.971 [info] > git status -z -uall [33ms]
2025-03-18 20:57:18.971 [info] > git for-each-ref --format=%(refname)%00%(upstream:short)%00%(objectname)%00%(upstream:track)%00%(upstream:remotename)%00%(upstream:remoteref) refs/heads/main refs/remotes/main [17ms]
2025-03-18 20:57:18.983 [info] > git for-each-ref --format=%(refname)%00%(upstream:short)%00%(objectname)%00%(upstream:track)%00%(upstream:remotename)%00%(upstream:remoteref) refs/heads/origin/main refs/remotes/origin/main [35ms]
2025-03-18 20:57:18.989 [info] > git merge-base refs/heads/main refs/remotes/origin/main [20ms]
2025-03-18 20:57:18.993 [info] > git for-each-ref --format=%(refname)%00%(upstream:short)%00%(objectname)%00%(upstream:track)%00%(upstream:remotename)%00%(upstream:remoteref) refs/heads/origin/main refs/remotes/origin/main [30ms]
2025-03-18 20:57:18.995 [info] > git config --get commit.template [6ms]
2025-03-18 20:57:18.995 [info] > git for-each-ref --format=%(refname)%00%(upstream:short)%00%(objectname)%00%(upstream:track)%00%(upstream:remotename)%00%(upstream:remoteref) refs/heads/main refs/remotes/main [17ms]
2025-03-18 20:57:19.009 [info] > git rev-list --count --left-right refs/heads/main...refs/remotes/origin/main [16ms]
2025-03-18 20:57:19.014 [info] > git config --local branch.main.vscode-merge-base [15ms]
2025-03-18 20:57:19.020 [info] > git status -z -uall [16ms]
2025-03-18 20:57:19.020 [info] > git for-each-ref --format=%(refname)%00%(upstream:short)%00%(objectname)%00%(upstream:track)%00%(upstream:remotename)%00%(upstream:remoteref) refs/heads/main refs/remotes/main [12ms]
2025-03-18 20:57:19.028 [info] > git for-each-ref --format=%(refname)%00%(upstream:short)%00%(objectname)%00%(upstream:track)%00%(upstream:remotename)%00%(upstream:remoteref) refs/heads/origin/main refs/remotes/origin/main [9ms]
2025-03-18 20:57:19.034 [info] > git diff --name-status -z --diff-filter=ADMR 6df176b74d650f64384015a22b2d80a7788c015d...refs/remotes/origin/main [21ms]
2025-03-18 20:57:19.043 [info] > git merge-base refs/heads/main refs/remotes/origin/main [9ms]
2025-03-18 20:57:19.049 [info] > git for-each-ref --format=%(refname)%00%(upstream:short)%00%(objectname)%00%(upstream:track)%00%(upstream:remotename)%00%(upstream:remoteref) refs/heads/main refs/remotes/main [23ms]
2025-03-18 20:57:19.056 [info] > git status -z -uall [14ms]
2025-03-18 20:57:19.066 [info] > git rev-list --count --left-right refs/heads/main...refs/remotes/origin/main [17ms]
2025-03-18 20:57:19.071 [info] > git config --local branch.main.vscode-merge-base [16ms]
2025-03-18 20:57:19.076 [info] > git for-each-ref --format=%(refname)%00%(upstream:short)%00%(objectname)%00%(upstream:track)%00%(upstream:remotename)%00%(upstream:remoteref) refs/heads/main refs/remotes/main [13ms]
2025-03-18 20:57:19.082 [info] > git diff --name-status -z --diff-filter=ADMR f5f962b8b705cdad8f105650973386554b98bff7...refs/remotes/origin/main [12ms]
2025-03-18 20:57:19.103 [info] > git config --local branch.main.vscode-merge-base [22ms]
2025-03-18 20:57:19.109 [info] > git for-each-ref --format=%(refname)%00%(upstream:short)%00%(objectname)%00%(upstream:track)%00%(upstream:remotename)%00%(upstream:remoteref) refs/heads/origin/main refs/remotes/origin/main [33ms]
2025-03-18 20:57:19.110 [info] > git check-ignore -v -z --stdin [8ms]
2025-03-18 20:57:19.118 [info] > git for-each-ref --format=%(refname)%00%(upstream:short)%00%(objectname)%00%(upstream:track)%00%(upstream:remotename)%00%(upstream:remoteref) refs/heads/origin/main refs/remotes/origin/main [10ms]
2025-03-18 20:57:19.623 [info] > git rev-parse --show-toplevel [5ms]
2025-03-18 20:57:19.631 [info] > git rev-parse --path-format=relative --show-toplevel [5ms]
2025-03-18 20:57:20.099 [info] > git check-ignore -v -z --stdin [7ms]
2025-03-18 20:57:20.663 [info] > git rev-parse --show-toplevel [97ms]
2025-03-18 20:57:20.676 [info] > git rev-parse --path-format=relative --show-toplevel [8ms]
2025-03-18 20:57:20.685 [info] > git merge-base refs/heads/main refs/remotes/origin/main [10ms]
2025-03-18 20:57:20.700 [info] > git rev-list --count --left-right refs/heads/main...refs/remotes/origin/main [11ms]
2025-03-18 20:57:21.387 [info] > git check-ignore -v -z --stdin [8ms]
2025-03-18 20:57:21.521 [info] > git merge-base refs/heads/main refs/remotes/origin/main [10ms]
2025-03-18 20:57:21.532 [info] > git merge-base refs/heads/main refs/remotes/origin/main [25ms]
2025-03-18 20:57:21.541 [info] > git merge-base refs/heads/main refs/remotes/origin/main [38ms]
2025-03-18 20:57:21.546 [info] > git merge-base refs/heads/main refs/remotes/origin/main [48ms]
2025-03-18 20:57:21.551 [info] > git merge-base refs/heads/main refs/remotes/origin/main [57ms]
2025-03-18 20:57:21.557 [info] > git merge-base refs/heads/main refs/remotes/origin/main [68ms]
2025-03-18 20:57:21.562 [info] > git merge-base refs/heads/main refs/remotes/origin/main [77ms]
2025-03-18 20:57:21.572 [info] > git rev-list --count --left-right refs/heads/main...refs/remotes/origin/main [15ms]
2025-03-18 20:57:21.573 [info] > git rev-list --count --left-right refs/heads/main...refs/remotes/origin/main [22ms]
2025-03-18 20:57:21.574 [info] > git rev-list --count --left-right refs/heads/main...refs/remotes/origin/main [28ms]
2025-03-18 20:57:21.574 [info] > git rev-list --count --left-right refs/heads/main...refs/remotes/origin/main [33ms]
2025-03-18 20:57:21.575 [info] > git rev-list --count --left-right refs/heads/main...refs/remotes/origin/main [45ms]
2025-03-18 20:57:21.576 [info] > git merge-base refs/heads/main refs/remotes/origin/main [58ms]
2025-03-18 20:57:21.581 [info] > git merge-base refs/heads/main refs/remotes/origin/main [67ms]
2025-03-18 20:57:21.587 [info] > git rev-list --count --left-right refs/heads/main...refs/remotes/origin/main [20ms]
2025-03-18 20:57:21.588 [info] > git rev-list --count --left-right refs/heads/main...refs/remotes/origin/main [26ms]
2025-03-18 20:57:21.604 [info] > git rev-list --count --left-right refs/heads/main...refs/remotes/origin/main [23ms]
2025-03-18 20:57:21.606 [info] > git rev-list --count --left-right refs/heads/main...refs/remotes/origin/main [20ms]
2025-03-18 20:57:21.898 [info] > git check-ignore -v -z --stdin [7ms]
2025-03-18 20:57:23.167 [info] > git rev-parse --show-toplevel [6ms]
2025-03-18 20:57:23.177 [info] > git rev-parse --path-format=relative --show-toplevel [6ms]
2025-03-18 20:57:23.187 [info] > git rev-parse --show-toplevel [5ms]
2025-03-18 20:57:23.195 [info] > git rev-parse --path-format=relative --show-toplevel [5ms]
2025-03-18 20:57:23.205 [info] > git rev-parse --show-toplevel [5ms]
2025-03-18 20:57:23.215 [info] > git rev-parse --path-format=relative --show-toplevel [6ms]
2025-03-18 20:57:23.226 [info] > git rev-parse --show-toplevel [5ms]
2025-03-18 20:57:23.237 [info] > git rev-parse --path-format=relative --show-toplevel [5ms]
2025-03-18 20:57:23.259 [info] > git rev-parse --show-toplevel [15ms]
2025-03-18 20:57:23.269 [info] > git rev-parse --path-format=relative --show-toplevel [5ms]
2025-03-18 20:57:23.279 [info] > git rev-parse --show-toplevel [5ms]
2025-03-18 20:57:23.287 [info] > git rev-parse --path-format=relative --show-toplevel [5ms]
2025-03-18 20:57:26.430 [info] > git show --textconv :src/set_list.hpp [11ms]
2025-03-18 20:57:26.432 [info] > git ls-files --stage -- /home/hwlee4/ICS45C/HW9/src/set_list.hpp [6ms]
2025-03-18 20:57:26.446 [info] > git cat-file -s 72cfe54cb5a3d482cdb2c2b1e27691c2cb5c0ff0 [8ms]
2025-03-18 20:57:26.852 [info] > git rev-parse --show-toplevel [6ms]
2025-03-18 20:57:26.862 [info] > git rev-parse --path-format=relative --show-toplevel [4ms]
2025-03-18 20:57:28.044 [info] > git rev-parse --show-toplevel [4ms]
2025-03-18 20:57:28.052 [info] > git rev-parse --path-format=relative --show-toplevel [4ms]
2025-03-18 20:57:28.062 [info] > git rev-parse --show-toplevel [5ms]
2025-03-18 20:57:28.070 [info] > git rev-parse --path-format=relative --show-toplevel [4ms]
2025-03-18 20:57:28.078 [info] > git rev-parse --show-toplevel [4ms]
2025-03-18 20:57:28.087 [info] > git rev-parse --path-format=relative --show-toplevel [5ms]
2025-03-18 20:57:28.096 [info] > git rev-parse --show-toplevel [5ms]
2025-03-18 20:57:28.104 [info] > git rev-parse --path-format=relative --show-toplevel [5ms]
2025-03-18 20:57:28.114 [info] > git rev-parse --show-toplevel [5ms]
2025-03-18 20:57:28.122 [info] > git rev-parse --path-format=relative --show-toplevel [5ms]
2025-03-18 20:57:28.131 [info] > git rev-parse --show-toplevel [5ms]
2025-03-18 20:57:28.141 [info] > git rev-parse --path-format=relative --show-toplevel [6ms]
2025-03-18 20:57:28.150 [info] > git rev-parse --show-toplevel [5ms]
2025-03-18 20:57:28.158 [info] > git rev-parse --path-format=relative --show-toplevel [5ms]
2025-03-18 20:57:28.168 [info] > git rev-parse --show-toplevel [5ms]
2025-03-18 20:57:28.176 [info] > git rev-parse --path-format=relative --show-toplevel [5ms]
2025-03-18 20:57:32.889 [info] > git check-ignore -v -z --stdin [41ms]
2025-03-18 20:57:32.890 [info] > git check-ignore -v -z --stdin [37ms]
2025-03-18 20:57:32.891 [info] > git check-ignore -v -z --stdin [34ms]
2025-03-18 20:57:32.891 [info] > git check-ignore -v -z --stdin [30ms]
2025-03-18 20:57:32.891 [info] > git check-ignore -v -z --stdin [26ms]
2025-03-18 20:57:32.892 [info] > git check-ignore -v -z --stdin [23ms]
2025-03-18 20:57:32.892 [info] > git check-ignore -v -z --stdin [18ms]
2025-03-18 20:57:32.892 [info] > git check-ignore -v -z --stdin [14ms]
2025-03-18 20:57:32.893 [info] > git check-ignore -v -z --stdin [10ms]
2025-03-18 20:57:32.894 [info] > git check-ignore -v -z --stdin [7ms]
2025-03-18 20:57:34.297 [info] > git check-ignore -v -z --stdin [7ms]
2025-03-18 20:57:38.167 [info] > git check-ignore -v -z --stdin [6ms]
2025-03-18 21:15:45.352 [info] > git check-ignore -v -z --stdin [8ms]
