2025-05-21 12:40:13.831 [info] [main] Log level: Info
2025-05-21 12:40:13.831 [info] [main] Validating found git in: "git"
2025-05-21 12:40:13.831 [info] [main] Using git "2.43.0" from "git"
2025-05-21 12:40:13.831 [info] [Model][doInitialScan] Initial repository scan started
2025-05-21 12:40:13.831 [info] > git rev-parse --show-toplevel [6ms]
2025-05-21 12:40:13.831 [info] > git rev-parse --path-format=relative --show-toplevel [5ms]
2025-05-21 12:40:13.831 [info] > git rev-parse --show-toplevel [5ms]
2025-05-21 12:40:13.831 [info] > git rev-parse --path-format=relative --show-toplevel [2ms]
2025-05-21 12:40:13.831 [info] > git rev-parse --git-dir --git-common-dir [2ms]
2025-05-21 12:40:13.831 [info] [Model][openRepository] Opened repository: /home/hwlee4/ICS45C/HW6
2025-05-21 12:40:13.831 [info] > git config --get commit.template [3ms]
2025-05-21 12:40:13.831 [info] > git rev-parse --show-toplevel [6ms]
2025-05-21 12:40:13.831 [info] > git rev-parse --path-format=relative --show-toplevel [2ms]
2025-05-21 12:40:13.831 [info] > git for-each-ref --format=%(refname)%00%(upstream:short)%00%(objectname)%00%(upstream:track)%00%(upstream:remotename)%00%(upstream:remoteref) refs/heads/main refs/remotes/main [10ms]
2025-05-21 12:40:13.831 [info] > git rev-parse --git-dir --git-common-dir [10ms]
2025-05-21 12:40:13.831 [info] [Model][openRepository] Opened repository: /home/hwlee4/ICS45C/HW0
2025-05-21 12:40:13.831 [info] > git config --get commit.template [4ms]
2025-05-21 12:40:13.831 [info] > git for-each-ref --sort -committerdate --format %(refname) %(objectname) %(*objectname) [14ms]
2025-05-21 12:40:13.831 [info] > git status -z -uall [19ms]
2025-05-21 12:40:13.831 [info] > git rev-parse --show-toplevel [21ms]
2025-05-21 12:40:13.831 [info] > git config --get commit.template [4ms]
2025-05-21 12:40:13.831 [info] > git for-each-ref --format=%(refname)%00%(upstream:short)%00%(objectname)%00%(upstream:track)%00%(upstream:remotename)%00%(upstream:remoteref) refs/heads/main refs/remotes/main [13ms]
2025-05-21 12:40:13.831 [info] > git for-each-ref --format=%(refname)%00%(upstream:short)%00%(objectname)%00%(upstream:track)%00%(upstream:remotename)%00%(upstream:remoteref) refs/heads/main refs/remotes/main [12ms]
2025-05-21 12:40:13.831 [info] > git rev-parse --path-format=relative --show-toplevel [6ms]
2025-05-21 12:40:13.831 [info] > git for-each-ref --format=%(refname)%00%(upstream:short)%00%(objectname)%00%(upstream:track)%00%(upstream:remotename)%00%(upstream:remoteref) refs/heads/main refs/remotes/main [20ms]
2025-05-21 12:40:13.831 [info] > git config --local branch.main.vscode-merge-base [24ms]
2025-05-21 12:40:13.831 [info] > git rev-parse --git-dir --git-common-dir [6ms]
2025-05-21 12:40:13.831 [info] [Model][openRepository] Opened repository: /home/hwlee4/ICS45C/HW1
2025-05-21 12:40:13.831 [info] > git for-each-ref --format=%(refname)%00%(upstream:short)%00%(objectname)%00%(upstream:track)%00%(upstream:remotename)%00%(upstream:remoteref) refs/heads/origin/main refs/remotes/origin/main [12ms]
2025-05-21 12:40:13.831 [info] > git merge-base refs/heads/main refs/remotes/origin/main [20ms]
2025-05-21 12:40:13.831 [info] > git rev-parse --show-toplevel [27ms]
2025-05-21 12:40:13.831 [info] > git config --get commit.template [33ms]
2025-05-21 12:40:13.831 [info] > git status -z -uall [16ms]
2025-05-21 12:40:13.831 [info] > git for-each-ref --sort -committerdate --format %(refname) %(objectname) %(*objectname) [13ms]
2025-05-21 12:40:13.831 [info] > git diff --name-status -z --diff-filter=ADMR 4bb5dac197cf12068309673dd415638cca322aab...refs/remotes/origin/main [21ms]
2025-05-21 12:40:13.831 [info] > git rev-parse --path-format=relative --show-toplevel [20ms]
2025-05-21 12:40:13.831 [info] > git status -z -uall [24ms]
2025-05-21 12:40:13.831 [info] > git for-each-ref --format=%(refname)%00%(upstream:short)%00%(objectname)%00%(upstream:track)%00%(upstream:remotename)%00%(upstream:remoteref) refs/heads/main refs/remotes/main [17ms]
2025-05-21 12:40:13.831 [info] > git for-each-ref --sort -committerdate --format %(refname) %(objectname) %(*objectname) [21ms]
2025-05-21 12:40:13.831 [info] > git rev-parse --git-dir --git-common-dir [6ms]
2025-05-21 12:40:13.831 [info] [Model][openRepository] Opened repository: /home/hwlee4/ICS45C/HW2
2025-05-21 12:40:13.831 [info] > git config --get commit.template [14ms]
2025-05-21 12:40:13.831 [info] > git for-each-ref --format=%(refname)%00%(upstream:short)%00%(objectname)%00%(upstream:track)%00%(upstream:remotename)%00%(upstream:remoteref) refs/heads/main refs/remotes/main [19ms]
2025-05-21 12:40:13.831 [info] > git config --get commit.template [9ms]
2025-05-21 12:40:13.831 [info] > git config --local branch.main.vscode-merge-base [13ms]
2025-05-21 12:40:13.831 [info] > git rev-parse --show-toplevel [16ms]
2025-05-21 12:40:13.831 [info] > git for-each-ref --format=%(refname)%00%(upstream:short)%00%(objectname)%00%(upstream:track)%00%(upstream:remotename)%00%(upstream:remoteref) refs/heads/origin/main refs/remotes/origin/main [14ms]
2025-05-21 12:40:13.831 [info] > git for-each-ref --format=%(refname)%00%(upstream:short)%00%(objectname)%00%(upstream:track)%00%(upstream:remotename)%00%(upstream:remoteref) refs/heads/main refs/remotes/main [23ms]
2025-05-21 12:40:13.834 [info] > git for-each-ref --sort -committerdate --format %(refname) %(objectname) %(*objectname) [15ms]
2025-05-21 12:40:13.834 [info] > git rev-parse --path-format=relative --show-toplevel [12ms]
2025-05-21 12:40:13.835 [info] > git status -z -uall [20ms]
2025-05-21 12:40:13.836 [info] > git merge-base refs/heads/main refs/remotes/origin/main [6ms]
2025-05-21 12:40:13.839 [info] > git for-each-ref --format=%(refname)%00%(upstream:short)%00%(objectname)%00%(upstream:track)%00%(upstream:remotename)%00%(upstream:remoteref) refs/heads/main refs/remotes/main [14ms]
2025-05-21 12:40:13.853 [info] > git diff --name-status -z --diff-filter=ADMR 2de1186af8d356e9b3e6443d56764a6c359645dc...refs/remotes/origin/main [15ms]
2025-05-21 12:40:13.854 [info] > git rev-parse --git-dir --git-common-dir [5ms]
2025-05-21 12:40:13.859 [info] [Model][openRepository] Opened repository: /home/hwlee4/ICS45C/HW3
2025-05-21 12:40:13.859 [info] > git for-each-ref --format=%(refname)%00%(upstream:short)%00%(objectname)%00%(upstream:track)%00%(upstream:remotename)%00%(upstream:remoteref) refs/heads/main refs/remotes/main [14ms]
2025-05-21 12:40:13.874 [info] > git status -z -uall [9ms]
2025-05-21 12:40:13.875 [info] > git config --get commit.template [22ms]
2025-05-21 12:40:13.885 [info] > git config --get commit.template [14ms]
2025-05-21 12:40:13.885 [info] > git config --local branch.main.vscode-merge-base [23ms]
2025-05-21 12:40:13.890 [info] > git rev-parse --show-toplevel [16ms]
2025-05-21 12:40:13.892 [info] > git for-each-ref --sort -committerdate --format %(refname) %(objectname) %(*objectname) [24ms]
2025-05-21 12:40:13.899 [info] > git status -z -uall [21ms]
2025-05-21 12:40:13.899 [info] > git rev-parse --path-format=relative --show-toplevel [7ms]
2025-05-21 12:40:13.899 [info] > git for-each-ref --format=%(refname)%00%(upstream:short)%00%(objectname)%00%(upstream:track)%00%(upstream:remotename)%00%(upstream:remoteref) refs/heads/origin/main refs/remotes/origin/main [11ms]
2025-05-21 12:40:13.903 [info] > git for-each-ref --format=%(refname)%00%(upstream:short)%00%(objectname)%00%(upstream:track)%00%(upstream:remotename)%00%(upstream:remoteref) refs/heads/main refs/remotes/main [19ms]
2025-05-21 12:40:13.903 [info] > git for-each-ref --sort -committerdate --format %(refname) %(objectname) %(*objectname) [22ms]
2025-05-21 12:40:13.919 [info] > git rev-parse --git-dir --git-common-dir [13ms]
2025-05-21 12:40:13.923 [info] [Model][openRepository] Opened repository: /home/hwlee4/ICS45C/HW4
2025-05-21 12:40:13.924 [info] > git merge-base refs/heads/main refs/remotes/origin/main [22ms]
2025-05-21 12:40:13.927 [info] > git for-each-ref --format=%(refname)%00%(upstream:short)%00%(objectname)%00%(upstream:track)%00%(upstream:remotename)%00%(upstream:remoteref) refs/heads/main refs/remotes/main [30ms]
2025-05-21 12:40:13.934 [info] > git config --get commit.template [17ms]
2025-05-21 12:40:13.934 [info] > git for-each-ref --format=%(refname)%00%(upstream:short)%00%(objectname)%00%(upstream:track)%00%(upstream:remotename)%00%(upstream:remoteref) refs/heads/main refs/remotes/main [21ms]
2025-05-21 12:40:13.944 [info] > git config --get commit.template [13ms]
2025-05-21 12:40:13.944 [info] > git diff --name-status -z --diff-filter=ADMR 1d941fbc59bc10f4d013441e18a8b73cc72449ad...refs/remotes/origin/main [17ms]
2025-05-21 12:40:13.948 [info] > git config --local branch.main.vscode-merge-base [11ms]
2025-05-21 12:40:13.951 [info] > git rev-parse --show-toplevel [18ms]
2025-05-21 12:40:13.956 [info] > git status -z -uall [16ms]
2025-05-21 12:40:13.957 [info] > git for-each-ref --sort -committerdate --format %(refname) %(objectname) %(*objectname) [13ms]
2025-05-21 12:40:13.966 [info] > git for-each-ref --format=%(refname)%00%(upstream:short)%00%(objectname)%00%(upstream:track)%00%(upstream:remotename)%00%(upstream:remoteref) refs/heads/origin/main refs/remotes/origin/main [16ms]
2025-05-21 12:40:13.970 [info] > git rev-parse --path-format=relative --show-toplevel [17ms]
2025-05-21 12:40:13.970 [info] > git for-each-ref --format=%(refname)%00%(upstream:short)%00%(objectname)%00%(upstream:track)%00%(upstream:remotename)%00%(upstream:remoteref) refs/heads/main refs/remotes/main [23ms]
2025-05-21 12:40:13.974 [info] > git for-each-ref --format=%(refname)%00%(upstream:short)%00%(objectname)%00%(upstream:track)%00%(upstream:remotename)%00%(upstream:remoteref) refs/heads/main refs/remotes/main [18ms]
2025-05-21 12:40:13.974 [info] > git for-each-ref --sort -committerdate --format %(refname) %(objectname) %(*objectname) [9ms]
2025-05-21 12:40:13.976 [info] > git merge-base refs/heads/main refs/remotes/origin/main [7ms]
2025-05-21 12:40:13.980 [info] > git status -z -uall [18ms]
2025-05-21 12:40:13.990 [info] > git rev-parse --git-dir --git-common-dir [17ms]
2025-05-21 12:40:13.995 [info] [Model][openRepository] Opened repository: /home/hwlee4/ICS45C/HW5
2025-05-21 12:40:14.011 [info] > git status -z -uall [12ms]
2025-05-21 12:40:14.011 [info] > git for-each-ref --format=%(refname)%00%(upstream:short)%00%(objectname)%00%(upstream:track)%00%(upstream:remotename)%00%(upstream:remoteref) refs/heads/main refs/remotes/main [24ms]
2025-05-21 12:40:14.015 [info] > git diff --name-status -z --diff-filter=ADMR 6e366bc68f599c93d5b2306a1622b19a83ab6690...refs/remotes/origin/main [36ms]
2025-05-21 12:40:14.023 [info] > git config --get commit.template [15ms]
2025-05-21 12:40:14.023 [info] > git config --get commit.template [18ms]
2025-05-21 12:40:14.023 [info] > git for-each-ref --sort -committerdate --format %(refname) %(objectname) %(*objectname) [21ms]
2025-05-21 12:40:14.027 [info] > git rev-parse --show-toplevel [17ms]
2025-05-21 12:40:14.030 [info] > git config --local branch.main.vscode-merge-base [15ms]
2025-05-21 12:40:14.039 [info] > git status -z -uall [21ms]
2025-05-21 12:40:14.039 [info] > git for-each-ref --sort -committerdate --format %(refname) %(objectname) %(*objectname) [18ms]
2025-05-21 12:40:14.040 [info] > git for-each-ref --format=%(refname)%00%(upstream:short)%00%(objectname)%00%(upstream:track)%00%(upstream:remotename)%00%(upstream:remoteref) refs/heads/origin/main refs/remotes/origin/main [7ms]
2025-05-21 12:40:14.050 [info] > git rev-parse --path-format=relative --show-toplevel [20ms]
2025-05-21 12:40:14.057 [info] > git merge-base refs/heads/main refs/remotes/origin/main [14ms]
2025-05-21 12:40:14.060 [info] > git for-each-ref --format=%(refname)%00%(upstream:short)%00%(objectname)%00%(upstream:track)%00%(upstream:remotename)%00%(upstream:remoteref) refs/heads/main refs/remotes/main [22ms]
2025-05-21 12:40:14.060 [info] > git for-each-ref --format=%(refname)%00%(upstream:short)%00%(objectname)%00%(upstream:track)%00%(upstream:remotename)%00%(upstream:remoteref) refs/heads/main refs/remotes/main [25ms]
2025-05-21 12:40:14.061 [info] > git rev-parse --git-dir --git-common-dir [5ms]
2025-05-21 12:40:14.065 [info] [Model][openRepository] Opened repository: /home/hwlee4/ICS45C/HW7
2025-05-21 12:40:14.071 [info] [Model][doInitialScan] Initial repository scan completed - repositories (8), closed repositories (0), parent repositories (1), unsafe repositories (0)
2025-05-21 12:40:14.071 [info] > git config --get commit.template [18ms]
2025-05-21 12:40:14.072 [info] > git for-each-ref --format=%(refname)%00%(upstream:short)%00%(objectname)%00%(upstream:track)%00%(upstream:remotename)%00%(upstream:remoteref) refs/heads/main refs/remotes/main [23ms]
2025-05-21 12:40:14.078 [info] > git diff --name-status -z --diff-filter=ADMR b82b13244c860b4b7663b453b8013197209cca25...refs/remotes/origin/main [18ms]
2025-05-21 12:40:14.082 [info] > git config --local branch.main.vscode-merge-base [7ms]
2025-05-21 12:40:14.092 [info] > git config --get commit.template [14ms]
2025-05-21 12:40:14.100 [info] > git for-each-ref --format=%(refname)%00%(upstream:short)%00%(objectname)%00%(upstream:track)%00%(upstream:remotename)%00%(upstream:remoteref) refs/heads/origin/main refs/remotes/origin/main [15ms]
2025-05-21 12:40:14.104 [info] > git for-each-ref --format=%(refname)%00%(upstream:short)%00%(objectname)%00%(upstream:track)%00%(upstream:remotename)%00%(upstream:remoteref) refs/heads/main refs/remotes/main [23ms]
2025-05-21 12:40:14.105 [info] > git status -z -uall [17ms]
2025-05-21 12:40:14.105 [info] > git status -z -uall [10ms]
2025-05-21 12:40:14.106 [info] > git for-each-ref --sort -committerdate --format %(refname) %(objectname) %(*objectname) [14ms]
2025-05-21 12:40:14.117 [info] > git merge-base refs/heads/main refs/remotes/origin/main [14ms]
2025-05-21 12:40:14.120 [info] > git for-each-ref --sort -committerdate --format %(refname) %(objectname) %(*objectname) [22ms]
2025-05-21 12:40:14.123 [info] > git config --get commit.template [7ms]
2025-05-21 12:40:14.123 [info] > git for-each-ref --format=%(refname)%00%(upstream:short)%00%(objectname)%00%(upstream:track)%00%(upstream:remotename)%00%(upstream:remoteref) refs/heads/main refs/remotes/main [11ms]
2025-05-21 12:40:14.127 [info] > git diff --name-status -z --diff-filter=ADMR 941598b477db37f454b7d999bb01a8a980ee618a...refs/remotes/origin/main [7ms]
2025-05-21 12:40:14.127 [info] > git for-each-ref --format=%(refname)%00%(upstream:short)%00%(objectname)%00%(upstream:track)%00%(upstream:remotename)%00%(upstream:remoteref) refs/heads/main refs/remotes/main [27ms]
2025-05-21 12:40:14.137 [warning] [Git][revParse] Unable to read file: ENOENT: no such file or directory, open '/home/hwlee4/ICS45C/HW7/.git/refs/remotes/origin/main'
2025-05-21 12:40:14.138 [info] > git config --local branch.main.vscode-merge-base [12ms]
2025-05-21 12:40:14.141 [info] > git status -z -uall [11ms]
2025-05-21 12:40:14.142 [info] > git for-each-ref --sort -committerdate --format %(refname) %(objectname) %(*objectname) [9ms]
2025-05-21 12:40:14.145 [info] > git for-each-ref --format=%(refname)%00%(upstream:short)%00%(objectname)%00%(upstream:track)%00%(upstream:remotename)%00%(upstream:remoteref) refs/heads/main refs/remotes/main [10ms]
2025-05-21 12:40:14.145 [info] > git rev-parse refs/remotes/origin/main [8ms]
2025-05-21 12:40:14.150 [info] > git for-each-ref --format=%(refname)%00%(upstream:short)%00%(objectname)%00%(upstream:track)%00%(upstream:remotename)%00%(upstream:remoteref) refs/heads/origin/main refs/remotes/origin/main [9ms]
2025-05-21 12:40:14.160 [info] > git merge-base refs/heads/main refs/remotes/origin/main [7ms]
2025-05-21 12:40:14.163 [info] > git for-each-ref --sort -committerdate --format %(refname) %(objectname) %(*objectname) [13ms]
2025-05-21 12:40:14.171 [info] > git status -z -uall [14ms]
2025-05-21 12:40:14.171 [info] > git for-each-ref --sort -committerdate --format %(refname) %(objectname) %(*objectname) [12ms]
2025-05-21 12:40:14.178 [info] > git diff --name-status -z --diff-filter=ADMR b451104ec2b07b39c17cd9240a01c9e94c0a7f69...refs/remotes/origin/main [15ms]
2025-05-21 12:40:14.186 [info] > git merge-base refs/heads/main refs/remotes/origin/main [9ms]
2025-05-21 12:40:14.196 [info] > git diff --name-status -z --diff-filter=ADMR b451104ec2b07b39c17cd9240a01c9e94c0a7f69...refs/remotes/origin/main [7ms]
2025-05-21 12:40:14.218 [info] > git status -z -uall [71ms]
2025-05-21 12:40:14.231 [info] > git config --get commit.template [3ms]
2025-05-21 12:40:14.231 [info] > git for-each-ref --format=%(refname)%00%(upstream:short)%00%(objectname)%00%(upstream:track)%00%(upstream:remotename)%00%(upstream:remoteref) refs/heads/main refs/remotes/main [8ms]
2025-05-21 12:40:14.237 [info] > git config --local branch.main.vscode-merge-base [3ms]
2025-05-21 12:40:14.237 [warning] [Git][config] git config failed: Failed to execute git
2025-05-21 12:40:14.240 [info] > git for-each-ref --format=%(refname)%00%(upstream:short)%00%(objectname)%00%(upstream:track)%00%(upstream:remotename)%00%(upstream:remoteref) refs/heads/main refs/remotes/main [9ms]
2025-05-21 12:40:14.243 [warning] [Git][revParse] Unable to read file: ENOENT: no such file or directory, open '/home/hwlee4/ICS45C/HW7/.git/refs/remotes/origin/main'
2025-05-21 12:40:14.247 [info] > git rev-parse refs/remotes/origin/main [4ms]
2025-05-21 12:40:14.252 [info] > git reflog main --grep-reflog=branch: Created from *. [12ms]
2025-05-21 12:40:14.259 [info] > git symbolic-ref --short refs/remotes/origin/HEAD [4ms]
2025-05-21 12:40:14.262 [info] > git for-each-ref --sort -committerdate --format %(refname) %(objectname) %(*objectname) [9ms]
2025-05-21 12:40:14.267 [info] > git for-each-ref --format=%(refname)%00%(upstream:short)%00%(objectname)%00%(upstream:track)%00%(upstream:remotename)%00%(upstream:remoteref) refs/heads/origin/main refs/remotes/origin/main [6ms]
2025-05-21 12:40:14.271 [info] > git status -z -uall [22ms]
2025-05-21 12:40:14.278 [info] > git config --local branch.main.vscode-merge-base origin/main [8ms]
2025-05-21 12:40:14.285 [info] > git config --get commit.template [3ms]
2025-05-21 12:40:14.285 [info] > git for-each-ref --format=%(refname)%00%(upstream:short)%00%(objectname)%00%(upstream:track)%00%(upstream:remotename)%00%(upstream:remoteref) refs/heads/main refs/remotes/main [10ms]
2025-05-21 12:40:14.291 [info] > git for-each-ref --format=%(refname)%00%(upstream:short)%00%(objectname)%00%(upstream:track)%00%(upstream:remotename)%00%(upstream:remoteref) refs/heads/main refs/remotes/main [7ms]
2025-05-21 12:40:14.291 [info] > git config --local branch.main.vscode-merge-base [3ms]
2025-05-21 12:40:14.297 [warning] [Git][revParse] Unable to read file: ENOENT: no such file or directory, open '/home/hwlee4/ICS45C/HW7/.git/refs/remotes/origin/main'
2025-05-21 12:40:14.300 [info] > git rev-parse refs/remotes/origin/main [3ms]
2025-05-21 12:40:14.307 [info] > git for-each-ref --format=%(refname)%00%(upstream:short)%00%(objectname)%00%(upstream:track)%00%(upstream:remotename)%00%(upstream:remoteref) refs/heads/origin/main refs/remotes/origin/main [12ms]
2025-05-21 12:40:14.313 [info] > git for-each-ref --sort -committerdate --format %(refname) %(objectname) %(*objectname) [7ms]
2025-05-21 12:40:14.315 [info] > git merge-base refs/heads/main refs/remotes/origin/main [6ms]
2025-05-21 12:40:14.324 [info] > git status -z -uall [21ms]
2025-05-21 12:40:14.331 [info] > git diff --name-status -z --diff-filter=ADMR f913b689a7dabb05b32f8615f1e7ae36b9b42fdf...refs/remotes/origin/main [13ms]
2025-05-21 12:40:14.333 [info] > git merge-base refs/heads/main refs/remotes/origin/main [5ms]
2025-05-21 12:40:14.336 [info] > git merge-base refs/heads/main refs/remotes/origin/main [5ms]
2025-05-21 12:40:14.341 [info] > git diff --name-status -z --diff-filter=ADMR f913b689a7dabb05b32f8615f1e7ae36b9b42fdf...refs/remotes/origin/main [5ms]
2025-05-21 12:40:14.345 [info] > git diff --name-status -z --diff-filter=ADMR f913b689a7dabb05b32f8615f1e7ae36b9b42fdf...refs/remotes/origin/main [6ms]
2025-05-21 12:40:15.231 [info] > git check-ignore -v -z --stdin [18ms]
2025-05-21 12:40:15.231 [info] > git check-ignore -v -z --stdin [16ms]
2025-05-21 12:40:15.232 [info] > git check-ignore -v -z --stdin [14ms]
2025-05-21 12:40:15.232 [info] > git check-ignore -v -z --stdin [12ms]
2025-05-21 12:40:15.233 [info] > git check-ignore -v -z --stdin [10ms]
2025-05-21 12:40:15.233 [info] > git check-ignore -v -z --stdin [8ms]
2025-05-21 12:40:15.233 [info] > git check-ignore -v -z --stdin [5ms]
2025-05-21 12:40:15.945 [info] > git check-ignore -v -z --stdin [17ms]
2025-05-21 12:40:15.945 [info] > git check-ignore -v -z --stdin [16ms]
2025-05-21 12:40:15.945 [info] > git check-ignore -v -z --stdin [13ms]
2025-05-21 12:40:15.945 [info] > git check-ignore -v -z --stdin [11ms]
2025-05-21 12:40:15.946 [info] > git check-ignore -v -z --stdin [8ms]
2025-05-21 12:40:15.946 [info] > git check-ignore -v -z --stdin [7ms]
2025-05-21 12:40:15.947 [info] > git check-ignore -v -z --stdin [5ms]
2025-05-21 12:40:17.204 [info] > git check-ignore -v -z --stdin [22ms]
2025-05-21 12:40:17.204 [info] > git check-ignore -v -z --stdin [20ms]
2025-05-21 12:40:17.205 [info] > git check-ignore -v -z --stdin [18ms]
2025-05-21 12:40:17.205 [info] > git check-ignore -v -z --stdin [16ms]
2025-05-21 12:40:17.205 [info] > git check-ignore -v -z --stdin [13ms]
2025-05-21 12:40:17.205 [info] > git check-ignore -v -z --stdin [10ms]
2025-05-21 12:40:17.206 [info] > git check-ignore -v -z --stdin [8ms]
2025-05-21 12:40:17.206 [info] > git check-ignore -v -z --stdin [5ms]
2025-05-21 12:40:17.836 [info] > git check-ignore -v -z --stdin [24ms]
2025-05-21 12:40:17.837 [info] > git check-ignore -v -z --stdin [22ms]
2025-05-21 12:40:17.838 [info] > git check-ignore -v -z --stdin [21ms]
2025-05-21 12:40:17.838 [info] > git check-ignore -v -z --stdin [18ms]
2025-05-21 12:40:17.838 [info] > git check-ignore -v -z --stdin [15ms]
2025-05-21 12:40:17.838 [info] > git check-ignore -v -z --stdin [12ms]
2025-05-21 12:40:17.838 [info] > git check-ignore -v -z --stdin [9ms]
2025-05-21 12:40:17.839 [info] > git check-ignore -v -z --stdin [6ms]
2025-05-21 12:40:18.732 [info] > git rev-parse --show-toplevel [5ms]
2025-05-21 12:40:18.739 [info] > git rev-parse --path-format=relative --show-toplevel [4ms]
2025-05-21 12:40:19.463 [info] > git show --textconv :gtest/picture_gtests.cpp [6ms]
2025-05-21 12:40:19.465 [info] > git ls-files --stage -- /home/hwlee4/ICS45C/HW6/gtest/picture_gtests.cpp [4ms]
2025-05-21 12:40:19.473 [info] > git cat-file -s 483143fa8a1725170092fcd629fd351cc82a7bf3 [5ms]
2025-05-21 12:40:20.174 [info] > git rev-parse --show-toplevel [3ms]
2025-05-21 12:40:20.183 [info] > git rev-parse --path-format=relative --show-toplevel [6ms]
2025-05-21 12:40:20.210 [info] > git rev-parse --show-toplevel [4ms]
2025-05-21 12:40:20.217 [info] > git rev-parse --path-format=relative --show-toplevel [5ms]
2025-05-21 12:40:20.223 [info] > git rev-parse --show-toplevel [4ms]
2025-05-21 12:40:20.229 [info] > git rev-parse --path-format=relative --show-toplevel [4ms]
2025-05-21 12:40:20.235 [info] > git rev-parse --show-toplevel [3ms]
2025-05-21 12:40:20.241 [info] > git rev-parse --path-format=relative --show-toplevel [3ms]
2025-05-21 12:40:20.247 [info] > git rev-parse --show-toplevel [3ms]
2025-05-21 12:40:20.253 [info] > git rev-parse --path-format=relative --show-toplevel [3ms]
2025-05-21 12:40:22.261 [info] > git show --textconv :src/picture.hpp [6ms]
2025-05-21 12:40:22.261 [info] > git ls-files --stage -- /home/hwlee4/ICS45C/HW6/src/picture.hpp [4ms]
2025-05-21 12:40:22.270 [info] > git cat-file -s 4d068cbffa86d20d2f42182e12ed3728fb991eba [7ms]
2025-05-21 12:40:22.479 [info] > git check-ignore -v -z --stdin [5ms]
2025-05-21 12:40:23.364 [info] > git rev-parse --show-toplevel [3ms]
2025-05-21 12:40:23.370 [info] > git rev-parse --path-format=relative --show-toplevel [4ms]
2025-05-21 12:40:25.714 [info] > git check-ignore -v -z --stdin [4ms]
2025-05-21 12:40:27.538 [info] > git check-ignore -v -z --stdin [5ms]
2025-05-21 12:40:28.657 [info] > git show --textconv :src/alloc.cpp [6ms]
2025-05-21 12:40:28.658 [info] > git ls-files --stage -- /home/hwlee4/ICS45C/HW7/src/alloc.cpp [4ms]
2025-05-21 12:40:28.668 [info] > git cat-file -s f3b6110e776ed130e96ad08c3c242bb46efcde63 [7ms]
2025-05-21 12:40:29.920 [info] > git show --textconv :src/alloc.hpp [5ms]
2025-05-21 12:40:29.922 [info] > git ls-files --stage -- /home/hwlee4/ICS45C/HW7/src/alloc.hpp [4ms]
2025-05-21 12:40:29.932 [info] > git cat-file -s 68fee38907028f8369b66de8962ed70fa0a96c55 [7ms]
2025-05-21 12:40:31.428 [info] > git show --textconv :src/array.hpp [5ms]
2025-05-21 12:40:31.429 [info] > git ls-files --stage -- /home/hwlee4/ICS45C/HW7/src/array.hpp [4ms]
2025-05-21 12:40:31.439 [info] > git cat-file -s e69de29bb2d1d6434b8b29ae775ad8c2e48c5391 [8ms]
2025-05-21 12:40:34.861 [info] > git show --textconv :src/int_array.hpp [5ms]
2025-05-21 12:40:34.863 [info] > git ls-files --stage -- /home/hwlee4/ICS45C/HW7/src/int_array.hpp [4ms]
2025-05-21 12:40:34.871 [info] > git cat-file -s e69de29bb2d1d6434b8b29ae775ad8c2e48c5391 [5ms]
2025-05-21 12:40:36.233 [info] > git show --textconv :src/matrix.hpp [5ms]
2025-05-21 12:40:36.233 [info] > git ls-files --stage -- /home/hwlee4/ICS45C/HW7/src/matrix.hpp [3ms]
2025-05-21 12:40:36.241 [info] > git cat-file -s e69de29bb2d1d6434b8b29ae775ad8c2e48c5391 [4ms]
2025-05-21 12:40:36.425 [info] > git show --textconv :src/standard_main.cpp [7ms]
2025-05-21 12:40:36.425 [info] > git ls-files --stage -- /home/hwlee4/ICS45C/HW7/src/standard_main.cpp [5ms]
2025-05-21 12:40:36.434 [info] > git cat-file -s e69de29bb2d1d6434b8b29ae775ad8c2e48c5391 [5ms]
2025-05-21 12:41:09.416 [info] > git ls-files --stage -- /home/hwlee4/ICS45C/HW7/src/int_array.hpp [4ms]
2025-05-21 12:41:09.419 [info] > git show --textconv :src/int_array.hpp [10ms]
2025-05-21 12:41:09.424 [info] > git cat-file -s e69de29bb2d1d6434b8b29ae775ad8c2e48c5391 [5ms]
2025-05-21 12:41:50.865 [info] > git config --get commit.template [4ms]
2025-05-21 12:41:50.872 [info] > git for-each-ref --format=%(refname)%00%(upstream:short)%00%(objectname)%00%(upstream:track)%00%(upstream:remotename)%00%(upstream:remoteref) refs/heads/main refs/remotes/main [8ms]
2025-05-21 12:41:50.875 [warning] [Git][revParse] Unable to read file: ENOENT: no such file or directory, open '/home/hwlee4/ICS45C/HW7/.git/refs/remotes/origin/main'
2025-05-21 12:41:50.878 [info] > git rev-parse refs/remotes/origin/main [3ms]
2025-05-21 12:41:50.892 [info] > git for-each-ref --sort -committerdate --format %(refname) %(objectname) %(*objectname) [7ms]
2025-05-21 12:41:50.908 [info] > git status -z -uall [26ms]
2025-05-21 12:41:55.922 [info] > git config --get commit.template [4ms]
2025-05-21 12:41:55.929 [info] > git for-each-ref --format=%(refname)%00%(upstream:short)%00%(objectname)%00%(upstream:track)%00%(upstream:remotename)%00%(upstream:remoteref) refs/heads/main refs/remotes/main [7ms]
2025-05-21 12:41:55.932 [warning] [Git][revParse] Unable to read file: ENOENT: no such file or directory, open '/home/hwlee4/ICS45C/HW7/.git/refs/remotes/origin/main'
2025-05-21 12:41:55.935 [info] > git rev-parse refs/remotes/origin/main [3ms]
2025-05-21 12:41:55.948 [info] > git for-each-ref --sort -committerdate --format %(refname) %(objectname) %(*objectname) [6ms]
2025-05-21 12:41:55.959 [info] > git status -z -uall [21ms]
2025-05-21 12:42:01.579 [info] > git config --get commit.template [3ms]
2025-05-21 12:42:01.585 [info] > git for-each-ref --format=%(refname)%00%(upstream:short)%00%(objectname)%00%(upstream:track)%00%(upstream:remotename)%00%(upstream:remoteref) refs/heads/main refs/remotes/main [7ms]
2025-05-21 12:42:01.588 [warning] [Git][revParse] Unable to read file: ENOENT: no such file or directory, open '/home/hwlee4/ICS45C/HW7/.git/refs/remotes/origin/main'
2025-05-21 12:42:01.592 [info] > git rev-parse refs/remotes/origin/main [4ms]
2025-05-21 12:42:01.604 [info] > git for-each-ref --sort -committerdate --format %(refname) %(objectname) %(*objectname) [6ms]
2025-05-21 12:42:01.614 [info] > git status -z -uall [20ms]
2025-05-21 12:42:06.623 [info] > git config --get commit.template [4ms]
2025-05-21 12:42:06.629 [info] > git for-each-ref --format=%(refname)%00%(upstream:short)%00%(objectname)%00%(upstream:track)%00%(upstream:remotename)%00%(upstream:remoteref) refs/heads/main refs/remotes/main [7ms]
2025-05-21 12:42:06.632 [warning] [Git][revParse] Unable to read file: ENOENT: no such file or directory, open '/home/hwlee4/ICS45C/HW7/.git/refs/remotes/origin/main'
2025-05-21 12:42:06.636 [info] > git rev-parse refs/remotes/origin/main [4ms]
2025-05-21 12:42:06.649 [info] > git for-each-ref --sort -committerdate --format %(refname) %(objectname) %(*objectname) [7ms]
2025-05-21 12:42:06.660 [info] > git status -z -uall [21ms]
2025-05-21 12:42:11.669 [info] > git config --get commit.template [3ms]
2025-05-21 12:42:11.676 [info] > git for-each-ref --format=%(refname)%00%(upstream:short)%00%(objectname)%00%(upstream:track)%00%(upstream:remotename)%00%(upstream:remoteref) refs/heads/main refs/remotes/main [7ms]
2025-05-21 12:42:11.679 [warning] [Git][revParse] Unable to read file: ENOENT: no such file or directory, open '/home/hwlee4/ICS45C/HW7/.git/refs/remotes/origin/main'
2025-05-21 12:42:11.682 [info] > git rev-parse refs/remotes/origin/main [3ms]
2025-05-21 12:42:11.694 [info] > git for-each-ref --sort -committerdate --format %(refname) %(objectname) %(*objectname) [7ms]
2025-05-21 12:42:11.706 [info] > git status -z -uall [21ms]
2025-05-21 12:42:16.717 [info] > git config --get commit.template [5ms]
2025-05-21 12:42:16.725 [info] > git for-each-ref --format=%(refname)%00%(upstream:short)%00%(objectname)%00%(upstream:track)%00%(upstream:remotename)%00%(upstream:remoteref) refs/heads/main refs/remotes/main [9ms]
2025-05-21 12:42:16.727 [warning] [Git][revParse] Unable to read file: ENOENT: no such file or directory, open '/home/hwlee4/ICS45C/HW7/.git/refs/remotes/origin/main'
2025-05-21 12:42:16.731 [info] > git rev-parse refs/remotes/origin/main [4ms]
2025-05-21 12:42:16.745 [info] > git for-each-ref --sort -committerdate --format %(refname) %(objectname) %(*objectname) [7ms]
2025-05-21 12:42:16.757 [info] > git status -z -uall [23ms]
2025-05-21 12:42:21.768 [info] > git config --get commit.template [4ms]
2025-05-21 12:42:21.775 [info] > git for-each-ref --format=%(refname)%00%(upstream:short)%00%(objectname)%00%(upstream:track)%00%(upstream:remotename)%00%(upstream:remoteref) refs/heads/main refs/remotes/main [8ms]
2025-05-21 12:42:21.778 [warning] [Git][revParse] Unable to read file: ENOENT: no such file or directory, open '/home/hwlee4/ICS45C/HW7/.git/refs/remotes/origin/main'
2025-05-21 12:42:21.782 [info] > git rev-parse refs/remotes/origin/main [4ms]
2025-05-21 12:42:21.796 [info] > git for-each-ref --sort -committerdate --format %(refname) %(objectname) %(*objectname) [8ms]
2025-05-21 12:42:21.807 [info] > git status -z -uall [22ms]
2025-05-21 12:42:26.817 [info] > git config --get commit.template [4ms]
2025-05-21 12:42:26.824 [info] > git for-each-ref --format=%(refname)%00%(upstream:short)%00%(objectname)%00%(upstream:track)%00%(upstream:remotename)%00%(upstream:remoteref) refs/heads/main refs/remotes/main [8ms]
2025-05-21 12:42:26.827 [warning] [Git][revParse] Unable to read file: ENOENT: no such file or directory, open '/home/hwlee4/ICS45C/HW7/.git/refs/remotes/origin/main'
2025-05-21 12:42:26.831 [info] > git rev-parse refs/remotes/origin/main [4ms]
2025-05-21 12:42:26.843 [info] > git for-each-ref --sort -committerdate --format %(refname) %(objectname) %(*objectname) [6ms]
2025-05-21 12:42:26.855 [info] > git status -z -uall [21ms]
2025-05-21 12:45:09.870 [info] > git config --get commit.template [3ms]
2025-05-21 12:45:09.879 [info] > git for-each-ref --format=%(refname)%00%(upstream:short)%00%(objectname)%00%(upstream:track)%00%(upstream:remotename)%00%(upstream:remoteref) refs/heads/main refs/remotes/main [9ms]
2025-05-21 12:45:09.883 [warning] [Git][revParse] Unable to read file: ENOENT: no such file or directory, open '/home/hwlee4/ICS45C/HW7/.git/refs/remotes/origin/main'
2025-05-21 12:45:09.886 [info] > git rev-parse refs/remotes/origin/main [3ms]
2025-05-21 12:45:09.900 [info] > git for-each-ref --sort -committerdate --format %(refname) %(objectname) %(*objectname) [7ms]
2025-05-21 12:45:09.915 [info] > git status -z -uall [25ms]
2025-05-21 12:45:15.786 [info] > git config --get commit.template [3ms]
2025-05-21 12:45:15.792 [info] > git for-each-ref --format=%(refname)%00%(upstream:short)%00%(objectname)%00%(upstream:track)%00%(upstream:remotename)%00%(upstream:remoteref) refs/heads/main refs/remotes/main [7ms]
2025-05-21 12:45:15.796 [warning] [Git][revParse] Unable to read file: ENOENT: no such file or directory, open '/home/hwlee4/ICS45C/HW7/.git/refs/remotes/origin/main'
2025-05-21 12:45:15.799 [info] > git rev-parse refs/remotes/origin/main [4ms]
2025-05-21 12:45:15.812 [info] > git for-each-ref --sort -committerdate --format %(refname) %(objectname) %(*objectname) [6ms]
2025-05-21 12:45:15.824 [info] > git status -z -uall [22ms]
2025-05-21 12:45:22.780 [info] > git config --get commit.template [4ms]
2025-05-21 12:45:22.787 [info] > git for-each-ref --format=%(refname)%00%(upstream:short)%00%(objectname)%00%(upstream:track)%00%(upstream:remotename)%00%(upstream:remoteref) refs/heads/main refs/remotes/main [7ms]
2025-05-21 12:45:22.790 [warning] [Git][revParse] Unable to read file: ENOENT: no such file or directory, open '/home/hwlee4/ICS45C/HW7/.git/refs/remotes/origin/main'
2025-05-21 12:45:22.793 [info] > git rev-parse refs/remotes/origin/main [3ms]
2025-05-21 12:45:22.806 [info] > git for-each-ref --sort -committerdate --format %(refname) %(objectname) %(*objectname) [7ms]
2025-05-21 12:45:22.817 [info] > git status -z -uall [20ms]
2025-05-21 12:46:20.525 [info] > git rev-parse --show-toplevel [4ms]
2025-05-21 12:46:20.532 [info] > git rev-parse --path-format=relative --show-toplevel [3ms]
2025-05-21 12:46:20.539 [info] > git rev-parse --show-toplevel [3ms]
2025-05-21 12:46:20.545 [info] > git rev-parse --path-format=relative --show-toplevel [4ms]
2025-05-21 12:46:20.551 [info] > git rev-parse --show-toplevel [3ms]
2025-05-21 12:46:20.557 [info] > git rev-parse --path-format=relative --show-toplevel [3ms]
2025-05-21 12:46:20.564 [info] > git rev-parse --show-toplevel [3ms]
2025-05-21 12:46:20.570 [info] > git rev-parse --path-format=relative --show-toplevel [4ms]
2025-05-21 12:46:20.576 [info] > git rev-parse --show-toplevel [3ms]
2025-05-21 12:46:20.582 [info] > git rev-parse --path-format=relative --show-toplevel [3ms]
2025-05-21 12:46:20.589 [info] > git rev-parse --show-toplevel [3ms]
2025-05-21 12:46:20.596 [info] > git rev-parse --path-format=relative --show-toplevel [4ms]
2025-05-21 12:46:20.602 [info] > git rev-parse --show-toplevel [3ms]
2025-05-21 12:46:20.608 [info] > git rev-parse --path-format=relative --show-toplevel [3ms]
2025-05-21 12:46:20.615 [info] > git rev-parse --show-toplevel [4ms]
2025-05-21 12:46:20.621 [info] > git rev-parse --path-format=relative --show-toplevel [3ms]
2025-05-21 12:46:30.822 [info] > git add -A -- . [35ms]
2025-05-21 12:46:30.885 [info] > git -c user.useConfigOnly=true commit --quiet --allow-empty-message --file - [59ms]
2025-05-21 12:46:30.893 [info] > git config --get commit.template [3ms]
2025-05-21 12:46:30.903 [info] > git config --get commit.template [4ms]
2025-05-21 12:46:30.915 [info] > git for-each-ref --format=%(refname)%00%(upstream:short)%00%(objectname)%00%(upstream:track)%00%(upstream:remotename)%00%(upstream:remoteref) refs/heads/main refs/remotes/main [11ms]
2025-05-21 12:46:30.918 [warning] [Git][revParse] Unable to read file: ENOENT: no such file or directory, open '/home/hwlee4/ICS45C/HW7/.git/refs/remotes/origin/main'
2025-05-21 12:46:30.922 [info] > git rev-parse refs/remotes/origin/main [4ms]
2025-05-21 12:46:30.937 [info] > git status -z -uall [12ms]
2025-05-21 12:46:30.937 [info] > git for-each-ref --sort -committerdate --format %(refname) %(objectname) %(*objectname) [7ms]
2025-05-21 12:46:30.953 [info] > git merge-base refs/heads/main refs/remotes/origin/main [7ms]
2025-05-21 12:46:30.962 [info] > git diff --name-status -z --diff-filter=ADMR f913b689a7dabb05b32f8615f1e7ae36b9b42fdf...refs/remotes/origin/main [5ms]
2025-05-21 12:46:31.421 [info] > git config --get commit.template [4ms]
2025-05-21 12:46:31.428 [info] > git for-each-ref --format=%(refname)%00%(upstream:short)%00%(objectname)%00%(upstream:track)%00%(upstream:remotename)%00%(upstream:remoteref) refs/heads/main refs/remotes/main [7ms]
2025-05-21 12:46:31.432 [warning] [Git][revParse] Unable to read file: ENOENT: no such file or directory, open '/home/hwlee4/ICS45C/HW7/.git/refs/remotes/origin/main'
2025-05-21 12:46:31.436 [info] > git rev-parse refs/remotes/origin/main [4ms]
2025-05-21 12:46:31.449 [info] > git status -z -uall [10ms]
2025-05-21 12:46:31.450 [info] > git for-each-ref --sort -committerdate --format %(refname) %(objectname) %(*objectname) [8ms]
2025-05-21 12:46:32.321 [info] > git ls-files --stage -- /home/hwlee4/ICS45C/HW7/src/int_array.hpp [5ms]
2025-05-21 12:46:32.332 [info] > git cat-file -s 04aadea5c642a5a649c66e0bd44348219aad91f1 [8ms]
2025-05-21 12:46:32.370 [info] > git show --textconv :src/int_array.hpp [7ms]
2025-05-21 12:46:32.836 [info] > git log --oneline --cherry main...main@{upstream} -- [7ms]
2025-05-21 12:46:34.029 [info] > git pull --tags origin main [1190ms]
2025-05-21 12:46:34.029 [info] From github.com:klefstad-teaching/ics-45c-hw7-hwlee4
 * branch            main       -> FETCH_HEAD
2025-05-21 12:46:35.254 [info] > git push origin main:main [1223ms]
2025-05-21 12:46:35.254 [info] To github.com:klefstad-teaching/ics-45c-hw7-hwlee4.git
   f913b68..e3d3a20  main -> main
2025-05-21 12:46:35.261 [info] > git config --get commit.template [4ms]
2025-05-21 12:46:35.269 [info] > git for-each-ref --format=%(refname)%00%(upstream:short)%00%(objectname)%00%(upstream:track)%00%(upstream:remotename)%00%(upstream:remoteref) refs/heads/main refs/remotes/main [9ms]
2025-05-21 12:46:35.283 [info] > git status -z -uall [10ms]
2025-05-21 12:46:35.285 [info] > git for-each-ref --sort -committerdate --format %(refname) %(objectname) %(*objectname) [9ms]
2025-05-21 12:46:35.299 [info] > git merge-base refs/heads/main refs/remotes/origin/main [7ms]
2025-05-21 12:46:35.309 [info] > git diff --name-status -z --diff-filter=ADMR e3d3a201fa9391ab993512e7961ec4022ac43a94...refs/remotes/origin/main [6ms]
2025-05-21 12:46:35.477 [info] > git ls-files --stage -- /home/hwlee4/ICS45C/HW7/src/int_array.hpp [4ms]
2025-05-21 12:46:35.486 [info] > git cat-file -s 04aadea5c642a5a649c66e0bd44348219aad91f1 [5ms]
2025-05-21 12:46:35.570 [info] > git show --textconv :src/int_array.hpp [7ms]
2025-05-21 12:46:36.565 [info] > git config --get commit.template [3ms]
2025-05-21 12:46:36.572 [info] > git for-each-ref --format=%(refname)%00%(upstream:short)%00%(objectname)%00%(upstream:track)%00%(upstream:remotename)%00%(upstream:remoteref) refs/heads/main refs/remotes/main [8ms]
2025-05-21 12:46:36.585 [info] > git status -z -uall [10ms]
2025-05-21 12:46:36.587 [info] > git for-each-ref --sort -committerdate --format %(refname) %(objectname) %(*objectname) [8ms]
2025-05-21 12:46:36.756 [info] > git ls-files --stage -- /home/hwlee4/ICS45C/HW7/src/int_array.hpp [5ms]
2025-05-21 12:46:36.764 [info] > git cat-file -s 04aadea5c642a5a649c66e0bd44348219aad91f1 [6ms]
2025-05-21 12:46:36.817 [info] > git show --textconv :src/int_array.hpp [7ms]
2025-05-21 12:46:46.316 [info] > git config --get commit.template [3ms]
2025-05-21 12:46:46.323 [info] > git for-each-ref --format=%(refname)%00%(upstream:short)%00%(objectname)%00%(upstream:track)%00%(upstream:remotename)%00%(upstream:remoteref) refs/heads/main refs/remotes/main [8ms]
2025-05-21 12:46:46.336 [info] > git status -z -uall [10ms]
2025-05-21 12:46:46.336 [info] > git for-each-ref --sort -committerdate --format %(refname) %(objectname) %(*objectname) [8ms]
2025-05-21 12:46:46.387 [info] > git ls-files --stage -- /home/hwlee4/ICS45C/HW7/src/int_array.hpp [5ms]
2025-05-21 12:46:46.395 [info] > git cat-file -s 04aadea5c642a5a649c66e0bd44348219aad91f1 [6ms]
2025-05-21 12:46:46.458 [info] > git show --textconv :src/int_array.hpp [6ms]
