2025-10-14 21:47:24.218 [info] (Client) Pylance async client (2024.3.2) started with python extension (2024.2.1)
2025-10-14 21:47:25.010 [info] [Info  - 9:47:24 PM] (4017496) Pylance language server 2024.3.2 (pyright version 1.1.351, commit 87171fbf) starting
2025-10-14 21:47:25.012 [info] [Info  - 9:47:25 PM] (4017496) Server root directory: file:///home/hwlee4/.vscode-server/extensions/ms-python.vscode-pylance-2024.3.2/dist
2025-10-14 21:47:25.012 [info] [Info  - 9:47:25 PM] (4017496) Starting service instance "hwlee4"
2025-10-14 21:47:25.070 [info] [Info  - 9:47:25 PM] (4017496) Setting pythonPath for service "hwlee4": "/usr/bin/python3"
2025-10-14 21:47:25.070 [info] [Info  - 9:47:25 PM] (4017496) Setting environmentName for service "hwlee4": "3.10.12 (global)"
2025-10-14 21:47:25.112 [info] [Info  - 9:47:25 PM] (4017496) Assuming Python version 3.10
2025-10-14 21:47:26.184 [info] [Info  - 9:47:26 PM] (4017496) Found 11 source files
2025-10-14 21:47:26.190 [info] [Info  - 9:47:26 PM] (4017496) Background analysis(1) root directory: file:///home/hwlee4/.vscode-server/extensions/ms-python.vscode-pylance-2024.3.2/dist
2025-10-14 21:47:26.190 [info] [Info  - 9:47:26 PM] (4017496) Background analysis(1) started
2025-10-14 21:47:26.886 [info] [Info  - 9:47:26 PM] (4017496) Indexer background runner(2) root directory: file:///home/hwlee4/.vscode-server/extensions/ms-python.vscode-pylance-2024.3.2/dist (index)
2025-10-14 21:47:26.886 [info] [Info  - 9:47:26 PM] (4017496) Indexing(2) started
2025-10-14 21:47:28.785 [info] [Info  - 9:47:28 PM] (4017496) scanned(2) 247 files over 1 exec env
2025-10-14 21:47:30.698 [info] [Info  - 9:47:30 PM] (4017496) indexed(2) 154 files over 1 exec env
2025-10-14 21:47:31.004 [info] [Info  - 9:47:31 PM] (4017496) Indexing finished(2).
2025-10-14 21:48:39.798 [info] [Info  - 9:48:39 PM] (4017496) Setting pythonPath for service "hwlee4": "/usr/bin/python3"
2025-10-14 21:48:39.799 [info] [Info  - 9:48:39 PM] (4017496) Setting environmentName for service "hwlee4": "3.10.12 (global)"
2025-10-14 21:48:39.839 [info] [Info  - 9:48:39 PM] (4017496) Assuming Python version 3.10
2025-10-14 21:48:40.301 [info] [Info  - 9:48:40 PM] (4017496) Found 11 source files
2025-10-14 21:48:41.101 [info] [Info  - 9:48:41 PM] (4017496) Indexer background runner(3) root directory: file:///home/hwlee4/.vscode-server/extensions/ms-python.vscode-pylance-2024.3.2/dist (index)
2025-10-14 21:48:41.101 [info] [Info  - 9:48:41 PM] (4017496) Indexing(3) started
2025-10-14 21:48:42.333 [info] [Info  - 9:48:42 PM] (4017496) scanned(3) 247 files over 1 exec env
2025-10-14 21:48:43.995 [info] [Info  - 9:48:43 PM] (4017496) indexed(3) 154 files over 1 exec env
2025-10-14 21:48:44.284 [info] [Info  - 9:48:44 PM] (4017496) Indexing finished(3).
