2025-06-06 01:09:50.431 [info] [main] Log level: Info
2025-06-06 01:09:50.431 [info] [main] Validating found git in: "git"
2025-06-06 01:09:50.431 [info] [main] Using git "2.43.0" from "git"
2025-06-06 01:09:50.431 [info] [Model][doInitialScan] Initial repository scan started
2025-06-06 01:09:50.431 [info] > git rev-parse --show-toplevel [6ms]
2025-06-06 01:09:50.432 [info] > git rev-parse --path-format=relative --show-toplevel [3ms]
2025-06-06 01:09:50.439 [info] > git rev-parse --show-toplevel [4ms]
2025-06-06 01:09:50.444 [info] > git rev-parse --path-format=relative --show-toplevel [3ms]
2025-06-06 01:09:50.450 [info] > git rev-parse --git-dir --git-common-dir [3ms]
2025-06-06 01:09:50.464 [info] [Model][openRepository] Opened repository: /home/hwlee4/ICS45C/HW0
2025-06-06 01:09:50.473 [info] > git config --get commit.template [3ms]
2025-06-06 01:09:50.477 [info] > git rev-parse --show-toplevel [5ms]
2025-06-06 01:09:50.483 [info] > git rev-parse --path-format=relative --show-toplevel [4ms]
2025-06-06 01:09:50.487 [info] > git for-each-ref --format=%(refname)%00%(upstream:short)%00%(objectname)%00%(upstream:track)%00%(upstream:remotename)%00%(upstream:remoteref) refs/heads/main refs/remotes/main [11ms]
2025-06-06 01:09:50.489 [info] > git rev-parse --git-dir --git-common-dir [4ms]
2025-06-06 01:09:50.495 [info] [Model][openRepository] Opened repository: /home/hwlee4/ICS45C/HW1
2025-06-06 01:09:50.512 [info] > git config --get commit.template [4ms]
2025-06-06 01:09:50.513 [info] > git for-each-ref --sort -committerdate --format %(refname) %(objectname) %(*objectname) [9ms]
2025-06-06 01:09:50.520 [info] > git status -z -uall [21ms]
2025-06-06 01:09:50.531 [info] > git rev-parse --show-toplevel [21ms]
2025-06-06 01:09:50.539 [info] > git for-each-ref --format=%(refname)%00%(upstream:short)%00%(objectname)%00%(upstream:track)%00%(upstream:remotename)%00%(upstream:remoteref) refs/heads/main refs/remotes/main [20ms]
2025-06-06 01:09:50.540 [info] > git rev-parse --path-format=relative --show-toplevel [6ms]
2025-06-06 01:09:50.541 [info] > git for-each-ref --format=%(refname)%00%(upstream:short)%00%(objectname)%00%(upstream:track)%00%(upstream:remotename)%00%(upstream:remoteref) refs/heads/main refs/remotes/main [13ms]
2025-06-06 01:09:50.580 [info] > git config --get commit.template [41ms]
2025-06-06 01:09:50.584 [info] > git config --local branch.main.vscode-merge-base [39ms]
2025-06-06 01:09:50.588 [info] > git rev-parse --git-dir --git-common-dir [10ms]
2025-06-06 01:09:50.592 [info] [Model][openRepository] Opened repository: /home/hwlee4/ICS45C/HW2
2025-06-06 01:09:50.606 [info] > git for-each-ref --format=%(refname)%00%(upstream:short)%00%(objectname)%00%(upstream:track)%00%(upstream:remotename)%00%(upstream:remoteref) refs/heads/main refs/remotes/main [23ms]
2025-06-06 01:09:50.610 [info] > git config --get commit.template [8ms]
2025-06-06 01:09:50.610 [info] > git for-each-ref --format=%(refname)%00%(upstream:short)%00%(objectname)%00%(upstream:track)%00%(upstream:remotename)%00%(upstream:remoteref) refs/heads/origin/main refs/remotes/origin/main [23ms]
2025-06-06 01:09:50.628 [info] > git status -z -uall [32ms]
2025-06-06 01:09:50.628 [info] > git merge-base refs/heads/main refs/remotes/origin/main [14ms]
2025-06-06 01:09:50.632 [info] > git rev-parse --show-toplevel [27ms]
2025-06-06 01:09:50.634 [info] > git for-each-ref --sort -committerdate --format %(refname) %(objectname) %(*objectname) [35ms]
2025-06-06 01:09:50.649 [info] > git rev-parse --path-format=relative --show-toplevel [15ms]
2025-06-06 01:09:50.649 [info] > git diff --name-status -z --diff-filter=ADMR 2de1186af8d356e9b3e6443d56764a6c359645dc...refs/remotes/origin/main [18ms]
2025-06-06 01:09:50.654 [info] > git for-each-ref --format=%(refname)%00%(upstream:short)%00%(objectname)%00%(upstream:track)%00%(upstream:remotename)%00%(upstream:remoteref) refs/heads/main refs/remotes/main [13ms]
2025-06-06 01:09:50.664 [info] > git rev-parse --git-dir --git-common-dir [10ms]
2025-06-06 01:09:50.667 [info] [Model][openRepository] Opened repository: /home/hwlee4/ICS45C/HW3
2025-06-06 01:09:50.668 [info] > git for-each-ref --format=%(refname)%00%(upstream:short)%00%(objectname)%00%(upstream:track)%00%(upstream:remotename)%00%(upstream:remoteref) refs/heads/main refs/remotes/main [24ms]
2025-06-06 01:09:50.669 [info] > git config --get commit.template [21ms]
2025-06-06 01:09:50.678 [info] > git status -z -uall [19ms]
2025-06-06 01:09:50.679 [info] > git config --local branch.main.vscode-merge-base [22ms]
2025-06-06 01:09:50.684 [info] > git rev-parse --show-toplevel [5ms]
2025-06-06 01:09:50.687 [info] > git config --get commit.template [12ms]
2025-06-06 01:09:50.687 [info] > git for-each-ref --format=%(refname)%00%(upstream:short)%00%(objectname)%00%(upstream:track)%00%(upstream:remotename)%00%(upstream:remoteref) refs/heads/main refs/remotes/main [16ms]
2025-06-06 01:09:50.687 [info] > git for-each-ref --sort -committerdate --format %(refname) %(objectname) %(*objectname) [25ms]
2025-06-06 01:09:50.692 [info] > git rev-parse --path-format=relative --show-toplevel [6ms]
2025-06-06 01:09:50.692 [info] > git for-each-ref --format=%(refname)%00%(upstream:short)%00%(objectname)%00%(upstream:track)%00%(upstream:remotename)%00%(upstream:remoteref) refs/heads/origin/main refs/remotes/origin/main [11ms]
2025-06-06 01:09:50.708 [info] > git merge-base refs/heads/main refs/remotes/origin/main [12ms]
2025-06-06 01:09:50.720 [info] > git status -z -uall [20ms]
2025-06-06 01:09:50.721 [info] > git for-each-ref --sort -committerdate --format %(refname) %(objectname) %(*objectname) [18ms]
2025-06-06 01:09:50.721 [info] > git rev-parse --git-dir --git-common-dir [15ms]
2025-06-06 01:09:50.725 [info] [Model][openRepository] Opened repository: /home/hwlee4/ICS45C/HW4
2025-06-06 01:09:50.725 [info] > git for-each-ref --format=%(refname)%00%(upstream:short)%00%(objectname)%00%(upstream:track)%00%(upstream:remotename)%00%(upstream:remoteref) refs/heads/main refs/remotes/main [27ms]
2025-06-06 01:09:50.731 [info] > git status -z -uall [16ms]
2025-06-06 01:09:50.732 [info] > git for-each-ref --sort -committerdate --format %(refname) %(objectname) %(*objectname) [13ms]
2025-06-06 01:09:50.742 [info] > git diff --name-status -z --diff-filter=ADMR 1d941fbc59bc10f4d013441e18a8b73cc72449ad...refs/remotes/origin/main [31ms]
2025-06-06 01:09:50.746 [info] > git merge-base refs/heads/main refs/remotes/origin/main [11ms]
2025-06-06 01:09:50.748 [info] > git rev-parse --show-toplevel [18ms]
2025-06-06 01:09:50.751 [info] > git config --get commit.template [23ms]
2025-06-06 01:09:50.752 [info] > git config --get commit.template [7ms]
2025-06-06 01:09:50.752 [info] > git for-each-ref --format=%(refname)%00%(upstream:short)%00%(objectname)%00%(upstream:track)%00%(upstream:remotename)%00%(upstream:remoteref) refs/heads/main refs/remotes/main [11ms]
2025-06-06 01:09:50.757 [info] > git diff --name-status -z --diff-filter=ADMR 1d941fbc59bc10f4d013441e18a8b73cc72449ad...refs/remotes/origin/main [9ms]
2025-06-06 01:09:50.758 [info] > git rev-parse --path-format=relative --show-toplevel [7ms]
2025-06-06 01:09:50.765 [info] > git config --local branch.main.vscode-merge-base [10ms]
2025-06-06 01:09:50.771 [info] > git for-each-ref --format=%(refname)%00%(upstream:short)%00%(objectname)%00%(upstream:track)%00%(upstream:remotename)%00%(upstream:remoteref) refs/heads/main refs/remotes/main [14ms]
2025-06-06 01:09:50.771 [info] > git for-each-ref --sort -committerdate --format %(refname) %(objectname) %(*objectname) [8ms]
2025-06-06 01:09:50.778 [info] > git status -z -uall [18ms]
2025-06-06 01:09:50.786 [info] > git for-each-ref --format=%(refname)%00%(upstream:short)%00%(objectname)%00%(upstream:track)%00%(upstream:remotename)%00%(upstream:remoteref) refs/heads/origin/main refs/remotes/origin/main [19ms]
2025-06-06 01:09:50.804 [info] > git for-each-ref --format=%(refname)%00%(upstream:short)%00%(objectname)%00%(upstream:track)%00%(upstream:remotename)%00%(upstream:remoteref) refs/heads/main refs/remotes/main [39ms]
2025-06-06 01:09:50.804 [info] > git rev-parse --git-dir --git-common-dir [34ms]
2025-06-06 01:09:50.808 [info] [Model][openRepository] Opened repository: /home/hwlee4/ICS45C/HW5
2025-06-06 01:09:50.819 [info] > git status -z -uall [45ms]
2025-06-06 01:09:50.819 [info] > git merge-base refs/heads/main refs/remotes/origin/main [15ms]
2025-06-06 01:09:50.823 [info] > git for-each-ref --format=%(refname)%00%(upstream:short)%00%(objectname)%00%(upstream:track)%00%(upstream:remotename)%00%(upstream:remoteref) refs/heads/main refs/remotes/main [39ms]
2025-06-06 01:09:50.827 [info] > git for-each-ref --sort -committerdate --format %(refname) %(objectname) %(*objectname) [50ms]
2025-06-06 01:09:50.923 [info] > git config --local branch.main.vscode-merge-base [97ms]
2025-06-06 01:09:50.925 [info] > git diff --name-status -z --diff-filter=ADMR 6e366bc68f599c93d5b2306a1622b19a83ab6690...refs/remotes/origin/main [103ms]
2025-06-06 01:09:50.926 [info] > git rev-parse --show-toplevel [108ms]
2025-06-06 01:09:50.928 [info] > git config --get commit.template [114ms]
2025-06-06 01:09:50.928 [info] > git config --get commit.template [116ms]
2025-06-06 01:09:50.930 [info] > git config --get commit.template [8ms]
2025-06-06 01:09:50.931 [info] > git for-each-ref --format=%(refname)%00%(upstream:short)%00%(objectname)%00%(upstream:track)%00%(upstream:remotename)%00%(upstream:remoteref) refs/heads/main refs/remotes/main [96ms]
2025-06-06 01:09:50.943 [info] > git for-each-ref --format=%(refname)%00%(upstream:short)%00%(objectname)%00%(upstream:track)%00%(upstream:remotename)%00%(upstream:remoteref) refs/heads/origin/main refs/remotes/origin/main [18ms]
2025-06-06 01:09:50.946 [info] > git rev-parse --path-format=relative --show-toplevel [18ms]
2025-06-06 01:09:50.951 [info] > git for-each-ref --format=%(refname)%00%(upstream:short)%00%(objectname)%00%(upstream:track)%00%(upstream:remotename)%00%(upstream:remoteref) refs/heads/main refs/remotes/main [15ms]
2025-06-06 01:09:50.951 [info] > git config --local branch.main.vscode-merge-base [18ms]
2025-06-06 01:09:50.955 [info] > git status -z -uall [16ms]
2025-06-06 01:09:50.955 [info] > git rev-parse --git-dir --git-common-dir [5ms]
2025-06-06 01:09:50.959 [info] [Model][openRepository] Opened repository: /home/hwlee4/ICS45C/HW6
2025-06-06 01:09:50.960 [info] > git for-each-ref --format=%(refname)%00%(upstream:short)%00%(objectname)%00%(upstream:track)%00%(upstream:remotename)%00%(upstream:remoteref) refs/heads/main refs/remotes/main [18ms]
2025-06-06 01:09:50.960 [info] > git merge-base refs/heads/main refs/remotes/origin/main [14ms]
2025-06-06 01:09:50.963 [info] > git for-each-ref --sort -committerdate --format %(refname) %(objectname) %(*objectname) [23ms]
2025-06-06 01:09:50.970 [info] > git for-each-ref --format=%(refname)%00%(upstream:short)%00%(objectname)%00%(upstream:track)%00%(upstream:remotename)%00%(upstream:remoteref) refs/heads/origin/main refs/remotes/origin/main [17ms]
2025-06-06 01:09:50.973 [info] > git for-each-ref --format=%(refname)%00%(upstream:short)%00%(objectname)%00%(upstream:track)%00%(upstream:remotename)%00%(upstream:remoteref) refs/heads/main refs/remotes/main [24ms]
2025-06-06 01:09:50.974 [info] > git rev-parse --show-toplevel [5ms]
2025-06-06 01:09:50.976 [info] > git config --get commit.template [9ms]
2025-06-06 01:09:50.976 [info] > git diff --name-status -z --diff-filter=ADMR b82b13244c860b4b7663b453b8013197209cca25...refs/remotes/origin/main [13ms]
2025-06-06 01:09:50.990 [info] > git status -z -uall [11ms]
2025-06-06 01:09:50.990 [info] > git rev-parse --path-format=relative --show-toplevel [14ms]
2025-06-06 01:09:50.990 [info] > git merge-base refs/heads/main refs/remotes/origin/main [18ms]
2025-06-06 01:09:50.995 [info] > git for-each-ref --sort -committerdate --format %(refname) %(objectname) %(*objectname) [14ms]
2025-06-06 01:09:51.019 [info] > git status -z -uall [33ms]
2025-06-06 01:09:51.019 [info] > git rev-parse --git-dir --git-common-dir [24ms]
2025-06-06 01:09:51.023 [info] [Model][openRepository] Opened repository: /home/hwlee4/ICS45C/HW7
2025-06-06 01:09:51.024 [info] > git for-each-ref --sort -committerdate --format %(refname) %(objectname) %(*objectname) [35ms]
2025-06-06 01:09:51.024 [info] > git for-each-ref --format=%(refname)%00%(upstream:short)%00%(objectname)%00%(upstream:track)%00%(upstream:remotename)%00%(upstream:remoteref) refs/heads/main refs/remotes/main [41ms]
2025-06-06 01:09:51.037 [info] > git diff --name-status -z --diff-filter=ADMR 941598b477db37f454b7d999bb01a8a980ee618a...refs/remotes/origin/main [45ms]
2025-06-06 01:09:51.042 [info] > git status -z -uall [27ms]
2025-06-06 01:09:51.043 [info] > git rev-parse --show-toplevel [13ms]
2025-06-06 01:09:51.045 [info] > git config --get commit.template [18ms]
2025-06-06 01:09:51.046 [info] > git for-each-ref --sort -committerdate --format %(refname) %(objectname) %(*objectname) [27ms]
2025-06-06 01:09:51.048 [info] > git config --get commit.template [8ms]
2025-06-06 01:09:51.049 [info] > git for-each-ref --format=%(refname)%00%(upstream:short)%00%(objectname)%00%(upstream:track)%00%(upstream:remotename)%00%(upstream:remoteref) refs/heads/main refs/remotes/main [12ms]
2025-06-06 01:09:51.053 [info] > git rev-parse --path-format=relative --show-toplevel [8ms]
2025-06-06 01:09:51.063 [info] > git config --local branch.main.vscode-merge-base [12ms]
2025-06-06 01:09:51.070 [info] > git for-each-ref --format=%(refname)%00%(upstream:short)%00%(objectname)%00%(upstream:track)%00%(upstream:remotename)%00%(upstream:remoteref) refs/heads/main refs/remotes/main [17ms]
2025-06-06 01:09:51.071 [info] > git for-each-ref --format=%(refname)%00%(upstream:short)%00%(objectname)%00%(upstream:track)%00%(upstream:remotename)%00%(upstream:remoteref) refs/heads/main refs/remotes/main [9ms]
2025-06-06 01:09:51.072 [info] > git for-each-ref --sort -committerdate --format %(refname) %(objectname) %(*objectname) [13ms]
2025-06-06 01:09:51.073 [info] > git rev-parse --git-dir --git-common-dir [4ms]
2025-06-06 01:09:51.077 [info] [Model][openRepository] Opened repository: /home/hwlee4/ICS45C/HW8
2025-06-06 01:09:51.078 [info] > git for-each-ref --format=%(refname)%00%(upstream:short)%00%(objectname)%00%(upstream:track)%00%(upstream:remotename)%00%(upstream:remoteref) refs/heads/origin/main refs/remotes/origin/main [13ms]
2025-06-06 01:09:51.089 [info] > git status -z -uall [33ms]
2025-06-06 01:09:51.100 [info] > git rev-parse --show-toplevel [12ms]
2025-06-06 01:09:51.103 [info] > git config --get commit.template [17ms]
2025-06-06 01:09:51.103 [info] > git merge-base refs/heads/main refs/remotes/origin/main [22ms]
2025-06-06 01:09:51.120 [info] > git rev-parse --path-format=relative --show-toplevel [17ms]
2025-06-06 01:09:51.120 [info] > git config --get commit.template [21ms]
2025-06-06 01:09:51.121 [info] > git for-each-ref --format=%(refname)%00%(upstream:short)%00%(objectname)%00%(upstream:track)%00%(upstream:remotename)%00%(upstream:remoteref) refs/heads/main refs/remotes/main [27ms]
2025-06-06 01:09:51.131 [info] > git status -z -uall [21ms]
2025-06-06 01:09:51.131 [info] > git status -z -uall [15ms]
2025-06-06 01:09:51.131 [info] > git for-each-ref --sort -committerdate --format %(refname) %(objectname) %(*objectname) [18ms]
2025-06-06 01:09:51.132 [info] > git diff --name-status -z --diff-filter=ADMR b451104ec2b07b39c17cd9240a01c9e94c0a7f69...refs/remotes/origin/main [25ms]
2025-06-06 01:09:51.136 [info] > git config --local branch.main.vscode-merge-base [11ms]
2025-06-06 01:09:51.139 [info] > git for-each-ref --sort -committerdate --format %(refname) %(objectname) %(*objectname) [20ms]
2025-06-06 01:09:51.153 [info] > git for-each-ref --format=%(refname)%00%(upstream:short)%00%(objectname)%00%(upstream:track)%00%(upstream:remotename)%00%(upstream:remoteref) refs/heads/origin/main refs/remotes/origin/main [14ms]
2025-06-06 01:09:51.156 [info] > git for-each-ref --format=%(refname)%00%(upstream:short)%00%(objectname)%00%(upstream:track)%00%(upstream:remotename)%00%(upstream:remoteref) refs/heads/main refs/remotes/main [21ms]
2025-06-06 01:09:51.156 [info] > git for-each-ref --format=%(refname)%00%(upstream:short)%00%(objectname)%00%(upstream:track)%00%(upstream:remotename)%00%(upstream:remoteref) refs/heads/main refs/remotes/main [28ms]
2025-06-06 01:09:51.157 [info] > git rev-parse --git-dir --git-common-dir [26ms]
2025-06-06 01:09:51.161 [info] [Model][openRepository] Opened repository: /home/hwlee4/ICS45C/HW9
2025-06-06 01:09:51.167 [info] [Model][doInitialScan] Initial repository scan completed - repositories (10), closed repositories (0), parent repositories (1), unsafe repositories (0)
2025-06-06 01:09:51.173 [info] > git merge-base refs/heads/main refs/remotes/origin/main [17ms]
2025-06-06 01:09:51.177 [info] > git config --get commit.template [24ms]
2025-06-06 01:09:51.177 [info] > git for-each-ref --format=%(refname)%00%(upstream:short)%00%(objectname)%00%(upstream:track)%00%(upstream:remotename)%00%(upstream:remoteref) refs/heads/main refs/remotes/main [30ms]
2025-06-06 01:09:51.181 [info] > git config --get commit.template [11ms]
2025-06-06 01:09:51.198 [info] > git status -z -uall [11ms]
2025-06-06 01:09:51.198 [info] > git diff --name-status -z --diff-filter=ADMR 4bb5dac197cf12068309673dd415638cca322aab...refs/remotes/origin/main [22ms]
2025-06-06 01:09:51.199 [info] > git config --local branch.main.vscode-merge-base [19ms]
2025-06-06 01:09:51.203 [info] > git for-each-ref --sort -committerdate --format %(refname) %(objectname) %(*objectname) [14ms]
2025-06-06 01:09:51.205 [info] > git for-each-ref --format=%(refname)%00%(upstream:short)%00%(objectname)%00%(upstream:track)%00%(upstream:remotename)%00%(upstream:remoteref) refs/heads/main refs/remotes/main [22ms]
2025-06-06 01:09:51.205 [info] > git for-each-ref --sort -committerdate --format %(refname) %(objectname) %(*objectname) [10ms]
2025-06-06 01:09:51.212 [info] > git status -z -uall [20ms]
2025-06-06 01:09:51.218 [info] > git for-each-ref --format=%(refname)%00%(upstream:short)%00%(objectname)%00%(upstream:track)%00%(upstream:remotename)%00%(upstream:remoteref) refs/heads/origin/main refs/remotes/origin/main [16ms]
2025-06-06 01:09:51.226 [info] > git status -z -uall [17ms]
2025-06-06 01:09:51.226 [info] > git for-each-ref --sort -committerdate --format %(refname) %(objectname) %(*objectname) [15ms]
2025-06-06 01:09:51.230 [info] > git for-each-ref --format=%(refname)%00%(upstream:short)%00%(objectname)%00%(upstream:track)%00%(upstream:remotename)%00%(upstream:remoteref) refs/heads/main refs/remotes/main [32ms]
2025-06-06 01:09:51.234 [warning] [Git][revParse] Unable to read file: ENOENT: no such file or directory, open '/home/hwlee4/ICS45C/HW9/.git/refs/remotes/origin/main'
2025-06-06 01:09:51.235 [info] > git config --get commit.template [10ms]
2025-06-06 01:09:51.236 [info] > git merge-base refs/heads/main refs/remotes/origin/main [14ms]
2025-06-06 01:09:51.239 [info] > git for-each-ref --format=%(refname)%00%(upstream:short)%00%(objectname)%00%(upstream:track)%00%(upstream:remotename)%00%(upstream:remoteref) refs/heads/main refs/remotes/main [22ms]
2025-06-06 01:09:51.243 [info] > git rev-parse refs/remotes/origin/main [9ms]
2025-06-06 01:09:51.250 [info] > git merge-base refs/heads/main refs/remotes/origin/main [19ms]
2025-06-06 01:09:51.256 [info] > git diff --name-status -z --diff-filter=ADMR c515706c8a7b55a1a3b458f4533d90f48011da0f...refs/remotes/origin/main [17ms]
2025-06-06 01:09:51.256 [info] > git config --local branch.main.vscode-merge-base [14ms]
2025-06-06 01:09:51.260 [info] > git diff --name-status -z --diff-filter=ADMR c515706c8a7b55a1a3b458f4533d90f48011da0f...refs/remotes/origin/main [7ms]
2025-06-06 01:09:51.260 [info] > git for-each-ref --sort -committerdate --format %(refname) %(objectname) %(*objectname) [11ms]
2025-06-06 01:09:51.267 [info] > git for-each-ref --format=%(refname)%00%(upstream:short)%00%(objectname)%00%(upstream:track)%00%(upstream:remotename)%00%(upstream:remoteref) refs/heads/main refs/remotes/main [12ms]
2025-06-06 01:09:51.276 [info] > git for-each-ref --format=%(refname)%00%(upstream:short)%00%(objectname)%00%(upstream:track)%00%(upstream:remotename)%00%(upstream:remoteref) refs/heads/origin/main refs/remotes/origin/main [18ms]
2025-06-06 01:09:51.315 [info] > git status -z -uall [69ms]
2025-06-06 01:09:51.315 [info] > git status -z -uall [43ms]
2025-06-06 01:09:51.322 [info] > git for-each-ref --sort -committerdate --format %(refname) %(objectname) %(*objectname) [47ms]
2025-06-06 01:09:51.327 [info] > git merge-base refs/heads/main refs/remotes/origin/main [48ms]
2025-06-06 01:09:51.335 [info] > git for-each-ref --format=%(refname)%00%(upstream:short)%00%(objectname)%00%(upstream:track)%00%(upstream:remotename)%00%(upstream:remoteref) refs/heads/main refs/remotes/main [14ms]
2025-06-06 01:09:51.339 [info] > git config --get commit.template [5ms]
2025-06-06 01:09:51.339 [info] > git diff --name-status -z --diff-filter=ADMR 52f9d53a78422d96c4c8f0e14a1be692698bb17e...refs/remotes/origin/main [8ms]
2025-06-06 01:09:51.339 [info] > git merge-base refs/heads/main refs/remotes/origin/main [13ms]
2025-06-06 01:09:51.343 [info] > git config --local branch.main.vscode-merge-base [5ms]
2025-06-06 01:09:51.343 [warning] [Git][config] git config failed: Failed to execute git
2025-06-06 01:09:51.351 [info] > git diff --name-status -z --diff-filter=ADMR 52f9d53a78422d96c4c8f0e14a1be692698bb17e...refs/remotes/origin/main [9ms]
2025-06-06 01:09:51.357 [info] > git for-each-ref --format=%(refname)%00%(upstream:short)%00%(objectname)%00%(upstream:track)%00%(upstream:remotename)%00%(upstream:remoteref) refs/heads/main refs/remotes/main [7ms]
2025-06-06 01:09:51.360 [warning] [Git][revParse] Unable to read file: ENOENT: no such file or directory, open '/home/hwlee4/ICS45C/HW9/.git/refs/remotes/origin/main'
2025-06-06 01:09:51.361 [info] > git reflog main --grep-reflog=branch: Created from *. [14ms]
2025-06-06 01:09:51.364 [info] > git rev-parse refs/remotes/origin/main [4ms]
2025-06-06 01:09:51.371 [info] > git symbolic-ref --short refs/remotes/origin/HEAD [7ms]
2025-06-06 01:09:51.404 [info] > git for-each-ref --sort -committerdate --format %(refname) %(objectname) %(*objectname) [34ms]
2025-06-06 01:09:51.405 [info] > git for-each-ref --format=%(refname)%00%(upstream:short)%00%(objectname)%00%(upstream:track)%00%(upstream:remotename)%00%(upstream:remoteref) refs/heads/origin/main refs/remotes/origin/main [32ms]
2025-06-06 01:09:51.413 [info] > git status -z -uall [46ms]
2025-06-06 01:09:51.418 [info] > git config --local branch.main.vscode-merge-base origin/main [10ms]
2025-06-06 01:09:51.426 [info] > git config --get commit.template [4ms]
2025-06-06 01:09:51.426 [info] > git for-each-ref --format=%(refname)%00%(upstream:short)%00%(objectname)%00%(upstream:track)%00%(upstream:remotename)%00%(upstream:remoteref) refs/heads/main refs/remotes/main [9ms]
2025-06-06 01:09:51.432 [info] > git config --local branch.main.vscode-merge-base [3ms]
2025-06-06 01:09:51.435 [info] > git for-each-ref --format=%(refname)%00%(upstream:short)%00%(objectname)%00%(upstream:track)%00%(upstream:remotename)%00%(upstream:remoteref) refs/heads/main refs/remotes/main [10ms]
2025-06-06 01:09:51.439 [warning] [Git][revParse] Unable to read file: ENOENT: no such file or directory, open '/home/hwlee4/ICS45C/HW9/.git/refs/remotes/origin/main'
2025-06-06 01:09:51.441 [info] > git for-each-ref --format=%(refname)%00%(upstream:short)%00%(objectname)%00%(upstream:track)%00%(upstream:remotename)%00%(upstream:remoteref) refs/heads/origin/main refs/remotes/origin/main [6ms]
2025-06-06 01:09:51.445 [info] > git rev-parse refs/remotes/origin/main [6ms]
2025-06-06 01:09:51.451 [info] > git merge-base refs/heads/main refs/remotes/origin/main [7ms]
2025-06-06 01:09:51.458 [info] > git for-each-ref --sort -committerdate --format %(refname) %(objectname) %(*objectname) [7ms]
2025-06-06 01:09:51.462 [info] > git diff --name-status -z --diff-filter=ADMR c226fdddbd07ff49fc835d189e9a3cb6846ece8f...refs/remotes/origin/main [8ms]
2025-06-06 01:09:51.467 [info] > git status -z -uall [20ms]
2025-06-06 01:09:51.795 [info] > git check-ignore -v -z --stdin [31ms]
2025-06-06 01:09:51.795 [info] > git check-ignore -v -z --stdin [30ms]
2025-06-06 01:09:51.796 [info] > git check-ignore -v -z --stdin [28ms]
2025-06-06 01:09:51.796 [info] > git check-ignore -v -z --stdin [26ms]
2025-06-06 01:09:51.796 [info] > git check-ignore -v -z --stdin [23ms]
2025-06-06 01:09:51.797 [info] > git check-ignore -v -z --stdin [22ms]
2025-06-06 01:09:51.797 [info] > git check-ignore -v -z --stdin [19ms]
2025-06-06 01:09:51.797 [info] > git check-ignore -v -z --stdin [13ms]
2025-06-06 01:09:51.797 [info] > git check-ignore -v -z --stdin [10ms]
2025-06-06 01:09:51.798 [info] > git check-ignore -v -z --stdin [8ms]
2025-06-06 01:09:56.090 [info] > git check-ignore -v -z --stdin [4ms]
2025-06-06 01:09:57.370 [info] > git check-ignore -v -z --stdin [4ms]
2025-06-06 01:10:00.391 [info] > git show --textconv :src/set_list.hpp [6ms]
2025-06-06 01:10:00.392 [info] > git ls-files --stage -- /home/hwlee4/ICS45C/HW9/src/set_list.hpp [4ms]
2025-06-06 01:10:00.402 [info] > git cat-file -s e69de29bb2d1d6434b8b29ae775ad8c2e48c5391 [8ms]
2025-06-06 01:10:00.932 [info] > git show --textconv :src/map_array.hpp [6ms]
2025-06-06 01:10:00.932 [info] > git ls-files --stage -- /home/hwlee4/ICS45C/HW9/src/map_array.hpp [4ms]
2025-06-06 01:10:00.941 [info] > git cat-file -s e69de29bb2d1d6434b8b29ae775ad8c2e48c5391 [6ms]
2025-06-06 01:10:01.568 [info] > git show --textconv :src/mapset_main.cpp [6ms]
2025-06-06 01:10:01.568 [info] > git ls-files --stage -- /home/hwlee4/ICS45C/HW9/src/mapset_main.cpp [4ms]
2025-06-06 01:10:01.576 [info] > git cat-file -s e69de29bb2d1d6434b8b29ae775ad8c2e48c5391 [5ms]
2025-06-06 01:11:08.200 [info] > git ls-files --stage -- /home/hwlee4/ICS45C/HW9/src/map_array.hpp [4ms]
2025-06-06 01:11:08.204 [info] > git show --textconv :src/map_array.hpp [11ms]
2025-06-06 01:11:08.209 [info] > git cat-file -s e69de29bb2d1d6434b8b29ae775ad8c2e48c5391 [5ms]
2025-06-06 01:11:16.712 [info] > git show --textconv :src/set_list.hpp [6ms]
2025-06-06 01:11:16.714 [info] > git ls-files --stage -- /home/hwlee4/ICS45C/HW9/src/set_list.hpp [4ms]
2025-06-06 01:11:16.722 [info] > git cat-file -s e69de29bb2d1d6434b8b29ae775ad8c2e48c5391 [5ms]
2025-06-06 01:11:27.595 [info] > git config --get commit.template [4ms]
2025-06-06 01:11:27.601 [info] > git for-each-ref --format=%(refname)%00%(upstream:short)%00%(objectname)%00%(upstream:track)%00%(upstream:remotename)%00%(upstream:remoteref) refs/heads/main refs/remotes/main [7ms]
2025-06-06 01:11:27.603 [warning] [Git][revParse] Unable to read file: ENOENT: no such file or directory, open '/home/hwlee4/ICS45C/HW9/.git/refs/remotes/origin/main'
2025-06-06 01:11:27.608 [info] > git rev-parse refs/remotes/origin/main [5ms]
2025-06-06 01:11:27.620 [info] > git for-each-ref --sort -committerdate --format %(refname) %(objectname) %(*objectname) [7ms]
2025-06-06 01:11:27.633 [info] > git status -z -uall [23ms]
2025-06-06 01:11:32.648 [info] > git config --get commit.template [4ms]
2025-06-06 01:11:32.655 [info] > git for-each-ref --format=%(refname)%00%(upstream:short)%00%(objectname)%00%(upstream:track)%00%(upstream:remotename)%00%(upstream:remoteref) refs/heads/main refs/remotes/main [8ms]
2025-06-06 01:11:32.658 [warning] [Git][revParse] Unable to read file: ENOENT: no such file or directory, open '/home/hwlee4/ICS45C/HW9/.git/refs/remotes/origin/main'
2025-06-06 01:11:32.661 [info] > git rev-parse refs/remotes/origin/main [4ms]
2025-06-06 01:11:32.673 [info] > git for-each-ref --sort -committerdate --format %(refname) %(objectname) %(*objectname) [7ms]
2025-06-06 01:11:32.684 [info] > git status -z -uall [20ms]
2025-06-06 01:11:37.693 [info] > git config --get commit.template [3ms]
2025-06-06 01:11:37.700 [info] > git for-each-ref --format=%(refname)%00%(upstream:short)%00%(objectname)%00%(upstream:track)%00%(upstream:remotename)%00%(upstream:remoteref) refs/heads/main refs/remotes/main [8ms]
2025-06-06 01:11:37.702 [warning] [Git][revParse] Unable to read file: ENOENT: no such file or directory, open '/home/hwlee4/ICS45C/HW9/.git/refs/remotes/origin/main'
2025-06-06 01:11:37.705 [info] > git rev-parse refs/remotes/origin/main [3ms]
2025-06-06 01:11:37.717 [info] > git for-each-ref --sort -committerdate --format %(refname) %(objectname) %(*objectname) [6ms]
2025-06-06 01:11:37.727 [info] > git status -z -uall [20ms]
2025-06-06 01:13:34.602 [info] > git config --get commit.template [4ms]
2025-06-06 01:13:34.609 [info] > git for-each-ref --format=%(refname)%00%(upstream:short)%00%(objectname)%00%(upstream:track)%00%(upstream:remotename)%00%(upstream:remoteref) refs/heads/main refs/remotes/main [8ms]
2025-06-06 01:13:34.613 [warning] [Git][revParse] Unable to read file: ENOENT: no such file or directory, open '/home/hwlee4/ICS45C/HW9/.git/refs/remotes/origin/main'
2025-06-06 01:13:34.617 [info] > git rev-parse refs/remotes/origin/main [4ms]
2025-06-06 01:13:34.631 [info] > git for-each-ref --sort -committerdate --format %(refname) %(objectname) %(*objectname) [7ms]
2025-06-06 01:13:34.644 [info] > git status -z -uall [23ms]
2025-06-06 01:32:23.463 [info] > git config --get commit.template [3ms]
2025-06-06 01:32:23.471 [info] > git for-each-ref --format=%(refname)%00%(upstream:short)%00%(objectname)%00%(upstream:track)%00%(upstream:remotename)%00%(upstream:remoteref) refs/heads/main refs/remotes/main [9ms]
2025-06-06 01:32:23.473 [warning] [Git][revParse] Unable to read file: ENOENT: no such file or directory, open '/home/hwlee4/ICS45C/HW9/.git/refs/remotes/origin/main'
2025-06-06 01:32:23.477 [info] > git rev-parse refs/remotes/origin/main [3ms]
2025-06-06 01:32:23.488 [info] > git for-each-ref --sort -committerdate --format %(refname) %(objectname) %(*objectname) [7ms]
2025-06-06 01:32:23.502 [info] > git status -z -uall [23ms]
2025-06-06 01:34:14.574 [info] > git ls-files --stage -- /home/hwlee4/ICS45C/HW9/src/mapset_main.cpp [4ms]
2025-06-06 01:34:14.577 [info] > git show --textconv :src/mapset_main.cpp [9ms]
2025-06-06 01:34:14.582 [info] > git cat-file -s e69de29bb2d1d6434b8b29ae775ad8c2e48c5391 [6ms]
2025-06-06 01:34:17.601 [info] > git show --textconv :src/set_list.hpp [5ms]
2025-06-06 01:34:17.603 [info] > git ls-files --stage -- /home/hwlee4/ICS45C/HW9/src/set_list.hpp [5ms]
2025-06-06 01:34:17.610 [info] > git cat-file -s e69de29bb2d1d6434b8b29ae775ad8c2e48c5391 [5ms]
2025-06-06 01:34:40.854 [info] > git config --get commit.template [4ms]
2025-06-06 01:34:40.860 [info] > git for-each-ref --format=%(refname)%00%(upstream:short)%00%(objectname)%00%(upstream:track)%00%(upstream:remotename)%00%(upstream:remoteref) refs/heads/main refs/remotes/main [7ms]
2025-06-06 01:34:40.863 [warning] [Git][revParse] Unable to read file: ENOENT: no such file or directory, open '/home/hwlee4/ICS45C/HW9/.git/refs/remotes/origin/main'
2025-06-06 01:34:40.867 [info] > git rev-parse refs/remotes/origin/main [4ms]
2025-06-06 01:34:40.878 [info] > git for-each-ref --sort -committerdate --format %(refname) %(objectname) %(*objectname) [7ms]
2025-06-06 01:34:40.892 [info] > git status -z -uall [23ms]
2025-06-06 01:34:45.901 [info] > git config --get commit.template [2ms]
2025-06-06 01:34:45.907 [info] > git for-each-ref --format=%(refname)%00%(upstream:short)%00%(objectname)%00%(upstream:track)%00%(upstream:remotename)%00%(upstream:remoteref) refs/heads/main refs/remotes/main [7ms]
2025-06-06 01:34:45.910 [warning] [Git][revParse] Unable to read file: ENOENT: no such file or directory, open '/home/hwlee4/ICS45C/HW9/.git/refs/remotes/origin/main'
2025-06-06 01:34:45.913 [info] > git rev-parse refs/remotes/origin/main [4ms]
2025-06-06 01:34:45.924 [info] > git for-each-ref --sort -committerdate --format %(refname) %(objectname) %(*objectname) [6ms]
2025-06-06 01:34:45.935 [info] > git status -z -uall [20ms]
2025-06-06 01:34:50.944 [info] > git config --get commit.template [4ms]
2025-06-06 01:34:50.950 [info] > git for-each-ref --format=%(refname)%00%(upstream:short)%00%(objectname)%00%(upstream:track)%00%(upstream:remotename)%00%(upstream:remoteref) refs/heads/main refs/remotes/main [7ms]
2025-06-06 01:34:50.952 [warning] [Git][revParse] Unable to read file: ENOENT: no such file or directory, open '/home/hwlee4/ICS45C/HW9/.git/refs/remotes/origin/main'
2025-06-06 01:34:50.956 [info] > git rev-parse refs/remotes/origin/main [4ms]
2025-06-06 01:34:50.967 [info] > git for-each-ref --sort -committerdate --format %(refname) %(objectname) %(*objectname) [7ms]
2025-06-06 01:34:50.977 [info] > git status -z -uall [19ms]
2025-06-06 01:34:55.991 [info] > git config --get commit.template [4ms]
2025-06-06 01:34:55.997 [info] > git for-each-ref --format=%(refname)%00%(upstream:short)%00%(objectname)%00%(upstream:track)%00%(upstream:remotename)%00%(upstream:remoteref) refs/heads/main refs/remotes/main [7ms]
2025-06-06 01:34:56.000 [warning] [Git][revParse] Unable to read file: ENOENT: no such file or directory, open '/home/hwlee4/ICS45C/HW9/.git/refs/remotes/origin/main'
2025-06-06 01:34:56.004 [info] > git rev-parse refs/remotes/origin/main [4ms]
2025-06-06 01:34:56.016 [info] > git for-each-ref --sort -committerdate --format %(refname) %(objectname) %(*objectname) [7ms]
2025-06-06 01:34:56.026 [info] > git status -z -uall [20ms]
2025-06-06 01:35:01.035 [info] > git config --get commit.template [2ms]
2025-06-06 01:35:01.042 [info] > git for-each-ref --format=%(refname)%00%(upstream:short)%00%(objectname)%00%(upstream:track)%00%(upstream:remotename)%00%(upstream:remoteref) refs/heads/main refs/remotes/main [8ms]
2025-06-06 01:35:01.044 [warning] [Git][revParse] Unable to read file: ENOENT: no such file or directory, open '/home/hwlee4/ICS45C/HW9/.git/refs/remotes/origin/main'
2025-06-06 01:35:01.047 [info] > git rev-parse refs/remotes/origin/main [3ms]
2025-06-06 01:35:01.059 [info] > git for-each-ref --sort -committerdate --format %(refname) %(objectname) %(*objectname) [7ms]
2025-06-06 01:35:01.069 [info] > git status -z -uall [20ms]
2025-06-06 01:35:06.080 [info] > git config --get commit.template [4ms]
2025-06-06 01:35:06.086 [info] > git for-each-ref --format=%(refname)%00%(upstream:short)%00%(objectname)%00%(upstream:track)%00%(upstream:remotename)%00%(upstream:remoteref) refs/heads/main refs/remotes/main [7ms]
2025-06-06 01:35:06.088 [warning] [Git][revParse] Unable to read file: ENOENT: no such file or directory, open '/home/hwlee4/ICS45C/HW9/.git/refs/remotes/origin/main'
2025-06-06 01:35:06.092 [info] > git rev-parse refs/remotes/origin/main [4ms]
2025-06-06 01:35:06.104 [info] > git for-each-ref --sort -committerdate --format %(refname) %(objectname) %(*objectname) [7ms]
2025-06-06 01:35:06.113 [info] > git status -z -uall [18ms]
2025-06-06 01:35:11.123 [info] > git config --get commit.template [4ms]
2025-06-06 01:35:11.130 [info] > git for-each-ref --format=%(refname)%00%(upstream:short)%00%(objectname)%00%(upstream:track)%00%(upstream:remotename)%00%(upstream:remoteref) refs/heads/main refs/remotes/main [7ms]
2025-06-06 01:35:11.132 [warning] [Git][revParse] Unable to read file: ENOENT: no such file or directory, open '/home/hwlee4/ICS45C/HW9/.git/refs/remotes/origin/main'
2025-06-06 01:35:11.136 [info] > git rev-parse refs/remotes/origin/main [4ms]
2025-06-06 01:35:11.147 [info] > git for-each-ref --sort -committerdate --format %(refname) %(objectname) %(*objectname) [6ms]
2025-06-06 01:35:11.157 [info] > git status -z -uall [19ms]
2025-06-06 01:35:16.165 [info] > git config --get commit.template [3ms]
2025-06-06 01:35:16.172 [info] > git for-each-ref --format=%(refname)%00%(upstream:short)%00%(objectname)%00%(upstream:track)%00%(upstream:remotename)%00%(upstream:remoteref) refs/heads/main refs/remotes/main [8ms]
2025-06-06 01:35:16.174 [warning] [Git][revParse] Unable to read file: ENOENT: no such file or directory, open '/home/hwlee4/ICS45C/HW9/.git/refs/remotes/origin/main'
2025-06-06 01:35:16.178 [info] > git rev-parse refs/remotes/origin/main [4ms]
2025-06-06 01:35:16.189 [info] > git for-each-ref --sort -committerdate --format %(refname) %(objectname) %(*objectname) [7ms]
2025-06-06 01:35:16.199 [info] > git status -z -uall [19ms]
2025-06-06 01:35:19.571 [info] > git show --textconv :src/mapset_main.cpp [5ms]
2025-06-06 01:35:19.571 [info] > git ls-files --stage -- /home/hwlee4/ICS45C/HW9/src/mapset_main.cpp [3ms]
2025-06-06 01:35:19.579 [info] > git cat-file -s e69de29bb2d1d6434b8b29ae775ad8c2e48c5391 [6ms]
2025-06-06 01:35:21.209 [info] > git config --get commit.template [3ms]
2025-06-06 01:35:21.215 [info] > git for-each-ref --format=%(refname)%00%(upstream:short)%00%(objectname)%00%(upstream:track)%00%(upstream:remotename)%00%(upstream:remoteref) refs/heads/main refs/remotes/main [7ms]
2025-06-06 01:35:21.218 [warning] [Git][revParse] Unable to read file: ENOENT: no such file or directory, open '/home/hwlee4/ICS45C/HW9/.git/refs/remotes/origin/main'
2025-06-06 01:35:21.221 [info] > git rev-parse refs/remotes/origin/main [4ms]
2025-06-06 01:35:21.233 [info] > git for-each-ref --sort -committerdate --format %(refname) %(objectname) %(*objectname) [6ms]
2025-06-06 01:35:21.242 [info] > git status -z -uall [18ms]
2025-06-06 01:35:22.404 [info] > git show --textconv :src/set_list.hpp [6ms]
2025-06-06 01:35:22.404 [info] > git ls-files --stage -- /home/hwlee4/ICS45C/HW9/src/set_list.hpp [4ms]
2025-06-06 01:35:22.412 [info] > git cat-file -s e69de29bb2d1d6434b8b29ae775ad8c2e48c5391 [5ms]
2025-06-06 01:35:37.707 [info] > git config --get commit.template [3ms]
2025-06-06 01:35:37.714 [info] > git for-each-ref --format=%(refname)%00%(upstream:short)%00%(objectname)%00%(upstream:track)%00%(upstream:remotename)%00%(upstream:remoteref) refs/heads/main refs/remotes/main [7ms]
2025-06-06 01:35:37.717 [warning] [Git][revParse] Unable to read file: ENOENT: no such file or directory, open '/home/hwlee4/ICS45C/HW9/.git/refs/remotes/origin/main'
2025-06-06 01:35:37.721 [info] > git rev-parse refs/remotes/origin/main [4ms]
2025-06-06 01:35:37.735 [info] > git for-each-ref --sort -committerdate --format %(refname) %(objectname) %(*objectname) [7ms]
2025-06-06 01:35:37.744 [info] > git status -z -uall [19ms]
2025-06-06 01:36:19.419 [info] > git config --get commit.template [3ms]
2025-06-06 01:36:19.426 [info] > git for-each-ref --format=%(refname)%00%(upstream:short)%00%(objectname)%00%(upstream:track)%00%(upstream:remotename)%00%(upstream:remoteref) refs/heads/main refs/remotes/main [8ms]
2025-06-06 01:36:19.428 [warning] [Git][revParse] Unable to read file: ENOENT: no such file or directory, open '/home/hwlee4/ICS45C/HW9/.git/refs/remotes/origin/main'
2025-06-06 01:36:19.432 [info] > git rev-parse refs/remotes/origin/main [4ms]
2025-06-06 01:36:19.443 [info] > git for-each-ref --sort -committerdate --format %(refname) %(objectname) %(*objectname) [7ms]
2025-06-06 01:36:19.453 [info] > git status -z -uall [19ms]
2025-06-06 01:36:25.185 [info] > git config --get commit.template [3ms]
2025-06-06 01:36:25.192 [info] > git for-each-ref --format=%(refname)%00%(upstream:short)%00%(objectname)%00%(upstream:track)%00%(upstream:remotename)%00%(upstream:remoteref) refs/heads/main refs/remotes/main [8ms]
2025-06-06 01:36:25.194 [warning] [Git][revParse] Unable to read file: ENOENT: no such file or directory, open '/home/hwlee4/ICS45C/HW9/.git/refs/remotes/origin/main'
2025-06-06 01:36:25.198 [info] > git rev-parse refs/remotes/origin/main [4ms]
2025-06-06 01:36:25.209 [info] > git for-each-ref --sort -committerdate --format %(refname) %(objectname) %(*objectname) [7ms]
2025-06-06 01:36:25.220 [info] > git status -z -uall [20ms]
2025-06-06 01:36:30.229 [info] > git config --get commit.template [4ms]
2025-06-06 01:36:30.236 [info] > git for-each-ref --format=%(refname)%00%(upstream:short)%00%(objectname)%00%(upstream:track)%00%(upstream:remotename)%00%(upstream:remoteref) refs/heads/main refs/remotes/main [8ms]
2025-06-06 01:36:30.238 [warning] [Git][revParse] Unable to read file: ENOENT: no such file or directory, open '/home/hwlee4/ICS45C/HW9/.git/refs/remotes/origin/main'
2025-06-06 01:36:30.242 [info] > git rev-parse refs/remotes/origin/main [4ms]
2025-06-06 01:36:30.253 [info] > git for-each-ref --sort -committerdate --format %(refname) %(objectname) %(*objectname) [7ms]
2025-06-06 01:36:30.264 [info] > git status -z -uall [20ms]
2025-06-06 01:36:35.540 [info] > git show --textconv :src/mapset_main.cpp [5ms]
2025-06-06 01:36:35.541 [info] > git ls-files --stage -- /home/hwlee4/ICS45C/HW9/src/mapset_main.cpp [3ms]
2025-06-06 01:36:35.548 [info] > git cat-file -s e69de29bb2d1d6434b8b29ae775ad8c2e48c5391 [5ms]
2025-06-06 01:38:30.965 [info] > git ls-files --stage -- /home/hwlee4/ICS45C/HW9/src/map_array.hpp [4ms]
2025-06-06 01:38:30.968 [info] > git show --textconv :src/map_array.hpp [10ms]
2025-06-06 01:38:30.973 [info] > git cat-file -s e69de29bb2d1d6434b8b29ae775ad8c2e48c5391 [5ms]
2025-06-06 01:38:36.890 [info] > git config --get commit.template [3ms]
2025-06-06 01:38:36.897 [info] > git for-each-ref --format=%(refname)%00%(upstream:short)%00%(objectname)%00%(upstream:track)%00%(upstream:remotename)%00%(upstream:remoteref) refs/heads/main refs/remotes/main [7ms]
2025-06-06 01:38:36.900 [warning] [Git][revParse] Unable to read file: ENOENT: no such file or directory, open '/home/hwlee4/ICS45C/HW9/.git/refs/remotes/origin/main'
2025-06-06 01:38:36.903 [info] > git rev-parse refs/remotes/origin/main [3ms]
2025-06-06 01:38:36.915 [info] > git for-each-ref --sort -committerdate --format %(refname) %(objectname) %(*objectname) [7ms]
2025-06-06 01:38:36.930 [info] > git status -z -uall [25ms]
2025-06-06 01:38:41.938 [info] > git config --get commit.template [3ms]
2025-06-06 01:38:41.945 [info] > git for-each-ref --format=%(refname)%00%(upstream:short)%00%(objectname)%00%(upstream:track)%00%(upstream:remotename)%00%(upstream:remoteref) refs/heads/main refs/remotes/main [8ms]
2025-06-06 01:38:41.947 [warning] [Git][revParse] Unable to read file: ENOENT: no such file or directory, open '/home/hwlee4/ICS45C/HW9/.git/refs/remotes/origin/main'
2025-06-06 01:38:41.950 [info] > git rev-parse refs/remotes/origin/main [3ms]
2025-06-06 01:38:41.961 [info] > git for-each-ref --sort -committerdate --format %(refname) %(objectname) %(*objectname) [6ms]
2025-06-06 01:38:41.973 [info] > git status -z -uall [20ms]
2025-06-06 01:38:46.981 [info] > git config --get commit.template [3ms]
2025-06-06 01:38:46.988 [info] > git for-each-ref --format=%(refname)%00%(upstream:short)%00%(objectname)%00%(upstream:track)%00%(upstream:remotename)%00%(upstream:remoteref) refs/heads/main refs/remotes/main [7ms]
2025-06-06 01:38:46.991 [warning] [Git][revParse] Unable to read file: ENOENT: no such file or directory, open '/home/hwlee4/ICS45C/HW9/.git/refs/remotes/origin/main'
2025-06-06 01:38:46.995 [info] > git rev-parse refs/remotes/origin/main [4ms]
2025-06-06 01:38:47.007 [info] > git for-each-ref --sort -committerdate --format %(refname) %(objectname) %(*objectname) [7ms]
2025-06-06 01:38:47.017 [info] > git status -z -uall [20ms]
2025-06-06 01:39:16.647 [info] > git show --textconv :src/mapset_main.cpp [6ms]
2025-06-06 01:39:16.649 [info] > git ls-files --stage -- /home/hwlee4/ICS45C/HW9/src/mapset_main.cpp [4ms]
2025-06-06 01:39:16.657 [info] > git cat-file -s e69de29bb2d1d6434b8b29ae775ad8c2e48c5391 [6ms]
2025-06-06 01:39:20.740 [info] > git config --get commit.template [3ms]
2025-06-06 01:39:20.746 [info] > git for-each-ref --format=%(refname)%00%(upstream:short)%00%(objectname)%00%(upstream:track)%00%(upstream:remotename)%00%(upstream:remoteref) refs/heads/main refs/remotes/main [7ms]
2025-06-06 01:39:20.748 [warning] [Git][revParse] Unable to read file: ENOENT: no such file or directory, open '/home/hwlee4/ICS45C/HW9/.git/refs/remotes/origin/main'
2025-06-06 01:39:20.752 [info] > git rev-parse refs/remotes/origin/main [4ms]
2025-06-06 01:39:20.763 [info] > git for-each-ref --sort -committerdate --format %(refname) %(objectname) %(*objectname) [7ms]
2025-06-06 01:39:20.772 [info] > git status -z -uall [18ms]
2025-06-06 01:39:25.782 [info] > git config --get commit.template [3ms]
2025-06-06 01:39:25.788 [info] > git for-each-ref --format=%(refname)%00%(upstream:short)%00%(objectname)%00%(upstream:track)%00%(upstream:remotename)%00%(upstream:remoteref) refs/heads/main refs/remotes/main [7ms]
2025-06-06 01:39:25.791 [warning] [Git][revParse] Unable to read file: ENOENT: no such file or directory, open '/home/hwlee4/ICS45C/HW9/.git/refs/remotes/origin/main'
2025-06-06 01:39:25.795 [info] > git rev-parse refs/remotes/origin/main [3ms]
2025-06-06 01:39:25.806 [info] > git for-each-ref --sort -committerdate --format %(refname) %(objectname) %(*objectname) [6ms]
2025-06-06 01:39:25.816 [info] > git status -z -uall [19ms]
2025-06-06 01:39:32.513 [info] > git rev-parse --show-toplevel [5ms]
2025-06-06 01:39:32.521 [info] > git rev-parse --path-format=relative --show-toplevel [6ms]
2025-06-06 01:39:32.531 [info] > git rev-parse --show-toplevel [7ms]
2025-06-06 01:39:32.534 [info] > git log --format=%H%n%aN%n%aE%n%at%n%ct%n%P%n%D%n%B -z --shortstat --diff-merges=first-parent -n50 --skip=0 --topo-order --decorate=full --stdin [72ms]
2025-06-06 01:39:32.536 [info] > git rev-parse --path-format=relative --show-toplevel [3ms]
2025-06-06 01:39:32.542 [info] > git rev-parse --show-toplevel [3ms]
2025-06-06 01:39:32.547 [info] > git rev-parse --path-format=relative --show-toplevel [3ms]
2025-06-06 01:39:32.553 [info] > git rev-parse --show-toplevel [4ms]
2025-06-06 01:39:32.558 [info] > git rev-parse --path-format=relative --show-toplevel [3ms]
2025-06-06 01:39:32.563 [info] > git rev-parse --show-toplevel [3ms]
2025-06-06 01:39:32.568 [info] > git rev-parse --path-format=relative --show-toplevel [3ms]
2025-06-06 01:39:32.573 [info] > git rev-parse --show-toplevel [3ms]
2025-06-06 01:39:32.578 [info] > git rev-parse --path-format=relative --show-toplevel [3ms]
2025-06-06 01:39:34.258 [info] > git log --format=%H%n%aN%n%aE%n%at%n%ct%n%P%n%D%n%B -z --shortstat --diff-merges=first-parent -n50 --skip=0 --topo-order --decorate=full --stdin [15ms]
2025-06-06 01:39:52.107 [info] > git add -A -- . [41ms]
2025-06-06 01:39:52.168 [info] > git -c user.useConfigOnly=true commit --quiet --allow-empty-message --file - [58ms]
2025-06-06 01:39:52.174 [info] > git config --get commit.template [3ms]
2025-06-06 01:39:52.180 [info] > git config --get commit.template [3ms]
2025-06-06 01:39:52.191 [info] > git for-each-ref --format=%(refname)%00%(upstream:short)%00%(objectname)%00%(upstream:track)%00%(upstream:remotename)%00%(upstream:remoteref) refs/heads/main refs/remotes/main [12ms]
2025-06-06 01:39:52.193 [warning] [Git][revParse] Unable to read file: ENOENT: no such file or directory, open '/home/hwlee4/ICS45C/HW9/.git/refs/remotes/origin/main'
2025-06-06 01:39:52.196 [info] > git rev-parse refs/remotes/origin/main [3ms]
2025-06-06 01:39:52.210 [info] > git status -z -uall [11ms]
2025-06-06 01:39:52.211 [info] > git for-each-ref --sort -committerdate --format %(refname) %(objectname) %(*objectname) [10ms]
2025-06-06 01:39:52.227 [info] > git merge-base refs/heads/main refs/remotes/origin/main [7ms]
2025-06-06 01:39:52.236 [info] > git diff --name-status -z --diff-filter=ADMR c226fdddbd07ff49fc835d189e9a3cb6846ece8f...refs/remotes/origin/main [6ms]
2025-06-06 01:39:52.789 [info] > git log --format=%H%n%aN%n%aE%n%at%n%ct%n%P%n%D%n%B -z --shortstat --diff-merges=first-parent -n50 --skip=0 --topo-order --decorate=full --stdin [23ms]
2025-06-06 01:39:53.080 [info] > git config --get commit.template [4ms]
2025-06-06 01:39:53.087 [info] > git for-each-ref --format=%(refname)%00%(upstream:short)%00%(objectname)%00%(upstream:track)%00%(upstream:remotename)%00%(upstream:remoteref) refs/heads/main refs/remotes/main [7ms]
2025-06-06 01:39:53.090 [warning] [Git][revParse] Unable to read file: ENOENT: no such file or directory, open '/home/hwlee4/ICS45C/HW9/.git/refs/remotes/origin/main'
2025-06-06 01:39:53.094 [info] > git rev-parse refs/remotes/origin/main [3ms]
2025-06-06 01:39:53.105 [info] > git status -z -uall [9ms]
2025-06-06 01:39:53.106 [info] > git for-each-ref --sort -committerdate --format %(refname) %(objectname) %(*objectname) [8ms]
2025-06-06 01:39:53.728 [info] > git ls-files --stage -- /home/hwlee4/ICS45C/HW9/src/mapset_main.cpp [4ms]
2025-06-06 01:39:53.737 [info] > git cat-file -s 61aef8da85750f862a54ce15d721bdaa2c523c9f [7ms]
2025-06-06 01:39:53.794 [info] > git show --textconv :src/mapset_main.cpp [7ms]
2025-06-06 01:39:54.681 [info] > git log --oneline --cherry main...main@{upstream} -- [8ms]
2025-06-06 01:39:55.868 [info] > git pull --tags origin main [1185ms]
2025-06-06 01:39:55.868 [info] From github.com:klefstad-teaching/ics-45c-hw9-hwlee4
 * branch            main       -> FETCH_HEAD
2025-06-06 01:39:57.027 [info] > git push origin main:main [1156ms]
2025-06-06 01:39:57.027 [info] To github.com:klefstad-teaching/ics-45c-hw9-hwlee4.git
   c226fdd..40a5f16  main -> main
2025-06-06 01:39:57.034 [info] > git config --get commit.template [4ms]
2025-06-06 01:39:57.041 [info] > git for-each-ref --format=%(refname)%00%(upstream:short)%00%(objectname)%00%(upstream:track)%00%(upstream:remotename)%00%(upstream:remoteref) refs/heads/main refs/remotes/main [9ms]
2025-06-06 01:39:57.054 [info] > git status -z -uall [10ms]
2025-06-06 01:39:57.056 [info] > git for-each-ref --sort -committerdate --format %(refname) %(objectname) %(*objectname) [8ms]
2025-06-06 01:39:57.069 [info] > git merge-base refs/heads/main refs/remotes/origin/main [6ms]
2025-06-06 01:39:57.078 [info] > git diff --name-status -z --diff-filter=ADMR 40a5f1677dab6b58317d810fff4582889c22db36...refs/remotes/origin/main [7ms]
2025-06-06 01:40:01.498 [info] > git log --format=%H%n%aN%n%aE%n%at%n%ct%n%P%n%D%n%B -z --shortstat --diff-merges=first-parent -n50 --skip=0 --topo-order --decorate=full --stdin [20ms]
2025-06-06 01:40:01.855 [info] > git ls-files --stage -- /home/hwlee4/ICS45C/HW9/src/mapset_main.cpp [3ms]
2025-06-06 01:40:01.862 [info] > git cat-file -s 61aef8da85750f862a54ce15d721bdaa2c523c9f [5ms]
2025-06-06 01:40:01.871 [info] > git config --get commit.template [3ms]
2025-06-06 01:40:01.878 [info] > git for-each-ref --format=%(refname)%00%(upstream:short)%00%(objectname)%00%(upstream:track)%00%(upstream:remotename)%00%(upstream:remoteref) refs/heads/main refs/remotes/main [8ms]
2025-06-06 01:40:01.890 [info] > git status -z -uall [9ms]
2025-06-06 01:40:01.891 [info] > git for-each-ref --sort -committerdate --format %(refname) %(objectname) %(*objectname) [8ms]
2025-06-06 01:40:01.977 [info] > git show --textconv :src/mapset_main.cpp [6ms]
2025-06-06 01:40:02.171 [info] > git ls-files --stage -- /home/hwlee4/ICS45C/HW9/src/mapset_main.cpp [4ms]
2025-06-06 01:40:02.179 [info] > git cat-file -s 61aef8da85750f862a54ce15d721bdaa2c523c9f [6ms]
2025-06-06 01:40:02.526 [info] > git show --textconv :src/mapset_main.cpp [7ms]
2025-06-06 01:46:19.668 [info] > git log --format=%H%n%aN%n%aE%n%at%n%ct%n%P%n%D%n%B -z --shortstat --diff-merges=first-parent -n50 --skip=0 --topo-order --decorate=full --stdin [24ms]
2025-06-06 01:46:20.446 [info] > git show --textconv :src/set_list.hpp [7ms]
2025-06-06 01:46:20.446 [info] > git ls-files --stage -- /home/hwlee4/ICS45C/HW9/src/set_list.hpp [4ms]
2025-06-06 01:46:20.457 [info] > git cat-file -s a472d4484ca1352553cff1dd2c09e1c7bfa25aca [7ms]
2025-06-06 01:48:53.881 [info] > git config --get commit.template [3ms]
2025-06-06 01:48:53.890 [info] > git for-each-ref --format=%(refname)%00%(upstream:short)%00%(objectname)%00%(upstream:track)%00%(upstream:remotename)%00%(upstream:remoteref) refs/heads/main refs/remotes/main [10ms]
2025-06-06 01:48:53.905 [info] > git for-each-ref --sort -committerdate --format %(refname) %(objectname) %(*objectname) [9ms]
2025-06-06 01:48:53.907 [info] > git status -z -uall [14ms]
2025-06-06 01:48:58.919 [info] > git config --get commit.template [2ms]
2025-06-06 01:48:58.926 [info] > git for-each-ref --format=%(refname)%00%(upstream:short)%00%(objectname)%00%(upstream:track)%00%(upstream:remotename)%00%(upstream:remoteref) refs/heads/main refs/remotes/main [8ms]
2025-06-06 01:48:58.938 [info] > git status -z -uall [10ms]
2025-06-06 01:48:58.939 [info] > git for-each-ref --sort -committerdate --format %(refname) %(objectname) %(*objectname) [8ms]
2025-06-06 01:49:03.948 [info] > git config --get commit.template [3ms]
2025-06-06 01:49:03.955 [info] > git for-each-ref --format=%(refname)%00%(upstream:short)%00%(objectname)%00%(upstream:track)%00%(upstream:remotename)%00%(upstream:remoteref) refs/heads/main refs/remotes/main [8ms]
2025-06-06 01:49:03.970 [info] > git status -z -uall [10ms]
2025-06-06 01:49:03.972 [info] > git for-each-ref --sort -committerdate --format %(refname) %(objectname) %(*objectname) [8ms]
2025-06-06 01:49:08.983 [info] > git config --get commit.template [4ms]
2025-06-06 01:49:08.990 [info] > git for-each-ref --format=%(refname)%00%(upstream:short)%00%(objectname)%00%(upstream:track)%00%(upstream:remotename)%00%(upstream:remoteref) refs/heads/main refs/remotes/main [8ms]
2025-06-06 01:49:09.004 [info] > git status -z -uall [9ms]
2025-06-06 01:49:09.007 [info] > git for-each-ref --sort -committerdate --format %(refname) %(objectname) %(*objectname) [8ms]
2025-06-06 01:49:14.017 [info] > git config --get commit.template [4ms]
2025-06-06 01:49:14.025 [info] > git for-each-ref --format=%(refname)%00%(upstream:short)%00%(objectname)%00%(upstream:track)%00%(upstream:remotename)%00%(upstream:remoteref) refs/heads/main refs/remotes/main [8ms]
2025-06-06 01:49:14.039 [info] > git status -z -uall [10ms]
2025-06-06 01:49:14.041 [info] > git for-each-ref --sort -committerdate --format %(refname) %(objectname) %(*objectname) [8ms]
2025-06-06 01:49:19.051 [info] > git config --get commit.template [3ms]
2025-06-06 01:49:19.058 [info] > git for-each-ref --format=%(refname)%00%(upstream:short)%00%(objectname)%00%(upstream:track)%00%(upstream:remotename)%00%(upstream:remoteref) refs/heads/main refs/remotes/main [8ms]
2025-06-06 01:49:19.071 [info] > git status -z -uall [9ms]
2025-06-06 01:49:19.073 [info] > git for-each-ref --sort -committerdate --format %(refname) %(objectname) %(*objectname) [8ms]
2025-06-06 01:49:24.081 [info] > git config --get commit.template [3ms]
2025-06-06 01:49:24.089 [info] > git for-each-ref --format=%(refname)%00%(upstream:short)%00%(objectname)%00%(upstream:track)%00%(upstream:remotename)%00%(upstream:remoteref) refs/heads/main refs/remotes/main [9ms]
2025-06-06 01:49:24.103 [info] > git status -z -uall [10ms]
2025-06-06 01:49:24.105 [info] > git for-each-ref --sort -committerdate --format %(refname) %(objectname) %(*objectname) [9ms]
2025-06-06 01:56:58.962 [info] > git config --get commit.template [4ms]
2025-06-06 01:56:58.971 [info] > git for-each-ref --format=%(refname)%00%(upstream:short)%00%(objectname)%00%(upstream:track)%00%(upstream:remotename)%00%(upstream:remoteref) refs/heads/main refs/remotes/main [10ms]
2025-06-06 01:56:58.986 [info] > git for-each-ref --sort -committerdate --format %(refname) %(objectname) %(*objectname) [7ms]
2025-06-06 01:56:58.987 [info] > git status -z -uall [12ms]
2025-06-06 01:57:03.997 [info] > git config --get commit.template [4ms]
2025-06-06 01:57:04.005 [info] > git for-each-ref --format=%(refname)%00%(upstream:short)%00%(objectname)%00%(upstream:track)%00%(upstream:remotename)%00%(upstream:remoteref) refs/heads/main refs/remotes/main [8ms]
2025-06-06 01:57:04.017 [info] > git status -z -uall [9ms]
2025-06-06 01:57:04.018 [info] > git for-each-ref --sort -committerdate --format %(refname) %(objectname) %(*objectname) [8ms]
2025-06-06 01:57:09.622 [info] > git config --get commit.template [3ms]
2025-06-06 01:57:09.630 [info] > git for-each-ref --format=%(refname)%00%(upstream:short)%00%(objectname)%00%(upstream:track)%00%(upstream:remotename)%00%(upstream:remoteref) refs/heads/main refs/remotes/main [8ms]
2025-06-06 01:57:09.642 [info] > git status -z -uall [10ms]
2025-06-06 01:57:09.643 [info] > git for-each-ref --sort -committerdate --format %(refname) %(objectname) %(*objectname) [9ms]
2025-06-06 01:57:14.654 [info] > git config --get commit.template [4ms]
2025-06-06 01:57:14.661 [info] > git for-each-ref --format=%(refname)%00%(upstream:short)%00%(objectname)%00%(upstream:track)%00%(upstream:remotename)%00%(upstream:remoteref) refs/heads/main refs/remotes/main [8ms]
2025-06-06 01:57:14.674 [info] > git status -z -uall [9ms]
2025-06-06 01:57:14.676 [info] > git for-each-ref --sort -committerdate --format %(refname) %(objectname) %(*objectname) [9ms]
2025-06-06 01:57:19.684 [info] > git config --get commit.template [3ms]
2025-06-06 01:57:19.691 [info] > git for-each-ref --format=%(refname)%00%(upstream:short)%00%(objectname)%00%(upstream:track)%00%(upstream:remotename)%00%(upstream:remoteref) refs/heads/main refs/remotes/main [8ms]
2025-06-06 01:57:19.703 [info] > git status -z -uall [9ms]
2025-06-06 01:57:19.703 [info] > git for-each-ref --sort -committerdate --format %(refname) %(objectname) %(*objectname) [7ms]
2025-06-06 01:58:12.015 [info] > git config --get commit.template [3ms]
2025-06-06 01:58:12.024 [info] > git for-each-ref --format=%(refname)%00%(upstream:short)%00%(objectname)%00%(upstream:track)%00%(upstream:remotename)%00%(upstream:remoteref) refs/heads/main refs/remotes/main [9ms]
2025-06-06 01:58:12.038 [info] > git status -z -uall [11ms]
2025-06-06 01:58:12.038 [info] > git for-each-ref --sort -committerdate --format %(refname) %(objectname) %(*objectname) [8ms]
2025-06-06 01:58:17.353 [info] > git config --get commit.template [4ms]
2025-06-06 01:58:17.361 [info] > git for-each-ref --format=%(refname)%00%(upstream:short)%00%(objectname)%00%(upstream:track)%00%(upstream:remotename)%00%(upstream:remoteref) refs/heads/main refs/remotes/main [8ms]
2025-06-06 01:58:17.373 [info] > git status -z -uall [9ms]
2025-06-06 01:58:17.374 [info] > git for-each-ref --sort -committerdate --format %(refname) %(objectname) %(*objectname) [7ms]
2025-06-06 01:58:23.962 [info] > git config --get commit.template [4ms]
2025-06-06 01:58:23.969 [info] > git for-each-ref --format=%(refname)%00%(upstream:short)%00%(objectname)%00%(upstream:track)%00%(upstream:remotename)%00%(upstream:remoteref) refs/heads/main refs/remotes/main [8ms]
2025-06-06 01:58:23.983 [info] > git status -z -uall [11ms]
2025-06-06 01:58:23.983 [info] > git for-each-ref --sort -committerdate --format %(refname) %(objectname) %(*objectname) [7ms]
2025-06-06 01:58:28.993 [info] > git config --get commit.template [3ms]
2025-06-06 01:58:29.000 [info] > git for-each-ref --format=%(refname)%00%(upstream:short)%00%(objectname)%00%(upstream:track)%00%(upstream:remotename)%00%(upstream:remoteref) refs/heads/main refs/remotes/main [8ms]
2025-06-06 01:58:29.013 [info] > git status -z -uall [10ms]
2025-06-06 01:58:29.013 [info] > git for-each-ref --sort -committerdate --format %(refname) %(objectname) %(*objectname) [7ms]
2025-06-06 01:59:31.747 [info] > git config --get commit.template [4ms]
2025-06-06 01:59:31.756 [info] > git for-each-ref --format=%(refname)%00%(upstream:short)%00%(objectname)%00%(upstream:track)%00%(upstream:remotename)%00%(upstream:remoteref) refs/heads/main refs/remotes/main [10ms]
2025-06-06 01:59:31.772 [info] > git for-each-ref --sort -committerdate --format %(refname) %(objectname) %(*objectname) [8ms]
2025-06-06 01:59:31.774 [info] > git status -z -uall [14ms]
2025-06-06 07:13:56.823 [info] > git config --get commit.template [4ms]
2025-06-06 07:13:56.832 [info] > git for-each-ref --format=%(refname)%00%(upstream:short)%00%(objectname)%00%(upstream:track)%00%(upstream:remotename)%00%(upstream:remoteref) refs/heads/main refs/remotes/main [10ms]
2025-06-06 07:13:56.849 [info] > git status -z -uall [13ms]
2025-06-06 07:13:56.850 [info] > git for-each-ref --sort -committerdate --format %(refname) %(objectname) %(*objectname) [9ms]
2025-06-06 07:14:18.202 [info] > git config --get commit.template [4ms]
2025-06-06 07:14:18.208 [info] > git for-each-ref --format=%(refname)%00%(upstream:short)%00%(objectname)%00%(upstream:track)%00%(upstream:remotename)%00%(upstream:remoteref) refs/heads/main refs/remotes/main [7ms]
2025-06-06 07:14:18.222 [info] > git status -z -uall [10ms]
2025-06-06 07:14:18.222 [info] > git for-each-ref --sort -committerdate --format %(refname) %(objectname) %(*objectname) [8ms]
2025-06-06 07:14:32.384 [info] > git config --get commit.template [4ms]
2025-06-06 07:14:32.391 [info] > git for-each-ref --format=%(refname)%00%(upstream:short)%00%(objectname)%00%(upstream:track)%00%(upstream:remotename)%00%(upstream:remoteref) refs/heads/main refs/remotes/main [7ms]
2025-06-06 07:14:32.404 [info] > git status -z -uall [9ms]
2025-06-06 07:14:32.406 [info] > git for-each-ref --sort -committerdate --format %(refname) %(objectname) %(*objectname) [8ms]
2025-06-06 07:14:37.624 [info] > git config --get commit.template [4ms]
2025-06-06 07:14:37.631 [info] > git for-each-ref --format=%(refname)%00%(upstream:short)%00%(objectname)%00%(upstream:track)%00%(upstream:remotename)%00%(upstream:remoteref) refs/heads/main refs/remotes/main [8ms]
2025-06-06 07:14:37.644 [info] > git status -z -uall [9ms]
2025-06-06 07:14:37.646 [info] > git for-each-ref --sort -committerdate --format %(refname) %(objectname) %(*objectname) [8ms]
2025-06-06 07:14:42.657 [info] > git config --get commit.template [4ms]
2025-06-06 07:14:42.664 [info] > git for-each-ref --format=%(refname)%00%(upstream:short)%00%(objectname)%00%(upstream:track)%00%(upstream:remotename)%00%(upstream:remoteref) refs/heads/main refs/remotes/main [8ms]
2025-06-06 07:14:42.678 [info] > git status -z -uall [10ms]
2025-06-06 07:14:42.680 [info] > git for-each-ref --sort -committerdate --format %(refname) %(objectname) %(*objectname) [9ms]
2025-06-06 07:14:54.265 [info] > git config --get commit.template [2ms]
2025-06-06 07:14:54.272 [info] > git for-each-ref --format=%(refname)%00%(upstream:short)%00%(objectname)%00%(upstream:track)%00%(upstream:remotename)%00%(upstream:remoteref) refs/heads/main refs/remotes/main [8ms]
2025-06-06 07:14:54.285 [info] > git status -z -uall [9ms]
2025-06-06 07:14:54.287 [info] > git for-each-ref --sort -committerdate --format %(refname) %(objectname) %(*objectname) [8ms]
2025-06-06 07:15:20.617 [info] > git config --get commit.template [4ms]
2025-06-06 07:15:20.625 [info] > git for-each-ref --format=%(refname)%00%(upstream:short)%00%(objectname)%00%(upstream:track)%00%(upstream:remotename)%00%(upstream:remoteref) refs/heads/main refs/remotes/main [9ms]
2025-06-06 07:15:20.642 [info] > git status -z -uall [12ms]
2025-06-06 07:15:20.642 [info] > git for-each-ref --sort -committerdate --format %(refname) %(objectname) %(*objectname) [8ms]
2025-06-06 07:16:26.339 [info] > git ls-files --stage -- /home/hwlee4/ICS45C/HW9/src/map_array.hpp [3ms]
2025-06-06 07:16:26.343 [info] > git show --textconv :src/map_array.hpp [11ms]
2025-06-06 07:16:26.349 [info] > git cat-file -s cb0a6e4929ed83facf8d5a2d2199668dfff92ead [6ms]
2025-06-06 07:18:11.341 [info] > git config --get commit.template [3ms]
2025-06-06 07:18:11.350 [info] > git for-each-ref --format=%(refname)%00%(upstream:short)%00%(objectname)%00%(upstream:track)%00%(upstream:remotename)%00%(upstream:remoteref) refs/heads/main refs/remotes/main [10ms]
2025-06-06 07:18:11.366 [info] > git for-each-ref --sort -committerdate --format %(refname) %(objectname) %(*objectname) [9ms]
2025-06-06 07:18:11.368 [info] > git status -z -uall [14ms]
2025-06-06 07:18:16.376 [info] > git config --get commit.template [3ms]
2025-06-06 07:18:16.383 [info] > git for-each-ref --format=%(refname)%00%(upstream:short)%00%(objectname)%00%(upstream:track)%00%(upstream:remotename)%00%(upstream:remoteref) refs/heads/main refs/remotes/main [7ms]
2025-06-06 07:18:16.397 [info] > git status -z -uall [10ms]
2025-06-06 07:18:16.398 [info] > git for-each-ref --sort -committerdate --format %(refname) %(objectname) %(*objectname) [8ms]
2025-06-06 07:18:21.406 [info] > git config --get commit.template [3ms]
2025-06-06 07:18:21.414 [info] > git for-each-ref --format=%(refname)%00%(upstream:short)%00%(objectname)%00%(upstream:track)%00%(upstream:remotename)%00%(upstream:remoteref) refs/heads/main refs/remotes/main [8ms]
2025-06-06 07:18:21.427 [info] > git status -z -uall [10ms]
2025-06-06 07:18:21.429 [info] > git for-each-ref --sort -committerdate --format %(refname) %(objectname) %(*objectname) [8ms]
2025-06-06 07:18:26.439 [info] > git config --get commit.template [3ms]
2025-06-06 07:18:26.447 [info] > git for-each-ref --format=%(refname)%00%(upstream:short)%00%(objectname)%00%(upstream:track)%00%(upstream:remotename)%00%(upstream:remoteref) refs/heads/main refs/remotes/main [7ms]
2025-06-06 07:18:26.460 [info] > git status -z -uall [10ms]
2025-06-06 07:18:26.462 [info] > git for-each-ref --sort -committerdate --format %(refname) %(objectname) %(*objectname) [8ms]
2025-06-06 07:18:33.518 [info] > git config --get commit.template [3ms]
2025-06-06 07:18:33.526 [info] > git for-each-ref --format=%(refname)%00%(upstream:short)%00%(objectname)%00%(upstream:track)%00%(upstream:remotename)%00%(upstream:remoteref) refs/heads/main refs/remotes/main [8ms]
2025-06-06 07:18:33.540 [info] > git status -z -uall [10ms]
2025-06-06 07:18:33.541 [info] > git for-each-ref --sort -committerdate --format %(refname) %(objectname) %(*objectname) [8ms]
2025-06-06 07:18:38.550 [info] > git config --get commit.template [3ms]
2025-06-06 07:18:38.557 [info] > git for-each-ref --format=%(refname)%00%(upstream:short)%00%(objectname)%00%(upstream:track)%00%(upstream:remotename)%00%(upstream:remoteref) refs/heads/main refs/remotes/main [7ms]
2025-06-06 07:18:38.571 [info] > git status -z -uall [9ms]
2025-06-06 07:18:38.572 [info] > git for-each-ref --sort -committerdate --format %(refname) %(objectname) %(*objectname) [8ms]
2025-06-06 07:19:20.278 [info] > git config --get commit.template [4ms]
2025-06-06 07:19:20.286 [info] > git for-each-ref --format=%(refname)%00%(upstream:short)%00%(objectname)%00%(upstream:track)%00%(upstream:remotename)%00%(upstream:remoteref) refs/heads/main refs/remotes/main [9ms]
2025-06-06 07:19:20.302 [info] > git status -z -uall [12ms]
2025-06-06 07:19:20.302 [info] > git for-each-ref --sort -committerdate --format %(refname) %(objectname) %(*objectname) [8ms]
2025-06-06 07:19:47.185 [info] > git config --get commit.template [3ms]
2025-06-06 07:19:47.193 [info] > git for-each-ref --format=%(refname)%00%(upstream:short)%00%(objectname)%00%(upstream:track)%00%(upstream:remotename)%00%(upstream:remoteref) refs/heads/main refs/remotes/main [8ms]
2025-06-06 07:19:47.206 [info] > git status -z -uall [11ms]
2025-06-06 07:19:47.206 [info] > git for-each-ref --sort -committerdate --format %(refname) %(objectname) %(*objectname) [8ms]
2025-06-06 07:20:11.641 [info] > git config --get commit.template [3ms]
2025-06-06 07:20:11.648 [info] > git for-each-ref --format=%(refname)%00%(upstream:short)%00%(objectname)%00%(upstream:track)%00%(upstream:remotename)%00%(upstream:remoteref) refs/heads/main refs/remotes/main [8ms]
2025-06-06 07:20:11.661 [info] > git status -z -uall [10ms]
2025-06-06 07:20:11.663 [info] > git for-each-ref --sort -committerdate --format %(refname) %(objectname) %(*objectname) [8ms]
2025-06-06 07:20:51.812 [info] > git config --get commit.template [3ms]
2025-06-06 07:20:51.820 [info] > git for-each-ref --format=%(refname)%00%(upstream:short)%00%(objectname)%00%(upstream:track)%00%(upstream:remotename)%00%(upstream:remoteref) refs/heads/main refs/remotes/main [9ms]
2025-06-06 07:20:51.833 [info] > git for-each-ref --sort -committerdate --format %(refname) %(objectname) %(*objectname) [8ms]
2025-06-06 07:20:51.835 [info] > git status -z -uall [12ms]
2025-06-06 07:20:56.845 [info] > git config --get commit.template [4ms]
2025-06-06 07:20:56.852 [info] > git for-each-ref --format=%(refname)%00%(upstream:short)%00%(objectname)%00%(upstream:track)%00%(upstream:remotename)%00%(upstream:remoteref) refs/heads/main refs/remotes/main [7ms]
2025-06-06 07:20:56.865 [info] > git status -z -uall [10ms]
2025-06-06 07:20:56.865 [info] > git for-each-ref --sort -committerdate --format %(refname) %(objectname) %(*objectname) [7ms]
2025-06-06 07:21:01.874 [info] > git config --get commit.template [4ms]
2025-06-06 07:21:01.881 [info] > git for-each-ref --format=%(refname)%00%(upstream:short)%00%(objectname)%00%(upstream:track)%00%(upstream:remotename)%00%(upstream:remoteref) refs/heads/main refs/remotes/main [8ms]
2025-06-06 07:21:01.893 [info] > git status -z -uall [9ms]
2025-06-06 07:21:01.895 [info] > git for-each-ref --sort -committerdate --format %(refname) %(objectname) %(*objectname) [8ms]
2025-06-06 07:21:06.903 [info] > git config --get commit.template [3ms]
2025-06-06 07:21:06.911 [info] > git for-each-ref --format=%(refname)%00%(upstream:short)%00%(objectname)%00%(upstream:track)%00%(upstream:remotename)%00%(upstream:remoteref) refs/heads/main refs/remotes/main [8ms]
2025-06-06 07:21:06.924 [info] > git status -z -uall [10ms]
2025-06-06 07:21:06.924 [info] > git for-each-ref --sort -committerdate --format %(refname) %(objectname) %(*objectname) [7ms]
2025-06-06 07:21:11.934 [info] > git config --get commit.template [5ms]
2025-06-06 07:21:11.941 [info] > git for-each-ref --format=%(refname)%00%(upstream:short)%00%(objectname)%00%(upstream:track)%00%(upstream:remotename)%00%(upstream:remoteref) refs/heads/main refs/remotes/main [8ms]
2025-06-06 07:21:11.954 [info] > git status -z -uall [10ms]
2025-06-06 07:21:11.955 [info] > git for-each-ref --sort -committerdate --format %(refname) %(objectname) %(*objectname) [9ms]
2025-06-06 07:21:16.964 [info] > git config --get commit.template [3ms]
2025-06-06 07:21:16.971 [info] > git for-each-ref --format=%(refname)%00%(upstream:short)%00%(objectname)%00%(upstream:track)%00%(upstream:remotename)%00%(upstream:remoteref) refs/heads/main refs/remotes/main [7ms]
2025-06-06 07:21:16.984 [info] > git status -z -uall [10ms]
2025-06-06 07:21:16.984 [info] > git for-each-ref --sort -committerdate --format %(refname) %(objectname) %(*objectname) [7ms]
2025-06-06 07:21:21.993 [info] > git config --get commit.template [4ms]
2025-06-06 07:21:22.000 [info] > git for-each-ref --format=%(refname)%00%(upstream:short)%00%(objectname)%00%(upstream:track)%00%(upstream:remotename)%00%(upstream:remoteref) refs/heads/main refs/remotes/main [8ms]
2025-06-06 07:21:22.013 [info] > git status -z -uall [10ms]
2025-06-06 07:21:22.014 [info] > git for-each-ref --sort -committerdate --format %(refname) %(objectname) %(*objectname) [7ms]
2025-06-06 07:21:27.023 [info] > git config --get commit.template [4ms]
2025-06-06 07:21:27.030 [info] > git for-each-ref --format=%(refname)%00%(upstream:short)%00%(objectname)%00%(upstream:track)%00%(upstream:remotename)%00%(upstream:remoteref) refs/heads/main refs/remotes/main [7ms]
2025-06-06 07:21:27.043 [info] > git status -z -uall [9ms]
2025-06-06 07:21:27.043 [info] > git for-each-ref --sort -committerdate --format %(refname) %(objectname) %(*objectname) [7ms]
2025-06-06 07:21:32.054 [info] > git config --get commit.template [4ms]
2025-06-06 07:21:32.061 [info] > git for-each-ref --format=%(refname)%00%(upstream:short)%00%(objectname)%00%(upstream:track)%00%(upstream:remotename)%00%(upstream:remoteref) refs/heads/main refs/remotes/main [8ms]
2025-06-06 07:21:32.074 [info] > git status -z -uall [9ms]
2025-06-06 07:21:32.076 [info] > git for-each-ref --sort -committerdate --format %(refname) %(objectname) %(*objectname) [7ms]
2025-06-06 07:21:37.087 [info] > git config --get commit.template [5ms]
2025-06-06 07:21:37.096 [info] > git for-each-ref --format=%(refname)%00%(upstream:short)%00%(objectname)%00%(upstream:track)%00%(upstream:remotename)%00%(upstream:remoteref) refs/heads/main refs/remotes/main [10ms]
2025-06-06 07:21:37.115 [info] > git status -z -uall [15ms]
2025-06-06 07:21:37.115 [info] > git for-each-ref --sort -committerdate --format %(refname) %(objectname) %(*objectname) [11ms]
2025-06-06 07:22:01.695 [info] > git config --get commit.template [4ms]
2025-06-06 07:22:01.703 [info] > git for-each-ref --format=%(refname)%00%(upstream:short)%00%(objectname)%00%(upstream:track)%00%(upstream:remotename)%00%(upstream:remoteref) refs/heads/main refs/remotes/main [8ms]
2025-06-06 07:22:01.719 [info] > git status -z -uall [12ms]
2025-06-06 07:22:01.719 [info] > git for-each-ref --sort -committerdate --format %(refname) %(objectname) %(*objectname) [8ms]
2025-06-06 07:22:08.039 [info] > git config --get commit.template [4ms]
2025-06-06 07:22:08.046 [info] > git for-each-ref --format=%(refname)%00%(upstream:short)%00%(objectname)%00%(upstream:track)%00%(upstream:remotename)%00%(upstream:remoteref) refs/heads/main refs/remotes/main [8ms]
2025-06-06 07:22:08.060 [info] > git status -z -uall [10ms]
2025-06-06 07:22:08.061 [info] > git for-each-ref --sort -committerdate --format %(refname) %(objectname) %(*objectname) [8ms]
2025-06-06 07:22:13.071 [info] > git config --get commit.template [4ms]
2025-06-06 07:22:13.078 [info] > git for-each-ref --format=%(refname)%00%(upstream:short)%00%(objectname)%00%(upstream:track)%00%(upstream:remotename)%00%(upstream:remoteref) refs/heads/main refs/remotes/main [8ms]
2025-06-06 07:22:13.092 [info] > git status -z -uall [10ms]
2025-06-06 07:22:13.093 [info] > git for-each-ref --sort -committerdate --format %(refname) %(objectname) %(*objectname) [8ms]
2025-06-06 07:22:18.101 [info] > git config --get commit.template [4ms]
2025-06-06 07:22:18.108 [info] > git for-each-ref --format=%(refname)%00%(upstream:short)%00%(objectname)%00%(upstream:track)%00%(upstream:remotename)%00%(upstream:remoteref) refs/heads/main refs/remotes/main [7ms]
2025-06-06 07:22:18.121 [info] > git status -z -uall [9ms]
2025-06-06 07:22:18.123 [info] > git for-each-ref --sort -committerdate --format %(refname) %(objectname) %(*objectname) [8ms]
2025-06-06 07:22:23.132 [info] > git config --get commit.template [4ms]
2025-06-06 07:22:23.140 [info] > git for-each-ref --format=%(refname)%00%(upstream:short)%00%(objectname)%00%(upstream:track)%00%(upstream:remotename)%00%(upstream:remoteref) refs/heads/main refs/remotes/main [8ms]
2025-06-06 07:22:23.152 [info] > git status -z -uall [10ms]
2025-06-06 07:22:23.152 [info] > git for-each-ref --sort -committerdate --format %(refname) %(objectname) %(*objectname) [7ms]
2025-06-06 07:23:15.130 [info] > git config --get commit.template [4ms]
2025-06-06 07:23:15.138 [info] > git for-each-ref --format=%(refname)%00%(upstream:short)%00%(objectname)%00%(upstream:track)%00%(upstream:remotename)%00%(upstream:remoteref) refs/heads/main refs/remotes/main [9ms]
2025-06-06 07:23:15.153 [info] > git for-each-ref --sort -committerdate --format %(refname) %(objectname) %(*objectname) [7ms]
2025-06-06 07:23:15.153 [info] > git status -z -uall [12ms]
2025-06-06 07:23:46.894 [info] > git config --get commit.template [3ms]
2025-06-06 07:23:46.901 [info] > git for-each-ref --format=%(refname)%00%(upstream:short)%00%(objectname)%00%(upstream:track)%00%(upstream:remotename)%00%(upstream:remoteref) refs/heads/main refs/remotes/main [7ms]
2025-06-06 07:23:46.914 [info] > git status -z -uall [10ms]
2025-06-06 07:23:46.915 [info] > git for-each-ref --sort -committerdate --format %(refname) %(objectname) %(*objectname) [8ms]
2025-06-06 07:23:51.922 [info] > git config --get commit.template [2ms]
2025-06-06 07:23:51.930 [info] > git for-each-ref --format=%(refname)%00%(upstream:short)%00%(objectname)%00%(upstream:track)%00%(upstream:remotename)%00%(upstream:remoteref) refs/heads/main refs/remotes/main [8ms]
2025-06-06 07:23:51.942 [info] > git status -z -uall [9ms]
2025-06-06 07:23:51.943 [info] > git for-each-ref --sort -committerdate --format %(refname) %(objectname) %(*objectname) [7ms]
2025-06-06 07:23:56.950 [info] > git config --get commit.template [3ms]
2025-06-06 07:23:56.958 [info] > git for-each-ref --format=%(refname)%00%(upstream:short)%00%(objectname)%00%(upstream:track)%00%(upstream:remotename)%00%(upstream:remoteref) refs/heads/main refs/remotes/main [8ms]
2025-06-06 07:23:56.971 [info] > git status -z -uall [10ms]
2025-06-06 07:23:56.971 [info] > git for-each-ref --sort -committerdate --format %(refname) %(objectname) %(*objectname) [8ms]
2025-06-06 07:24:10.939 [info] > git config --get commit.template [3ms]
2025-06-06 07:24:10.946 [info] > git for-each-ref --format=%(refname)%00%(upstream:short)%00%(objectname)%00%(upstream:track)%00%(upstream:remotename)%00%(upstream:remoteref) refs/heads/main refs/remotes/main [7ms]
2025-06-06 07:24:10.959 [info] > git status -z -uall [10ms]
2025-06-06 07:24:10.959 [info] > git for-each-ref --sort -committerdate --format %(refname) %(objectname) %(*objectname) [8ms]
2025-06-06 07:24:15.967 [info] > git config --get commit.template [3ms]
2025-06-06 07:24:15.975 [info] > git for-each-ref --format=%(refname)%00%(upstream:short)%00%(objectname)%00%(upstream:track)%00%(upstream:remotename)%00%(upstream:remoteref) refs/heads/main refs/remotes/main [9ms]
2025-06-06 07:24:15.989 [info] > git for-each-ref --sort -committerdate --format %(refname) %(objectname) %(*objectname) [8ms]
2025-06-06 07:24:15.992 [info] > git status -z -uall [14ms]
2025-06-06 07:24:30.548 [info] > git config --get commit.template [3ms]
2025-06-06 07:24:30.555 [info] > git for-each-ref --format=%(refname)%00%(upstream:short)%00%(objectname)%00%(upstream:track)%00%(upstream:remotename)%00%(upstream:remoteref) refs/heads/main refs/remotes/main [8ms]
2025-06-06 07:24:30.568 [info] > git status -z -uall [9ms]
2025-06-06 07:24:30.568 [info] > git for-each-ref --sort -committerdate --format %(refname) %(objectname) %(*objectname) [8ms]
2025-06-06 07:24:35.576 [info] > git config --get commit.template [3ms]
2025-06-06 07:24:35.584 [info] > git for-each-ref --format=%(refname)%00%(upstream:short)%00%(objectname)%00%(upstream:track)%00%(upstream:remotename)%00%(upstream:remoteref) refs/heads/main refs/remotes/main [8ms]
2025-06-06 07:24:35.596 [info] > git status -z -uall [9ms]
2025-06-06 07:24:35.597 [info] > git for-each-ref --sort -committerdate --format %(refname) %(objectname) %(*objectname) [8ms]
2025-06-06 07:24:40.605 [info] > git config --get commit.template [3ms]
2025-06-06 07:24:40.612 [info] > git for-each-ref --format=%(refname)%00%(upstream:short)%00%(objectname)%00%(upstream:track)%00%(upstream:remotename)%00%(upstream:remoteref) refs/heads/main refs/remotes/main [8ms]
2025-06-06 07:24:40.625 [info] > git status -z -uall [10ms]
2025-06-06 07:24:40.625 [info] > git for-each-ref --sort -committerdate --format %(refname) %(objectname) %(*objectname) [8ms]
2025-06-06 07:24:45.633 [info] > git config --get commit.template [3ms]
2025-06-06 07:24:45.640 [info] > git for-each-ref --format=%(refname)%00%(upstream:short)%00%(objectname)%00%(upstream:track)%00%(upstream:remotename)%00%(upstream:remoteref) refs/heads/main refs/remotes/main [8ms]
2025-06-06 07:24:45.653 [info] > git status -z -uall [9ms]
2025-06-06 07:24:45.653 [info] > git for-each-ref --sort -committerdate --format %(refname) %(objectname) %(*objectname) [8ms]
2025-06-06 07:24:50.661 [info] > git config --get commit.template [3ms]
2025-06-06 07:24:50.669 [info] > git for-each-ref --format=%(refname)%00%(upstream:short)%00%(objectname)%00%(upstream:track)%00%(upstream:remotename)%00%(upstream:remoteref) refs/heads/main refs/remotes/main [8ms]
2025-06-06 07:24:50.682 [info] > git status -z -uall [10ms]
2025-06-06 07:24:50.682 [info] > git for-each-ref --sort -committerdate --format %(refname) %(objectname) %(*objectname) [8ms]
2025-06-06 07:24:55.692 [info] > git config --get commit.template [4ms]
2025-06-06 07:24:55.699 [info] > git for-each-ref --format=%(refname)%00%(upstream:short)%00%(objectname)%00%(upstream:track)%00%(upstream:remotename)%00%(upstream:remoteref) refs/heads/main refs/remotes/main [8ms]
2025-06-06 07:24:55.711 [info] > git status -z -uall [9ms]
2025-06-06 07:24:55.712 [info] > git for-each-ref --sort -committerdate --format %(refname) %(objectname) %(*objectname) [8ms]
2025-06-06 07:26:31.849 [info] > git config --get commit.template [3ms]
2025-06-06 07:26:31.858 [info] > git for-each-ref --format=%(refname)%00%(upstream:short)%00%(objectname)%00%(upstream:track)%00%(upstream:remotename)%00%(upstream:remoteref) refs/heads/main refs/remotes/main [10ms]
2025-06-06 07:26:31.871 [info] > git for-each-ref --sort -committerdate --format %(refname) %(objectname) %(*objectname) [8ms]
2025-06-06 07:26:31.873 [info] > git status -z -uall [13ms]
2025-06-06 07:26:48.179 [info] > git config --get commit.template [3ms]
2025-06-06 07:26:48.186 [info] > git for-each-ref --format=%(refname)%00%(upstream:short)%00%(objectname)%00%(upstream:track)%00%(upstream:remotename)%00%(upstream:remoteref) refs/heads/main refs/remotes/main [7ms]
2025-06-06 07:26:48.199 [info] > git status -z -uall [10ms]
2025-06-06 07:26:48.201 [info] > git for-each-ref --sort -committerdate --format %(refname) %(objectname) %(*objectname) [8ms]
2025-06-06 07:27:52.597 [info] > git config --get commit.template [4ms]
2025-06-06 07:27:52.606 [info] > git for-each-ref --format=%(refname)%00%(upstream:short)%00%(objectname)%00%(upstream:track)%00%(upstream:remotename)%00%(upstream:remoteref) refs/heads/main refs/remotes/main [10ms]
2025-06-06 07:27:52.620 [info] > git for-each-ref --sort -committerdate --format %(refname) %(objectname) %(*objectname) [8ms]
2025-06-06 07:27:52.623 [info] > git status -z -uall [13ms]
2025-06-06 07:28:04.948 [info] > git config --get commit.template [4ms]
2025-06-06 07:28:04.955 [info] > git for-each-ref --format=%(refname)%00%(upstream:short)%00%(objectname)%00%(upstream:track)%00%(upstream:remotename)%00%(upstream:remoteref) refs/heads/main refs/remotes/main [7ms]
2025-06-06 07:28:04.968 [info] > git status -z -uall [10ms]
2025-06-06 07:28:04.968 [info] > git for-each-ref --sort -committerdate --format %(refname) %(objectname) %(*objectname) [7ms]
2025-06-06 07:28:18.185 [info] > git config --get commit.template [4ms]
2025-06-06 07:28:18.192 [info] > git for-each-ref --format=%(refname)%00%(upstream:short)%00%(objectname)%00%(upstream:track)%00%(upstream:remotename)%00%(upstream:remoteref) refs/heads/main refs/remotes/main [8ms]
2025-06-06 07:28:18.206 [info] > git status -z -uall [10ms]
2025-06-06 07:28:18.208 [info] > git for-each-ref --sort -committerdate --format %(refname) %(objectname) %(*objectname) [8ms]
2025-06-06 07:29:25.031 [info] > git config --get commit.template [4ms]
2025-06-06 07:29:25.040 [info] > git for-each-ref --format=%(refname)%00%(upstream:short)%00%(objectname)%00%(upstream:track)%00%(upstream:remotename)%00%(upstream:remoteref) refs/heads/main refs/remotes/main [10ms]
2025-06-06 07:29:25.055 [info] > git for-each-ref --sort -committerdate --format %(refname) %(objectname) %(*objectname) [8ms]
2025-06-06 07:29:25.056 [info] > git status -z -uall [12ms]
2025-06-06 07:29:30.066 [info] > git config --get commit.template [3ms]
2025-06-06 07:29:30.072 [info] > git for-each-ref --format=%(refname)%00%(upstream:short)%00%(objectname)%00%(upstream:track)%00%(upstream:remotename)%00%(upstream:remoteref) refs/heads/main refs/remotes/main [7ms]
2025-06-06 07:29:30.084 [info] > git status -z -uall [9ms]
2025-06-06 07:29:30.086 [info] > git for-each-ref --sort -committerdate --format %(refname) %(objectname) %(*objectname) [8ms]
2025-06-06 07:29:35.096 [info] > git config --get commit.template [4ms]
2025-06-06 07:29:35.103 [info] > git for-each-ref --format=%(refname)%00%(upstream:short)%00%(objectname)%00%(upstream:track)%00%(upstream:remotename)%00%(upstream:remoteref) refs/heads/main refs/remotes/main [7ms]
2025-06-06 07:29:35.116 [info] > git status -z -uall [9ms]
2025-06-06 07:29:35.116 [info] > git for-each-ref --sort -committerdate --format %(refname) %(objectname) %(*objectname) [8ms]
2025-06-06 07:29:57.939 [info] > git config --get commit.template [4ms]
2025-06-06 07:29:57.946 [info] > git for-each-ref --format=%(refname)%00%(upstream:short)%00%(objectname)%00%(upstream:track)%00%(upstream:remotename)%00%(upstream:remoteref) refs/heads/main refs/remotes/main [7ms]
2025-06-06 07:29:57.959 [info] > git status -z -uall [10ms]
2025-06-06 07:29:57.959 [info] > git for-each-ref --sort -committerdate --format %(refname) %(objectname) %(*objectname) [8ms]
2025-06-06 07:30:02.967 [info] > git config --get commit.template [3ms]
2025-06-06 07:30:02.974 [info] > git for-each-ref --format=%(refname)%00%(upstream:short)%00%(objectname)%00%(upstream:track)%00%(upstream:remotename)%00%(upstream:remoteref) refs/heads/main refs/remotes/main [7ms]
2025-06-06 07:30:02.986 [info] > git status -z -uall [9ms]
2025-06-06 07:30:02.986 [info] > git for-each-ref --sort -committerdate --format %(refname) %(objectname) %(*objectname) [7ms]
2025-06-06 07:30:07.997 [info] > git config --get commit.template [3ms]
2025-06-06 07:30:08.004 [info] > git for-each-ref --format=%(refname)%00%(upstream:short)%00%(objectname)%00%(upstream:track)%00%(upstream:remotename)%00%(upstream:remoteref) refs/heads/main refs/remotes/main [7ms]
2025-06-06 07:30:08.016 [info] > git status -z -uall [9ms]
2025-06-06 07:30:08.017 [info] > git for-each-ref --sort -committerdate --format %(refname) %(objectname) %(*objectname) [8ms]
2025-06-06 07:30:13.028 [info] > git config --get commit.template [5ms]
2025-06-06 07:30:13.035 [info] > git for-each-ref --format=%(refname)%00%(upstream:short)%00%(objectname)%00%(upstream:track)%00%(upstream:remotename)%00%(upstream:remoteref) refs/heads/main refs/remotes/main [8ms]
2025-06-06 07:30:13.048 [info] > git status -z -uall [10ms]
2025-06-06 07:30:13.049 [info] > git for-each-ref --sort -committerdate --format %(refname) %(objectname) %(*objectname) [8ms]
2025-06-06 07:30:42.299 [info] > git config --get commit.template [3ms]
2025-06-06 07:30:42.306 [info] > git for-each-ref --format=%(refname)%00%(upstream:short)%00%(objectname)%00%(upstream:track)%00%(upstream:remotename)%00%(upstream:remoteref) refs/heads/main refs/remotes/main [8ms]
2025-06-06 07:30:42.320 [info] > git for-each-ref --sort -committerdate --format %(refname) %(objectname) %(*objectname) [8ms]
2025-06-06 07:30:42.321 [info] > git status -z -uall [12ms]
2025-06-06 07:30:47.402 [info] > git config --get commit.template [3ms]
2025-06-06 07:30:47.409 [info] > git for-each-ref --format=%(refname)%00%(upstream:short)%00%(objectname)%00%(upstream:track)%00%(upstream:remotename)%00%(upstream:remoteref) refs/heads/main refs/remotes/main [8ms]
2025-06-06 07:30:47.421 [info] > git status -z -uall [9ms]
2025-06-06 07:30:47.421 [info] > git for-each-ref --sort -committerdate --format %(refname) %(objectname) %(*objectname) [7ms]
2025-06-06 07:30:52.431 [info] > git config --get commit.template [4ms]
2025-06-06 07:30:52.438 [info] > git for-each-ref --format=%(refname)%00%(upstream:short)%00%(objectname)%00%(upstream:track)%00%(upstream:remotename)%00%(upstream:remoteref) refs/heads/main refs/remotes/main [7ms]
2025-06-06 07:30:52.452 [info] > git status -z -uall [11ms]
2025-06-06 07:30:52.452 [info] > git for-each-ref --sort -committerdate --format %(refname) %(objectname) %(*objectname) [8ms]
2025-06-06 07:30:57.462 [info] > git config --get commit.template [4ms]
2025-06-06 07:30:57.469 [info] > git for-each-ref --format=%(refname)%00%(upstream:short)%00%(objectname)%00%(upstream:track)%00%(upstream:remotename)%00%(upstream:remoteref) refs/heads/main refs/remotes/main [7ms]
2025-06-06 07:30:57.482 [info] > git status -z -uall [10ms]
2025-06-06 07:30:57.482 [info] > git for-each-ref --sort -committerdate --format %(refname) %(objectname) %(*objectname) [7ms]
2025-06-06 07:31:06.554 [info] > git config --get commit.template [4ms]
2025-06-06 07:31:06.561 [info] > git for-each-ref --format=%(refname)%00%(upstream:short)%00%(objectname)%00%(upstream:track)%00%(upstream:remotename)%00%(upstream:remoteref) refs/heads/main refs/remotes/main [8ms]
2025-06-06 07:31:06.575 [info] > git status -z -uall [10ms]
2025-06-06 07:31:06.577 [info] > git for-each-ref --sort -committerdate --format %(refname) %(objectname) %(*objectname) [9ms]
2025-06-06 07:31:10.504 [info] > git show --textconv :src/set_list.hpp [6ms]
2025-06-06 07:31:10.506 [info] > git ls-files --stage -- /home/hwlee4/ICS45C/HW9/src/set_list.hpp [5ms]
2025-06-06 07:31:10.514 [info] > git cat-file -s a472d4484ca1352553cff1dd2c09e1c7bfa25aca [5ms]
2025-06-06 07:31:41.045 [info] > git show --textconv :src/map_array.hpp [6ms]
2025-06-06 07:31:41.046 [info] > git ls-files --stage -- /home/hwlee4/ICS45C/HW9/src/map_array.hpp [4ms]
2025-06-06 07:31:41.055 [info] > git cat-file -s cb0a6e4929ed83facf8d5a2d2199668dfff92ead [5ms]
2025-06-06 07:31:45.345 [info] > git config --get commit.template [4ms]
2025-06-06 07:31:45.352 [info] > git for-each-ref --format=%(refname)%00%(upstream:short)%00%(objectname)%00%(upstream:track)%00%(upstream:remotename)%00%(upstream:remoteref) refs/heads/main refs/remotes/main [8ms]
2025-06-06 07:31:45.367 [info] > git status -z -uall [11ms]
2025-06-06 07:31:45.368 [info] > git for-each-ref --sort -committerdate --format %(refname) %(objectname) %(*objectname) [8ms]
2025-06-06 07:32:06.542 [info] > git config --get commit.template [3ms]
2025-06-06 07:32:06.549 [info] > git for-each-ref --format=%(refname)%00%(upstream:short)%00%(objectname)%00%(upstream:track)%00%(upstream:remotename)%00%(upstream:remoteref) refs/heads/main refs/remotes/main [8ms]
2025-06-06 07:32:06.561 [info] > git status -z -uall [10ms]
2025-06-06 07:32:06.561 [info] > git for-each-ref --sort -committerdate --format %(refname) %(objectname) %(*objectname) [7ms]
2025-06-06 07:32:19.499 [info] > git config --get commit.template [4ms]
2025-06-06 07:32:19.506 [info] > git for-each-ref --format=%(refname)%00%(upstream:short)%00%(objectname)%00%(upstream:track)%00%(upstream:remotename)%00%(upstream:remoteref) refs/heads/main refs/remotes/main [7ms]
2025-06-06 07:32:19.520 [info] > git status -z -uall [10ms]
2025-06-06 07:32:19.521 [info] > git for-each-ref --sort -committerdate --format %(refname) %(objectname) %(*objectname) [7ms]
2025-06-06 07:32:24.531 [info] > git config --get commit.template [4ms]
2025-06-06 07:32:24.538 [info] > git for-each-ref --format=%(refname)%00%(upstream:short)%00%(objectname)%00%(upstream:track)%00%(upstream:remotename)%00%(upstream:remoteref) refs/heads/main refs/remotes/main [8ms]
2025-06-06 07:32:24.551 [info] > git status -z -uall [10ms]
2025-06-06 07:32:24.552 [info] > git for-each-ref --sort -committerdate --format %(refname) %(objectname) %(*objectname) [8ms]
2025-06-06 07:32:29.562 [info] > git config --get commit.template [4ms]
2025-06-06 07:32:29.569 [info] > git for-each-ref --format=%(refname)%00%(upstream:short)%00%(objectname)%00%(upstream:track)%00%(upstream:remotename)%00%(upstream:remoteref) refs/heads/main refs/remotes/main [8ms]
2025-06-06 07:32:29.581 [info] > git status -z -uall [9ms]
2025-06-06 07:32:29.581 [info] > git for-each-ref --sort -committerdate --format %(refname) %(objectname) %(*objectname) [7ms]
2025-06-06 07:33:08.341 [info] > git config --get commit.template [4ms]
2025-06-06 07:33:08.350 [info] > git for-each-ref --format=%(refname)%00%(upstream:short)%00%(objectname)%00%(upstream:track)%00%(upstream:remotename)%00%(upstream:remoteref) refs/heads/main refs/remotes/main [9ms]
2025-06-06 07:33:08.365 [info] > git status -z -uall [11ms]
2025-06-06 07:33:08.366 [info] > git for-each-ref --sort -committerdate --format %(refname) %(objectname) %(*objectname) [9ms]
2025-06-06 07:33:13.376 [info] > git config --get commit.template [4ms]
2025-06-06 07:33:13.383 [info] > git for-each-ref --format=%(refname)%00%(upstream:short)%00%(objectname)%00%(upstream:track)%00%(upstream:remotename)%00%(upstream:remoteref) refs/heads/main refs/remotes/main [8ms]
2025-06-06 07:33:13.396 [info] > git status -z -uall [9ms]
2025-06-06 07:33:13.398 [info] > git for-each-ref --sort -committerdate --format %(refname) %(objectname) %(*objectname) [8ms]
2025-06-06 07:33:29.809 [info] > git add -A -- . [22ms]
2025-06-06 07:33:29.866 [info] > git -c user.useConfigOnly=true commit --quiet --allow-empty-message --file - [54ms]
2025-06-06 07:33:29.872 [info] > git config --get commit.template [3ms]
2025-06-06 07:33:29.880 [info] > git config --get commit.template [4ms]
2025-06-06 07:33:29.891 [info] > git for-each-ref --format=%(refname)%00%(upstream:short)%00%(objectname)%00%(upstream:track)%00%(upstream:remotename)%00%(upstream:remoteref) refs/heads/main refs/remotes/main [12ms]
2025-06-06 07:33:29.906 [info] > git status -z -uall [11ms]
2025-06-06 07:33:29.906 [info] > git for-each-ref --sort -committerdate --format %(refname) %(objectname) %(*objectname) [7ms]
2025-06-06 07:33:29.918 [info] > git merge-base refs/heads/main refs/remotes/origin/main [6ms]
2025-06-06 07:33:29.929 [info] > git diff --name-status -z --diff-filter=ADMR 40a5f1677dab6b58317d810fff4582889c22db36...refs/remotes/origin/main [7ms]
2025-06-06 07:33:30.304 [info] > git config --get commit.template [3ms]
2025-06-06 07:33:30.313 [info] > git for-each-ref --format=%(refname)%00%(upstream:short)%00%(objectname)%00%(upstream:track)%00%(upstream:remotename)%00%(upstream:remoteref) refs/heads/main refs/remotes/main [9ms]
2025-06-06 07:33:30.321 [info] > git log --format=%H%n%aN%n%aE%n%at%n%ct%n%P%n%D%n%B -z --shortstat --diff-merges=first-parent -n50 --skip=0 --topo-order --decorate=full --stdin [27ms]
2025-06-06 07:33:30.326 [info] > git status -z -uall [10ms]
2025-06-06 07:33:30.326 [info] > git for-each-ref --sort -committerdate --format %(refname) %(objectname) %(*objectname) [8ms]
2025-06-06 07:33:31.409 [info] > git ls-files --stage -- /home/hwlee4/ICS45C/HW9/src/map_array.hpp [5ms]
2025-06-06 07:33:31.418 [info] > git cat-file -s 658988074968b51759c57905b7068a4ecce4998e [6ms]
2025-06-06 07:33:31.486 [info] > git show --textconv :src/map_array.hpp [7ms]
2025-06-06 07:33:32.843 [info] > git log --oneline --cherry main...main@{upstream} -- [7ms]
2025-06-06 07:33:34.099 [info] > git ls-files --stage -- /home/hwlee4/ICS45C/HW9/src/map_array.hpp [4ms]
2025-06-06 07:33:34.107 [info] > git cat-file -s 658988074968b51759c57905b7068a4ecce4998e [5ms]
2025-06-06 07:33:34.148 [info] > git pull --tags origin main [1303ms]
2025-06-06 07:33:34.148 [info] From github.com:klefstad-teaching/ics-45c-hw9-hwlee4
 * branch            main       -> FETCH_HEAD
2025-06-06 07:33:34.177 [info] > git show --textconv :src/map_array.hpp [5ms]
2025-06-06 07:33:35.439 [info] > git push origin main:main [1288ms]
2025-06-06 07:33:35.439 [info] To github.com:klefstad-teaching/ics-45c-hw9-hwlee4.git
   40a5f16..e0b6f00  main -> main
2025-06-06 07:33:35.447 [info] > git config --get commit.template [4ms]
2025-06-06 07:33:35.455 [info] > git for-each-ref --format=%(refname)%00%(upstream:short)%00%(objectname)%00%(upstream:track)%00%(upstream:remotename)%00%(upstream:remoteref) refs/heads/main refs/remotes/main [8ms]
2025-06-06 07:33:35.467 [info] > git status -z -uall [9ms]
2025-06-06 07:33:35.470 [info] > git for-each-ref --sort -committerdate --format %(refname) %(objectname) %(*objectname) [9ms]
2025-06-06 07:33:35.482 [info] > git merge-base refs/heads/main refs/remotes/origin/main [6ms]
2025-06-06 07:33:35.491 [info] > git diff --name-status -z --diff-filter=ADMR e0b6f0055a3db78c58d6911044bb0b2dc01a5e25...refs/remotes/origin/main [6ms]
2025-06-06 07:33:35.492 [info] > git ls-files --stage -- /home/hwlee4/ICS45C/HW9/src/map_array.hpp [5ms]
2025-06-06 07:33:35.499 [info] > git cat-file -s 658988074968b51759c57905b7068a4ecce4998e [5ms]
2025-06-06 07:33:35.558 [info] > git log --format=%H%n%aN%n%aE%n%at%n%ct%n%P%n%D%n%B -z --shortstat --diff-merges=first-parent -n50 --skip=0 --topo-order --decorate=full --stdin [23ms]
2025-06-06 07:33:35.570 [info] > git show --textconv :src/map_array.hpp [6ms]
2025-06-06 07:33:36.678 [info] > git config --get commit.template [5ms]
2025-06-06 07:33:36.685 [info] > git for-each-ref --format=%(refname)%00%(upstream:short)%00%(objectname)%00%(upstream:track)%00%(upstream:remotename)%00%(upstream:remoteref) refs/heads/main refs/remotes/main [8ms]
2025-06-06 07:33:36.698 [info] > git status -z -uall [9ms]
2025-06-06 07:33:36.700 [info] > git for-each-ref --sort -committerdate --format %(refname) %(objectname) %(*objectname) [8ms]
2025-06-06 07:33:36.790 [info] > git ls-files --stage -- /home/hwlee4/ICS45C/HW9/src/map_array.hpp [4ms]
2025-06-06 07:33:36.799 [info] > git cat-file -s 658988074968b51759c57905b7068a4ecce4998e [5ms]
2025-06-06 07:33:36.837 [info] > git show --textconv :src/map_array.hpp [7ms]
