2025-01-16 06:09:54.142 [info] Log level: Info
2025-01-16 06:09:54.142 [info] Validating found git in: "git"
2025-01-16 06:09:54.142 [info] Using git "2.34.1" from "git"
2025-01-16 06:09:54.142 [info] > git rev-parse --show-toplevel [17ms]
2025-01-16 06:09:54.142 [info] > git rev-parse --path-format=relative --show-toplevel [4ms]
2025-01-16 06:09:54.142 [info] > git rev-parse --git-dir --git-common-dir [5ms]
2025-01-16 06:09:54.142 [info] Open repository: /home/hwlee4/ICS45C/HW0
2025-01-16 06:09:54.146 [info] > git rev-parse --show-toplevel [12ms]
2025-01-16 06:09:54.151 [info] > git config --get commit.template [21ms]
2025-01-16 06:09:54.224 [info] > git rev-parse --path-format=relative --show-toplevel [75ms]
2025-01-16 06:09:54.232 [info] > git for-each-ref --format=%(refname)%00%(upstream:short)%00%(objectname)%00%(upstream:track)%00%(upstream:remotename)%00%(upstream:remoteref) refs/heads/main refs/remotes/main [75ms]
2025-01-16 06:09:54.242 [info] > git rev-parse --git-dir --git-common-dir [12ms]
2025-01-16 06:09:54.250 [info] Open repository: /home/hwlee4/ICS45C/HW0/HW1
2025-01-16 06:09:54.275 [info] > git config --get commit.template [14ms]
2025-01-16 06:09:54.276 [info] > git rev-parse --show-toplevel [19ms]
2025-01-16 06:09:54.284 [info] > git status -z -uall [18ms]
2025-01-16 06:09:54.284 [info] > git for-each-ref --format=%(refname)%00%(upstream:short)%00%(objectname)%00%(upstream:track)%00%(upstream:remotename)%00%(upstream:remoteref) refs/heads/main refs/remotes/main [12ms]
2025-01-16 06:09:54.310 [warning] ENOENT: no such file or directory, open '/home/hwlee4/ICS45C/HW0/HW1/.git/refs/remotes/origin/main'
2025-01-16 06:09:54.316 [info] > git for-each-ref --format=%(refname)%00%(upstream:short)%00%(objectname)%00%(upstream:track)%00%(upstream:remotename)%00%(upstream:remoteref) refs/heads/main refs/remotes/main [22ms]
2025-01-16 06:09:54.322 [info] > git rev-parse --path-format=relative --show-toplevel [41ms]
2025-01-16 06:09:54.327 [info] > git config --get commit.template [13ms]
2025-01-16 06:09:54.328 [info] > git rev-parse refs/remotes/origin/main [17ms]
2025-01-16 06:09:54.334 [info] > git rev-parse --show-toplevel [8ms]
2025-01-16 06:09:54.338 [info] > git config --local branch.main.vscode-merge-base [17ms]
2025-01-16 06:09:54.382 [info] > git rev-parse --path-format=relative --show-toplevel [44ms]
2025-01-16 06:09:54.389 [info] > git for-each-ref --format=%(refname)%00%(upstream:short)%00%(objectname)%00%(upstream:track)%00%(upstream:remotename)%00%(upstream:remoteref) refs/heads/origin/main refs/remotes/origin/main [46ms]
2025-01-16 06:09:54.397 [info] > git for-each-ref --format=%(refname)%00%(upstream:short)%00%(objectname)%00%(upstream:track)%00%(upstream:remotename)%00%(upstream:remoteref) refs/heads/main refs/remotes/main [16ms]
2025-01-16 06:09:54.397 [info] > git rev-parse --show-toplevel [9ms]
2025-01-16 06:09:54.408 [info] > git rev-parse --path-format=relative --show-toplevel [7ms]
2025-01-16 06:09:54.409 [info] > git merge-base refs/heads/main refs/remotes/origin/main [14ms]
2025-01-16 06:09:54.423 [info] > git rev-parse --show-toplevel [6ms]
2025-01-16 06:09:54.428 [info] > git status -z -uall [96ms]
2025-01-16 06:09:54.492 [info] > git rev-list --count --left-right refs/heads/main...refs/remotes/origin/main [79ms]
2025-01-16 06:09:54.505 [info] > git status -z -uall [83ms]
2025-01-16 06:09:54.505 [info] > git for-each-ref --format=%(refname)%00%(upstream:short)%00%(objectname)%00%(upstream:track)%00%(upstream:remotename)%00%(upstream:remoteref) refs/heads/main refs/remotes/main [21ms]
2025-01-16 06:09:54.589 [info] > git rev-parse --path-format=relative --show-toplevel [162ms]
2025-01-16 06:09:54.631 [info] > git for-each-ref --format=%(refname)%00%(upstream:short)%00%(objectname)%00%(upstream:track)%00%(upstream:remotename)%00%(upstream:remoteref) refs/heads/main refs/remotes/main [44ms]
2025-01-16 06:09:54.636 [info] > git config --local branch.main.vscode-merge-base [56ms]
2025-01-16 06:09:54.636 [warning] git config failed: Failed to execute git
2025-01-16 06:09:54.641 [info] > git config --get commit.template [138ms]
2025-01-16 06:09:54.641 [info] > git diff --name-status -z --diff-filter=ADMR bddd0b0d0cfc38d0bcdb3142f43ffb36c1294495...refs/remotes/origin/main [144ms]
2025-01-16 06:09:54.643 [info] > git config --local branch.main.vscode-merge-base [8ms]
2025-01-16 06:09:54.654 [info] > git reflog main --grep-reflog=branch: Created from *. [14ms]
2025-01-16 06:09:54.659 [info] > git for-each-ref --format=%(refname)%00%(upstream:short)%00%(objectname)%00%(upstream:track)%00%(upstream:remotename)%00%(upstream:remoteref) refs/heads/origin/main refs/remotes/origin/main [12ms]
2025-01-16 06:09:54.683 [info] > git symbolic-ref --short refs/remotes/origin/HEAD [25ms]
2025-01-16 06:09:54.687 [info] > git for-each-ref --format=%(refname)%00%(upstream:short)%00%(objectname)%00%(upstream:track)%00%(upstream:remotename)%00%(upstream:remoteref) refs/heads/main refs/remotes/main [36ms]
2025-01-16 06:09:54.691 [warning] ENOENT: no such file or directory, open '/home/hwlee4/ICS45C/HW0/HW1/.git/refs/remotes/origin/main'
2025-01-16 06:09:54.778 [info] > git rev-parse refs/remotes/origin/main [87ms]
2025-01-16 06:09:54.783 [info] > git for-each-ref --format=%(refname)%00%(upstream:short)%00%(objectname)%00%(upstream:track)%00%(upstream:remotename)%00%(upstream:remoteref) refs/heads/origin/main refs/remotes/origin/main [95ms]
2025-01-16 06:09:54.828 [info] > git status -z -uall [46ms]
2025-01-16 06:09:54.836 [info] > git config --local branch.main.vscode-merge-base origin/main [49ms]
2025-01-16 06:09:54.880 [info] > git for-each-ref --format=%(refname)%00%(upstream:short)%00%(objectname)%00%(upstream:track)%00%(upstream:remotename)%00%(upstream:remoteref) refs/heads/main refs/remotes/main [46ms]
2025-01-16 06:09:54.886 [info] > git config --get commit.template [44ms]
2025-01-16 06:09:54.891 [info] > git config --local branch.main.vscode-merge-base [6ms]
2025-01-16 06:09:54.901 [info] > git for-each-ref --format=%(refname)%00%(upstream:short)%00%(objectname)%00%(upstream:track)%00%(upstream:remotename)%00%(upstream:remoteref) refs/heads/main refs/remotes/main [11ms]
2025-01-16 06:09:54.905 [warning] ENOENT: no such file or directory, open '/home/hwlee4/ICS45C/HW0/HW1/.git/refs/remotes/origin/main'
2025-01-16 06:09:54.917 [info] > git rev-parse refs/remotes/origin/main [12ms]
2025-01-16 06:09:54.921 [info] > git for-each-ref --format=%(refname)%00%(upstream:short)%00%(objectname)%00%(upstream:track)%00%(upstream:remotename)%00%(upstream:remoteref) refs/heads/origin/main refs/remotes/origin/main [26ms]
2025-01-16 06:09:54.983 [info] > git check-ignore -v -z --stdin [73ms]
2025-01-16 06:09:54.985 [info] > git check-ignore -v -z --stdin [70ms]
2025-01-16 06:09:54.988 [info] > git merge-base refs/heads/main refs/remotes/origin/main [9ms]
2025-01-16 06:09:55.049 [info] > git status -z -uall [128ms]
2025-01-16 06:09:55.057 [info] > git rev-list --count --left-right refs/heads/main...refs/remotes/origin/main [64ms]
2025-01-16 06:09:55.067 [info] > git for-each-ref --format=%(refname)%00%(upstream:short)%00%(objectname)%00%(upstream:track)%00%(upstream:remotename)%00%(upstream:remoteref) refs/heads/main refs/remotes/main [12ms]
2025-01-16 06:09:55.084 [info] > git config --local branch.main.vscode-merge-base [11ms]
2025-01-16 06:09:55.088 [info] > git diff --name-status -z --diff-filter=ADMR 018a88f24fb8bf2961fffd8b53a72ec5aa10dea1...refs/remotes/origin/main [27ms]
2025-01-16 06:09:55.090 [info] > git show --textconv :src/convert_knots.cpp [12ms]
2025-01-16 06:09:55.091 [info] > git ls-files --stage -- /home/hwlee4/ICS45C/HW0/HW1/src/convert_knots.cpp [9ms]
2025-01-16 06:09:55.098 [info] > git for-each-ref --format=%(refname)%00%(upstream:short)%00%(objectname)%00%(upstream:track)%00%(upstream:remotename)%00%(upstream:remoteref) refs/heads/origin/main refs/remotes/origin/main [10ms]
2025-01-16 06:09:55.106 [info] > git cat-file -s e69de29bb2d1d6434b8b29ae775ad8c2e48c5391 [11ms]
2025-01-16 06:09:56.123 [info] > git config --get commit.template [6ms]
2025-01-16 06:09:56.133 [info] > git for-each-ref --format=%(refname)%00%(upstream:short)%00%(objectname)%00%(upstream:track)%00%(upstream:remotename)%00%(upstream:remoteref) refs/heads/main refs/remotes/main [11ms]
2025-01-16 06:09:56.138 [warning] ENOENT: no such file or directory, open '/home/hwlee4/ICS45C/HW0/HW1/.git/refs/remotes/origin/main'
2025-01-16 06:09:56.144 [info] > git rev-parse refs/remotes/origin/main [6ms]
2025-01-16 06:09:56.183 [info] > git status -z -uall [34ms]
2025-01-16 06:09:56.201 [info] > git for-each-ref --format=%(refname)%00%(upstream:short)%00%(objectname)%00%(upstream:track)%00%(upstream:remotename)%00%(upstream:remoteref) refs/heads/main refs/remotes/main [12ms]
2025-01-16 06:09:56.211 [info] > git config --local branch.main.vscode-merge-base [6ms]
2025-01-16 06:09:56.225 [info] > git for-each-ref --format=%(refname)%00%(upstream:short)%00%(objectname)%00%(upstream:track)%00%(upstream:remotename)%00%(upstream:remoteref) refs/heads/origin/main refs/remotes/origin/main [9ms]
2025-01-16 06:09:56.248 [info] > git ls-files --stage -- /home/hwlee4/ICS45C/HW0/HW1/src/convert_knots.cpp [7ms]
2025-01-16 06:09:56.261 [info] > git cat-file -s e69de29bb2d1d6434b8b29ae775ad8c2e48c5391 [9ms]
2025-01-16 06:09:56.322 [info] > git show --textconv :src/convert_knots.cpp [10ms]
2025-01-16 06:10:10.477 [info] > git merge-base refs/heads/main refs/remotes/origin/main [9ms]
2025-01-16 06:10:10.484 [info] > git merge-base refs/heads/main refs/remotes/origin/main [11ms]
2025-01-16 06:10:10.494 [info] > git rev-list --count --left-right refs/heads/main...refs/remotes/origin/main [11ms]
2025-01-16 06:10:10.498 [info] > git rev-list --count --left-right refs/heads/main...refs/remotes/origin/main [10ms]
2025-01-16 06:10:23.353 [info] > git add -A -- . [65ms]
2025-01-16 06:10:23.531 [info] > git -c user.useConfigOnly=true commit --quiet --allow-empty-message --file - [173ms]
2025-01-16 06:10:23.542 [info] > git config --get commit.template [6ms]
2025-01-16 06:10:23.555 [info] > git config --get commit.template [6ms]
2025-01-16 06:10:23.569 [info] > git for-each-ref --format=%(refname)%00%(upstream:short)%00%(objectname)%00%(upstream:track)%00%(upstream:remotename)%00%(upstream:remoteref) refs/heads/main refs/remotes/main [15ms]
2025-01-16 06:10:23.575 [warning] ENOENT: no such file or directory, open '/home/hwlee4/ICS45C/HW0/HW1/.git/refs/remotes/origin/main'
2025-01-16 06:10:23.580 [info] > git rev-parse refs/remotes/origin/main [5ms]
2025-01-16 06:10:23.602 [info] > git status -z -uall [16ms]
2025-01-16 06:10:23.621 [info] > git for-each-ref --format=%(refname)%00%(upstream:short)%00%(objectname)%00%(upstream:track)%00%(upstream:remotename)%00%(upstream:remoteref) refs/heads/main refs/remotes/main [13ms]
2025-01-16 06:10:23.632 [info] > git config --local branch.main.vscode-merge-base [5ms]
2025-01-16 06:10:23.647 [info] > git for-each-ref --format=%(refname)%00%(upstream:short)%00%(objectname)%00%(upstream:track)%00%(upstream:remotename)%00%(upstream:remoteref) refs/heads/origin/main refs/remotes/origin/main [11ms]
2025-01-16 06:10:23.661 [info] > git merge-base refs/heads/main refs/remotes/origin/main [9ms]
2025-01-16 06:10:23.674 [info] > git rev-list --count --left-right refs/heads/main...refs/remotes/origin/main [9ms]
2025-01-16 06:10:23.687 [info] > git diff --name-status -z --diff-filter=ADMR 018a88f24fb8bf2961fffd8b53a72ec5aa10dea1...refs/remotes/origin/main [7ms]
2025-01-16 06:10:23.707 [info] > git config --get commit.template [8ms]
2025-01-16 06:10:23.717 [info] > git for-each-ref --format=%(refname)%00%(upstream:short)%00%(objectname)%00%(upstream:track)%00%(upstream:remotename)%00%(upstream:remoteref) refs/heads/main refs/remotes/main [12ms]
2025-01-16 06:10:23.723 [warning] ENOENT: no such file or directory, open '/home/hwlee4/ICS45C/HW0/HW1/.git/refs/remotes/origin/main'
2025-01-16 06:10:23.725 [info] > git merge-base refs/heads/main refs/remotes/origin/main [10ms]
2025-01-16 06:10:23.733 [info] > git rev-parse refs/remotes/origin/main [10ms]
2025-01-16 06:10:23.741 [info] > git rev-list --count --left-right refs/heads/main...refs/remotes/origin/main [10ms]
2025-01-16 06:10:23.754 [info] > git status -z -uall [15ms]
2025-01-16 06:10:23.772 [info] > git for-each-ref --format=%(refname)%00%(upstream:short)%00%(objectname)%00%(upstream:track)%00%(upstream:remotename)%00%(upstream:remoteref) refs/heads/main refs/remotes/main [13ms]
2025-01-16 06:10:23.782 [info] > git config --local branch.main.vscode-merge-base [4ms]
2025-01-16 06:10:23.795 [info] > git for-each-ref --format=%(refname)%00%(upstream:short)%00%(objectname)%00%(upstream:track)%00%(upstream:remotename)%00%(upstream:remoteref) refs/heads/origin/main refs/remotes/origin/main [9ms]
2025-01-16 06:10:24.771 [info] > git ls-files --stage -- /home/hwlee4/ICS45C/HW0/HW1/src/convert_knots.cpp [5ms]
2025-01-16 06:10:24.786 [info] > git cat-file -s 0602a70ae91b47c421b029978963b825ed098eab [11ms]
2025-01-16 06:10:24.871 [info] > git show --textconv :src/convert_knots.cpp [11ms]
2025-01-16 06:10:28.253 [info] > git log --format=%H%n%aN%n%aE%n%at%n%ct%n%P%n%D%n%B -z --shortstat --diff-merges=first-parent --author-date-order 018a88f24fb8bf2961fffd8b53a72ec5aa10dea1..3e0335c527d55b6328a8ffec957317f15a15902c [28ms]
2025-01-16 06:11:09.127 [info] > git ls-files --stage -- /home/hwlee4/ICS45C/HW0/HW1/gtest/knot_gtests.cpp [7ms]
2025-01-16 06:11:09.133 [info] > git show --textconv :gtest/knot_gtests.cpp [17ms]
2025-01-16 06:11:09.143 [info] > git cat-file -s 1e70f3c3f36d6ef2ea1fef9f02c884c184068873 [11ms]
2025-01-16 06:11:20.931 [info] > git check-ignore -v -z --stdin [8ms]
2025-01-16 06:11:23.565 [info] > git ls-files --stage -- /home/hwlee4/ICS45C/HW0/HW1/src/convert_knots.hpp [5ms]
2025-01-16 06:11:23.570 [info] > git show --textconv :src/convert_knots.hpp [14ms]
2025-01-16 06:11:23.580 [info] > git cat-file -s 6f34f47200e04789c05f8868b1e1d4ab10efac27 [10ms]
2025-01-16 06:14:11.517 [info] > git config --get commit.template [7ms]
2025-01-16 06:14:11.530 [info] > git config --get commit.template [14ms]
2025-01-16 06:14:11.537 [info] > git for-each-ref --format=%(refname)%00%(upstream:short)%00%(objectname)%00%(upstream:track)%00%(upstream:remotename)%00%(upstream:remoteref) refs/heads/main refs/remotes/main [15ms]
2025-01-16 06:14:11.544 [info] > git for-each-ref --format=%(refname)%00%(upstream:short)%00%(objectname)%00%(upstream:track)%00%(upstream:remotename)%00%(upstream:remoteref) refs/heads/main refs/remotes/main [17ms]
2025-01-16 06:14:11.549 [warning] ENOENT: no such file or directory, open '/home/hwlee4/ICS45C/HW0/HW1/.git/refs/remotes/origin/main'
2025-01-16 06:14:11.554 [info] > git rev-parse refs/remotes/origin/main [5ms]
2025-01-16 06:14:11.568 [info] > git status -z -uall [24ms]
2025-01-16 06:14:11.583 [info] > git status -z -uall [24ms]
2025-01-16 06:14:11.596 [info] > git for-each-ref --format=%(refname)%00%(upstream:short)%00%(objectname)%00%(upstream:track)%00%(upstream:remotename)%00%(upstream:remoteref) refs/heads/main refs/remotes/main [22ms]
2025-01-16 06:14:11.602 [info] > git for-each-ref --format=%(refname)%00%(upstream:short)%00%(objectname)%00%(upstream:track)%00%(upstream:remotename)%00%(upstream:remoteref) refs/heads/main refs/remotes/main [13ms]
2025-01-16 06:14:11.609 [info] > git config --local branch.main.vscode-merge-base [8ms]
2025-01-16 06:14:11.615 [info] > git config --local branch.main.vscode-merge-base [7ms]
2025-01-16 06:14:11.624 [info] > git for-each-ref --format=%(refname)%00%(upstream:short)%00%(objectname)%00%(upstream:track)%00%(upstream:remotename)%00%(upstream:remoteref) refs/heads/origin/main refs/remotes/origin/main [10ms]
2025-01-16 06:14:11.630 [info] > git for-each-ref --format=%(refname)%00%(upstream:short)%00%(objectname)%00%(upstream:track)%00%(upstream:remotename)%00%(upstream:remoteref) refs/heads/origin/main refs/remotes/origin/main [9ms]
2025-01-16 06:14:16.589 [info] > git config --get commit.template [6ms]
2025-01-16 06:14:16.602 [info] > git for-each-ref --format=%(refname)%00%(upstream:short)%00%(objectname)%00%(upstream:track)%00%(upstream:remotename)%00%(upstream:remoteref) refs/heads/main refs/remotes/main [12ms]
2025-01-16 06:14:16.607 [info] > git config --get commit.template [6ms]
2025-01-16 06:14:16.618 [info] > git for-each-ref --format=%(refname)%00%(upstream:short)%00%(objectname)%00%(upstream:track)%00%(upstream:remotename)%00%(upstream:remoteref) refs/heads/main refs/remotes/main [11ms]
2025-01-16 06:14:16.623 [warning] ENOENT: no such file or directory, open '/home/hwlee4/ICS45C/HW0/HW1/.git/refs/remotes/origin/main'
2025-01-16 06:14:16.629 [info] > git status -z -uall [15ms]
2025-01-16 06:14:16.629 [info] > git rev-parse refs/remotes/origin/main [6ms]
2025-01-16 06:14:16.648 [info] > git status -z -uall [14ms]
2025-01-16 06:14:16.657 [info] > git for-each-ref --format=%(refname)%00%(upstream:short)%00%(objectname)%00%(upstream:track)%00%(upstream:remotename)%00%(upstream:remoteref) refs/heads/main refs/remotes/main [16ms]
2025-01-16 06:14:16.666 [info] > git for-each-ref --format=%(refname)%00%(upstream:short)%00%(objectname)%00%(upstream:track)%00%(upstream:remotename)%00%(upstream:remoteref) refs/heads/main refs/remotes/main [12ms]
2025-01-16 06:14:16.672 [info] > git config --local branch.main.vscode-merge-base [10ms]
2025-01-16 06:14:16.678 [info] > git config --local branch.main.vscode-merge-base [6ms]
2025-01-16 06:14:16.686 [info] > git for-each-ref --format=%(refname)%00%(upstream:short)%00%(objectname)%00%(upstream:track)%00%(upstream:remotename)%00%(upstream:remoteref) refs/heads/origin/main refs/remotes/origin/main [9ms]
2025-01-16 06:14:16.692 [info] > git for-each-ref --format=%(refname)%00%(upstream:short)%00%(objectname)%00%(upstream:track)%00%(upstream:remotename)%00%(upstream:remoteref) refs/heads/origin/main refs/remotes/origin/main [9ms]
2025-01-16 06:14:21.664 [info] > git config --get commit.template [14ms]
2025-01-16 06:14:21.670 [info] > git config --get commit.template [7ms]
2025-01-16 06:14:21.670 [info] > git for-each-ref --format=%(refname)%00%(upstream:short)%00%(objectname)%00%(upstream:track)%00%(upstream:remotename)%00%(upstream:remoteref) refs/heads/main refs/remotes/main [15ms]
2025-01-16 06:14:21.681 [info] > git for-each-ref --format=%(refname)%00%(upstream:short)%00%(objectname)%00%(upstream:track)%00%(upstream:remotename)%00%(upstream:remoteref) refs/heads/main refs/remotes/main [12ms]
2025-01-16 06:14:21.685 [warning] ENOENT: no such file or directory, open '/home/hwlee4/ICS45C/HW0/HW1/.git/refs/remotes/origin/main'
2025-01-16 06:14:21.691 [info] > git status -z -uall [15ms]
2025-01-16 06:14:21.699 [info] > git rev-parse refs/remotes/origin/main [14ms]
2025-01-16 06:14:21.710 [info] > git for-each-ref --format=%(refname)%00%(upstream:short)%00%(objectname)%00%(upstream:track)%00%(upstream:remotename)%00%(upstream:remoteref) refs/heads/main refs/remotes/main [13ms]
2025-01-16 06:14:21.721 [info] > git status -z -uall [15ms]
2025-01-16 06:14:21.732 [info] > git config --local branch.main.vscode-merge-base [15ms]
2025-01-16 06:14:21.742 [info] > git for-each-ref --format=%(refname)%00%(upstream:short)%00%(objectname)%00%(upstream:track)%00%(upstream:remotename)%00%(upstream:remoteref) refs/heads/main refs/remotes/main [12ms]
2025-01-16 06:14:21.749 [info] > git for-each-ref --format=%(refname)%00%(upstream:short)%00%(objectname)%00%(upstream:track)%00%(upstream:remotename)%00%(upstream:remoteref) refs/heads/origin/main refs/remotes/origin/main [10ms]
2025-01-16 06:14:21.753 [info] > git config --local branch.main.vscode-merge-base [5ms]
2025-01-16 06:14:21.768 [info] > git for-each-ref --format=%(refname)%00%(upstream:short)%00%(objectname)%00%(upstream:track)%00%(upstream:remotename)%00%(upstream:remoteref) refs/heads/origin/main refs/remotes/origin/main [9ms]
2025-01-16 06:14:27.366 [info] > git config --get commit.template [7ms]
2025-01-16 06:14:27.375 [info] > git config --get commit.template [11ms]
2025-01-16 06:14:27.385 [info] > git for-each-ref --format=%(refname)%00%(upstream:short)%00%(objectname)%00%(upstream:track)%00%(upstream:remotename)%00%(upstream:remoteref) refs/heads/main refs/remotes/main [14ms]
2025-01-16 06:14:27.391 [info] > git for-each-ref --format=%(refname)%00%(upstream:short)%00%(objectname)%00%(upstream:track)%00%(upstream:remotename)%00%(upstream:remoteref) refs/heads/main refs/remotes/main [17ms]
2025-01-16 06:14:27.396 [warning] ENOENT: no such file or directory, open '/home/hwlee4/ICS45C/HW0/HW1/.git/refs/remotes/origin/main'
2025-01-16 06:14:27.401 [info] > git rev-parse refs/remotes/origin/main [5ms]
2025-01-16 06:14:27.407 [info] > git status -z -uall [17ms]
2025-01-16 06:14:27.421 [info] > git status -z -uall [16ms]
2025-01-16 06:14:27.434 [info] > git for-each-ref --format=%(refname)%00%(upstream:short)%00%(objectname)%00%(upstream:track)%00%(upstream:remotename)%00%(upstream:remoteref) refs/heads/main refs/remotes/main [21ms]
2025-01-16 06:14:27.443 [info] > git for-each-ref --format=%(refname)%00%(upstream:short)%00%(objectname)%00%(upstream:track)%00%(upstream:remotename)%00%(upstream:remoteref) refs/heads/main refs/remotes/main [12ms]
2025-01-16 06:14:27.448 [info] > git config --local branch.main.vscode-merge-base [9ms]
2025-01-16 06:14:27.454 [info] > git config --local branch.main.vscode-merge-base [6ms]
2025-01-16 06:14:27.464 [info] > git for-each-ref --format=%(refname)%00%(upstream:short)%00%(objectname)%00%(upstream:track)%00%(upstream:remotename)%00%(upstream:remoteref) refs/heads/origin/main refs/remotes/origin/main [11ms]
2025-01-16 06:14:27.468 [info] > git for-each-ref --format=%(refname)%00%(upstream:short)%00%(objectname)%00%(upstream:track)%00%(upstream:remotename)%00%(upstream:remoteref) refs/heads/origin/main refs/remotes/origin/main [9ms]
2025-01-16 06:14:30.863 [info] > git add -A -- . [23ms]
2025-01-16 06:14:31.196 [info] > git rev-parse --show-toplevel [5ms]
2025-01-16 06:14:31.196 [info] fatal: this operation must be run in a work tree
2025-01-16 06:14:35.998 [info] > git -c user.useConfigOnly=true commit --quiet [5131ms]
2025-01-16 06:14:35.998 [info] Aborting commit due to empty commit message.
2025-01-16 06:14:36.009 [info] > git config --get commit.template [6ms]
2025-01-16 06:14:36.020 [info] > git for-each-ref --format=%(refname)%00%(upstream:short)%00%(objectname)%00%(upstream:track)%00%(upstream:remotename)%00%(upstream:remoteref) refs/heads/main refs/remotes/main [12ms]
2025-01-16 06:14:36.025 [warning] ENOENT: no such file or directory, open '/home/hwlee4/ICS45C/HW0/HW1/.git/refs/remotes/origin/main'
2025-01-16 06:14:36.030 [info] > git rev-parse refs/remotes/origin/main [5ms]
2025-01-16 06:14:36.051 [info] > git status -z -uall [16ms]
2025-01-16 06:14:36.070 [info] > git for-each-ref --format=%(refname)%00%(upstream:short)%00%(objectname)%00%(upstream:track)%00%(upstream:remotename)%00%(upstream:remoteref) refs/heads/main refs/remotes/main [13ms]
2025-01-16 06:14:36.080 [info] > git config --local branch.main.vscode-merge-base [4ms]
2025-01-16 06:14:36.095 [info] > git for-each-ref --format=%(refname)%00%(upstream:short)%00%(objectname)%00%(upstream:track)%00%(upstream:remotename)%00%(upstream:remoteref) refs/heads/origin/main refs/remotes/origin/main [8ms]
2025-01-16 06:14:36.414 [info] > git show --textconv :src/convert_knots.hpp [11ms]
2025-01-16 06:14:36.415 [info] > git ls-files --stage -- /home/hwlee4/ICS45C/HW0/HW1/src/convert_knots.hpp [6ms]
2025-01-16 06:14:36.429 [info] > git cat-file -s fc37de7e6a5c6715c074d611e11e886d7795bdb0 [10ms]
2025-01-16 06:14:51.946 [info] > git -c user.useConfigOnly=true commit --quiet --allow-empty-message --file - [54ms]
2025-01-16 06:14:51.956 [info] > git config --get commit.template [5ms]
2025-01-16 06:14:51.968 [info] > git config --get commit.template [6ms]
2025-01-16 06:14:51.984 [info] > git for-each-ref --format=%(refname)%00%(upstream:short)%00%(objectname)%00%(upstream:track)%00%(upstream:remotename)%00%(upstream:remoteref) refs/heads/main refs/remotes/main [17ms]
2025-01-16 06:14:51.989 [warning] ENOENT: no such file or directory, open '/home/hwlee4/ICS45C/HW0/HW1/.git/refs/remotes/origin/main'
2025-01-16 06:14:51.995 [info] > git rev-parse refs/remotes/origin/main [7ms]
2025-01-16 06:14:52.014 [info] > git status -z -uall [15ms]
2025-01-16 06:14:52.033 [info] > git for-each-ref --format=%(refname)%00%(upstream:short)%00%(objectname)%00%(upstream:track)%00%(upstream:remotename)%00%(upstream:remoteref) refs/heads/main refs/remotes/main [12ms]
2025-01-16 06:14:52.043 [info] > git config --local branch.main.vscode-merge-base [5ms]
2025-01-16 06:14:52.056 [info] > git for-each-ref --format=%(refname)%00%(upstream:short)%00%(objectname)%00%(upstream:track)%00%(upstream:remotename)%00%(upstream:remoteref) refs/heads/origin/main refs/remotes/origin/main [8ms]
2025-01-16 06:14:52.072 [info] > git merge-base refs/heads/main refs/remotes/origin/main [10ms]
2025-01-16 06:14:52.090 [info] > git rev-list --count --left-right refs/heads/main...refs/remotes/origin/main [12ms]
2025-01-16 06:14:52.098 [info] > git config --get commit.template [8ms]
2025-01-16 06:14:52.105 [info] > git diff --name-status -z --diff-filter=ADMR 018a88f24fb8bf2961fffd8b53a72ec5aa10dea1...refs/remotes/origin/main [9ms]
2025-01-16 06:14:52.115 [info] > git for-each-ref --format=%(refname)%00%(upstream:short)%00%(objectname)%00%(upstream:track)%00%(upstream:remotename)%00%(upstream:remoteref) refs/heads/main refs/remotes/main [12ms]
2025-01-16 06:14:52.119 [warning] ENOENT: no such file or directory, open '/home/hwlee4/ICS45C/HW0/HW1/.git/refs/remotes/origin/main'
2025-01-16 06:14:52.121 [info] > git merge-base refs/heads/main refs/remotes/origin/main [10ms]
2025-01-16 06:14:52.127 [info] > git rev-parse refs/remotes/origin/main [8ms]
2025-01-16 06:14:52.137 [info] > git rev-list --count --left-right refs/heads/main...refs/remotes/origin/main [10ms]
2025-01-16 06:14:52.147 [info] > git status -z -uall [15ms]
2025-01-16 06:14:52.165 [info] > git for-each-ref --format=%(refname)%00%(upstream:short)%00%(objectname)%00%(upstream:track)%00%(upstream:remotename)%00%(upstream:remoteref) refs/heads/main refs/remotes/main [12ms]
2025-01-16 06:14:52.176 [info] > git config --local branch.main.vscode-merge-base [5ms]
2025-01-16 06:14:52.190 [info] > git for-each-ref --format=%(refname)%00%(upstream:short)%00%(objectname)%00%(upstream:track)%00%(upstream:remotename)%00%(upstream:remoteref) refs/heads/origin/main refs/remotes/origin/main [9ms]
2025-01-16 06:14:53.321 [info] > git ls-files --stage -- /home/hwlee4/ICS45C/HW0/HW1/src/convert_knots.hpp [6ms]
2025-01-16 06:14:53.333 [info] > git cat-file -s fc37de7e6a5c6715c074d611e11e886d7795bdb0 [8ms]
2025-01-16 06:14:53.365 [info] > git show --textconv :src/convert_knots.hpp [15ms]
2025-01-16 06:16:57.030 [info] > git ls-files --stage -- /home/hwlee4/ICS45C/HW0/HW1/src/convert_knots.cpp [5ms]
2025-01-16 06:16:57.036 [info] > git show --textconv :src/convert_knots.cpp [16ms]
2025-01-16 06:16:57.041 [info] > git cat-file -s 0602a70ae91b47c421b029978963b825ed098eab [7ms]
2025-01-16 06:17:01.245 [info] > git ls-files --stage -- /home/hwlee4/ICS45C/HW0/HW1/gtest/knot_gtests.cpp [6ms]
2025-01-16 06:17:01.249 [info] > git show --textconv :gtest/knot_gtests.cpp [14ms]
2025-01-16 06:17:01.257 [info] > git cat-file -s 1e70f3c3f36d6ef2ea1fef9f02c884c184068873 [8ms]
2025-01-16 06:17:10.032 [info] > git show --textconv :src/convert_knots.cpp [10ms]
2025-01-16 06:17:10.033 [info] > git ls-files --stage -- /home/hwlee4/ICS45C/HW0/HW1/src/convert_knots.cpp [5ms]
2025-01-16 06:17:10.045 [info] > git cat-file -s 0602a70ae91b47c421b029978963b825ed098eab [7ms]
2025-01-16 06:17:13.009 [info] > git show --textconv :gtest/knot_gtests.cpp [10ms]
2025-01-16 06:17:13.011 [info] > git ls-files --stage -- /home/hwlee4/ICS45C/HW0/HW1/gtest/knot_gtests.cpp [6ms]
2025-01-16 06:17:13.024 [info] > git cat-file -s 1e70f3c3f36d6ef2ea1fef9f02c884c184068873 [7ms]
2025-01-16 06:17:14.629 [info] > git show --textconv :src/convert_knots.cpp [10ms]
2025-01-16 06:17:14.630 [info] > git ls-files --stage -- /home/hwlee4/ICS45C/HW0/HW1/src/convert_knots.cpp [7ms]
2025-01-16 06:17:14.642 [info] > git cat-file -s 0602a70ae91b47c421b029978963b825ed098eab [8ms]
2025-01-16 06:18:04.177 [info] > git ls-files --stage -- /home/hwlee4/ICS45C/HW0/HW1/gtest/knot_gtests.cpp [6ms]
2025-01-16 06:18:04.182 [info] > git show --textconv :gtest/knot_gtests.cpp [16ms]
2025-01-16 06:18:04.189 [info] > git cat-file -s 1e70f3c3f36d6ef2ea1fef9f02c884c184068873 [8ms]
2025-01-16 06:18:05.573 [info] > git show --textconv :src/convert_knots.hpp [10ms]
2025-01-16 06:18:05.574 [info] > git ls-files --stage -- /home/hwlee4/ICS45C/HW0/HW1/src/convert_knots.hpp [7ms]
2025-01-16 06:18:05.585 [info] > git cat-file -s fc37de7e6a5c6715c074d611e11e886d7795bdb0 [8ms]
2025-01-16 06:18:07.019 [info] > git ls-files --stage -- /home/hwlee4/ICS45C/HW0/HW1/gtest/knot_gtests.cpp [5ms]
2025-01-16 06:18:07.024 [info] > git show --textconv :gtest/knot_gtests.cpp [14ms]
2025-01-16 06:18:07.031 [info] > git cat-file -s 1e70f3c3f36d6ef2ea1fef9f02c884c184068873 [8ms]
2025-01-16 06:18:08.259 [info] > git show --textconv :src/convert_knots.cpp [9ms]
2025-01-16 06:18:08.259 [info] > git ls-files --stage -- /home/hwlee4/ICS45C/HW0/HW1/src/convert_knots.cpp [5ms]
2025-01-16 06:18:08.271 [info] > git cat-file -s 0602a70ae91b47c421b029978963b825ed098eab [8ms]
2025-01-16 06:18:24.939 [info] > git show --textconv :src/convert_knots.hpp [10ms]
2025-01-16 06:18:24.941 [info] > git ls-files --stage -- /home/hwlee4/ICS45C/HW0/HW1/src/convert_knots.hpp [7ms]
2025-01-16 06:18:24.953 [info] > git cat-file -s fc37de7e6a5c6715c074d611e11e886d7795bdb0 [8ms]
2025-01-16 06:18:38.588 [info] > git show --textconv :gtest/knot_gtests.cpp [11ms]
2025-01-16 06:18:38.588 [info] > git ls-files --stage -- /home/hwlee4/ICS45C/HW0/HW1/gtest/knot_gtests.cpp [6ms]
2025-01-16 06:18:38.600 [info] > git cat-file -s 1e70f3c3f36d6ef2ea1fef9f02c884c184068873 [7ms]
2025-01-16 06:18:57.083 [info] > git ls-files --stage -- /home/hwlee4/ICS45C/HW0/HW1/src/convert_knots.cpp [5ms]
2025-01-16 06:18:57.087 [info] > git show --textconv :src/convert_knots.cpp [13ms]
2025-01-16 06:18:57.094 [info] > git cat-file -s 0602a70ae91b47c421b029978963b825ed098eab [7ms]
