2025-01-22 23:54:06.261 [info] Log level: Info
2025-01-22 23:54:06.261 [info] Validating found git in: "git"
2025-01-22 23:54:06.261 [info] Using git "2.34.1" from "git"
2025-01-22 23:54:06.271 [info] > git rev-parse --show-toplevel [31ms]
2025-01-22 23:54:06.283 [info] > git rev-parse --path-format=relative --show-toplevel [6ms]
2025-01-22 23:54:06.295 [info] > git rev-parse --git-dir --git-common-dir [6ms]
2025-01-22 23:54:06.323 [info] Open repository: /home/hwlee4/ICS45C/HW2
2025-01-22 23:54:06.347 [info] > git config --get commit.template [9ms]
2025-01-22 23:54:06.348 [info] > git rev-parse --show-toplevel [16ms]
2025-01-22 23:54:06.355 [info] > git for-each-ref --format=%(refname)%00%(upstream:short)%00%(objectname)%00%(upstream:track)%00%(upstream:remotename)%00%(upstream:remoteref) refs/heads/main refs/remotes/main [12ms]
2025-01-22 23:54:06.361 [warning] ENOENT: no such file or directory, open '/home/hwlee4/ICS45C/HW2/.git/refs/remotes/origin/main'
2025-01-22 23:54:06.362 [info] > git rev-parse --path-format=relative --show-toplevel [10ms]
2025-01-22 23:54:06.436 [info] > git rev-parse --show-toplevel [69ms]
2025-01-22 23:54:06.440 [info] > git rev-parse refs/remotes/origin/main [79ms]
2025-01-22 23:54:06.455 [info] > git rev-parse --path-format=relative --show-toplevel [16ms]
2025-01-22 23:54:06.485 [info] > git rev-parse --show-toplevel [24ms]
2025-01-22 23:54:06.508 [info] > git rev-parse --path-format=relative --show-toplevel [20ms]
2025-01-22 23:54:06.558 [info] > git status -z -uall [112ms]
2025-01-22 23:54:06.593 [info] > git for-each-ref --format=%(refname)%00%(upstream:short)%00%(objectname)%00%(upstream:track)%00%(upstream:remotename)%00%(upstream:remoteref) refs/heads/main refs/remotes/main [27ms]
2025-01-22 23:54:06.601 [info] > git config --get commit.template [8ms]
2025-01-22 23:54:06.609 [info] > git config --local branch.main.vscode-merge-base [10ms]
2025-01-22 23:54:06.609 [warning] git config failed: Failed to execute git
2025-01-22 23:54:06.619 [info] > git for-each-ref --format=%(refname)%00%(upstream:short)%00%(objectname)%00%(upstream:track)%00%(upstream:remotename)%00%(upstream:remoteref) refs/heads/main refs/remotes/main [14ms]
2025-01-22 23:54:06.623 [warning] ENOENT: no such file or directory, open '/home/hwlee4/ICS45C/HW2/.git/refs/remotes/origin/main'
2025-01-22 23:54:06.627 [info] > git reflog main --grep-reflog=branch: Created from *. [14ms]
2025-01-22 23:54:06.687 [info] > git rev-parse refs/remotes/origin/main [65ms]
2025-01-22 23:54:06.723 [info] > git symbolic-ref --short refs/remotes/origin/HEAD [93ms]
2025-01-22 23:54:06.868 [info] > git status -z -uall [176ms]
2025-01-22 23:54:06.878 [info] > git for-each-ref --format=%(refname)%00%(upstream:short)%00%(objectname)%00%(upstream:track)%00%(upstream:remotename)%00%(upstream:remoteref) refs/heads/origin/main refs/remotes/origin/main [151ms]
2025-01-22 23:54:06.902 [info] > git config --local branch.main.vscode-merge-base origin/main [19ms]
2025-01-22 23:54:06.904 [info] > git for-each-ref --format=%(refname)%00%(upstream:short)%00%(objectname)%00%(upstream:track)%00%(upstream:remotename)%00%(upstream:remoteref) refs/heads/main refs/remotes/main [30ms]
2025-01-22 23:54:06.922 [info] > git config --get commit.template [8ms]
2025-01-22 23:54:06.923 [info] > git config --local branch.main.vscode-merge-base [12ms]
2025-01-22 23:54:07.017 [info] > git for-each-ref --format=%(refname)%00%(upstream:short)%00%(objectname)%00%(upstream:track)%00%(upstream:remotename)%00%(upstream:remoteref) refs/heads/origin/main refs/remotes/origin/main [90ms]
2025-01-22 23:54:07.023 [info] > git for-each-ref --format=%(refname)%00%(upstream:short)%00%(objectname)%00%(upstream:track)%00%(upstream:remotename)%00%(upstream:remoteref) refs/heads/main refs/remotes/main [104ms]
2025-01-22 23:54:07.027 [warning] ENOENT: no such file or directory, open '/home/hwlee4/ICS45C/HW2/.git/refs/remotes/origin/main'
2025-01-22 23:54:07.028 [info] > git check-ignore -v -z --stdin [12ms]
2025-01-22 23:54:07.032 [info] > git merge-base refs/heads/main refs/remotes/origin/main [10ms]
2025-01-22 23:54:07.038 [info] > git rev-parse refs/remotes/origin/main [11ms]
2025-01-22 23:54:07.048 [info] > git rev-list --count --left-right refs/heads/main...refs/remotes/origin/main [11ms]
2025-01-22 23:54:07.102 [info] > git diff --name-status -z --diff-filter=ADMR e5c45c2575fe36f933fecf62fc6c3652b4ce8eae...refs/remotes/origin/main [13ms]
2025-01-22 23:54:07.115 [info] > git status -z -uall [72ms]
2025-01-22 23:54:07.193 [info] > git for-each-ref --format=%(refname)%00%(upstream:short)%00%(objectname)%00%(upstream:track)%00%(upstream:remotename)%00%(upstream:remoteref) refs/heads/main refs/remotes/main [72ms]
2025-01-22 23:54:07.204 [info] > git config --local branch.main.vscode-merge-base [2ms]
2025-01-22 23:54:07.220 [info] > git for-each-ref --format=%(refname)%00%(upstream:short)%00%(objectname)%00%(upstream:track)%00%(upstream:remotename)%00%(upstream:remoteref) refs/heads/origin/main refs/remotes/origin/main [11ms]
2025-01-22 23:54:09.587 [info] > git check-ignore -v -z --stdin [8ms]
2025-01-22 23:54:12.102 [info] > git check-ignore -v -z --stdin [7ms]
2025-01-22 23:56:05.447 [info] > git check-ignore -v -z --stdin [10ms]
2025-01-23 00:03:40.536 [info] > git config --get commit.template [7ms]
2025-01-23 00:03:40.549 [info] > git for-each-ref --format=%(refname)%00%(upstream:short)%00%(objectname)%00%(upstream:track)%00%(upstream:remotename)%00%(upstream:remoteref) refs/heads/main refs/remotes/main [15ms]
2025-01-23 00:03:40.554 [warning] ENOENT: no such file or directory, open '/home/hwlee4/ICS45C/HW2/.git/refs/remotes/origin/main'
2025-01-23 00:03:40.560 [info] > git rev-parse refs/remotes/origin/main [6ms]
2025-01-23 00:03:40.617 [info] > git status -z -uall [52ms]
2025-01-23 00:03:40.637 [info] > git for-each-ref --format=%(refname)%00%(upstream:short)%00%(objectname)%00%(upstream:track)%00%(upstream:remotename)%00%(upstream:remoteref) refs/heads/main refs/remotes/main [12ms]
2025-01-23 00:03:40.648 [info] > git config --local branch.main.vscode-merge-base [5ms]
2025-01-23 00:03:40.665 [info] > git for-each-ref --format=%(refname)%00%(upstream:short)%00%(objectname)%00%(upstream:track)%00%(upstream:remotename)%00%(upstream:remoteref) refs/heads/origin/main refs/remotes/origin/main [9ms]
2025-01-23 00:03:43.909 [info] > git show --textconv :src/coins_menu.cpp [11ms]
2025-01-23 00:03:43.912 [info] > git ls-files --stage -- /home/hwlee4/ICS45C/HW2/src/coins_menu.cpp [7ms]
2025-01-23 00:03:43.927 [info] > git cat-file -s e69de29bb2d1d6434b8b29ae775ad8c2e48c5391 [11ms]
