2025-01-16 00:14:04.821 [info] Log level: Info
2025-01-16 00:14:04.821 [info] Validating found git in: "git"
2025-01-16 00:14:04.821 [info] Using git "2.34.1" from "git"
2025-01-16 00:14:04.821 [info] > git rev-parse --show-toplevel [7ms]
2025-01-16 00:14:04.821 [info] > git rev-parse --path-format=relative --show-toplevel [7ms]
2025-01-16 00:14:04.826 [info] > git rev-parse --git-dir --git-common-dir [7ms]
2025-01-16 00:14:04.882 [info] Open repository: /home/hwlee4/ICS45C/HW0
2025-01-16 00:14:04.904 [info] > git rev-parse --show-toplevel [9ms]
2025-01-16 00:14:04.910 [info] > git config --get commit.template [18ms]
2025-01-16 00:14:04.921 [info] > git for-each-ref --format=%(refname)%00%(upstream:short)%00%(objectname)%00%(upstream:track)%00%(upstream:remotename)%00%(upstream:remoteref) refs/heads/main refs/remotes/main [19ms]
2025-01-16 00:14:04.922 [info] > git rev-parse --path-format=relative --show-toplevel [13ms]
2025-01-16 00:14:04.998 [info] > git rev-parse --show-toplevel [10ms]
2025-01-16 00:14:05.013 [info] > git rev-parse --path-format=relative --show-toplevel [9ms]
2025-01-16 00:14:05.082 [info] > git status -z -uall [88ms]
2025-01-16 00:14:05.112 [info] > git for-each-ref --format=%(refname)%00%(upstream:short)%00%(objectname)%00%(upstream:track)%00%(upstream:remotename)%00%(upstream:remoteref) refs/heads/main refs/remotes/main [21ms]
2025-01-16 00:14:05.118 [info] > git rev-parse --show-toplevel [37ms]
2025-01-16 00:14:05.124 [info] > git config --local branch.main.vscode-merge-base [6ms]
2025-01-16 00:14:05.130 [info] > git config --get commit.template [19ms]
2025-01-16 00:14:05.132 [info] > git rev-parse --path-format=relative --show-toplevel [10ms]
2025-01-16 00:14:05.184 [info] > git for-each-ref --format=%(refname)%00%(upstream:short)%00%(objectname)%00%(upstream:track)%00%(upstream:remotename)%00%(upstream:remoteref) refs/heads/origin/main refs/remotes/origin/main [55ms]
2025-01-16 00:14:05.193 [info] > git for-each-ref --format=%(refname)%00%(upstream:short)%00%(objectname)%00%(upstream:track)%00%(upstream:remotename)%00%(upstream:remoteref) refs/heads/main refs/remotes/main [57ms]
2025-01-16 00:14:05.194 [info] > git rev-parse --show-toplevel [12ms]
2025-01-16 00:14:05.266 [info] > git rev-parse --path-format=relative --show-toplevel [68ms]
2025-01-16 00:14:05.274 [info] > git merge-base refs/heads/main refs/remotes/origin/main [82ms]
2025-01-16 00:14:05.291 [info] > git rev-list --count --left-right refs/heads/main...refs/remotes/origin/main [12ms]
2025-01-16 00:14:05.298 [info] > git status -z -uall [15ms]
2025-01-16 00:14:05.308 [info] > git diff --name-status -z --diff-filter=ADMR bddd0b0d0cfc38d0bcdb3142f43ffb36c1294495...refs/remotes/origin/main [12ms]
2025-01-16 00:14:05.316 [info] > git for-each-ref --format=%(refname)%00%(upstream:short)%00%(objectname)%00%(upstream:track)%00%(upstream:remotename)%00%(upstream:remoteref) refs/heads/main refs/remotes/main [12ms]
2025-01-16 00:14:05.326 [info] > git config --local branch.main.vscode-merge-base [5ms]
2025-01-16 00:14:05.341 [info] > git for-each-ref --format=%(refname)%00%(upstream:short)%00%(objectname)%00%(upstream:track)%00%(upstream:remotename)%00%(upstream:remoteref) refs/heads/origin/main refs/remotes/origin/main [10ms]
2025-01-16 00:14:05.803 [info] > git check-ignore -v -z --stdin [8ms]
2025-01-16 00:14:12.421 [info] > git show --textconv :src/main.cpp [11ms]
2025-01-16 00:14:12.422 [info] > git ls-files --stage -- /home/hwlee4/ICS45C/HW0/src/main.cpp [7ms]
2025-01-16 00:14:12.436 [info] > git cat-file -s d9602db94e5ab707552d62d26469790ce2ec52b3 [8ms]
2025-01-16 00:15:55.281 [info] > git check-ignore -v -z --stdin [6ms]
2025-01-16 00:17:38.944 [info] > git config --get commit.template [6ms]
2025-01-16 00:17:38.954 [info] > git for-each-ref --format=%(refname)%00%(upstream:short)%00%(objectname)%00%(upstream:track)%00%(upstream:remotename)%00%(upstream:remoteref) refs/heads/main refs/remotes/main [13ms]
2025-01-16 00:17:38.984 [info] > git status -z -uall [24ms]
2025-01-16 00:17:39.004 [info] > git for-each-ref --format=%(refname)%00%(upstream:short)%00%(objectname)%00%(upstream:track)%00%(upstream:remotename)%00%(upstream:remoteref) refs/heads/main refs/remotes/main [12ms]
2025-01-16 00:17:39.013 [info] > git config --local branch.main.vscode-merge-base [5ms]
2025-01-16 00:17:39.026 [info] > git for-each-ref --format=%(refname)%00%(upstream:short)%00%(objectname)%00%(upstream:track)%00%(upstream:remotename)%00%(upstream:remoteref) refs/heads/origin/main refs/remotes/origin/main [9ms]
2025-01-16 02:22:02.807 [info] > git config --get commit.template [7ms]
2025-01-16 02:22:02.821 [info] > git for-each-ref --format=%(refname)%00%(upstream:short)%00%(objectname)%00%(upstream:track)%00%(upstream:remotename)%00%(upstream:remoteref) refs/heads/main refs/remotes/main [16ms]
2025-01-16 02:22:02.855 [info] > git status -z -uall [25ms]
2025-01-16 02:22:02.876 [info] > git for-each-ref --format=%(refname)%00%(upstream:short)%00%(objectname)%00%(upstream:track)%00%(upstream:remotename)%00%(upstream:remoteref) refs/heads/main refs/remotes/main [11ms]
2025-01-16 02:22:02.886 [info] > git config --local branch.main.vscode-merge-base [5ms]
2025-01-16 02:22:02.901 [info] > git for-each-ref --format=%(refname)%00%(upstream:short)%00%(objectname)%00%(upstream:track)%00%(upstream:remotename)%00%(upstream:remoteref) refs/heads/origin/main refs/remotes/origin/main [10ms]
2025-01-16 02:23:19.154 [info] > git config --get commit.template [5ms]
2025-01-16 02:23:19.168 [info] > git for-each-ref --format=%(refname)%00%(upstream:short)%00%(objectname)%00%(upstream:track)%00%(upstream:remotename)%00%(upstream:remoteref) refs/heads/main refs/remotes/main [16ms]
2025-01-16 02:23:19.203 [info] > git status -z -uall [28ms]
2025-01-16 02:23:19.224 [info] > git for-each-ref --format=%(refname)%00%(upstream:short)%00%(objectname)%00%(upstream:track)%00%(upstream:remotename)%00%(upstream:remoteref) refs/heads/main refs/remotes/main [14ms]
2025-01-16 02:23:19.234 [info] > git config --local branch.main.vscode-merge-base [4ms]
2025-01-16 02:23:19.250 [info] > git for-each-ref --format=%(refname)%00%(upstream:short)%00%(objectname)%00%(upstream:track)%00%(upstream:remotename)%00%(upstream:remoteref) refs/heads/origin/main refs/remotes/origin/main [11ms]
2025-01-16 03:00:40.239 [info] > git config --get commit.template [9ms]
2025-01-16 03:00:40.254 [info] > git for-each-ref --format=%(refname)%00%(upstream:short)%00%(objectname)%00%(upstream:track)%00%(upstream:remotename)%00%(upstream:remoteref) refs/heads/main refs/remotes/main [17ms]
2025-01-16 03:00:40.288 [info] > git status -z -uall [26ms]
2025-01-16 03:00:40.307 [info] > git for-each-ref --format=%(refname)%00%(upstream:short)%00%(objectname)%00%(upstream:track)%00%(upstream:remotename)%00%(upstream:remoteref) refs/heads/main refs/remotes/main [12ms]
2025-01-16 03:00:40.317 [info] > git config --local branch.main.vscode-merge-base [4ms]
2025-01-16 03:00:40.331 [info] > git for-each-ref --format=%(refname)%00%(upstream:short)%00%(objectname)%00%(upstream:track)%00%(upstream:remotename)%00%(upstream:remoteref) refs/heads/origin/main refs/remotes/origin/main [10ms]
2025-01-16 03:12:27.039 [info] > git config --get commit.template [6ms]
2025-01-16 03:12:27.054 [info] > git for-each-ref --format=%(refname)%00%(upstream:short)%00%(objectname)%00%(upstream:track)%00%(upstream:remotename)%00%(upstream:remoteref) refs/heads/main refs/remotes/main [17ms]
2025-01-16 03:12:27.086 [info] > git status -z -uall [26ms]
2025-01-16 03:12:27.106 [info] > git for-each-ref --format=%(refname)%00%(upstream:short)%00%(objectname)%00%(upstream:track)%00%(upstream:remotename)%00%(upstream:remoteref) refs/heads/main refs/remotes/main [12ms]
2025-01-16 03:12:27.116 [info] > git config --local branch.main.vscode-merge-base [5ms]
2025-01-16 03:12:27.131 [info] > git for-each-ref --format=%(refname)%00%(upstream:short)%00%(objectname)%00%(upstream:track)%00%(upstream:remotename)%00%(upstream:remoteref) refs/heads/origin/main refs/remotes/origin/main [10ms]
2025-01-16 03:12:32.110 [info] > git config --get commit.template [6ms]
2025-01-16 03:12:32.123 [info] > git for-each-ref --format=%(refname)%00%(upstream:short)%00%(objectname)%00%(upstream:track)%00%(upstream:remotename)%00%(upstream:remoteref) refs/heads/main refs/remotes/main [14ms]
2025-01-16 03:12:32.146 [info] > git status -z -uall [17ms]
2025-01-16 03:12:32.170 [info] > git for-each-ref --format=%(refname)%00%(upstream:short)%00%(objectname)%00%(upstream:track)%00%(upstream:remotename)%00%(upstream:remoteref) refs/heads/main refs/remotes/main [17ms]
2025-01-16 03:12:32.180 [info] > git config --local branch.main.vscode-merge-base [5ms]
2025-01-16 03:12:32.194 [info] > git for-each-ref --format=%(refname)%00%(upstream:short)%00%(objectname)%00%(upstream:track)%00%(upstream:remotename)%00%(upstream:remoteref) refs/heads/origin/main refs/remotes/origin/main [10ms]
2025-01-16 03:12:55.789 [info] > git ls-files --stage -- /home/hwlee4/ICS45C/HW0/src/main.cpp [6ms]
2025-01-16 03:12:55.796 [info] > git show --textconv :src/main.cpp [17ms]
2025-01-16 03:12:55.804 [info] > git cat-file -s d9602db94e5ab707552d62d26469790ce2ec52b3 [8ms]
2025-01-16 03:13:03.810 [info] > git check-ignore -v -z --stdin [7ms]
2025-01-16 03:13:11.104 [info] > git check-ignore -v -z --stdin [7ms]
2025-01-16 03:13:12.326 [info] > git show --textconv :HW1/gtest/count_gtests.cpp [6ms]
2025-01-16 03:13:12.329 [info] > git ls-files --stage -- /home/hwlee4/ICS45C/HW0/HW1/gtest/count_gtests.cpp [6ms]
2025-01-16 03:13:19.107 [info] > git check-ignore -v -z --stdin [7ms]
2025-01-16 03:13:19.798 [info] > git check-ignore -v -z --stdin [7ms]
2025-01-16 03:13:23.785 [info] > git check-ignore -v -z --stdin [8ms]
2025-01-16 03:13:24.940 [info] > git show --textconv :HW1/src/convert_knots.cpp [6ms]
2025-01-16 03:13:24.944 [info] > git ls-files --stage -- /home/hwlee4/ICS45C/HW0/HW1/src/convert_knots.cpp [6ms]
2025-01-16 03:13:25.727 [info] > git show --textconv :HW1/src/letter_count.cpp [6ms]
2025-01-16 03:13:25.731 [info] > git ls-files --stage -- /home/hwlee4/ICS45C/HW0/HW1/src/letter_count.cpp [6ms]
2025-01-16 03:13:36.942 [info] > git config --get commit.template [5ms]
2025-01-16 03:13:36.955 [info] > git for-each-ref --format=%(refname)%00%(upstream:short)%00%(objectname)%00%(upstream:track)%00%(upstream:remotename)%00%(upstream:remoteref) refs/heads/main refs/remotes/main [13ms]
2025-01-16 03:13:36.983 [info] > git status -z -uall [23ms]
2025-01-16 03:13:37.001 [info] > git for-each-ref --format=%(refname)%00%(upstream:short)%00%(objectname)%00%(upstream:track)%00%(upstream:remotename)%00%(upstream:remoteref) refs/heads/main refs/remotes/main [12ms]
2025-01-16 03:13:37.010 [info] > git config --local branch.main.vscode-merge-base [4ms]
2025-01-16 03:13:37.024 [info] > git for-each-ref --format=%(refname)%00%(upstream:short)%00%(objectname)%00%(upstream:track)%00%(upstream:remotename)%00%(upstream:remoteref) refs/heads/origin/main refs/remotes/origin/main [9ms]
2025-01-16 03:13:39.473 [info] > git show --textconv :HW1/src/convert_knots.cpp [6ms]
2025-01-16 03:13:39.478 [info] > git ls-files --stage -- /home/hwlee4/ICS45C/HW0/HW1/src/convert_knots.cpp [6ms]
2025-01-16 03:13:40.253 [info] > git show --textconv :HW1/src/letter_count.cpp [6ms]
2025-01-16 03:13:40.258 [info] > git ls-files --stage -- /home/hwlee4/ICS45C/HW0/HW1/src/letter_count.cpp [7ms]
2025-01-16 03:13:43.383 [info] > git show --textconv :HW1/src/convert_knots.cpp [6ms]
2025-01-16 03:13:43.388 [info] > git ls-files --stage -- /home/hwlee4/ICS45C/HW0/HW1/src/convert_knots.cpp [6ms]
2025-01-16 03:13:44.315 [info] > git config --get commit.template [6ms]
2025-01-16 03:13:44.325 [info] > git for-each-ref --format=%(refname)%00%(upstream:short)%00%(objectname)%00%(upstream:track)%00%(upstream:remotename)%00%(upstream:remoteref) refs/heads/main refs/remotes/main [11ms]
2025-01-16 03:13:44.347 [info] > git status -z -uall [16ms]
2025-01-16 03:13:44.365 [info] > git for-each-ref --format=%(refname)%00%(upstream:short)%00%(objectname)%00%(upstream:track)%00%(upstream:remotename)%00%(upstream:remoteref) refs/heads/main refs/remotes/main [12ms]
2025-01-16 03:13:44.374 [info] > git config --local branch.main.vscode-merge-base [4ms]
2025-01-16 03:13:44.390 [info] > git for-each-ref --format=%(refname)%00%(upstream:short)%00%(objectname)%00%(upstream:track)%00%(upstream:remotename)%00%(upstream:remoteref) refs/heads/origin/main refs/remotes/origin/main [10ms]
2025-01-16 03:13:56.714 [info] > git config --get commit.template [6ms]
2025-01-16 03:13:56.725 [info] > git for-each-ref --format=%(refname)%00%(upstream:short)%00%(objectname)%00%(upstream:track)%00%(upstream:remotename)%00%(upstream:remoteref) refs/heads/main refs/remotes/main [11ms]
2025-01-16 03:13:56.747 [info] > git status -z -uall [15ms]
2025-01-16 03:13:56.765 [info] > git for-each-ref --format=%(refname)%00%(upstream:short)%00%(objectname)%00%(upstream:track)%00%(upstream:remotename)%00%(upstream:remoteref) refs/heads/main refs/remotes/main [12ms]
2025-01-16 03:13:56.776 [info] > git config --local branch.main.vscode-merge-base [3ms]
2025-01-16 03:13:56.792 [info] > git for-each-ref --format=%(refname)%00%(upstream:short)%00%(objectname)%00%(upstream:track)%00%(upstream:remotename)%00%(upstream:remoteref) refs/heads/origin/main refs/remotes/origin/main [11ms]
2025-01-16 03:13:58.766 [info] > git show --textconv :HW1/src/convert_knots.hpp [6ms]
2025-01-16 03:13:58.770 [info] > git ls-files --stage -- /home/hwlee4/ICS45C/HW0/HW1/src/convert_knots.hpp [6ms]
2025-01-16 03:13:59.878 [info] > git show --textconv :HW1/src/convert_knots.cpp [6ms]
2025-01-16 03:13:59.882 [info] > git ls-files --stage -- /home/hwlee4/ICS45C/HW0/HW1/src/convert_knots.cpp [6ms]
2025-01-16 03:14:02.404 [info] > git show --textconv :HW1/src/convert_knots.hpp [5ms]
2025-01-16 03:14:02.410 [info] > git ls-files --stage -- /home/hwlee4/ICS45C/HW0/HW1/src/convert_knots.hpp [7ms]
2025-01-16 03:14:03.426 [info] > git config --get commit.template [9ms]
2025-01-16 03:14:03.437 [info] > git for-each-ref --format=%(refname)%00%(upstream:short)%00%(objectname)%00%(upstream:track)%00%(upstream:remotename)%00%(upstream:remoteref) refs/heads/main refs/remotes/main [12ms]
2025-01-16 03:14:03.460 [info] > git status -z -uall [15ms]
2025-01-16 03:14:03.481 [info] > git for-each-ref --format=%(refname)%00%(upstream:short)%00%(objectname)%00%(upstream:track)%00%(upstream:remotename)%00%(upstream:remoteref) refs/heads/main refs/remotes/main [12ms]
2025-01-16 03:14:03.491 [info] > git config --local branch.main.vscode-merge-base [4ms]
2025-01-16 03:14:03.507 [info] > git for-each-ref --format=%(refname)%00%(upstream:short)%00%(objectname)%00%(upstream:track)%00%(upstream:remotename)%00%(upstream:remoteref) refs/heads/origin/main refs/remotes/origin/main [10ms]
2025-01-16 03:14:08.483 [info] > git config --get commit.template [6ms]
2025-01-16 03:14:08.495 [info] > git for-each-ref --format=%(refname)%00%(upstream:short)%00%(objectname)%00%(upstream:track)%00%(upstream:remotename)%00%(upstream:remoteref) refs/heads/main refs/remotes/main [13ms]
2025-01-16 03:14:08.518 [info] > git status -z -uall [16ms]
2025-01-16 03:14:08.537 [info] > git for-each-ref --format=%(refname)%00%(upstream:short)%00%(objectname)%00%(upstream:track)%00%(upstream:remotename)%00%(upstream:remoteref) refs/heads/main refs/remotes/main [13ms]
2025-01-16 03:14:08.547 [info] > git config --local branch.main.vscode-merge-base [6ms]
2025-01-16 03:14:08.561 [info] > git for-each-ref --format=%(refname)%00%(upstream:short)%00%(objectname)%00%(upstream:track)%00%(upstream:remotename)%00%(upstream:remoteref) refs/heads/origin/main refs/remotes/origin/main [10ms]
2025-01-16 03:14:23.984 [info] > git show --textconv :HW1/src/convert_knots.cpp [7ms]
2025-01-16 03:14:23.990 [info] > git ls-files --stage -- /home/hwlee4/ICS45C/HW0/HW1/src/convert_knots.cpp [7ms]
2025-01-16 03:14:26.664 [info] > git config --get commit.template [5ms]
2025-01-16 03:14:26.675 [info] > git for-each-ref --format=%(refname)%00%(upstream:short)%00%(objectname)%00%(upstream:track)%00%(upstream:remotename)%00%(upstream:remoteref) refs/heads/main refs/remotes/main [12ms]
2025-01-16 03:14:26.696 [info] > git status -z -uall [15ms]
2025-01-16 03:14:26.714 [info] > git for-each-ref --format=%(refname)%00%(upstream:short)%00%(objectname)%00%(upstream:track)%00%(upstream:remotename)%00%(upstream:remoteref) refs/heads/main refs/remotes/main [12ms]
2025-01-16 03:14:26.724 [info] > git config --local branch.main.vscode-merge-base [4ms]
2025-01-16 03:14:26.739 [info] > git for-each-ref --format=%(refname)%00%(upstream:short)%00%(objectname)%00%(upstream:track)%00%(upstream:remotename)%00%(upstream:remoteref) refs/heads/origin/main refs/remotes/origin/main [10ms]
2025-01-16 03:15:10.426 [info] > git show --textconv :HW1/gtest/knot_gtests.cpp [7ms]
2025-01-16 03:15:10.430 [info] > git ls-files --stage -- /home/hwlee4/ICS45C/HW0/HW1/gtest/knot_gtests.cpp [7ms]
2025-01-16 03:15:17.372 [info] > git config --get commit.template [7ms]
2025-01-16 03:15:17.384 [info] > git for-each-ref --format=%(refname)%00%(upstream:short)%00%(objectname)%00%(upstream:track)%00%(upstream:remotename)%00%(upstream:remoteref) refs/heads/main refs/remotes/main [14ms]
2025-01-16 03:15:17.415 [info] > git status -z -uall [25ms]
2025-01-16 03:15:17.433 [info] > git for-each-ref --format=%(refname)%00%(upstream:short)%00%(objectname)%00%(upstream:track)%00%(upstream:remotename)%00%(upstream:remoteref) refs/heads/main refs/remotes/main [12ms]
2025-01-16 03:15:17.442 [info] > git config --local branch.main.vscode-merge-base [5ms]
2025-01-16 03:15:17.456 [info] > git for-each-ref --format=%(refname)%00%(upstream:short)%00%(objectname)%00%(upstream:track)%00%(upstream:remotename)%00%(upstream:remoteref) refs/heads/origin/main refs/remotes/origin/main [10ms]
2025-01-16 03:15:22.435 [info] > git config --get commit.template [6ms]
2025-01-16 03:15:22.446 [info] > git for-each-ref --format=%(refname)%00%(upstream:short)%00%(objectname)%00%(upstream:track)%00%(upstream:remotename)%00%(upstream:remoteref) refs/heads/main refs/remotes/main [12ms]
2025-01-16 03:15:22.467 [info] > git status -z -uall [15ms]
2025-01-16 03:15:22.486 [info] > git for-each-ref --format=%(refname)%00%(upstream:short)%00%(objectname)%00%(upstream:track)%00%(upstream:remotename)%00%(upstream:remoteref) refs/heads/main refs/remotes/main [12ms]
2025-01-16 03:15:22.496 [info] > git config --local branch.main.vscode-merge-base [4ms]
2025-01-16 03:15:22.511 [info] > git for-each-ref --format=%(refname)%00%(upstream:short)%00%(objectname)%00%(upstream:track)%00%(upstream:remotename)%00%(upstream:remoteref) refs/heads/origin/main refs/remotes/origin/main [10ms]
2025-01-16 03:16:16.440 [info] > git config --get commit.template [5ms]
2025-01-16 03:16:16.452 [info] > git for-each-ref --format=%(refname)%00%(upstream:short)%00%(objectname)%00%(upstream:track)%00%(upstream:remotename)%00%(upstream:remoteref) refs/heads/main refs/remotes/main [12ms]
2025-01-16 03:16:16.473 [info] > git status -z -uall [15ms]
2025-01-16 03:16:16.493 [info] > git for-each-ref --format=%(refname)%00%(upstream:short)%00%(objectname)%00%(upstream:track)%00%(upstream:remotename)%00%(upstream:remoteref) refs/heads/main refs/remotes/main [12ms]
2025-01-16 03:16:16.502 [info] > git config --local branch.main.vscode-merge-base [5ms]
2025-01-16 03:16:16.516 [info] > git for-each-ref --format=%(refname)%00%(upstream:short)%00%(objectname)%00%(upstream:track)%00%(upstream:remotename)%00%(upstream:remoteref) refs/heads/origin/main refs/remotes/origin/main [10ms]
2025-01-16 03:16:21.493 [info] > git config --get commit.template [6ms]
2025-01-16 03:16:21.506 [info] > git for-each-ref --format=%(refname)%00%(upstream:short)%00%(objectname)%00%(upstream:track)%00%(upstream:remotename)%00%(upstream:remoteref) refs/heads/main refs/remotes/main [14ms]
2025-01-16 03:16:21.534 [info] > git status -z -uall [24ms]
2025-01-16 03:16:21.551 [info] > git for-each-ref --format=%(refname)%00%(upstream:short)%00%(objectname)%00%(upstream:track)%00%(upstream:remotename)%00%(upstream:remoteref) refs/heads/main refs/remotes/main [11ms]
2025-01-16 03:16:21.559 [info] > git config --local branch.main.vscode-merge-base [4ms]
2025-01-16 03:16:21.572 [info] > git for-each-ref --format=%(refname)%00%(upstream:short)%00%(objectname)%00%(upstream:track)%00%(upstream:remotename)%00%(upstream:remoteref) refs/heads/origin/main refs/remotes/origin/main [9ms]
2025-01-16 03:16:31.666 [info] > git show --textconv :HW1/src/convert_knots.hpp [6ms]
2025-01-16 03:16:31.671 [info] > git ls-files --stage -- /home/hwlee4/ICS45C/HW0/HW1/src/convert_knots.hpp [6ms]
2025-01-16 03:16:32.529 [info] > git show --textconv :HW1/gtest/knot_gtests.cpp [7ms]
2025-01-16 03:16:32.533 [info] > git ls-files --stage -- /home/hwlee4/ICS45C/HW0/HW1/gtest/knot_gtests.cpp [6ms]
2025-01-16 03:16:32.992 [info] > git show --textconv :HW1/src/convert_knots.cpp [6ms]
2025-01-16 03:16:32.997 [info] > git ls-files --stage -- /home/hwlee4/ICS45C/HW0/HW1/src/convert_knots.cpp [6ms]
2025-01-16 03:16:33.539 [info] > git show --textconv :HW1/gtest/knot_gtests.cpp [6ms]
2025-01-16 03:16:33.545 [info] > git ls-files --stage -- /home/hwlee4/ICS45C/HW0/HW1/gtest/knot_gtests.cpp [8ms]
2025-01-16 03:18:17.118 [info] > git show --textconv :HW1/src/convert_knots.cpp [8ms]
2025-01-16 03:18:17.122 [info] > git ls-files --stage -- /home/hwlee4/ICS45C/HW0/HW1/src/convert_knots.cpp [7ms]
2025-01-16 03:18:18.231 [info] > git show --textconv :HW1/src/convert_knots.hpp [7ms]
2025-01-16 03:18:18.235 [info] > git ls-files --stage -- /home/hwlee4/ICS45C/HW0/HW1/src/convert_knots.hpp [7ms]
2025-01-16 03:18:22.337 [info] > git show --textconv :HW1/gtest/knot_gtests.cpp [6ms]
2025-01-16 03:18:22.342 [info] > git ls-files --stage -- /home/hwlee4/ICS45C/HW0/HW1/gtest/knot_gtests.cpp [6ms]
2025-01-16 03:18:24.232 [info] > git show --textconv :HW1/src/convert_knots.hpp [5ms]
2025-01-16 03:18:24.237 [info] > git ls-files --stage -- /home/hwlee4/ICS45C/HW0/HW1/src/convert_knots.hpp [7ms]
2025-01-16 03:18:25.101 [info] > git show --textconv :HW1/gtest/knot_gtests.cpp [7ms]
2025-01-16 03:18:25.104 [info] > git ls-files --stage -- /home/hwlee4/ICS45C/HW0/HW1/gtest/knot_gtests.cpp [6ms]
2025-01-16 03:18:32.590 [info] > git show --textconv :HW1/src/convert_knots.cpp [6ms]
2025-01-16 03:18:32.596 [info] > git ls-files --stage -- /home/hwlee4/ICS45C/HW0/HW1/src/convert_knots.cpp [6ms]
2025-01-16 03:19:24.758 [info] > git show --textconv :HW1/gtest/knot_gtests.cpp [8ms]
2025-01-16 03:19:24.761 [info] > git ls-files --stage -- /home/hwlee4/ICS45C/HW0/HW1/gtest/knot_gtests.cpp [6ms]
2025-01-16 03:19:28.050 [info] > git show --textconv :HW1/src/convert_knots.hpp [7ms]
2025-01-16 03:19:28.055 [info] > git ls-files --stage -- /home/hwlee4/ICS45C/HW0/HW1/src/convert_knots.hpp [7ms]
2025-01-16 03:20:24.979 [info] > git show --textconv :HW1/src/letter_count.cpp [8ms]
2025-01-16 03:20:24.981 [info] > git ls-files --stage -- /home/hwlee4/ICS45C/HW0/HW1/src/letter_count.cpp [6ms]
2025-01-16 03:20:25.835 [info] > git show --textconv :HW1/src/convert_knots.hpp [6ms]
2025-01-16 03:20:25.841 [info] > git ls-files --stage -- /home/hwlee4/ICS45C/HW0/HW1/src/convert_knots.hpp [7ms]
2025-01-16 03:21:09.593 [info] > git show --textconv :HW1/gtest/knot_gtests.cpp [6ms]
2025-01-16 03:21:09.597 [info] > git ls-files --stage -- /home/hwlee4/ICS45C/HW0/HW1/gtest/knot_gtests.cpp [6ms]
2025-01-16 03:21:10.436 [info] > git show --textconv :HW1/src/convert_knots.cpp [7ms]
2025-01-16 03:21:10.442 [info] > git ls-files --stage -- /home/hwlee4/ICS45C/HW0/HW1/src/convert_knots.cpp [7ms]
