2025-01-13 23:07:01.512 [info] Log level: Info
2025-01-13 23:07:01.512 [info] Validating found git in: "git"
2025-01-13 23:07:01.512 [info] Using git "2.34.1" from "git"
2025-01-13 23:07:01.512 [info] > git rev-parse --show-toplevel [6ms]
2025-01-13 23:07:01.512 [info] > git rev-parse --path-format=relative --show-toplevel [7ms]
2025-01-13 23:07:01.516 [info] > git rev-parse --git-dir --git-common-dir [6ms]
2025-01-13 23:07:01.542 [info] Open repository: /home/hwlee4/ICS45C/HW0
2025-01-13 23:07:01.558 [info] > git config --get commit.template [6ms]
2025-01-13 23:07:01.565 [info] > git rev-parse --show-toplevel [10ms]
2025-01-13 23:07:01.574 [info] > git rev-parse --path-format=relative --show-toplevel [5ms]
2025-01-13 23:07:01.580 [info] > git for-each-ref --format=%(refname)%00%(upstream:short)%00%(objectname)%00%(upstream:track)%00%(upstream:remotename)%00%(upstream:remoteref) refs/heads/main refs/remotes/main [16ms]
2025-01-13 23:07:01.588 [info] > git rev-parse --show-toplevel [9ms]
2025-01-13 23:07:01.597 [info] > git rev-parse --path-format=relative --show-toplevel [5ms]
2025-01-13 23:07:01.603 [info] > git status -z -uall [17ms]
2025-01-13 23:07:01.630 [info] > git for-each-ref --format=%(refname)%00%(upstream:short)%00%(objectname)%00%(upstream:track)%00%(upstream:remotename)%00%(upstream:remoteref) refs/heads/main refs/remotes/main [20ms]
2025-01-13 23:07:01.636 [info] > git rev-parse --show-toplevel [35ms]
2025-01-13 23:07:01.641 [info] > git config --local branch.main.vscode-merge-base [6ms]
2025-01-13 23:07:01.647 [info] > git config --get commit.template [17ms]
2025-01-13 23:07:01.648 [info] > git rev-parse --path-format=relative --show-toplevel [8ms]
2025-01-13 23:07:01.658 [info] > git for-each-ref --format=%(refname)%00%(upstream:short)%00%(objectname)%00%(upstream:track)%00%(upstream:remotename)%00%(upstream:remoteref) refs/heads/origin/main refs/remotes/origin/main [11ms]
2025-01-13 23:07:01.666 [info] > git for-each-ref --format=%(refname)%00%(upstream:short)%00%(objectname)%00%(upstream:track)%00%(upstream:remotename)%00%(upstream:remoteref) refs/heads/main refs/remotes/main [13ms]
2025-01-13 23:07:01.666 [info] > git rev-parse --show-toplevel [9ms]
2025-01-13 23:07:01.676 [info] > git rev-parse --path-format=relative --show-toplevel [6ms]
2025-01-13 23:07:01.684 [info] > git merge-base refs/heads/main refs/remotes/origin/main [20ms]
2025-01-13 23:07:01.691 [info] > git status -z -uall [17ms]
2025-01-13 23:07:01.701 [info] > git rev-list --count --left-right refs/heads/main...refs/remotes/origin/main [13ms]
2025-01-13 23:07:01.708 [info] > git for-each-ref --format=%(refname)%00%(upstream:short)%00%(objectname)%00%(upstream:track)%00%(upstream:remotename)%00%(upstream:remoteref) refs/heads/main refs/remotes/main [11ms]
2025-01-13 23:07:01.716 [info] > git diff --name-status -z --diff-filter=ADMR bddd0b0d0cfc38d0bcdb3142f43ffb36c1294495...refs/remotes/origin/main [10ms]
2025-01-13 23:07:01.718 [info] > git config --local branch.main.vscode-merge-base [4ms]
2025-01-13 23:07:01.732 [info] > git for-each-ref --format=%(refname)%00%(upstream:short)%00%(objectname)%00%(upstream:track)%00%(upstream:remotename)%00%(upstream:remoteref) refs/heads/origin/main refs/remotes/origin/main [9ms]
2025-01-13 23:07:02.687 [info] > git check-ignore -v -z --stdin [6ms]
2025-01-13 23:07:03.058 [info] > git merge-base refs/heads/main refs/remotes/origin/main [11ms]
2025-01-13 23:07:03.072 [info] > git rev-list --count --left-right refs/heads/main...refs/remotes/origin/main [10ms]
2025-01-13 23:07:03.356 [info] > git check-ignore -v -z --stdin [8ms]
2025-01-13 23:07:04.255 [info] > git show --textconv :gtest/hw_gtests.cpp [11ms]
2025-01-13 23:07:04.256 [info] > git ls-files --stage -- /home/hwlee4/ICS45C/HW0/gtest/hw_gtests.cpp [8ms]
2025-01-13 23:07:04.269 [info] > git cat-file -s 0c6bb04b009a11ec1f672f6c2c39cbd8731c0324 [9ms]
2025-01-14 03:27:53.089 [info] Log level: Info
2025-01-14 03:27:53.089 [info] Validating found git in: "git"
2025-01-14 03:27:53.089 [info] Using git "2.34.1" from "git"
2025-01-14 03:27:53.089 [info] > git rev-parse --show-toplevel [8ms]
2025-01-14 03:27:53.089 [info] > git rev-parse --path-format=relative --show-toplevel [6ms]
2025-01-14 03:27:53.089 [info] > git rev-parse --git-dir --git-common-dir [4ms]
2025-01-14 03:27:53.089 [info] Open repository: /home/hwlee4/ICS45C/HW0
2025-01-14 03:27:53.090 [info] > git config --get commit.template [6ms]
2025-01-14 03:27:53.090 [info] > git rev-parse --show-toplevel [11ms]
2025-01-14 03:27:53.090 [info] > git rev-parse --path-format=relative --show-toplevel [4ms]
2025-01-14 03:27:53.090 [info] > git for-each-ref --format=%(refname)%00%(upstream:short)%00%(objectname)%00%(upstream:track)%00%(upstream:remotename)%00%(upstream:remoteref) refs/heads/main refs/remotes/main [16ms]
2025-01-14 03:27:53.090 [info] > git rev-parse --show-toplevel [10ms]
2025-01-14 03:27:53.090 [info] > git rev-parse --path-format=relative --show-toplevel [4ms]
2025-01-14 03:27:53.090 [info] > git rev-parse --show-toplevel [5ms]
2025-01-14 03:27:53.090 [info] > git status -z -uall [28ms]
2025-01-14 03:27:53.090 [info] > git rev-parse --path-format=relative --show-toplevel [4ms]
2025-01-14 03:27:53.090 [info] > git for-each-ref --format=%(refname)%00%(upstream:short)%00%(objectname)%00%(upstream:track)%00%(upstream:remotename)%00%(upstream:remoteref) refs/heads/main refs/remotes/main [23ms]
2025-01-14 03:27:53.090 [info] > git config --get commit.template [8ms]
2025-01-14 03:27:53.090 [info] > git rev-parse --show-toplevel [12ms]
2025-01-14 03:27:53.090 [info] > git config --local branch.main.vscode-merge-base [7ms]
2025-01-14 03:27:53.090 [info] > git rev-parse --path-format=relative --show-toplevel [12ms]
2025-01-14 03:27:53.090 [info] > git for-each-ref --format=%(refname)%00%(upstream:short)%00%(objectname)%00%(upstream:track)%00%(upstream:remotename)%00%(upstream:remoteref) refs/heads/origin/main refs/remotes/origin/main [15ms]
2025-01-14 03:27:53.090 [info] > git for-each-ref --format=%(refname)%00%(upstream:short)%00%(objectname)%00%(upstream:track)%00%(upstream:remotename)%00%(upstream:remoteref) refs/heads/main refs/remotes/main [18ms]
2025-01-14 03:27:53.090 [info] > git merge-base refs/heads/main refs/remotes/origin/main [12ms]
2025-01-14 03:27:53.090 [info] > git status -z -uall [15ms]
2025-01-14 03:27:53.090 [info] > git rev-list --count --left-right refs/heads/main...refs/remotes/origin/main [14ms]
2025-01-14 03:27:53.090 [info] > git for-each-ref --format=%(refname)%00%(upstream:short)%00%(objectname)%00%(upstream:track)%00%(upstream:remotename)%00%(upstream:remoteref) refs/heads/main refs/remotes/main [12ms]
2025-01-14 03:27:53.090 [info] > git diff --name-status -z --diff-filter=ADMR bddd0b0d0cfc38d0bcdb3142f43ffb36c1294495...refs/remotes/origin/main [9ms]
2025-01-14 03:27:53.090 [info] > git config --local branch.main.vscode-merge-base [4ms]
2025-01-14 03:27:53.090 [info] > git for-each-ref --format=%(refname)%00%(upstream:short)%00%(objectname)%00%(upstream:track)%00%(upstream:remotename)%00%(upstream:remoteref) refs/heads/origin/main refs/remotes/origin/main [9ms]
2025-01-14 03:27:56.422 [info] > git ls-files --stage -- /home/hwlee4/ICS45C/HW0/gtest/hw_gtests.cpp [66ms]
2025-01-14 03:27:56.435 [info] > git cat-file -s 0c6bb04b009a11ec1f672f6c2c39cbd8731c0324 [9ms]
2025-01-14 03:27:57.707 [info] > git check-ignore -v -z --stdin [7ms]
2025-01-14 03:28:02.663 [info] > git check-ignore -v -z --stdin [7ms]
2025-01-14 03:28:21.809 [info] > git merge-base refs/heads/main refs/remotes/origin/main [11ms]
2025-01-14 03:28:21.825 [info] > git rev-list --count --left-right refs/heads/main...refs/remotes/origin/main [10ms]
2025-01-14 03:28:22.144 [info] > git show --textconv :gtest/hw_gtests.cpp [10ms]
