2025-05-14 21:48:59.796 [info] [main] Log level: Info
2025-05-14 21:48:59.796 [info] [main] Validating found git in: "git"
2025-05-14 21:48:59.796 [info] [main] Using git "2.43.0" from "git"
2025-05-14 21:48:59.796 [info] [Model][doInitialScan] Initial repository scan started
2025-05-14 21:48:59.796 [info] > git rev-parse --show-toplevel [12ms]
2025-05-14 21:48:59.797 [info] > git rev-parse --path-format=relative --show-toplevel [3ms]
2025-05-14 21:48:59.807 [info] > git rev-parse --show-toplevel [4ms]
2025-05-14 21:48:59.811 [info] > git rev-parse --path-format=relative --show-toplevel [3ms]
2025-05-14 21:48:59.817 [info] > git rev-parse --git-dir --git-common-dir [3ms]
2025-05-14 21:48:59.832 [info] [Model][openRepository] Opened repository: /home/hwlee4/ICS45C/HW0
2025-05-14 21:48:59.843 [info] > git config --get commit.template [4ms]
2025-05-14 21:48:59.849 [info] > git rev-parse --show-toplevel [8ms]
2025-05-14 21:48:59.855 [info] > git rev-parse --path-format=relative --show-toplevel [4ms]
2025-05-14 21:48:59.855 [info] > git for-each-ref --format=%(refname)%00%(upstream:short)%00%(objectname)%00%(upstream:track)%00%(upstream:remotename)%00%(upstream:remoteref) refs/heads/main refs/remotes/main [8ms]
2025-05-14 21:48:59.866 [info] > git rev-parse --git-dir --git-common-dir [8ms]
2025-05-14 21:48:59.871 [info] [Model][openRepository] Opened repository: /home/hwlee4/ICS45C/HW1
2025-05-14 21:48:59.877 [info] > git status -z -uall [15ms]
2025-05-14 21:48:59.879 [info] > git config --get commit.template [5ms]
2025-05-14 21:48:59.879 [info] > git for-each-ref --sort -committerdate --format %(refname) %(objectname) %(*objectname) [14ms]
2025-05-14 21:48:59.895 [info] > git rev-parse --show-toplevel [18ms]
2025-05-14 21:48:59.900 [info] > git config --get commit.template [6ms]
2025-05-14 21:48:59.900 [info] > git for-each-ref --format=%(refname)%00%(upstream:short)%00%(objectname)%00%(upstream:track)%00%(upstream:remotename)%00%(upstream:remoteref) refs/heads/main refs/remotes/main [12ms]
2025-05-14 21:48:59.903 [info] > git rev-parse --path-format=relative --show-toplevel [7ms]
2025-05-14 21:48:59.908 [info] > git config --local branch.main.vscode-merge-base [5ms]
2025-05-14 21:48:59.912 [info] > git rev-parse --git-dir --git-common-dir [4ms]
2025-05-14 21:48:59.917 [info] [Model][openRepository] Opened repository: /home/hwlee4/ICS45C/HW2
2025-05-14 21:48:59.918 [info] > git for-each-ref --format=%(refname)%00%(upstream:short)%00%(objectname)%00%(upstream:track)%00%(upstream:remotename)%00%(upstream:remoteref) refs/heads/main refs/remotes/main [19ms]
2025-05-14 21:48:59.923 [info] > git for-each-ref --format=%(refname)%00%(upstream:short)%00%(objectname)%00%(upstream:track)%00%(upstream:remotename)%00%(upstream:remoteref) refs/heads/origin/main refs/remotes/origin/main [12ms]
2025-05-14 21:48:59.939 [info] > git for-each-ref --format=%(refname)%00%(upstream:short)%00%(objectname)%00%(upstream:track)%00%(upstream:remotename)%00%(upstream:remoteref) refs/heads/main refs/remotes/main [34ms]
2025-05-14 21:48:59.941 [info] > git merge-base refs/heads/main refs/remotes/origin/main [15ms]
2025-05-14 21:48:59.944 [info] > git rev-parse --show-toplevel [22ms]
2025-05-14 21:48:59.946 [info] > git config --get commit.template [26ms]
2025-05-14 21:48:59.959 [info] > git for-each-ref --format=%(refname)%00%(upstream:short)%00%(objectname)%00%(upstream:track)%00%(upstream:remotename)%00%(upstream:remoteref) refs/heads/main refs/remotes/main [10ms]
2025-05-14 21:48:59.960 [info] > git diff --name-status -z --diff-filter=ADMR 2de1186af8d356e9b3e6443d56764a6c359645dc...refs/remotes/origin/main [16ms]
2025-05-14 21:48:59.960 [info] > git rev-parse --path-format=relative --show-toplevel [14ms]
2025-05-14 21:48:59.964 [info] > git status -z -uall [13ms]
2025-05-14 21:48:59.964 [info] > git for-each-ref --sort -committerdate --format %(refname) %(objectname) %(*objectname) [11ms]
2025-05-14 21:48:59.984 [info] > git status -z -uall [29ms]
2025-05-14 21:48:59.985 [info] > git for-each-ref --sort -committerdate --format %(refname) %(objectname) %(*objectname) [27ms]
2025-05-14 21:48:59.985 [info] > git rev-parse --git-dir --git-common-dir [22ms]
2025-05-14 21:48:59.990 [info] [Model][openRepository] Opened repository: /home/hwlee4/ICS45C/HW3
2025-05-14 21:49:00.002 [info] > git status -z -uall [24ms]
2025-05-14 21:49:00.002 [info] > git config --get commit.template [19ms]
2025-05-14 21:49:00.002 [info] > git for-each-ref --sort -committerdate --format %(refname) %(objectname) %(*objectname) [21ms]
2025-05-14 21:49:00.009 [info] > git for-each-ref --format=%(refname)%00%(upstream:short)%00%(objectname)%00%(upstream:track)%00%(upstream:remotename)%00%(upstream:remoteref) refs/heads/main refs/remotes/main [37ms]
2025-05-14 21:49:00.016 [info] > git rev-parse --show-toplevel [17ms]
2025-05-14 21:49:00.018 [info] > git config --get commit.template [22ms]
2025-05-14 21:49:00.022 [info] > git config --get commit.template [7ms]
2025-05-14 21:49:00.022 [info] > git for-each-ref --format=%(refname)%00%(upstream:short)%00%(objectname)%00%(upstream:track)%00%(upstream:remotename)%00%(upstream:remoteref) refs/heads/main refs/remotes/main [14ms]
2025-05-14 21:49:00.025 [info] > git config --local branch.main.vscode-merge-base [13ms]
2025-05-14 21:49:00.031 [info] > git rev-parse --path-format=relative --show-toplevel [13ms]
2025-05-14 21:49:00.036 [info] > git for-each-ref --format=%(refname)%00%(upstream:short)%00%(objectname)%00%(upstream:track)%00%(upstream:remotename)%00%(upstream:remoteref) refs/heads/main refs/remotes/main [15ms]
2025-05-14 21:49:00.037 [info] > git config --local branch.main.vscode-merge-base [12ms]
2025-05-14 21:49:00.044 [info] > git for-each-ref --format=%(refname)%00%(upstream:short)%00%(objectname)%00%(upstream:track)%00%(upstream:remotename)%00%(upstream:remoteref) refs/heads/origin/main refs/remotes/origin/main [17ms]
2025-05-14 21:49:00.049 [info] > git rev-parse --git-dir --git-common-dir [6ms]
2025-05-14 21:49:00.053 [info] [Model][openRepository] Opened repository: /home/hwlee4/ICS45C/HW4
2025-05-14 21:49:00.054 [info] > git for-each-ref --format=%(refname)%00%(upstream:short)%00%(objectname)%00%(upstream:track)%00%(upstream:remotename)%00%(upstream:remoteref) refs/heads/origin/main refs/remotes/origin/main [13ms]
2025-05-14 21:49:00.057 [info] > git for-each-ref --format=%(refname)%00%(upstream:short)%00%(objectname)%00%(upstream:track)%00%(upstream:remotename)%00%(upstream:remoteref) refs/heads/main refs/remotes/main [22ms]
2025-05-14 21:49:00.057 [info] > git for-each-ref --format=%(refname)%00%(upstream:short)%00%(objectname)%00%(upstream:track)%00%(upstream:remotename)%00%(upstream:remoteref) refs/heads/main refs/remotes/main [27ms]
2025-05-14 21:49:00.063 [info] > git merge-base refs/heads/main refs/remotes/origin/main [16ms]
2025-05-14 21:49:00.071 [info] > git config --get commit.template [11ms]
2025-05-14 21:49:00.071 [info] > git merge-base refs/heads/main refs/remotes/origin/main [15ms]
2025-05-14 21:49:00.076 [info] > git diff --name-status -z --diff-filter=ADMR 1d941fbc59bc10f4d013441e18a8b73cc72449ad...refs/remotes/origin/main [11ms]
2025-05-14 21:49:00.076 [info] > git rev-parse --show-toplevel [14ms]
2025-05-14 21:49:00.087 [info] > git status -z -uall [20ms]
2025-05-14 21:49:00.088 [info] > git for-each-ref --sort -committerdate --format %(refname) %(objectname) %(*objectname) [18ms]
2025-05-14 21:49:00.097 [info] > git status -z -uall [14ms]
2025-05-14 21:49:00.097 [info] > git for-each-ref --format=%(refname)%00%(upstream:short)%00%(objectname)%00%(upstream:track)%00%(upstream:remotename)%00%(upstream:remoteref) refs/heads/main refs/remotes/main [16ms]
2025-05-14 21:49:00.097 [info] > git diff --name-status -z --diff-filter=ADMR 6e366bc68f599c93d5b2306a1622b19a83ab6690...refs/remotes/origin/main [23ms]
2025-05-14 21:49:00.098 [info] > git rev-parse --path-format=relative --show-toplevel [20ms]
2025-05-14 21:49:00.137 [info] > git for-each-ref --sort -committerdate --format %(refname) %(objectname) %(*objectname) [50ms]
2025-05-14 21:49:00.141 [info] > git status -z -uall [48ms]
2025-05-14 21:49:00.141 [info] > git rev-parse --git-dir --git-common-dir [4ms]
2025-05-14 21:49:00.145 [info] [Model][openRepository] Opened repository: /home/hwlee4/ICS45C/HW5
2025-05-14 21:49:00.146 [info] > git for-each-ref --sort -committerdate --format %(refname) %(objectname) %(*objectname) [50ms]
2025-05-14 21:49:00.171 [info] > git config --get commit.template [10ms]
2025-05-14 21:49:00.171 [info] > git config --get commit.template [15ms]
2025-05-14 21:49:00.171 [info] > git for-each-ref --format=%(refname)%00%(upstream:short)%00%(objectname)%00%(upstream:track)%00%(upstream:remotename)%00%(upstream:remoteref) refs/heads/main refs/remotes/main [19ms]
2025-05-14 21:49:00.174 [info] > git rev-parse --show-toplevel [15ms]
2025-05-14 21:49:00.182 [info] > git status -z -uall [15ms]
2025-05-14 21:49:00.183 [info] > git for-each-ref --sort -committerdate --format %(refname) %(objectname) %(*objectname) [13ms]
2025-05-14 21:49:00.190 [info] > git config --local branch.main.vscode-merge-base [17ms]
2025-05-14 21:49:00.200 [info] > git for-each-ref --format=%(refname)%00%(upstream:short)%00%(objectname)%00%(upstream:track)%00%(upstream:remotename)%00%(upstream:remoteref) refs/heads/main refs/remotes/main [19ms]
2025-05-14 21:49:00.201 [info] > git for-each-ref --format=%(refname)%00%(upstream:short)%00%(objectname)%00%(upstream:track)%00%(upstream:remotename)%00%(upstream:remoteref) refs/heads/main refs/remotes/main [22ms]
2025-05-14 21:49:00.201 [info] > git rev-parse --path-format=relative --show-toplevel [24ms]
2025-05-14 21:49:00.205 [info] > git config --get commit.template [10ms]
2025-05-14 21:49:00.205 [info] > git for-each-ref --format=%(refname)%00%(upstream:short)%00%(objectname)%00%(upstream:track)%00%(upstream:remotename)%00%(upstream:remoteref) refs/heads/origin/main refs/remotes/origin/main [13ms]
2025-05-14 21:49:00.209 [info] > git for-each-ref --format=%(refname)%00%(upstream:short)%00%(objectname)%00%(upstream:track)%00%(upstream:remotename)%00%(upstream:remoteref) refs/heads/main refs/remotes/main [21ms]
2025-05-14 21:49:00.213 [info] > git rev-parse --git-dir --git-common-dir [9ms]
2025-05-14 21:49:00.219 [info] [Model][openRepository] Opened repository: /home/hwlee4/ICS45C/HW6
2025-05-14 21:49:00.224 [info] [Model][doInitialScan] Initial repository scan completed - repositories (7), closed repositories (0), parent repositories (1), unsafe repositories (0)
2025-05-14 21:49:00.232 [info] > git config --local branch.main.vscode-merge-base [20ms]
2025-05-14 21:49:00.235 [info] > git merge-base refs/heads/main refs/remotes/origin/main [27ms]
2025-05-14 21:49:00.243 [info] > git config --get commit.template [11ms]
2025-05-14 21:49:00.243 [info] > git for-each-ref --format=%(refname)%00%(upstream:short)%00%(objectname)%00%(upstream:track)%00%(upstream:remotename)%00%(upstream:remoteref) refs/heads/main refs/remotes/main [14ms]
2025-05-14 21:49:00.249 [info] > git diff --name-status -z --diff-filter=ADMR b82b13244c860b4b7663b453b8013197209cca25...refs/remotes/origin/main [12ms]
2025-05-14 21:49:00.250 [info] > git for-each-ref --format=%(refname)%00%(upstream:short)%00%(objectname)%00%(upstream:track)%00%(upstream:remotename)%00%(upstream:remoteref) refs/heads/origin/main refs/remotes/origin/main [16ms]
2025-05-14 21:49:00.256 [info] > git status -z -uall [17ms]
2025-05-14 21:49:00.256 [info] > git status -z -uall [11ms]
2025-05-14 21:49:00.257 [info] > git for-each-ref --sort -committerdate --format %(refname) %(objectname) %(*objectname) [16ms]
2025-05-14 21:49:00.260 [info] > git merge-base refs/heads/main refs/remotes/origin/main [8ms]
2025-05-14 21:49:00.263 [info] > git for-each-ref --sort -committerdate --format %(refname) %(objectname) %(*objectname) [15ms]
2025-05-14 21:49:00.272 [info] > git diff --name-status -z --diff-filter=ADMR 941598b477db37f454b7d999bb01a8a980ee618a...refs/remotes/origin/main [10ms]
2025-05-14 21:49:00.311 [info] > git status -z -uall [37ms]
2025-05-14 21:49:00.311 [info] > git for-each-ref --sort -committerdate --format %(refname) %(objectname) %(*objectname) [35ms]
2025-05-14 21:49:00.315 [info] > git for-each-ref --format=%(refname)%00%(upstream:short)%00%(objectname)%00%(upstream:track)%00%(upstream:remotename)%00%(upstream:remoteref) refs/heads/main refs/remotes/main [47ms]
2025-05-14 21:49:00.319 [info] > git config --get commit.template [47ms]
2025-05-14 21:49:00.319 [info] > git for-each-ref --format=%(refname)%00%(upstream:short)%00%(objectname)%00%(upstream:track)%00%(upstream:remotename)%00%(upstream:remoteref) refs/heads/main refs/remotes/main [64ms]
2025-05-14 21:49:00.325 [warning] [Git][revParse] Unable to read file: ENOENT: no such file or directory, open '/home/hwlee4/ICS45C/HW6/.git/refs/remotes/origin/main'
2025-05-14 21:49:00.325 [info] > git config --local branch.main.vscode-merge-base [7ms]
2025-05-14 21:49:00.330 [info] > git rev-parse refs/remotes/origin/main [5ms]
2025-05-14 21:49:00.335 [info] > git for-each-ref --format=%(refname)%00%(upstream:short)%00%(objectname)%00%(upstream:track)%00%(upstream:remotename)%00%(upstream:remoteref) refs/heads/main refs/remotes/main [13ms]
2025-05-14 21:49:00.336 [info] > git for-each-ref --format=%(refname)%00%(upstream:short)%00%(objectname)%00%(upstream:track)%00%(upstream:remotename)%00%(upstream:remoteref) refs/heads/origin/main refs/remotes/origin/main [8ms]
2025-05-14 21:49:00.345 [info] > git merge-base refs/heads/main refs/remotes/origin/main [7ms]
2025-05-14 21:49:00.348 [info] > git for-each-ref --sort -committerdate --format %(refname) %(objectname) %(*objectname) [13ms]
2025-05-14 21:49:00.361 [info] > git status -z -uall [20ms]
2025-05-14 21:49:00.361 [info] > git for-each-ref --sort -committerdate --format %(refname) %(objectname) %(*objectname) [16ms]
2025-05-14 21:49:00.366 [info] > git diff --name-status -z --diff-filter=ADMR b451104ec2b07b39c17cd9240a01c9e94c0a7f69...refs/remotes/origin/main [18ms]
2025-05-14 21:49:00.373 [info] > git merge-base refs/heads/main refs/remotes/origin/main [8ms]
2025-05-14 21:49:00.389 [info] > git diff --name-status -z --diff-filter=ADMR b451104ec2b07b39c17cd9240a01c9e94c0a7f69...refs/remotes/origin/main [13ms]
2025-05-14 21:49:00.431 [info] > git status -z -uall [98ms]
2025-05-14 21:49:00.445 [info] > git config --get commit.template [3ms]
2025-05-14 21:49:00.447 [info] > git for-each-ref --format=%(refname)%00%(upstream:short)%00%(objectname)%00%(upstream:track)%00%(upstream:remotename)%00%(upstream:remoteref) refs/heads/main refs/remotes/main [9ms]
2025-05-14 21:49:00.452 [info] > git for-each-ref --format=%(refname)%00%(upstream:short)%00%(objectname)%00%(upstream:track)%00%(upstream:remotename)%00%(upstream:remoteref) refs/heads/main refs/remotes/main [8ms]
2025-05-14 21:49:00.452 [info] > git config --local branch.main.vscode-merge-base [3ms]
2025-05-14 21:49:00.452 [warning] [Git][config] git config failed: Failed to execute git
2025-05-14 21:49:00.456 [warning] [Git][revParse] Unable to read file: ENOENT: no such file or directory, open '/home/hwlee4/ICS45C/HW6/.git/refs/remotes/origin/main'
2025-05-14 21:49:00.460 [info] > git rev-parse refs/remotes/origin/main [4ms]
2025-05-14 21:49:00.465 [info] > git reflog main --grep-reflog=branch: Created from *. [11ms]
2025-05-14 21:49:00.471 [info] > git for-each-ref --sort -committerdate --format %(refname) %(objectname) %(*objectname) [7ms]
2025-05-14 21:49:00.472 [info] > git symbolic-ref --short refs/remotes/origin/HEAD [4ms]
2025-05-14 21:49:00.481 [info] > git for-each-ref --format=%(refname)%00%(upstream:short)%00%(objectname)%00%(upstream:track)%00%(upstream:remotename)%00%(upstream:remoteref) refs/heads/origin/main refs/remotes/origin/main [6ms]
2025-05-14 21:49:00.490 [info] > git status -z -uall [28ms]
2025-05-14 21:49:00.495 [info] > git config --local branch.main.vscode-merge-base origin/main [12ms]
2025-05-14 21:49:00.502 [info] > git config --get commit.template [4ms]
2025-05-14 21:49:00.502 [info] > git for-each-ref --format=%(refname)%00%(upstream:short)%00%(objectname)%00%(upstream:track)%00%(upstream:remotename)%00%(upstream:remoteref) refs/heads/main refs/remotes/main [8ms]
2025-05-14 21:49:00.509 [info] > git for-each-ref --format=%(refname)%00%(upstream:short)%00%(objectname)%00%(upstream:track)%00%(upstream:remotename)%00%(upstream:remoteref) refs/heads/main refs/remotes/main [8ms]
2025-05-14 21:49:00.509 [info] > git config --local branch.main.vscode-merge-base [4ms]
2025-05-14 21:49:00.513 [warning] [Git][revParse] Unable to read file: ENOENT: no such file or directory, open '/home/hwlee4/ICS45C/HW6/.git/refs/remotes/origin/main'
2025-05-14 21:49:00.518 [info] > git for-each-ref --format=%(refname)%00%(upstream:short)%00%(objectname)%00%(upstream:track)%00%(upstream:remotename)%00%(upstream:remoteref) refs/heads/origin/main refs/remotes/origin/main [6ms]
2025-05-14 21:49:00.520 [info] > git rev-parse refs/remotes/origin/main [7ms]
2025-05-14 21:49:00.526 [info] > git merge-base refs/heads/main refs/remotes/origin/main [5ms]
2025-05-14 21:49:00.532 [info] > git for-each-ref --sort -committerdate --format %(refname) %(objectname) %(*objectname) [6ms]
2025-05-14 21:49:00.535 [info] > git diff --name-status -z --diff-filter=ADMR 5c11414a78d5d6efa650afd53486d5e35a224d82...refs/remotes/origin/main [6ms]
2025-05-14 21:49:00.547 [info] > git status -z -uall [25ms]
2025-05-14 21:49:00.847 [info] > git check-ignore -v -z --stdin [14ms]
2025-05-14 21:49:00.848 [info] > git check-ignore -v -z --stdin [13ms]
2025-05-14 21:49:00.848 [info] > git check-ignore -v -z --stdin [11ms]
2025-05-14 21:49:00.848 [info] > git check-ignore -v -z --stdin [9ms]
2025-05-14 21:49:00.849 [info] > git check-ignore -v -z --stdin [7ms]
2025-05-14 21:49:00.849 [info] > git check-ignore -v -z --stdin [5ms]
2025-05-14 21:49:00.850 [info] > git check-ignore -v -z --stdin [4ms]
2025-05-14 21:49:01.431 [info] > git check-ignore -v -z --stdin [17ms]
2025-05-14 21:49:01.432 [info] > git check-ignore -v -z --stdin [15ms]
2025-05-14 21:49:01.432 [info] > git check-ignore -v -z --stdin [13ms]
2025-05-14 21:49:01.433 [info] > git check-ignore -v -z --stdin [11ms]
2025-05-14 21:49:01.433 [info] > git check-ignore -v -z --stdin [9ms]
2025-05-14 21:49:01.433 [info] > git check-ignore -v -z --stdin [7ms]
2025-05-14 21:49:01.433 [info] > git check-ignore -v -z --stdin [5ms]
2025-05-14 21:49:01.526 [info] > git rev-parse --show-toplevel [4ms]
2025-05-14 21:49:01.546 [info] > git rev-parse --path-format=relative --show-toplevel [16ms]
2025-05-14 21:49:03.132 [info] > git show --textconv :gtest/student_gtests.cpp [7ms]
2025-05-14 21:49:03.132 [info] > git ls-files --stage -- /home/hwlee4/ICS45C/HW5/gtest/student_gtests.cpp [5ms]
2025-05-14 21:49:03.140 [info] > git cat-file -s b19337a169cd56502ec2087d73fa49bc357dc5b3 [5ms]
2025-05-14 21:49:03.382 [info] > git config --get commit.template [3ms]
2025-05-14 21:49:03.387 [info] > git for-each-ref --format=%(refname)%00%(upstream:short)%00%(objectname)%00%(upstream:track)%00%(upstream:remotename)%00%(upstream:remoteref) refs/heads/main refs/remotes/main [7ms]
2025-05-14 21:49:03.389 [warning] [Git][revParse] Unable to read file: ENOENT: no such file or directory, open '/home/hwlee4/ICS45C/HW6/.git/refs/remotes/origin/main'
2025-05-14 21:49:03.393 [info] > git rev-parse refs/remotes/origin/main [4ms]
2025-05-14 21:49:03.404 [info] > git for-each-ref --sort -committerdate --format %(refname) %(objectname) %(*objectname) [7ms]
2025-05-14 21:49:03.421 [info] > git status -z -uall [26ms]
2025-05-14 21:49:03.788 [info] > git check-ignore -v -z --stdin [5ms]
2025-05-14 21:49:17.448 [info] > git check-ignore -v -z --stdin [4ms]
2025-05-14 21:49:18.976 [info] > git check-ignore -v -z --stdin [4ms]
2025-05-14 21:51:45.067 [info] > git ls-files --stage -- /home/hwlee4/ICS45C/HW6/src/shape.cpp [4ms]
2025-05-14 21:51:45.071 [info] > git show --textconv :src/shape.cpp [11ms]
2025-05-14 21:51:45.078 [info] > git cat-file -s 153f9f8d914389fcc62f4514d968e1d38199f794 [8ms]
2025-05-14 21:51:45.635 [info] > git show --textconv :src/shape.hpp [6ms]
2025-05-14 21:51:45.636 [info] > git ls-files --stage -- /home/hwlee4/ICS45C/HW6/src/shape.hpp [4ms]
2025-05-14 21:51:45.647 [info] > git cat-file -s aeb74d3240362b0e45c1eced4602e952bf3c8ab5 [7ms]
2025-05-14 21:51:48.111 [info] > git show --textconv :src/shape.cpp [5ms]
2025-05-14 21:51:48.113 [info] > git ls-files --stage -- /home/hwlee4/ICS45C/HW6/src/shape.cpp [5ms]
2025-05-14 21:51:48.121 [info] > git cat-file -s 153f9f8d914389fcc62f4514d968e1d38199f794 [5ms]
2025-05-14 21:51:55.636 [info] > git config --get commit.template [3ms]
2025-05-14 21:51:55.644 [info] > git for-each-ref --format=%(refname)%00%(upstream:short)%00%(objectname)%00%(upstream:track)%00%(upstream:remotename)%00%(upstream:remoteref) refs/heads/main refs/remotes/main [9ms]
2025-05-14 21:51:55.648 [warning] [Git][revParse] Unable to read file: ENOENT: no such file or directory, open '/home/hwlee4/ICS45C/HW6/.git/refs/remotes/origin/main'
2025-05-14 21:51:55.651 [info] > git rev-parse refs/remotes/origin/main [3ms]
2025-05-14 21:51:55.668 [info] > git for-each-ref --sort -committerdate --format %(refname) %(objectname) %(*objectname) [7ms]
2025-05-14 21:51:55.692 [info] > git status -z -uall [37ms]
2025-05-14 21:52:00.707 [info] > git config --get commit.template [4ms]
2025-05-14 21:52:00.714 [info] > git for-each-ref --format=%(refname)%00%(upstream:short)%00%(objectname)%00%(upstream:track)%00%(upstream:remotename)%00%(upstream:remoteref) refs/heads/main refs/remotes/main [7ms]
2025-05-14 21:52:00.717 [warning] [Git][revParse] Unable to read file: ENOENT: no such file or directory, open '/home/hwlee4/ICS45C/HW6/.git/refs/remotes/origin/main'
2025-05-14 21:52:00.721 [info] > git rev-parse refs/remotes/origin/main [4ms]
2025-05-14 21:52:00.736 [info] > git for-each-ref --sort -committerdate --format %(refname) %(objectname) %(*objectname) [8ms]
2025-05-14 21:52:00.751 [info] > git status -z -uall [27ms]
2025-05-14 21:52:05.762 [info] > git config --get commit.template [4ms]
2025-05-14 21:52:05.769 [info] > git for-each-ref --format=%(refname)%00%(upstream:short)%00%(objectname)%00%(upstream:track)%00%(upstream:remotename)%00%(upstream:remoteref) refs/heads/main refs/remotes/main [7ms]
2025-05-14 21:52:05.773 [warning] [Git][revParse] Unable to read file: ENOENT: no such file or directory, open '/home/hwlee4/ICS45C/HW6/.git/refs/remotes/origin/main'
2025-05-14 21:52:05.776 [info] > git rev-parse refs/remotes/origin/main [4ms]
2025-05-14 21:52:05.790 [info] > git for-each-ref --sort -committerdate --format %(refname) %(objectname) %(*objectname) [6ms]
2025-05-14 21:52:05.805 [info] > git status -z -uall [25ms]
2025-05-14 21:52:34.623 [info] > git config --get commit.template [4ms]
2025-05-14 21:52:34.630 [info] > git for-each-ref --format=%(refname)%00%(upstream:short)%00%(objectname)%00%(upstream:track)%00%(upstream:remotename)%00%(upstream:remoteref) refs/heads/main refs/remotes/main [8ms]
2025-05-14 21:52:34.634 [warning] [Git][revParse] Unable to read file: ENOENT: no such file or directory, open '/home/hwlee4/ICS45C/HW6/.git/refs/remotes/origin/main'
2025-05-14 21:52:34.638 [info] > git rev-parse refs/remotes/origin/main [3ms]
2025-05-14 21:52:34.653 [info] > git for-each-ref --sort -committerdate --format %(refname) %(objectname) %(*objectname) [8ms]
2025-05-14 21:52:34.677 [info] > git status -z -uall [35ms]
2025-05-14 21:52:45.585 [info] > git config --get commit.template [4ms]
2025-05-14 21:52:45.592 [info] > git for-each-ref --format=%(refname)%00%(upstream:short)%00%(objectname)%00%(upstream:track)%00%(upstream:remotename)%00%(upstream:remoteref) refs/heads/main refs/remotes/main [8ms]
2025-05-14 21:52:45.596 [warning] [Git][revParse] Unable to read file: ENOENT: no such file or directory, open '/home/hwlee4/ICS45C/HW6/.git/refs/remotes/origin/main'
2025-05-14 21:52:45.600 [info] > git rev-parse refs/remotes/origin/main [4ms]
2025-05-14 21:52:45.615 [info] > git for-each-ref --sort -committerdate --format %(refname) %(objectname) %(*objectname) [7ms]
2025-05-14 21:52:45.635 [info] > git status -z -uall [32ms]
2025-05-14 21:52:47.546 [info] > git show --textconv :src/shape.hpp [6ms]
2025-05-14 21:52:47.548 [info] > git ls-files --stage -- /home/hwlee4/ICS45C/HW6/src/shape.hpp [4ms]
2025-05-14 21:52:47.557 [info] > git cat-file -s aeb74d3240362b0e45c1eced4602e952bf3c8ab5 [5ms]
2025-05-14 21:52:51.224 [info] > git config --get commit.template [4ms]
2025-05-14 21:52:51.231 [info] > git for-each-ref --format=%(refname)%00%(upstream:short)%00%(objectname)%00%(upstream:track)%00%(upstream:remotename)%00%(upstream:remoteref) refs/heads/main refs/remotes/main [7ms]
2025-05-14 21:52:51.234 [warning] [Git][revParse] Unable to read file: ENOENT: no such file or directory, open '/home/hwlee4/ICS45C/HW6/.git/refs/remotes/origin/main'
2025-05-14 21:52:51.238 [info] > git rev-parse refs/remotes/origin/main [4ms]
2025-05-14 21:52:51.253 [info] > git for-each-ref --sort -committerdate --format %(refname) %(objectname) %(*objectname) [8ms]
2025-05-14 21:52:51.267 [info] > git status -z -uall [26ms]
2025-05-14 21:52:58.087 [info] > git config --get commit.template [5ms]
2025-05-14 21:52:58.093 [info] > git for-each-ref --format=%(refname)%00%(upstream:short)%00%(objectname)%00%(upstream:track)%00%(upstream:remotename)%00%(upstream:remoteref) refs/heads/main refs/remotes/main [7ms]
2025-05-14 21:52:58.097 [warning] [Git][revParse] Unable to read file: ENOENT: no such file or directory, open '/home/hwlee4/ICS45C/HW6/.git/refs/remotes/origin/main'
2025-05-14 21:52:58.101 [info] > git rev-parse refs/remotes/origin/main [4ms]
2025-05-14 21:52:58.115 [info] > git for-each-ref --sort -committerdate --format %(refname) %(objectname) %(*objectname) [7ms]
2025-05-14 21:52:58.131 [info] > git status -z -uall [26ms]
2025-05-14 21:53:09.857 [info] > git config --get commit.template [5ms]
2025-05-14 21:53:09.864 [info] > git for-each-ref --format=%(refname)%00%(upstream:short)%00%(objectname)%00%(upstream:track)%00%(upstream:remotename)%00%(upstream:remoteref) refs/heads/main refs/remotes/main [8ms]
2025-05-14 21:53:09.868 [warning] [Git][revParse] Unable to read file: ENOENT: no such file or directory, open '/home/hwlee4/ICS45C/HW6/.git/refs/remotes/origin/main'
2025-05-14 21:53:09.871 [info] > git rev-parse refs/remotes/origin/main [3ms]
2025-05-14 21:53:09.887 [info] > git for-each-ref --sort -committerdate --format %(refname) %(objectname) %(*objectname) [8ms]
2025-05-14 21:53:09.903 [info] > git status -z -uall [28ms]
2025-05-14 21:53:15.611 [info] > git config --get commit.template [4ms]
2025-05-14 21:53:15.617 [info] > git for-each-ref --format=%(refname)%00%(upstream:short)%00%(objectname)%00%(upstream:track)%00%(upstream:remotename)%00%(upstream:remoteref) refs/heads/main refs/remotes/main [7ms]
2025-05-14 21:53:15.621 [warning] [Git][revParse] Unable to read file: ENOENT: no such file or directory, open '/home/hwlee4/ICS45C/HW6/.git/refs/remotes/origin/main'
2025-05-14 21:53:15.625 [info] > git rev-parse refs/remotes/origin/main [4ms]
2025-05-14 21:53:15.639 [info] > git for-each-ref --sort -committerdate --format %(refname) %(objectname) %(*objectname) [7ms]
2025-05-14 21:53:15.655 [info] > git status -z -uall [27ms]
2025-05-14 21:53:20.666 [info] > git config --get commit.template [4ms]
2025-05-14 21:53:20.673 [info] > git for-each-ref --format=%(refname)%00%(upstream:short)%00%(objectname)%00%(upstream:track)%00%(upstream:remotename)%00%(upstream:remoteref) refs/heads/main refs/remotes/main [7ms]
2025-05-14 21:53:20.676 [warning] [Git][revParse] Unable to read file: ENOENT: no such file or directory, open '/home/hwlee4/ICS45C/HW6/.git/refs/remotes/origin/main'
2025-05-14 21:53:20.680 [info] > git rev-parse refs/remotes/origin/main [4ms]
2025-05-14 21:53:20.694 [info] > git for-each-ref --sort -committerdate --format %(refname) %(objectname) %(*objectname) [7ms]
2025-05-14 21:53:20.708 [info] > git status -z -uall [25ms]
2025-05-14 21:53:25.719 [info] > git config --get commit.template [4ms]
2025-05-14 21:53:25.726 [info] > git for-each-ref --format=%(refname)%00%(upstream:short)%00%(objectname)%00%(upstream:track)%00%(upstream:remotename)%00%(upstream:remoteref) refs/heads/main refs/remotes/main [8ms]
2025-05-14 21:53:25.729 [warning] [Git][revParse] Unable to read file: ENOENT: no such file or directory, open '/home/hwlee4/ICS45C/HW6/.git/refs/remotes/origin/main'
2025-05-14 21:53:25.733 [info] > git rev-parse refs/remotes/origin/main [4ms]
2025-05-14 21:53:25.748 [info] > git for-each-ref --sort -committerdate --format %(refname) %(objectname) %(*objectname) [8ms]
2025-05-14 21:53:25.762 [info] > git status -z -uall [25ms]
2025-05-14 21:53:30.773 [info] > git config --get commit.template [4ms]
2025-05-14 21:53:30.779 [info] > git for-each-ref --format=%(refname)%00%(upstream:short)%00%(objectname)%00%(upstream:track)%00%(upstream:remotename)%00%(upstream:remoteref) refs/heads/main refs/remotes/main [7ms]
2025-05-14 21:53:30.782 [warning] [Git][revParse] Unable to read file: ENOENT: no such file or directory, open '/home/hwlee4/ICS45C/HW6/.git/refs/remotes/origin/main'
2025-05-14 21:53:30.785 [info] > git rev-parse refs/remotes/origin/main [3ms]
2025-05-14 21:53:30.797 [info] > git for-each-ref --sort -committerdate --format %(refname) %(objectname) %(*objectname) [7ms]
2025-05-14 21:53:30.814 [info] > git status -z -uall [26ms]
2025-05-14 21:54:07.305 [info] > git config --get commit.template [4ms]
2025-05-14 21:54:07.312 [info] > git for-each-ref --format=%(refname)%00%(upstream:short)%00%(objectname)%00%(upstream:track)%00%(upstream:remotename)%00%(upstream:remoteref) refs/heads/main refs/remotes/main [8ms]
2025-05-14 21:54:07.316 [warning] [Git][revParse] Unable to read file: ENOENT: no such file or directory, open '/home/hwlee4/ICS45C/HW6/.git/refs/remotes/origin/main'
2025-05-14 21:54:07.320 [info] > git rev-parse refs/remotes/origin/main [5ms]
2025-05-14 21:54:07.334 [info] > git for-each-ref --sort -committerdate --format %(refname) %(objectname) %(*objectname) [8ms]
2025-05-14 21:54:07.358 [info] > git status -z -uall [35ms]
2025-05-14 21:54:32.020 [info] > git rev-parse --show-toplevel [5ms]
2025-05-14 21:54:32.027 [info] > git rev-parse --path-format=relative --show-toplevel [4ms]
2025-05-14 21:54:32.034 [info] > git rev-parse --show-toplevel [3ms]
2025-05-14 21:54:32.041 [info] > git rev-parse --path-format=relative --show-toplevel [3ms]
2025-05-14 21:54:32.048 [info] > git rev-parse --show-toplevel [4ms]
2025-05-14 21:54:32.054 [info] > git rev-parse --path-format=relative --show-toplevel [3ms]
2025-05-14 21:54:32.061 [info] > git rev-parse --show-toplevel [3ms]
2025-05-14 21:54:32.067 [info] > git rev-parse --path-format=relative --show-toplevel [3ms]
2025-05-14 21:54:32.074 [info] > git rev-parse --show-toplevel [2ms]
2025-05-14 21:54:32.082 [info] > git rev-parse --path-format=relative --show-toplevel [5ms]
2025-05-14 21:54:32.088 [info] > git rev-parse --show-toplevel [3ms]
2025-05-14 21:54:32.095 [info] > git rev-parse --path-format=relative --show-toplevel [3ms]
2025-05-14 21:54:32.101 [info] > git rev-parse --show-toplevel [3ms]
2025-05-14 21:54:32.108 [info] > git rev-parse --path-format=relative --show-toplevel [4ms]
2025-05-14 21:54:33.888 [info] > git add -A -- . [44ms]
2025-05-14 21:54:33.954 [info] > git -c user.useConfigOnly=true commit --quiet --allow-empty-message --file - [62ms]
2025-05-14 21:54:33.961 [info] > git config --get commit.template [3ms]
2025-05-14 21:54:33.970 [info] > git config --get commit.template [4ms]
2025-05-14 21:54:33.980 [info] > git for-each-ref --format=%(refname)%00%(upstream:short)%00%(objectname)%00%(upstream:track)%00%(upstream:remotename)%00%(upstream:remoteref) refs/heads/main refs/remotes/main [11ms]
2025-05-14 21:54:33.984 [warning] [Git][revParse] Unable to read file: ENOENT: no such file or directory, open '/home/hwlee4/ICS45C/HW6/.git/refs/remotes/origin/main'
2025-05-14 21:54:33.987 [info] > git rev-parse refs/remotes/origin/main [3ms]
2025-05-14 21:54:34.001 [info] > git status -z -uall [11ms]
2025-05-14 21:54:34.002 [info] > git for-each-ref --sort -committerdate --format %(refname) %(objectname) %(*objectname) [7ms]
2025-05-14 21:54:34.014 [info] > git merge-base refs/heads/main refs/remotes/origin/main [6ms]
2025-05-14 21:54:34.025 [info] > git diff --name-status -z --diff-filter=ADMR 5c11414a78d5d6efa650afd53486d5e35a224d82...refs/remotes/origin/main [7ms]
2025-05-14 21:54:34.283 [info] > git config --get commit.template [6ms]
2025-05-14 21:54:34.289 [info] > git for-each-ref --format=%(refname)%00%(upstream:short)%00%(objectname)%00%(upstream:track)%00%(upstream:remotename)%00%(upstream:remoteref) refs/heads/main refs/remotes/main [8ms]
2025-05-14 21:54:34.292 [warning] [Git][revParse] Unable to read file: ENOENT: no such file or directory, open '/home/hwlee4/ICS45C/HW6/.git/refs/remotes/origin/main'
2025-05-14 21:54:34.296 [info] > git rev-parse refs/remotes/origin/main [4ms]
2025-05-14 21:54:34.310 [info] > git status -z -uall [11ms]
2025-05-14 21:54:34.310 [info] > git for-each-ref --sort -committerdate --format %(refname) %(objectname) %(*objectname) [8ms]
2025-05-14 21:54:35.448 [info] > git ls-files --stage -- /home/hwlee4/ICS45C/HW6/src/shape.hpp [3ms]
2025-05-14 21:54:35.460 [info] > git cat-file -s dc573378c5b95d9c8799108d909c8c21edd0b8c5 [8ms]
2025-05-14 21:54:35.623 [info] > git show --textconv :src/shape.hpp [7ms]
2025-05-14 21:54:35.954 [info] > git log --oneline --cherry main...main@{upstream} -- [7ms]
2025-05-14 21:54:37.212 [info] > git pull --tags origin main [1253ms]
2025-05-14 21:54:37.212 [info] From github.com:klefstad-teaching/ics-45c-hw6-hwlee4
 * branch            main       -> FETCH_HEAD
2025-05-14 21:54:37.486 [info] > git ls-files --stage -- /home/hwlee4/ICS45C/HW6/src/shape.hpp [3ms]
2025-05-14 21:54:37.496 [info] > git cat-file -s dc573378c5b95d9c8799108d909c8c21edd0b8c5 [5ms]
2025-05-14 21:54:37.814 [info] > git show --textconv :src/shape.hpp [7ms]
2025-05-14 21:54:38.378 [info] > git push origin main:main [1163ms]
2025-05-14 21:54:38.378 [info] To github.com:klefstad-teaching/ics-45c-hw6-hwlee4.git
   5c11414..473005a  main -> main
2025-05-14 21:54:38.387 [info] > git config --get commit.template [5ms]
2025-05-14 21:54:38.394 [info] > git for-each-ref --format=%(refname)%00%(upstream:short)%00%(objectname)%00%(upstream:track)%00%(upstream:remotename)%00%(upstream:remoteref) refs/heads/main refs/remotes/main [9ms]
2025-05-14 21:54:38.410 [info] > git status -z -uall [12ms]
2025-05-14 21:54:38.411 [info] > git for-each-ref --sort -committerdate --format %(refname) %(objectname) %(*objectname) [9ms]
2025-05-14 21:54:38.427 [info] > git merge-base refs/heads/main refs/remotes/origin/main [8ms]
2025-05-14 21:54:38.437 [info] > git diff --name-status -z --diff-filter=ADMR 473005ad18c17df9cb8da86e1a64f486fc4f7928...refs/remotes/origin/main [7ms]
2025-05-14 21:54:39.335 [info] > git ls-files --stage -- /home/hwlee4/ICS45C/HW6/src/shape.hpp [5ms]
2025-05-14 21:54:39.344 [info] > git cat-file -s dc573378c5b95d9c8799108d909c8c21edd0b8c5 [5ms]
2025-05-14 21:54:39.483 [info] > git show --textconv :src/shape.hpp [7ms]
2025-05-14 21:54:40.335 [info] > git config --get commit.template [5ms]
2025-05-14 21:54:40.342 [info] > git for-each-ref --format=%(refname)%00%(upstream:short)%00%(objectname)%00%(upstream:track)%00%(upstream:remotename)%00%(upstream:remoteref) refs/heads/main refs/remotes/main [8ms]
2025-05-14 21:54:40.355 [info] > git status -z -uall [10ms]
2025-05-14 21:54:40.357 [info] > git for-each-ref --sort -committerdate --format %(refname) %(objectname) %(*objectname) [8ms]
2025-05-14 21:54:40.655 [info] > git ls-files --stage -- /home/hwlee4/ICS45C/HW6/src/shape.hpp [6ms]
2025-05-14 21:54:40.664 [info] > git cat-file -s dc573378c5b95d9c8799108d909c8c21edd0b8c5 [6ms]
2025-05-14 21:54:40.922 [info] > git show --textconv :src/shape.hpp [7ms]
2025-05-14 21:54:43.522 [info] > git ls-files --stage -- /home/hwlee4/ICS45C/HW6/src/shape.hpp [4ms]
2025-05-14 21:54:43.532 [info] > git cat-file -s dc573378c5b95d9c8799108d909c8c21edd0b8c5 [5ms]
2025-05-14 21:54:43.640 [info] > git show --textconv :src/shape.hpp [6ms]
2025-05-14 21:54:45.742 [info] > git config --get commit.template [4ms]
2025-05-14 21:54:45.750 [info] > git for-each-ref --format=%(refname)%00%(upstream:short)%00%(objectname)%00%(upstream:track)%00%(upstream:remotename)%00%(upstream:remoteref) refs/heads/main refs/remotes/main [8ms]
2025-05-14 21:54:45.764 [info] > git status -z -uall [10ms]
2025-05-14 21:54:45.766 [info] > git for-each-ref --sort -committerdate --format %(refname) %(objectname) %(*objectname) [9ms]
2025-05-14 21:55:15.652 [info] > git show --textconv :src/circle.hpp [6ms]
2025-05-14 21:55:15.653 [info] > git ls-files --stage -- /home/hwlee4/ICS45C/HW6/src/circle.hpp [4ms]
2025-05-14 21:55:15.664 [info] > git cat-file -s dd0f769ca16e34f2b9080a9ebde37302242f08eb [7ms]
2025-05-14 21:55:16.039 [info] > git show --textconv :src/circle.cpp [7ms]
2025-05-14 21:55:16.039 [info] > git ls-files --stage -- /home/hwlee4/ICS45C/HW6/src/circle.cpp [4ms]
2025-05-14 21:55:16.049 [info] > git cat-file -s 9d28f0738b3a8ad489b69e589a53975c04dffa2f [7ms]
2025-05-14 21:55:17.267 [info] > git show --textconv :src/rectangle.cpp [7ms]
2025-05-14 21:55:17.267 [info] > git ls-files --stage -- /home/hwlee4/ICS45C/HW6/src/rectangle.cpp [4ms]
2025-05-14 21:55:17.275 [info] > git cat-file -s e55256c8573aa9c284eafac96a3604211bb48ecd [6ms]
2025-05-14 21:55:18.085 [info] > git show --textconv :src/rectangle.hpp [5ms]
2025-05-14 21:55:18.087 [info] > git ls-files --stage -- /home/hwlee4/ICS45C/HW6/src/rectangle.hpp [4ms]
2025-05-14 21:55:18.097 [info] > git cat-file -s 10740bec01688d66ebfaf84131b462d04514d2bd [7ms]
2025-05-14 21:55:19.158 [info] > git show --textconv :src/triangle.cpp [6ms]
2025-05-14 21:55:19.160 [info] > git ls-files --stage -- /home/hwlee4/ICS45C/HW6/src/triangle.cpp [4ms]
2025-05-14 21:55:19.169 [info] > git cat-file -s 3ce207ce3470a1fd0fbfdc551d6d8e6795d5649d [6ms]
2025-05-14 21:55:19.870 [info] > git show --textconv :src/triangle.hpp [5ms]
2025-05-14 21:55:19.872 [info] > git ls-files --stage -- /home/hwlee4/ICS45C/HW6/src/triangle.hpp [5ms]
2025-05-14 21:55:19.882 [info] > git cat-file -s 189a06fccc0d7f17ede9157e8d78e22bb94334b9 [7ms]
2025-05-14 21:56:39.365 [info] > git ls-files --stage -- /home/hwlee4/ICS45C/HW6/src/circle.cpp [4ms]
2025-05-14 21:56:39.369 [info] > git show --textconv :src/circle.cpp [12ms]
2025-05-14 21:56:39.374 [info] > git cat-file -s 9d28f0738b3a8ad489b69e589a53975c04dffa2f [5ms]
2025-05-14 21:56:42.838 [info] > git config --get commit.template [4ms]
2025-05-14 21:56:42.846 [info] > git for-each-ref --format=%(refname)%00%(upstream:short)%00%(objectname)%00%(upstream:track)%00%(upstream:remotename)%00%(upstream:remoteref) refs/heads/main refs/remotes/main [9ms]
2025-05-14 21:56:42.863 [info] > git for-each-ref --sort -committerdate --format %(refname) %(objectname) %(*objectname) [8ms]
2025-05-14 21:56:42.870 [info] > git status -z -uall [20ms]
2025-05-14 21:56:45.742 [info] > git show --textconv :src/circle.hpp [5ms]
2025-05-14 21:56:45.745 [info] > git ls-files --stage -- /home/hwlee4/ICS45C/HW6/src/circle.hpp [4ms]
2025-05-14 21:56:45.753 [info] > git cat-file -s dd0f769ca16e34f2b9080a9ebde37302242f08eb [5ms]
2025-05-14 21:56:50.685 [info] > git config --get commit.template [4ms]
2025-05-14 21:56:50.693 [info] > git for-each-ref --format=%(refname)%00%(upstream:short)%00%(objectname)%00%(upstream:track)%00%(upstream:remotename)%00%(upstream:remoteref) refs/heads/main refs/remotes/main [8ms]
2025-05-14 21:56:50.708 [info] > git status -z -uall [11ms]
2025-05-14 21:56:50.709 [info] > git for-each-ref --sort -committerdate --format %(refname) %(objectname) %(*objectname) [8ms]
2025-05-14 21:56:55.721 [info] > git config --get commit.template [5ms]
2025-05-14 21:56:55.728 [info] > git for-each-ref --format=%(refname)%00%(upstream:short)%00%(objectname)%00%(upstream:track)%00%(upstream:remotename)%00%(upstream:remoteref) refs/heads/main refs/remotes/main [8ms]
2025-05-14 21:56:55.742 [info] > git status -z -uall [10ms]
2025-05-14 21:56:55.745 [info] > git for-each-ref --sort -committerdate --format %(refname) %(objectname) %(*objectname) [9ms]
2025-05-14 21:57:00.983 [info] > git config --get commit.template [4ms]
2025-05-14 21:57:00.991 [info] > git for-each-ref --format=%(refname)%00%(upstream:short)%00%(objectname)%00%(upstream:track)%00%(upstream:remotename)%00%(upstream:remoteref) refs/heads/main refs/remotes/main [8ms]
2025-05-14 21:57:01.004 [info] > git status -z -uall [10ms]
2025-05-14 21:57:01.006 [info] > git for-each-ref --sort -committerdate --format %(refname) %(objectname) %(*objectname) [8ms]
2025-05-14 21:57:20.569 [info] > git show --textconv :src/circle.cpp [5ms]
2025-05-14 21:57:20.571 [info] > git ls-files --stage -- /home/hwlee4/ICS45C/HW6/src/circle.cpp [4ms]
2025-05-14 21:57:20.580 [info] > git cat-file -s 9d28f0738b3a8ad489b69e589a53975c04dffa2f [5ms]
2025-05-14 21:58:35.234 [info] > git ls-files --stage -- /home/hwlee4/ICS45C/HW6/src/triangle.hpp [4ms]
2025-05-14 21:58:35.238 [info] > git show --textconv :src/triangle.hpp [11ms]
2025-05-14 21:58:35.243 [info] > git cat-file -s 189a06fccc0d7f17ede9157e8d78e22bb94334b9 [6ms]
2025-05-14 21:58:43.073 [info] > git show --textconv :src/rectangle.cpp [6ms]
2025-05-14 21:58:43.074 [info] > git ls-files --stage -- /home/hwlee4/ICS45C/HW6/src/rectangle.cpp [5ms]
2025-05-14 21:58:43.081 [info] > git cat-file -s e55256c8573aa9c284eafac96a3604211bb48ecd [5ms]
2025-05-14 21:59:00.150 [info] > git config --get commit.template [3ms]
2025-05-14 21:59:00.159 [info] > git for-each-ref --format=%(refname)%00%(upstream:short)%00%(objectname)%00%(upstream:track)%00%(upstream:remotename)%00%(upstream:remoteref) refs/heads/main refs/remotes/main [9ms]
2025-05-14 21:59:00.174 [info] > git for-each-ref --sort -committerdate --format %(refname) %(objectname) %(*objectname) [8ms]
2025-05-14 21:59:00.183 [info] > git status -z -uall [20ms]
2025-05-14 21:59:01.760 [info] > git show --textconv :src/rectangle.hpp [6ms]
2025-05-14 21:59:01.761 [info] > git ls-files --stage -- /home/hwlee4/ICS45C/HW6/src/rectangle.hpp [4ms]
2025-05-14 21:59:01.769 [info] > git cat-file -s 10740bec01688d66ebfaf84131b462d04514d2bd [5ms]
2025-05-14 21:59:05.192 [info] > git config --get commit.template [3ms]
2025-05-14 21:59:05.200 [info] > git for-each-ref --format=%(refname)%00%(upstream:short)%00%(objectname)%00%(upstream:track)%00%(upstream:remotename)%00%(upstream:remoteref) refs/heads/main refs/remotes/main [8ms]
2025-05-14 21:59:05.214 [info] > git status -z -uall [11ms]
2025-05-14 21:59:05.214 [info] > git for-each-ref --sort -committerdate --format %(refname) %(objectname) %(*objectname) [8ms]
2025-05-14 21:59:06.855 [info] > git show --textconv :src/rectangle.cpp [4ms]
2025-05-14 21:59:06.858 [info] > git ls-files --stage -- /home/hwlee4/ICS45C/HW6/src/rectangle.cpp [5ms]
2025-05-14 21:59:06.866 [info] > git cat-file -s e55256c8573aa9c284eafac96a3604211bb48ecd [6ms]
2025-05-14 21:59:10.224 [info] > git config --get commit.template [4ms]
2025-05-14 21:59:10.231 [info] > git for-each-ref --format=%(refname)%00%(upstream:short)%00%(objectname)%00%(upstream:track)%00%(upstream:remotename)%00%(upstream:remoteref) refs/heads/main refs/remotes/main [8ms]
2025-05-14 21:59:10.244 [info] > git status -z -uall [10ms]
2025-05-14 21:59:10.244 [info] > git for-each-ref --sort -committerdate --format %(refname) %(objectname) %(*objectname) [8ms]
2025-05-14 21:59:16.533 [info] > git config --get commit.template [4ms]
2025-05-14 21:59:16.540 [info] > git for-each-ref --format=%(refname)%00%(upstream:short)%00%(objectname)%00%(upstream:track)%00%(upstream:remotename)%00%(upstream:remoteref) refs/heads/main refs/remotes/main [8ms]
2025-05-14 21:59:16.553 [info] > git status -z -uall [10ms]
2025-05-14 21:59:16.553 [info] > git for-each-ref --sort -committerdate --format %(refname) %(objectname) %(*objectname) [8ms]
2025-05-14 22:03:01.646 [info] > git ls-files --stage -- /home/hwlee4/ICS45C/HW6/src/rectangle.hpp [3ms]
2025-05-14 22:03:01.649 [info] > git show --textconv :src/rectangle.hpp [11ms]
2025-05-14 22:03:01.655 [info] > git cat-file -s 10740bec01688d66ebfaf84131b462d04514d2bd [6ms]
2025-05-14 22:03:20.060 [info] > git config --get commit.template [4ms]
2025-05-14 22:03:20.068 [info] > git for-each-ref --format=%(refname)%00%(upstream:short)%00%(objectname)%00%(upstream:track)%00%(upstream:remotename)%00%(upstream:remoteref) refs/heads/main refs/remotes/main [9ms]
2025-05-14 22:03:20.085 [info] > git for-each-ref --sort -committerdate --format %(refname) %(objectname) %(*objectname) [9ms]
2025-05-14 22:03:20.091 [info] > git status -z -uall [19ms]
2025-05-14 22:03:42.288 [info] > git config --get commit.template [3ms]
2025-05-14 22:03:42.296 [info] > git for-each-ref --format=%(refname)%00%(upstream:short)%00%(objectname)%00%(upstream:track)%00%(upstream:remotename)%00%(upstream:remoteref) refs/heads/main refs/remotes/main [8ms]
2025-05-14 22:03:42.309 [info] > git status -z -uall [9ms]
2025-05-14 22:03:42.311 [info] > git for-each-ref --sort -committerdate --format %(refname) %(objectname) %(*objectname) [8ms]
2025-05-14 22:03:49.640 [info] > git show --textconv :src/rectangle.cpp [5ms]
2025-05-14 22:03:49.641 [info] > git ls-files --stage -- /home/hwlee4/ICS45C/HW6/src/rectangle.cpp [4ms]
2025-05-14 22:03:49.651 [info] > git cat-file -s e55256c8573aa9c284eafac96a3604211bb48ecd [5ms]
2025-05-14 22:04:05.582 [info] > git show --textconv :src/triangle.hpp [7ms]
2025-05-14 22:04:05.584 [info] > git ls-files --stage -- /home/hwlee4/ICS45C/HW6/src/triangle.hpp [5ms]
2025-05-14 22:04:05.592 [info] > git cat-file -s 189a06fccc0d7f17ede9157e8d78e22bb94334b9 [5ms]
2025-05-14 22:05:01.845 [info] > git show --textconv :src/triangle.cpp [6ms]
2025-05-14 22:05:01.846 [info] > git ls-files --stage -- /home/hwlee4/ICS45C/HW6/src/triangle.cpp [4ms]
2025-05-14 22:05:01.855 [info] > git cat-file -s 3ce207ce3470a1fd0fbfdc551d6d8e6795d5649d [6ms]
2025-05-14 22:05:06.391 [info] > git config --get commit.template [5ms]
2025-05-14 22:05:06.399 [info] > git for-each-ref --format=%(refname)%00%(upstream:short)%00%(objectname)%00%(upstream:track)%00%(upstream:remotename)%00%(upstream:remoteref) refs/heads/main refs/remotes/main [9ms]
2025-05-14 22:05:06.415 [info] > git for-each-ref --sort -committerdate --format %(refname) %(objectname) %(*objectname) [9ms]
2025-05-14 22:05:06.420 [info] > git status -z -uall [17ms]
2025-05-14 22:05:11.431 [info] > git config --get commit.template [4ms]
2025-05-14 22:05:11.438 [info] > git for-each-ref --format=%(refname)%00%(upstream:short)%00%(objectname)%00%(upstream:track)%00%(upstream:remotename)%00%(upstream:remoteref) refs/heads/main refs/remotes/main [8ms]
2025-05-14 22:05:11.452 [info] > git status -z -uall [10ms]
2025-05-14 22:05:11.454 [info] > git for-each-ref --sort -committerdate --format %(refname) %(objectname) %(*objectname) [8ms]
2025-05-14 22:05:16.465 [info] > git config --get commit.template [3ms]
2025-05-14 22:05:16.473 [info] > git for-each-ref --format=%(refname)%00%(upstream:short)%00%(objectname)%00%(upstream:track)%00%(upstream:remotename)%00%(upstream:remoteref) refs/heads/main refs/remotes/main [9ms]
2025-05-14 22:05:16.488 [info] > git status -z -uall [11ms]
2025-05-14 22:05:16.488 [info] > git for-each-ref --sort -committerdate --format %(refname) %(objectname) %(*objectname) [8ms]
2025-05-14 22:06:49.646 [info] > git ls-files --stage -- /home/hwlee4/ICS45C/HW6/src/triangle.hpp [4ms]
2025-05-14 22:06:49.650 [info] > git show --textconv :src/triangle.hpp [11ms]
2025-05-14 22:06:49.656 [info] > git cat-file -s 189a06fccc0d7f17ede9157e8d78e22bb94334b9 [6ms]
2025-05-14 22:07:08.498 [info] > git config --get commit.template [4ms]
2025-05-14 22:07:08.509 [info] > git for-each-ref --format=%(refname)%00%(upstream:short)%00%(objectname)%00%(upstream:track)%00%(upstream:remotename)%00%(upstream:remoteref) refs/heads/main refs/remotes/main [12ms]
2025-05-14 22:07:08.526 [info] > git for-each-ref --sort -committerdate --format %(refname) %(objectname) %(*objectname) [8ms]
2025-05-14 22:07:08.533 [info] > git status -z -uall [19ms]
2025-05-14 22:07:36.782 [info] > git config --get commit.template [5ms]
2025-05-14 22:07:36.789 [info] > git for-each-ref --format=%(refname)%00%(upstream:short)%00%(objectname)%00%(upstream:track)%00%(upstream:remotename)%00%(upstream:remoteref) refs/heads/main refs/remotes/main [8ms]
2025-05-14 22:07:36.803 [info] > git status -z -uall [10ms]
2025-05-14 22:07:36.806 [info] > git for-each-ref --sort -committerdate --format %(refname) %(objectname) %(*objectname) [9ms]
2025-05-14 22:07:41.818 [info] > git config --get commit.template [4ms]
2025-05-14 22:07:41.826 [info] > git for-each-ref --format=%(refname)%00%(upstream:short)%00%(objectname)%00%(upstream:track)%00%(upstream:remotename)%00%(upstream:remoteref) refs/heads/main refs/remotes/main [8ms]
2025-05-14 22:07:41.840 [info] > git status -z -uall [10ms]
2025-05-14 22:07:41.842 [info] > git for-each-ref --sort -committerdate --format %(refname) %(objectname) %(*objectname) [9ms]
2025-05-14 22:08:16.207 [info] > git ls-files --stage -- /home/hwlee4/ICS45C/HW6/src/triangle.cpp [3ms]
2025-05-14 22:08:16.211 [info] > git show --textconv :src/triangle.cpp [12ms]
2025-05-14 22:08:16.216 [info] > git cat-file -s 3ce207ce3470a1fd0fbfdc551d6d8e6795d5649d [5ms]
2025-05-14 22:12:28.247 [info] > git ls-files --stage -- /home/hwlee4/ICS45C/HW6/src/square.cpp [5ms]
2025-05-14 22:12:28.251 [info] > git show --textconv :src/square.cpp [13ms]
2025-05-14 22:12:28.258 [info] > git cat-file -s d685de8d043edf454f3859237c5b927cdfc5ebe3 [7ms]
2025-05-14 22:12:29.247 [info] > git show --textconv :src/square.hpp [9ms]
2025-05-14 22:12:29.248 [info] > git ls-files --stage -- /home/hwlee4/ICS45C/HW6/src/square.hpp [6ms]
2025-05-14 22:12:29.263 [info] > git cat-file -s e81098f6d5bb6c4cf6b24f45f5bb89cbe7569b2e [12ms]
2025-05-14 22:12:37.451 [info] > git config --get commit.template [4ms]
2025-05-14 22:12:37.459 [info] > git for-each-ref --format=%(refname)%00%(upstream:short)%00%(objectname)%00%(upstream:track)%00%(upstream:remotename)%00%(upstream:remoteref) refs/heads/main refs/remotes/main [9ms]
2025-05-14 22:12:37.475 [info] > git for-each-ref --sort -committerdate --format %(refname) %(objectname) %(*objectname) [9ms]
2025-05-14 22:12:37.481 [info] > git status -z -uall [19ms]
2025-05-14 22:12:43.554 [info] > git config --get commit.template [4ms]
2025-05-14 22:12:43.561 [info] > git for-each-ref --format=%(refname)%00%(upstream:short)%00%(objectname)%00%(upstream:track)%00%(upstream:remotename)%00%(upstream:remoteref) refs/heads/main refs/remotes/main [7ms]
2025-05-14 22:12:43.575 [info] > git status -z -uall [10ms]
2025-05-14 22:12:43.577 [info] > git for-each-ref --sort -committerdate --format %(refname) %(objectname) %(*objectname) [8ms]
2025-05-14 22:12:44.469 [info] > git show --textconv :src/square.cpp [7ms]
2025-05-14 22:12:44.470 [info] > git ls-files --stage -- /home/hwlee4/ICS45C/HW6/src/square.cpp [5ms]
2025-05-14 22:12:44.480 [info] > git cat-file -s d685de8d043edf454f3859237c5b927cdfc5ebe3 [7ms]
2025-05-14 22:12:54.251 [info] > git config --get commit.template [4ms]
2025-05-14 22:12:54.259 [info] > git for-each-ref --format=%(refname)%00%(upstream:short)%00%(objectname)%00%(upstream:track)%00%(upstream:remotename)%00%(upstream:remoteref) refs/heads/main refs/remotes/main [8ms]
2025-05-14 22:12:54.272 [info] > git status -z -uall [10ms]
2025-05-14 22:12:54.274 [info] > git for-each-ref --sort -committerdate --format %(refname) %(objectname) %(*objectname) [8ms]
2025-05-14 22:12:58.099 [info] > git show --textconv :src/square.hpp [6ms]
2025-05-14 22:12:58.101 [info] > git ls-files --stage -- /home/hwlee4/ICS45C/HW6/src/square.hpp [5ms]
2025-05-14 22:12:58.110 [info] > git cat-file -s e81098f6d5bb6c4cf6b24f45f5bb89cbe7569b2e [6ms]
2025-05-14 22:13:03.867 [info] > git config --get commit.template [4ms]
2025-05-14 22:13:03.875 [info] > git for-each-ref --format=%(refname)%00%(upstream:short)%00%(objectname)%00%(upstream:track)%00%(upstream:remotename)%00%(upstream:remoteref) refs/heads/main refs/remotes/main [9ms]
2025-05-14 22:13:03.890 [info] > git status -z -uall [11ms]
2025-05-14 22:13:03.890 [info] > git for-each-ref --sort -committerdate --format %(refname) %(objectname) %(*objectname) [8ms]
2025-05-14 22:13:04.969 [info] > git show --textconv :src/square.cpp [7ms]
2025-05-14 22:13:04.969 [info] > git ls-files --stage -- /home/hwlee4/ICS45C/HW6/src/square.cpp [5ms]
2025-05-14 22:13:04.978 [info] > git cat-file -s d685de8d043edf454f3859237c5b927cdfc5ebe3 [7ms]
2025-05-14 22:19:03.237 [info] > git add -A -- . [73ms]
2025-05-14 22:19:03.300 [info] > git -c user.useConfigOnly=true commit --quiet --allow-empty-message --file - [59ms]
2025-05-14 22:19:03.308 [info] > git config --get commit.template [3ms]
2025-05-14 22:19:03.316 [info] > git config --get commit.template [4ms]
2025-05-14 22:19:03.328 [info] > git for-each-ref --format=%(refname)%00%(upstream:short)%00%(objectname)%00%(upstream:track)%00%(upstream:remotename)%00%(upstream:remoteref) refs/heads/main refs/remotes/main [12ms]
2025-05-14 22:19:03.343 [info] > git status -z -uall [11ms]
2025-05-14 22:19:03.343 [info] > git for-each-ref --sort -committerdate --format %(refname) %(objectname) %(*objectname) [8ms]
2025-05-14 22:19:03.358 [info] > git merge-base refs/heads/main refs/remotes/origin/main [7ms]
2025-05-14 22:19:03.369 [info] > git diff --name-status -z --diff-filter=ADMR 473005ad18c17df9cb8da86e1a64f486fc4f7928...refs/remotes/origin/main [6ms]
2025-05-14 22:19:04.323 [info] > git config --get commit.template [4ms]
2025-05-14 22:19:04.331 [info] > git for-each-ref --format=%(refname)%00%(upstream:short)%00%(objectname)%00%(upstream:track)%00%(upstream:remotename)%00%(upstream:remoteref) refs/heads/main refs/remotes/main [8ms]
2025-05-14 22:19:04.345 [info] > git status -z -uall [10ms]
2025-05-14 22:19:04.347 [info] > git for-each-ref --sort -committerdate --format %(refname) %(objectname) %(*objectname) [8ms]
2025-05-14 22:19:05.156 [info] > git ls-files --stage -- /home/hwlee4/ICS45C/HW6/src/square.cpp [3ms]
2025-05-14 22:19:05.166 [info] > git cat-file -s b1056986bdcd7eacd3063a1487f3814540c5d10a [8ms]
2025-05-14 22:19:05.242 [info] > git show --textconv :src/square.cpp [7ms]
2025-05-14 22:19:07.017 [info] > git log --oneline --cherry main...main@{upstream} -- [8ms]
2025-05-14 22:19:08.281 [info] > git pull --tags origin main [1261ms]
2025-05-14 22:19:08.281 [info] From github.com:klefstad-teaching/ics-45c-hw6-hwlee4
 * branch            main       -> FETCH_HEAD
2025-05-14 22:19:09.605 [info] > git push origin main:main [1321ms]
2025-05-14 22:19:09.605 [info] To github.com:klefstad-teaching/ics-45c-hw6-hwlee4.git
   473005a..ee5b357  main -> main
2025-05-14 22:19:09.609 [info] > git ls-files --stage -- /home/hwlee4/ICS45C/HW6/src/square.cpp [8ms]
2025-05-14 22:19:09.616 [info] > git config --get commit.template [6ms]
2025-05-14 22:19:09.618 [info] > git cat-file -s b1056986bdcd7eacd3063a1487f3814540c5d10a [6ms]
2025-05-14 22:19:09.626 [info] > git for-each-ref --format=%(refname)%00%(upstream:short)%00%(objectname)%00%(upstream:track)%00%(upstream:remotename)%00%(upstream:remoteref) refs/heads/main refs/remotes/main [11ms]
2025-05-14 22:19:09.641 [info] > git status -z -uall [11ms]
2025-05-14 22:19:09.647 [info] > git for-each-ref --sort -committerdate --format %(refname) %(objectname) %(*objectname) [13ms]
2025-05-14 22:19:09.656 [info] > git show --textconv :src/square.cpp [10ms]
2025-05-14 22:19:09.662 [info] > git merge-base refs/heads/main refs/remotes/origin/main [7ms]
2025-05-14 22:19:09.672 [info] > git diff --name-status -z --diff-filter=ADMR ee5b357da7f42a02f30d2df1742fdda4d784d72b...refs/remotes/origin/main [7ms]
2025-05-14 22:19:11.152 [info] > git config --get commit.template [4ms]
2025-05-14 22:19:11.160 [info] > git for-each-ref --format=%(refname)%00%(upstream:short)%00%(objectname)%00%(upstream:track)%00%(upstream:remotename)%00%(upstream:remoteref) refs/heads/main refs/remotes/main [8ms]
2025-05-14 22:19:11.175 [info] > git status -z -uall [11ms]
2025-05-14 22:19:11.176 [info] > git for-each-ref --sort -committerdate --format %(refname) %(objectname) %(*objectname) [8ms]
2025-05-14 22:19:12.137 [info] > git ls-files --stage -- /home/hwlee4/ICS45C/HW6/src/square.cpp [5ms]
2025-05-14 22:19:12.147 [info] > git cat-file -s b1056986bdcd7eacd3063a1487f3814540c5d10a [6ms]
2025-05-14 22:19:12.202 [info] > git show --textconv :src/square.cpp [7ms]
2025-05-14 22:19:18.502 [info] > git ls-files --stage -- /home/hwlee4/ICS45C/HW6/src/picture.cpp [4ms]
2025-05-14 22:19:18.504 [info] > git show --textconv :src/picture.cpp [8ms]
2025-05-14 22:19:18.511 [info] > git cat-file -s b03a75cf2ced429bb71ee1e5f5ad484c24885679 [7ms]
2025-05-14 22:19:19.460 [info] > git show --textconv :src/picture.hpp [6ms]
2025-05-14 22:19:19.460 [info] > git ls-files --stage -- /home/hwlee4/ICS45C/HW6/src/picture.hpp [3ms]
2025-05-14 22:19:19.470 [info] > git cat-file -s 3a7a781f090422b8e2cbc2983449402b99f55ebe [7ms]
2025-05-14 22:19:50.572 [info] > git config --get commit.template [3ms]
2025-05-14 22:19:50.581 [info] > git for-each-ref --format=%(refname)%00%(upstream:short)%00%(objectname)%00%(upstream:track)%00%(upstream:remotename)%00%(upstream:remoteref) refs/heads/main refs/remotes/main [9ms]
2025-05-14 22:19:50.595 [info] > git status -z -uall [11ms]
2025-05-14 22:19:50.596 [info] > git for-each-ref --sort -committerdate --format %(refname) %(objectname) %(*objectname) [8ms]
2025-05-14 22:19:55.607 [info] > git config --get commit.template [4ms]
2025-05-14 22:19:55.617 [info] > git for-each-ref --format=%(refname)%00%(upstream:short)%00%(objectname)%00%(upstream:track)%00%(upstream:remotename)%00%(upstream:remoteref) refs/heads/main refs/remotes/main [10ms]
2025-05-14 22:19:55.633 [info] > git status -z -uall [12ms]
2025-05-14 22:19:55.633 [info] > git for-each-ref --sort -committerdate --format %(refname) %(objectname) %(*objectname) [9ms]
2025-05-14 22:20:00.643 [info] > git config --get commit.template [4ms]
2025-05-14 22:20:00.650 [info] > git for-each-ref --format=%(refname)%00%(upstream:short)%00%(objectname)%00%(upstream:track)%00%(upstream:remotename)%00%(upstream:remoteref) refs/heads/main refs/remotes/main [8ms]
2025-05-14 22:20:00.664 [info] > git status -z -uall [10ms]
2025-05-14 22:20:00.666 [info] > git for-each-ref --sort -committerdate --format %(refname) %(objectname) %(*objectname) [8ms]
2025-05-14 22:20:05.675 [info] > git config --get commit.template [4ms]
2025-05-14 22:20:05.683 [info] > git for-each-ref --format=%(refname)%00%(upstream:short)%00%(objectname)%00%(upstream:track)%00%(upstream:remotename)%00%(upstream:remoteref) refs/heads/main refs/remotes/main [8ms]
2025-05-14 22:20:05.698 [info] > git for-each-ref --sort -committerdate --format %(refname) %(objectname) %(*objectname) [8ms]
2025-05-14 22:20:05.704 [info] > git status -z -uall [17ms]
2025-05-14 22:20:10.714 [info] > git config --get commit.template [4ms]
2025-05-14 22:20:10.722 [info] > git for-each-ref --format=%(refname)%00%(upstream:short)%00%(objectname)%00%(upstream:track)%00%(upstream:remotename)%00%(upstream:remoteref) refs/heads/main refs/remotes/main [8ms]
2025-05-14 22:20:10.736 [info] > git status -z -uall [10ms]
2025-05-14 22:20:10.737 [info] > git for-each-ref --sort -committerdate --format %(refname) %(objectname) %(*objectname) [8ms]
2025-05-14 22:20:15.747 [info] > git config --get commit.template [5ms]
2025-05-14 22:20:15.755 [info] > git for-each-ref --format=%(refname)%00%(upstream:short)%00%(objectname)%00%(upstream:track)%00%(upstream:remotename)%00%(upstream:remoteref) refs/heads/main refs/remotes/main [9ms]
2025-05-14 22:20:15.770 [info] > git status -z -uall [11ms]
2025-05-14 22:20:15.771 [info] > git for-each-ref --sort -committerdate --format %(refname) %(objectname) %(*objectname) [9ms]
2025-05-14 22:20:20.781 [info] > git config --get commit.template [5ms]
2025-05-14 22:20:20.788 [info] > git for-each-ref --format=%(refname)%00%(upstream:short)%00%(objectname)%00%(upstream:track)%00%(upstream:remotename)%00%(upstream:remoteref) refs/heads/main refs/remotes/main [8ms]
2025-05-14 22:20:20.803 [info] > git status -z -uall [11ms]
2025-05-14 22:20:20.805 [info] > git for-each-ref --sort -committerdate --format %(refname) %(objectname) %(*objectname) [10ms]
2025-05-14 22:20:25.814 [info] > git config --get commit.template [4ms]
2025-05-14 22:20:25.822 [info] > git for-each-ref --format=%(refname)%00%(upstream:short)%00%(objectname)%00%(upstream:track)%00%(upstream:remotename)%00%(upstream:remoteref) refs/heads/main refs/remotes/main [8ms]
2025-05-14 22:20:25.836 [info] > git status -z -uall [10ms]
2025-05-14 22:20:25.837 [info] > git for-each-ref --sort -committerdate --format %(refname) %(objectname) %(*objectname) [8ms]
2025-05-14 22:20:38.573 [info] > git config --get commit.template [3ms]
2025-05-14 22:20:38.582 [info] > git for-each-ref --format=%(refname)%00%(upstream:short)%00%(objectname)%00%(upstream:track)%00%(upstream:remotename)%00%(upstream:remoteref) refs/heads/main refs/remotes/main [9ms]
2025-05-14 22:20:38.594 [info] > git status -z -uall [9ms]
2025-05-14 22:20:38.595 [info] > git for-each-ref --sort -committerdate --format %(refname) %(objectname) %(*objectname) [8ms]
2025-05-14 22:20:44.573 [info] > git config --get commit.template [3ms]
2025-05-14 22:20:44.583 [info] > git for-each-ref --format=%(refname)%00%(upstream:short)%00%(objectname)%00%(upstream:track)%00%(upstream:remotename)%00%(upstream:remoteref) refs/heads/main refs/remotes/main [10ms]
2025-05-14 22:20:44.599 [info] > git status -z -uall [12ms]
2025-05-14 22:20:44.599 [info] > git for-each-ref --sort -committerdate --format %(refname) %(objectname) %(*objectname) [9ms]
2025-05-14 22:20:44.812 [info] > git show --textconv :src/picture.cpp [8ms]
2025-05-14 22:20:44.812 [info] > git ls-files --stage -- /home/hwlee4/ICS45C/HW6/src/picture.cpp [5ms]
2025-05-14 22:20:44.823 [info] > git cat-file -s b03a75cf2ced429bb71ee1e5f5ad484c24885679 [6ms]
2025-05-14 22:21:12.514 [info] > git config --get commit.template [4ms]
2025-05-14 22:21:12.523 [info] > git for-each-ref --format=%(refname)%00%(upstream:short)%00%(objectname)%00%(upstream:track)%00%(upstream:remotename)%00%(upstream:remoteref) refs/heads/main refs/remotes/main [10ms]
2025-05-14 22:21:12.538 [info] > git for-each-ref --sort -committerdate --format %(refname) %(objectname) %(*objectname) [9ms]
2025-05-14 22:21:12.542 [info] > git status -z -uall [16ms]
2025-05-14 22:21:17.552 [info] > git config --get commit.template [4ms]
2025-05-14 22:21:17.560 [info] > git for-each-ref --format=%(refname)%00%(upstream:short)%00%(objectname)%00%(upstream:track)%00%(upstream:remotename)%00%(upstream:remoteref) refs/heads/main refs/remotes/main [8ms]
2025-05-14 22:21:17.573 [info] > git status -z -uall [10ms]
2025-05-14 22:21:17.575 [info] > git for-each-ref --sort -committerdate --format %(refname) %(objectname) %(*objectname) [9ms]
2025-05-14 22:21:22.586 [info] > git config --get commit.template [5ms]
2025-05-14 22:21:22.593 [info] > git for-each-ref --format=%(refname)%00%(upstream:short)%00%(objectname)%00%(upstream:track)%00%(upstream:remotename)%00%(upstream:remoteref) refs/heads/main refs/remotes/main [8ms]
2025-05-14 22:21:22.607 [info] > git status -z -uall [10ms]
2025-05-14 22:21:22.609 [info] > git for-each-ref --sort -committerdate --format %(refname) %(objectname) %(*objectname) [9ms]
2025-05-14 22:21:27.619 [info] > git config --get commit.template [4ms]
2025-05-14 22:21:27.627 [info] > git for-each-ref --format=%(refname)%00%(upstream:short)%00%(objectname)%00%(upstream:track)%00%(upstream:remotename)%00%(upstream:remoteref) refs/heads/main refs/remotes/main [8ms]
2025-05-14 22:21:27.642 [info] > git status -z -uall [11ms]
2025-05-14 22:21:27.642 [info] > git for-each-ref --sort -committerdate --format %(refname) %(objectname) %(*objectname) [8ms]
2025-05-14 22:21:32.652 [info] > git config --get commit.template [5ms]
2025-05-14 22:21:32.659 [info] > git for-each-ref --format=%(refname)%00%(upstream:short)%00%(objectname)%00%(upstream:track)%00%(upstream:remotename)%00%(upstream:remoteref) refs/heads/main refs/remotes/main [8ms]
2025-05-14 22:21:32.674 [info] > git status -z -uall [10ms]
2025-05-14 22:21:32.674 [info] > git for-each-ref --sort -committerdate --format %(refname) %(objectname) %(*objectname) [8ms]
2025-05-14 22:21:37.683 [info] > git config --get commit.template [4ms]
2025-05-14 22:21:37.690 [info] > git for-each-ref --format=%(refname)%00%(upstream:short)%00%(objectname)%00%(upstream:track)%00%(upstream:remotename)%00%(upstream:remoteref) refs/heads/main refs/remotes/main [7ms]
2025-05-14 22:21:37.703 [info] > git status -z -uall [9ms]
2025-05-14 22:21:37.705 [info] > git for-each-ref --sort -committerdate --format %(refname) %(objectname) %(*objectname) [7ms]
2025-05-14 22:21:42.714 [info] > git config --get commit.template [4ms]
2025-05-14 22:21:42.722 [info] > git for-each-ref --format=%(refname)%00%(upstream:short)%00%(objectname)%00%(upstream:track)%00%(upstream:remotename)%00%(upstream:remoteref) refs/heads/main refs/remotes/main [8ms]
2025-05-14 22:21:42.737 [info] > git status -z -uall [11ms]
2025-05-14 22:21:42.738 [info] > git for-each-ref --sort -committerdate --format %(refname) %(objectname) %(*objectname) [8ms]
2025-05-14 22:22:11.552 [info] > git config --get commit.template [4ms]
2025-05-14 22:22:11.560 [info] > git for-each-ref --format=%(refname)%00%(upstream:short)%00%(objectname)%00%(upstream:track)%00%(upstream:remotename)%00%(upstream:remoteref) refs/heads/main refs/remotes/main [9ms]
2025-05-14 22:22:11.575 [info] > git status -z -uall [11ms]
2025-05-14 22:22:11.577 [info] > git for-each-ref --sort -committerdate --format %(refname) %(objectname) %(*objectname) [10ms]
2025-05-14 22:22:31.378 [info] > git config --get commit.template [4ms]
2025-05-14 22:22:31.386 [info] > git for-each-ref --format=%(refname)%00%(upstream:short)%00%(objectname)%00%(upstream:track)%00%(upstream:remotename)%00%(upstream:remoteref) refs/heads/main refs/remotes/main [10ms]
2025-05-14 22:22:31.402 [info] > git for-each-ref --sort -committerdate --format %(refname) %(objectname) %(*objectname) [9ms]
2025-05-14 22:22:31.407 [info] > git status -z -uall [18ms]
2025-05-14 22:23:58.322 [info] > git config --get commit.template [5ms]
2025-05-14 22:23:58.332 [info] > git for-each-ref --format=%(refname)%00%(upstream:short)%00%(objectname)%00%(upstream:track)%00%(upstream:remotename)%00%(upstream:remoteref) refs/heads/main refs/remotes/main [11ms]
2025-05-14 22:23:58.348 [info] > git for-each-ref --sort -committerdate --format %(refname) %(objectname) %(*objectname) [9ms]
2025-05-14 22:23:58.354 [info] > git status -z -uall [18ms]
2025-05-14 22:24:03.365 [info] > git config --get commit.template [4ms]
2025-05-14 22:24:03.372 [info] > git for-each-ref --format=%(refname)%00%(upstream:short)%00%(objectname)%00%(upstream:track)%00%(upstream:remotename)%00%(upstream:remoteref) refs/heads/main refs/remotes/main [8ms]
2025-05-14 22:24:03.390 [info] > git status -z -uall [14ms]
2025-05-14 22:24:03.391 [info] > git for-each-ref --sort -committerdate --format %(refname) %(objectname) %(*objectname) [11ms]
2025-05-14 22:24:08.402 [info] > git config --get commit.template [4ms]
2025-05-14 22:24:08.410 [info] > git for-each-ref --format=%(refname)%00%(upstream:short)%00%(objectname)%00%(upstream:track)%00%(upstream:remotename)%00%(upstream:remoteref) refs/heads/main refs/remotes/main [8ms]
2025-05-14 22:24:08.424 [info] > git status -z -uall [10ms]
2025-05-14 22:24:08.426 [info] > git for-each-ref --sort -committerdate --format %(refname) %(objectname) %(*objectname) [8ms]
2025-05-14 22:24:16.768 [info] > git config --get commit.template [3ms]
2025-05-14 22:24:16.775 [info] > git for-each-ref --format=%(refname)%00%(upstream:short)%00%(objectname)%00%(upstream:track)%00%(upstream:remotename)%00%(upstream:remoteref) refs/heads/main refs/remotes/main [7ms]
2025-05-14 22:24:16.789 [info] > git status -z -uall [10ms]
2025-05-14 22:24:16.791 [info] > git for-each-ref --sort -committerdate --format %(refname) %(objectname) %(*objectname) [9ms]
2025-05-14 22:24:21.801 [info] > git config --get commit.template [4ms]
2025-05-14 22:24:21.809 [info] > git for-each-ref --format=%(refname)%00%(upstream:short)%00%(objectname)%00%(upstream:track)%00%(upstream:remotename)%00%(upstream:remoteref) refs/heads/main refs/remotes/main [8ms]
2025-05-14 22:24:21.823 [info] > git status -z -uall [11ms]
2025-05-14 22:24:21.825 [info] > git for-each-ref --sort -committerdate --format %(refname) %(objectname) %(*objectname) [8ms]
2025-05-14 22:24:37.665 [info] > git config --get commit.template [5ms]
2025-05-14 22:24:37.671 [info] > git for-each-ref --format=%(refname)%00%(upstream:short)%00%(objectname)%00%(upstream:track)%00%(upstream:remotename)%00%(upstream:remoteref) refs/heads/main refs/remotes/main [7ms]
2025-05-14 22:24:37.685 [info] > git status -z -uall [10ms]
2025-05-14 22:24:37.687 [info] > git for-each-ref --sort -committerdate --format %(refname) %(objectname) %(*objectname) [8ms]
2025-05-14 22:24:47.107 [info] > git config --get commit.template [3ms]
2025-05-14 22:24:47.115 [info] > git for-each-ref --format=%(refname)%00%(upstream:short)%00%(objectname)%00%(upstream:track)%00%(upstream:remotename)%00%(upstream:remoteref) refs/heads/main refs/remotes/main [8ms]
2025-05-14 22:24:47.129 [info] > git status -z -uall [11ms]
2025-05-14 22:24:47.130 [info] > git for-each-ref --sort -committerdate --format %(refname) %(objectname) %(*objectname) [8ms]
2025-05-14 22:24:52.141 [info] > git config --get commit.template [4ms]
2025-05-14 22:24:52.148 [info] > git for-each-ref --format=%(refname)%00%(upstream:short)%00%(objectname)%00%(upstream:track)%00%(upstream:remotename)%00%(upstream:remoteref) refs/heads/main refs/remotes/main [8ms]
2025-05-14 22:24:52.162 [info] > git status -z -uall [11ms]
2025-05-14 22:24:52.162 [info] > git for-each-ref --sort -committerdate --format %(refname) %(objectname) %(*objectname) [8ms]
2025-05-14 22:24:57.171 [info] > git config --get commit.template [3ms]
2025-05-14 22:24:57.178 [info] > git for-each-ref --format=%(refname)%00%(upstream:short)%00%(objectname)%00%(upstream:track)%00%(upstream:remotename)%00%(upstream:remoteref) refs/heads/main refs/remotes/main [8ms]
2025-05-14 22:24:57.193 [info] > git status -z -uall [11ms]
2025-05-14 22:24:57.193 [info] > git for-each-ref --sort -committerdate --format %(refname) %(objectname) %(*objectname) [8ms]
2025-05-14 22:25:29.621 [info] > git config --get commit.template [4ms]
2025-05-14 22:25:29.629 [info] > git for-each-ref --format=%(refname)%00%(upstream:short)%00%(objectname)%00%(upstream:track)%00%(upstream:remotename)%00%(upstream:remoteref) refs/heads/main refs/remotes/main [9ms]
2025-05-14 22:25:29.643 [info] > git for-each-ref --sort -committerdate --format %(refname) %(objectname) %(*objectname) [8ms]
2025-05-14 22:25:29.649 [info] > git status -z -uall [17ms]
2025-05-14 22:25:45.015 [info] > git config --get commit.template [3ms]
2025-05-14 22:25:45.022 [info] > git for-each-ref --format=%(refname)%00%(upstream:short)%00%(objectname)%00%(upstream:track)%00%(upstream:remotename)%00%(upstream:remoteref) refs/heads/main refs/remotes/main [8ms]
2025-05-14 22:25:45.036 [info] > git status -z -uall [11ms]
2025-05-14 22:25:45.037 [info] > git for-each-ref --sort -committerdate --format %(refname) %(objectname) %(*objectname) [8ms]
2025-05-14 22:25:50.044 [info] > git config --get commit.template [2ms]
2025-05-14 22:25:50.052 [info] > git for-each-ref --format=%(refname)%00%(upstream:short)%00%(objectname)%00%(upstream:track)%00%(upstream:remotename)%00%(upstream:remoteref) refs/heads/main refs/remotes/main [8ms]
2025-05-14 22:25:50.066 [info] > git status -z -uall [11ms]
2025-05-14 22:25:50.068 [info] > git for-each-ref --sort -committerdate --format %(refname) %(objectname) %(*objectname) [8ms]
2025-05-14 22:26:15.026 [info] > git config --get commit.template [2ms]
2025-05-14 22:26:15.034 [info] > git for-each-ref --format=%(refname)%00%(upstream:short)%00%(objectname)%00%(upstream:track)%00%(upstream:remotename)%00%(upstream:remoteref) refs/heads/main refs/remotes/main [8ms]
2025-05-14 22:26:15.047 [info] > git status -z -uall [11ms]
2025-05-14 22:26:15.047 [info] > git for-each-ref --sort -committerdate --format %(refname) %(objectname) %(*objectname) [8ms]
2025-05-14 22:26:32.116 [info] > git config --get commit.template [5ms]
2025-05-14 22:26:32.124 [info] > git for-each-ref --format=%(refname)%00%(upstream:short)%00%(objectname)%00%(upstream:track)%00%(upstream:remotename)%00%(upstream:remoteref) refs/heads/main refs/remotes/main [9ms]
2025-05-14 22:26:32.138 [info] > git for-each-ref --sort -committerdate --format %(refname) %(objectname) %(*objectname) [9ms]
2025-05-14 22:26:32.146 [info] > git status -z -uall [19ms]
2025-05-14 22:27:04.070 [info] > git config --get commit.template [4ms]
2025-05-14 22:27:04.078 [info] > git for-each-ref --format=%(refname)%00%(upstream:short)%00%(objectname)%00%(upstream:track)%00%(upstream:remotename)%00%(upstream:remoteref) refs/heads/main refs/remotes/main [7ms]
2025-05-14 22:27:04.090 [info] > git status -z -uall [9ms]
2025-05-14 22:27:04.091 [info] > git for-each-ref --sort -committerdate --format %(refname) %(objectname) %(*objectname) [8ms]
2025-05-14 22:27:13.034 [info] > git config --get commit.template [3ms]
2025-05-14 22:27:13.042 [info] > git for-each-ref --format=%(refname)%00%(upstream:short)%00%(objectname)%00%(upstream:track)%00%(upstream:remotename)%00%(upstream:remoteref) refs/heads/main refs/remotes/main [9ms]
2025-05-14 22:27:13.055 [info] > git status -z -uall [10ms]
2025-05-14 22:27:13.055 [info] > git for-each-ref --sort -committerdate --format %(refname) %(objectname) %(*objectname) [8ms]
2025-05-14 22:27:18.064 [info] > git config --get commit.template [3ms]
2025-05-14 22:27:18.071 [info] > git for-each-ref --format=%(refname)%00%(upstream:short)%00%(objectname)%00%(upstream:track)%00%(upstream:remotename)%00%(upstream:remoteref) refs/heads/main refs/remotes/main [8ms]
2025-05-14 22:27:18.084 [info] > git status -z -uall [10ms]
2025-05-14 22:27:18.085 [info] > git for-each-ref --sort -committerdate --format %(refname) %(objectname) %(*objectname) [9ms]
2025-05-14 22:27:23.670 [info] > git config --get commit.template [4ms]
2025-05-14 22:27:23.678 [info] > git for-each-ref --format=%(refname)%00%(upstream:short)%00%(objectname)%00%(upstream:track)%00%(upstream:remotename)%00%(upstream:remoteref) refs/heads/main refs/remotes/main [9ms]
2025-05-14 22:27:23.692 [info] > git status -z -uall [10ms]
2025-05-14 22:27:23.692 [info] > git for-each-ref --sort -committerdate --format %(refname) %(objectname) %(*objectname) [9ms]
2025-05-14 22:27:39.862 [info] > git config --get commit.template [4ms]
2025-05-14 22:27:39.870 [info] > git for-each-ref --format=%(refname)%00%(upstream:short)%00%(objectname)%00%(upstream:track)%00%(upstream:remotename)%00%(upstream:remoteref) refs/heads/main refs/remotes/main [9ms]
2025-05-14 22:27:39.885 [info] > git for-each-ref --sort -committerdate --format %(refname) %(objectname) %(*objectname) [8ms]
2025-05-14 22:27:39.890 [info] > git status -z -uall [17ms]
2025-05-14 22:28:34.025 [info] > git show --textconv :src/standard_main.cpp [5ms]
2025-05-14 22:28:34.027 [info] > git ls-files --stage -- /home/hwlee4/ICS45C/HW6/src/standard_main.cpp [4ms]
2025-05-14 22:28:34.038 [info] > git cat-file -s 4a27a33b2113a193837841ff8609ed23d68f3989 [7ms]
2025-05-14 22:28:38.769 [info] > git config --get commit.template [4ms]
2025-05-14 22:28:38.778 [info] > git for-each-ref --format=%(refname)%00%(upstream:short)%00%(objectname)%00%(upstream:track)%00%(upstream:remotename)%00%(upstream:remoteref) refs/heads/main refs/remotes/main [9ms]
2025-05-14 22:28:38.793 [info] > git status -z -uall [11ms]
2025-05-14 22:28:38.795 [info] > git for-each-ref --sort -committerdate --format %(refname) %(objectname) %(*objectname) [10ms]
2025-05-14 22:28:45.621 [info] > git config --get commit.template [4ms]
2025-05-14 22:28:45.630 [info] > git for-each-ref --format=%(refname)%00%(upstream:short)%00%(objectname)%00%(upstream:track)%00%(upstream:remotename)%00%(upstream:remoteref) refs/heads/main refs/remotes/main [9ms]
2025-05-14 22:28:45.645 [info] > git for-each-ref --sort -committerdate --format %(refname) %(objectname) %(*objectname) [8ms]
2025-05-14 22:28:45.650 [info] > git status -z -uall [17ms]
2025-05-14 22:29:08.213 [info] > git config --get commit.template [5ms]
2025-05-14 22:29:08.220 [info] > git for-each-ref --format=%(refname)%00%(upstream:short)%00%(objectname)%00%(upstream:track)%00%(upstream:remotename)%00%(upstream:remoteref) refs/heads/main refs/remotes/main [8ms]
2025-05-14 22:29:08.233 [info] > git status -z -uall [10ms]
2025-05-14 22:29:08.234 [info] > git for-each-ref --sort -committerdate --format %(refname) %(objectname) %(*objectname) [8ms]
2025-05-14 22:29:45.434 [info] > git show --textconv :src/picture.hpp [6ms]
2025-05-14 22:29:45.436 [info] > git ls-files --stage -- /home/hwlee4/ICS45C/HW6/src/picture.hpp [5ms]
2025-05-14 22:29:45.444 [info] > git cat-file -s 3a7a781f090422b8e2cbc2983449402b99f55ebe [5ms]
2025-05-14 22:29:47.122 [info] > git show --textconv :src/picture.cpp [7ms]
2025-05-14 22:29:47.122 [info] > git ls-files --stage -- /home/hwlee4/ICS45C/HW6/src/picture.cpp [4ms]
2025-05-14 22:29:47.131 [info] > git cat-file -s b03a75cf2ced429bb71ee1e5f5ad484c24885679 [5ms]
2025-05-14 23:32:08.125 [info] > git check-ignore -v -z --stdin [6ms]
2025-05-14 23:32:08.402 [info] > git config --get commit.template [4ms]
2025-05-14 23:32:08.412 [info] > git for-each-ref --format=%(refname)%00%(upstream:short)%00%(objectname)%00%(upstream:track)%00%(upstream:remotename)%00%(upstream:remoteref) refs/heads/main refs/remotes/main [11ms]
2025-05-14 23:32:08.428 [info] > git for-each-ref --sort -committerdate --format %(refname) %(objectname) %(*objectname) [9ms]
2025-05-14 23:32:08.431 [info] > git status -z -uall [15ms]
2025-05-14 23:32:17.870 [info] > git config --get commit.template [3ms]
2025-05-14 23:32:17.877 [info] > git for-each-ref --format=%(refname)%00%(upstream:short)%00%(objectname)%00%(upstream:track)%00%(upstream:remotename)%00%(upstream:remoteref) refs/heads/main refs/remotes/main [8ms]
2025-05-14 23:32:17.891 [info] > git status -z -uall [10ms]
2025-05-14 23:32:17.891 [info] > git for-each-ref --sort -committerdate --format %(refname) %(objectname) %(*objectname) [8ms]
2025-05-14 23:32:25.171 [info] > git config --get commit.template [3ms]
2025-05-14 23:32:25.178 [info] > git for-each-ref --format=%(refname)%00%(upstream:short)%00%(objectname)%00%(upstream:track)%00%(upstream:remotename)%00%(upstream:remoteref) refs/heads/main refs/remotes/main [7ms]
2025-05-14 23:32:25.193 [info] > git status -z -uall [11ms]
2025-05-14 23:32:25.193 [info] > git for-each-ref --sort -committerdate --format %(refname) %(objectname) %(*objectname) [8ms]
2025-05-14 23:32:50.747 [info] > git config --get commit.template [3ms]
2025-05-14 23:32:50.755 [info] > git for-each-ref --format=%(refname)%00%(upstream:short)%00%(objectname)%00%(upstream:track)%00%(upstream:remotename)%00%(upstream:remoteref) refs/heads/main refs/remotes/main [8ms]
2025-05-14 23:32:50.769 [info] > git status -z -uall [11ms]
2025-05-14 23:32:50.770 [info] > git for-each-ref --sort -committerdate --format %(refname) %(objectname) %(*objectname) [8ms]
2025-05-14 23:33:03.083 [info] > git check-ignore -v -z --stdin [4ms]
2025-05-14 23:33:04.137 [info] > git show --textconv :gtest/gtestmain.cpp [6ms]
2025-05-14 23:33:04.139 [info] > git ls-files --stage -- /home/hwlee4/ICS45C/HW6/gtest/gtestmain.cpp [5ms]
2025-05-14 23:33:04.149 [info] > git cat-file -s d8afbf599a8ea22aeb2f3b6cc7a1b1f96387b59f [7ms]
2025-05-14 23:33:06.145 [info] > git show --textconv :gtest/picture_gtests.cpp [5ms]
2025-05-14 23:33:06.148 [info] > git ls-files --stage -- /home/hwlee4/ICS45C/HW6/gtest/picture_gtests.cpp [5ms]
2025-05-14 23:33:06.157 [info] > git cat-file -s 483143fa8a1725170092fcd629fd351cc82a7bf3 [7ms]
2025-05-14 23:33:07.238 [info] > git show --textconv :gtest/shape_gtests.cpp [7ms]
2025-05-14 23:33:07.239 [info] > git ls-files --stage -- /home/hwlee4/ICS45C/HW6/gtest/shape_gtests.cpp [4ms]
2025-05-14 23:33:07.249 [info] > git cat-file -s 5d030c748cdaf4356ea72456d96f641dbeeb2515 [7ms]
2025-05-14 23:33:10.940 [info] > git show --textconv :gtest/picture_gtests.cpp [7ms]
2025-05-14 23:33:10.941 [info] > git ls-files --stage -- /home/hwlee4/ICS45C/HW6/gtest/picture_gtests.cpp [4ms]
2025-05-14 23:33:10.950 [info] > git cat-file -s 483143fa8a1725170092fcd629fd351cc82a7bf3 [6ms]
2025-05-14 23:33:19.424 [info] > git add -A -- . [33ms]
2025-05-14 23:33:19.486 [info] > git -c user.useConfigOnly=true commit --quiet --allow-empty-message --file - [59ms]
2025-05-14 23:33:19.493 [info] > git config --get commit.template [3ms]
2025-05-14 23:33:19.502 [info] > git config --get commit.template [4ms]
2025-05-14 23:33:19.513 [info] > git for-each-ref --format=%(refname)%00%(upstream:short)%00%(objectname)%00%(upstream:track)%00%(upstream:remotename)%00%(upstream:remoteref) refs/heads/main refs/remotes/main [12ms]
2025-05-14 23:33:19.528 [info] > git status -z -uall [11ms]
2025-05-14 23:33:19.529 [info] > git for-each-ref --sort -committerdate --format %(refname) %(objectname) %(*objectname) [9ms]
2025-05-14 23:33:19.544 [info] > git merge-base refs/heads/main refs/remotes/origin/main [6ms]
2025-05-14 23:33:19.554 [info] > git diff --name-status -z --diff-filter=ADMR ee5b357da7f42a02f30d2df1742fdda4d784d72b...refs/remotes/origin/main [6ms]
2025-05-14 23:33:20.497 [info] > git config --get commit.template [4ms]
2025-05-14 23:33:20.506 [info] > git for-each-ref --format=%(refname)%00%(upstream:short)%00%(objectname)%00%(upstream:track)%00%(upstream:remotename)%00%(upstream:remoteref) refs/heads/main refs/remotes/main [10ms]
2025-05-14 23:33:20.521 [info] > git status -z -uall [12ms]
2025-05-14 23:33:20.521 [info] > git for-each-ref --sort -committerdate --format %(refname) %(objectname) %(*objectname) [8ms]
2025-05-14 23:33:21.272 [info] > git ls-files --stage -- /home/hwlee4/ICS45C/HW6/gtest/picture_gtests.cpp [4ms]
2025-05-14 23:33:21.281 [info] > git cat-file -s 483143fa8a1725170092fcd629fd351cc82a7bf3 [6ms]
2025-05-14 23:33:21.369 [info] > git show --textconv :gtest/picture_gtests.cpp [6ms]
2025-05-14 23:33:24.333 [info] > git log --oneline --cherry main...main@{upstream} -- [7ms]
2025-05-14 23:33:25.623 [info] > git pull --tags origin main [1287ms]
2025-05-14 23:33:25.623 [info] From github.com:klefstad-teaching/ics-45c-hw6-hwlee4
 * branch            main       -> FETCH_HEAD
2025-05-14 23:33:25.635 [info] > git ls-files --stage -- /home/hwlee4/ICS45C/HW6/gtest/picture_gtests.cpp [5ms]
2025-05-14 23:33:25.643 [info] > git cat-file -s 483143fa8a1725170092fcd629fd351cc82a7bf3 [5ms]
2025-05-14 23:33:25.870 [info] > git show --textconv :gtest/picture_gtests.cpp [7ms]
2025-05-14 23:33:26.998 [info] > git push origin main:main [1372ms]
2025-05-14 23:33:26.998 [info] To github.com:klefstad-teaching/ics-45c-hw6-hwlee4.git
   ee5b357..4bb5dac  main -> main
2025-05-14 23:33:27.006 [info] > git config --get commit.template [3ms]
2025-05-14 23:33:27.013 [info] > git for-each-ref --format=%(refname)%00%(upstream:short)%00%(objectname)%00%(upstream:track)%00%(upstream:remotename)%00%(upstream:remoteref) refs/heads/main refs/remotes/main [8ms]
2025-05-14 23:33:27.029 [info] > git status -z -uall [12ms]
2025-05-14 23:33:27.030 [info] > git for-each-ref --sort -committerdate --format %(refname) %(objectname) %(*objectname) [9ms]
2025-05-14 23:33:27.039 [info] > git ls-files --stage -- /home/hwlee4/ICS45C/HW6/gtest/picture_gtests.cpp [9ms]
2025-05-14 23:33:27.044 [info] > git merge-base refs/heads/main refs/remotes/origin/main [6ms]
2025-05-14 23:33:27.048 [info] > git cat-file -s 483143fa8a1725170092fcd629fd351cc82a7bf3 [6ms]
2025-05-14 23:33:27.055 [info] > git diff --name-status -z --diff-filter=ADMR 4bb5dac197cf12068309673dd415638cca322aab...refs/remotes/origin/main [7ms]
2025-05-14 23:33:27.134 [info] > git show --textconv :gtest/picture_gtests.cpp [6ms]
