2025-03-27 06:48:12.363 [info] Log level: Info
2025-03-27 06:48:12.363 [info] Validating found git in: "git"
2025-03-27 06:48:12.363 [info] Using git "2.34.1" from "git"
2025-03-27 06:48:12.363 [info] > git rev-parse --show-toplevel [13ms]
2025-03-27 06:48:12.363 [info] > git rev-parse --path-format=relative --show-toplevel [4ms]
2025-03-27 06:48:12.363 [info] > git rev-parse --show-toplevel [9ms]
2025-03-27 06:48:12.363 [info] > git rev-parse --path-format=relative --show-toplevel [5ms]
2025-03-27 06:48:12.363 [info] > git rev-parse --git-dir --git-common-dir [5ms]
2025-03-27 06:48:12.363 [info] Open repository: /home/hwlee4/ICS45C/HW0
2025-03-27 06:48:12.371 [info] > git rev-parse --show-toplevel [9ms]
2025-03-27 06:48:12.383 [info] > git config --get commit.template [13ms]
2025-03-27 06:48:12.385 [info] > git rev-parse --path-format=relative --show-toplevel [10ms]
2025-03-27 06:48:12.394 [info] > git rev-parse --git-dir --git-common-dir [4ms]
2025-03-27 06:48:12.403 [info] Open repository: /home/hwlee4/ICS45C/HW1
2025-03-27 06:48:12.422 [info] > git for-each-ref --format=%(refname)%00%(upstream:short)%00%(objectname)%00%(upstream:track)%00%(upstream:remotename)%00%(upstream:remoteref) refs/heads/main refs/remotes/main [41ms]
2025-03-27 06:48:12.429 [info] > git config --get commit.template [15ms]
2025-03-27 06:48:12.429 [info] > git rev-parse --show-toplevel [20ms]
2025-03-27 06:48:12.441 [info] > git rev-parse --path-format=relative --show-toplevel [8ms]
2025-03-27 06:48:12.515 [info] > git status -z -uall [75ms]
2025-03-27 06:48:12.536 [info] > git for-each-ref --format=%(refname)%00%(upstream:short)%00%(objectname)%00%(upstream:track)%00%(upstream:remotename)%00%(upstream:remoteref) refs/heads/main refs/remotes/main [108ms]
2025-03-27 06:48:12.536 [info] > git rev-parse --git-dir --git-common-dir [91ms]
2025-03-27 06:48:12.545 [info] Open repository: /home/hwlee4/ICS45C/HW2
2025-03-27 06:48:12.556 [info] > git for-each-ref --format=%(refname)%00%(upstream:short)%00%(objectname)%00%(upstream:track)%00%(upstream:remotename)%00%(upstream:remoteref) refs/heads/main refs/remotes/main [32ms]
2025-03-27 06:48:12.567 [info] > git config --get commit.template [16ms]
2025-03-27 06:48:12.572 [info] > git config --local branch.main.vscode-merge-base [9ms]
2025-03-27 06:48:12.576 [info] > git rev-parse --show-toplevel [21ms]
2025-03-27 06:48:12.595 [info] > git config --get commit.template [29ms]
2025-03-27 06:48:12.597 [info] > git for-each-ref --format=%(refname)%00%(upstream:short)%00%(objectname)%00%(upstream:track)%00%(upstream:remotename)%00%(upstream:remoteref) refs/heads/origin/main refs/remotes/origin/main [20ms]
2025-03-27 06:48:12.603 [info] > git rev-parse --path-format=relative --show-toplevel [23ms]
2025-03-27 06:48:12.608 [info] > git for-each-ref --format=%(refname)%00%(upstream:short)%00%(objectname)%00%(upstream:track)%00%(upstream:remotename)%00%(upstream:remoteref) refs/heads/main refs/remotes/main [23ms]
2025-03-27 06:48:12.615 [info] > git merge-base refs/heads/main refs/remotes/origin/main [13ms]
2025-03-27 06:48:12.621 [info] > git rev-parse --git-dir --git-common-dir [14ms]
2025-03-27 06:48:12.629 [info] Open repository: /home/hwlee4/ICS45C/HW3
2025-03-27 06:48:12.635 [info] > git status -z -uall [21ms]
2025-03-27 06:48:12.644 [info] > git for-each-ref --format=%(refname)%00%(upstream:short)%00%(objectname)%00%(upstream:track)%00%(upstream:remotename)%00%(upstream:remoteref) refs/heads/main refs/remotes/main [50ms]
2025-03-27 06:48:12.688 [info] > git status -z -uall [99ms]
2025-03-27 06:48:12.688 [info] > git rev-parse --show-toplevel [54ms]
2025-03-27 06:48:12.704 [info] > git rev-list --count --left-right refs/heads/main...refs/remotes/origin/main [83ms]
2025-03-27 06:48:12.715 [info] > git rev-parse --path-format=relative --show-toplevel [23ms]
2025-03-27 06:48:12.715 [info] > git config --get commit.template [29ms]
2025-03-27 06:48:12.716 [info] > git for-each-ref --format=%(refname)%00%(upstream:short)%00%(objectname)%00%(upstream:track)%00%(upstream:remotename)%00%(upstream:remoteref) refs/heads/main refs/remotes/main [74ms]
2025-03-27 06:48:12.730 [info] > git config --get commit.template [17ms]
2025-03-27 06:48:12.731 [info] > git diff --name-status -z --diff-filter=ADMR bddd0b0d0cfc38d0bcdb3142f43ffb36c1294495...refs/remotes/origin/main [21ms]
2025-03-27 06:48:12.732 [info] > git for-each-ref --format=%(refname)%00%(upstream:short)%00%(objectname)%00%(upstream:track)%00%(upstream:remotename)%00%(upstream:remoteref) refs/heads/main refs/remotes/main [35ms]
2025-03-27 06:48:12.738 [info] > git rev-parse --git-dir --git-common-dir [9ms]
2025-03-27 06:48:12.748 [info] Open repository: /home/hwlee4/ICS45C/HW4
2025-03-27 06:48:12.749 [info] > git config --local branch.main.vscode-merge-base [29ms]
2025-03-27 06:48:12.775 [info] > git for-each-ref --format=%(refname)%00%(upstream:short)%00%(objectname)%00%(upstream:track)%00%(upstream:remotename)%00%(upstream:remoteref) refs/heads/main refs/remotes/main [51ms]
2025-03-27 06:48:12.776 [info] > git config --local branch.main.vscode-merge-base [39ms]
2025-03-27 06:48:12.784 [info] > git config --get commit.template [9ms]
2025-03-27 06:48:12.784 [info] > git rev-parse --show-toplevel [14ms]
2025-03-27 06:48:12.788 [info] > git for-each-ref --format=%(refname)%00%(upstream:short)%00%(objectname)%00%(upstream:track)%00%(upstream:remotename)%00%(upstream:remoteref) refs/heads/main refs/remotes/main [22ms]
2025-03-27 06:48:12.788 [info] > git for-each-ref --format=%(refname)%00%(upstream:short)%00%(objectname)%00%(upstream:track)%00%(upstream:remotename)%00%(upstream:remoteref) refs/heads/origin/main refs/remotes/origin/main [35ms]
2025-03-27 06:48:12.801 [info] > git status -z -uall [42ms]
2025-03-27 06:48:12.816 [info] > git rev-parse --path-format=relative --show-toplevel [28ms]
2025-03-27 06:48:12.816 [info] > git for-each-ref --format=%(refname)%00%(upstream:short)%00%(objectname)%00%(upstream:track)%00%(upstream:remotename)%00%(upstream:remoteref) refs/heads/origin/main refs/remotes/origin/main [35ms]
2025-03-27 06:48:12.836 [info] > git for-each-ref --format=%(refname)%00%(upstream:short)%00%(objectname)%00%(upstream:track)%00%(upstream:remotename)%00%(upstream:remoteref) refs/heads/main refs/remotes/main [28ms]
2025-03-27 06:48:12.840 [info] > git for-each-ref --format=%(refname)%00%(upstream:short)%00%(objectname)%00%(upstream:track)%00%(upstream:remotename)%00%(upstream:remoteref) refs/heads/main refs/remotes/main [46ms]
2025-03-27 06:48:12.844 [info] > git status -z -uall [46ms]
2025-03-27 06:48:12.844 [info] > git status -z -uall [19ms]
2025-03-27 06:48:12.844 [info] > git rev-parse --git-dir --git-common-dir [10ms]
2025-03-27 06:48:12.852 [info] Open repository: /home/hwlee4/ICS45C/HW5
2025-03-27 06:48:12.853 [info] > git config --get commit.template [23ms]
2025-03-27 06:48:12.853 [info] > git merge-base refs/heads/main refs/remotes/origin/main [32ms]
2025-03-27 06:48:12.868 [info] > git config --local branch.main.vscode-merge-base [28ms]
2025-03-27 06:48:12.903 [info] > git for-each-ref --format=%(refname)%00%(upstream:short)%00%(objectname)%00%(upstream:track)%00%(upstream:remotename)%00%(upstream:remoteref) refs/heads/origin/main refs/remotes/origin/main [31ms]
2025-03-27 06:48:12.908 [info] > git config --get commit.template [40ms]
2025-03-27 06:48:12.908 [info] > git rev-parse --show-toplevel [45ms]
2025-03-27 06:48:12.912 [info] > git rev-list --count --left-right refs/heads/main...refs/remotes/origin/main [55ms]
2025-03-27 06:48:12.924 [info] > git rev-parse --path-format=relative --show-toplevel [12ms]
2025-03-27 06:48:12.925 [info] > git merge-base refs/heads/main refs/remotes/origin/main [18ms]
2025-03-27 06:48:12.930 [info] > git config --get commit.template [28ms]
2025-03-27 06:48:12.930 [info] > git for-each-ref --format=%(refname)%00%(upstream:short)%00%(objectname)%00%(upstream:track)%00%(upstream:remotename)%00%(upstream:remoteref) refs/heads/main refs/remotes/main [34ms]
2025-03-27 06:48:12.930 [info] > git for-each-ref --format=%(refname)%00%(upstream:short)%00%(objectname)%00%(upstream:track)%00%(upstream:remotename)%00%(upstream:remoteref) refs/heads/main refs/remotes/main [46ms]
2025-03-27 06:48:12.935 [info] > git for-each-ref --format=%(refname)%00%(upstream:short)%00%(objectname)%00%(upstream:track)%00%(upstream:remotename)%00%(upstream:remoteref) refs/heads/main refs/remotes/main [58ms]
2025-03-27 06:48:12.956 [info] > git config --local branch.main.vscode-merge-base [21ms]
2025-03-27 06:48:12.962 [info] > git diff --name-status -z --diff-filter=ADMR cf8d5839cd08372c62f09381215e8d81994990a6...refs/remotes/origin/main [45ms]
2025-03-27 06:48:12.969 [info] > git rev-parse --git-dir --git-common-dir [15ms]
2025-03-27 06:48:12.992 [info] Open repository: /home/hwlee4/ICS45C/HW6
2025-03-27 06:48:12.993 [info] > git rev-list --count --left-right refs/heads/main...refs/remotes/origin/main [64ms]
2025-03-27 06:48:12.998 [info] > git config --local branch.main.vscode-merge-base [59ms]
2025-03-27 06:48:13.013 [info] > git status -z -uall [69ms]
2025-03-27 06:48:13.014 [info] > git for-each-ref --format=%(refname)%00%(upstream:short)%00%(objectname)%00%(upstream:track)%00%(upstream:remotename)%00%(upstream:remoteref) refs/heads/main refs/remotes/main [47ms]
2025-03-27 06:48:13.014 [info] > git for-each-ref --format=%(refname)%00%(upstream:short)%00%(objectname)%00%(upstream:track)%00%(upstream:remotename)%00%(upstream:remoteref) refs/heads/main refs/remotes/main [64ms]
2025-03-27 06:48:13.025 [info] > git for-each-ref --format=%(refname)%00%(upstream:short)%00%(objectname)%00%(upstream:track)%00%(upstream:remotename)%00%(upstream:remoteref) refs/heads/origin/main refs/remotes/origin/main [63ms]
2025-03-27 06:48:13.041 [info] > git config --get commit.template [30ms]
2025-03-27 06:48:13.041 [info] > git rev-parse --show-toplevel [34ms]
2025-03-27 06:48:13.045 [info] > git for-each-ref --format=%(refname)%00%(upstream:short)%00%(objectname)%00%(upstream:track)%00%(upstream:remotename)%00%(upstream:remoteref) refs/heads/origin/main refs/remotes/origin/main [42ms]
2025-03-27 06:48:13.045 [info] > git diff --name-status -z --diff-filter=ADMR 94ef69ee95c8de87a59616891bc9c945d7661a95...refs/remotes/origin/main [47ms]
2025-03-27 06:48:13.048 [info] > git status -z -uall [14ms]
2025-03-27 06:48:13.049 [info] > git config --get commit.template [11ms]
2025-03-27 06:48:13.049 [info] > git merge-base refs/heads/main refs/remotes/origin/main [20ms]
2025-03-27 06:48:13.054 [info] > git for-each-ref --format=%(refname)%00%(upstream:short)%00%(objectname)%00%(upstream:track)%00%(upstream:remotename)%00%(upstream:remoteref) refs/heads/main refs/remotes/main [35ms]
2025-03-27 06:48:13.070 [info] > git rev-parse --path-format=relative --show-toplevel [26ms]
2025-03-27 06:48:13.093 [info] > git config --local branch.main.vscode-merge-base [35ms]
2025-03-27 06:48:13.101 [info] > git status -z -uall [26ms]
2025-03-27 06:48:13.101 [info] > git rev-parse --git-dir --git-common-dir [9ms]
2025-03-27 06:48:13.108 [info] Open repository: /home/hwlee4/ICS45C/HW7
2025-03-27 06:48:13.110 [info] > git for-each-ref --format=%(refname)%00%(upstream:short)%00%(objectname)%00%(upstream:track)%00%(upstream:remotename)%00%(upstream:remoteref) refs/heads/main refs/remotes/main [22ms]
2025-03-27 06:48:13.110 [info] > git for-each-ref --format=%(refname)%00%(upstream:short)%00%(objectname)%00%(upstream:track)%00%(upstream:remotename)%00%(upstream:remoteref) refs/heads/main refs/remotes/main [41ms]
2025-03-27 06:48:13.115 [info] > git rev-list --count --left-right refs/heads/main...refs/remotes/origin/main [62ms]
2025-03-27 06:48:13.128 [info] > git status -z -uall [48ms]
2025-03-27 06:48:13.129 [info] > git config --local branch.main.vscode-merge-base [15ms]
2025-03-27 06:48:13.133 [info] > git for-each-ref --format=%(refname)%00%(upstream:short)%00%(objectname)%00%(upstream:track)%00%(upstream:remotename)%00%(upstream:remoteref) refs/heads/origin/main refs/remotes/origin/main [35ms]
2025-03-27 06:48:13.146 [info] > git for-each-ref --format=%(refname)%00%(upstream:short)%00%(objectname)%00%(upstream:track)%00%(upstream:remotename)%00%(upstream:remoteref) refs/heads/main refs/remotes/main [83ms]
2025-03-27 06:48:13.149 [info] > git for-each-ref --format=%(refname)%00%(upstream:short)%00%(objectname)%00%(upstream:track)%00%(upstream:remotename)%00%(upstream:remoteref) refs/heads/origin/main refs/remotes/origin/main [16ms]
2025-03-27 06:48:13.150 [info] > git config --get commit.template [22ms]
2025-03-27 06:48:13.150 [info] > git rev-parse --show-toplevel [27ms]
2025-03-27 06:48:13.154 [info] > git diff --name-status -z --diff-filter=ADMR 83b8c9caa62299ec43412888acef026380525026...refs/remotes/origin/main [35ms]
2025-03-27 06:48:13.172 [info] > git rev-parse --path-format=relative --show-toplevel [18ms]
2025-03-27 06:48:13.172 [info] > git for-each-ref --format=%(refname)%00%(upstream:short)%00%(objectname)%00%(upstream:track)%00%(upstream:remotename)%00%(upstream:remoteref) refs/heads/main refs/remotes/main [29ms]
2025-03-27 06:48:13.177 [info] > git merge-base refs/heads/main refs/remotes/origin/main [39ms]
2025-03-27 06:48:13.202 [info] > git config --get commit.template [32ms]
2025-03-27 06:48:13.202 [info] > git for-each-ref --format=%(refname)%00%(upstream:short)%00%(objectname)%00%(upstream:track)%00%(upstream:remotename)%00%(upstream:remoteref) refs/heads/main refs/remotes/main [43ms]
2025-03-27 06:48:13.208 [info] > git rev-parse --git-dir --git-common-dir [7ms]
2025-03-27 06:48:13.217 [info] Open repository: /home/hwlee4/ICS45C/HW8
2025-03-27 06:48:13.218 [info] > git config --local branch.main.vscode-merge-base [42ms]
2025-03-27 06:48:13.324 [info] > git status -z -uall [127ms]
2025-03-27 06:48:13.325 [info] > git status -z -uall [98ms]
2025-03-27 06:48:13.325 [info] > git rev-list --count --left-right refs/heads/main...refs/remotes/origin/main [137ms]
2025-03-27 06:48:13.339 [info] > git config --local branch.main.vscode-merge-base [132ms]
2025-03-27 06:48:13.348 [info] > git diff --name-status -z --diff-filter=ADMR 23f1d7363861263b3745c679b62ddb8e2fdc6e7e...refs/remotes/origin/main [18ms]
2025-03-27 06:48:13.349 [info] > git config --get commit.template [25ms]
2025-03-27 06:48:13.349 [info] > git rev-parse --show-toplevel [29ms]
2025-03-27 06:48:13.353 [info] > git for-each-ref --format=%(refname)%00%(upstream:short)%00%(objectname)%00%(upstream:track)%00%(upstream:remotename)%00%(upstream:remoteref) refs/heads/main refs/remotes/main [37ms]
2025-03-27 06:48:13.399 [info] > git for-each-ref --format=%(refname)%00%(upstream:short)%00%(objectname)%00%(upstream:track)%00%(upstream:remotename)%00%(upstream:remoteref) refs/heads/origin/main refs/remotes/origin/main [177ms]
2025-03-27 06:48:13.400 [info] > git for-each-ref --format=%(refname)%00%(upstream:short)%00%(objectname)%00%(upstream:track)%00%(upstream:remotename)%00%(upstream:remoteref) refs/heads/main refs/remotes/main [208ms]
2025-03-27 06:48:13.413 [info] > git rev-parse --path-format=relative --show-toplevel [59ms]
2025-03-27 06:48:13.413 [info] > git for-each-ref --format=%(refname)%00%(upstream:short)%00%(objectname)%00%(upstream:track)%00%(upstream:remotename)%00%(upstream:remoteref) refs/heads/origin/main refs/remotes/origin/main [68ms]
2025-03-27 06:48:13.418 [info] > git for-each-ref --format=%(refname)%00%(upstream:short)%00%(objectname)%00%(upstream:track)%00%(upstream:remotename)%00%(upstream:remoteref) refs/heads/main refs/remotes/main [82ms]
2025-03-27 06:48:13.489 [info] > git config --get commit.template [84ms]
2025-03-27 06:48:13.489 [info] > git for-each-ref --format=%(refname)%00%(upstream:short)%00%(objectname)%00%(upstream:track)%00%(upstream:remotename)%00%(upstream:remoteref) refs/heads/main refs/remotes/main [97ms]
2025-03-27 06:48:13.528 [info] > git check-ignore -v -z --stdin [28ms]
2025-03-27 06:48:13.529 [info] > git check-ignore -v -z --stdin [25ms]
2025-03-27 06:48:13.529 [info] > git check-ignore -v -z --stdin [20ms]
2025-03-27 06:48:13.530 [info] > git check-ignore -v -z --stdin [17ms]
2025-03-27 06:48:13.530 [info] > git check-ignore -v -z --stdin [13ms]
2025-03-27 06:48:13.531 [info] > git check-ignore -v -z --stdin [9ms]
2025-03-27 06:48:13.532 [info] > git config --local branch.main.vscode-merge-base [39ms]
2025-03-27 06:48:13.537 [info] > git rev-parse --git-dir --git-common-dir [49ms]
2025-03-27 06:48:13.545 [info] Open repository: /home/hwlee4/ICS45C/HW9
2025-03-27 06:48:13.555 [info] > git for-each-ref --format=%(refname)%00%(upstream:short)%00%(objectname)%00%(upstream:track)%00%(upstream:remotename)%00%(upstream:remoteref) refs/heads/main refs/remotes/main [128ms]
2025-03-27 06:48:13.555 [info] > git merge-base refs/heads/main refs/remotes/origin/main [137ms]
2025-03-27 06:48:13.560 [info] > git config --local branch.main.vscode-merge-base [137ms]
2025-03-27 06:48:13.596 [info] > git for-each-ref --format=%(refname)%00%(upstream:short)%00%(objectname)%00%(upstream:track)%00%(upstream:remotename)%00%(upstream:remoteref) refs/heads/origin/main refs/remotes/origin/main [59ms]
2025-03-27 06:48:13.608 [info] > git status -z -uall [39ms]
2025-03-27 06:48:13.609 [info] > git config --get commit.template [14ms]
2025-03-27 06:48:13.609 [info] > git for-each-ref --format=%(refname)%00%(upstream:short)%00%(objectname)%00%(upstream:track)%00%(upstream:remotename)%00%(upstream:remoteref) refs/heads/main refs/remotes/main [19ms]
2025-03-27 06:48:13.616 [info] > git rev-list --count --left-right refs/heads/main...refs/remotes/origin/main [56ms]
2025-03-27 06:48:13.621 [info] > git for-each-ref --format=%(refname)%00%(upstream:short)%00%(objectname)%00%(upstream:track)%00%(upstream:remotename)%00%(upstream:remoteref) refs/heads/origin/main refs/remotes/origin/main [57ms]
2025-03-27 06:48:13.623 [info] > git merge-base refs/heads/main refs/remotes/origin/main [22ms]
2025-03-27 06:48:13.637 [info] > git status -z -uall [31ms]
2025-03-27 06:48:13.637 [info] > git for-each-ref --format=%(refname)%00%(upstream:short)%00%(objectname)%00%(upstream:track)%00%(upstream:remotename)%00%(upstream:remoteref) refs/heads/main refs/remotes/main [23ms]
2025-03-27 06:48:13.657 [info] > git diff --name-status -z --diff-filter=ADMR 2e0d8ba95f2aa1568c03344698e0df55135e7cec...refs/remotes/origin/main [36ms]
2025-03-27 06:48:13.693 [info] > git status -z -uall [56ms]
2025-03-27 06:48:13.693 [info] > git rev-list --count --left-right refs/heads/main...refs/remotes/origin/main [66ms]
2025-03-27 06:48:13.698 [info] > git config --local branch.main.vscode-merge-base [56ms]
2025-03-27 06:48:13.705 [info] > git status -z -uall [42ms]
2025-03-27 06:48:13.705 [info] > git config --get commit.template [13ms]
2025-03-27 06:48:13.722 [info] > git for-each-ref --format=%(refname)%00%(upstream:short)%00%(objectname)%00%(upstream:track)%00%(upstream:remotename)%00%(upstream:remoteref) refs/heads/main refs/remotes/main [73ms]
2025-03-27 06:48:13.727 [info] > git for-each-ref --format=%(refname)%00%(upstream:short)%00%(objectname)%00%(upstream:track)%00%(upstream:remotename)%00%(upstream:remoteref) refs/heads/main refs/remotes/main [96ms]
2025-03-27 06:48:13.733 [info] > git for-each-ref --format=%(refname)%00%(upstream:short)%00%(objectname)%00%(upstream:track)%00%(upstream:remotename)%00%(upstream:remoteref) refs/heads/main refs/remotes/main [17ms]
2025-03-27 06:48:13.738 [info] > git for-each-ref --format=%(refname)%00%(upstream:short)%00%(objectname)%00%(upstream:track)%00%(upstream:remotename)%00%(upstream:remoteref) refs/heads/main refs/remotes/main [28ms]
2025-03-27 06:48:13.742 [info] > git for-each-ref --format=%(refname)%00%(upstream:short)%00%(objectname)%00%(upstream:track)%00%(upstream:remotename)%00%(upstream:remoteref) refs/heads/origin/main refs/remotes/origin/main [39ms]
2025-03-27 06:48:13.743 [info] > git diff --name-status -z --diff-filter=ADMR ab924b2367ceae6792fa744183edcf5376e9d74b...refs/remotes/origin/main [45ms]
2025-03-27 06:48:13.749 [info] > git config --local branch.main.vscode-merge-base [11ms]
2025-03-27 06:48:13.754 [info] > git config --get commit.template [22ms]
2025-03-27 06:48:13.755 [info] > git config --local branch.main.vscode-merge-base [28ms]
2025-03-27 06:48:13.761 [info] > git for-each-ref --format=%(refname)%00%(upstream:short)%00%(objectname)%00%(upstream:track)%00%(upstream:remotename)%00%(upstream:remoteref) refs/heads/main refs/remotes/main [13ms]
2025-03-27 06:48:13.761 [info] > git config --local branch.main.vscode-merge-base [19ms]
2025-03-27 06:48:13.770 [info] > git for-each-ref --format=%(refname)%00%(upstream:short)%00%(objectname)%00%(upstream:track)%00%(upstream:remotename)%00%(upstream:remoteref) refs/heads/origin/main refs/remotes/origin/main [16ms]
2025-03-27 06:48:13.789 [info] > git for-each-ref --format=%(refname)%00%(upstream:short)%00%(objectname)%00%(upstream:track)%00%(upstream:remotename)%00%(upstream:remoteref) refs/heads/origin/main refs/remotes/origin/main [23ms]
2025-03-27 06:48:13.790 [info] > git for-each-ref --format=%(refname)%00%(upstream:short)%00%(objectname)%00%(upstream:track)%00%(upstream:remotename)%00%(upstream:remoteref) refs/heads/origin/main refs/remotes/origin/main [30ms]
2025-03-27 06:48:13.795 [info] > git merge-base refs/heads/main refs/remotes/origin/main [20ms]
2025-03-27 06:48:13.799 [info] > git for-each-ref --format=%(refname)%00%(upstream:short)%00%(objectname)%00%(upstream:track)%00%(upstream:remotename)%00%(upstream:remoteref) refs/heads/main refs/remotes/main [29ms]
2025-03-27 06:48:13.807 [info] > git merge-base refs/heads/main refs/remotes/origin/main [13ms]
2025-03-27 06:48:13.820 [info] > git status -z -uall [32ms]
2025-03-27 06:48:13.820 [info] > git status -z -uall [16ms]
2025-03-27 06:48:13.847 [info] > git status -z -uall [29ms]
2025-03-27 06:48:13.847 [info] > git for-each-ref --format=%(refname)%00%(upstream:short)%00%(objectname)%00%(upstream:track)%00%(upstream:remotename)%00%(upstream:remoteref) refs/heads/main refs/remotes/main [20ms]
2025-03-27 06:48:13.889 [info] > git rev-list --count --left-right refs/heads/main...refs/remotes/origin/main [77ms]
2025-03-27 06:48:13.894 [info] > git rev-list --count --left-right refs/heads/main...refs/remotes/origin/main [94ms]
2025-03-27 06:48:13.906 [info] > git for-each-ref --format=%(refname)%00%(upstream:short)%00%(objectname)%00%(upstream:track)%00%(upstream:remotename)%00%(upstream:remoteref) refs/heads/main refs/remotes/main [18ms]
2025-03-27 06:48:13.911 [info] > git config --local branch.main.vscode-merge-base [60ms]
2025-03-27 06:48:13.917 [info] > git config --get commit.template [71ms]
2025-03-27 06:48:13.917 [info] > git for-each-ref --format=%(refname)%00%(upstream:short)%00%(objectname)%00%(upstream:track)%00%(upstream:remotename)%00%(upstream:remoteref) refs/heads/main refs/remotes/main [79ms]
2025-03-27 06:48:13.923 [info] > git config --local branch.main.vscode-merge-base [12ms]
2025-03-27 06:48:13.928 [info] > git diff --name-status -z --diff-filter=ADMR f5f962b8b705cdad8f105650973386554b98bff7...refs/remotes/origin/main [30ms]
2025-03-27 06:48:13.929 [info] > git diff --name-status -z --diff-filter=ADMR 6df176b74d650f64384015a22b2d80a7788c015d...refs/remotes/origin/main [36ms]
2025-03-27 06:48:13.937 [info] > git for-each-ref --format=%(refname)%00%(upstream:short)%00%(objectname)%00%(upstream:track)%00%(upstream:remotename)%00%(upstream:remoteref) refs/heads/origin/main refs/remotes/origin/main [21ms]
2025-03-27 06:48:13.943 [info] > git config --local branch.main.vscode-merge-base [22ms]
2025-03-27 06:48:13.951 [info] > git for-each-ref --format=%(refname)%00%(upstream:short)%00%(objectname)%00%(upstream:track)%00%(upstream:remotename)%00%(upstream:remoteref) refs/heads/main refs/remotes/main [16ms]
2025-03-27 06:48:13.988 [info] > git for-each-ref --format=%(refname)%00%(upstream:short)%00%(objectname)%00%(upstream:track)%00%(upstream:remotename)%00%(upstream:remoteref) refs/heads/origin/main refs/remotes/origin/main [60ms]
2025-03-27 06:48:13.989 [info] > git merge-base refs/heads/main refs/remotes/origin/main [46ms]
2025-03-27 06:48:14.028 [info] > git for-each-ref --format=%(refname)%00%(upstream:short)%00%(objectname)%00%(upstream:track)%00%(upstream:remotename)%00%(upstream:remoteref) refs/heads/origin/main refs/remotes/origin/main [79ms]
2025-03-27 06:48:14.029 [info] > git rev-list --count --left-right refs/heads/main...refs/remotes/origin/main [34ms]
2025-03-27 06:48:14.048 [info] > git diff --name-status -z --diff-filter=ADMR 9d0256231ceda550b073fba3b416b9ffdd323f30...refs/remotes/origin/main [13ms]
2025-03-27 06:48:14.054 [info] > git status -z -uall [14ms]
2025-03-27 06:48:14.106 [info] > git for-each-ref --format=%(refname)%00%(upstream:short)%00%(objectname)%00%(upstream:track)%00%(upstream:remotename)%00%(upstream:remoteref) refs/heads/main refs/remotes/main [13ms]
2025-03-27 06:48:14.115 [info] > git config --local branch.main.vscode-merge-base [5ms]
2025-03-27 06:48:14.130 [info] > git for-each-ref --format=%(refname)%00%(upstream:short)%00%(objectname)%00%(upstream:track)%00%(upstream:remotename)%00%(upstream:remoteref) refs/heads/origin/main refs/remotes/origin/main [10ms]
2025-03-27 06:48:14.384 [info] > git check-ignore -v -z --stdin [38ms]
2025-03-27 06:48:14.384 [info] > git check-ignore -v -z --stdin [34ms]
2025-03-27 06:48:14.385 [info] > git check-ignore -v -z --stdin [31ms]
2025-03-27 06:48:14.385 [info] > git check-ignore -v -z --stdin [28ms]
2025-03-27 06:48:14.386 [info] > git check-ignore -v -z --stdin [24ms]
2025-03-27 06:48:14.387 [info] > git check-ignore -v -z --stdin [22ms]
2025-03-27 06:48:14.387 [info] > git check-ignore -v -z --stdin [19ms]
2025-03-27 06:48:14.387 [info] > git check-ignore -v -z --stdin [15ms]
2025-03-27 06:48:14.388 [info] > git check-ignore -v -z --stdin [13ms]
2025-03-27 06:48:14.389 [info] > git check-ignore -v -z --stdin [9ms]
2025-03-27 06:48:15.844 [info] > git check-ignore -v -z --stdin [9ms]
2025-03-27 06:48:18.521 [info] > git check-ignore -v -z --stdin [7ms]
2025-03-27 06:48:22.727 [info] > git check-ignore -v -z --stdin [6ms]
2025-03-27 06:50:13.684 [info] > git ls-files --stage -- /home/hwlee4/ICS45C/HW0/src/main.cpp [6ms]
2025-03-27 06:50:13.696 [info] > git show --textconv :src/main.cpp [22ms]
2025-03-27 06:50:13.699 [info] > git cat-file -s d9602db94e5ab707552d62d26469790ce2ec52b3 [10ms]
2025-03-27 06:50:27.679 [info] > git check-ignore -v -z --stdin [9ms]
2025-03-27 06:50:29.513 [info] > git ls-files --stage -- /home/hwlee4/ICS45C/HW1/gtest/count_gtests.cpp [7ms]
2025-03-27 06:50:29.518 [info] > git show --textconv :gtest/count_gtests.cpp [17ms]
2025-03-27 06:50:29.529 [info] > git cat-file -s 589d6d337536319db1ea0dfd54626c63ce06e930 [11ms]
2025-03-27 06:50:36.677 [info] > git show --textconv :gtest/gtestmain.cpp [10ms]
2025-03-27 06:50:36.679 [info] > git ls-files --stage -- /home/hwlee4/ICS45C/HW1/gtest/gtestmain.cpp [7ms]
2025-03-27 06:50:36.695 [info] > git cat-file -s d8afbf599a8ea22aeb2f3b6cc7a1b1f96387b59f [12ms]
2025-03-27 06:50:38.763 [info] > git ls-files --stage -- /home/hwlee4/ICS45C/HW1/gtest/knot_gtests.cpp [5ms]
2025-03-27 06:50:38.767 [info] > git show --textconv :gtest/knot_gtests.cpp [14ms]
2025-03-27 06:50:38.777 [info] > git cat-file -s 1acebba085d3abd5e21c9193ffcabaa45f080e2c [11ms]
2025-03-27 06:50:41.110 [info] > git show --textconv :gtest/stack_gtests.cpp [9ms]
2025-03-27 06:50:41.112 [info] > git ls-files --stage -- /home/hwlee4/ICS45C/HW1/gtest/stack_gtests.cpp [7ms]
2025-03-27 06:50:41.126 [info] > git cat-file -s 13b1964714935c48c0792b074a7c6b2c80425868 [10ms]
2025-03-27 06:50:50.874 [info] > git check-ignore -v -z --stdin [7ms]
2025-03-27 06:50:53.419 [info] > git ls-files --stage -- /home/hwlee4/ICS45C/HW1/src/convert_knots.cpp [5ms]
2025-03-27 06:50:53.425 [info] > git show --textconv :src/convert_knots.cpp [16ms]
2025-03-27 06:50:53.433 [info] > git cat-file -s 0602a70ae91b47c421b029978963b825ed098eab [11ms]
2025-03-27 06:51:38.328 [info] > git ls-files --stage -- /home/hwlee4/ICS45C/HW1/src/convert_knots.hpp [5ms]
2025-03-27 06:51:38.335 [info] > git show --textconv :src/convert_knots.hpp [18ms]
2025-03-27 06:51:38.343 [info] > git cat-file -s fc37de7e6a5c6715c074d611e11e886d7795bdb0 [11ms]
2025-03-27 06:53:50.434 [info] > git ls-files --stage -- /home/hwlee4/ICS45C/HW1/src/letter_count.cpp [5ms]
2025-03-27 06:53:50.443 [info] > git show --textconv :src/letter_count.cpp [18ms]
2025-03-27 06:53:50.449 [info] > git cat-file -s b09c2c44b3aa890733948dc13c4c93289f5990f7 [11ms]
2025-03-27 06:53:58.466 [info] > git ls-files --stage -- /home/hwlee4/ICS45C/HW1/src/letter_count.hpp [5ms]
2025-03-27 06:53:58.471 [info] > git show --textconv :src/letter_count.hpp [14ms]
2025-03-27 06:53:58.481 [info] > git cat-file -s bc5400b971f01488143f57b647bf630b60141979 [11ms]
2025-03-27 06:54:16.123 [info] > git ls-files --stage -- /home/hwlee4/ICS45C/HW1/src/stack.cpp [5ms]
2025-03-27 06:54:16.129 [info] > git show --textconv :src/stack.cpp [16ms]
2025-03-27 06:54:16.138 [info] > git cat-file -s a006c1ae88ef5d8249e33fbcd7608e0351f38fce [10ms]
2025-03-27 06:54:26.818 [info] > git ls-files --stage -- /home/hwlee4/ICS45C/HW1/src/stack.hpp [5ms]
2025-03-27 06:54:26.824 [info] > git show --textconv :src/stack.hpp [16ms]
2025-03-27 06:54:26.834 [info] > git cat-file -s 2f4597247344f04900fa80e79f347c9a3cb42d11 [11ms]
2025-03-27 06:54:46.228 [info] > git check-ignore -v -z --stdin [9ms]
2025-03-27 06:54:47.639 [info] > git check-ignore -v -z --stdin [6ms]
2025-03-27 06:54:48.164 [info] > git ls-files --stage -- /home/hwlee4/ICS45C/HW2/gtest/coins_gtests.cpp [6ms]
2025-03-27 06:54:48.169 [info] > git show --textconv :gtest/coins_gtests.cpp [16ms]
2025-03-27 06:54:48.177 [info] > git cat-file -s 8a3145a13c1bdbdea4e046d24d9cb2335cebf71b [9ms]
2025-03-27 06:54:49.260 [info] > git show --textconv :gtest/gtestmain.cpp [9ms]
2025-03-27 06:54:49.262 [info] > git ls-files --stage -- /home/hwlee4/ICS45C/HW2/gtest/gtestmain.cpp [7ms]
2025-03-27 06:54:49.276 [info] > git cat-file -s d8afbf599a8ea22aeb2f3b6cc7a1b1f96387b59f [10ms]
2025-03-27 06:54:50.355 [info] > git show --textconv :gtest/word_count_gtests.cpp [9ms]
2025-03-27 06:54:50.357 [info] > git ls-files --stage -- /home/hwlee4/ICS45C/HW2/gtest/word_count_gtests.cpp [6ms]
2025-03-27 06:54:50.372 [info] > git cat-file -s e0504ec4d8ed63e237fa76e404670d9d480f1d3f [11ms]
2025-03-27 06:54:52.263 [info] > git show --textconv :gtest/gtestmain.cpp [9ms]
2025-03-27 06:54:52.265 [info] > git ls-files --stage -- /home/hwlee4/ICS45C/HW2/gtest/gtestmain.cpp [7ms]
2025-03-27 06:54:52.276 [info] > git cat-file -s d8afbf599a8ea22aeb2f3b6cc7a1b1f96387b59f [7ms]
2025-03-27 06:54:54.449 [info] > git show --textconv :gtest/coins_gtests.cpp [9ms]
2025-03-27 06:54:54.454 [info] > git ls-files --stage -- /home/hwlee4/ICS45C/HW2/gtest/coins_gtests.cpp [7ms]
2025-03-27 06:54:54.467 [info] > git cat-file -s 8a3145a13c1bdbdea4e046d24d9cb2335cebf71b [8ms]
2025-03-27 06:55:02.112 [info] > git check-ignore -v -z --stdin [7ms]
2025-03-27 06:55:04.233 [info] > git ls-files --stage -- /home/hwlee4/ICS45C/HW2/src/coins_menu.cpp [5ms]
2025-03-27 06:55:04.238 [info] > git show --textconv :src/coins_menu.cpp [15ms]
2025-03-27 06:55:04.248 [info] > git cat-file -s 6cb63bc7dabb6f62fd9cbae720e12857844238f9 [10ms]
2025-03-27 06:56:50.914 [info] > git ls-files --stage -- /home/hwlee4/ICS45C/HW2/src/coins_simple.cpp [6ms]
2025-03-27 06:56:50.923 [info] > git show --textconv :src/coins_simple.cpp [19ms]
2025-03-27 06:56:50.928 [info] > git cat-file -s b130cf50968ad63a99bb388c7a93a0e71e73f58f [10ms]
2025-03-27 06:57:14.687 [info] > git ls-files --stage -- /home/hwlee4/ICS45C/HW2/src/coins_transfer.cpp [5ms]
2025-03-27 06:57:14.691 [info] > git show --textconv :src/coins_transfer.cpp [15ms]
2025-03-27 06:57:14.701 [info] > git cat-file -s 87b2c16fe658fdf0dd7cb1cd1318586092d1d01c [10ms]
2025-03-27 06:57:23.675 [info] > git ls-files --stage -- /home/hwlee4/ICS45C/HW2/src/coins.cpp [6ms]
2025-03-27 06:57:23.679 [info] > git show --textconv :src/coins.cpp [15ms]
2025-03-27 06:57:23.689 [info] > git cat-file -s 5472100467d1c593970d75f6f8bb8112699615ca [10ms]
2025-03-27 06:57:37.230 [info] > git ls-files --stage -- /home/hwlee4/ICS45C/HW2/src/coins.hpp [6ms]
2025-03-27 06:57:37.235 [info] > git show --textconv :src/coins.hpp [15ms]
2025-03-27 06:57:37.244 [info] > git cat-file -s 89c5bbbc5257b3e525159b458bab5e50cd41d7d7 [11ms]
2025-03-27 06:57:56.553 [info] > git ls-files --stage -- /home/hwlee4/ICS45C/HW2/src/student_gtests.cpp [6ms]
2025-03-27 06:57:56.558 [info] > git show --textconv :src/student_gtests.cpp [14ms]
2025-03-27 06:57:56.566 [info] > git cat-file -s d39fcc1def3fc82960feedb3ef84d23262961af0 [9ms]
2025-03-27 06:58:11.819 [info] > git ls-files --stage -- /home/hwlee4/ICS45C/HW2/src/word_count_main.cpp [6ms]
2025-03-27 06:58:11.824 [info] > git show --textconv :src/word_count_main.cpp [16ms]
2025-03-27 06:58:11.833 [info] > git cat-file -s 2046f30d599e11c65897e86392e87a1b40946c46 [10ms]
2025-03-27 06:58:31.769 [info] > git ls-files --stage -- /home/hwlee4/ICS45C/HW2/src/word_count.cpp [6ms]
2025-03-27 06:58:31.775 [info] > git show --textconv :src/word_count.cpp [17ms]
2025-03-27 06:58:31.783 [info] > git cat-file -s 3516be22065c469eea2d3f0c359e738e5ed481d3 [10ms]
2025-03-27 06:58:51.617 [info] > git ls-files --stage -- /home/hwlee4/ICS45C/HW2/src/word_count.hpp [6ms]
2025-03-27 06:58:51.622 [info] > git show --textconv :src/word_count.hpp [16ms]
2025-03-27 06:58:51.632 [info] > git cat-file -s 393aa175d8b58df2b95639099a74465f092e3de4 [10ms]
2025-03-27 06:59:11.524 [info] > git check-ignore -v -z --stdin [10ms]
2025-03-27 06:59:14.336 [info] > git check-ignore -v -z --stdin [6ms]
2025-03-27 06:59:18.378 [info] > git check-ignore -v -z --stdin [7ms]
2025-03-27 06:59:20.282 [info] > git ls-files --stage -- /home/hwlee4/ICS45C/HW3/src/standard_main.cpp [5ms]
2025-03-27 06:59:20.293 [info] > git show --textconv :src/standard_main.cpp [20ms]
2025-03-27 06:59:20.297 [info] > git cat-file -s 68773245dbdcfd0b88b2c67b8f7f4ccfd5da2d45 [11ms]
2025-03-27 06:59:31.812 [info] > git ls-files --stage -- /home/hwlee4/ICS45C/HW2/src/coins_transfer.cpp [6ms]
2025-03-27 06:59:31.818 [info] > git show --textconv :src/coins_transfer.cpp [15ms]
2025-03-27 06:59:31.825 [info] > git cat-file -s 87b2c16fe658fdf0dd7cb1cd1318586092d1d01c [9ms]
2025-03-27 06:59:36.276 [info] > git ls-files --stage -- /home/hwlee4/ICS45C/HW3/src/standard_main.cpp [5ms]
2025-03-27 06:59:36.281 [info] > git show --textconv :src/standard_main.cpp [13ms]
2025-03-27 06:59:36.288 [info] > git cat-file -s 68773245dbdcfd0b88b2c67b8f7f4ccfd5da2d45 [8ms]
2025-03-27 07:00:03.023 [info] > git ls-files --stage -- /home/hwlee4/ICS45C/HW3/gtest/gtestmain.cpp [6ms]
2025-03-27 07:00:03.028 [info] > git show --textconv :gtest/gtestmain.cpp [15ms]
2025-03-27 07:00:03.037 [info] > git cat-file -s d8afbf599a8ea22aeb2f3b6cc7a1b1f96387b59f [10ms]
2025-03-27 07:00:04.211 [info] > git show --textconv :gtest/standard_main_gtests.cpp [8ms]
2025-03-27 07:00:04.213 [info] > git ls-files --stage -- /home/hwlee4/ICS45C/HW3/gtest/standard_main_gtests.cpp [7ms]
2025-03-27 07:00:04.227 [info] > git cat-file -s 6fef8fb43ad2276c808162b3924d1feae3c98418 [10ms]
2025-03-27 07:00:04.814 [info] > git ls-files --stage -- /home/hwlee4/ICS45C/HW3/gtest/string_gtests.cpp [7ms]
2025-03-27 07:00:04.818 [info] > git show --textconv :gtest/string_gtests.cpp [15ms]
2025-03-27 07:00:04.827 [info] > git cat-file -s b1f4b1745b4ec5de550d4d1eed4ccef83255f3cd [10ms]
2025-03-27 07:00:06.058 [info] > git ls-files --stage -- /home/hwlee4/ICS45C/HW3/gtest/student_gtests.cpp [6ms]
2025-03-27 07:00:06.064 [info] > git show --textconv :gtest/student_gtests.cpp [15ms]
2025-03-27 07:00:06.073 [info] > git cat-file -s a1f5165960d70d1fef3f48bf0c67aa39face4a12 [10ms]
2025-03-27 07:00:08.613 [info] > git show --textconv :src/standard_main.cpp [11ms]
2025-03-27 07:00:08.613 [info] > git ls-files --stage -- /home/hwlee4/ICS45C/HW3/src/standard_main.cpp [7ms]
2025-03-27 07:00:08.625 [info] > git cat-file -s 68773245dbdcfd0b88b2c67b8f7f4ccfd5da2d45 [8ms]
2025-03-27 07:00:30.290 [info] > git ls-files --stage -- /home/hwlee4/ICS45C/HW3/src/string.cpp [5ms]
2025-03-27 07:00:30.296 [info] > git show --textconv :src/string.cpp [16ms]
2025-03-27 07:00:30.305 [info] > git cat-file -s a40759e9cf2ec5dbc15e30c9047cc44a7af74691 [11ms]
2025-03-27 07:00:44.872 [info] > git ls-files --stage -- /home/hwlee4/ICS45C/HW3/src/string.hpp [5ms]
2025-03-27 07:00:44.877 [info] > git show --textconv :src/string.hpp [16ms]
2025-03-27 07:00:44.887 [info] > git cat-file -s 955c2bc472a997ddf0de86a7c7715cf31d0a65d7 [10ms]
2025-03-27 07:01:05.304 [info] > git check-ignore -v -z --stdin [10ms]
2025-03-27 07:01:25.070 [info] > git check-ignore -v -z --stdin [12ms]
2025-03-27 07:01:26.040 [info] > git check-ignore -v -z --stdin [6ms]
2025-03-27 07:01:26.914 [info] > git ls-files --stage -- /home/hwlee4/ICS45C/HW4/gtest/gtestmain.cpp [7ms]
2025-03-27 07:01:26.922 [info] > git show --textconv :gtest/gtestmain.cpp [19ms]
2025-03-27 07:01:26.929 [info] > git cat-file -s d8afbf599a8ea22aeb2f3b6cc7a1b1f96387b59f [12ms]
2025-03-27 07:01:28.049 [info] > git show --textconv :gtest/standard_main_gtests.cpp [9ms]
2025-03-27 07:01:28.050 [info] > git ls-files --stage -- /home/hwlee4/ICS45C/HW4/gtest/standard_main_gtests.cpp [6ms]
2025-03-27 07:01:28.064 [info] > git cat-file -s 6fef8fb43ad2276c808162b3924d1feae3c98418 [10ms]
2025-03-27 07:01:28.759 [info] > git ls-files --stage -- /home/hwlee4/ICS45C/HW4/gtest/string_gtests.cpp [7ms]
2025-03-27 07:01:28.763 [info] > git show --textconv :gtest/string_gtests.cpp [15ms]
2025-03-27 07:01:28.773 [info] > git cat-file -s 23334d6fdf0c9ac615b35e6fc70e1068b7c28615 [10ms]
2025-03-27 07:01:29.558 [info] > git ls-files --stage -- /home/hwlee4/ICS45C/HW4/gtest/student_gtests.cpp [6ms]
2025-03-27 07:01:29.563 [info] > git show --textconv :gtest/student_gtests.cpp [15ms]
2025-03-27 07:01:29.573 [info] > git cat-file -s a61ab2495bb46fb33c820610968393f0ca55239e [11ms]
2025-03-27 07:02:10.768 [info] > git show --textconv :gtest/gtestmain.cpp [10ms]
2025-03-27 07:02:10.769 [info] > git ls-files --stage -- /home/hwlee4/ICS45C/HW4/gtest/gtestmain.cpp [6ms]
2025-03-27 07:02:10.781 [info] > git cat-file -s d8afbf599a8ea22aeb2f3b6cc7a1b1f96387b59f [8ms]
2025-03-27 07:02:12.669 [info] > git show --textconv :gtest/standard_main_gtests.cpp [8ms]
2025-03-27 07:02:12.671 [info] > git ls-files --stage -- /home/hwlee4/ICS45C/HW4/gtest/standard_main_gtests.cpp [7ms]
2025-03-27 07:02:12.682 [info] > git cat-file -s 6fef8fb43ad2276c808162b3924d1feae3c98418 [8ms]
2025-03-27 07:02:47.609 [info] > git ls-files --stage -- /home/hwlee4/ICS45C/HW4/gtest/string_gtests.cpp [6ms]
2025-03-27 07:02:47.614 [info] > git show --textconv :gtest/string_gtests.cpp [15ms]
2025-03-27 07:02:47.622 [info] > git cat-file -s 23334d6fdf0c9ac615b35e6fc70e1068b7c28615 [8ms]
2025-03-27 07:03:01.727 [info] > git ls-files --stage -- /home/hwlee4/ICS45C/HW4/gtest/student_gtests.cpp [5ms]
2025-03-27 07:03:01.732 [info] > git show --textconv :gtest/student_gtests.cpp [14ms]
2025-03-27 07:03:01.738 [info] > git cat-file -s a61ab2495bb46fb33c820610968393f0ca55239e [8ms]
2025-03-27 07:03:14.032 [info] > git check-ignore -v -z --stdin [8ms]
2025-03-27 07:03:16.574 [info] > git show --textconv :src/alloc.cpp [10ms]
2025-03-27 07:03:16.575 [info] > git ls-files --stage -- /home/hwlee4/ICS45C/HW4/src/alloc.cpp [6ms]
2025-03-27 07:03:16.588 [info] > git cat-file -s 87ab00042c64e160f2dcde985d8de147a67aa7fb [10ms]
2025-03-27 07:03:40.421 [info] > git show --textconv :src/standard_main.cpp [9ms]
2025-03-27 07:03:40.422 [info] > git ls-files --stage -- /home/hwlee4/ICS45C/HW4/src/standard_main.cpp [6ms]
2025-03-27 07:03:40.437 [info] > git cat-file -s f8fd9105fe75a3791e84b0031485d869823cfbe5 [11ms]
2025-03-27 07:03:50.474 [info] > git show --textconv :src/alloc.cpp [11ms]
2025-03-27 07:03:50.475 [info] > git ls-files --stage -- /home/hwlee4/ICS45C/HW4/src/alloc.cpp [7ms]
2025-03-27 07:03:50.487 [info] > git cat-file -s 87ab00042c64e160f2dcde985d8de147a67aa7fb [8ms]
2025-03-27 07:03:59.217 [info] > git ls-files --stage -- /home/hwlee4/ICS45C/HW4/src/string.cpp [6ms]
2025-03-27 07:03:59.223 [info] > git show --textconv :src/string.cpp [15ms]
2025-03-27 07:03:59.232 [info] > git cat-file -s 81133ed10be562793c12e8e81fcee70f2beb48aa [10ms]
2025-03-27 07:04:37.275 [info] > git show --textconv :src/alloc.hpp [8ms]
2025-03-27 07:04:37.279 [info] > git ls-files --stage -- /home/hwlee4/ICS45C/HW4/src/alloc.hpp [6ms]
2025-03-27 07:04:37.293 [info] > git cat-file -s 68fee38907028f8369b66de8962ed70fa0a96c55 [11ms]
2025-03-27 07:04:49.565 [info] > git ls-files --stage -- /home/hwlee4/ICS45C/HW4/src/string.hpp [6ms]
2025-03-27 07:04:49.569 [info] > git show --textconv :src/string.hpp [14ms]
2025-03-27 07:04:49.579 [info] > git cat-file -s 0469792f8a9f85374f6fa1ef5235d79c1cd736df [10ms]
2025-03-27 07:04:59.782 [info] > git check-ignore -v -z --stdin [10ms]
2025-03-27 07:05:04.498 [info] > git check-ignore -v -z --stdin [7ms]
2025-03-27 07:05:06.011 [info] > git ls-files --stage -- /home/hwlee4/ICS45C/HW5/gtest/gtestmain.cpp [6ms]
2025-03-27 07:05:06.018 [info] > git show --textconv :gtest/gtestmain.cpp [17ms]
2025-03-27 07:05:06.025 [info] > git cat-file -s d8afbf599a8ea22aeb2f3b6cc7a1b1f96387b59f [10ms]
2025-03-27 07:05:08.118 [info] > git ls-files --stage -- /home/hwlee4/ICS45C/HW5/gtest/string_gtests.cpp [5ms]
2025-03-27 07:05:08.124 [info] > git show --textconv :gtest/string_gtests.cpp [16ms]
2025-03-27 07:05:08.133 [info] > git cat-file -s cf1f521cd0ccc6182612a835505bb40c0e0c04bf [10ms]
2025-03-27 07:05:10.479 [info] > git ls-files --stage -- /home/hwlee4/ICS45C/HW5/gtest/student_gtests.cpp [5ms]
2025-03-27 07:05:10.484 [info] > git show --textconv :gtest/student_gtests.cpp [16ms]
2025-03-27 07:05:10.493 [info] > git cat-file -s c08f91019764bbd0ec8c9ff9e1ecaca2fec4020c [10ms]
2025-03-27 07:07:06.926 [info] > git ls-files --stage -- /home/hwlee4/ICS45C/HW5/gtest/string_gtests.cpp [6ms]
2025-03-27 07:07:06.934 [info] > git show --textconv :gtest/string_gtests.cpp [17ms]
2025-03-27 07:07:06.938 [info] > git cat-file -s cf1f521cd0ccc6182612a835505bb40c0e0c04bf [8ms]
2025-03-27 07:07:34.612 [info] > git ls-files --stage -- /home/hwlee4/ICS45C/HW5/gtest/student_gtests.cpp [5ms]
2025-03-27 07:07:34.616 [info] > git show --textconv :gtest/student_gtests.cpp [13ms]
2025-03-27 07:07:34.623 [info] > git cat-file -s c08f91019764bbd0ec8c9ff9e1ecaca2fec4020c [8ms]
2025-03-27 07:07:44.156 [info] > git check-ignore -v -z --stdin [7ms]
2025-03-27 07:07:59.593 [info] > git ls-files --stage -- /home/hwlee4/ICS45C/HW5/src/alloc.cpp [5ms]
2025-03-27 07:07:59.598 [info] > git show --textconv :src/alloc.cpp [14ms]
2025-03-27 07:07:59.608 [info] > git cat-file -s a2325e133803de1cab419aab5bfd31f5fda99c83 [11ms]
2025-03-27 07:08:17.746 [info] > git show --textconv :src/alloc.hpp [10ms]
2025-03-27 07:08:17.746 [info] > git ls-files --stage -- /home/hwlee4/ICS45C/HW5/src/alloc.hpp [6ms]
2025-03-27 07:08:17.761 [info] > git cat-file -s 68fee38907028f8369b66de8962ed70fa0a96c55 [11ms]
2025-03-27 07:08:28.691 [info] > git ls-files --stage -- /home/hwlee4/ICS45C/HW5/src/list.cpp [6ms]
2025-03-27 07:08:28.696 [info] > git show --textconv :src/list.cpp [15ms]
2025-03-27 07:08:28.705 [info] > git cat-file -s 85cf25197f3f2bb87c63ace1bf2596045cc7f028 [11ms]
2025-03-27 07:08:40.694 [info] > git show --textconv :src/list.hpp [8ms]
2025-03-27 07:08:40.696 [info] > git ls-files --stage -- /home/hwlee4/ICS45C/HW5/src/list.hpp [6ms]
2025-03-27 07:08:40.710 [info] > git cat-file -s 6d5c24a7f4848b894ede63323ece90d724a4c19b [10ms]
2025-03-27 07:09:19.626 [info] > git ls-files --stage -- /home/hwlee4/ICS45C/HW5/src/standard_main.cpp [5ms]
2025-03-27 07:09:19.630 [info] > git show --textconv :src/standard_main.cpp [13ms]
2025-03-27 07:09:19.640 [info] > git cat-file -s c8c961a393465df9017f662f52385ddf89da0338 [10ms]
2025-03-27 07:09:36.751 [info] > git ls-files --stage -- /home/hwlee4/ICS45C/HW5/src/string.cpp [5ms]
2025-03-27 07:09:36.757 [info] > git show --textconv :src/string.cpp [15ms]
2025-03-27 07:09:36.767 [info] > git cat-file -s 16cb522f4af784d83810e7e283e3c27a3982c72f [10ms]
2025-03-27 07:09:47.466 [info] > git show --textconv :src/string.hpp [8ms]
2025-03-27 07:09:47.469 [info] > git ls-files --stage -- /home/hwlee4/ICS45C/HW5/src/string.hpp [7ms]
2025-03-27 07:09:47.484 [info] > git cat-file -s 10af9d727eca98f1d2a2bd42fbed0a73f5db62de [11ms]
2025-03-27 07:09:55.289 [info] > git check-ignore -v -z --stdin [9ms]
2025-03-27 07:09:56.726 [info] > git check-ignore -v -z --stdin [6ms]
2025-03-27 07:10:46.920 [info] > git show --textconv :src/alloc.hpp [10ms]
2025-03-27 07:10:46.921 [info] > git ls-files --stage -- /home/hwlee4/ICS45C/HW5/src/alloc.hpp [6ms]
2025-03-27 07:10:46.933 [info] > git cat-file -s 68fee38907028f8369b66de8962ed70fa0a96c55 [8ms]
2025-03-27 07:10:47.623 [info] > git show --textconv :src/string.hpp [11ms]
2025-03-27 07:10:47.623 [info] > git ls-files --stage -- /home/hwlee4/ICS45C/HW5/src/string.hpp [7ms]
2025-03-27 07:10:47.635 [info] > git cat-file -s 10af9d727eca98f1d2a2bd42fbed0a73f5db62de [8ms]
2025-03-27 07:10:48.427 [info] > git show --textconv :src/standard_main.cpp [8ms]
2025-03-27 07:10:48.430 [info] > git ls-files --stage -- /home/hwlee4/ICS45C/HW5/src/standard_main.cpp [6ms]
2025-03-27 07:10:48.442 [info] > git cat-file -s c8c961a393465df9017f662f52385ddf89da0338 [8ms]
2025-03-27 07:10:49.149 [info] > git show --textconv :src/string.hpp [10ms]
2025-03-27 07:10:49.149 [info] > git ls-files --stage -- /home/hwlee4/ICS45C/HW5/src/string.hpp [6ms]
2025-03-27 07:10:49.162 [info] > git cat-file -s 10af9d727eca98f1d2a2bd42fbed0a73f5db62de [9ms]
2025-03-27 07:10:50.028 [info] > git show --textconv :src/alloc.cpp [9ms]
2025-03-27 07:10:50.029 [info] > git ls-files --stage -- /home/hwlee4/ICS45C/HW5/src/alloc.cpp [6ms]
2025-03-27 07:10:50.041 [info] > git cat-file -s a2325e133803de1cab419aab5bfd31f5fda99c83 [8ms]
2025-03-27 07:10:54.879 [info] > git ls-files --stage -- /home/hwlee4/ICS45C/HW6/gtest/gtestmain.cpp [6ms]
2025-03-27 07:10:54.889 [info] > git show --textconv :gtest/gtestmain.cpp [21ms]
2025-03-27 07:10:54.895 [info] > git cat-file -s d8afbf599a8ea22aeb2f3b6cc7a1b1f96387b59f [11ms]
2025-03-27 07:10:56.080 [info] > git show --textconv :gtest/picture_gtests.cpp [10ms]
2025-03-27 07:10:56.081 [info] > git ls-files --stage -- /home/hwlee4/ICS45C/HW6/gtest/picture_gtests.cpp [6ms]
2025-03-27 07:10:56.095 [info] > git cat-file -s fe21fdad3783f9ca7073afcde6b66d16fcd1666c [10ms]
2025-03-27 07:11:24.671 [info] > git show --textconv :gtest/shape_gtests.cpp [9ms]
2025-03-27 07:11:24.672 [info] > git ls-files --stage -- /home/hwlee4/ICS45C/HW6/gtest/shape_gtests.cpp [6ms]
2025-03-27 07:11:24.686 [info] > git cat-file -s b7433e1e7b40e642ff1989959192dfaaf4c89740 [10ms]
2025-03-27 07:11:33.892 [info] > git check-ignore -v -z --stdin [8ms]
2025-03-27 07:11:42.643 [info] > git ls-files --stage -- /home/hwlee4/ICS45C/HW6/src/standard_main.cpp [6ms]
2025-03-27 07:11:42.649 [info] > git show --textconv :src/standard_main.cpp [16ms]
2025-03-27 07:11:42.657 [info] > git cat-file -s 043c0496df1c3733b38a79a511c82969e01667f1 [9ms]
2025-03-27 07:11:44.677 [info] > git ls-files --stage -- /home/hwlee4/ICS45C/HW6/src/picture.cpp [5ms]
2025-03-27 07:11:44.682 [info] > git show --textconv :src/picture.cpp [14ms]
2025-03-27 07:11:44.691 [info] > git cat-file -s 744bb78554c3fb8b1e5c0b77f6830e85c4d344ae [10ms]
2025-03-27 07:11:49.726 [info] > git show --textconv :src/alloc.cpp [9ms]
2025-03-27 07:11:49.728 [info] > git ls-files --stage -- /home/hwlee4/ICS45C/HW6/src/alloc.cpp [7ms]
2025-03-27 07:11:49.742 [info] > git cat-file -s f3b6110e776ed130e96ad08c3c242bb46efcde63 [10ms]
2025-03-27 07:12:09.440 [info] > git ls-files --stage -- /home/hwlee4/ICS45C/HW6/src/standard_main.cpp [5ms]
2025-03-27 07:12:09.444 [info] > git show --textconv :src/standard_main.cpp [13ms]
2025-03-27 07:12:09.452 [info] > git cat-file -s 043c0496df1c3733b38a79a511c82969e01667f1 [8ms]
2025-03-27 07:12:29.009 [info] > git show --textconv :src/alloc.cpp [10ms]
2025-03-27 07:12:29.009 [info] > git ls-files --stage -- /home/hwlee4/ICS45C/HW6/src/alloc.cpp [6ms]
2025-03-27 07:12:29.021 [info] > git cat-file -s f3b6110e776ed130e96ad08c3c242bb46efcde63 [8ms]
2025-03-27 07:12:52.817 [info] > git ls-files --stage -- /home/hwlee4/ICS45C/HW6/src/circle.cpp [5ms]
2025-03-27 07:12:52.823 [info] > git show --textconv :src/circle.cpp [15ms]
2025-03-27 07:12:52.831 [info] > git cat-file -s 6912f48c582bf4b3b8ddc948976fba02efcd04ef [10ms]
2025-03-27 07:13:07.200 [info] > git ls-files --stage -- /home/hwlee4/ICS45C/HW6/src/picture.cpp [5ms]
2025-03-27 07:13:07.205 [info] > git show --textconv :src/picture.cpp [14ms]
2025-03-27 07:13:07.211 [info] > git cat-file -s 744bb78554c3fb8b1e5c0b77f6830e85c4d344ae [8ms]
2025-03-27 07:13:19.723 [info] > git ls-files --stage -- /home/hwlee4/ICS45C/HW6/src/rectangle.cpp [5ms]
2025-03-27 07:13:19.729 [info] > git show --textconv :src/rectangle.cpp [15ms]
2025-03-27 07:13:19.737 [info] > git cat-file -s 14663b409df6c8b748969e98fd1865f7a2a209d3 [11ms]
2025-03-27 07:13:30.655 [info] > git ls-files --stage -- /home/hwlee4/ICS45C/HW6/src/shape.cpp [5ms]
2025-03-27 07:13:30.660 [info] > git show --textconv :src/shape.cpp [14ms]
2025-03-27 07:13:30.668 [info] > git cat-file -s 32b8e193017cd80c7feecfa9b49dd3b328886bb6 [9ms]
2025-03-27 07:13:41.805 [info] > git ls-files --stage -- /home/hwlee4/ICS45C/HW6/src/square.cpp [5ms]
2025-03-27 07:13:41.811 [info] > git show --textconv :src/square.cpp [15ms]
2025-03-27 07:13:41.820 [info] > git cat-file -s 1650f614468718a4173ab09e6486df03d8077266 [11ms]
2025-03-27 07:13:49.678 [info] > git ls-files --stage -- /home/hwlee4/ICS45C/HW6/src/triangle.cpp [6ms]
2025-03-27 07:13:49.683 [info] > git show --textconv :src/triangle.cpp [15ms]
2025-03-27 07:13:49.692 [info] > git cat-file -s 61d575b7e5955acafdf36e10f84eaa2ad7bc5bdf [11ms]
2025-03-27 07:14:16.100 [info] > git show --textconv :src/alloc.hpp [12ms]
2025-03-27 07:14:16.101 [info] > git ls-files --stage -- /home/hwlee4/ICS45C/HW6/src/alloc.hpp [10ms]
2025-03-27 07:14:16.115 [info] > git cat-file -s 68fee38907028f8369b66de8962ed70fa0a96c55 [10ms]
2025-03-27 07:14:24.368 [info] > git ls-files --stage -- /home/hwlee4/ICS45C/HW6/src/circle.hpp [6ms]
2025-03-27 07:14:24.375 [info] > git show --textconv :src/circle.hpp [16ms]
2025-03-27 07:14:24.382 [info] > git cat-file -s 590fda11b4bb0aa46cd7aabedce3fb380bc7e982 [10ms]
2025-03-27 07:14:33.852 [info] > git ls-files --stage -- /home/hwlee4/ICS45C/HW6/src/picture.hpp [5ms]
2025-03-27 07:14:33.857 [info] > git show --textconv :src/picture.hpp [15ms]
2025-03-27 07:14:33.865 [info] > git cat-file -s 1a1ae1c88447c6ecb83dea166f49522e78137b62 [10ms]
2025-03-27 07:14:40.548 [info] > git ls-files --stage -- /home/hwlee4/ICS45C/HW6/src/rectangle.hpp [5ms]
2025-03-27 07:14:40.552 [info] > git show --textconv :src/rectangle.hpp [14ms]
2025-03-27 07:14:40.560 [info] > git cat-file -s 8a21618371a72f1b48bb1888ac7394639be16e08 [9ms]
2025-03-27 07:15:04.662 [info] > git ls-files --stage -- /home/hwlee4/ICS45C/HW6/src/shape.hpp [5ms]
2025-03-27 07:15:04.668 [info] > git show --textconv :src/shape.hpp [15ms]
2025-03-27 07:15:04.677 [info] > git cat-file -s 5498aeb147f8643e35a73cde983ac776b5c65a0d [11ms]
2025-03-27 07:15:11.320 [info] > git ls-files --stage -- /home/hwlee4/ICS45C/HW6/src/square.hpp [5ms]
2025-03-27 07:15:11.326 [info] > git show --textconv :src/square.hpp [16ms]
2025-03-27 07:15:11.335 [info] > git cat-file -s f983d08fd5e180e3db8570dd25d6d4e8572d95a3 [10ms]
2025-03-27 07:15:25.654 [info] > git ls-files --stage -- /home/hwlee4/ICS45C/HW6/src/triangle.hpp [5ms]
2025-03-27 07:15:25.659 [info] > git show --textconv :src/triangle.hpp [16ms]
2025-03-27 07:15:25.668 [info] > git cat-file -s b3f4fd059c6d70c6719fbd38bd99e028904d0616 [10ms]
2025-03-27 07:15:43.089 [info] > git check-ignore -v -z --stdin [9ms]
2025-03-27 07:15:44.676 [info] > git check-ignore -v -z --stdin [6ms]
2025-03-27 07:15:45.363 [info] > git ls-files --stage -- /home/hwlee4/ICS45C/HW7/gtest/array_gtests.cpp [5ms]
2025-03-27 07:15:45.369 [info] > git show --textconv :gtest/array_gtests.cpp [15ms]
2025-03-27 07:15:45.377 [info] > git cat-file -s d3a0969eec3fdf0d5a4e41d9d46fae67d6aa69e3 [10ms]
2025-03-27 07:15:46.494 [info] > git show --textconv :gtest/gtestmain.cpp [12ms]
2025-03-27 07:15:46.495 [info] > git ls-files --stage -- /home/hwlee4/ICS45C/HW7/gtest/gtestmain.cpp [8ms]
2025-03-27 07:15:46.509 [info] > git cat-file -s d8afbf599a8ea22aeb2f3b6cc7a1b1f96387b59f [10ms]
2025-03-27 07:15:47.574 [info] > git show --textconv :gtest/int_array_gtests.cpp [9ms]
2025-03-27 07:15:47.575 [info] > git ls-files --stage -- /home/hwlee4/ICS45C/HW7/gtest/int_array_gtests.cpp [6ms]
2025-03-27 07:15:47.590 [info] > git cat-file -s 44b1dd63f32f6d82e6c7269a28018a86f2b107a7 [11ms]
2025-03-27 07:15:50.693 [info] > git show --textconv :gtest/matrix_gtests.cpp [9ms]
2025-03-27 07:15:50.696 [info] > git ls-files --stage -- /home/hwlee4/ICS45C/HW7/gtest/matrix_gtests.cpp [6ms]
2025-03-27 07:15:50.711 [info] > git cat-file -s 84f36655df2f7d2866b14fbe44602f560718efe4 [10ms]
2025-03-27 07:16:11.883 [info] > git show --textconv :gtest/array_gtests.cpp [9ms]
2025-03-27 07:16:11.884 [info] > git ls-files --stage -- /home/hwlee4/ICS45C/HW7/gtest/array_gtests.cpp [7ms]
2025-03-27 07:16:11.895 [info] > git cat-file -s d3a0969eec3fdf0d5a4e41d9d46fae67d6aa69e3 [8ms]
2025-03-27 07:16:14.354 [info] > git show --textconv :gtest/int_array_gtests.cpp [10ms]
2025-03-27 07:16:14.354 [info] > git ls-files --stage -- /home/hwlee4/ICS45C/HW7/gtest/int_array_gtests.cpp [5ms]
2025-03-27 07:16:14.366 [info] > git cat-file -s 44b1dd63f32f6d82e6c7269a28018a86f2b107a7 [8ms]
2025-03-27 07:16:29.758 [info] > git show --textconv :gtest/matrix_gtests.cpp [10ms]
2025-03-27 07:16:29.760 [info] > git ls-files --stage -- /home/hwlee4/ICS45C/HW7/gtest/matrix_gtests.cpp [7ms]
2025-03-27 07:16:29.772 [info] > git cat-file -s 84f36655df2f7d2866b14fbe44602f560718efe4 [8ms]
2025-03-27 07:16:38.399 [info] > git check-ignore -v -z --stdin [7ms]
2025-03-27 07:16:54.081 [info] > git ls-files --stage -- /home/hwlee4/ICS45C/HW7/src/alloc.cpp [6ms]
2025-03-27 07:16:54.086 [info] > git show --textconv :src/alloc.cpp [15ms]
2025-03-27 07:16:54.095 [info] > git cat-file -s f3b6110e776ed130e96ad08c3c242bb46efcde63 [10ms]
2025-03-27 07:16:55.430 [info] > git ls-files --stage -- /home/hwlee4/ICS45C/HW7/src/standard_main.cpp [6ms]
2025-03-27 07:16:55.435 [info] > git show --textconv :src/standard_main.cpp [15ms]
2025-03-27 07:16:55.445 [info] > git cat-file -s 7b72d44fb6d46c21ca2e1e9737f7de332207c647 [11ms]
2025-03-27 07:17:02.494 [info] > git show --textconv :src/alloc.cpp [8ms]
2025-03-27 07:17:02.498 [info] > git ls-files --stage -- /home/hwlee4/ICS45C/HW7/src/alloc.cpp [7ms]
2025-03-27 07:17:02.510 [info] > git cat-file -s f3b6110e776ed130e96ad08c3c242bb46efcde63 [9ms]
2025-03-27 07:17:17.694 [info] > git show --textconv :src/alloc.hpp [10ms]
2025-03-27 07:17:17.694 [info] > git ls-files --stage -- /home/hwlee4/ICS45C/HW7/src/alloc.hpp [6ms]
2025-03-27 07:17:17.709 [info] > git cat-file -s 68fee38907028f8369b66de8962ed70fa0a96c55 [11ms]
2025-03-27 07:17:42.557 [info] > git ls-files --stage -- /home/hwlee4/ICS45C/HW7/src/array.hpp [5ms]
2025-03-27 07:17:42.563 [info] > git show --textconv :src/array.hpp [16ms]
2025-03-27 07:17:42.572 [info] > git cat-file -s a552395ed079a1a1fe45c135e0c591108dee026d [10ms]
2025-03-27 07:17:54.394 [info] > git ls-files --stage -- /home/hwlee4/ICS45C/HW7/src/int_array.hpp [5ms]
2025-03-27 07:17:54.401 [info] > git show --textconv :src/int_array.hpp [15ms]
2025-03-27 07:17:54.409 [info] > git cat-file -s 5588799d15892968a537026b37574d7fdff91fb3 [10ms]
2025-03-27 07:17:59.902 [info] > git ls-files --stage -- /home/hwlee4/ICS45C/HW7/src/matrix.hpp [6ms]
2025-03-27 07:17:59.907 [info] > git show --textconv :src/matrix.hpp [15ms]
2025-03-27 07:17:59.916 [info] > git cat-file -s 95b79937411eb49355b227e2041996f2d8764b4c [11ms]
2025-03-27 07:18:17.963 [info] > git check-ignore -v -z --stdin [10ms]
2025-03-27 07:18:19.235 [info] > git check-ignore -v -z --stdin [9ms]
2025-03-27 07:18:19.924 [info] > git ls-files --stage -- /home/hwlee4/ICS45C/HW8/gtest/compute_grades_gtests.cpp [5ms]
2025-03-27 07:18:19.933 [info] > git show --textconv :gtest/compute_grades_gtests.cpp [18ms]
2025-03-27 07:18:19.937 [info] > git cat-file -s 13fe511f31f38116be70b36c3923609f442fbead [10ms]
2025-03-27 07:18:22.337 [info] > git ls-files --stage -- /home/hwlee4/ICS45C/HW8/gtest/gtestmain.cpp [6ms]
2025-03-27 07:18:22.341 [info] > git show --textconv :gtest/gtestmain.cpp [14ms]
2025-03-27 07:18:22.352 [info] > git cat-file -s d8afbf599a8ea22aeb2f3b6cc7a1b1f96387b59f [11ms]
2025-03-27 07:18:22.873 [info] > git show --textconv :gtest/mapset_gtests.cpp [9ms]
2025-03-27 07:18:22.876 [info] > git ls-files --stage -- /home/hwlee4/ICS45C/HW8/gtest/mapset_gtests.cpp [6ms]
2025-03-27 07:18:22.891 [info] > git cat-file -s 500b0eb2341e1cb1496c99c0c27a20dba7a6f14e [11ms]
2025-03-27 07:18:23.834 [info] > git show --textconv :gtest/process_numbers_gtests.cpp [9ms]
2025-03-27 07:18:23.836 [info] > git ls-files --stage -- /home/hwlee4/ICS45C/HW8/gtest/process_numbers_gtests.cpp [7ms]
2025-03-27 07:18:23.850 [info] > git cat-file -s dac6aa53160a2ada46bc9264a36060a57bce3268 [10ms]
2025-03-27 07:18:32.146 [info] > git check-ignore -v -z --stdin [8ms]
2025-03-27 07:18:34.590 [info] > git ls-files --stage -- /home/hwlee4/ICS45C/HW8/src/compute_grades_main.cpp [6ms]
2025-03-27 07:18:34.595 [info] > git show --textconv :src/compute_grades_main.cpp [15ms]
2025-03-27 07:18:34.604 [info] > git cat-file -s 745f37abb828871093be03c37c6ca8320f21fba0 [10ms]
2025-03-27 07:19:18.202 [info] > git ls-files --stage -- /home/hwlee4/ICS45C/HW8/src/compute_grades.cpp [5ms]
2025-03-27 07:19:18.206 [info] > git show --textconv :src/compute_grades.cpp [15ms]
2025-03-27 07:19:18.215 [info] > git cat-file -s b0113496568d3e4c7bf074677b2a0a94ddd04d28 [9ms]
2025-03-27 07:19:24.512 [info] > git ls-files --stage -- /home/hwlee4/ICS45C/HW8/src/compute_grades.hpp [5ms]
2025-03-27 07:19:24.518 [info] > git show --textconv :src/compute_grades.hpp [17ms]
2025-03-27 07:19:24.526 [info] > git cat-file -s c8ee519be2dee149dca05c0ab2c3105ff9a2b611 [10ms]
2025-03-27 07:19:41.897 [info] > git ls-files --stage -- /home/hwlee4/ICS45C/HW8/src/mapset_main.cpp [5ms]
2025-03-27 07:19:41.904 [info] > git show --textconv :src/mapset_main.cpp [16ms]
2025-03-27 07:19:41.912 [info] > git cat-file -s 9e72fc17d93bc8211a3037cf044de49df68abc64 [10ms]
2025-03-27 07:20:08.184 [info] > git ls-files --stage -- /home/hwlee4/ICS45C/HW8/src/mapset.cpp [5ms]
2025-03-27 07:20:08.191 [info] > git show --textconv :src/mapset.cpp [16ms]
2025-03-27 07:20:08.199 [info] > git cat-file -s 3f4f9b2d9c47774d570b475bbf8c6ffe19f30e91 [11ms]
2025-03-27 07:20:22.943 [info] > git ls-files --stage -- /home/hwlee4/ICS45C/HW8/src/mapset.hpp [6ms]
2025-03-27 07:20:22.948 [info] > git show --textconv :src/mapset.hpp [15ms]
2025-03-27 07:20:22.958 [info] > git cat-file -s b2ca29e87a80b6afea4d3e76f2b3b6118ab6f64b [12ms]
2025-03-27 07:20:39.010 [info] > git ls-files --stage -- /home/hwlee4/ICS45C/HW8/src/process_numbers_main.cpp [6ms]
2025-03-27 07:20:39.015 [info] > git show --textconv :src/process_numbers_main.cpp [15ms]
2025-03-27 07:20:39.024 [info] > git cat-file -s afd7ddc21de5cfb7b648189e50ce368ffb7e1879 [10ms]
2025-03-27 07:20:47.299 [info] > git ls-files --stage -- /home/hwlee4/ICS45C/HW8/src/process_numbers.cpp [6ms]
2025-03-27 07:20:47.305 [info] > git show --textconv :src/process_numbers.cpp [16ms]
2025-03-27 07:20:47.313 [info] > git cat-file -s b6776cc917c7c8b5d59c9c853f7b24730b99c7e9 [10ms]
2025-03-27 07:21:01.443 [info] > git ls-files --stage -- /home/hwlee4/ICS45C/HW8/src/process_numbers.hpp [5ms]
2025-03-27 07:21:01.448 [info] > git show --textconv :src/process_numbers.hpp [14ms]
2025-03-27 07:21:01.457 [info] > git cat-file -s aa349741da1b52d172312010115b220adc531e70 [11ms]
2025-03-27 07:21:28.790 [info] > git check-ignore -v -z --stdin [10ms]
2025-03-27 07:21:30.603 [info] > git check-ignore -v -z --stdin [6ms]
2025-03-27 07:21:32.267 [info] > git check-ignore -v -z --stdin [7ms]
2025-03-27 07:21:33.905 [info] > git ls-files --stage -- /home/hwlee4/ICS45C/HW9/gtest/set_list_gtests.cpp [5ms]
2025-03-27 07:21:33.909 [info] > git show --textconv :gtest/set_list_gtests.cpp [14ms]
2025-03-27 07:21:33.918 [info] > git cat-file -s f3de533190f41e174039f6ab147c10dff03446bb [10ms]
2025-03-27 07:21:34.473 [info] > git show --textconv :gtest/map_array_gtests.cpp [8ms]
2025-03-27 07:21:34.475 [info] > git ls-files --stage -- /home/hwlee4/ICS45C/HW9/gtest/map_array_gtests.cpp [6ms]
2025-03-27 07:21:34.489 [info] > git cat-file -s 871e67cfd9ae91754d652d568bd76e3df6c6297c [10ms]
2025-03-27 07:21:36.943 [info] > git ls-files --stage -- /home/hwlee4/ICS45C/HW9/src/map_array.hpp [6ms]
2025-03-27 07:21:36.948 [info] > git show --textconv :src/map_array.hpp [15ms]
2025-03-27 07:21:36.957 [info] > git cat-file -s fc1cadb34fec7fef0c4633370d90ca2b66cd0db4 [10ms]
2025-03-27 07:21:55.615 [info] > git ls-files --stage -- /home/hwlee4/ICS45C/HW9/src/mapset_main.cpp [5ms]
2025-03-27 07:21:55.620 [info] > git show --textconv :src/mapset_main.cpp [14ms]
2025-03-27 07:21:55.628 [info] > git cat-file -s e462fddd251a75f39cc3a729d71852eac81a32b5 [10ms]
2025-03-27 07:22:09.790 [info] > git ls-files --stage -- /home/hwlee4/ICS45C/HW9/src/set_list.hpp [6ms]
2025-03-27 07:22:09.795 [info] > git show --textconv :src/set_list.hpp [16ms]
2025-03-27 07:22:09.805 [info] > git cat-file -s 72cfe54cb5a3d482cdb2c2b1e27691c2cb5c0ff0 [10ms]
2025-03-27 07:22:30.820 [info] > git ls-files --stage -- /home/hwlee4/ICS45C/HW6/src/square.hpp [5ms]
2025-03-27 07:22:30.826 [info] > git show --textconv :src/square.hpp [15ms]
2025-03-27 07:22:30.832 [info] > git cat-file -s f983d08fd5e180e3db8570dd25d6d4e8572d95a3 [7ms]
2025-03-27 07:22:33.011 [info] > git ls-files --stage -- /home/hwlee4/ICS45C/HW9/src/set_list.hpp [6ms]
2025-03-27 07:22:33.015 [info] > git show --textconv :src/set_list.hpp [13ms]
2025-03-27 07:22:33.023 [info] > git cat-file -s 72cfe54cb5a3d482cdb2c2b1e27691c2cb5c0ff0 [9ms]
