2025-05-29 01:50:52.654 [info] [main] Log level: Info
2025-05-29 01:50:52.654 [info] [main] Validating found git in: "git"
2025-05-29 01:50:52.654 [info] [main] Using git "2.43.0" from "git"
2025-05-29 01:50:52.654 [info] [Model][doInitialScan] Initial repository scan started
2025-05-29 01:50:52.654 [info] > git rev-parse --show-toplevel [4ms]
2025-05-29 01:50:52.654 [info] > git rev-parse --path-format=relative --show-toplevel [3ms]
2025-05-29 01:50:52.662 [info] > git rev-parse --show-toplevel [5ms]
2025-05-29 01:50:52.668 [info] > git rev-parse --path-format=relative --show-toplevel [4ms]
2025-05-29 01:50:52.674 [info] > git rev-parse --git-dir --git-common-dir [4ms]
2025-05-29 01:50:52.688 [info] [Model][openRepository] Opened repository: /home/hwlee4/ICS45C/HW8
2025-05-29 01:50:52.697 [info] > git config --get commit.template [4ms]
2025-05-29 01:50:52.701 [info] > git rev-parse --show-toplevel [5ms]
2025-05-29 01:50:52.707 [info] > git rev-parse --path-format=relative --show-toplevel [4ms]
2025-05-29 01:50:52.710 [info] > git for-each-ref --format=%(refname)%00%(upstream:short)%00%(objectname)%00%(upstream:track)%00%(upstream:remotename)%00%(upstream:remoteref) refs/heads/main refs/remotes/main [10ms]
2025-05-29 01:50:52.712 [warning] [Git][revParse] Unable to read file: ENOENT: no such file or directory, open '/home/hwlee4/ICS45C/HW8/.git/refs/remotes/origin/main'
2025-05-29 01:50:52.713 [info] > git rev-parse --git-dir --git-common-dir [4ms]
2025-05-29 01:50:52.717 [info] [Model][openRepository] Opened repository: /home/hwlee4/ICS45C/HW0
2025-05-29 01:50:52.724 [info] > git rev-parse refs/remotes/origin/main [12ms]
2025-05-29 01:50:52.733 [info] > git rev-parse --show-toplevel [9ms]
2025-05-29 01:50:52.737 [info] > git config --get commit.template [15ms]
2025-05-29 01:50:52.741 [info] > git for-each-ref --sort -committerdate --format %(refname) %(objectname) %(*objectname) [9ms]
2025-05-29 01:50:52.742 [info] > git rev-parse --path-format=relative --show-toplevel [6ms]
2025-05-29 01:50:52.747 [info] > git status -z -uall [19ms]
2025-05-29 01:50:52.767 [info] > git for-each-ref --format=%(refname)%00%(upstream:short)%00%(objectname)%00%(upstream:track)%00%(upstream:remotename)%00%(upstream:remoteref) refs/heads/main refs/remotes/main [28ms]
2025-05-29 01:50:52.768 [info] > git rev-parse --git-dir --git-common-dir [23ms]
2025-05-29 01:50:52.772 [info] [Model][openRepository] Opened repository: /home/hwlee4/ICS45C/HW1
2025-05-29 01:50:52.780 [info] > git config --get commit.template [17ms]
2025-05-29 01:50:52.780 [info] > git for-each-ref --format=%(refname)%00%(upstream:short)%00%(objectname)%00%(upstream:track)%00%(upstream:remotename)%00%(upstream:remoteref) refs/heads/main refs/remotes/main [23ms]
2025-05-29 01:50:52.810 [info] > git config --local branch.main.vscode-merge-base [26ms]
2025-05-29 01:50:52.813 [info] > git rev-parse --show-toplevel [35ms]
2025-05-29 01:50:52.816 [info] > git config --get commit.template [40ms]
2025-05-29 01:50:52.832 [info] > git for-each-ref --format=%(refname)%00%(upstream:short)%00%(objectname)%00%(upstream:track)%00%(upstream:remotename)%00%(upstream:remoteref) refs/heads/origin/main refs/remotes/origin/main [18ms]
2025-05-29 01:50:52.836 [info] > git rev-parse --path-format=relative --show-toplevel [21ms]
2025-05-29 01:50:52.840 [info] > git status -z -uall [15ms]
2025-05-29 01:50:52.840 [info] > git for-each-ref --sort -committerdate --format %(refname) %(objectname) %(*objectname) [12ms]
2025-05-29 01:50:52.841 [info] > git for-each-ref --format=%(refname)%00%(upstream:short)%00%(objectname)%00%(upstream:track)%00%(upstream:remotename)%00%(upstream:remoteref) refs/heads/main refs/remotes/main [23ms]
2025-05-29 01:50:52.843 [warning] [Git][revParse] Unable to read file: ENOENT: no such file or directory, open '/home/hwlee4/ICS45C/HW8/.git/refs/remotes/origin/main'
2025-05-29 01:50:52.845 [info] > git rev-parse --git-dir --git-common-dir [6ms]
2025-05-29 01:50:52.849 [info] [Model][openRepository] Opened repository: /home/hwlee4/ICS45C/HW2
2025-05-29 01:50:52.850 [info] > git merge-base refs/heads/main refs/remotes/origin/main [15ms]
2025-05-29 01:50:52.908 [info] > git for-each-ref --format=%(refname)%00%(upstream:short)%00%(objectname)%00%(upstream:track)%00%(upstream:remotename)%00%(upstream:remoteref) refs/heads/main refs/remotes/main [78ms]
2025-05-29 01:50:52.916 [info] > git diff --name-status -z --diff-filter=ADMR 4fe5472826c1d8edf7ec4b40930ebba659ee4b50...refs/remotes/origin/main [63ms]
2025-05-29 01:50:52.917 [info] > git rev-parse refs/remotes/origin/main [74ms]
2025-05-29 01:50:52.924 [info] > git config --get commit.template [9ms]
2025-05-29 01:50:52.924 [info] > git rev-parse --show-toplevel [11ms]
2025-05-29 01:50:52.926 [info] > git config --get commit.template [15ms]
2025-05-29 01:50:52.927 [info] > git for-each-ref --format=%(refname)%00%(upstream:short)%00%(objectname)%00%(upstream:track)%00%(upstream:remotename)%00%(upstream:remoteref) refs/heads/main refs/remotes/main [19ms]
2025-05-29 01:50:52.930 [info] > git status -z -uall [11ms]
2025-05-29 01:50:52.931 [info] > git rev-parse --path-format=relative --show-toplevel [4ms]
2025-05-29 01:50:52.931 [info] > git for-each-ref --sort -committerdate --format %(refname) %(objectname) %(*objectname) [9ms]
2025-05-29 01:50:52.948 [info] > git config --local branch.main.vscode-merge-base [19ms]
2025-05-29 01:50:52.953 [info] > git rev-parse --git-dir --git-common-dir [6ms]
2025-05-29 01:50:52.958 [info] [Model][openRepository] Opened repository: /home/hwlee4/ICS45C/HW3
2025-05-29 01:50:52.958 [info] > git for-each-ref --format=%(refname)%00%(upstream:short)%00%(objectname)%00%(upstream:track)%00%(upstream:remotename)%00%(upstream:remoteref) refs/heads/main refs/remotes/main [18ms]
2025-05-29 01:50:52.959 [info] > git for-each-ref --format=%(refname)%00%(upstream:short)%00%(objectname)%00%(upstream:track)%00%(upstream:remotename)%00%(upstream:remoteref) refs/heads/main refs/remotes/main [22ms]
2025-05-29 01:50:52.965 [info] > git status -z -uall [23ms]
2025-05-29 01:50:52.966 [info] > git for-each-ref --format=%(refname)%00%(upstream:short)%00%(objectname)%00%(upstream:track)%00%(upstream:remotename)%00%(upstream:remoteref) refs/heads/origin/main refs/remotes/origin/main [15ms]
2025-05-29 01:50:52.969 [info] > git for-each-ref --sort -committerdate --format %(refname) %(objectname) %(*objectname) [24ms]
2025-05-29 01:50:52.971 [info] > git rev-parse --show-toplevel [5ms]
2025-05-29 01:50:52.974 [info] > git config --get commit.template [11ms]
2025-05-29 01:50:52.985 [info] > git rev-parse --path-format=relative --show-toplevel [12ms]
2025-05-29 01:50:52.986 [info] > git merge-base refs/heads/main refs/remotes/origin/main [17ms]
2025-05-29 01:50:53.022 [info] > git status -z -uall [12ms]
2025-05-29 01:50:53.022 [info] > git for-each-ref --sort -committerdate --format %(refname) %(objectname) %(*objectname) [11ms]
2025-05-29 01:50:53.027 [info] > git for-each-ref --format=%(refname)%00%(upstream:short)%00%(objectname)%00%(upstream:track)%00%(upstream:remotename)%00%(upstream:remoteref) refs/heads/main refs/remotes/main [21ms]
2025-05-29 01:50:53.027 [info] > git diff --name-status -z --diff-filter=ADMR 2de1186af8d356e9b3e6443d56764a6c359645dc...refs/remotes/origin/main [23ms]
2025-05-29 01:50:53.028 [info] > git config --get commit.template [44ms]
2025-05-29 01:50:53.028 [info] > git for-each-ref --format=%(refname)%00%(upstream:short)%00%(objectname)%00%(upstream:track)%00%(upstream:remotename)%00%(upstream:remoteref) refs/heads/main refs/remotes/main [48ms]
2025-05-29 01:50:53.034 [info] > git status -z -uall [20ms]
2025-05-29 01:50:53.034 [info] > git for-each-ref --sort -committerdate --format %(refname) %(objectname) %(*objectname) [17ms]
2025-05-29 01:50:53.035 [info] > git rev-parse --git-dir --git-common-dir [16ms]
2025-05-29 01:50:53.039 [info] [Model][openRepository] Opened repository: /home/hwlee4/ICS45C/HW4
2025-05-29 01:50:53.097 [info] > git for-each-ref --format=%(refname)%00%(upstream:short)%00%(objectname)%00%(upstream:track)%00%(upstream:remotename)%00%(upstream:remoteref) refs/heads/main refs/remotes/main [64ms]
2025-05-29 01:50:53.098 [info] > git config --local branch.main.vscode-merge-base [68ms]
2025-05-29 01:50:53.110 [info] > git merge-base refs/heads/main refs/remotes/origin/main [84ms]
2025-05-29 01:50:53.118 [info] > git for-each-ref --format=%(refname)%00%(upstream:short)%00%(objectname)%00%(upstream:track)%00%(upstream:remotename)%00%(upstream:remoteref) refs/heads/origin/main refs/remotes/origin/main [17ms]
2025-05-29 01:50:53.122 [info] > git rev-parse --show-toplevel [27ms]
2025-05-29 01:50:53.124 [info] > git config --get commit.template [32ms]
2025-05-29 01:50:53.131 [info] > git config --get commit.template [14ms]
2025-05-29 01:50:53.131 [info] > git diff --name-status -z --diff-filter=ADMR 2de1186af8d356e9b3e6443d56764a6c359645dc...refs/remotes/origin/main [18ms]
2025-05-29 01:50:53.132 [info] > git for-each-ref --format=%(refname)%00%(upstream:short)%00%(objectname)%00%(upstream:track)%00%(upstream:remotename)%00%(upstream:remoteref) refs/heads/main refs/remotes/main [24ms]
2025-05-29 01:50:53.142 [info] > git rev-parse --path-format=relative --show-toplevel [17ms]
2025-05-29 01:50:53.142 [info] > git merge-base refs/heads/main refs/remotes/origin/main [21ms]
2025-05-29 01:50:53.155 [info] > git status -z -uall [28ms]
2025-05-29 01:50:53.156 [info] > git for-each-ref --sort -committerdate --format %(refname) %(objectname) %(*objectname) [26ms]
2025-05-29 01:50:53.163 [info] > git config --local branch.main.vscode-merge-base [28ms]
2025-05-29 01:50:53.170 [info] > git status -z -uall [23ms]
2025-05-29 01:50:53.170 [info] > git rev-parse --git-dir --git-common-dir [16ms]
2025-05-29 01:50:53.174 [info] [Model][openRepository] Opened repository: /home/hwlee4/ICS45C/HW5
2025-05-29 01:50:53.175 [info] > git for-each-ref --format=%(refname)%00%(upstream:short)%00%(objectname)%00%(upstream:track)%00%(upstream:remotename)%00%(upstream:remoteref) refs/heads/main refs/remotes/main [23ms]
2025-05-29 01:50:53.175 [info] > git for-each-ref --sort -committerdate --format %(refname) %(objectname) %(*objectname) [25ms]
2025-05-29 01:50:53.180 [info] > git diff --name-status -z --diff-filter=ADMR 1d941fbc59bc10f4d013441e18a8b73cc72449ad...refs/remotes/origin/main [36ms]
2025-05-29 01:50:53.181 [info] > git for-each-ref --format=%(refname)%00%(upstream:short)%00%(objectname)%00%(upstream:track)%00%(upstream:remotename)%00%(upstream:remoteref) refs/heads/main refs/remotes/main [44ms]
2025-05-29 01:50:53.187 [info] > git config --get commit.template [19ms]
2025-05-29 01:50:53.187 [info] > git for-each-ref --format=%(refname)%00%(upstream:short)%00%(objectname)%00%(upstream:track)%00%(upstream:remotename)%00%(upstream:remoteref) refs/heads/origin/main refs/remotes/origin/main [21ms]
2025-05-29 01:50:53.190 [info] > git for-each-ref --format=%(refname)%00%(upstream:short)%00%(objectname)%00%(upstream:track)%00%(upstream:remotename)%00%(upstream:remoteref) refs/heads/main refs/remotes/main [28ms]
2025-05-29 01:50:53.203 [info] > git rev-parse --show-toplevel [16ms]
2025-05-29 01:50:53.205 [info] > git config --get commit.template [21ms]
2025-05-29 01:50:53.205 [info] > git merge-base refs/heads/main refs/remotes/origin/main [25ms]
2025-05-29 01:50:53.211 [info] > git merge-base refs/heads/main refs/remotes/origin/main [21ms]
2025-05-29 01:50:53.214 [info] > git config --local branch.main.vscode-merge-base [21ms]
2025-05-29 01:50:53.225 [info] > git diff --name-status -z --diff-filter=ADMR 1d941fbc59bc10f4d013441e18a8b73cc72449ad...refs/remotes/origin/main [17ms]
2025-05-29 01:50:53.226 [info] > git rev-parse --path-format=relative --show-toplevel [21ms]
2025-05-29 01:50:53.238 [info] > git status -z -uall [16ms]
2025-05-29 01:50:53.238 [info] > git for-each-ref --format=%(refname)%00%(upstream:short)%00%(objectname)%00%(upstream:track)%00%(upstream:remotename)%00%(upstream:remoteref) refs/heads/main refs/remotes/main [20ms]
2025-05-29 01:50:53.238 [info] > git for-each-ref --format=%(refname)%00%(upstream:short)%00%(objectname)%00%(upstream:track)%00%(upstream:remotename)%00%(upstream:remoteref) refs/heads/origin/main refs/remotes/origin/main [22ms]
2025-05-29 01:50:53.242 [info] > git diff --name-status -z --diff-filter=ADMR 6e366bc68f599c93d5b2306a1622b19a83ab6690...refs/remotes/origin/main [28ms]
2025-05-29 01:50:53.242 [info] > git for-each-ref --format=%(refname)%00%(upstream:short)%00%(objectname)%00%(upstream:track)%00%(upstream:remotename)%00%(upstream:remoteref) refs/heads/main refs/remotes/main [32ms]
2025-05-29 01:50:53.245 [info] > git status -z -uall [16ms]
2025-05-29 01:50:53.245 [info] > git rev-parse --git-dir --git-common-dir [9ms]
2025-05-29 01:50:53.253 [info] [Model][openRepository] Opened repository: /home/hwlee4/ICS45C/HW6
2025-05-29 01:50:53.254 [info] > git for-each-ref --sort -committerdate --format %(refname) %(objectname) %(*objectname) [21ms]
2025-05-29 01:50:53.263 [info] > git for-each-ref --sort -committerdate --format %(refname) %(objectname) %(*objectname) [39ms]
2025-05-29 01:50:53.275 [info] > git merge-base refs/heads/main refs/remotes/origin/main [34ms]
2025-05-29 01:50:53.280 [info] > git config --get commit.template [4ms]
2025-05-29 01:50:53.280 [info] > git rev-parse --show-toplevel [8ms]
2025-05-29 01:50:53.282 [info] > git config --get commit.template [13ms]
2025-05-29 01:50:53.282 [info] > git for-each-ref --format=%(refname)%00%(upstream:short)%00%(objectname)%00%(upstream:track)%00%(upstream:remotename)%00%(upstream:remoteref) refs/heads/main refs/remotes/main [21ms]
2025-05-29 01:50:53.297 [info] > git rev-parse --path-format=relative --show-toplevel [15ms]
2025-05-29 01:50:53.298 [info] > git diff --name-status -z --diff-filter=ADMR b82b13244c860b4b7663b453b8013197209cca25...refs/remotes/origin/main [20ms]
2025-05-29 01:50:53.312 [info] > git status -z -uall [24ms]
2025-05-29 01:50:53.312 [info] > git status -z -uall [19ms]
2025-05-29 01:50:53.313 [info] > git for-each-ref --sort -committerdate --format %(refname) %(objectname) %(*objectname) [22ms]
2025-05-29 01:50:53.322 [info] > git config --local branch.main.vscode-merge-base [37ms]
2025-05-29 01:50:53.329 [info] > git rev-parse --git-dir --git-common-dir [17ms]
2025-05-29 01:50:53.334 [info] [Model][openRepository] Opened repository: /home/hwlee4/ICS45C/HW7
2025-05-29 01:50:53.340 [info] [Model][doInitialScan] Initial repository scan completed - repositories (9), closed repositories (0), parent repositories (1), unsafe repositories (0)
2025-05-29 01:50:53.340 [info] > git for-each-ref --format=%(refname)%00%(upstream:short)%00%(objectname)%00%(upstream:track)%00%(upstream:remotename)%00%(upstream:remoteref) refs/heads/main refs/remotes/main [31ms]
2025-05-29 01:50:53.340 [info] > git for-each-ref --format=%(refname)%00%(upstream:short)%00%(objectname)%00%(upstream:track)%00%(upstream:remotename)%00%(upstream:remoteref) refs/heads/main refs/remotes/main [33ms]
2025-05-29 01:50:53.341 [info] > git for-each-ref --sort -committerdate --format %(refname) %(objectname) %(*objectname) [44ms]
2025-05-29 01:50:53.347 [info] > git config --get commit.template [19ms]
2025-05-29 01:50:53.347 [info] > git for-each-ref --format=%(refname)%00%(upstream:short)%00%(objectname)%00%(upstream:track)%00%(upstream:remotename)%00%(upstream:remoteref) refs/heads/origin/main refs/remotes/origin/main [22ms]
2025-05-29 01:50:53.350 [info] > git for-each-ref --format=%(refname)%00%(upstream:short)%00%(objectname)%00%(upstream:track)%00%(upstream:remotename)%00%(upstream:remoteref) refs/heads/main refs/remotes/main [29ms]
2025-05-29 01:50:53.354 [info] > git config --get commit.template [8ms]
2025-05-29 01:50:53.371 [info] > git status -z -uall [10ms]
2025-05-29 01:50:53.371 [info] > git merge-base refs/heads/main refs/remotes/origin/main [21ms]
2025-05-29 01:50:53.374 [info] > git config --local branch.main.vscode-merge-base [21ms]
2025-05-29 01:50:53.378 [info] > git status -z -uall [11ms]
2025-05-29 01:50:53.379 [info] > git for-each-ref --sort -committerdate --format %(refname) %(objectname) %(*objectname) [15ms]
2025-05-29 01:50:53.385 [info] > git for-each-ref --format=%(refname)%00%(upstream:short)%00%(objectname)%00%(upstream:track)%00%(upstream:remotename)%00%(upstream:remoteref) refs/heads/main refs/remotes/main [27ms]
2025-05-29 01:50:53.385 [info] > git for-each-ref --format=%(refname)%00%(upstream:short)%00%(objectname)%00%(upstream:track)%00%(upstream:remotename)%00%(upstream:remoteref) refs/heads/main refs/remotes/main [29ms]
2025-05-29 01:50:53.386 [info] > git for-each-ref --format=%(refname)%00%(upstream:short)%00%(objectname)%00%(upstream:track)%00%(upstream:remotename)%00%(upstream:remoteref) refs/heads/origin/main refs/remotes/origin/main [9ms]
2025-05-29 01:50:53.390 [info] > git diff --name-status -z --diff-filter=ADMR 941598b477db37f454b7d999bb01a8a980ee618a...refs/remotes/origin/main [16ms]
2025-05-29 01:50:53.390 [info] > git for-each-ref --sort -committerdate --format %(refname) %(objectname) %(*objectname) [19ms]
2025-05-29 01:50:53.400 [info] > git merge-base refs/heads/main refs/remotes/origin/main [11ms]
2025-05-29 01:50:53.403 [info] > git merge-base refs/heads/main refs/remotes/origin/main [19ms]
2025-05-29 01:50:53.406 [info] > git config --get commit.template [7ms]
2025-05-29 01:50:53.406 [info] > git for-each-ref --format=%(refname)%00%(upstream:short)%00%(objectname)%00%(upstream:track)%00%(upstream:remotename)%00%(upstream:remoteref) refs/heads/main refs/remotes/main [10ms]
2025-05-29 01:50:53.416 [info] > git diff --name-status -z --diff-filter=ADMR b451104ec2b07b39c17cd9240a01c9e94c0a7f69...refs/remotes/origin/main [13ms]
2025-05-29 01:50:53.446 [info] > git config --local branch.main.vscode-merge-base [37ms]
2025-05-29 01:50:53.448 [info] > git diff --name-status -z --diff-filter=ADMR 941598b477db37f454b7d999bb01a8a980ee618a...refs/remotes/origin/main [43ms]
2025-05-29 01:50:53.453 [info] > git status -z -uall [41ms]
2025-05-29 01:50:53.453 [info] > git status -z -uall [17ms]
2025-05-29 01:50:53.453 [info] > git for-each-ref --format=%(refname)%00%(upstream:short)%00%(objectname)%00%(upstream:track)%00%(upstream:remotename)%00%(upstream:remoteref) refs/heads/main refs/remotes/main [12ms]
2025-05-29 01:50:53.453 [info] > git for-each-ref --sort -committerdate --format %(refname) %(objectname) %(*objectname) [14ms]
2025-05-29 01:50:53.455 [info] > git for-each-ref --sort -committerdate --format %(refname) %(objectname) %(*objectname) [40ms]
2025-05-29 01:50:53.465 [info] > git rev-parse --show-toplevel [13ms]
2025-05-29 01:50:53.468 [info] > git for-each-ref --format=%(refname)%00%(upstream:short)%00%(objectname)%00%(upstream:track)%00%(upstream:remotename)%00%(upstream:remoteref) refs/heads/origin/main refs/remotes/origin/main [20ms]
2025-05-29 01:50:53.473 [info] > git rev-parse --path-format=relative --show-toplevel [5ms]
2025-05-29 01:50:53.473 [info] > git config --get commit.template [8ms]
2025-05-29 01:50:53.473 [info] > git for-each-ref --format=%(refname)%00%(upstream:short)%00%(objectname)%00%(upstream:track)%00%(upstream:remotename)%00%(upstream:remoteref) refs/heads/main refs/remotes/main [13ms]
2025-05-29 01:50:53.486 [info] > git merge-base refs/heads/main refs/remotes/origin/main [15ms]
2025-05-29 01:50:53.490 [info] > git status -z -uall [11ms]
2025-05-29 01:50:53.490 [info] > git config --local branch.main.vscode-merge-base [14ms]
2025-05-29 01:50:53.493 [info] > git for-each-ref --format=%(refname)%00%(upstream:short)%00%(objectname)%00%(upstream:track)%00%(upstream:remotename)%00%(upstream:remoteref) refs/heads/main refs/remotes/main [8ms]
2025-05-29 01:50:53.494 [info] > git for-each-ref --sort -committerdate --format %(refname) %(objectname) %(*objectname) [12ms]
2025-05-29 01:50:53.499 [info] > git for-each-ref --format=%(refname)%00%(upstream:short)%00%(objectname)%00%(upstream:track)%00%(upstream:remotename)%00%(upstream:remoteref) refs/heads/origin/main refs/remotes/origin/main [7ms]
2025-05-29 01:50:53.502 [info] > git diff --name-status -z --diff-filter=ADMR 4bb5dac197cf12068309673dd415638cca322aab...refs/remotes/origin/main [13ms]
2025-05-29 01:50:53.508 [info] > git merge-base refs/heads/main refs/remotes/origin/main [6ms]
2025-05-29 01:50:53.511 [info] > git merge-base refs/heads/main refs/remotes/origin/main [13ms]
2025-05-29 01:50:53.515 [info] > git status -z -uall [10ms]
2025-05-29 01:50:53.515 [info] > git for-each-ref --sort -committerdate --format %(refname) %(objectname) %(*objectname) [8ms]
2025-05-29 01:50:53.520 [info] > git diff --name-status -z --diff-filter=ADMR 4bb5dac197cf12068309673dd415638cca322aab...refs/remotes/origin/main [7ms]
2025-05-29 01:50:53.520 [info] > git diff --name-status -z --diff-filter=ADMR c515706c8a7b55a1a3b458f4533d90f48011da0f...refs/remotes/origin/main [9ms]
2025-05-29 01:50:53.525 [info] > git merge-base refs/heads/main refs/remotes/origin/main [6ms]
2025-05-29 01:50:53.534 [info] > git diff --name-status -z --diff-filter=ADMR c515706c8a7b55a1a3b458f4533d90f48011da0f...refs/remotes/origin/main [7ms]
2025-05-29 01:50:53.647 [info] > git check-ignore -v -z --stdin [5ms]
2025-05-29 01:50:53.680 [info] > git rev-parse --show-toplevel [4ms]
2025-05-29 01:50:53.686 [info] > git rev-parse --path-format=relative --show-toplevel [4ms]
2025-05-29 01:50:54.173 [info] > git check-ignore -v -z --stdin [5ms]
2025-05-29 01:50:54.222 [info] > git rev-parse --show-toplevel [3ms]
2025-05-29 01:50:54.228 [info] > git rev-parse --path-format=relative --show-toplevel [3ms]
2025-05-29 01:50:54.465 [info] > git log --format=%H%n%aN%n%aE%n%at%n%ct%n%P%n%D%n%B -z --shortstat --diff-merges=first-parent -n50 --skip=0 --topo-order --decorate=full --stdin [19ms]
2025-05-29 01:50:54.717 [info] > git check-ignore -v -z --stdin [6ms]
2025-05-29 01:50:55.493 [info] > git check-ignore -v -z --stdin [5ms]
2025-05-29 01:50:56.015 [info] > git check-ignore -v -z --stdin [5ms]
2025-05-29 01:50:56.406 [info] > git show --textconv :src/mapset.cpp [6ms]
2025-05-29 01:50:56.408 [info] > git ls-files --stage -- /home/hwlee4/ICS45C/HW8/src/mapset.cpp [4ms]
2025-05-29 01:50:56.416 [info] > git cat-file -s e69de29bb2d1d6434b8b29ae775ad8c2e48c5391 [5ms]
2025-05-29 01:50:56.558 [info] > git check-ignore -v -z --stdin [5ms]
2025-05-29 01:50:57.267 [info] > git rev-parse --show-toplevel [3ms]
2025-05-29 01:50:57.273 [info] > git rev-parse --path-format=relative --show-toplevel [4ms]
2025-05-29 01:50:57.518 [info] > git rev-parse --show-toplevel [4ms]
2025-05-29 01:50:57.524 [info] > git rev-parse --path-format=relative --show-toplevel [4ms]
2025-05-29 01:50:58.362 [info] > git rev-parse --show-toplevel [4ms]
2025-05-29 01:50:58.368 [info] > git rev-parse --path-format=relative --show-toplevel [3ms]
2025-05-29 01:51:09.631 [info] > git add -A -- . [29ms]
2025-05-29 01:51:09.688 [info] > git -c user.useConfigOnly=true commit --quiet --allow-empty-message --file - [53ms]
2025-05-29 01:51:09.695 [info] > git config --get commit.template [3ms]
2025-05-29 01:51:09.705 [info] > git config --get commit.template [3ms]
2025-05-29 01:51:09.715 [info] > git for-each-ref --format=%(refname)%00%(upstream:short)%00%(objectname)%00%(upstream:track)%00%(upstream:remotename)%00%(upstream:remoteref) refs/heads/main refs/remotes/main [11ms]
2025-05-29 01:51:09.718 [warning] [Git][revParse] Unable to read file: ENOENT: no such file or directory, open '/home/hwlee4/ICS45C/HW8/.git/refs/remotes/origin/main'
2025-05-29 01:51:09.722 [info] > git rev-parse refs/remotes/origin/main [4ms]
2025-05-29 01:51:09.736 [info] > git status -z -uall [10ms]
2025-05-29 01:51:09.736 [info] > git for-each-ref --sort -committerdate --format %(refname) %(objectname) %(*objectname) [8ms]
2025-05-29 01:51:09.749 [info] > git merge-base refs/heads/main refs/remotes/origin/main [6ms]
2025-05-29 01:51:09.758 [info] > git diff --name-status -z --diff-filter=ADMR 4fe5472826c1d8edf7ec4b40930ebba659ee4b50...refs/remotes/origin/main [6ms]
2025-05-29 01:51:10.380 [info] > git log --format=%H%n%aN%n%aE%n%at%n%ct%n%P%n%D%n%B -z --shortstat --diff-merges=first-parent -n50 --skip=0 --topo-order --decorate=full --stdin [27ms]
2025-05-29 01:51:10.402 [info] > git config --get commit.template [3ms]
2025-05-29 01:51:10.409 [info] > git for-each-ref --format=%(refname)%00%(upstream:short)%00%(objectname)%00%(upstream:track)%00%(upstream:remotename)%00%(upstream:remoteref) refs/heads/main refs/remotes/main [8ms]
2025-05-29 01:51:10.412 [warning] [Git][revParse] Unable to read file: ENOENT: no such file or directory, open '/home/hwlee4/ICS45C/HW8/.git/refs/remotes/origin/main'
2025-05-29 01:51:10.416 [info] > git rev-parse refs/remotes/origin/main [4ms]
2025-05-29 01:51:10.429 [info] > git status -z -uall [10ms]
2025-05-29 01:51:10.429 [info] > git for-each-ref --sort -committerdate --format %(refname) %(objectname) %(*objectname) [7ms]
2025-05-29 01:51:11.006 [info] > git ls-files --stage -- /home/hwlee4/ICS45C/HW8/src/mapset.cpp [5ms]
2025-05-29 01:51:11.015 [info] > git cat-file -s 2955d2367ba32550711338b2a9fe8f38fce9d1e3 [7ms]
2025-05-29 01:51:11.057 [info] > git show --textconv :src/mapset.cpp [6ms]
2025-05-29 01:51:12.922 [info] > git log --oneline --cherry main...main@{upstream} -- [7ms]
2025-05-29 01:51:14.200 [info] > git pull --tags origin main [1274ms]
2025-05-29 01:51:14.200 [info] From github.com:klefstad-teaching/ics-45c-hw8-hwlee4
 * branch            main       -> FETCH_HEAD
2025-05-29 01:51:14.256 [info] > git ls-files --stage -- /home/hwlee4/ICS45C/HW8/src/mapset.cpp [4ms]
2025-05-29 01:51:14.264 [info] > git cat-file -s 2955d2367ba32550711338b2a9fe8f38fce9d1e3 [5ms]
2025-05-29 01:51:14.304 [info] > git show --textconv :src/mapset.cpp [7ms]
2025-05-29 01:51:15.538 [info] > git push origin main:main [1335ms]
2025-05-29 01:51:15.538 [info] To github.com:klefstad-teaching/ics-45c-hw8-hwlee4.git
   4fe5472..090dd28  main -> main
2025-05-29 01:51:15.545 [info] > git config --get commit.template [3ms]
2025-05-29 01:51:15.552 [info] > git for-each-ref --format=%(refname)%00%(upstream:short)%00%(objectname)%00%(upstream:track)%00%(upstream:remotename)%00%(upstream:remoteref) refs/heads/main refs/remotes/main [8ms]
2025-05-29 01:51:15.566 [info] > git status -z -uall [10ms]
2025-05-29 01:51:15.568 [info] > git for-each-ref --sort -committerdate --format %(refname) %(objectname) %(*objectname) [9ms]
2025-05-29 01:51:15.577 [info] > git ls-files --stage -- /home/hwlee4/ICS45C/HW8/src/mapset.cpp [11ms]
2025-05-29 01:51:15.582 [info] > git merge-base refs/heads/main refs/remotes/origin/main [6ms]
2025-05-29 01:51:15.586 [info] > git cat-file -s 2955d2367ba32550711338b2a9fe8f38fce9d1e3 [6ms]
2025-05-29 01:51:15.592 [info] > git diff --name-status -z --diff-filter=ADMR 090dd28f861efc017faa88459797273c6d8c751e...refs/remotes/origin/main [6ms]
2025-05-29 01:51:15.723 [info] > git log --format=%H%n%aN%n%aE%n%at%n%ct%n%P%n%D%n%B -z --shortstat --diff-merges=first-parent -n50 --skip=0 --topo-order --decorate=full --stdin [27ms]
2025-05-29 01:51:15.747 [info] > git show --textconv :src/mapset.cpp [8ms]
2025-05-29 01:51:16.744 [info] > git config --get commit.template [4ms]
2025-05-29 01:51:16.751 [info] > git for-each-ref --format=%(refname)%00%(upstream:short)%00%(objectname)%00%(upstream:track)%00%(upstream:remotename)%00%(upstream:remoteref) refs/heads/main refs/remotes/main [7ms]
2025-05-29 01:51:16.764 [info] > git status -z -uall [10ms]
2025-05-29 01:51:16.765 [info] > git for-each-ref --sort -committerdate --format %(refname) %(objectname) %(*objectname) [8ms]
2025-05-29 01:51:16.860 [info] > git ls-files --stage -- /home/hwlee4/ICS45C/HW8/src/mapset.cpp [5ms]
2025-05-29 01:51:16.868 [info] > git cat-file -s 2955d2367ba32550711338b2a9fe8f38fce9d1e3 [5ms]
2025-05-29 01:51:16.934 [info] > git show --textconv :src/mapset.cpp [7ms]
2025-05-29 01:51:18.268 [info] > git ls-files --stage -- /home/hwlee4/ICS45C/HW8/src/mapset.cpp [4ms]
2025-05-29 01:51:18.276 [info] > git cat-file -s 2955d2367ba32550711338b2a9fe8f38fce9d1e3 [6ms]
2025-05-29 01:51:18.333 [info] > git show --textconv :src/mapset.cpp [6ms]
2025-05-29 01:51:18.734 [info] > git check-ignore -v -z --stdin [29ms]
2025-05-29 01:51:18.735 [info] > git check-ignore -v -z --stdin [28ms]
2025-05-29 01:51:18.735 [info] > git check-ignore -v -z --stdin [25ms]
2025-05-29 01:51:18.736 [info] > git check-ignore -v -z --stdin [23ms]
2025-05-29 01:51:18.736 [info] > git check-ignore -v -z --stdin [19ms]
2025-05-29 01:51:18.736 [info] > git check-ignore -v -z --stdin [15ms]
2025-05-29 01:51:18.736 [info] > git check-ignore -v -z --stdin [12ms]
2025-05-29 01:51:18.737 [info] > git check-ignore -v -z --stdin [9ms]
2025-05-29 01:51:18.737 [info] > git check-ignore -v -z --stdin [6ms]
2025-05-29 01:51:36.907 [info] > git config --get commit.template [4ms]
2025-05-29 01:51:36.916 [info] > git for-each-ref --format=%(refname)%00%(upstream:short)%00%(objectname)%00%(upstream:track)%00%(upstream:remotename)%00%(upstream:remoteref) refs/heads/main refs/remotes/main [10ms]
2025-05-29 01:51:36.932 [info] > git status -z -uall [12ms]
2025-05-29 01:51:36.934 [info] > git for-each-ref --sort -committerdate --format %(refname) %(objectname) %(*objectname) [11ms]
2025-05-29 01:51:39.805 [info] > git show --textconv :src/compute_grades_main.cpp [6ms]
2025-05-29 01:51:39.807 [info] > git ls-files --stage -- /home/hwlee4/ICS45C/HW8/src/compute_grades_main.cpp [5ms]
2025-05-29 01:51:39.816 [info] > git cat-file -s e69de29bb2d1d6434b8b29ae775ad8c2e48c5391 [6ms]
2025-05-29 01:51:43.409 [info] > git config --get commit.template [5ms]
2025-05-29 01:51:43.417 [info] > git for-each-ref --format=%(refname)%00%(upstream:short)%00%(objectname)%00%(upstream:track)%00%(upstream:remotename)%00%(upstream:remoteref) refs/heads/main refs/remotes/main [8ms]
2025-05-29 01:51:43.432 [info] > git status -z -uall [11ms]
2025-05-29 01:51:43.432 [info] > git for-each-ref --sort -committerdate --format %(refname) %(objectname) %(*objectname) [8ms]
2025-05-29 01:51:47.050 [info] > git show --textconv :src/compute_grades.cpp [5ms]
2025-05-29 01:51:47.052 [info] > git ls-files --stage -- /home/hwlee4/ICS45C/HW8/src/compute_grades.cpp [4ms]
2025-05-29 01:51:47.061 [info] > git cat-file -s e69de29bb2d1d6434b8b29ae775ad8c2e48c5391 [6ms]
2025-05-29 01:51:48.255 [info] > git show --textconv :src/compute_grades.hpp [5ms]
2025-05-29 01:51:48.255 [info] > git ls-files --stage -- /home/hwlee4/ICS45C/HW8/src/compute_grades.hpp [4ms]
2025-05-29 01:51:48.262 [info] > git cat-file -s e69de29bb2d1d6434b8b29ae775ad8c2e48c5391 [5ms]
2025-05-29 01:51:48.446 [info] > git config --get commit.template [5ms]
2025-05-29 01:51:48.453 [info] > git for-each-ref --format=%(refname)%00%(upstream:short)%00%(objectname)%00%(upstream:track)%00%(upstream:remotename)%00%(upstream:remoteref) refs/heads/main refs/remotes/main [8ms]
2025-05-29 01:51:48.467 [info] > git status -z -uall [11ms]
2025-05-29 01:51:48.468 [info] > git for-each-ref --sort -committerdate --format %(refname) %(objectname) %(*objectname) [9ms]
2025-05-29 01:51:59.751 [info] > git config --get commit.template [3ms]
2025-05-29 01:51:59.759 [info] > git for-each-ref --format=%(refname)%00%(upstream:short)%00%(objectname)%00%(upstream:track)%00%(upstream:remotename)%00%(upstream:remoteref) refs/heads/main refs/remotes/main [8ms]
2025-05-29 01:51:59.772 [info] > git for-each-ref --sort -committerdate --format %(refname) %(objectname) %(*objectname) [8ms]
2025-05-29 01:51:59.777 [info] > git status -z -uall [15ms]
2025-05-29 01:52:02.617 [info] > git show --textconv :src/compute_grades.cpp [6ms]
2025-05-29 01:52:02.618 [info] > git ls-files --stage -- /home/hwlee4/ICS45C/HW8/src/compute_grades.cpp [4ms]
2025-05-29 01:52:02.626 [info] > git cat-file -s e69de29bb2d1d6434b8b29ae775ad8c2e48c5391 [5ms]
2025-05-29 01:52:07.613 [info] > git config --get commit.template [3ms]
2025-05-29 01:52:07.620 [info] > git for-each-ref --format=%(refname)%00%(upstream:short)%00%(objectname)%00%(upstream:track)%00%(upstream:remotename)%00%(upstream:remoteref) refs/heads/main refs/remotes/main [8ms]
2025-05-29 01:52:07.633 [info] > git status -z -uall [10ms]
2025-05-29 01:52:07.633 [info] > git for-each-ref --sort -committerdate --format %(refname) %(objectname) %(*objectname) [8ms]
2025-05-29 01:52:12.643 [info] > git config --get commit.template [4ms]
2025-05-29 01:52:12.651 [info] > git for-each-ref --format=%(refname)%00%(upstream:short)%00%(objectname)%00%(upstream:track)%00%(upstream:remotename)%00%(upstream:remoteref) refs/heads/main refs/remotes/main [8ms]
2025-05-29 01:52:12.664 [info] > git status -z -uall [10ms]
2025-05-29 01:52:12.665 [info] > git for-each-ref --sort -committerdate --format %(refname) %(objectname) %(*objectname) [8ms]
2025-05-29 01:52:18.803 [info] > git config --get commit.template [3ms]
2025-05-29 01:52:18.810 [info] > git for-each-ref --format=%(refname)%00%(upstream:short)%00%(objectname)%00%(upstream:track)%00%(upstream:remotename)%00%(upstream:remoteref) refs/heads/main refs/remotes/main [7ms]
2025-05-29 01:52:18.823 [info] > git status -z -uall [10ms]
2025-05-29 01:52:18.823 [info] > git for-each-ref --sort -committerdate --format %(refname) %(objectname) %(*objectname) [8ms]
2025-05-29 01:52:23.835 [info] > git config --get commit.template [6ms]
2025-05-29 01:52:23.840 [info] > git for-each-ref --format=%(refname)%00%(upstream:short)%00%(objectname)%00%(upstream:track)%00%(upstream:remotename)%00%(upstream:remoteref) refs/heads/main refs/remotes/main [9ms]
2025-05-29 01:52:23.853 [info] > git status -z -uall [10ms]
2025-05-29 01:52:23.854 [info] > git for-each-ref --sort -committerdate --format %(refname) %(objectname) %(*objectname) [9ms]
2025-05-29 02:07:22.271 [info] > git rev-parse --show-toplevel [4ms]
2025-05-29 02:07:22.278 [info] > git rev-parse --path-format=relative --show-toplevel [3ms]
2025-05-29 02:07:22.285 [info] > git rev-parse --show-toplevel [4ms]
2025-05-29 02:07:22.289 [info] > git log --format=%H%n%aN%n%aE%n%at%n%ct%n%P%n%D%n%B -z --shortstat --diff-merges=first-parent -n50 --skip=0 --topo-order --decorate=full --stdin [51ms]
2025-05-29 02:07:22.291 [info] > git rev-parse --path-format=relative --show-toplevel [4ms]
2025-05-29 02:07:22.299 [info] > git rev-parse --show-toplevel [4ms]
2025-05-29 02:07:22.306 [info] > git rev-parse --path-format=relative --show-toplevel [4ms]
2025-05-29 02:15:33.728 [info] > git ls-files --stage -- /home/hwlee4/ICS45C/HW8/src/compute_grades_main.cpp [4ms]
2025-05-29 02:15:33.732 [info] > git show --textconv :src/compute_grades_main.cpp [11ms]
2025-05-29 02:15:33.737 [info] > git cat-file -s e69de29bb2d1d6434b8b29ae775ad8c2e48c5391 [6ms]
2025-05-29 02:15:37.641 [info] > git show --textconv :src/compute_grades.hpp [5ms]
2025-05-29 02:15:37.643 [info] > git ls-files --stage -- /home/hwlee4/ICS45C/HW8/src/compute_grades.hpp [5ms]
2025-05-29 02:15:37.651 [info] > git cat-file -s e69de29bb2d1d6434b8b29ae775ad8c2e48c5391 [5ms]
2025-05-29 02:15:41.763 [info] > git show --textconv :src/compute_grades_main.cpp [6ms]
2025-05-29 02:15:41.763 [info] > git ls-files --stage -- /home/hwlee4/ICS45C/HW8/src/compute_grades_main.cpp [4ms]
2025-05-29 02:15:41.771 [info] > git cat-file -s e69de29bb2d1d6434b8b29ae775ad8c2e48c5391 [6ms]
2025-05-29 02:15:43.653 [info] > git show --textconv :src/compute_grades.cpp [5ms]
2025-05-29 02:15:43.655 [info] > git ls-files --stage -- /home/hwlee4/ICS45C/HW8/src/compute_grades.cpp [5ms]
2025-05-29 02:15:43.662 [info] > git cat-file -s e69de29bb2d1d6434b8b29ae775ad8c2e48c5391 [5ms]
2025-05-29 02:17:22.953 [info] > git check-ignore -v -z --stdin [6ms]
2025-05-29 02:17:27.968 [info] > git config --get commit.template [3ms]
2025-05-29 02:17:27.977 [info] > git for-each-ref --format=%(refname)%00%(upstream:short)%00%(objectname)%00%(upstream:track)%00%(upstream:remotename)%00%(upstream:remoteref) refs/heads/main refs/remotes/main [10ms]
2025-05-29 02:17:27.991 [info] > git for-each-ref --sort -committerdate --format %(refname) %(objectname) %(*objectname) [9ms]
2025-05-29 02:17:27.997 [info] > git status -z -uall [17ms]
2025-05-29 02:17:34.475 [info] > git config --get commit.template [4ms]
2025-05-29 02:17:34.482 [info] > git for-each-ref --format=%(refname)%00%(upstream:short)%00%(objectname)%00%(upstream:track)%00%(upstream:remotename)%00%(upstream:remoteref) refs/heads/main refs/remotes/main [7ms]
2025-05-29 02:17:34.496 [info] > git status -z -uall [11ms]
2025-05-29 02:17:34.497 [info] > git for-each-ref --sort -committerdate --format %(refname) %(objectname) %(*objectname) [9ms]
2025-05-29 02:17:41.419 [info] > git rev-parse --show-toplevel [3ms]
2025-05-29 02:17:41.425 [info] > git rev-parse --path-format=relative --show-toplevel [3ms]
2025-05-29 02:17:41.436 [info] > git log --format=%H%n%aN%n%aE%n%at%n%ct%n%P%n%D%n%B -z --shortstat --diff-merges=first-parent -n50 --skip=0 --topo-order --decorate=full --stdin [34ms]
2025-05-29 02:17:48.234 [info] > git add -A -- . [29ms]
2025-05-29 02:17:48.292 [info] > git -c user.useConfigOnly=true commit --quiet --allow-empty-message --file - [55ms]
2025-05-29 02:17:48.299 [info] > git config --get commit.template [5ms]
2025-05-29 02:17:48.306 [info] > git config --get commit.template [4ms]
2025-05-29 02:17:48.318 [info] > git for-each-ref --format=%(refname)%00%(upstream:short)%00%(objectname)%00%(upstream:track)%00%(upstream:remotename)%00%(upstream:remoteref) refs/heads/main refs/remotes/main [13ms]
2025-05-29 02:17:48.331 [info] > git status -z -uall [10ms]
2025-05-29 02:17:48.332 [info] > git for-each-ref --sort -committerdate --format %(refname) %(objectname) %(*objectname) [9ms]
2025-05-29 02:17:48.346 [info] > git merge-base refs/heads/main refs/remotes/origin/main [6ms]
2025-05-29 02:17:48.356 [info] > git diff --name-status -z --diff-filter=ADMR 090dd28f861efc017faa88459797273c6d8c751e...refs/remotes/origin/main [7ms]
2025-05-29 02:17:48.451 [info] > git config --get commit.template [4ms]
2025-05-29 02:17:48.451 [info] > git log --format=%H%n%aN%n%aE%n%at%n%ct%n%P%n%D%n%B -z --shortstat --diff-merges=first-parent -n50 --skip=0 --topo-order --decorate=full --stdin [32ms]
2025-05-29 02:17:48.459 [info] > git for-each-ref --format=%(refname)%00%(upstream:short)%00%(objectname)%00%(upstream:track)%00%(upstream:remotename)%00%(upstream:remoteref) refs/heads/main refs/remotes/main [9ms]
2025-05-29 02:17:48.473 [info] > git status -z -uall [11ms]
2025-05-29 02:17:48.473 [info] > git for-each-ref --sort -committerdate --format %(refname) %(objectname) %(*objectname) [8ms]
2025-05-29 02:17:49.324 [info] > git log --oneline --cherry main...main@{upstream} -- [8ms]
2025-05-29 02:17:50.600 [info] > git pull --tags origin main [1274ms]
2025-05-29 02:17:50.600 [info] From github.com:klefstad-teaching/ics-45c-hw8-hwlee4
 * branch            main       -> FETCH_HEAD
2025-05-29 02:17:50.604 [info] > git ls-files --stage -- /home/hwlee4/ICS45C/HW8/src/compute_grades.cpp [4ms]
2025-05-29 02:17:50.612 [info] > git cat-file -s 6274cf679c1258df080be48753b3412bf71876b3 [6ms]
2025-05-29 02:17:50.713 [info] > git show --textconv :src/compute_grades.cpp [6ms]
2025-05-29 02:17:52.110 [info] > git push origin main:main [1508ms]
2025-05-29 02:17:52.110 [info] To github.com:klefstad-teaching/ics-45c-hw8-hwlee4.git
   090dd28..2f88c62  main -> main
2025-05-29 02:17:52.117 [info] > git config --get commit.template [3ms]
2025-05-29 02:17:52.124 [info] > git for-each-ref --format=%(refname)%00%(upstream:short)%00%(objectname)%00%(upstream:track)%00%(upstream:remotename)%00%(upstream:remoteref) refs/heads/main refs/remotes/main [8ms]
2025-05-29 02:17:52.137 [info] > git status -z -uall [10ms]
2025-05-29 02:17:52.139 [info] > git for-each-ref --sort -committerdate --format %(refname) %(objectname) %(*objectname) [9ms]
2025-05-29 02:17:52.152 [info] > git merge-base refs/heads/main refs/remotes/origin/main [6ms]
2025-05-29 02:17:52.163 [info] > git diff --name-status -z --diff-filter=ADMR 2f88c62dbb8a44e6583772269ad6c2010518ed26...refs/remotes/origin/main [7ms]
2025-05-29 02:17:52.269 [info] > git log --format=%H%n%aN%n%aE%n%at%n%ct%n%P%n%D%n%B -z --shortstat --diff-merges=first-parent -n50 --skip=0 --topo-order --decorate=full --stdin [26ms]
2025-05-29 05:29:24.609 [info] > git config --get commit.template [4ms]
2025-05-29 05:29:24.619 [info] > git for-each-ref --format=%(refname)%00%(upstream:short)%00%(objectname)%00%(upstream:track)%00%(upstream:remotename)%00%(upstream:remoteref) refs/heads/main refs/remotes/main [10ms]
2025-05-29 05:29:24.638 [info] > git for-each-ref --sort -committerdate --format %(refname) %(objectname) %(*objectname) [9ms]
2025-05-29 05:29:24.643 [info] > git status -z -uall [19ms]
2025-05-29 05:29:24.754 [info] > git ls-files --stage -- /home/hwlee4/ICS45C/HW8/src/compute_grades.cpp [4ms]
2025-05-29 05:29:24.763 [info] > git cat-file -s 6274cf679c1258df080be48753b3412bf71876b3 [5ms]
2025-05-29 05:29:24.892 [info] > git show --textconv :src/compute_grades.cpp [8ms]
2025-05-29 05:29:29.655 [info] > git config --get commit.template [4ms]
2025-05-29 05:29:29.662 [info] > git for-each-ref --format=%(refname)%00%(upstream:short)%00%(objectname)%00%(upstream:track)%00%(upstream:remotename)%00%(upstream:remoteref) refs/heads/main refs/remotes/main [7ms]
2025-05-29 05:29:29.677 [info] > git status -z -uall [11ms]
2025-05-29 05:29:29.678 [info] > git for-each-ref --sort -committerdate --format %(refname) %(objectname) %(*objectname) [9ms]
2025-05-29 05:30:23.376 [info] > git show --textconv :src/mapset.cpp [6ms]
2025-05-29 05:30:23.377 [info] > git ls-files --stage -- /home/hwlee4/ICS45C/HW8/src/mapset.cpp [4ms]
2025-05-29 05:30:23.386 [info] > git cat-file -s 2955d2367ba32550711338b2a9fe8f38fce9d1e3 [6ms]
2025-05-29 05:30:32.707 [info] > git config --get commit.template [4ms]
2025-05-29 05:30:32.717 [info] > git for-each-ref --format=%(refname)%00%(upstream:short)%00%(objectname)%00%(upstream:track)%00%(upstream:remotename)%00%(upstream:remoteref) refs/heads/main refs/remotes/main [9ms]
2025-05-29 05:30:32.733 [info] > git for-each-ref --sort -committerdate --format %(refname) %(objectname) %(*objectname) [9ms]
2025-05-29 05:30:32.739 [info] > git status -z -uall [19ms]
2025-05-29 05:30:37.666 [info] > git show --textconv :src/compute_grades_main.cpp [6ms]
2025-05-29 05:30:37.668 [info] > git ls-files --stage -- /home/hwlee4/ICS45C/HW8/src/compute_grades_main.cpp [5ms]
2025-05-29 05:30:37.678 [info] > git cat-file -s ae0512db2b10fd7b4335416b213b4c9861cc2e3b [7ms]
2025-05-29 05:31:00.341 [info] > git show --textconv :src/compute_grades.cpp [6ms]
2025-05-29 05:31:00.343 [info] > git ls-files --stage -- /home/hwlee4/ICS45C/HW8/src/compute_grades.cpp [5ms]
2025-05-29 05:31:00.351 [info] > git cat-file -s 6274cf679c1258df080be48753b3412bf71876b3 [5ms]
2025-05-29 05:31:46.076 [info] > git config --get commit.template [4ms]
2025-05-29 05:31:46.085 [info] > git for-each-ref --format=%(refname)%00%(upstream:short)%00%(objectname)%00%(upstream:track)%00%(upstream:remotename)%00%(upstream:remoteref) refs/heads/main refs/remotes/main [9ms]
2025-05-29 05:31:46.103 [info] > git for-each-ref --sort -committerdate --format %(refname) %(objectname) %(*objectname) [10ms]
2025-05-29 05:31:46.107 [info] > git status -z -uall [18ms]
2025-05-29 05:32:08.995 [info] > git config --get commit.template [3ms]
2025-05-29 05:32:09.002 [info] > git for-each-ref --format=%(refname)%00%(upstream:short)%00%(objectname)%00%(upstream:track)%00%(upstream:remotename)%00%(upstream:remoteref) refs/heads/main refs/remotes/main [8ms]
2025-05-29 05:32:09.019 [info] > git status -z -uall [13ms]
2025-05-29 05:32:09.021 [info] > git for-each-ref --sort -committerdate --format %(refname) %(objectname) %(*objectname) [10ms]
2025-05-29 05:32:32.784 [info] > git config --get commit.template [3ms]
2025-05-29 05:32:32.791 [info] > git for-each-ref --format=%(refname)%00%(upstream:short)%00%(objectname)%00%(upstream:track)%00%(upstream:remotename)%00%(upstream:remoteref) refs/heads/main refs/remotes/main [8ms]
2025-05-29 05:32:32.805 [info] > git status -z -uall [10ms]
2025-05-29 05:32:32.806 [info] > git for-each-ref --sort -committerdate --format %(refname) %(objectname) %(*objectname) [8ms]
2025-05-29 05:33:25.747 [info] > git config --get commit.template [3ms]
2025-05-29 05:33:25.755 [info] > git for-each-ref --format=%(refname)%00%(upstream:short)%00%(objectname)%00%(upstream:track)%00%(upstream:remotename)%00%(upstream:remoteref) refs/heads/main refs/remotes/main [9ms]
2025-05-29 05:33:25.771 [info] > git for-each-ref --sort -committerdate --format %(refname) %(objectname) %(*objectname) [9ms]
2025-05-29 05:33:25.777 [info] > git status -z -uall [18ms]
2025-05-29 05:33:36.876 [info] > git config --get commit.template [4ms]
2025-05-29 05:33:36.886 [info] > git for-each-ref --format=%(refname)%00%(upstream:short)%00%(objectname)%00%(upstream:track)%00%(upstream:remotename)%00%(upstream:remoteref) refs/heads/main refs/remotes/main [9ms]
2025-05-29 05:33:36.901 [info] > git status -z -uall [12ms]
2025-05-29 05:33:36.901 [info] > git for-each-ref --sort -committerdate --format %(refname) %(objectname) %(*objectname) [9ms]
2025-05-29 05:34:04.085 [info] > git config --get commit.template [4ms]
2025-05-29 05:34:04.093 [info] > git for-each-ref --format=%(refname)%00%(upstream:short)%00%(objectname)%00%(upstream:track)%00%(upstream:remotename)%00%(upstream:remoteref) refs/heads/main refs/remotes/main [8ms]
2025-05-29 05:34:04.107 [info] > git status -z -uall [11ms]
2025-05-29 05:34:04.107 [info] > git for-each-ref --sort -committerdate --format %(refname) %(objectname) %(*objectname) [7ms]
2025-05-29 05:34:09.228 [info] > git config --get commit.template [3ms]
2025-05-29 05:34:09.235 [info] > git for-each-ref --format=%(refname)%00%(upstream:short)%00%(objectname)%00%(upstream:track)%00%(upstream:remotename)%00%(upstream:remoteref) refs/heads/main refs/remotes/main [8ms]
2025-05-29 05:34:09.249 [info] > git status -z -uall [11ms]
2025-05-29 05:34:09.249 [info] > git for-each-ref --sort -committerdate --format %(refname) %(objectname) %(*objectname) [8ms]
2025-05-29 05:34:30.127 [info] > git config --get commit.template [3ms]
2025-05-29 05:34:30.135 [info] > git for-each-ref --format=%(refname)%00%(upstream:short)%00%(objectname)%00%(upstream:track)%00%(upstream:remotename)%00%(upstream:remoteref) refs/heads/main refs/remotes/main [9ms]
2025-05-29 05:34:30.149 [info] > git for-each-ref --sort -committerdate --format %(refname) %(objectname) %(*objectname) [9ms]
2025-05-29 05:34:30.155 [info] > git status -z -uall [17ms]
2025-05-29 05:34:35.165 [info] > git config --get commit.template [4ms]
2025-05-29 05:34:35.172 [info] > git for-each-ref --format=%(refname)%00%(upstream:short)%00%(objectname)%00%(upstream:track)%00%(upstream:remotename)%00%(upstream:remoteref) refs/heads/main refs/remotes/main [8ms]
2025-05-29 05:34:35.185 [info] > git status -z -uall [10ms]
2025-05-29 05:34:35.186 [info] > git for-each-ref --sort -committerdate --format %(refname) %(objectname) %(*objectname) [8ms]
2025-05-29 05:34:42.779 [info] > git config --get commit.template [3ms]
2025-05-29 05:34:42.787 [info] > git for-each-ref --format=%(refname)%00%(upstream:short)%00%(objectname)%00%(upstream:track)%00%(upstream:remotename)%00%(upstream:remoteref) refs/heads/main refs/remotes/main [9ms]
2025-05-29 05:34:42.799 [info] > git status -z -uall [10ms]
2025-05-29 05:34:42.800 [info] > git for-each-ref --sort -committerdate --format %(refname) %(objectname) %(*objectname) [8ms]
2025-05-29 05:34:52.677 [info] > git config --get commit.template [4ms]
2025-05-29 05:34:52.684 [info] > git for-each-ref --format=%(refname)%00%(upstream:short)%00%(objectname)%00%(upstream:track)%00%(upstream:remotename)%00%(upstream:remoteref) refs/heads/main refs/remotes/main [8ms]
2025-05-29 05:34:52.698 [info] > git status -z -uall [10ms]
2025-05-29 05:34:52.699 [info] > git for-each-ref --sort -committerdate --format %(refname) %(objectname) %(*objectname) [8ms]
2025-05-29 05:35:18.279 [info] > git config --get commit.template [4ms]
2025-05-29 05:35:18.286 [info] > git for-each-ref --format=%(refname)%00%(upstream:short)%00%(objectname)%00%(upstream:track)%00%(upstream:remotename)%00%(upstream:remoteref) refs/heads/main refs/remotes/main [7ms]
2025-05-29 05:35:18.299 [info] > git status -z -uall [10ms]
2025-05-29 05:35:18.301 [info] > git for-each-ref --sort -committerdate --format %(refname) %(objectname) %(*objectname) [7ms]
2025-05-29 05:36:20.245 [info] > git config --get commit.template [3ms]
2025-05-29 05:36:20.254 [info] > git for-each-ref --format=%(refname)%00%(upstream:short)%00%(objectname)%00%(upstream:track)%00%(upstream:remotename)%00%(upstream:remoteref) refs/heads/main refs/remotes/main [10ms]
2025-05-29 05:36:20.268 [info] > git for-each-ref --sort -committerdate --format %(refname) %(objectname) %(*objectname) [8ms]
2025-05-29 05:36:20.274 [info] > git status -z -uall [17ms]
2025-05-29 05:36:42.468 [info] > git add -A -- . [24ms]
2025-05-29 05:36:42.528 [info] > git -c user.useConfigOnly=true commit --quiet --allow-empty-message --file - [56ms]
2025-05-29 05:36:42.535 [info] > git config --get commit.template [4ms]
2025-05-29 05:36:42.543 [info] > git config --get commit.template [4ms]
2025-05-29 05:36:42.556 [info] > git for-each-ref --format=%(refname)%00%(upstream:short)%00%(objectname)%00%(upstream:track)%00%(upstream:remotename)%00%(upstream:remoteref) refs/heads/main refs/remotes/main [13ms]
2025-05-29 05:36:42.571 [info] > git status -z -uall [11ms]
2025-05-29 05:36:42.571 [info] > git for-each-ref --sort -committerdate --format %(refname) %(objectname) %(*objectname) [7ms]
2025-05-29 05:36:42.585 [info] > git merge-base refs/heads/main refs/remotes/origin/main [7ms]
2025-05-29 05:36:42.596 [info] > git diff --name-status -z --diff-filter=ADMR 2f88c62dbb8a44e6583772269ad6c2010518ed26...refs/remotes/origin/main [7ms]
2025-05-29 05:36:42.899 [info] > git log --format=%H%n%aN%n%aE%n%at%n%ct%n%P%n%D%n%B -z --shortstat --diff-merges=first-parent -n50 --skip=0 --topo-order --decorate=full --stdin [32ms]
2025-05-29 05:36:42.942 [info] > git config --get commit.template [4ms]
2025-05-29 05:36:42.951 [info] > git for-each-ref --format=%(refname)%00%(upstream:short)%00%(objectname)%00%(upstream:track)%00%(upstream:remotename)%00%(upstream:remoteref) refs/heads/main refs/remotes/main [9ms]
2025-05-29 05:36:42.965 [info] > git status -z -uall [10ms]
2025-05-29 05:36:42.966 [info] > git for-each-ref --sort -committerdate --format %(refname) %(objectname) %(*objectname) [8ms]
2025-05-29 05:36:43.874 [info] > git ls-files --stage -- /home/hwlee4/ICS45C/HW8/src/compute_grades.cpp [4ms]
2025-05-29 05:36:43.883 [info] > git cat-file -s 7ab38107bc4273d50dfee2347af6648e84fbbc54 [6ms]
2025-05-29 05:36:43.918 [info] > git log --oneline --cherry main...main@{upstream} -- [9ms]
2025-05-29 05:36:43.938 [info] > git show --textconv :src/compute_grades.cpp [7ms]
2025-05-29 05:36:45.197 [info] > git ls-files --stage -- /home/hwlee4/ICS45C/HW8/src/compute_grades.cpp [4ms]
2025-05-29 05:36:45.205 [info] > git cat-file -s 7ab38107bc4273d50dfee2347af6648e84fbbc54 [5ms]
2025-05-29 05:36:45.225 [info] > git pull --tags origin main [1303ms]
2025-05-29 05:36:45.225 [info] From github.com:klefstad-teaching/ics-45c-hw8-hwlee4
 * branch            main       -> FETCH_HEAD
2025-05-29 05:36:45.230 [info] > git show --textconv :src/compute_grades.cpp [6ms]
2025-05-29 05:36:46.496 [info] > git ls-files --stage -- /home/hwlee4/ICS45C/HW8/src/compute_grades.cpp [5ms]
2025-05-29 05:36:46.505 [info] > git cat-file -s 7ab38107bc4273d50dfee2347af6648e84fbbc54 [5ms]
2025-05-29 05:36:46.513 [info] > git push origin main:main [1285ms]
2025-05-29 05:36:46.513 [info] To github.com:klefstad-teaching/ics-45c-hw8-hwlee4.git
   2f88c62..2b617e8  main -> main
2025-05-29 05:36:46.522 [info] > git config --get commit.template [4ms]
2025-05-29 05:36:46.530 [info] > git for-each-ref --format=%(refname)%00%(upstream:short)%00%(objectname)%00%(upstream:track)%00%(upstream:remotename)%00%(upstream:remoteref) refs/heads/main refs/remotes/main [9ms]
2025-05-29 05:36:46.536 [info] > git show --textconv :src/compute_grades.cpp [11ms]
2025-05-29 05:36:46.543 [info] > git status -z -uall [10ms]
2025-05-29 05:36:46.545 [info] > git for-each-ref --sort -committerdate --format %(refname) %(objectname) %(*objectname) [9ms]
2025-05-29 05:36:46.558 [info] > git merge-base refs/heads/main refs/remotes/origin/main [6ms]
2025-05-29 05:36:46.568 [info] > git diff --name-status -z --diff-filter=ADMR 2b617e802e9c3d202c18bbd2825ac0aeb87659cf...refs/remotes/origin/main [8ms]
2025-05-29 05:36:46.644 [info] > git log --format=%H%n%aN%n%aE%n%at%n%ct%n%P%n%D%n%B -z --shortstat --diff-merges=first-parent -n50 --skip=0 --topo-order --decorate=full --stdin [30ms]
2025-05-29 05:36:47.945 [info] > git config --get commit.template [3ms]
2025-05-29 05:36:47.953 [info] > git for-each-ref --format=%(refname)%00%(upstream:short)%00%(objectname)%00%(upstream:track)%00%(upstream:remotename)%00%(upstream:remoteref) refs/heads/main refs/remotes/main [7ms]
2025-05-29 05:36:47.966 [info] > git status -z -uall [10ms]
2025-05-29 05:36:47.968 [info] > git for-each-ref --sort -committerdate --format %(refname) %(objectname) %(*objectname) [9ms]
2025-05-29 05:36:48.139 [info] > git ls-files --stage -- /home/hwlee4/ICS45C/HW8/src/compute_grades.cpp [5ms]
2025-05-29 05:36:48.147 [info] > git cat-file -s 7ab38107bc4273d50dfee2347af6648e84fbbc54 [5ms]
2025-05-29 05:36:48.210 [info] > git show --textconv :src/compute_grades.cpp [7ms]
2025-05-29 05:39:24.141 [info] > git config --get commit.template [3ms]
2025-05-29 05:39:24.149 [info] > git for-each-ref --format=%(refname)%00%(upstream:short)%00%(objectname)%00%(upstream:track)%00%(upstream:remotename)%00%(upstream:remoteref) refs/heads/main refs/remotes/main [10ms]
2025-05-29 05:39:24.163 [info] > git for-each-ref --sort -committerdate --format %(refname) %(objectname) %(*objectname) [8ms]
2025-05-29 05:39:24.171 [info] > git status -z -uall [19ms]
2025-05-29 05:39:29.180 [info] > git config --get commit.template [2ms]
2025-05-29 05:39:29.188 [info] > git for-each-ref --format=%(refname)%00%(upstream:short)%00%(objectname)%00%(upstream:track)%00%(upstream:remotename)%00%(upstream:remoteref) refs/heads/main refs/remotes/main [7ms]
2025-05-29 05:39:29.200 [info] > git status -z -uall [10ms]
2025-05-29 05:39:29.201 [info] > git for-each-ref --sort -committerdate --format %(refname) %(objectname) %(*objectname) [8ms]
2025-05-29 05:40:18.397 [info] > git config --get commit.template [4ms]
2025-05-29 05:40:18.405 [info] > git for-each-ref --format=%(refname)%00%(upstream:short)%00%(objectname)%00%(upstream:track)%00%(upstream:remotename)%00%(upstream:remoteref) refs/heads/main refs/remotes/main [9ms]
2025-05-29 05:40:18.417 [info] > git status -z -uall [10ms]
2025-05-29 05:40:18.418 [info] > git for-each-ref --sort -committerdate --format %(refname) %(objectname) %(*objectname) [8ms]
2025-05-29 05:40:28.531 [info] > git config --get commit.template [3ms]
2025-05-29 05:40:28.539 [info] > git for-each-ref --format=%(refname)%00%(upstream:short)%00%(objectname)%00%(upstream:track)%00%(upstream:remotename)%00%(upstream:remoteref) refs/heads/main refs/remotes/main [9ms]
2025-05-29 05:40:28.552 [info] > git for-each-ref --sort -committerdate --format %(refname) %(objectname) %(*objectname) [8ms]
2025-05-29 05:40:28.559 [info] > git status -z -uall [16ms]
2025-05-29 05:40:33.567 [info] > git config --get commit.template [3ms]
2025-05-29 05:40:33.575 [info] > git for-each-ref --format=%(refname)%00%(upstream:short)%00%(objectname)%00%(upstream:track)%00%(upstream:remotename)%00%(upstream:remoteref) refs/heads/main refs/remotes/main [8ms]
2025-05-29 05:40:33.588 [info] > git status -z -uall [11ms]
2025-05-29 05:40:33.588 [info] > git for-each-ref --sort -committerdate --format %(refname) %(objectname) %(*objectname) [9ms]
2025-05-29 05:40:39.418 [info] > git add -A -- . [18ms]
2025-05-29 05:40:39.480 [info] > git -c user.useConfigOnly=true commit --quiet --allow-empty-message --file - [60ms]
2025-05-29 05:40:39.487 [info] > git config --get commit.template [3ms]
2025-05-29 05:40:39.495 [info] > git config --get commit.template [4ms]
2025-05-29 05:40:39.506 [info] > git for-each-ref --format=%(refname)%00%(upstream:short)%00%(objectname)%00%(upstream:track)%00%(upstream:remotename)%00%(upstream:remoteref) refs/heads/main refs/remotes/main [12ms]
2025-05-29 05:40:39.520 [info] > git status -z -uall [11ms]
2025-05-29 05:40:39.521 [info] > git for-each-ref --sort -committerdate --format %(refname) %(objectname) %(*objectname) [10ms]
2025-05-29 05:40:39.535 [info] > git merge-base refs/heads/main refs/remotes/origin/main [8ms]
2025-05-29 05:40:39.545 [info] > git diff --name-status -z --diff-filter=ADMR 2b617e802e9c3d202c18bbd2825ac0aeb87659cf...refs/remotes/origin/main [7ms]
2025-05-29 05:40:39.635 [info] > git config --get commit.template [4ms]
2025-05-29 05:40:39.644 [info] > git for-each-ref --format=%(refname)%00%(upstream:short)%00%(objectname)%00%(upstream:track)%00%(upstream:remotename)%00%(upstream:remoteref) refs/heads/main refs/remotes/main [10ms]
2025-05-29 05:40:39.658 [info] > git status -z -uall [11ms]
2025-05-29 05:40:39.658 [info] > git log --format=%H%n%aN%n%aE%n%at%n%ct%n%P%n%D%n%B -z --shortstat --diff-merges=first-parent -n50 --skip=0 --topo-order --decorate=full --stdin [38ms]
2025-05-29 05:40:39.659 [info] > git for-each-ref --sort -committerdate --format %(refname) %(objectname) %(*objectname) [9ms]
2025-05-29 05:40:40.456 [info] > git log --oneline --cherry main...main@{upstream} -- [8ms]
2025-05-29 05:40:41.715 [info] > git ls-files --stage -- /home/hwlee4/ICS45C/HW8/src/compute_grades.cpp [3ms]
2025-05-29 05:40:41.724 [info] > git cat-file -s 3fb3d0a98faa7527d9d64b75179c1c538e1099f9 [7ms]
2025-05-29 05:40:41.761 [info] > git show --textconv :src/compute_grades.cpp [7ms]
2025-05-29 05:40:41.817 [info] > git pull --tags origin main [1358ms]
2025-05-29 05:40:41.817 [info] From github.com:klefstad-teaching/ics-45c-hw8-hwlee4
 * branch            main       -> FETCH_HEAD
2025-05-29 05:40:43.118 [info] > git push origin main:main [1298ms]
2025-05-29 05:40:43.118 [info] To github.com:klefstad-teaching/ics-45c-hw8-hwlee4.git
   2b617e8..4bd1584  main -> main
2025-05-29 05:40:43.125 [info] > git config --get commit.template [4ms]
2025-05-29 05:40:43.132 [info] > git for-each-ref --format=%(refname)%00%(upstream:short)%00%(objectname)%00%(upstream:track)%00%(upstream:remotename)%00%(upstream:remoteref) refs/heads/main refs/remotes/main [9ms]
2025-05-29 05:40:43.146 [info] > git status -z -uall [11ms]
2025-05-29 05:40:43.146 [info] > git for-each-ref --sort -committerdate --format %(refname) %(objectname) %(*objectname) [8ms]
2025-05-29 05:40:43.158 [info] > git merge-base refs/heads/main refs/remotes/origin/main [6ms]
2025-05-29 05:40:43.168 [info] > git diff --name-status -z --diff-filter=ADMR 4bd15846b95a5476026ea6a6a52017b2554a2e26...refs/remotes/origin/main [7ms]
2025-05-29 05:40:43.293 [info] > git log --format=%H%n%aN%n%aE%n%at%n%ct%n%P%n%D%n%B -z --shortstat --diff-merges=first-parent -n50 --skip=0 --topo-order --decorate=full --stdin [33ms]
2025-05-29 05:41:46.522 [info] > git config --get commit.template [4ms]
2025-05-29 05:41:46.531 [info] > git for-each-ref --format=%(refname)%00%(upstream:short)%00%(objectname)%00%(upstream:track)%00%(upstream:remotename)%00%(upstream:remoteref) refs/heads/main refs/remotes/main [10ms]
2025-05-29 05:41:46.548 [info] > git for-each-ref --sort -committerdate --format %(refname) %(objectname) %(*objectname) [9ms]
2025-05-29 05:41:46.553 [info] > git status -z -uall [18ms]
2025-05-29 05:41:46.571 [info] > git ls-files --stage -- /home/hwlee4/ICS45C/HW8/src/compute_grades.cpp [4ms]
2025-05-29 05:41:46.581 [info] > git cat-file -s 3fb3d0a98faa7527d9d64b75179c1c538e1099f9 [7ms]
2025-05-29 05:41:46.634 [info] > git show --textconv :src/compute_grades.cpp [7ms]
2025-05-29 05:41:51.563 [info] > git config --get commit.template [4ms]
2025-05-29 05:41:51.571 [info] > git for-each-ref --format=%(refname)%00%(upstream:short)%00%(objectname)%00%(upstream:track)%00%(upstream:remotename)%00%(upstream:remoteref) refs/heads/main refs/remotes/main [8ms]
2025-05-29 05:41:51.585 [info] > git status -z -uall [11ms]
2025-05-29 05:41:51.587 [info] > git for-each-ref --sort -committerdate --format %(refname) %(objectname) %(*objectname) [9ms]
2025-05-29 05:45:57.180 [info] > git config --get commit.template [5ms]
2025-05-29 05:45:57.188 [info] > git for-each-ref --format=%(refname)%00%(upstream:short)%00%(objectname)%00%(upstream:track)%00%(upstream:remotename)%00%(upstream:remoteref) refs/heads/main refs/remotes/main [9ms]
2025-05-29 05:45:57.203 [info] > git for-each-ref --sort -committerdate --format %(refname) %(objectname) %(*objectname) [8ms]
2025-05-29 05:45:57.209 [info] > git status -z -uall [18ms]
2025-05-29 05:46:02.219 [info] > git config --get commit.template [3ms]
2025-05-29 05:46:02.226 [info] > git for-each-ref --format=%(refname)%00%(upstream:short)%00%(objectname)%00%(upstream:track)%00%(upstream:remotename)%00%(upstream:remoteref) refs/heads/main refs/remotes/main [7ms]
2025-05-29 05:46:02.240 [info] > git status -z -uall [11ms]
2025-05-29 05:46:02.240 [info] > git for-each-ref --sort -committerdate --format %(refname) %(objectname) %(*objectname) [9ms]
2025-05-29 05:46:07.249 [info] > git config --get commit.template [2ms]
2025-05-29 05:46:07.257 [info] > git for-each-ref --format=%(refname)%00%(upstream:short)%00%(objectname)%00%(upstream:track)%00%(upstream:remotename)%00%(upstream:remoteref) refs/heads/main refs/remotes/main [8ms]
2025-05-29 05:46:07.270 [info] > git status -z -uall [11ms]
2025-05-29 05:46:07.270 [info] > git for-each-ref --sort -committerdate --format %(refname) %(objectname) %(*objectname) [8ms]
2025-05-29 05:46:22.015 [info] > git config --get commit.template [3ms]
2025-05-29 05:46:22.022 [info] > git for-each-ref --format=%(refname)%00%(upstream:short)%00%(objectname)%00%(upstream:track)%00%(upstream:remotename)%00%(upstream:remoteref) refs/heads/main refs/remotes/main [8ms]
2025-05-29 05:46:22.035 [info] > git status -z -uall [10ms]
2025-05-29 05:46:22.036 [info] > git for-each-ref --sort -committerdate --format %(refname) %(objectname) %(*objectname) [7ms]
2025-05-29 05:46:28.030 [info] > git config --get commit.template [4ms]
2025-05-29 05:46:28.038 [info] > git for-each-ref --format=%(refname)%00%(upstream:short)%00%(objectname)%00%(upstream:track)%00%(upstream:remotename)%00%(upstream:remoteref) refs/heads/main refs/remotes/main [8ms]
2025-05-29 05:46:28.051 [info] > git status -z -uall [10ms]
2025-05-29 05:46:28.052 [info] > git for-each-ref --sort -committerdate --format %(refname) %(objectname) %(*objectname) [8ms]
2025-05-29 05:46:33.062 [info] > git config --get commit.template [4ms]
2025-05-29 05:46:33.070 [info] > git for-each-ref --format=%(refname)%00%(upstream:short)%00%(objectname)%00%(upstream:track)%00%(upstream:remotename)%00%(upstream:remoteref) refs/heads/main refs/remotes/main [8ms]
2025-05-29 05:46:33.083 [info] > git status -z -uall [10ms]
2025-05-29 05:46:33.083 [info] > git for-each-ref --sort -committerdate --format %(refname) %(objectname) %(*objectname) [8ms]
2025-05-29 05:46:50.430 [info] > git config --get commit.template [3ms]
2025-05-29 05:46:50.436 [info] > git for-each-ref --format=%(refname)%00%(upstream:short)%00%(objectname)%00%(upstream:track)%00%(upstream:remotename)%00%(upstream:remoteref) refs/heads/main refs/remotes/main [7ms]
2025-05-29 05:46:50.449 [info] > git status -z -uall [10ms]
2025-05-29 05:46:50.450 [info] > git for-each-ref --sort -committerdate --format %(refname) %(objectname) %(*objectname) [9ms]
2025-05-29 05:46:57.737 [info] > git config --get commit.template [3ms]
2025-05-29 05:46:57.745 [info] > git for-each-ref --format=%(refname)%00%(upstream:short)%00%(objectname)%00%(upstream:track)%00%(upstream:remotename)%00%(upstream:remoteref) refs/heads/main refs/remotes/main [8ms]
2025-05-29 05:46:57.758 [info] > git for-each-ref --sort -committerdate --format %(refname) %(objectname) %(*objectname) [8ms]
2025-05-29 05:46:57.764 [info] > git status -z -uall [17ms]
2025-05-29 05:47:02.772 [info] > git config --get commit.template [3ms]
2025-05-29 05:47:02.779 [info] > git for-each-ref --format=%(refname)%00%(upstream:short)%00%(objectname)%00%(upstream:track)%00%(upstream:remotename)%00%(upstream:remoteref) refs/heads/main refs/remotes/main [8ms]
2025-05-29 05:47:02.792 [info] > git status -z -uall [10ms]
2025-05-29 05:47:02.793 [info] > git for-each-ref --sort -committerdate --format %(refname) %(objectname) %(*objectname) [8ms]
2025-05-29 05:47:07.803 [info] > git config --get commit.template [4ms]
2025-05-29 05:47:07.810 [info] > git for-each-ref --format=%(refname)%00%(upstream:short)%00%(objectname)%00%(upstream:track)%00%(upstream:remotename)%00%(upstream:remoteref) refs/heads/main refs/remotes/main [8ms]
2025-05-29 05:47:07.823 [info] > git status -z -uall [10ms]
2025-05-29 05:47:07.823 [info] > git for-each-ref --sort -committerdate --format %(refname) %(objectname) %(*objectname) [7ms]
2025-05-29 05:47:28.087 [info] > git config --get commit.template [4ms]
2025-05-29 05:47:28.095 [info] > git for-each-ref --format=%(refname)%00%(upstream:short)%00%(objectname)%00%(upstream:track)%00%(upstream:remotename)%00%(upstream:remoteref) refs/heads/main refs/remotes/main [9ms]
2025-05-29 05:47:28.108 [info] > git status -z -uall [10ms]
2025-05-29 05:47:28.108 [info] > git for-each-ref --sort -committerdate --format %(refname) %(objectname) %(*objectname) [8ms]
2025-05-29 05:47:33.118 [info] > git config --get commit.template [4ms]
2025-05-29 05:47:33.125 [info] > git for-each-ref --format=%(refname)%00%(upstream:short)%00%(objectname)%00%(upstream:track)%00%(upstream:remotename)%00%(upstream:remoteref) refs/heads/main refs/remotes/main [8ms]
2025-05-29 05:47:33.139 [info] > git status -z -uall [11ms]
2025-05-29 05:47:33.139 [info] > git for-each-ref --sort -committerdate --format %(refname) %(objectname) %(*objectname) [8ms]
2025-05-29 05:47:38.149 [info] > git config --get commit.template [4ms]
2025-05-29 05:47:38.157 [info] > git for-each-ref --format=%(refname)%00%(upstream:short)%00%(objectname)%00%(upstream:track)%00%(upstream:remotename)%00%(upstream:remoteref) refs/heads/main refs/remotes/main [7ms]
2025-05-29 05:47:38.170 [info] > git status -z -uall [10ms]
2025-05-29 05:47:38.170 [info] > git for-each-ref --sort -committerdate --format %(refname) %(objectname) %(*objectname) [8ms]
2025-05-29 05:47:46.036 [info] > git config --get commit.template [3ms]
2025-05-29 05:47:46.042 [info] > git for-each-ref --format=%(refname)%00%(upstream:short)%00%(objectname)%00%(upstream:track)%00%(upstream:remotename)%00%(upstream:remoteref) refs/heads/main refs/remotes/main [7ms]
2025-05-29 05:47:46.055 [info] > git status -z -uall [10ms]
2025-05-29 05:47:46.056 [info] > git for-each-ref --sort -committerdate --format %(refname) %(objectname) %(*objectname) [9ms]
2025-05-29 05:48:01.232 [info] > git config --get commit.template [3ms]
2025-05-29 05:48:01.240 [info] > git for-each-ref --format=%(refname)%00%(upstream:short)%00%(objectname)%00%(upstream:track)%00%(upstream:remotename)%00%(upstream:remoteref) refs/heads/main refs/remotes/main [8ms]
2025-05-29 05:48:01.254 [info] > git for-each-ref --sort -committerdate --format %(refname) %(objectname) %(*objectname) [9ms]
2025-05-29 05:48:01.261 [info] > git status -z -uall [17ms]
2025-05-29 05:48:06.272 [info] > git config --get commit.template [4ms]
2025-05-29 05:48:06.279 [info] > git for-each-ref --format=%(refname)%00%(upstream:short)%00%(objectname)%00%(upstream:track)%00%(upstream:remotename)%00%(upstream:remoteref) refs/heads/main refs/remotes/main [8ms]
2025-05-29 05:48:06.293 [info] > git status -z -uall [10ms]
2025-05-29 05:48:06.294 [info] > git for-each-ref --sort -committerdate --format %(refname) %(objectname) %(*objectname) [8ms]
2025-05-29 05:48:19.985 [info] > git config --get commit.template [3ms]
2025-05-29 05:48:19.993 [info] > git for-each-ref --format=%(refname)%00%(upstream:short)%00%(objectname)%00%(upstream:track)%00%(upstream:remotename)%00%(upstream:remoteref) refs/heads/main refs/remotes/main [8ms]
2025-05-29 05:48:20.005 [info] > git status -z -uall [10ms]
2025-05-29 05:48:20.007 [info] > git for-each-ref --sort -committerdate --format %(refname) %(objectname) %(*objectname) [8ms]
2025-05-29 05:48:25.016 [info] > git config --get commit.template [4ms]
2025-05-29 05:48:25.023 [info] > git for-each-ref --format=%(refname)%00%(upstream:short)%00%(objectname)%00%(upstream:track)%00%(upstream:remotename)%00%(upstream:remoteref) refs/heads/main refs/remotes/main [8ms]
2025-05-29 05:48:25.037 [info] > git status -z -uall [11ms]
2025-05-29 05:48:25.037 [info] > git for-each-ref --sort -committerdate --format %(refname) %(objectname) %(*objectname) [8ms]
2025-05-29 05:48:53.793 [info] > git config --get commit.template [4ms]
2025-05-29 05:48:53.801 [info] > git for-each-ref --format=%(refname)%00%(upstream:short)%00%(objectname)%00%(upstream:track)%00%(upstream:remotename)%00%(upstream:remoteref) refs/heads/main refs/remotes/main [8ms]
2025-05-29 05:48:53.813 [info] > git status -z -uall [10ms]
2025-05-29 05:48:53.813 [info] > git for-each-ref --sort -committerdate --format %(refname) %(objectname) %(*objectname) [8ms]
2025-05-29 05:48:58.821 [info] > git config --get commit.template [2ms]
2025-05-29 05:48:58.829 [info] > git for-each-ref --format=%(refname)%00%(upstream:short)%00%(objectname)%00%(upstream:track)%00%(upstream:remotename)%00%(upstream:remoteref) refs/heads/main refs/remotes/main [8ms]
2025-05-29 05:48:58.841 [info] > git status -z -uall [10ms]
2025-05-29 05:48:58.844 [info] > git for-each-ref --sort -committerdate --format %(refname) %(objectname) %(*objectname) [8ms]
2025-05-29 05:49:14.907 [info] > git add -A -- . [25ms]
2025-05-29 05:49:14.969 [info] > git -c user.useConfigOnly=true commit --quiet --allow-empty-message --file - [60ms]
2025-05-29 05:49:14.975 [info] > git config --get commit.template [3ms]
2025-05-29 05:49:14.982 [info] > git config --get commit.template [4ms]
2025-05-29 05:49:14.995 [info] > git for-each-ref --format=%(refname)%00%(upstream:short)%00%(objectname)%00%(upstream:track)%00%(upstream:remotename)%00%(upstream:remoteref) refs/heads/main refs/remotes/main [14ms]
2025-05-29 05:49:15.008 [info] > git status -z -uall [11ms]
2025-05-29 05:49:15.010 [info] > git for-each-ref --sort -committerdate --format %(refname) %(objectname) %(*objectname) [9ms]
2025-05-29 05:49:15.021 [info] > git merge-base refs/heads/main refs/remotes/origin/main [6ms]
2025-05-29 05:49:15.030 [info] > git diff --name-status -z --diff-filter=ADMR 4bd15846b95a5476026ea6a6a52017b2554a2e26...refs/remotes/origin/main [6ms]
2025-05-29 05:49:15.208 [info] > git config --get commit.template [3ms]
2025-05-29 05:49:15.217 [info] > git for-each-ref --format=%(refname)%00%(upstream:short)%00%(objectname)%00%(upstream:track)%00%(upstream:remotename)%00%(upstream:remoteref) refs/heads/main refs/remotes/main [10ms]
2025-05-29 05:49:15.230 [info] > git status -z -uall [11ms]
2025-05-29 05:49:15.230 [info] > git for-each-ref --sort -committerdate --format %(refname) %(objectname) %(*objectname) [8ms]
2025-05-29 05:49:15.239 [info] > git log --format=%H%n%aN%n%aE%n%at%n%ct%n%P%n%D%n%B -z --shortstat --diff-merges=first-parent -n50 --skip=0 --topo-order --decorate=full --stdin [40ms]
2025-05-29 05:49:16.132 [info] > git log --oneline --cherry main...main@{upstream} -- [9ms]
2025-05-29 05:49:17.425 [info] > git ls-files --stage -- /home/hwlee4/ICS45C/HW8/src/compute_grades.cpp [3ms]
2025-05-29 05:49:17.434 [info] > git cat-file -s 38a75a478e2f3355888916069ba3bbc510752930 [7ms]
2025-05-29 05:49:17.486 [info] > git show --textconv :src/compute_grades.cpp [7ms]
2025-05-29 05:49:17.559 [info] > git pull --tags origin main [1422ms]
2025-05-29 05:49:17.559 [info] From github.com:klefstad-teaching/ics-45c-hw8-hwlee4
 * branch            main       -> FETCH_HEAD
2025-05-29 05:49:18.817 [info] > git push origin main:main [1255ms]
2025-05-29 05:49:18.817 [info] To github.com:klefstad-teaching/ics-45c-hw8-hwlee4.git
   4bd1584..52f9d53  main -> main
2025-05-29 05:49:18.823 [info] > git config --get commit.template [3ms]
2025-05-29 05:49:18.831 [info] > git for-each-ref --format=%(refname)%00%(upstream:short)%00%(objectname)%00%(upstream:track)%00%(upstream:remotename)%00%(upstream:remoteref) refs/heads/main refs/remotes/main [8ms]
2025-05-29 05:49:18.844 [info] > git status -z -uall [10ms]
2025-05-29 05:49:18.844 [info] > git for-each-ref --sort -committerdate --format %(refname) %(objectname) %(*objectname) [8ms]
2025-05-29 05:49:18.857 [info] > git merge-base refs/heads/main refs/remotes/origin/main [6ms]
2025-05-29 05:49:18.866 [info] > git diff --name-status -z --diff-filter=ADMR 52f9d53a78422d96c4c8f0e14a1be692698bb17e...refs/remotes/origin/main [6ms]
2025-05-29 05:49:19.056 [info] > git log --format=%H%n%aN%n%aE%n%at%n%ct%n%P%n%D%n%B -z --shortstat --diff-merges=first-parent -n50 --skip=0 --topo-order --decorate=full --stdin [36ms]
