*
* Visual Studio Code Server
*
* By using the software, you agree to
* the Visual Studio Code Server License Terms (https://aka.ms/vscode-server-license) and
* the Microsoft Privacy Statement (https://privacy.microsoft.com/en-US/privacystatement).
*
Server bound to 127.0.0.1:40429 (IPv4)
Extension host agent listening on 40429

[16:44:57] 




[16:44:57] Extension host agent started.
[16:44:57] [127.0.0.1][1092c897][ExtensionHostConnection] New connection established.
[16:44:57] [127.0.0.1][7676d5cd][ManagementConnection] New connection established.
[16:44:57] [127.0.0.1][1092c897][ExtensionHostConnection] <2990677> Launched Extension Host Process.
[16:45:14] Getting Manifest... ms-python.python
[16:45:14] Installing extension: ms-python.python
[16:45:15] Getting Manifest... ms-python.vscode-pylance
[16:45:15] Getting Manifest... ms-python.debugpy
[16:45:15] Installing extension: ms-python.vscode-pylance ms-python.python
[16:45:15] Installing extension: ms-python.debugpy ms-python.python
[16:45:16] Extension signature verification failed with error 'ENOENT': ms-python.debugpy
[16:45:16] Extension signature verification failed with error 'ENOENT': ms-python.python
[16:45:19] Extracted extension to file:///home/hwlee4/.vscode-server/extensions/ms-python.debugpy-2024.0.0-linux-x64: ms-python.debugpy
[16:45:19] Renamed to /home/hwlee4/.vscode-server/extensions/ms-python.debugpy-2024.0.0-linux-x64
[16:45:19] Extracting extension completed. ms-python.debugpy
[16:45:28] Extracted extension to file:///home/hwlee4/.vscode-server/extensions/ms-python.python-2024.2.1: ms-python.python
[16:45:28] Renamed to /home/hwlee4/.vscode-server/extensions/ms-python.python-2024.2.1
[16:45:28] Extracting extension completed. ms-python.python
[16:45:29] Extension signature verification failed with error 'ENOENT': ms-python.vscode-pylance
[16:45:55] Extracted extension to file:///home/hwlee4/.vscode-server/extensions/ms-python.vscode-pylance-2024.3.2: ms-python.vscode-pylance
[16:45:55] Renamed to /home/hwlee4/.vscode-server/extensions/ms-python.vscode-pylance-2024.3.2
[16:45:55] Extracting extension completed. ms-python.vscode-pylance
[16:45:55] Extension installed successfully: ms-python.debugpy
[16:45:55] Extension installed successfully: ms-python.python
[16:45:55] Extension installed successfully: ms-python.vscode-pylance
New EH opened, aborting shutdown
[16:49:57] New EH opened, aborting shutdown
