2025-02-04 22:58:50.819 [info] Log level: Info
2025-02-04 22:58:50.819 [info] Validating found git in: "git"
2025-02-04 22:58:50.819 [info] Using git "2.34.1" from "git"
2025-02-04 22:58:50.819 [info] > git rev-parse --show-toplevel [12ms]
2025-02-04 22:58:50.819 [info] > git rev-parse --path-format=relative --show-toplevel [6ms]
2025-02-04 22:58:50.819 [info] > git rev-parse --show-toplevel [62ms]
2025-02-04 22:58:50.819 [info] > git rev-parse --path-format=relative --show-toplevel [98ms]
2025-02-04 22:58:50.820 [info] > git rev-parse --git-dir --git-common-dir [21ms]
2025-02-04 22:58:50.847 [info] Open repository: /home/hwlee4/ICS45C/HW3
2025-02-04 22:58:50.908 [info] > git rev-parse --show-toplevel [9ms]
2025-02-04 22:58:50.914 [info] > git config --get commit.template [17ms]
2025-02-04 22:58:50.917 [info] > git rev-parse --path-format=relative --show-toplevel [5ms]
2025-02-04 22:58:50.929 [info] > git for-each-ref --format=%(refname)%00%(upstream:short)%00%(objectname)%00%(upstream:track)%00%(upstream:remotename)%00%(upstream:remoteref) refs/heads/main refs/remotes/main [24ms]
2025-02-04 22:58:50.930 [info] > git rev-parse --git-dir --git-common-dir [9ms]
2025-02-04 22:58:50.939 [info] Open repository: /home/hwlee4/ICS45C/HW0
2025-02-04 22:58:51.000 [info] > git config --get commit.template [52ms]
2025-02-04 22:58:51.089 [info] > git rev-parse --show-toplevel [136ms]
2025-02-04 22:58:51.121 [info] > git rev-parse --path-format=relative --show-toplevel [28ms]
2025-02-04 22:58:51.151 [info] > git rev-parse --git-dir --git-common-dir [26ms]
2025-02-04 22:58:51.160 [info] Open repository: /home/hwlee4/ICS45C/HW1
2025-02-04 22:58:51.194 [info] > git for-each-ref --format=%(refname)%00%(upstream:short)%00%(objectname)%00%(upstream:track)%00%(upstream:remotename)%00%(upstream:remoteref) refs/heads/main refs/remotes/main [196ms]
2025-02-04 22:58:51.197 [info] > git config --get commit.template [6ms]
2025-02-04 22:58:51.207 [info] > git rev-parse --show-toplevel [12ms]
2025-02-04 22:58:51.213 [info] > git status -z -uall [221ms]
2025-02-04 22:58:51.241 [info] > git status -z -uall [35ms]
2025-02-04 22:58:51.288 [info] > git for-each-ref --format=%(refname)%00%(upstream:short)%00%(objectname)%00%(upstream:track)%00%(upstream:remotename)%00%(upstream:remoteref) refs/heads/main refs/remotes/main [87ms]
2025-02-04 22:58:51.288 [info] > git rev-parse --path-format=relative --show-toplevel [78ms]
2025-02-04 22:58:51.299 [info] > git config --get commit.template [59ms]
2025-02-04 22:58:51.299 [info] > git for-each-ref --format=%(refname)%00%(upstream:short)%00%(objectname)%00%(upstream:track)%00%(upstream:remotename)%00%(upstream:remoteref) refs/heads/main refs/remotes/main [78ms]
2025-02-04 22:58:51.308 [info] > git config --get commit.template [15ms]
2025-02-04 22:58:51.308 [info] > git for-each-ref --format=%(refname)%00%(upstream:short)%00%(objectname)%00%(upstream:track)%00%(upstream:remotename)%00%(upstream:remoteref) refs/heads/main refs/remotes/main [62ms]
2025-02-04 22:58:51.318 [info] > git config --local branch.main.vscode-merge-base [14ms]
2025-02-04 22:58:51.323 [info] > git rev-parse --git-dir --git-common-dir [26ms]
2025-02-04 22:58:51.332 [info] Open repository: /home/hwlee4/ICS45C/HW2
2025-02-04 22:58:51.398 [info] > git for-each-ref --format=%(refname)%00%(upstream:short)%00%(objectname)%00%(upstream:track)%00%(upstream:remotename)%00%(upstream:remoteref) refs/heads/main refs/remotes/main [81ms]
2025-02-04 22:58:51.398 [info] > git config --local branch.main.vscode-merge-base [86ms]
2025-02-04 22:58:51.404 [info] > git for-each-ref --format=%(refname)%00%(upstream:short)%00%(objectname)%00%(upstream:track)%00%(upstream:remotename)%00%(upstream:remoteref) refs/heads/origin/main refs/remotes/origin/main [80ms]
2025-02-04 22:58:51.422 [info] > git config --get commit.template [30ms]
2025-02-04 22:58:51.442 [info] > git rev-parse --show-toplevel [45ms]
2025-02-04 22:58:51.573 [info] > git status -z -uall [185ms]
2025-02-04 22:58:51.574 [info] > git status -z -uall [153ms]
2025-02-04 22:58:51.574 [info] > git for-each-ref --format=%(refname)%00%(upstream:short)%00%(objectname)%00%(upstream:track)%00%(upstream:remotename)%00%(upstream:remoteref) refs/heads/main refs/remotes/main [234ms]
2025-02-04 22:58:51.587 [info] > git for-each-ref --format=%(refname)%00%(upstream:short)%00%(objectname)%00%(upstream:track)%00%(upstream:remotename)%00%(upstream:remoteref) refs/heads/main refs/remotes/main [171ms]
2025-02-04 22:58:51.599 [info] > git rev-parse --path-format=relative --show-toplevel [153ms]
2025-02-04 22:58:51.599 [info] > git merge-base refs/heads/main refs/remotes/origin/main [190ms]
2025-02-04 22:58:51.604 [info] > git for-each-ref --format=%(refname)%00%(upstream:short)%00%(objectname)%00%(upstream:track)%00%(upstream:remotename)%00%(upstream:remoteref) refs/heads/origin/main refs/remotes/origin/main [202ms]
2025-02-04 22:58:51.618 [info] > git for-each-ref --format=%(refname)%00%(upstream:short)%00%(objectname)%00%(upstream:track)%00%(upstream:remotename)%00%(upstream:remoteref) refs/heads/main refs/remotes/main [34ms]
2025-02-04 22:58:51.627 [info] > git rev-parse --git-dir --git-common-dir [10ms]
2025-02-04 22:58:51.633 [info] Open repository: /home/hwlee4/ICS45C/HW4
2025-02-04 22:58:51.643 [info] > git config --get commit.template [30ms]
2025-02-04 22:58:51.643 [info] > git rev-list --count --left-right refs/heads/main...refs/remotes/origin/main [39ms]
2025-02-04 22:58:51.649 [info] > git merge-base refs/heads/main refs/remotes/origin/main [41ms]
2025-02-04 22:58:51.655 [info] > git for-each-ref --format=%(refname)%00%(upstream:short)%00%(objectname)%00%(upstream:track)%00%(upstream:remotename)%00%(upstream:remoteref) refs/heads/main refs/remotes/main [62ms]
2025-02-04 22:58:51.702 [info] > git rev-list --count --left-right refs/heads/main...refs/remotes/origin/main [48ms]
2025-02-04 22:58:51.708 [info] > git diff --name-status -z --diff-filter=ADMR 83b8c9caa62299ec43412888acef026380525026...refs/remotes/origin/main [59ms]
2025-02-04 22:58:51.710 [info] > git config --local branch.main.vscode-merge-base [87ms]
2025-02-04 22:58:51.731 [info] > git config --get commit.template [31ms]
2025-02-04 22:58:51.787 [info] > git rev-parse --show-toplevel [36ms]
2025-02-04 22:58:51.791 [info] > git config --local branch.main.vscode-merge-base [102ms]
2025-02-04 22:58:51.798 [info] > git for-each-ref --format=%(refname)%00%(upstream:short)%00%(objectname)%00%(upstream:track)%00%(upstream:remotename)%00%(upstream:remoteref) refs/heads/origin/main refs/remotes/origin/main [83ms]
2025-02-04 22:58:51.798 [info] > git diff --name-status -z --diff-filter=ADMR bddd0b0d0cfc38d0bcdb3142f43ffb36c1294495...refs/remotes/origin/main [90ms]
2025-02-04 22:58:51.804 [info] > git status -z -uall [83ms]
2025-02-04 22:58:51.804 [info] > git status -z -uall [79ms]
2025-02-04 22:58:51.804 [info] > git rev-parse --path-format=relative --show-toplevel [13ms]
2025-02-04 22:58:51.815 [info] > git for-each-ref --format=%(refname)%00%(upstream:short)%00%(objectname)%00%(upstream:track)%00%(upstream:remotename)%00%(upstream:remoteref) refs/heads/origin/main refs/remotes/origin/main [19ms]
2025-02-04 22:58:51.888 [info] > git for-each-ref --format=%(refname)%00%(upstream:short)%00%(objectname)%00%(upstream:track)%00%(upstream:remotename)%00%(upstream:remoteref) refs/heads/main refs/remotes/main [159ms]
2025-02-04 22:58:51.900 [info] > git for-each-ref --format=%(refname)%00%(upstream:short)%00%(objectname)%00%(upstream:track)%00%(upstream:remotename)%00%(upstream:remoteref) refs/heads/main refs/remotes/main [90ms]
2025-02-04 22:58:51.907 [info] > git for-each-ref --format=%(refname)%00%(upstream:short)%00%(objectname)%00%(upstream:track)%00%(upstream:remotename)%00%(upstream:remoteref) refs/heads/main refs/remotes/main [103ms]
2025-02-04 22:58:51.913 [warning] ENOENT: no such file or directory, open '/home/hwlee4/ICS45C/HW4/.git/refs/remotes/origin/main'
2025-02-04 22:58:51.915 [info] > git merge-base refs/heads/main refs/remotes/origin/main [95ms]
2025-02-04 22:58:51.941 [info] > git config --local branch.main.vscode-merge-base [35ms]
2025-02-04 22:58:51.946 [info] > git config --get commit.template [47ms]
2025-02-04 22:58:51.946 [info] > git rev-parse --show-toplevel [52ms]
2025-02-04 22:58:51.951 [info] > git for-each-ref --format=%(refname)%00%(upstream:short)%00%(objectname)%00%(upstream:track)%00%(upstream:remotename)%00%(upstream:remoteref) refs/heads/main refs/remotes/main [124ms]
2025-02-04 22:58:51.964 [info] > git check-ignore -v -z --stdin [38ms]
2025-02-04 22:58:51.965 [info] > git check-ignore -v -z --stdin [35ms]
2025-02-04 22:58:51.966 [info] > git check-ignore -v -z --stdin [33ms]
2025-02-04 22:58:51.967 [info] > git check-ignore -v -z --stdin [30ms]
2025-02-04 22:58:51.967 [info] > git rev-parse --path-format=relative --show-toplevel [17ms]
2025-02-04 22:58:51.968 [info] > git for-each-ref --format=%(refname)%00%(upstream:short)%00%(objectname)%00%(upstream:track)%00%(upstream:remotename)%00%(upstream:remoteref) refs/heads/origin/main refs/remotes/origin/main [23ms]
2025-02-04 22:58:51.969 [info] > git rev-list --count --left-right refs/heads/main...refs/remotes/origin/main [48ms]
2025-02-04 22:58:51.988 [info] > git rev-parse refs/remotes/origin/main [76ms]
2025-02-04 22:58:52.000 [info] > git for-each-ref --format=%(refname)%00%(upstream:short)%00%(objectname)%00%(upstream:track)%00%(upstream:remotename)%00%(upstream:remoteref) refs/heads/main refs/remotes/main [40ms]
2025-02-04 22:58:52.000 [info] > git config --local branch.main.vscode-merge-base [44ms]
2025-02-04 22:58:52.006 [info] > git diff --name-status -z --diff-filter=ADMR cf8d5839cd08372c62f09381215e8d81994990a6...refs/remotes/origin/main [18ms]
2025-02-04 22:58:52.020 [info] > git for-each-ref --format=%(refname)%00%(upstream:short)%00%(objectname)%00%(upstream:track)%00%(upstream:remotename)%00%(upstream:remoteref) refs/heads/origin/main refs/remotes/origin/main [15ms]
2025-02-04 22:58:52.026 [info] > git status -z -uall [28ms]
2025-02-04 22:58:52.097 [info] > git status -z -uall [105ms]
2025-02-04 22:58:52.097 [info] > git status -z -uall [85ms]
2025-02-04 22:58:52.097 [info] > git for-each-ref --format=%(refname)%00%(upstream:short)%00%(objectname)%00%(upstream:track)%00%(upstream:remotename)%00%(upstream:remoteref) refs/heads/main refs/remotes/main [66ms]
2025-02-04 22:58:52.114 [info] > git merge-base refs/heads/main refs/remotes/origin/main [90ms]
2025-02-04 22:58:52.138 [info] > git for-each-ref --format=%(refname)%00%(upstream:short)%00%(objectname)%00%(upstream:track)%00%(upstream:remotename)%00%(upstream:remoteref) refs/heads/main refs/remotes/main [30ms]
2025-02-04 22:58:52.143 [info] > git config --local branch.main.vscode-merge-base [41ms]
2025-02-04 22:58:52.150 [info] > git config --local branch.main.vscode-merge-base [7ms]
2025-02-04 22:58:52.150 [warning] git config failed: Failed to execute git
2025-02-04 22:58:52.155 [info] > git config --get commit.template [25ms]
2025-02-04 22:58:52.155 [info] > git for-each-ref --format=%(refname)%00%(upstream:short)%00%(objectname)%00%(upstream:track)%00%(upstream:remotename)%00%(upstream:remoteref) refs/heads/main refs/remotes/main [31ms]
2025-02-04 22:58:52.160 [info] > git rev-list --count --left-right refs/heads/main...refs/remotes/origin/main [42ms]
2025-02-04 22:58:52.166 [info] > git config --local branch.main.vscode-merge-base [7ms]
2025-02-04 22:58:52.171 [info] > git for-each-ref --format=%(refname)%00%(upstream:short)%00%(objectname)%00%(upstream:track)%00%(upstream:remotename)%00%(upstream:remoteref) refs/heads/origin/main refs/remotes/origin/main [23ms]
2025-02-04 22:58:52.176 [info] > git reflog main --grep-reflog=branch: Created from *. [22ms]
2025-02-04 22:58:52.190 [info] > git for-each-ref --format=%(refname)%00%(upstream:short)%00%(objectname)%00%(upstream:track)%00%(upstream:remotename)%00%(upstream:remoteref) refs/heads/origin/main refs/remotes/origin/main [19ms]
2025-02-04 22:58:52.191 [info] > git diff --name-status -z --diff-filter=ADMR 94ef69ee95c8de87a59616891bc9c945d7661a95...refs/remotes/origin/main [26ms]
2025-02-04 22:58:52.197 [info] > git for-each-ref --format=%(refname)%00%(upstream:short)%00%(objectname)%00%(upstream:track)%00%(upstream:remotename)%00%(upstream:remoteref) refs/heads/main refs/remotes/main [22ms]
2025-02-04 22:58:52.198 [info] > git symbolic-ref --short refs/remotes/origin/HEAD [10ms]
2025-02-04 22:58:52.205 [warning] ENOENT: no such file or directory, open '/home/hwlee4/ICS45C/HW4/.git/refs/remotes/origin/main'
2025-02-04 22:58:52.212 [info] > git rev-parse refs/remotes/origin/main [7ms]
2025-02-04 22:58:52.216 [info] > git for-each-ref --format=%(refname)%00%(upstream:short)%00%(objectname)%00%(upstream:track)%00%(upstream:remotename)%00%(upstream:remoteref) refs/heads/origin/main refs/remotes/origin/main [14ms]
2025-02-04 22:58:52.234 [info] > git config --local branch.main.vscode-merge-base origin/main [13ms]
2025-02-04 22:58:52.244 [info] > git status -z -uall [29ms] (cancelled)
2025-02-04 22:58:52.250 [info] > git config --get commit.template [7ms]
2025-02-04 22:58:52.261 [info] > git for-each-ref --format=%(refname)%00%(upstream:short)%00%(objectname)%00%(upstream:track)%00%(upstream:remotename)%00%(upstream:remoteref) refs/heads/main refs/remotes/main [12ms]
2025-02-04 22:58:52.265 [warning] ENOENT: no such file or directory, open '/home/hwlee4/ICS45C/HW4/.git/refs/remotes/origin/main'
2025-02-04 22:58:52.273 [info] > git rev-parse refs/remotes/origin/main [7ms]
2025-02-04 22:58:52.309 [info] > git status -z -uall [32ms]
2025-02-04 22:58:52.326 [info] > git for-each-ref --format=%(refname)%00%(upstream:short)%00%(objectname)%00%(upstream:track)%00%(upstream:remotename)%00%(upstream:remoteref) refs/heads/main refs/remotes/main [11ms]
2025-02-04 22:58:52.331 [info] > git merge-base refs/heads/main refs/remotes/origin/main [11ms]
2025-02-04 22:58:52.336 [info] > git config --local branch.main.vscode-merge-base [5ms]
2025-02-04 22:58:52.346 [info] > git rev-list --count --left-right refs/heads/main...refs/remotes/origin/main [11ms]
2025-02-04 22:58:52.351 [info] > git for-each-ref --format=%(refname)%00%(upstream:short)%00%(objectname)%00%(upstream:track)%00%(upstream:remotename)%00%(upstream:remoteref) refs/heads/origin/main refs/remotes/origin/main [10ms]
2025-02-04 22:58:52.363 [info] > git diff --name-status -z --diff-filter=ADMR 054ee8d9214b2e2fd7b9059cd3d841aa7e167f25...refs/remotes/origin/main [13ms]
2025-02-04 22:58:52.553 [info] > git check-ignore -v -z --stdin [34ms]
2025-02-04 22:58:52.554 [info] > git check-ignore -v -z --stdin [31ms]
2025-02-04 22:58:52.555 [info] > git check-ignore -v -z --stdin [28ms]
2025-02-04 22:58:52.555 [info] > git check-ignore -v -z --stdin [24ms]
2025-02-04 22:58:52.555 [info] > git check-ignore -v -z --stdin [20ms]
2025-02-04 22:58:52.560 [info] > git ls-files --stage -- /home/hwlee4/ICS45C/HW3/src/string.cpp [8ms]
2025-02-04 22:58:52.564 [info] > git show --textconv :src/string.cpp [18ms]
2025-02-04 22:58:52.573 [info] > git cat-file -s a40759e9cf2ec5dbc15e30c9047cc44a7af74691 [9ms]
2025-02-04 22:58:53.366 [info] > git config --get commit.template [5ms]
2025-02-04 22:58:53.379 [info] > git for-each-ref --format=%(refname)%00%(upstream:short)%00%(objectname)%00%(upstream:track)%00%(upstream:remotename)%00%(upstream:remoteref) refs/heads/main refs/remotes/main [13ms]
2025-02-04 22:58:53.383 [warning] ENOENT: no such file or directory, open '/home/hwlee4/ICS45C/HW4/.git/refs/remotes/origin/main'
2025-02-04 22:58:53.389 [info] > git rev-parse refs/remotes/origin/main [6ms]
2025-02-04 22:58:53.425 [info] > git status -z -uall [33ms]
2025-02-04 22:58:53.445 [info] > git for-each-ref --format=%(refname)%00%(upstream:short)%00%(objectname)%00%(upstream:track)%00%(upstream:remotename)%00%(upstream:remoteref) refs/heads/main refs/remotes/main [15ms]
2025-02-04 22:58:53.456 [info] > git config --local branch.main.vscode-merge-base [6ms]
2025-02-04 22:58:53.471 [info] > git for-each-ref --format=%(refname)%00%(upstream:short)%00%(objectname)%00%(upstream:track)%00%(upstream:remotename)%00%(upstream:remoteref) refs/heads/origin/main refs/remotes/origin/main [11ms]
2025-02-05 03:46:24.015 [info] > git ls-files --stage -- /home/hwlee4/ICS45C/HW3/src/standard_main.cpp [6ms]
2025-02-05 03:46:24.024 [info] > git show --textconv :src/standard_main.cpp [20ms]
2025-02-05 03:46:24.033 [info] > git cat-file -s 68773245dbdcfd0b88b2c67b8f7f4ccfd5da2d45 [9ms]
2025-02-05 03:46:25.622 [info] > git show --textconv :src/string.hpp [13ms]
2025-02-05 03:46:25.622 [info] > git ls-files --stage -- /home/hwlee4/ICS45C/HW3/src/string.hpp [7ms]
2025-02-05 03:46:25.638 [info] > git cat-file -s 955c2bc472a997ddf0de86a7c7715cf31d0a65d7 [9ms]
2025-02-05 03:46:26.717 [info] > git show --textconv :gtest/string_gtests.cpp [12ms]
2025-02-05 03:46:26.718 [info] > git ls-files --stage -- /home/hwlee4/ICS45C/HW3/gtest/string_gtests.cpp [8ms]
2025-02-05 03:46:26.730 [info] > git cat-file -s b1f4b1745b4ec5de550d4d1eed4ccef83255f3cd [8ms]
2025-02-05 03:46:27.203 [info] > git check-ignore -v -z --stdin [8ms]
2025-02-05 03:46:30.579 [info] > git check-ignore -v -z --stdin [9ms]
2025-02-05 03:46:32.064 [info] > git check-ignore -v -z --stdin [7ms]
2025-02-05 03:46:32.850 [info] > git ls-files --stage -- /home/hwlee4/ICS45C/HW4/src/alloc.cpp [8ms]
2025-02-05 03:46:32.855 [info] > git show --textconv :src/alloc.cpp [17ms]
2025-02-05 03:46:32.867 [info] > git cat-file -s 87ab00042c64e160f2dcde985d8de147a67aa7fb [12ms]
2025-02-05 03:46:33.534 [info] > git show --textconv :src/string.cpp [9ms]
2025-02-05 03:46:33.536 [info] > git ls-files --stage -- /home/hwlee4/ICS45C/HW4/src/string.cpp [7ms]
2025-02-05 03:46:33.551 [info] > git cat-file -s e69de29bb2d1d6434b8b29ae775ad8c2e48c5391 [11ms]
2025-02-05 03:46:35.254 [info] > git show --textconv :src/alloc.hpp [10ms]
2025-02-05 03:46:35.259 [info] > git ls-files --stage -- /home/hwlee4/ICS45C/HW4/src/alloc.hpp [9ms]
2025-02-05 03:46:35.275 [info] > git cat-file -s 68fee38907028f8369b66de8962ed70fa0a96c55 [11ms]
