2025-05-07 16:43:59.654 [info] [main] Log level: Info
2025-05-07 16:43:59.654 [info] [main] Validating found git in: "git"
2025-05-07 16:43:59.654 [info] [main] Using git "2.43.0" from "git"
2025-05-07 16:43:59.654 [info] [Model][doInitialScan] Initial repository scan started
2025-05-07 16:43:59.654 [info] > git rev-parse --show-toplevel [5ms]
2025-05-07 16:43:59.654 [info] > git rev-parse --path-format=relative --show-toplevel [2ms]
2025-05-07 16:43:59.654 [info] > git rev-parse --show-toplevel [3ms]
2025-05-07 16:43:59.654 [info] > git rev-parse --path-format=relative --show-toplevel [2ms]
2025-05-07 16:43:59.654 [info] > git rev-parse --git-dir --git-common-dir [2ms]
2025-05-07 16:43:59.654 [info] [Model][openRepository] Opened repository: /home/hwlee4/ICS45C/HW0
2025-05-07 16:43:59.654 [info] > git config --get commit.template [6ms]
2025-05-07 16:43:59.654 [info] > git rev-parse --show-toplevel [5ms]
2025-05-07 16:43:59.654 [info] > git rev-parse --path-format=relative --show-toplevel [4ms]
2025-05-07 16:43:59.654 [info] > git rev-parse --git-dir --git-common-dir [3ms]
2025-05-07 16:43:59.654 [info] [Model][openRepository] Opened repository: /home/hwlee4/ICS45C/HW1
2025-05-07 16:43:59.654 [info] > git for-each-ref --format=%(refname)%00%(upstream:short)%00%(objectname)%00%(upstream:track)%00%(upstream:remotename)%00%(upstream:remoteref) refs/heads/main refs/remotes/main [16ms]
2025-05-07 16:43:59.654 [info] > git config --get commit.template [3ms]
2025-05-07 16:43:59.654 [info] > git rev-parse --show-toplevel [5ms]
2025-05-07 16:43:59.654 [info] > git for-each-ref --format=%(refname)%00%(upstream:short)%00%(objectname)%00%(upstream:track)%00%(upstream:remotename)%00%(upstream:remoteref) refs/heads/main refs/remotes/main [10ms]
2025-05-07 16:43:59.654 [info] > git rev-parse --path-format=relative --show-toplevel [8ms]
2025-05-07 16:43:59.654 [info] > git status -z -uall [14ms]
2025-05-07 16:43:59.654 [info] > git for-each-ref --sort -committerdate --format %(refname) %(objectname) %(*objectname) [10ms]
2025-05-07 16:43:59.654 [info] > git rev-parse --git-dir --git-common-dir [8ms]
2025-05-07 16:43:59.654 [info] [Model][openRepository] Opened repository: /home/hwlee4/ICS45C/HW2
2025-05-07 16:43:59.654 [info] > git status -z -uall [28ms]
2025-05-07 16:43:59.654 [info] > git for-each-ref --sort -committerdate --format %(refname) %(objectname) %(*objectname) [25ms]
2025-05-07 16:43:59.654 [info] > git config --get commit.template [12ms]
2025-05-07 16:43:59.654 [info] > git rev-parse --show-toplevel [14ms]
2025-05-07 16:43:59.654 [info] > git config --get commit.template [19ms]
2025-05-07 16:43:59.654 [info] > git for-each-ref --format=%(refname)%00%(upstream:short)%00%(objectname)%00%(upstream:track)%00%(upstream:remotename)%00%(upstream:remoteref) refs/heads/main refs/remotes/main [23ms]
2025-05-07 16:43:59.654 [info] > git rev-parse --path-format=relative --show-toplevel [4ms]
2025-05-07 16:43:59.654 [info] > git config --get commit.template [8ms]
2025-05-07 16:43:59.654 [info] > git for-each-ref --format=%(refname)%00%(upstream:short)%00%(objectname)%00%(upstream:track)%00%(upstream:remotename)%00%(upstream:remoteref) refs/heads/main refs/remotes/main [12ms]
2025-05-07 16:43:59.654 [info] > git config --local branch.main.vscode-merge-base [15ms]
2025-05-07 16:43:59.654 [info] > git rev-parse --git-dir --git-common-dir [11ms]
2025-05-07 16:43:59.654 [info] [Model][openRepository] Opened repository: /home/hwlee4/ICS45C/HW3
2025-05-07 16:43:59.654 [info] > git for-each-ref --format=%(refname)%00%(upstream:short)%00%(objectname)%00%(upstream:track)%00%(upstream:remotename)%00%(upstream:remoteref) refs/heads/main refs/remotes/main [22ms]
2025-05-07 16:43:59.654 [info] > git for-each-ref --format=%(refname)%00%(upstream:short)%00%(objectname)%00%(upstream:track)%00%(upstream:remotename)%00%(upstream:remoteref) refs/heads/main refs/remotes/main [24ms]
2025-05-07 16:43:59.654 [info] > git config --local branch.main.vscode-merge-base [27ms]
2025-05-07 16:43:59.654 [info] > git for-each-ref --format=%(refname)%00%(upstream:short)%00%(objectname)%00%(upstream:track)%00%(upstream:remotename)%00%(upstream:remoteref) refs/heads/main refs/remotes/main [27ms]
2025-05-07 16:43:59.654 [info] > git for-each-ref --format=%(refname)%00%(upstream:short)%00%(objectname)%00%(upstream:track)%00%(upstream:remotename)%00%(upstream:remoteref) refs/heads/origin/main refs/remotes/origin/main [30ms]
2025-05-07 16:43:59.654 [info] > git merge-base refs/heads/main refs/remotes/origin/main [65ms]
2025-05-07 16:43:59.654 [info] > git rev-parse --show-toplevel [78ms]
2025-05-07 16:43:59.654 [info] > git config --get commit.template [83ms]
2025-05-07 16:43:59.654 [info] > git for-each-ref --format=%(refname)%00%(upstream:short)%00%(objectname)%00%(upstream:track)%00%(upstream:remotename)%00%(upstream:remoteref) refs/heads/origin/main refs/remotes/origin/main [87ms]
2025-05-07 16:43:59.654 [info] > git rev-parse --path-format=relative --show-toplevel [7ms]
2025-05-07 16:43:59.654 [info] > git diff --name-status -z --diff-filter=ADMR 2de1186af8d356e9b3e6443d56764a6c359645dc...refs/remotes/origin/main [9ms]
2025-05-07 16:43:59.654 [info] > git status -z -uall [17ms]
2025-05-07 16:43:59.654 [info] > git status -z -uall [12ms]
2025-05-07 16:43:59.654 [info] > git for-each-ref --sort -committerdate --format %(refname) %(objectname) %(*objectname) [15ms]
2025-05-07 16:43:59.654 [info] > git for-each-ref --format=%(refname)%00%(upstream:short)%00%(objectname)%00%(upstream:track)%00%(upstream:remotename)%00%(upstream:remoteref) refs/heads/main refs/remotes/main [23ms]
2025-05-07 16:43:59.654 [info] > git merge-base refs/heads/main refs/remotes/origin/main [30ms]
2025-05-07 16:43:59.657 [info] > git status -z -uall [15ms]
2025-05-07 16:43:59.658 [info] > git for-each-ref --sort -committerdate --format %(refname) %(objectname) %(*objectname) [13ms]
2025-05-07 16:43:59.662 [info] > git for-each-ref --sort -committerdate --format %(refname) %(objectname) %(*objectname) [25ms]
2025-05-07 16:43:59.669 [info] > git rev-parse --git-dir --git-common-dir [30ms]
2025-05-07 16:43:59.673 [info] [Model][openRepository] Opened repository: /home/hwlee4/ICS45C/HW4
2025-05-07 16:43:59.681 [info] > git merge-base refs/heads/main refs/remotes/origin/main [20ms]
2025-05-07 16:43:59.683 [info] > git diff --name-status -z --diff-filter=ADMR 1d941fbc59bc10f4d013441e18a8b73cc72449ad...refs/remotes/origin/main [31ms]
2025-05-07 16:43:59.686 [info] > git config --get commit.template [7ms]
2025-05-07 16:43:59.686 [info] > git config --get commit.template [10ms]
2025-05-07 16:43:59.686 [info] > git for-each-ref --format=%(refname)%00%(upstream:short)%00%(objectname)%00%(upstream:track)%00%(upstream:remotename)%00%(upstream:remoteref) refs/heads/main refs/remotes/main [19ms]
2025-05-07 16:43:59.695 [info] > git rev-parse --show-toplevel [15ms]
2025-05-07 16:43:59.702 [info] > git config --local branch.main.vscode-merge-base [14ms]
2025-05-07 16:43:59.704 [info] > git diff --name-status -z --diff-filter=ADMR 1d941fbc59bc10f4d013441e18a8b73cc72449ad...refs/remotes/origin/main [21ms]
2025-05-07 16:43:59.706 [info] > git status -z -uall [15ms]
2025-05-07 16:43:59.706 [info] > git for-each-ref --sort -committerdate --format %(refname) %(objectname) %(*objectname) [12ms]
2025-05-07 16:43:59.713 [info] > git rev-parse --path-format=relative --show-toplevel [16ms]
2025-05-07 16:43:59.718 [info] > git for-each-ref --format=%(refname)%00%(upstream:short)%00%(objectname)%00%(upstream:track)%00%(upstream:remotename)%00%(upstream:remoteref) refs/heads/origin/main refs/remotes/origin/main [14ms]
2025-05-07 16:43:59.721 [info] > git for-each-ref --format=%(refname)%00%(upstream:short)%00%(objectname)%00%(upstream:track)%00%(upstream:remotename)%00%(upstream:remoteref) refs/heads/main refs/remotes/main [20ms]
2025-05-07 16:43:59.721 [info] > git for-each-ref --format=%(refname)%00%(upstream:short)%00%(objectname)%00%(upstream:track)%00%(upstream:remotename)%00%(upstream:remoteref) refs/heads/main refs/remotes/main [22ms]
2025-05-07 16:43:59.722 [info] > git rev-parse --git-dir --git-common-dir [5ms]
2025-05-07 16:43:59.726 [info] [Model][openRepository] Opened repository: /home/hwlee4/ICS45C/HW5
2025-05-07 16:43:59.732 [info] [Model][doInitialScan] Initial repository scan completed - repositories (6), closed repositories (0), parent repositories (1), unsafe repositories (0)
2025-05-07 16:43:59.732 [info] > git config --get commit.template [17ms]
2025-05-07 16:43:59.732 [info] > git for-each-ref --format=%(refname)%00%(upstream:short)%00%(objectname)%00%(upstream:track)%00%(upstream:remotename)%00%(upstream:remoteref) refs/heads/main refs/remotes/main [21ms]
2025-05-07 16:43:59.769 [info] > git merge-base refs/heads/main refs/remotes/origin/main [48ms]
2025-05-07 16:43:59.776 [info] > git config --get commit.template [8ms]
2025-05-07 16:43:59.776 [info] > git config --local branch.main.vscode-merge-base [41ms]
2025-05-07 16:43:59.779 [info] > git diff --name-status -z --diff-filter=ADMR 6e366bc68f599c93d5b2306a1622b19a83ab6690...refs/remotes/origin/main [7ms]
2025-05-07 16:43:59.794 [info] > git status -z -uall [12ms]
2025-05-07 16:43:59.794 [info] > git for-each-ref --sort -committerdate --format %(refname) %(objectname) %(*objectname) [10ms]
2025-05-07 16:43:59.794 [info] > git for-each-ref --format=%(refname)%00%(upstream:short)%00%(objectname)%00%(upstream:track)%00%(upstream:remotename)%00%(upstream:remoteref) refs/heads/origin/main refs/remotes/origin/main [16ms]
2025-05-07 16:43:59.798 [info] > git for-each-ref --format=%(refname)%00%(upstream:short)%00%(objectname)%00%(upstream:track)%00%(upstream:remotename)%00%(upstream:remoteref) refs/heads/main refs/remotes/main [22ms]
2025-05-07 16:43:59.813 [info] > git status -z -uall [27ms]
2025-05-07 16:43:59.814 [info] > git merge-base refs/heads/main refs/remotes/origin/main [17ms]
2025-05-07 16:43:59.817 [info] > git for-each-ref --sort -committerdate --format %(refname) %(objectname) %(*objectname) [29ms]
2025-05-07 16:43:59.822 [info] > git config --get commit.template [10ms]
2025-05-07 16:43:59.822 [info] > git for-each-ref --format=%(refname)%00%(upstream:short)%00%(objectname)%00%(upstream:track)%00%(upstream:remotename)%00%(upstream:remoteref) refs/heads/main refs/remotes/main [16ms]
2025-05-07 16:43:59.825 [info] > git for-each-ref --format=%(refname)%00%(upstream:short)%00%(objectname)%00%(upstream:track)%00%(upstream:remotename)%00%(upstream:remoteref) refs/heads/main refs/remotes/main [35ms]
2025-05-07 16:43:59.828 [warning] [Git][revParse] Unable to read file: ENOENT: no such file or directory, open '/home/hwlee4/ICS45C/HW5/.git/refs/remotes/origin/main'
2025-05-07 16:43:59.828 [info] > git diff --name-status -z --diff-filter=ADMR b82b13244c860b4b7663b453b8013197209cca25...refs/remotes/origin/main [11ms]
2025-05-07 16:43:59.837 [info] > git config --local branch.main.vscode-merge-base [12ms]
2025-05-07 16:43:59.842 [info] > git status -z -uall [11ms]
2025-05-07 16:43:59.842 [info] > git rev-parse refs/remotes/origin/main [14ms]
2025-05-07 16:43:59.851 [info] > git for-each-ref --format=%(refname)%00%(upstream:short)%00%(objectname)%00%(upstream:track)%00%(upstream:remotename)%00%(upstream:remoteref) refs/heads/origin/main refs/remotes/origin/main [11ms]
2025-05-07 16:43:59.855 [info] > git for-each-ref --format=%(refname)%00%(upstream:short)%00%(objectname)%00%(upstream:track)%00%(upstream:remotename)%00%(upstream:remoteref) refs/heads/main refs/remotes/main [19ms]
2025-05-07 16:43:59.856 [info] > git for-each-ref --sort -committerdate --format %(refname) %(objectname) %(*objectname) [22ms]
2025-05-07 16:43:59.861 [info] > git for-each-ref --sort -committerdate --format %(refname) %(objectname) %(*objectname) [12ms]
2025-05-07 16:43:59.864 [info] > git merge-base refs/heads/main refs/remotes/origin/main [10ms]
2025-05-07 16:43:59.941 [info] > git status -z -uall [96ms]
2025-05-07 16:43:59.941 [info] > git status -z -uall [67ms]
2025-05-07 16:43:59.948 [info] > git for-each-ref --sort -committerdate --format %(refname) %(objectname) %(*objectname) [71ms]
2025-05-07 16:43:59.952 [info] > git diff --name-status -z --diff-filter=ADMR 941598b477db37f454b7d999bb01a8a980ee618a...refs/remotes/origin/main [85ms]
2025-05-07 16:43:59.956 [info] > git for-each-ref --format=%(refname)%00%(upstream:short)%00%(objectname)%00%(upstream:track)%00%(upstream:remotename)%00%(upstream:remoteref) refs/heads/main refs/remotes/main [9ms]
2025-05-07 16:43:59.960 [info] > git config --get commit.template [5ms]
2025-05-07 16:43:59.960 [info] > git merge-base refs/heads/main refs/remotes/origin/main [9ms]
2025-05-07 16:43:59.966 [info] > git config --local branch.main.vscode-merge-base [8ms]
2025-05-07 16:43:59.966 [warning] [Git][config] git config failed: Failed to execute git
2025-05-07 16:43:59.970 [info] > git diff --name-status -z --diff-filter=ADMR 941598b477db37f454b7d999bb01a8a980ee618a...refs/remotes/origin/main [7ms]
2025-05-07 16:43:59.973 [info] > git for-each-ref --format=%(refname)%00%(upstream:short)%00%(objectname)%00%(upstream:track)%00%(upstream:remotename)%00%(upstream:remoteref) refs/heads/main refs/remotes/main [8ms]
2025-05-07 16:43:59.976 [warning] [Git][revParse] Unable to read file: ENOENT: no such file or directory, open '/home/hwlee4/ICS45C/HW5/.git/refs/remotes/origin/main'
2025-05-07 16:43:59.979 [info] > git reflog main --grep-reflog=branch: Created from *. [10ms]
2025-05-07 16:43:59.982 [info] > git rev-parse refs/remotes/origin/main [6ms]
2025-05-07 16:43:59.988 [info] > git symbolic-ref --short refs/remotes/origin/HEAD [7ms]
2025-05-07 16:43:59.995 [info] > git for-each-ref --sort -committerdate --format %(refname) %(objectname) %(*objectname) [7ms]
2025-05-07 16:43:59.996 [info] > git for-each-ref --format=%(refname)%00%(upstream:short)%00%(objectname)%00%(upstream:track)%00%(upstream:remotename)%00%(upstream:remoteref) refs/heads/origin/main refs/remotes/origin/main [5ms]
2025-05-07 16:44:00.008 [info] > git status -z -uall [24ms]
2025-05-07 16:44:00.013 [info] > git config --local branch.main.vscode-merge-base origin/main [14ms]
2025-05-07 16:44:00.020 [info] > git config --get commit.template [3ms]
2025-05-07 16:44:00.020 [info] > git for-each-ref --format=%(refname)%00%(upstream:short)%00%(objectname)%00%(upstream:track)%00%(upstream:remotename)%00%(upstream:remoteref) refs/heads/main refs/remotes/main [8ms]
2025-05-07 16:44:00.026 [info] > git for-each-ref --format=%(refname)%00%(upstream:short)%00%(objectname)%00%(upstream:track)%00%(upstream:remotename)%00%(upstream:remoteref) refs/heads/main refs/remotes/main [8ms]
2025-05-07 16:44:00.026 [info] > git config --local branch.main.vscode-merge-base [4ms]
2025-05-07 16:44:00.030 [warning] [Git][revParse] Unable to read file: ENOENT: no such file or directory, open '/home/hwlee4/ICS45C/HW5/.git/refs/remotes/origin/main'
2025-05-07 16:44:00.034 [info] > git rev-parse refs/remotes/origin/main [4ms]
2025-05-07 16:44:00.039 [info] > git for-each-ref --format=%(refname)%00%(upstream:short)%00%(objectname)%00%(upstream:track)%00%(upstream:remotename)%00%(upstream:remoteref) refs/heads/origin/main refs/remotes/origin/main [11ms]
2025-05-07 16:44:00.046 [info] > git for-each-ref --sort -committerdate --format %(refname) %(objectname) %(*objectname) [8ms]
2025-05-07 16:44:00.046 [info] > git merge-base refs/heads/main refs/remotes/origin/main [5ms]
2025-05-07 16:44:00.055 [info] > git status -z -uall [19ms]
2025-05-07 16:44:00.062 [info] > git diff --name-status -z --diff-filter=ADMR d0a059e7c06d144c096e7125869f4d4e5fba9efd...refs/remotes/origin/main [12ms]
2025-05-07 16:44:00.064 [info] > git merge-base refs/heads/main refs/remotes/origin/main [6ms]
2025-05-07 16:44:00.067 [info] > git merge-base refs/heads/main refs/remotes/origin/main [6ms]
2025-05-07 16:44:00.071 [info] > git diff --name-status -z --diff-filter=ADMR d0a059e7c06d144c096e7125869f4d4e5fba9efd...refs/remotes/origin/main [5ms]
2025-05-07 16:44:00.074 [info] > git diff --name-status -z --diff-filter=ADMR d0a059e7c06d144c096e7125869f4d4e5fba9efd...refs/remotes/origin/main [5ms]
2025-05-07 16:44:00.793 [info] > git check-ignore -v -z --stdin [13ms]
2025-05-07 16:44:00.794 [info] > git check-ignore -v -z --stdin [12ms]
2025-05-07 16:44:00.794 [info] > git check-ignore -v -z --stdin [9ms]
2025-05-07 16:44:00.795 [info] > git check-ignore -v -z --stdin [7ms]
2025-05-07 16:44:00.795 [info] > git check-ignore -v -z --stdin [5ms]
2025-05-07 16:44:00.797 [info] > git check-ignore -v -z --stdin [5ms]
2025-05-07 16:44:00.828 [info] > git rev-parse --show-toplevel [2ms]
2025-05-07 16:44:00.832 [info] > git rev-parse --path-format=relative --show-toplevel [3ms]
2025-05-07 16:44:00.914 [info] > git rev-parse --show-toplevel [4ms]
2025-05-07 16:44:00.919 [info] > git rev-parse --path-format=relative --show-toplevel [3ms]
2025-05-07 16:44:01.074 [info] > git rev-parse --show-toplevel [4ms]
2025-05-07 16:44:01.079 [info] > git rev-parse --path-format=relative --show-toplevel [3ms]
2025-05-07 16:44:01.173 [info] > git config --get commit.template [5ms]
2025-05-07 16:44:01.180 [info] > git for-each-ref --format=%(refname)%00%(upstream:short)%00%(objectname)%00%(upstream:track)%00%(upstream:remotename)%00%(upstream:remoteref) refs/heads/main refs/remotes/main [8ms]
2025-05-07 16:44:01.183 [warning] [Git][revParse] Unable to read file: ENOENT: no such file or directory, open '/home/hwlee4/ICS45C/HW5/.git/refs/remotes/origin/main'
2025-05-07 16:44:01.187 [info] > git rev-parse refs/remotes/origin/main [4ms]
2025-05-07 16:44:01.200 [info] > git for-each-ref --sort -committerdate --format %(refname) %(objectname) %(*objectname) [7ms]
2025-05-07 16:44:01.211 [info] > git status -z -uall [21ms]
2025-05-07 16:44:18.295 [info] > git check-ignore -v -z --stdin [5ms]
2025-05-07 16:44:19.534 [info] > git show --textconv :src/alloc.cpp [5ms]
2025-05-07 16:44:19.536 [info] > git ls-files --stage -- /home/hwlee4/ICS45C/HW5/src/alloc.cpp [4ms]
2025-05-07 16:44:19.545 [info] > git cat-file -s a2325e133803de1cab419aab5bfd31f5fda99c83 [7ms]
2025-05-07 16:44:22.768 [info] > git show --textconv :src/alloc.hpp [6ms]
2025-05-07 16:44:22.770 [info] > git ls-files --stage -- /home/hwlee4/ICS45C/HW5/src/alloc.hpp [5ms]
2025-05-07 16:44:22.778 [info] > git cat-file -s 68fee38907028f8369b66de8962ed70fa0a96c55 [6ms]
2025-05-07 16:44:23.836 [info] > git show --textconv :src/list.cpp [5ms]
2025-05-07 16:44:23.838 [info] > git ls-files --stage -- /home/hwlee4/ICS45C/HW5/src/list.cpp [4ms]
2025-05-07 16:44:23.847 [info] > git cat-file -s e69de29bb2d1d6434b8b29ae775ad8c2e48c5391 [7ms]
2025-05-07 16:44:24.630 [info] > git show --textconv :src/list.hpp [7ms]
2025-05-07 16:44:24.631 [info] > git ls-files --stage -- /home/hwlee4/ICS45C/HW5/src/list.hpp [5ms]
2025-05-07 16:44:24.642 [info] > git cat-file -s 6d5c24a7f4848b894ede63323ece90d724a4c19b [8ms]
2025-05-07 20:28:58.233 [info] > git ls-files --stage -- /home/hwlee4/ICS45C/HW5/src/string.hpp [3ms]
2025-05-07 20:28:58.236 [info] > git show --textconv :src/string.hpp [8ms]
2025-05-07 20:28:58.243 [info] > git cat-file -s 10af9d727eca98f1d2a2bd42fbed0a73f5db62de [7ms]
2025-05-07 20:29:13.960 [info] > git check-ignore -v -z --stdin [6ms]
2025-05-07 20:30:45.098 [info] > git config --get commit.template [4ms]
2025-05-07 20:30:45.106 [info] > git for-each-ref --format=%(refname)%00%(upstream:short)%00%(objectname)%00%(upstream:track)%00%(upstream:remotename)%00%(upstream:remoteref) refs/heads/main refs/remotes/main [8ms]
2025-05-07 20:30:45.108 [warning] [Git][revParse] Unable to read file: ENOENT: no such file or directory, open '/home/hwlee4/ICS45C/HW5/.git/refs/remotes/origin/main'
2025-05-07 20:30:45.112 [info] > git rev-parse refs/remotes/origin/main [4ms]
2025-05-07 20:30:45.124 [info] > git for-each-ref --sort -committerdate --format %(refname) %(objectname) %(*objectname) [7ms]
2025-05-07 20:30:45.137 [info] > git status -z -uall [23ms]
2025-05-07 20:30:50.151 [info] > git config --get commit.template [4ms]
2025-05-07 20:30:50.158 [info] > git for-each-ref --format=%(refname)%00%(upstream:short)%00%(objectname)%00%(upstream:track)%00%(upstream:remotename)%00%(upstream:remoteref) refs/heads/main refs/remotes/main [7ms]
2025-05-07 20:30:50.161 [warning] [Git][revParse] Unable to read file: ENOENT: no such file or directory, open '/home/hwlee4/ICS45C/HW5/.git/refs/remotes/origin/main'
2025-05-07 20:30:50.164 [info] > git rev-parse refs/remotes/origin/main [3ms]
2025-05-07 20:30:50.176 [info] > git for-each-ref --sort -committerdate --format %(refname) %(objectname) %(*objectname) [6ms]
2025-05-07 20:30:50.186 [info] > git status -z -uall [19ms]
2025-05-07 20:31:07.283 [info] > git show --textconv :src/string.cpp [5ms]
2025-05-07 20:31:07.284 [info] > git ls-files --stage -- /home/hwlee4/ICS45C/HW5/src/string.cpp [4ms]
2025-05-07 20:31:07.292 [info] > git cat-file -s e69de29bb2d1d6434b8b29ae775ad8c2e48c5391 [6ms]
2025-05-07 20:31:18.735 [info] > git config --get commit.template [2ms]
2025-05-07 20:31:18.743 [info] > git for-each-ref --format=%(refname)%00%(upstream:short)%00%(objectname)%00%(upstream:track)%00%(upstream:remotename)%00%(upstream:remoteref) refs/heads/main refs/remotes/main [8ms]
2025-05-07 20:31:18.745 [warning] [Git][revParse] Unable to read file: ENOENT: no such file or directory, open '/home/hwlee4/ICS45C/HW5/.git/refs/remotes/origin/main'
2025-05-07 20:31:18.748 [info] > git rev-parse refs/remotes/origin/main [3ms]
2025-05-07 20:31:18.761 [info] > git for-each-ref --sort -committerdate --format %(refname) %(objectname) %(*objectname) [8ms]
2025-05-07 20:31:18.774 [info] > git status -z -uall [23ms]
2025-05-07 20:31:52.940 [info] > git config --get commit.template [4ms]
2025-05-07 20:31:52.949 [info] > git for-each-ref --format=%(refname)%00%(upstream:short)%00%(objectname)%00%(upstream:track)%00%(upstream:remotename)%00%(upstream:remoteref) refs/heads/main refs/remotes/main [9ms]
2025-05-07 20:31:52.951 [warning] [Git][revParse] Unable to read file: ENOENT: no such file or directory, open '/home/hwlee4/ICS45C/HW5/.git/refs/remotes/origin/main'
2025-05-07 20:31:52.955 [info] > git rev-parse refs/remotes/origin/main [4ms]
2025-05-07 20:31:52.967 [info] > git for-each-ref --sort -committerdate --format %(refname) %(objectname) %(*objectname) [7ms]
2025-05-07 20:31:52.982 [info] > git status -z -uall [25ms]
2025-05-07 20:31:59.387 [info] > git config --get commit.template [3ms]
2025-05-07 20:31:59.393 [info] > git for-each-ref --format=%(refname)%00%(upstream:short)%00%(objectname)%00%(upstream:track)%00%(upstream:remotename)%00%(upstream:remoteref) refs/heads/main refs/remotes/main [7ms]
2025-05-07 20:31:59.396 [warning] [Git][revParse] Unable to read file: ENOENT: no such file or directory, open '/home/hwlee4/ICS45C/HW5/.git/refs/remotes/origin/main'
2025-05-07 20:31:59.400 [info] > git rev-parse refs/remotes/origin/main [4ms]
2025-05-07 20:31:59.413 [info] > git for-each-ref --sort -committerdate --format %(refname) %(objectname) %(*objectname) [7ms]
2025-05-07 20:31:59.421 [info] > git status -z -uall [18ms]
2025-05-07 20:32:04.432 [info] > git config --get commit.template [4ms]
2025-05-07 20:32:04.439 [info] > git for-each-ref --format=%(refname)%00%(upstream:short)%00%(objectname)%00%(upstream:track)%00%(upstream:remotename)%00%(upstream:remoteref) refs/heads/main refs/remotes/main [7ms]
2025-05-07 20:32:04.443 [warning] [Git][revParse] Unable to read file: ENOENT: no such file or directory, open '/home/hwlee4/ICS45C/HW5/.git/refs/remotes/origin/main'
2025-05-07 20:32:04.446 [info] > git rev-parse refs/remotes/origin/main [4ms]
2025-05-07 20:32:04.460 [info] > git for-each-ref --sort -committerdate --format %(refname) %(objectname) %(*objectname) [7ms]
2025-05-07 20:32:04.469 [info] > git status -z -uall [20ms]
2025-05-07 20:34:01.588 [info] > git ls-files --stage -- /home/hwlee4/ICS45C/HW5/src/list.hpp [4ms]
2025-05-07 20:34:01.591 [info] > git show --textconv :src/list.hpp [10ms]
2025-05-07 20:34:01.596 [info] > git cat-file -s 6d5c24a7f4848b894ede63323ece90d724a4c19b [4ms]
2025-05-07 20:34:15.036 [info] > git show --textconv :src/standard_main.cpp [5ms]
2025-05-07 20:34:15.039 [info] > git ls-files --stage -- /home/hwlee4/ICS45C/HW5/src/standard_main.cpp [5ms]
2025-05-07 20:34:15.049 [info] > git cat-file -s c8c961a393465df9017f662f52385ddf89da0338 [7ms]
2025-05-07 20:34:15.791 [info] > git show --textconv :src/string.cpp [7ms]
2025-05-07 20:34:15.791 [info] > git ls-files --stage -- /home/hwlee4/ICS45C/HW5/src/string.cpp [5ms]
2025-05-07 20:34:15.799 [info] > git cat-file -s e69de29bb2d1d6434b8b29ae775ad8c2e48c5391 [6ms]
2025-05-07 20:34:16.883 [info] > git config --get commit.template [3ms]
2025-05-07 20:34:16.890 [info] > git for-each-ref --format=%(refname)%00%(upstream:short)%00%(objectname)%00%(upstream:track)%00%(upstream:remotename)%00%(upstream:remoteref) refs/heads/main refs/remotes/main [8ms]
2025-05-07 20:34:16.892 [warning] [Git][revParse] Unable to read file: ENOENT: no such file or directory, open '/home/hwlee4/ICS45C/HW5/.git/refs/remotes/origin/main'
2025-05-07 20:34:16.896 [info] > git rev-parse refs/remotes/origin/main [4ms]
2025-05-07 20:34:16.908 [info] > git for-each-ref --sort -committerdate --format %(refname) %(objectname) %(*objectname) [7ms]
2025-05-07 20:34:16.921 [info] > git status -z -uall [23ms]
2025-05-07 20:34:17.433 [info] > git show --textconv :src/list.hpp [6ms]
2025-05-07 20:34:17.434 [info] > git ls-files --stage -- /home/hwlee4/ICS45C/HW5/src/list.hpp [4ms]
2025-05-07 20:34:17.441 [info] > git cat-file -s 6d5c24a7f4848b894ede63323ece90d724a4c19b [4ms]
2025-05-07 20:34:18.295 [info] > git show --textconv :src/list.cpp [5ms]
2025-05-07 20:34:18.296 [info] > git ls-files --stage -- /home/hwlee4/ICS45C/HW5/src/list.cpp [4ms]
2025-05-07 20:34:18.303 [info] > git cat-file -s e69de29bb2d1d6434b8b29ae775ad8c2e48c5391 [5ms]
2025-05-07 20:34:40.143 [info] > git config --get commit.template [3ms]
2025-05-07 20:34:40.149 [info] > git for-each-ref --format=%(refname)%00%(upstream:short)%00%(objectname)%00%(upstream:track)%00%(upstream:remotename)%00%(upstream:remoteref) refs/heads/main refs/remotes/main [7ms]
2025-05-07 20:34:40.151 [warning] [Git][revParse] Unable to read file: ENOENT: no such file or directory, open '/home/hwlee4/ICS45C/HW5/.git/refs/remotes/origin/main'
2025-05-07 20:34:40.155 [info] > git rev-parse refs/remotes/origin/main [4ms]
2025-05-07 20:34:40.166 [info] > git for-each-ref --sort -committerdate --format %(refname) %(objectname) %(*objectname) [7ms]
2025-05-07 20:34:40.175 [info] > git status -z -uall [18ms]
2025-05-07 20:34:45.184 [info] > git config --get commit.template [3ms]
2025-05-07 20:34:45.191 [info] > git for-each-ref --format=%(refname)%00%(upstream:short)%00%(objectname)%00%(upstream:track)%00%(upstream:remotename)%00%(upstream:remoteref) refs/heads/main refs/remotes/main [7ms]
2025-05-07 20:34:45.193 [warning] [Git][revParse] Unable to read file: ENOENT: no such file or directory, open '/home/hwlee4/ICS45C/HW5/.git/refs/remotes/origin/main'
2025-05-07 20:34:45.197 [info] > git rev-parse refs/remotes/origin/main [4ms]
2025-05-07 20:34:45.209 [info] > git for-each-ref --sort -committerdate --format %(refname) %(objectname) %(*objectname) [6ms]
2025-05-07 20:34:45.217 [info] > git status -z -uall [18ms]
2025-05-07 20:34:50.228 [info] > git config --get commit.template [4ms]
2025-05-07 20:34:50.235 [info] > git for-each-ref --format=%(refname)%00%(upstream:short)%00%(objectname)%00%(upstream:track)%00%(upstream:remotename)%00%(upstream:remoteref) refs/heads/main refs/remotes/main [7ms]
2025-05-07 20:34:50.238 [warning] [Git][revParse] Unable to read file: ENOENT: no such file or directory, open '/home/hwlee4/ICS45C/HW5/.git/refs/remotes/origin/main'
2025-05-07 20:34:50.242 [info] > git rev-parse refs/remotes/origin/main [4ms]
2025-05-07 20:34:50.256 [info] > git for-each-ref --sort -committerdate --format %(refname) %(objectname) %(*objectname) [7ms]
2025-05-07 20:34:50.264 [info] > git status -z -uall [19ms]
2025-05-07 20:34:55.273 [info] > git config --get commit.template [4ms]
2025-05-07 20:34:55.280 [info] > git for-each-ref --format=%(refname)%00%(upstream:short)%00%(objectname)%00%(upstream:track)%00%(upstream:remotename)%00%(upstream:remoteref) refs/heads/main refs/remotes/main [7ms]
2025-05-07 20:34:55.282 [warning] [Git][revParse] Unable to read file: ENOENT: no such file or directory, open '/home/hwlee4/ICS45C/HW5/.git/refs/remotes/origin/main'
2025-05-07 20:34:55.286 [info] > git rev-parse refs/remotes/origin/main [4ms]
2025-05-07 20:34:55.300 [info] > git for-each-ref --sort -committerdate --format %(refname) %(objectname) %(*objectname) [7ms]
2025-05-07 20:34:55.308 [info] > git status -z -uall [19ms]
2025-05-07 20:35:00.317 [info] > git config --get commit.template [3ms]
2025-05-07 20:35:00.324 [info] > git for-each-ref --format=%(refname)%00%(upstream:short)%00%(objectname)%00%(upstream:track)%00%(upstream:remotename)%00%(upstream:remoteref) refs/heads/main refs/remotes/main [7ms]
2025-05-07 20:35:00.327 [warning] [Git][revParse] Unable to read file: ENOENT: no such file or directory, open '/home/hwlee4/ICS45C/HW5/.git/refs/remotes/origin/main'
2025-05-07 20:35:00.331 [info] > git rev-parse refs/remotes/origin/main [4ms]
2025-05-07 20:35:00.344 [info] > git for-each-ref --sort -committerdate --format %(refname) %(objectname) %(*objectname) [7ms]
2025-05-07 20:35:00.352 [info] > git status -z -uall [18ms]
2025-05-07 20:35:05.363 [info] > git config --get commit.template [4ms]
2025-05-07 20:35:05.370 [info] > git for-each-ref --format=%(refname)%00%(upstream:short)%00%(objectname)%00%(upstream:track)%00%(upstream:remotename)%00%(upstream:remoteref) refs/heads/main refs/remotes/main [7ms]
2025-05-07 20:35:05.373 [warning] [Git][revParse] Unable to read file: ENOENT: no such file or directory, open '/home/hwlee4/ICS45C/HW5/.git/refs/remotes/origin/main'
2025-05-07 20:35:05.376 [info] > git rev-parse refs/remotes/origin/main [3ms]
2025-05-07 20:35:05.389 [info] > git for-each-ref --sort -committerdate --format %(refname) %(objectname) %(*objectname) [7ms]
2025-05-07 20:35:05.398 [info] > git status -z -uall [19ms]
2025-05-07 20:35:10.408 [info] > git config --get commit.template [4ms]
2025-05-07 20:35:10.415 [info] > git for-each-ref --format=%(refname)%00%(upstream:short)%00%(objectname)%00%(upstream:track)%00%(upstream:remotename)%00%(upstream:remoteref) refs/heads/main refs/remotes/main [8ms]
2025-05-07 20:35:10.418 [warning] [Git][revParse] Unable to read file: ENOENT: no such file or directory, open '/home/hwlee4/ICS45C/HW5/.git/refs/remotes/origin/main'
2025-05-07 20:35:10.421 [info] > git rev-parse refs/remotes/origin/main [3ms]
2025-05-07 20:35:10.434 [info] > git for-each-ref --sort -committerdate --format %(refname) %(objectname) %(*objectname) [7ms]
2025-05-07 20:35:10.442 [info] > git status -z -uall [18ms]
2025-05-07 20:35:15.453 [info] > git config --get commit.template [4ms]
2025-05-07 20:35:15.459 [info] > git for-each-ref --format=%(refname)%00%(upstream:short)%00%(objectname)%00%(upstream:track)%00%(upstream:remotename)%00%(upstream:remoteref) refs/heads/main refs/remotes/main [7ms]
2025-05-07 20:35:15.462 [warning] [Git][revParse] Unable to read file: ENOENT: no such file or directory, open '/home/hwlee4/ICS45C/HW5/.git/refs/remotes/origin/main'
2025-05-07 20:35:15.466 [info] > git rev-parse refs/remotes/origin/main [4ms]
2025-05-07 20:35:15.480 [info] > git for-each-ref --sort -committerdate --format %(refname) %(objectname) %(*objectname) [8ms]
2025-05-07 20:35:15.487 [info] > git status -z -uall [18ms]
2025-05-07 20:35:23.989 [info] > git config --get commit.template [4ms]
2025-05-07 20:35:23.996 [info] > git for-each-ref --format=%(refname)%00%(upstream:short)%00%(objectname)%00%(upstream:track)%00%(upstream:remotename)%00%(upstream:remoteref) refs/heads/main refs/remotes/main [8ms]
2025-05-07 20:35:23.999 [warning] [Git][revParse] Unable to read file: ENOENT: no such file or directory, open '/home/hwlee4/ICS45C/HW5/.git/refs/remotes/origin/main'
2025-05-07 20:35:24.003 [info] > git rev-parse refs/remotes/origin/main [4ms]
2025-05-07 20:35:24.017 [info] > git for-each-ref --sort -committerdate --format %(refname) %(objectname) %(*objectname) [7ms]
2025-05-07 20:35:24.025 [info] > git status -z -uall [19ms]
2025-05-07 20:35:29.036 [info] > git config --get commit.template [4ms]
2025-05-07 20:35:29.042 [info] > git for-each-ref --format=%(refname)%00%(upstream:short)%00%(objectname)%00%(upstream:track)%00%(upstream:remotename)%00%(upstream:remoteref) refs/heads/main refs/remotes/main [7ms]
2025-05-07 20:35:29.046 [warning] [Git][revParse] Unable to read file: ENOENT: no such file or directory, open '/home/hwlee4/ICS45C/HW5/.git/refs/remotes/origin/main'
2025-05-07 20:35:29.049 [info] > git rev-parse refs/remotes/origin/main [4ms]
2025-05-07 20:35:29.063 [info] > git for-each-ref --sort -committerdate --format %(refname) %(objectname) %(*objectname) [7ms]
2025-05-07 20:35:29.069 [info] > git status -z -uall [17ms]
2025-05-07 20:36:12.454 [info] > git config --get commit.template [4ms]
2025-05-07 20:36:12.460 [info] > git for-each-ref --format=%(refname)%00%(upstream:short)%00%(objectname)%00%(upstream:track)%00%(upstream:remotename)%00%(upstream:remoteref) refs/heads/main refs/remotes/main [7ms]
2025-05-07 20:36:12.464 [warning] [Git][revParse] Unable to read file: ENOENT: no such file or directory, open '/home/hwlee4/ICS45C/HW5/.git/refs/remotes/origin/main'
2025-05-07 20:36:12.468 [info] > git rev-parse refs/remotes/origin/main [4ms]
2025-05-07 20:36:12.482 [info] > git for-each-ref --sort -committerdate --format %(refname) %(objectname) %(*objectname) [7ms]
2025-05-07 20:36:12.489 [info] > git status -z -uall [17ms]
2025-05-07 20:36:17.499 [info] > git config --get commit.template [3ms]
2025-05-07 20:36:17.505 [info] > git for-each-ref --format=%(refname)%00%(upstream:short)%00%(objectname)%00%(upstream:track)%00%(upstream:remotename)%00%(upstream:remoteref) refs/heads/main refs/remotes/main [7ms]
2025-05-07 20:36:17.508 [warning] [Git][revParse] Unable to read file: ENOENT: no such file or directory, open '/home/hwlee4/ICS45C/HW5/.git/refs/remotes/origin/main'
2025-05-07 20:36:17.510 [info] > git rev-parse refs/remotes/origin/main [3ms]
2025-05-07 20:36:17.522 [info] > git for-each-ref --sort -committerdate --format %(refname) %(objectname) %(*objectname) [7ms]
2025-05-07 20:36:17.530 [info] > git status -z -uall [17ms]
2025-05-07 20:36:22.539 [info] > git config --get commit.template [3ms]
2025-05-07 20:36:22.545 [info] > git for-each-ref --format=%(refname)%00%(upstream:short)%00%(objectname)%00%(upstream:track)%00%(upstream:remotename)%00%(upstream:remoteref) refs/heads/main refs/remotes/main [6ms]
2025-05-07 20:36:22.547 [warning] [Git][revParse] Unable to read file: ENOENT: no such file or directory, open '/home/hwlee4/ICS45C/HW5/.git/refs/remotes/origin/main'
2025-05-07 20:36:22.550 [info] > git rev-parse refs/remotes/origin/main [3ms]
2025-05-07 20:36:22.562 [info] > git for-each-ref --sort -committerdate --format %(refname) %(objectname) %(*objectname) [7ms]
2025-05-07 20:36:22.571 [info] > git status -z -uall [18ms]
2025-05-07 20:36:27.915 [info] > git config --get commit.template [4ms]
2025-05-07 20:36:27.921 [info] > git for-each-ref --format=%(refname)%00%(upstream:short)%00%(objectname)%00%(upstream:track)%00%(upstream:remotename)%00%(upstream:remoteref) refs/heads/main refs/remotes/main [7ms]
2025-05-07 20:36:27.924 [warning] [Git][revParse] Unable to read file: ENOENT: no such file or directory, open '/home/hwlee4/ICS45C/HW5/.git/refs/remotes/origin/main'
2025-05-07 20:36:27.927 [info] > git rev-parse refs/remotes/origin/main [3ms]
2025-05-07 20:36:27.941 [info] > git for-each-ref --sort -committerdate --format %(refname) %(objectname) %(*objectname) [7ms]
2025-05-07 20:36:27.949 [info] > git status -z -uall [19ms]
2025-05-07 20:36:33.345 [info] > git config --get commit.template [3ms]
2025-05-07 20:36:33.352 [info] > git for-each-ref --format=%(refname)%00%(upstream:short)%00%(objectname)%00%(upstream:track)%00%(upstream:remotename)%00%(upstream:remoteref) refs/heads/main refs/remotes/main [7ms]
2025-05-07 20:36:33.355 [warning] [Git][revParse] Unable to read file: ENOENT: no such file or directory, open '/home/hwlee4/ICS45C/HW5/.git/refs/remotes/origin/main'
2025-05-07 20:36:33.359 [info] > git rev-parse refs/remotes/origin/main [4ms]
2025-05-07 20:36:33.373 [info] > git for-each-ref --sort -committerdate --format %(refname) %(objectname) %(*objectname) [7ms]
2025-05-07 20:36:33.379 [info] > git status -z -uall [18ms]
2025-05-07 20:50:43.277 [info] > git config --get commit.template [4ms]
2025-05-07 20:50:43.285 [info] > git for-each-ref --format=%(refname)%00%(upstream:short)%00%(objectname)%00%(upstream:track)%00%(upstream:remotename)%00%(upstream:remoteref) refs/heads/main refs/remotes/main [9ms]
2025-05-07 20:50:43.288 [warning] [Git][revParse] Unable to read file: ENOENT: no such file or directory, open '/home/hwlee4/ICS45C/HW5/.git/refs/remotes/origin/main'
2025-05-07 20:50:43.292 [info] > git rev-parse refs/remotes/origin/main [4ms]
2025-05-07 20:50:43.306 [info] > git for-each-ref --sort -committerdate --format %(refname) %(objectname) %(*objectname) [7ms]
2025-05-07 20:50:43.319 [info] > git status -z -uall [24ms]
2025-05-07 20:50:48.331 [info] > git config --get commit.template [5ms]
2025-05-07 20:50:48.337 [info] > git for-each-ref --format=%(refname)%00%(upstream:short)%00%(objectname)%00%(upstream:track)%00%(upstream:remotename)%00%(upstream:remoteref) refs/heads/main refs/remotes/main [7ms]
2025-05-07 20:50:48.339 [warning] [Git][revParse] Unable to read file: ENOENT: no such file or directory, open '/home/hwlee4/ICS45C/HW5/.git/refs/remotes/origin/main'
2025-05-07 20:50:48.343 [info] > git rev-parse refs/remotes/origin/main [4ms]
2025-05-07 20:50:48.355 [info] > git for-each-ref --sort -committerdate --format %(refname) %(objectname) %(*objectname) [7ms]
2025-05-07 20:50:48.364 [info] > git status -z -uall [19ms]
2025-05-07 20:51:17.571 [info] > git config --get commit.template [4ms]
2025-05-07 20:51:17.577 [info] > git for-each-ref --format=%(refname)%00%(upstream:short)%00%(objectname)%00%(upstream:track)%00%(upstream:remotename)%00%(upstream:remoteref) refs/heads/main refs/remotes/main [6ms]
2025-05-07 20:51:17.580 [warning] [Git][revParse] Unable to read file: ENOENT: no such file or directory, open '/home/hwlee4/ICS45C/HW5/.git/refs/remotes/origin/main'
2025-05-07 20:51:17.584 [info] > git rev-parse refs/remotes/origin/main [4ms]
2025-05-07 20:51:17.596 [info] > git for-each-ref --sort -committerdate --format %(refname) %(objectname) %(*objectname) [6ms]
2025-05-07 20:51:17.604 [info] > git status -z -uall [18ms]
2025-05-07 20:51:22.615 [info] > git config --get commit.template [4ms]
2025-05-07 20:51:22.622 [info] > git for-each-ref --format=%(refname)%00%(upstream:short)%00%(objectname)%00%(upstream:track)%00%(upstream:remotename)%00%(upstream:remoteref) refs/heads/main refs/remotes/main [8ms]
2025-05-07 20:51:22.624 [warning] [Git][revParse] Unable to read file: ENOENT: no such file or directory, open '/home/hwlee4/ICS45C/HW5/.git/refs/remotes/origin/main'
2025-05-07 20:51:22.628 [info] > git rev-parse refs/remotes/origin/main [4ms]
2025-05-07 20:51:22.640 [info] > git for-each-ref --sort -committerdate --format %(refname) %(objectname) %(*objectname) [6ms]
2025-05-07 20:51:22.648 [info] > git status -z -uall [18ms]
2025-05-07 20:51:27.658 [info] > git config --get commit.template [4ms]
2025-05-07 20:51:27.665 [info] > git for-each-ref --format=%(refname)%00%(upstream:short)%00%(objectname)%00%(upstream:track)%00%(upstream:remotename)%00%(upstream:remoteref) refs/heads/main refs/remotes/main [8ms]
2025-05-07 20:51:27.668 [warning] [Git][revParse] Unable to read file: ENOENT: no such file or directory, open '/home/hwlee4/ICS45C/HW5/.git/refs/remotes/origin/main'
2025-05-07 20:51:27.672 [info] > git rev-parse refs/remotes/origin/main [4ms]
2025-05-07 20:51:27.686 [info] > git for-each-ref --sort -committerdate --format %(refname) %(objectname) %(*objectname) [7ms]
2025-05-07 20:51:27.693 [info] > git status -z -uall [18ms]
2025-05-07 20:51:32.701 [info] > git config --get commit.template [3ms]
2025-05-07 20:51:32.708 [info] > git for-each-ref --format=%(refname)%00%(upstream:short)%00%(objectname)%00%(upstream:track)%00%(upstream:remotename)%00%(upstream:remoteref) refs/heads/main refs/remotes/main [7ms]
2025-05-07 20:51:32.711 [warning] [Git][revParse] Unable to read file: ENOENT: no such file or directory, open '/home/hwlee4/ICS45C/HW5/.git/refs/remotes/origin/main'
2025-05-07 20:51:32.714 [info] > git rev-parse refs/remotes/origin/main [3ms]
2025-05-07 20:51:32.725 [info] > git for-each-ref --sort -committerdate --format %(refname) %(objectname) %(*objectname) [6ms]
2025-05-07 20:51:32.735 [info] > git status -z -uall [18ms]
2025-05-07 20:51:37.744 [info] > git config --get commit.template [3ms]
2025-05-07 20:51:37.750 [info] > git for-each-ref --format=%(refname)%00%(upstream:short)%00%(objectname)%00%(upstream:track)%00%(upstream:remotename)%00%(upstream:remoteref) refs/heads/main refs/remotes/main [7ms]
2025-05-07 20:51:37.753 [warning] [Git][revParse] Unable to read file: ENOENT: no such file or directory, open '/home/hwlee4/ICS45C/HW5/.git/refs/remotes/origin/main'
2025-05-07 20:51:37.756 [info] > git rev-parse refs/remotes/origin/main [3ms]
2025-05-07 20:51:37.768 [info] > git for-each-ref --sort -committerdate --format %(refname) %(objectname) %(*objectname) [7ms]
2025-05-07 20:51:37.775 [info] > git status -z -uall [17ms]
2025-05-07 20:53:01.829 [info] > git ls-files --stage -- /home/hwlee4/ICS45C/HW5/src/alloc.hpp [4ms]
2025-05-07 20:53:01.832 [info] > git show --textconv :src/alloc.hpp [10ms]
2025-05-07 20:53:01.837 [info] > git cat-file -s 68fee38907028f8369b66de8962ed70fa0a96c55 [5ms]
2025-05-07 20:53:05.510 [info] > git show --textconv :src/list.cpp [5ms]
2025-05-07 20:53:05.512 [info] > git ls-files --stage -- /home/hwlee4/ICS45C/HW5/src/list.cpp [4ms]
2025-05-07 20:53:05.520 [info] > git cat-file -s e69de29bb2d1d6434b8b29ae775ad8c2e48c5391 [4ms]
2025-05-07 20:54:14.711 [info] > git check-ignore -v -z --stdin [5ms]
2025-05-07 20:54:15.181 [info] > git config --get commit.template [4ms]
2025-05-07 20:54:15.189 [info] > git for-each-ref --format=%(refname)%00%(upstream:short)%00%(objectname)%00%(upstream:track)%00%(upstream:remotename)%00%(upstream:remoteref) refs/heads/main refs/remotes/main [9ms]
2025-05-07 20:54:15.192 [warning] [Git][revParse] Unable to read file: ENOENT: no such file or directory, open '/home/hwlee4/ICS45C/HW5/.git/refs/remotes/origin/main'
2025-05-07 20:54:15.195 [info] > git rev-parse refs/remotes/origin/main [3ms]
2025-05-07 20:54:15.209 [info] > git for-each-ref --sort -committerdate --format %(refname) %(objectname) %(*objectname) [8ms]
2025-05-07 20:54:15.220 [info] > git status -z -uall [22ms]
2025-05-07 20:54:28.068 [info] > git config --get commit.template [3ms]
2025-05-07 20:54:28.075 [info] > git for-each-ref --format=%(refname)%00%(upstream:short)%00%(objectname)%00%(upstream:track)%00%(upstream:remotename)%00%(upstream:remoteref) refs/heads/main refs/remotes/main [7ms]
2025-05-07 20:54:28.077 [warning] [Git][revParse] Unable to read file: ENOENT: no such file or directory, open '/home/hwlee4/ICS45C/HW5/.git/refs/remotes/origin/main'
2025-05-07 20:54:28.081 [info] > git rev-parse refs/remotes/origin/main [4ms]
2025-05-07 20:54:28.091 [info] > git for-each-ref --sort -committerdate --format %(refname) %(objectname) %(*objectname) [6ms]
2025-05-07 20:54:28.101 [info] > git status -z -uall [18ms]
2025-05-07 20:54:40.157 [info] > git config --get commit.template [4ms]
2025-05-07 20:54:40.164 [info] > git for-each-ref --format=%(refname)%00%(upstream:short)%00%(objectname)%00%(upstream:track)%00%(upstream:remotename)%00%(upstream:remoteref) refs/heads/main refs/remotes/main [8ms]
2025-05-07 20:54:40.168 [warning] [Git][revParse] Unable to read file: ENOENT: no such file or directory, open '/home/hwlee4/ICS45C/HW5/.git/refs/remotes/origin/main'
2025-05-07 20:54:40.171 [info] > git rev-parse refs/remotes/origin/main [3ms]
2025-05-07 20:54:40.186 [info] > git for-each-ref --sort -committerdate --format %(refname) %(objectname) %(*objectname) [7ms]
2025-05-07 20:54:40.195 [info] > git status -z -uall [20ms]
2025-05-07 20:55:25.178 [info] > git check-ignore -v -z --stdin [4ms]
2025-05-07 20:56:06.966 [info] > git show --textconv :src/list.hpp [7ms]
2025-05-07 20:56:06.966 [info] > git ls-files --stage -- /home/hwlee4/ICS45C/HW5/src/list.hpp [3ms]
2025-05-07 20:56:06.974 [info] > git cat-file -s 6d5c24a7f4848b894ede63323ece90d724a4c19b [5ms]
2025-05-07 20:56:09.559 [info] > git show --textconv :src/string.cpp [5ms]
2025-05-07 20:56:09.561 [info] > git ls-files --stage -- /home/hwlee4/ICS45C/HW5/src/string.cpp [4ms]
2025-05-07 20:56:09.569 [info] > git cat-file -s e69de29bb2d1d6434b8b29ae775ad8c2e48c5391 [5ms]
2025-05-07 20:56:12.830 [info] > git rev-parse --show-toplevel [4ms]
2025-05-07 20:56:12.836 [info] > git rev-parse --path-format=relative --show-toplevel [3ms]
2025-05-07 20:56:12.843 [info] > git rev-parse --show-toplevel [3ms]
2025-05-07 20:56:12.849 [info] > git rev-parse --path-format=relative --show-toplevel [3ms]
2025-05-07 20:56:12.856 [info] > git rev-parse --show-toplevel [3ms]
2025-05-07 20:56:12.862 [info] > git rev-parse --path-format=relative --show-toplevel [3ms]
2025-05-07 20:56:12.869 [info] > git rev-parse --show-toplevel [3ms]
2025-05-07 20:56:12.875 [info] > git rev-parse --path-format=relative --show-toplevel [3ms]
2025-05-07 20:56:12.882 [info] > git rev-parse --show-toplevel [3ms]
2025-05-07 20:56:12.888 [info] > git rev-parse --path-format=relative --show-toplevel [3ms]
2025-05-07 20:56:12.894 [info] > git rev-parse --show-toplevel [3ms]
2025-05-07 20:56:12.901 [info] > git rev-parse --path-format=relative --show-toplevel [3ms]
2025-05-07 20:56:29.961 [info] > git add -A -- . [54ms]
2025-05-07 20:56:30.025 [info] > git -c user.useConfigOnly=true commit --quiet --allow-empty-message --file - [60ms]
2025-05-07 20:56:30.032 [info] > git config --get commit.template [4ms]
2025-05-07 20:56:30.041 [info] > git config --get commit.template [5ms]
2025-05-07 20:56:30.051 [info] > git for-each-ref --format=%(refname)%00%(upstream:short)%00%(objectname)%00%(upstream:track)%00%(upstream:remotename)%00%(upstream:remoteref) refs/heads/main refs/remotes/main [11ms]
2025-05-07 20:56:30.054 [warning] [Git][revParse] Unable to read file: ENOENT: no such file or directory, open '/home/hwlee4/ICS45C/HW5/.git/refs/remotes/origin/main'
2025-05-07 20:56:30.058 [info] > git rev-parse refs/remotes/origin/main [4ms]
2025-05-07 20:56:30.072 [info] > git status -z -uall [11ms]
2025-05-07 20:56:30.072 [info] > git for-each-ref --sort -committerdate --format %(refname) %(objectname) %(*objectname) [7ms]
2025-05-07 20:56:30.086 [info] > git merge-base refs/heads/main refs/remotes/origin/main [6ms]
2025-05-07 20:56:30.095 [info] > git diff --name-status -z --diff-filter=ADMR d0a059e7c06d144c096e7125869f4d4e5fba9efd...refs/remotes/origin/main [5ms]
2025-05-07 20:56:30.276 [info] > git config --get commit.template [3ms]
2025-05-07 20:56:30.283 [info] > git for-each-ref --format=%(refname)%00%(upstream:short)%00%(objectname)%00%(upstream:track)%00%(upstream:remotename)%00%(upstream:remoteref) refs/heads/main refs/remotes/main [7ms]
2025-05-07 20:56:30.286 [warning] [Git][revParse] Unable to read file: ENOENT: no such file or directory, open '/home/hwlee4/ICS45C/HW5/.git/refs/remotes/origin/main'
2025-05-07 20:56:30.289 [info] > git rev-parse refs/remotes/origin/main [3ms]
2025-05-07 20:56:30.302 [info] > git status -z -uall [10ms]
2025-05-07 20:56:30.303 [info] > git for-each-ref --sort -committerdate --format %(refname) %(objectname) %(*objectname) [7ms]
2025-05-07 20:56:31.371 [info] > git config --get commit.template [4ms]
2025-05-07 20:56:31.379 [info] > git for-each-ref --format=%(refname)%00%(upstream:short)%00%(objectname)%00%(upstream:track)%00%(upstream:remotename)%00%(upstream:remoteref) refs/heads/main refs/remotes/main [9ms]
2025-05-07 20:56:31.381 [warning] [Git][revParse] Unable to read file: ENOENT: no such file or directory, open '/home/hwlee4/ICS45C/HW5/.git/refs/remotes/origin/main'
2025-05-07 20:56:31.385 [info] > git rev-parse refs/remotes/origin/main [4ms]
2025-05-07 20:56:31.392 [info] > git log --oneline --cherry main...main@{upstream} -- [15ms]
2025-05-07 20:56:31.399 [info] > git status -z -uall [11ms]
2025-05-07 20:56:31.399 [info] > git for-each-ref --sort -committerdate --format %(refname) %(objectname) %(*objectname) [7ms]
2025-05-07 20:56:31.775 [info] > git ls-files --stage -- /home/hwlee4/ICS45C/HW5/src/string.cpp [3ms]
2025-05-07 20:56:31.786 [info] > git cat-file -s a7c523af7a8210a24049cce6b7358c3d075e6557 [8ms]
2025-05-07 20:56:31.907 [info] > git show --textconv :src/string.cpp [7ms]
2025-05-07 20:56:32.614 [info] > git pull --tags origin main [1218ms]
2025-05-07 20:56:32.614 [info] From github.com:klefstad-teaching/ics-45c-hw5-hwlee4
 * branch            main       -> FETCH_HEAD
2025-05-07 20:56:33.917 [info] > git ls-files --stage -- /home/hwlee4/ICS45C/HW5/src/string.cpp [3ms]
2025-05-07 20:56:33.925 [info] > git cat-file -s a7c523af7a8210a24049cce6b7358c3d075e6557 [6ms]
2025-05-07 20:56:33.975 [info] > git show --textconv :src/string.cpp [6ms]
2025-05-07 20:56:34.179 [info] > git push origin main:main [1562ms]
2025-05-07 20:56:34.179 [info] To github.com:klefstad-teaching/ics-45c-hw5-hwlee4.git
   d0a059e..ecec073  main -> main
2025-05-07 20:56:34.186 [info] > git config --get commit.template [3ms]
2025-05-07 20:56:34.193 [info] > git for-each-ref --format=%(refname)%00%(upstream:short)%00%(objectname)%00%(upstream:track)%00%(upstream:remotename)%00%(upstream:remoteref) refs/heads/main refs/remotes/main [8ms]
2025-05-07 20:56:34.206 [info] > git status -z -uall [10ms]
2025-05-07 20:56:34.206 [info] > git for-each-ref --sort -committerdate --format %(refname) %(objectname) %(*objectname) [8ms]
2025-05-07 20:56:34.219 [info] > git merge-base refs/heads/main refs/remotes/origin/main [6ms]
2025-05-07 20:56:34.230 [info] > git diff --name-status -z --diff-filter=ADMR ecec0733e107955d1163859121ffe13357fd41f4...refs/remotes/origin/main [9ms]
2025-05-07 20:56:35.412 [info] > git ls-files --stage -- /home/hwlee4/ICS45C/HW5/src/string.cpp [4ms]
2025-05-07 20:56:35.419 [info] > git cat-file -s a7c523af7a8210a24049cce6b7358c3d075e6557 [5ms]
2025-05-07 20:56:35.472 [info] > git show --textconv :src/string.cpp [6ms]
2025-05-07 20:56:36.409 [info] > git config --get commit.template [4ms]
2025-05-07 20:56:36.417 [info] > git for-each-ref --format=%(refname)%00%(upstream:short)%00%(objectname)%00%(upstream:track)%00%(upstream:remotename)%00%(upstream:remoteref) refs/heads/main refs/remotes/main [8ms]
2025-05-07 20:56:36.430 [info] > git status -z -uall [10ms]
2025-05-07 20:56:36.430 [info] > git for-each-ref --sort -committerdate --format %(refname) %(objectname) %(*objectname) [8ms]
2025-05-07 20:56:38.712 [info] > git ls-files --stage -- /home/hwlee4/ICS45C/HW5/src/string.cpp [3ms]
2025-05-07 20:56:38.720 [info] > git cat-file -s a7c523af7a8210a24049cce6b7358c3d075e6557 [6ms]
2025-05-07 20:56:38.762 [info] > git show --textconv :src/string.cpp [6ms]
2025-05-07 20:56:41.440 [info] > git config --get commit.template [3ms]
2025-05-07 20:56:41.447 [info] > git for-each-ref --format=%(refname)%00%(upstream:short)%00%(objectname)%00%(upstream:track)%00%(upstream:remotename)%00%(upstream:remoteref) refs/heads/main refs/remotes/main [8ms]
2025-05-07 20:56:41.460 [info] > git status -z -uall [10ms]
2025-05-07 20:56:41.460 [info] > git for-each-ref --sort -committerdate --format %(refname) %(objectname) %(*objectname) [8ms]
2025-05-07 20:56:50.309 [info] > git config --get commit.template [3ms]
2025-05-07 20:56:50.318 [info] > git for-each-ref --format=%(refname)%00%(upstream:short)%00%(objectname)%00%(upstream:track)%00%(upstream:remotename)%00%(upstream:remoteref) refs/heads/main refs/remotes/main [10ms]
2025-05-07 20:56:50.332 [info] > git status -z -uall [11ms]
2025-05-07 20:56:50.333 [info] > git for-each-ref --sort -committerdate --format %(refname) %(objectname) %(*objectname) [10ms]
2025-05-07 20:56:55.344 [info] > git config --get commit.template [3ms]
2025-05-07 20:56:55.351 [info] > git for-each-ref --format=%(refname)%00%(upstream:short)%00%(objectname)%00%(upstream:track)%00%(upstream:remotename)%00%(upstream:remoteref) refs/heads/main refs/remotes/main [8ms]
2025-05-07 20:56:55.364 [info] > git status -z -uall [10ms]
2025-05-07 20:56:55.364 [info] > git for-each-ref --sort -committerdate --format %(refname) %(objectname) %(*objectname) [8ms]
2025-05-07 20:58:03.573 [info] > git config --get commit.template [4ms]
2025-05-07 20:58:03.582 [info] > git for-each-ref --format=%(refname)%00%(upstream:short)%00%(objectname)%00%(upstream:track)%00%(upstream:remotename)%00%(upstream:remoteref) refs/heads/main refs/remotes/main [10ms]
2025-05-07 20:58:03.597 [info] > git for-each-ref --sort -committerdate --format %(refname) %(objectname) %(*objectname) [9ms]
2025-05-07 20:58:03.600 [info] > git status -z -uall [15ms]
2025-05-07 20:58:08.610 [info] > git config --get commit.template [4ms]
2025-05-07 20:58:08.617 [info] > git for-each-ref --format=%(refname)%00%(upstream:short)%00%(objectname)%00%(upstream:track)%00%(upstream:remotename)%00%(upstream:remoteref) refs/heads/main refs/remotes/main [8ms]
2025-05-07 20:58:08.630 [info] > git status -z -uall [10ms]
2025-05-07 20:58:08.630 [info] > git for-each-ref --sort -committerdate --format %(refname) %(objectname) %(*objectname) [8ms]
2025-05-07 21:05:33.925 [info] > git ls-files --stage -- /home/hwlee4/ICS45C/HW5/src/standard_main.cpp [3ms]
2025-05-07 21:05:33.928 [info] > git show --textconv :src/standard_main.cpp [10ms]
2025-05-07 21:05:33.932 [info] > git cat-file -s c8c961a393465df9017f662f52385ddf89da0338 [5ms]
2025-05-07 21:05:42.077 [info] > git config --get commit.template [5ms]
2025-05-07 21:05:42.085 [info] > git for-each-ref --format=%(refname)%00%(upstream:short)%00%(objectname)%00%(upstream:track)%00%(upstream:remotename)%00%(upstream:remoteref) refs/heads/main refs/remotes/main [9ms]
2025-05-07 21:05:42.100 [info] > git for-each-ref --sort -committerdate --format %(refname) %(objectname) %(*objectname) [8ms]
2025-05-07 21:05:42.103 [info] > git status -z -uall [15ms]
2025-05-07 21:06:58.132 [info] > git ls-files --stage -- /home/hwlee4/ICS45C/HW5/src/list.hpp [4ms]
2025-05-07 21:06:58.135 [info] > git show --textconv :src/list.hpp [10ms]
2025-05-07 21:06:58.142 [info] > git cat-file -s ce10a7bfd0bc09c852b4a70373b1f9d1734e8294 [7ms]
2025-05-07 21:06:59.823 [info] > git show --textconv :src/list.cpp [8ms]
2025-05-07 21:06:59.823 [info] > git ls-files --stage -- /home/hwlee4/ICS45C/HW5/src/list.cpp [4ms]
2025-05-07 21:06:59.832 [info] > git cat-file -s 9693aa41ed9f0262a74ab09c1f3cfc3162bc3741 [7ms]
2025-05-07 21:07:04.519 [info] > git show --textconv :src/standard_main.cpp [6ms]
2025-05-07 21:07:04.521 [info] > git ls-files --stage -- /home/hwlee4/ICS45C/HW5/src/standard_main.cpp [5ms]
2025-05-07 21:07:04.530 [info] > git cat-file -s c8c961a393465df9017f662f52385ddf89da0338 [6ms]
2025-05-07 21:07:06.779 [info] > git show --textconv :src/string.cpp [6ms]
2025-05-07 21:07:06.779 [info] > git ls-files --stage -- /home/hwlee4/ICS45C/HW5/src/string.cpp [4ms]
2025-05-07 21:07:06.786 [info] > git cat-file -s a7c523af7a8210a24049cce6b7358c3d075e6557 [5ms]
2025-05-07 21:07:34.373 [info] > git check-ignore -v -z --stdin [5ms]
2025-05-07 21:07:49.080 [info] > git config --get commit.template [4ms]
2025-05-07 21:07:49.088 [info] > git for-each-ref --format=%(refname)%00%(upstream:short)%00%(objectname)%00%(upstream:track)%00%(upstream:remotename)%00%(upstream:remoteref) refs/heads/main refs/remotes/main [9ms]
2025-05-07 21:07:49.103 [info] > git for-each-ref --sort -committerdate --format %(refname) %(objectname) %(*objectname) [9ms]
2025-05-07 21:07:49.106 [info] > git status -z -uall [15ms]
2025-05-07 21:08:40.951 [info] > git ls-files --stage -- /home/hwlee4/ICS45C/HW5/src/list.cpp [4ms]
2025-05-07 21:08:40.954 [info] > git show --textconv :src/list.cpp [10ms]
2025-05-07 21:08:40.959 [info] > git cat-file -s 9693aa41ed9f0262a74ab09c1f3cfc3162bc3741 [5ms]
2025-05-07 21:08:41.984 [info] > git show --textconv :src/string.hpp [7ms]
2025-05-07 21:08:41.984 [info] > git ls-files --stage -- /home/hwlee4/ICS45C/HW5/src/string.hpp [4ms]
2025-05-07 21:08:41.994 [info] > git cat-file -s 36fb8280edaea02b82853059abe92a638bae27f9 [7ms]
2025-05-07 21:08:44.171 [info] > git show --textconv :src/list.cpp [5ms]
2025-05-07 21:08:44.174 [info] > git ls-files --stage -- /home/hwlee4/ICS45C/HW5/src/list.cpp [4ms]
2025-05-07 21:08:44.181 [info] > git cat-file -s 9693aa41ed9f0262a74ab09c1f3cfc3162bc3741 [5ms]
2025-05-07 21:08:56.627 [info] > git config --get commit.template [2ms]
2025-05-07 21:08:56.635 [info] > git for-each-ref --format=%(refname)%00%(upstream:short)%00%(objectname)%00%(upstream:track)%00%(upstream:remotename)%00%(upstream:remoteref) refs/heads/main refs/remotes/main [9ms]
2025-05-07 21:08:56.651 [info] > git for-each-ref --sort -committerdate --format %(refname) %(objectname) %(*objectname) [9ms]
2025-05-07 21:08:56.653 [info] > git status -z -uall [15ms]
2025-05-07 21:09:01.663 [info] > git config --get commit.template [3ms]
2025-05-07 21:09:01.670 [info] > git for-each-ref --format=%(refname)%00%(upstream:short)%00%(objectname)%00%(upstream:track)%00%(upstream:remotename)%00%(upstream:remoteref) refs/heads/main refs/remotes/main [7ms]
2025-05-07 21:09:01.683 [info] > git status -z -uall [10ms]
2025-05-07 21:09:01.684 [info] > git for-each-ref --sort -committerdate --format %(refname) %(objectname) %(*objectname) [8ms]
2025-05-07 21:09:09.511 [info] > git add -A -- . [30ms]
2025-05-07 21:09:09.569 [info] > git -c user.useConfigOnly=true commit --quiet --allow-empty-message --file - [55ms]
2025-05-07 21:09:09.576 [info] > git config --get commit.template [3ms]
2025-05-07 21:09:09.585 [info] > git config --get commit.template [4ms]
2025-05-07 21:09:09.597 [info] > git for-each-ref --format=%(refname)%00%(upstream:short)%00%(objectname)%00%(upstream:track)%00%(upstream:remotename)%00%(upstream:remoteref) refs/heads/main refs/remotes/main [13ms]
2025-05-07 21:09:09.611 [info] > git status -z -uall [11ms]
2025-05-07 21:09:09.612 [info] > git for-each-ref --sort -committerdate --format %(refname) %(objectname) %(*objectname) [8ms]
2025-05-07 21:09:09.625 [info] > git merge-base refs/heads/main refs/remotes/origin/main [8ms]
2025-05-07 21:09:09.634 [info] > git diff --name-status -z --diff-filter=ADMR ecec0733e107955d1163859121ffe13357fd41f4...refs/remotes/origin/main [7ms]
2025-05-07 21:09:09.921 [info] > git config --get commit.template [4ms]
2025-05-07 21:09:09.930 [info] > git for-each-ref --format=%(refname)%00%(upstream:short)%00%(objectname)%00%(upstream:track)%00%(upstream:remotename)%00%(upstream:remoteref) refs/heads/main refs/remotes/main [9ms]
2025-05-07 21:09:09.943 [info] > git status -z -uall [10ms]
2025-05-07 21:09:09.943 [info] > git for-each-ref --sort -committerdate --format %(refname) %(objectname) %(*objectname) [8ms]
2025-05-07 21:09:11.074 [info] > git ls-files --stage -- /home/hwlee4/ICS45C/HW5/src/list.cpp [4ms]
2025-05-07 21:09:11.084 [info] > git cat-file -s d94f0fa390003554fc432a9780aa23369974ce5f [8ms]
2025-05-07 21:09:11.124 [info] > git show --textconv :src/list.cpp [7ms]
2025-05-07 21:09:12.489 [info] > git add -A -- . [8ms]
2025-05-07 21:09:12.511 [info] > git -c user.useConfigOnly=true commit --quiet --allow-empty-message --file - [19ms]
2025-05-07 21:09:12.517 [info] > git config --get-all user.name [4ms]
2025-05-07 21:09:12.523 [info] > git config --get-all user.email [4ms]
2025-05-07 21:09:12.529 [info] > git config --get commit.template [4ms]
2025-05-07 21:09:12.537 [info] > git for-each-ref --format=%(refname)%00%(upstream:short)%00%(objectname)%00%(upstream:track)%00%(upstream:remotename)%00%(upstream:remoteref) refs/heads/main refs/remotes/main [9ms]
2025-05-07 21:09:12.550 [info] > git status -z -uall [11ms]
2025-05-07 21:09:12.550 [info] > git for-each-ref --sort -committerdate --format %(refname) %(objectname) %(*objectname) [8ms]
2025-05-07 21:09:13.830 [info] > git config --get commit.template [4ms]
2025-05-07 21:09:13.838 [info] > git for-each-ref --format=%(refname)%00%(upstream:short)%00%(objectname)%00%(upstream:track)%00%(upstream:remotename)%00%(upstream:remoteref) refs/heads/main refs/remotes/main [9ms]
2025-05-07 21:09:13.852 [info] > git status -z -uall [11ms]
2025-05-07 21:09:13.852 [info] > git for-each-ref --sort -committerdate --format %(refname) %(objectname) %(*objectname) [8ms]
2025-05-07 21:09:13.979 [info] > git ls-files --stage -- /home/hwlee4/ICS45C/HW5/src/list.cpp [4ms]
2025-05-07 21:09:13.987 [info] > git cat-file -s d94f0fa390003554fc432a9780aa23369974ce5f [6ms]
2025-05-07 21:09:14.022 [info] > git show --textconv :src/list.cpp [6ms]
2025-05-07 21:09:21.838 [info] > git log --oneline --cherry main...main@{upstream} -- [7ms]
2025-05-07 21:09:23.174 [info] > git ls-files --stage -- /home/hwlee4/ICS45C/HW5/src/list.cpp [3ms]
2025-05-07 21:09:23.181 [info] > git cat-file -s d94f0fa390003554fc432a9780aa23369974ce5f [5ms]
2025-05-07 21:09:23.203 [info] > git pull --tags origin main [1363ms]
2025-05-07 21:09:23.203 [info] From github.com:klefstad-teaching/ics-45c-hw5-hwlee4
 * branch            main       -> FETCH_HEAD
2025-05-07 21:09:23.274 [info] > git show --textconv :src/list.cpp [5ms]
2025-05-07 21:09:24.491 [info] > git ls-files --stage -- /home/hwlee4/ICS45C/HW5/src/list.cpp [4ms]
2025-05-07 21:09:24.499 [info] > git cat-file -s d94f0fa390003554fc432a9780aa23369974ce5f [5ms]
2025-05-07 21:09:24.566 [info] > git show --textconv :src/list.cpp [7ms]
2025-05-07 21:09:24.624 [info] > git push origin main:main [1417ms]
2025-05-07 21:09:24.624 [info] To github.com:klefstad-teaching/ics-45c-hw5-hwlee4.git
   ecec073..2dd5472  main -> main
2025-05-07 21:09:24.631 [info] > git config --get commit.template [4ms]
2025-05-07 21:09:24.638 [info] > git for-each-ref --format=%(refname)%00%(upstream:short)%00%(objectname)%00%(upstream:track)%00%(upstream:remotename)%00%(upstream:remoteref) refs/heads/main refs/remotes/main [8ms]
2025-05-07 21:09:24.651 [info] > git status -z -uall [10ms]
2025-05-07 21:09:24.653 [info] > git for-each-ref --sort -committerdate --format %(refname) %(objectname) %(*objectname) [9ms]
2025-05-07 21:09:24.666 [info] > git merge-base refs/heads/main refs/remotes/origin/main [6ms]
2025-05-07 21:09:24.675 [info] > git diff --name-status -z --diff-filter=ADMR 2dd5472d2058d7c169a2fc6d71dae2e3384917e4...refs/remotes/origin/main [7ms]
2025-05-07 21:09:25.938 [info] > git config --get commit.template [3ms]
2025-05-07 21:09:25.945 [info] > git for-each-ref --format=%(refname)%00%(upstream:short)%00%(objectname)%00%(upstream:track)%00%(upstream:remotename)%00%(upstream:remoteref) refs/heads/main refs/remotes/main [8ms]
2025-05-07 21:09:25.959 [info] > git status -z -uall [11ms]
2025-05-07 21:09:25.959 [info] > git for-each-ref --sort -committerdate --format %(refname) %(objectname) %(*objectname) [9ms]
2025-05-07 21:09:26.121 [info] > git ls-files --stage -- /home/hwlee4/ICS45C/HW5/src/list.cpp [4ms]
2025-05-07 21:09:26.129 [info] > git cat-file -s d94f0fa390003554fc432a9780aa23369974ce5f [6ms]
2025-05-07 21:09:26.191 [info] > git show --textconv :src/list.cpp [7ms]
2025-05-07 21:12:37.227 [info] > git ls-files --stage -- /home/hwlee4/ICS45C/HW5/src/alloc.cpp [3ms]
2025-05-07 21:12:37.231 [info] > git show --textconv :src/alloc.cpp [10ms]
2025-05-07 21:12:37.236 [info] > git cat-file -s a2325e133803de1cab419aab5bfd31f5fda99c83 [5ms]
2025-05-07 21:13:02.880 [info] > git show --textconv :src/alloc.hpp [5ms]
2025-05-07 21:13:02.882 [info] > git ls-files --stage -- /home/hwlee4/ICS45C/HW5/src/alloc.hpp [4ms]
2025-05-07 21:13:02.889 [info] > git cat-file -s 68fee38907028f8369b66de8962ed70fa0a96c55 [5ms]
2025-05-07 21:13:13.933 [info] > git ls-files --stage -- /home/hwlee4/ICS45C/HW5/src/list.cpp [4ms]
2025-05-07 21:13:13.935 [info] > git show --textconv :src/list.cpp [8ms]
2025-05-07 21:13:13.940 [info] > git cat-file -s d94f0fa390003554fc432a9780aa23369974ce5f [5ms]
2025-05-07 21:13:30.747 [info] > git show --textconv :src/list.hpp [7ms]
2025-05-07 21:13:30.748 [info] > git ls-files --stage -- /home/hwlee4/ICS45C/HW5/src/list.hpp [4ms]
2025-05-07 21:13:30.757 [info] > git cat-file -s ce10a7bfd0bc09c852b4a70373b1f9d1734e8294 [6ms]
2025-05-07 21:13:46.897 [info] > git ls-files --stage -- /home/hwlee4/ICS45C/HW5/src/standard_main.cpp [4ms]
2025-05-07 21:13:46.899 [info] > git show --textconv :src/standard_main.cpp [9ms]
2025-05-07 21:13:46.906 [info] > git cat-file -s 6accbc369fefb0ba27e01560b6169b0f3e0a56c1 [7ms]
2025-05-07 21:13:59.194 [info] > git show --textconv :src/string.cpp [6ms]
2025-05-07 21:13:59.195 [info] > git ls-files --stage -- /home/hwlee4/ICS45C/HW5/src/string.cpp [4ms]
2025-05-07 21:13:59.204 [info] > git cat-file -s d5373b6da1197359e7f2b26c36bcc7d584751a91 [6ms]
2025-05-07 21:14:10.929 [info] > git ls-files --stage -- /home/hwlee4/ICS45C/HW5/src/string.hpp [3ms]
2025-05-07 21:14:10.931 [info] > git show --textconv :src/string.hpp [7ms]
2025-05-07 21:14:10.936 [info] > git cat-file -s 36fb8280edaea02b82853059abe92a638bae27f9 [5ms]
2025-05-07 21:16:15.083 [info] > git ls-files --stage -- /home/hwlee4/ICS45C/HW5/src/list.cpp [4ms]
2025-05-07 21:16:15.086 [info] > git show --textconv :src/list.cpp [10ms]
2025-05-07 21:16:15.091 [info] > git cat-file -s d94f0fa390003554fc432a9780aa23369974ce5f [5ms]
2025-05-07 21:16:26.204 [info] > git ls-files --stage -- /home/hwlee4/ICS45C/HW5/src/string.cpp [3ms]
2025-05-07 21:16:26.208 [info] > git show --textconv :src/string.cpp [11ms]
2025-05-07 21:16:26.213 [info] > git cat-file -s d5373b6da1197359e7f2b26c36bcc7d584751a91 [6ms]
2025-05-07 21:17:08.451 [info] > git config --get commit.template [4ms]
2025-05-07 21:17:08.459 [info] > git for-each-ref --format=%(refname)%00%(upstream:short)%00%(objectname)%00%(upstream:track)%00%(upstream:remotename)%00%(upstream:remoteref) refs/heads/main refs/remotes/main [9ms]
2025-05-07 21:17:08.473 [info] > git for-each-ref --sort -committerdate --format %(refname) %(objectname) %(*objectname) [8ms]
2025-05-07 21:17:08.477 [info] > git status -z -uall [15ms]
2025-05-07 21:17:13.490 [info] > git config --get commit.template [3ms]
2025-05-07 21:17:13.498 [info] > git for-each-ref --format=%(refname)%00%(upstream:short)%00%(objectname)%00%(upstream:track)%00%(upstream:remotename)%00%(upstream:remoteref) refs/heads/main refs/remotes/main [8ms]
2025-05-07 21:17:13.511 [info] > git status -z -uall [10ms]
2025-05-07 21:17:13.512 [info] > git for-each-ref --sort -committerdate --format %(refname) %(objectname) %(*objectname) [9ms]
2025-05-07 21:17:21.397 [info] > git add -A -- . [19ms]
2025-05-07 21:17:21.461 [info] > git -c user.useConfigOnly=true commit --quiet --allow-empty-message --file - [61ms]
2025-05-07 21:17:21.467 [info] > git config --get commit.template [3ms]
2025-05-07 21:17:21.475 [info] > git config --get commit.template [4ms]
2025-05-07 21:17:21.489 [info] > git for-each-ref --format=%(refname)%00%(upstream:short)%00%(objectname)%00%(upstream:track)%00%(upstream:remotename)%00%(upstream:remoteref) refs/heads/main refs/remotes/main [13ms]
2025-05-07 21:17:21.503 [info] > git status -z -uall [11ms]
2025-05-07 21:17:21.503 [info] > git for-each-ref --sort -committerdate --format %(refname) %(objectname) %(*objectname) [8ms]
2025-05-07 21:17:21.517 [info] > git merge-base refs/heads/main refs/remotes/origin/main [7ms]
2025-05-07 21:17:21.527 [info] > git diff --name-status -z --diff-filter=ADMR 2dd5472d2058d7c169a2fc6d71dae2e3384917e4...refs/remotes/origin/main [6ms]
2025-05-07 21:17:21.726 [info] > git config --get commit.template [4ms]
2025-05-07 21:17:21.735 [info] > git for-each-ref --format=%(refname)%00%(upstream:short)%00%(objectname)%00%(upstream:track)%00%(upstream:remotename)%00%(upstream:remoteref) refs/heads/main refs/remotes/main [9ms]
2025-05-07 21:17:21.750 [info] > git status -z -uall [10ms]
2025-05-07 21:17:21.751 [info] > git for-each-ref --sort -committerdate --format %(refname) %(objectname) %(*objectname) [9ms]
2025-05-07 21:17:22.442 [info] > git log --oneline --cherry main...main@{upstream} -- [9ms]
2025-05-07 21:17:23.739 [info] > git ls-files --stage -- /home/hwlee4/ICS45C/HW5/src/string.cpp [3ms]
2025-05-07 21:17:23.750 [info] > git cat-file -s 5594867046d51b19379fa88f612cf8bf02ded41c [8ms]
2025-05-07 21:17:23.834 [info] > git show --textconv :src/string.cpp [7ms]
2025-05-07 21:17:23.877 [info] > git pull --tags origin main [1430ms]
2025-05-07 21:17:23.878 [info] From github.com:klefstad-teaching/ics-45c-hw5-hwlee4
 * branch            main       -> FETCH_HEAD
2025-05-07 21:17:25.513 [info] > git push origin main:main [1633ms]
2025-05-07 21:17:25.513 [info] To github.com:klefstad-teaching/ics-45c-hw5-hwlee4.git
   2dd5472..d44866c  main -> main
2025-05-07 21:17:25.521 [info] > git config --get commit.template [4ms]
2025-05-07 21:17:25.528 [info] > git for-each-ref --format=%(refname)%00%(upstream:short)%00%(objectname)%00%(upstream:track)%00%(upstream:remotename)%00%(upstream:remoteref) refs/heads/main refs/remotes/main [9ms]
2025-05-07 21:17:25.547 [info] > git status -z -uall [14ms]
2025-05-07 21:17:25.547 [info] > git for-each-ref --sort -committerdate --format %(refname) %(objectname) %(*objectname) [10ms]
2025-05-07 21:17:25.567 [info] > git merge-base refs/heads/main refs/remotes/origin/main [8ms]
2025-05-07 21:17:25.585 [info] > git diff --name-status -z --diff-filter=ADMR d44866c55c07f8de008e0d140f7eb972c876b007...refs/remotes/origin/main [8ms]
2025-05-07 21:17:25.598 [info] > git ls-files --stage -- /home/hwlee4/ICS45C/HW5/src/string.cpp [4ms]
2025-05-07 21:17:25.606 [info] > git cat-file -s 5594867046d51b19379fa88f612cf8bf02ded41c [5ms]
2025-05-07 21:17:25.830 [info] > git show --textconv :src/string.cpp [9ms]
2025-05-07 21:18:56.933 [info] > git config --get commit.template [5ms]
2025-05-07 21:18:56.942 [info] > git for-each-ref --format=%(refname)%00%(upstream:short)%00%(objectname)%00%(upstream:track)%00%(upstream:remotename)%00%(upstream:remoteref) refs/heads/main refs/remotes/main [10ms]
2025-05-07 21:18:56.957 [info] > git for-each-ref --sort -committerdate --format %(refname) %(objectname) %(*objectname) [9ms]
2025-05-07 21:18:56.962 [info] > git status -z -uall [16ms]
2025-05-07 21:18:57.043 [info] > git ls-files --stage -- /home/hwlee4/ICS45C/HW5/src/string.cpp [5ms]
2025-05-07 21:18:57.052 [info] > git cat-file -s 5594867046d51b19379fa88f612cf8bf02ded41c [6ms]
2025-05-07 21:18:57.106 [info] > git show --textconv :src/string.cpp [6ms]
2025-05-07 21:19:02.991 [info] > git show --textconv :gtest/student_gtests.cpp [5ms]
2025-05-07 21:19:02.991 [info] > git ls-files --stage -- /home/hwlee4/ICS45C/HW5/gtest/student_gtests.cpp [3ms]
2025-05-07 21:19:03.000 [info] > git cat-file -s 88066a96c41f746d354b38e78ffd629ab827b6a6 [7ms]
2025-05-07 21:23:19.688 [info] > git config --get commit.template [4ms]
2025-05-07 21:23:19.697 [info] > git for-each-ref --format=%(refname)%00%(upstream:short)%00%(objectname)%00%(upstream:track)%00%(upstream:remotename)%00%(upstream:remoteref) refs/heads/main refs/remotes/main [10ms]
2025-05-07 21:23:19.713 [info] > git for-each-ref --sort -committerdate --format %(refname) %(objectname) %(*objectname) [9ms]
2025-05-07 21:23:19.717 [info] > git status -z -uall [16ms]
2025-05-07 21:23:24.730 [info] > git config --get commit.template [4ms]
2025-05-07 21:23:24.738 [info] > git for-each-ref --format=%(refname)%00%(upstream:short)%00%(objectname)%00%(upstream:track)%00%(upstream:remotename)%00%(upstream:remoteref) refs/heads/main refs/remotes/main [8ms]
2025-05-07 21:23:24.752 [info] > git status -z -uall [11ms]
2025-05-07 21:23:24.753 [info] > git for-each-ref --sort -committerdate --format %(refname) %(objectname) %(*objectname) [9ms]
2025-05-07 21:23:29.766 [info] > git config --get commit.template [6ms]
2025-05-07 21:23:29.773 [info] > git for-each-ref --format=%(refname)%00%(upstream:short)%00%(objectname)%00%(upstream:track)%00%(upstream:remotename)%00%(upstream:remoteref) refs/heads/main refs/remotes/main [8ms]
2025-05-07 21:23:29.787 [info] > git status -z -uall [11ms]
2025-05-07 21:23:29.787 [info] > git for-each-ref --sort -committerdate --format %(refname) %(objectname) %(*objectname) [8ms]
2025-05-07 21:23:34.798 [info] > git config --get commit.template [4ms]
2025-05-07 21:23:34.805 [info] > git for-each-ref --format=%(refname)%00%(upstream:short)%00%(objectname)%00%(upstream:track)%00%(upstream:remotename)%00%(upstream:remoteref) refs/heads/main refs/remotes/main [8ms]
2025-05-07 21:23:34.818 [info] > git status -z -uall [11ms]
2025-05-07 21:23:34.818 [info] > git for-each-ref --sort -committerdate --format %(refname) %(objectname) %(*objectname) [8ms]
2025-05-07 21:23:39.827 [info] > git config --get commit.template [4ms]
2025-05-07 21:23:39.833 [info] > git for-each-ref --format=%(refname)%00%(upstream:short)%00%(objectname)%00%(upstream:track)%00%(upstream:remotename)%00%(upstream:remoteref) refs/heads/main refs/remotes/main [7ms]
2025-05-07 21:23:39.847 [info] > git status -z -uall [11ms]
2025-05-07 21:23:39.847 [info] > git for-each-ref --sort -committerdate --format %(refname) %(objectname) %(*objectname) [8ms]
2025-05-07 21:23:44.854 [info] > git config --get commit.template [2ms]
2025-05-07 21:23:44.862 [info] > git for-each-ref --format=%(refname)%00%(upstream:short)%00%(objectname)%00%(upstream:track)%00%(upstream:remotename)%00%(upstream:remoteref) refs/heads/main refs/remotes/main [8ms]
2025-05-07 21:23:44.874 [info] > git status -z -uall [10ms]
2025-05-07 21:23:44.875 [info] > git for-each-ref --sort -committerdate --format %(refname) %(objectname) %(*objectname) [8ms]
2025-05-07 21:23:53.092 [info] > git config --get commit.template [4ms]
2025-05-07 21:23:53.099 [info] > git for-each-ref --format=%(refname)%00%(upstream:short)%00%(objectname)%00%(upstream:track)%00%(upstream:remotename)%00%(upstream:remoteref) refs/heads/main refs/remotes/main [8ms]
2025-05-07 21:23:53.112 [info] > git status -z -uall [10ms]
2025-05-07 21:23:53.112 [info] > git for-each-ref --sort -committerdate --format %(refname) %(objectname) %(*objectname) [7ms]
2025-05-07 21:23:58.121 [info] > git config --get commit.template [3ms]
2025-05-07 21:23:58.129 [info] > git for-each-ref --format=%(refname)%00%(upstream:short)%00%(objectname)%00%(upstream:track)%00%(upstream:remotename)%00%(upstream:remoteref) refs/heads/main refs/remotes/main [8ms]
2025-05-07 21:23:58.142 [info] > git status -z -uall [10ms]
2025-05-07 21:23:58.142 [info] > git for-each-ref --sort -committerdate --format %(refname) %(objectname) %(*objectname) [8ms]
2025-05-07 21:24:08.142 [info] > git config --get commit.template [4ms]
2025-05-07 21:24:08.150 [info] > git for-each-ref --format=%(refname)%00%(upstream:short)%00%(objectname)%00%(upstream:track)%00%(upstream:remotename)%00%(upstream:remoteref) refs/heads/main refs/remotes/main [8ms]
2025-05-07 21:24:08.163 [info] > git status -z -uall [10ms]
2025-05-07 21:24:08.163 [info] > git for-each-ref --sort -committerdate --format %(refname) %(objectname) %(*objectname) [8ms]
2025-05-07 21:24:14.043 [info] > git config --get commit.template [4ms]
2025-05-07 21:24:14.050 [info] > git for-each-ref --format=%(refname)%00%(upstream:short)%00%(objectname)%00%(upstream:track)%00%(upstream:remotename)%00%(upstream:remoteref) refs/heads/main refs/remotes/main [8ms]
2025-05-07 21:24:14.064 [info] > git status -z -uall [10ms]
2025-05-07 21:24:14.064 [info] > git for-each-ref --sort -committerdate --format %(refname) %(objectname) %(*objectname) [8ms]
2025-05-07 21:24:19.073 [info] > git config --get commit.template [3ms]
2025-05-07 21:24:19.080 [info] > git for-each-ref --format=%(refname)%00%(upstream:short)%00%(objectname)%00%(upstream:track)%00%(upstream:remotename)%00%(upstream:remoteref) refs/heads/main refs/remotes/main [7ms]
2025-05-07 21:24:19.093 [info] > git status -z -uall [10ms]
2025-05-07 21:24:19.093 [info] > git for-each-ref --sort -committerdate --format %(refname) %(objectname) %(*objectname) [8ms]
2025-05-07 21:24:24.102 [info] > git config --get commit.template [3ms]
2025-05-07 21:24:24.110 [info] > git for-each-ref --format=%(refname)%00%(upstream:short)%00%(objectname)%00%(upstream:track)%00%(upstream:remotename)%00%(upstream:remoteref) refs/heads/main refs/remotes/main [9ms]
2025-05-07 21:24:24.124 [info] > git for-each-ref --sort -committerdate --format %(refname) %(objectname) %(*objectname) [9ms]
2025-05-07 21:24:24.127 [info] > git status -z -uall [14ms]
2025-05-07 21:24:29.137 [info] > git config --get commit.template [3ms]
2025-05-07 21:24:29.144 [info] > git for-each-ref --format=%(refname)%00%(upstream:short)%00%(objectname)%00%(upstream:track)%00%(upstream:remotename)%00%(upstream:remoteref) refs/heads/main refs/remotes/main [8ms]
2025-05-07 21:24:29.158 [info] > git status -z -uall [11ms]
2025-05-07 21:24:29.159 [info] > git for-each-ref --sort -committerdate --format %(refname) %(objectname) %(*objectname) [9ms]
2025-05-07 21:24:34.167 [info] > git config --get commit.template [3ms]
2025-05-07 21:24:34.175 [info] > git for-each-ref --format=%(refname)%00%(upstream:short)%00%(objectname)%00%(upstream:track)%00%(upstream:remotename)%00%(upstream:remoteref) refs/heads/main refs/remotes/main [8ms]
2025-05-07 21:24:34.188 [info] > git status -z -uall [11ms]
2025-05-07 21:24:34.188 [info] > git for-each-ref --sort -committerdate --format %(refname) %(objectname) %(*objectname) [8ms]
2025-05-07 21:24:39.197 [info] > git config --get commit.template [3ms]
2025-05-07 21:24:39.205 [info] > git for-each-ref --format=%(refname)%00%(upstream:short)%00%(objectname)%00%(upstream:track)%00%(upstream:remotename)%00%(upstream:remoteref) refs/heads/main refs/remotes/main [8ms]
2025-05-07 21:24:39.219 [info] > git status -z -uall [10ms]
2025-05-07 21:24:39.219 [info] > git for-each-ref --sort -committerdate --format %(refname) %(objectname) %(*objectname) [9ms]
2025-05-07 21:24:42.261 [info] > git add -A -- . [17ms]
2025-05-07 21:24:42.317 [info] > git -c user.useConfigOnly=true commit --quiet --allow-empty-message --file - [54ms]
2025-05-07 21:24:42.323 [info] > git config --get commit.template [4ms]
2025-05-07 21:24:42.329 [info] > git config --get commit.template [3ms]
2025-05-07 21:24:42.341 [info] > git for-each-ref --format=%(refname)%00%(upstream:short)%00%(objectname)%00%(upstream:track)%00%(upstream:remotename)%00%(upstream:remoteref) refs/heads/main refs/remotes/main [13ms]
2025-05-07 21:24:42.355 [info] > git status -z -uall [11ms]
2025-05-07 21:24:42.355 [info] > git for-each-ref --sort -committerdate --format %(refname) %(objectname) %(*objectname) [9ms]
2025-05-07 21:24:42.367 [info] > git merge-base refs/heads/main refs/remotes/origin/main [7ms]
2025-05-07 21:24:42.376 [info] > git diff --name-status -z --diff-filter=ADMR d44866c55c07f8de008e0d140f7eb972c876b007...refs/remotes/origin/main [6ms]
2025-05-07 21:24:42.487 [info] > git config --get commit.template [4ms]
2025-05-07 21:24:42.496 [info] > git for-each-ref --format=%(refname)%00%(upstream:short)%00%(objectname)%00%(upstream:track)%00%(upstream:remotename)%00%(upstream:remoteref) refs/heads/main refs/remotes/main [10ms]
2025-05-07 21:24:42.509 [info] > git status -z -uall [10ms]
2025-05-07 21:24:42.510 [info] > git for-each-ref --sort -committerdate --format %(refname) %(objectname) %(*objectname) [9ms]
2025-05-07 21:24:43.184 [info] > git log --oneline --cherry main...main@{upstream} -- [8ms]
2025-05-07 21:24:44.437 [info] > git ls-files --stage -- /home/hwlee4/ICS45C/HW5/gtest/student_gtests.cpp [3ms]
2025-05-07 21:24:44.450 [info] > git cat-file -s b19337a169cd56502ec2087d73fa49bc357dc5b3 [11ms]
2025-05-07 21:24:44.489 [info] > git show --textconv :gtest/student_gtests.cpp [7ms]
2025-05-07 21:24:44.773 [info] > git pull --tags origin main [1586ms]
2025-05-07 21:24:44.773 [info] From github.com:klefstad-teaching/ics-45c-hw5-hwlee4
 * branch            main       -> FETCH_HEAD
2025-05-07 21:24:46.102 [info] > git ls-files --stage -- /home/hwlee4/ICS45C/HW5/gtest/student_gtests.cpp [3ms]
2025-05-07 21:24:46.109 [info] > git cat-file -s b19337a169cd56502ec2087d73fa49bc357dc5b3 [5ms]
2025-05-07 21:24:46.198 [info] > git show --textconv :gtest/student_gtests.cpp [7ms]
2025-05-07 21:24:47.510 [info] > git push origin main:main [2734ms]
2025-05-07 21:24:47.510 [info] To github.com:klefstad-teaching/ics-45c-hw5-hwlee4.git
   d44866c..b451104  main -> main
2025-05-07 21:24:47.516 [info] > git config --get commit.template [3ms]
2025-05-07 21:24:47.525 [info] > git for-each-ref --format=%(refname)%00%(upstream:short)%00%(objectname)%00%(upstream:track)%00%(upstream:remotename)%00%(upstream:remoteref) refs/heads/main refs/remotes/main [10ms]
2025-05-07 21:24:47.540 [info] > git status -z -uall [12ms]
2025-05-07 21:24:47.541 [info] > git for-each-ref --sort -committerdate --format %(refname) %(objectname) %(*objectname) [11ms]
2025-05-07 21:24:47.553 [info] > git merge-base refs/heads/main refs/remotes/origin/main [6ms]
2025-05-07 21:24:47.555 [info] > git config --get commit.template [5ms]
2025-05-07 21:24:47.560 [info] > git for-each-ref --format=%(refname)%00%(upstream:short)%00%(objectname)%00%(upstream:track)%00%(upstream:remotename)%00%(upstream:remoteref) refs/heads/main refs/remotes/main [8ms]
2025-05-07 21:24:47.565 [info] > git diff --name-status -z --diff-filter=ADMR b451104ec2b07b39c17cd9240a01c9e94c0a7f69...refs/remotes/origin/main [10ms]
2025-05-07 21:24:47.573 [info] > git status -z -uall [11ms]
2025-05-07 21:24:47.573 [info] > git for-each-ref --sort -committerdate --format %(refname) %(objectname) %(*objectname) [8ms]
